pygame 1.9.6
Hello from the pygame community. https://www.pygame.org/contribute.html
Loading neural net from gameplay_neural_nets/127/2.nn
net = {'generation': 114,
 'inputs': [],
 'layers': [{'activation': 'sigmoid',
             'bias': [0.014002930923923015,
                      -0.01816049095466407,
                      -0.02386214694438426,
                      -0.0156368883057188,
                      -0.010819906717498594,
                      -0.04792374872250078,
                      0.020617261878761183,
                      -0.017017526320108417],
             'name': 'input',
             'neurons': [],
             'num_neurons': 8,
             'weights': [[0.35338314997233916,
                          0.4247469609808902,
                          0.07057055845235843,
                          0.10958785347832194,
                          0.07546077138814102,
                          0.0935659198847236,
                          0.07771001174137943,
                          0.08557977409400938,
                          0.07312857264261698,
                          0.07526891073412527],
                         [0.3863924998734772,
                          0.36876634081968573,
                          0.09043727428871559,
                          0.09338254973950705,
                          0.12841446541512036,
                          0.044774560570991134,
                          0.11897680563583114,
                          0.09790497645540976,
                          0.11974836764972073,
                          0.12280872764831653],
                         [0.3785291022939487,
                          0.4375629488231533,
                          0.08902245873561447,
                          0.05787175788376005,
                          0.11836762524356781,
                          0.1017859097373351,
                          0.10039728543469544,
                          0.11308541060053874,
                          0.08113365496398414,
                          0.0837055205964655],
                         [0.3610199532520729,
                          0.3922172552262507,
                          0.095480077307458,
                          0.12781039386587978,
                          0.05644314946299625,
                          0.06989026920818787,
                          0.08804584384184297,
                          0.13786165610270862,
                          0.11069959235697766,
                          0.11825381385864774],
                         [0.40445436261423956,
                          0.3909106536260167,
                          0.05971697056937529,
                          0.13606836760358226,
                          0.09896289350159382,
                          0.1625385494089261,
                          0.10905095388410523,
                          0.13648216382546516,
                          0.07826964188701965,
                          0.0630995123126669],
                         [0.3723558872527748,
                          0.4265964333511728,
                          0.08163901327775863,
                          0.07089907885422533,
                          0.11670592428546712,
                          0.0667892725335323,
                          0.12582690430375268,
                          0.12500520543643742,
                          0.1163573068497089,
                          0.10805380369129053],
                         [0.36872746363684783,
                          0.385444275319432,
                          0.11656999998313254,
                          0.048292237466895274,
                          0.10187416551973334,
                          0.12844783082430056,
                          0.09623124445229499,
                          0.09893730341651512,
                          0.10377221444329097,
                          0.0823276603442372],
                         [0.3838863277737458,
                          0.4274522873900301,
                          0.056148738029830864,
                          0.09394892304647441,
                          0.13715401986230233,
                          0.04740991065967968,
                          0.0779121863112512,
                          0.15949300650059303,
                          0.10016402381593709,
                          0.0600386736701146]]},
            {'activation': 'sigmoid',
             'bias': [-0.021467917436725645,
                      0.05924030936558055,
                      -0.008367201713314778,
                      -0.007625219877415374,
                      0.018529385001976803],
             'name': 'output',
             'neurons': [],
             'num_neurons': 5,
             'weights': [[0.06015381002113892,
                          0.10695149983621093,
                          0.10545104731538146,
                          0.04652800206124144,
                          0.11725983046236589,
                          0.1496095124048059,
                          0.13344058372170586,
                          0.10988538826237486],
                         [0.06366652154621648,
                          0.0808696928307593,
                          0.06675035610571661,
                          0.15861344237742503,
                          0.10004019934963843,
                          0.08562265323980282,
                          0.0691290927576401,
                          0.1941851687119858],
                         [0.12006897049777131,
                          0.07939152959986268,
                          0.1094848966959197,
                          0.07916441085219428,
                          0.08649987382502716,
                          0.11726247688894162,
                          0.14209770318837675,
                          0.07774900689543968],
                         [0.11651676520609965,
                          0.07931501084087333,
                          0.13757945092612126,
                          0.05959125942552958,
                          0.15944773735932724,
                          0.10013274073367363,
                          0.09727070691225294,
                          0.10304582008663855],
                         [0.12177929162128998,
                          0.09320732791612732,
                          0.13620873494861677,
                          0.037136465589216974,
                          0.16239688199890265,
                          0.10424309222382375,
                          0.10349271182765633,
                          0.09885182544997331],
                         [0.07952612221008347,
                          0.12481657691297803,
                          0.1335576054487295,
                          0.11001599511694339,
                          0.06608270448852158,
                          0.10410008834849048,
                          0.06785884204943855,
                          0.11080416240610697]]}]}
{'generation': 114,
 'inputs': [],
 'layers': [{'activation': 'sigmoid',
             'bias': [0.014002930923923015,
                      -0.01816049095466407,
                      -0.02386214694438426,
                      -0.0156368883057188,
                      -0.010819906717498594,
                      -0.04792374872250078,
                      0.020617261878761183,
                      -0.017017526320108417],
             'name': 'input',
             'neurons': [<gameplay.Neuron object at 0x7ff952fb5898>,
                         <gameplay.Neuron object at 0x7ff952fb5860>,
                         <gameplay.Neuron object at 0x7ff952fb5278>,
                         <gameplay.Neuron object at 0x7ff952fb5b38>,
                         <gameplay.Neuron object at 0x7ff952fb5be0>,
                         <gameplay.Neuron object at 0x7ff952fb5b70>,
                         <gameplay.Neuron object at 0x7ff952fb5cc0>,
                         <gameplay.Neuron object at 0x7ff952fb5c88>],
             'num_neurons': 8,
             'weights': [[0.35338314997233916,
                          0.4247469609808902,
                          0.07057055845235843,
                          0.10958785347832194,
                          0.07546077138814102,
                          0.0935659198847236,
                          0.07771001174137943,
                          0.08557977409400938,
                          0.07312857264261698,
                          0.07526891073412527],
                         [0.3863924998734772,
                          0.36876634081968573,
                          0.09043727428871559,
                          0.09338254973950705,
                          0.12841446541512036,
                          0.044774560570991134,
                          0.11897680563583114,
                          0.09790497645540976,
                          0.11974836764972073,
                          0.12280872764831653],
                         [0.3785291022939487,
                          0.4375629488231533,
                          0.08902245873561447,
                          0.05787175788376005,
                          0.11836762524356781,
                          0.1017859097373351,
                          0.10039728543469544,
                          0.11308541060053874,
                          0.08113365496398414,
                          0.0837055205964655],
                         [0.3610199532520729,
                          0.3922172552262507,
                          0.095480077307458,
                          0.12781039386587978,
                          0.05644314946299625,
                          0.06989026920818787,
                          0.08804584384184297,
                          0.13786165610270862,
                          0.11069959235697766,
                          0.11825381385864774],
                         [0.40445436261423956,
                          0.3909106536260167,
                          0.05971697056937529,
                          0.13606836760358226,
                          0.09896289350159382,
                          0.1625385494089261,
                          0.10905095388410523,
                          0.13648216382546516,
                          0.07826964188701965,
                          0.0630995123126669],
                         [0.3723558872527748,
                          0.4265964333511728,
                          0.08163901327775863,
                          0.07089907885422533,
                          0.11670592428546712,
                          0.0667892725335323,
                          0.12582690430375268,
                          0.12500520543643742,
                          0.1163573068497089,
                          0.10805380369129053],
                         [0.36872746363684783,
                          0.385444275319432,
                          0.11656999998313254,
                          0.048292237466895274,
                          0.10187416551973334,
                          0.12844783082430056,
                          0.09623124445229499,
                          0.09893730341651512,
                          0.10377221444329097,
                          0.0823276603442372],
                         [0.3838863277737458,
                          0.4274522873900301,
                          0.056148738029830864,
                          0.09394892304647441,
                          0.13715401986230233,
                          0.04740991065967968,
                          0.0779121863112512,
                          0.15949300650059303,
                          0.10016402381593709,
                          0.0600386736701146]]},
            {'activation': 'sigmoid',
             'bias': [-0.021467917436725645,
                      0.05924030936558055,
                      -0.008367201713314778,
                      -0.007625219877415374,
                      0.018529385001976803],
             'name': 'output',
             'neurons': [<gameplay.Neuron object at 0x7ff952fb5cf8>,
                         <gameplay.Neuron object at 0x7ff952fb5d30>,
                         <gameplay.Neuron object at 0x7ff952fb5da0>,
                         <gameplay.Neuron object at 0x7ff952fb5d68>,
                         <gameplay.Neuron object at 0x7ff952fb5dd8>],
             'num_neurons': 5,
             'weights': [[0.06015381002113892,
                          0.10695149983621093,
                          0.10545104731538146,
                          0.04652800206124144,
                          0.11725983046236589,
                          0.1496095124048059,
                          0.13344058372170586,
                          0.10988538826237486],
                         [0.06366652154621648,
                          0.0808696928307593,
                          0.06675035610571661,
                          0.15861344237742503,
                          0.10004019934963843,
                          0.08562265323980282,
                          0.0691290927576401,
                          0.1941851687119858],
                         [0.12006897049777131,
                          0.07939152959986268,
                          0.1094848966959197,
                          0.07916441085219428,
                          0.08649987382502716,
                          0.11726247688894162,
                          0.14209770318837675,
                          0.07774900689543968],
                         [0.11651676520609965,
                          0.07931501084087333,
                          0.13757945092612126,
                          0.05959125942552958,
                          0.15944773735932724,
                          0.10013274073367363,
                          0.09727070691225294,
                          0.10304582008663855],
                         [0.12177929162128998,
                          0.09320732791612732,
                          0.13620873494861677,
                          0.037136465589216974,
                          0.16239688199890265,
                          0.10424309222382375,
                          0.10349271182765633,
                          0.09885182544997331],
                         [0.07952612221008347,
                          0.12481657691297803,
                          0.1335576054487295,
                          0.11001599511694339,
                          0.06608270448852158,
                          0.10410008834849048,
                          0.06785884204943855,
                          0.11080416240610697]]}]}
load_tensorflow_graph: path = tensorflow/mario-model-simple-2019-07-17/frozen_inference_graph.pb
object_detection_graph = <tensorflow.python.framework.ops.Graph object at 0x7ff952fb5e80>
Doing start sequence
Sleeping one second
sending start
sending empty
Found black world screen for the second time. exiting.



Seconds left: 1
Moves to the right: 2
