pygame 1.9.6
Hello from the pygame community. https://www.pygame.org/contribute.html
Loading neural net from gameplay_neural_nets/127/3.nn
net = {'generation': 114,
 'inputs': [],
 'layers': [{'activation': 'sigmoid',
             'bias': [0.01649371958315784,
                      -0.01816049095466407,
                      -0.024674928141566386,
                      -0.024670038765291884,
                      -0.010819906717498594,
                      -0.0411855430895813,
                      0.020617261878761183,
                      -0.017017526320108417],
             'name': 'input',
             'neurons': [],
             'num_neurons': 8,
             'weights': [[0.35338314997233916,
                          0.4247469609808902,
                          0.07356484927786981,
                          0.10958785347832194,
                          0.07546077138814102,
                          0.0935659198847236,
                          0.07771001174137943,
                          0.08557977409400938,
                          0.0686343120486501,
                          0.08410049179984389],
                         [0.3863924998734772,
                          0.36876634081968573,
                          0.09043727428871559,
                          0.09338254973950705,
                          0.12127356020329375,
                          0.0461466975011658,
                          0.11897680563583114,
                          0.10177875463669488,
                          0.11974836764972073,
                          0.12280872764831653],
                         [0.3785291022939487,
                          0.4262691342266575,
                          0.08902245873561447,
                          0.05787175788376005,
                          0.11836762524356781,
                          0.1017859097373351,
                          0.10039728543469544,
                          0.11308541060053874,
                          0.08113365496398414,
                          0.0837055205964655],
                         [0.3701203595376569,
                          0.38882784269314746,
                          0.095480077307458,
                          0.12425830730160806,
                          0.05644314946299625,
                          0.06989026920818787,
                          0.08217322301687822,
                          0.13786165610270862,
                          0.11069959235697766,
                          0.11825381385864774],
                         [0.4014837456460254,
                          0.3877260014635799,
                          0.0660751229373225,
                          0.12657713466861054,
                          0.08946285903001755,
                          0.15576089506634846,
                          0.11410528039663026,
                          0.13648216382546516,
                          0.07894051681003644,
                          0.06844239613740852],
                         [0.3648381861595923,
                          0.4364653907234142,
                          0.08163901327775863,
                          0.07089907885422533,
                          0.11670592428546712,
                          0.0667892725335323,
                          0.1167290716470887,
                          0.11547699828070458,
                          0.10923178188613414,
                          0.10805380369129053],
                         [0.36872746363684783,
                          0.38146846131496853,
                          0.11656999998313254,
                          0.048292237466895274,
                          0.10187416551973334,
                          0.1269285665559032,
                          0.09623124445229499,
                          0.09893730341651512,
                          0.10377221444329097,
                          0.0823276603442372],
                         [0.38479218347160266,
                          0.432943108585987,
                          0.06418383285242163,
                          0.08542250716352025,
                          0.1331789476200571,
                          0.03187516443930629,
                          0.07507542481193374,
                          0.1680525625758621,
                          0.10016402381593709,
                          0.0600386736701146]]},
            {'activation': 'sigmoid',
             'bias': [-0.021467917436725645,
                      0.04937706751479689,
                      -0.008367201713314778,
                      -0.007625219877415374,
                      0.018529385001976803],
             'name': 'output',
             'neurons': [],
             'num_neurons': 5,
             'weights': [[0.06015381002113892,
                          0.10695149983621093,
                          0.09985329526953556,
                          0.04652800206124144,
                          0.11725983046236589,
                          0.1496095124048059,
                          0.13344058372170586,
                          0.10988538826237486],
                         [0.06366652154621648,
                          0.07313850309881109,
                          0.06675035610571661,
                          0.15861344237742503,
                          0.10004019934963843,
                          0.08562265323980282,
                          0.0720275044303242,
                          0.1941851687119858],
                         [0.12006897049777131,
                          0.07939152959986268,
                          0.1094848966959197,
                          0.07916441085219428,
                          0.08649987382502716,
                          0.1103516795012253,
                          0.1425808687141444,
                          0.07774900689543968],
                         [0.11651676520609965,
                          0.07931501084087333,
                          0.13153972763254,
                          0.05959125942552958,
                          0.15944773735932724,
                          0.10013274073367363,
                          0.09727070691225294,
                          0.10268076435948659],
                         [0.12177929162128998,
                          0.09320732791612732,
                          0.13620873494861677,
                          0.037136465589216974,
                          0.16239688199890265,
                          0.10904131552845427,
                          0.1030969168682545,
                          0.098064208560217],
                         [0.07952612221008347,
                          0.12481657691297803,
                          0.1335576054487295,
                          0.11001599511694339,
                          0.06608270448852158,
                          0.10318266694551924,
                          0.07108583510997359,
                          0.11080416240610697]]}]}
{'generation': 114,
 'inputs': [],
 'layers': [{'activation': 'sigmoid',
             'bias': [0.01649371958315784,
                      -0.01816049095466407,
                      -0.024674928141566386,
                      -0.024670038765291884,
                      -0.010819906717498594,
                      -0.0411855430895813,
                      0.020617261878761183,
                      -0.017017526320108417],
             'name': 'input',
             'neurons': [<gameplay.Neuron object at 0x7f2e29bd8898>,
                         <gameplay.Neuron object at 0x7f2e29bd8860>,
                         <gameplay.Neuron object at 0x7f2e29bd8278>,
                         <gameplay.Neuron object at 0x7f2e29bd8b38>,
                         <gameplay.Neuron object at 0x7f2e29bd8be0>,
                         <gameplay.Neuron object at 0x7f2e29bd8b70>,
                         <gameplay.Neuron object at 0x7f2e29bd8cc0>,
                         <gameplay.Neuron object at 0x7f2e29bd8c88>],
             'num_neurons': 8,
             'weights': [[0.35338314997233916,
                          0.4247469609808902,
                          0.07356484927786981,
                          0.10958785347832194,
                          0.07546077138814102,
                          0.0935659198847236,
                          0.07771001174137943,
                          0.08557977409400938,
                          0.0686343120486501,
                          0.08410049179984389],
                         [0.3863924998734772,
                          0.36876634081968573,
                          0.09043727428871559,
                          0.09338254973950705,
                          0.12127356020329375,
                          0.0461466975011658,
                          0.11897680563583114,
                          0.10177875463669488,
                          0.11974836764972073,
                          0.12280872764831653],
                         [0.3785291022939487,
                          0.4262691342266575,
                          0.08902245873561447,
                          0.05787175788376005,
                          0.11836762524356781,
                          0.1017859097373351,
                          0.10039728543469544,
                          0.11308541060053874,
                          0.08113365496398414,
                          0.0837055205964655],
                         [0.3701203595376569,
                          0.38882784269314746,
                          0.095480077307458,
                          0.12425830730160806,
                          0.05644314946299625,
                          0.06989026920818787,
                          0.08217322301687822,
                          0.13786165610270862,
                          0.11069959235697766,
                          0.11825381385864774],
                         [0.4014837456460254,
                          0.3877260014635799,
                          0.0660751229373225,
                          0.12657713466861054,
                          0.08946285903001755,
                          0.15576089506634846,
                          0.11410528039663026,
                          0.13648216382546516,
                          0.07894051681003644,
                          0.06844239613740852],
                         [0.3648381861595923,
                          0.4364653907234142,
                          0.08163901327775863,
                          0.07089907885422533,
                          0.11670592428546712,
                          0.0667892725335323,
                          0.1167290716470887,
                          0.11547699828070458,
                          0.10923178188613414,
                          0.10805380369129053],
                         [0.36872746363684783,
                          0.38146846131496853,
                          0.11656999998313254,
                          0.048292237466895274,
                          0.10187416551973334,
                          0.1269285665559032,
                          0.09623124445229499,
                          0.09893730341651512,
                          0.10377221444329097,
                          0.0823276603442372],
                         [0.38479218347160266,
                          0.432943108585987,
                          0.06418383285242163,
                          0.08542250716352025,
                          0.1331789476200571,
                          0.03187516443930629,
                          0.07507542481193374,
                          0.1680525625758621,
                          0.10016402381593709,
                          0.0600386736701146]]},
            {'activation': 'sigmoid',
             'bias': [-0.021467917436725645,
                      0.04937706751479689,
                      -0.008367201713314778,
                      -0.007625219877415374,
                      0.018529385001976803],
             'name': 'output',
             'neurons': [<gameplay.Neuron object at 0x7f2e29bd8cf8>,
                         <gameplay.Neuron object at 0x7f2e29bd8d30>,
                         <gameplay.Neuron object at 0x7f2e29bd8da0>,
                         <gameplay.Neuron object at 0x7f2e29bd8d68>,
                         <gameplay.Neuron object at 0x7f2e29bd8dd8>],
             'num_neurons': 5,
             'weights': [[0.06015381002113892,
                          0.10695149983621093,
                          0.09985329526953556,
                          0.04652800206124144,
                          0.11725983046236589,
                          0.1496095124048059,
                          0.13344058372170586,
                          0.10988538826237486],
                         [0.06366652154621648,
                          0.07313850309881109,
                          0.06675035610571661,
                          0.15861344237742503,
                          0.10004019934963843,
                          0.08562265323980282,
                          0.0720275044303242,
                          0.1941851687119858],
                         [0.12006897049777131,
                          0.07939152959986268,
                          0.1094848966959197,
                          0.07916441085219428,
                          0.08649987382502716,
                          0.1103516795012253,
                          0.1425808687141444,
                          0.07774900689543968],
                         [0.11651676520609965,
                          0.07931501084087333,
                          0.13153972763254,
                          0.05959125942552958,
                          0.15944773735932724,
                          0.10013274073367363,
                          0.09727070691225294,
                          0.10268076435948659],
                         [0.12177929162128998,
                          0.09320732791612732,
                          0.13620873494861677,
                          0.037136465589216974,
                          0.16239688199890265,
                          0.10904131552845427,
                          0.1030969168682545,
                          0.098064208560217],
                         [0.07952612221008347,
                          0.12481657691297803,
                          0.1335576054487295,
                          0.11001599511694339,
                          0.06608270448852158,
                          0.10318266694551924,
                          0.07108583510997359,
                          0.11080416240610697]]}]}
load_tensorflow_graph: path = tensorflow/mario-model-simple-2019-07-17/frozen_inference_graph.pb
object_detection_graph = <tensorflow.python.framework.ops.Graph object at 0x7f2e29bd8e80>
Doing start sequence
Sleeping one second
sending start
sending empty
Found black world screen for the second time. exiting.



Seconds left: 393
Moves to the right: 18
