pygame 1.9.6
Hello from the pygame community. https://www.pygame.org/contribute.html
Loading neural net from gameplay_neural_nets/42/5.nn
net = {'generation': 37,
 'inputs': [],
 'layers': [{'activation': 'sigmoid',
             'bias': [-0.009492331034681794,
                      0.04449230542583539,
                      -0.03417175358791942,
                      -0.003400489263637195,
                      0.006250133157157165,
                      0.016962047097549518,
                      0.0024791366302813825,
                      -0.004864526134533453],
             'name': 'input',
             'neurons': [],
             'num_neurons': 8,
             'weights': [[0.44167712564513123,
                          0.4906676733742843,
                          0.5100243900657325,
                          0.4901998479108563,
                          0.49297118985534055,
                          0.46578356064407345,
                          0.5061967274880405,
                          0.48754193572197657,
                          0.5033528024583566,
                          0.5314251996009862],
                         [0.4886101212935193,
                          0.4953218592892403,
                          0.520259989073528,
                          0.514522110697984,
                          0.5082853255333628,
                          0.5006357627426699,
                          0.48042044372206527,
                          0.458608602169277,
                          0.513169139635303,
                          0.5143216706002454],
                         [0.5369540869134264,
                          0.507803616822714,
                          0.48525005251636977,
                          0.48255835902730015,
                          0.467059008500031,
                          0.4842842225479736,
                          0.5209268146120937,
                          0.4674544265446257,
                          0.477234684573997,
                          0.5205403581140091],
                         [0.5092582974104766,
                          0.4759255299530634,
                          0.49686033449365286,
                          0.4425173683751253,
                          0.4614227161765194,
                          0.5139910974130608,
                          0.513110227416543,
                          0.4724239205538435,
                          0.5151087520263011,
                          0.5116793683815065],
                         [0.505040195169072,
                          0.5125135445625525,
                          0.5030779196127626,
                          0.48854041337914184,
                          0.5115329857025859,
                          0.5117120446222405,
                          0.5236614629505486,
                          0.5001743279426485,
                          0.5109999796373758,
                          0.5422467065390522],
                         [0.47907184355367055,
                          0.5268036166043115,
                          0.4957745177410337,
                          0.534128234532183,
                          0.5122639093769447,
                          0.4825629798540269,
                          0.5476496069337311,
                          0.485641376957993,
                          0.509711138797115,
                          0.44636628387573546],
                         [0.5380579157114243,
                          0.5101609838368413,
                          0.5161982795153106,
                          0.5009883921133718,
                          0.4984674415411045,
                          0.4912418753394118,
                          0.5197840147091886,
                          0.504513193578972,
                          0.5176211332585382,
                          0.4952538415923896],
                         [0.49538988824168584,
                          0.5012788588360492,
                          0.49390815735519056,
                          0.5424864055308455,
                          0.5067443029546954,
                          0.49266250681587687,
                          0.4651502613101504,
                          0.47284143762903275,
                          0.47347898200767613,
                          0.48851189444783827]]},
            {'activation': 'sigmoid',
             'bias': [-0.030736042114087654,
                      0.0011780648673402686,
                      -0.03192520764300226,
                      0.018707448148550514,
                      0.007904840633447418,
                      -0.04384359848548306],
             'name': 'hidden1',
             'neurons': [],
             'num_neurons': 6,
             'weights': [[0.48684402883899824,
                          0.4799485626367571,
                          0.5088080460899467,
                          0.4721866342670026,
                          0.5282176018243763,
                          0.48395507597392684,
                          0.4968447790956112,
                          0.4934012641778806],
                         [0.5256776317134232,
                          0.5295229829113629,
                          0.5052531397768245,
                          0.4977045713437092,
                          0.44934427025670526,
                          0.527451304934742,
                          0.4628904415056971,
                          0.5064082523445094],
                         [0.5123885944847195,
                          0.5184418126447523,
                          0.5211664997946465,
                          0.5179531886934367,
                          0.5435983440903949,
                          0.5311852117824288,
                          0.53082272205798,
                          0.5281554948861686],
                         [0.5075271756005147,
                          0.4848064891535629,
                          0.4775435616317549,
                          0.4961528759281906,
                          0.4777450938722598,
                          0.5058675213528939,
                          0.47842418003971354,
                          0.5090218323920465],
                         [0.47265834592765416,
                          0.5477289756186046,
                          0.5117503488303982,
                          0.4986946514313968,
                          0.4981557917871339,
                          0.5067836042467905,
                          0.5144563575673815,
                          0.4967114730211607],
                         [0.4823591273639871,
                          0.4892239569496211,
                          0.48780140843936426,
                          0.4783051177183395,
                          0.48599585143155527,
                          0.46760543919403147,
                          0.4761470959203305,
                          0.5044443328917865],
                         [0.4923774696820139,
                          0.47966650804879535,
                          0.5289032327709442,
                          0.5138190258538058,
                          0.49069132865524845,
                          0.49481061644907354,
                          0.5248306107437476,
                          0.4847127675085824],
                         [0.5150615220728909,
                          0.5272137140518327,
                          0.49175363323825305,
                          0.5186493773530825,
                          0.5182780860602236,
                          0.4768239118053255,
                          0.4849373374944381,
                          0.4886660988979854]]},
            {'activation': 'sigmoid',
             'bias': [-0.008477688637690373,
                      0.0047762482024646565,
                      -0.006013988513892911,
                      0.022877020974160056,
                      0.02987395217567231],
             'name': 'output',
             'neurons': [],
             'num_neurons': 5,
             'weights': [[0.4848038125092093,
                          0.48254419151476297,
                          0.5157051681259283,
                          0.48737136897901573,
                          0.49140716104493565,
                          0.5143359189616583],
                         [0.5112713248833051,
                          0.527561289511398,
                          0.47588901883752055,
                          0.5034679502092142,
                          0.5000554954201337,
                          0.49660028247505633],
                         [0.511690910800677,
                          0.502560422191834,
                          0.4819588475687527,
                          0.5001364417432971,
                          0.5329524178027193,
                          0.4964748252169347],
                         [0.49764148240522693,
                          0.4749661887249304,
                          0.5133631678116873,
                          0.4801321695270855,
                          0.49364463504287953,
                          0.4972025405050095],
                         [0.5268046482855444,
                          0.5043077132783164,
                          0.47961646827858373,
                          0.5287629170690626,
                          0.5111850975442191,
                          0.4863693935349784],
                         [0.4951538895002773,
                          0.513275563823669,
                          0.5067429921840542,
                          0.47003760277551354,
                          0.49281621262211667,
                          0.48028502732040296]]}]}
{'generation': 37,
 'inputs': [],
 'layers': [{'activation': 'sigmoid',
             'bias': [-0.009492331034681794,
                      0.04449230542583539,
                      -0.03417175358791942,
                      -0.003400489263637195,
                      0.006250133157157165,
                      0.016962047097549518,
                      0.0024791366302813825,
                      -0.004864526134533453],
             'name': 'input',
             'neurons': [<gameplay.Neuron object at 0x7f2fbd2d7828>,
                         <gameplay.Neuron object at 0x7f2fbd2d77f0>,
                         <gameplay.Neuron object at 0x7f2fbd2d7208>,
                         <gameplay.Neuron object at 0x7f2fbd2d7b38>,
                         <gameplay.Neuron object at 0x7f2fbd2d7be0>,
                         <gameplay.Neuron object at 0x7f2fbd2d7b70>,
                         <gameplay.Neuron object at 0x7f2fbd2d7c88>,
                         <gameplay.Neuron object at 0x7f2fbd2d7cc0>],
             'num_neurons': 8,
             'weights': [[0.44167712564513123,
                          0.4906676733742843,
                          0.5100243900657325,
                          0.4901998479108563,
                          0.49297118985534055,
                          0.46578356064407345,
                          0.5061967274880405,
                          0.48754193572197657,
                          0.5033528024583566,
                          0.5314251996009862],
                         [0.4886101212935193,
                          0.4953218592892403,
                          0.520259989073528,
                          0.514522110697984,
                          0.5082853255333628,
                          0.5006357627426699,
                          0.48042044372206527,
                          0.458608602169277,
                          0.513169139635303,
                          0.5143216706002454],
                         [0.5369540869134264,
                          0.507803616822714,
                          0.48525005251636977,
                          0.48255835902730015,
                          0.467059008500031,
                          0.4842842225479736,
                          0.5209268146120937,
                          0.4674544265446257,
                          0.477234684573997,
                          0.5205403581140091],
                         [0.5092582974104766,
                          0.4759255299530634,
                          0.49686033449365286,
                          0.4425173683751253,
                          0.4614227161765194,
                          0.5139910974130608,
                          0.513110227416543,
                          0.4724239205538435,
                          0.5151087520263011,
                          0.5116793683815065],
                         [0.505040195169072,
                          0.5125135445625525,
                          0.5030779196127626,
                          0.48854041337914184,
                          0.5115329857025859,
                          0.5117120446222405,
                          0.5236614629505486,
                          0.5001743279426485,
                          0.5109999796373758,
                          0.5422467065390522],
                         [0.47907184355367055,
                          0.5268036166043115,
                          0.4957745177410337,
                          0.534128234532183,
                          0.5122639093769447,
                          0.4825629798540269,
                          0.5476496069337311,
                          0.485641376957993,
                          0.509711138797115,
                          0.44636628387573546],
                         [0.5380579157114243,
                          0.5101609838368413,
                          0.5161982795153106,
                          0.5009883921133718,
                          0.4984674415411045,
                          0.4912418753394118,
                          0.5197840147091886,
                          0.504513193578972,
                          0.5176211332585382,
                          0.4952538415923896],
                         [0.49538988824168584,
                          0.5012788588360492,
                          0.49390815735519056,
                          0.5424864055308455,
                          0.5067443029546954,
                          0.49266250681587687,
                          0.4651502613101504,
                          0.47284143762903275,
                          0.47347898200767613,
                          0.48851189444783827]]},
            {'activation': 'sigmoid',
             'bias': [-0.030736042114087654,
                      0.0011780648673402686,
                      -0.03192520764300226,
                      0.018707448148550514,
                      0.007904840633447418,
                      -0.04384359848548306],
             'name': 'hidden1',
             'neurons': [<gameplay.Neuron object at 0x7f2fbd2d7cf8>,
                         <gameplay.Neuron object at 0x7f2fbd2d7d30>,
                         <gameplay.Neuron object at 0x7f2fbd2d7da0>,
                         <gameplay.Neuron object at 0x7f2fbd2d7d68>,
                         <gameplay.Neuron object at 0x7f2fbd2d7dd8>,
                         <gameplay.Neuron object at 0x7f2fbd2d7e48>],
             'num_neurons': 6,
             'weights': [[0.48684402883899824,
                          0.4799485626367571,
                          0.5088080460899467,
                          0.4721866342670026,
                          0.5282176018243763,
                          0.48395507597392684,
                          0.4968447790956112,
                          0.4934012641778806],
                         [0.5256776317134232,
                          0.5295229829113629,
                          0.5052531397768245,
                          0.4977045713437092,
                          0.44934427025670526,
                          0.527451304934742,
                          0.4628904415056971,
                          0.5064082523445094],
                         [0.5123885944847195,
                          0.5184418126447523,
                          0.5211664997946465,
                          0.5179531886934367,
                          0.5435983440903949,
                          0.5311852117824288,
                          0.53082272205798,
                          0.5281554948861686],
                         [0.5075271756005147,
                          0.4848064891535629,
                          0.4775435616317549,
                          0.4961528759281906,
                          0.4777450938722598,
                          0.5058675213528939,
                          0.47842418003971354,
                          0.5090218323920465],
                         [0.47265834592765416,
                          0.5477289756186046,
                          0.5117503488303982,
                          0.4986946514313968,
                          0.4981557917871339,
                          0.5067836042467905,
                          0.5144563575673815,
                          0.4967114730211607],
                         [0.4823591273639871,
                          0.4892239569496211,
                          0.48780140843936426,
                          0.4783051177183395,
                          0.48599585143155527,
                          0.46760543919403147,
                          0.4761470959203305,
                          0.5044443328917865],
                         [0.4923774696820139,
                          0.47966650804879535,
                          0.5289032327709442,
                          0.5138190258538058,
                          0.49069132865524845,
                          0.49481061644907354,
                          0.5248306107437476,
                          0.4847127675085824],
                         [0.5150615220728909,
                          0.5272137140518327,
                          0.49175363323825305,
                          0.5186493773530825,
                          0.5182780860602236,
                          0.4768239118053255,
                          0.4849373374944381,
                          0.4886660988979854]]},
            {'activation': 'sigmoid',
             'bias': [-0.008477688637690373,
                      0.0047762482024646565,
                      -0.006013988513892911,
                      0.022877020974160056,
                      0.02987395217567231],
             'name': 'output',
             'neurons': [<gameplay.Neuron object at 0x7f2fbd2d7e10>,
                         <gameplay.Neuron object at 0x7f2fbd2d7e80>,
                         <gameplay.Neuron object at 0x7f2fbd2d7ba8>,
                         <gameplay.Neuron object at 0x7f2fbd2d7c18>,
                         <gameplay.Neuron object at 0x7f2fbd2d7c50>],
             'num_neurons': 5,
             'weights': [[0.4848038125092093,
                          0.48254419151476297,
                          0.5157051681259283,
                          0.48737136897901573,
                          0.49140716104493565,
                          0.5143359189616583],
                         [0.5112713248833051,
                          0.527561289511398,
                          0.47588901883752055,
                          0.5034679502092142,
                          0.5000554954201337,
                          0.49660028247505633],
                         [0.511690910800677,
                          0.502560422191834,
                          0.4819588475687527,
                          0.5001364417432971,
                          0.5329524178027193,
                          0.4964748252169347],
                         [0.49764148240522693,
                          0.4749661887249304,
                          0.5133631678116873,
                          0.4801321695270855,
                          0.49364463504287953,
                          0.4972025405050095],
                         [0.5268046482855444,
                          0.5043077132783164,
                          0.47961646827858373,
                          0.5287629170690626,
                          0.5111850975442191,
                          0.4863693935349784],
                         [0.4951538895002773,
                          0.513275563823669,
                          0.5067429921840542,
                          0.47003760277551354,
                          0.49281621262211667,
                          0.48028502732040296]]}]}
load_tensorflow_graph: path = tensorflow/mario-model-simple-2019-07-17/frozen_inference_graph.pb
object_detection_graph = <tensorflow.python.framework.ops.Graph object at 0x7f2fbd2d7f98>
Doing start sequence
Sleeping one second
sending start
sending empty
Found black world screen for the second time. exiting.



Seconds left: 351
Moves to the right: 137
frame count: 201
time start:  1568166883.3107564,   time_now: 1568166904.3934102
