pygame 1.9.6
Hello from the pygame community. https://www.pygame.org/contribute.html
Loading neural net from gameplay_neural_nets/42/8.nn
net = {'generation': 37,
 'inputs': [],
 'layers': [{'activation': 'sigmoid',
             'bias': [-0.01291179723115064,
                      0.04916768257663121,
                      -0.03417175358791942,
                      -0.011567687888533523,
                      0.011309159847649113,
                      0.016375373704760013,
                      0.002753543936213909,
                      -0.018716049826535266],
             'name': 'input',
             'neurons': [],
             'num_neurons': 8,
             'weights': [[0.43639324988822886,
                          0.493222014194851,
                          0.5027581735874393,
                          0.4901998479108563,
                          0.5009890832285684,
                          0.46330259377138905,
                          0.4938470170070581,
                          0.48754193572197657,
                          0.5033528024583566,
                          0.5329311844302963],
                         [0.4886101212935193,
                          0.4908353492546868,
                          0.5066731081641621,
                          0.5128222220339517,
                          0.5082853255333628,
                          0.4928940301581648,
                          0.48042044372206527,
                          0.4525484968152835,
                          0.513169139635303,
                          0.5143216706002454],
                         [0.5400217779532617,
                          0.507803616822714,
                          0.48217816870716707,
                          0.48255835902730015,
                          0.467059008500031,
                          0.4842842225479736,
                          0.5209268146120937,
                          0.47719377914360855,
                          0.47911586741516604,
                          0.5205403581140091],
                         [0.5092582974104766,
                          0.4759255299530634,
                          0.48100319405944275,
                          0.45115185670960684,
                          0.4643740098968941,
                          0.5139910974130608,
                          0.5171869076753323,
                          0.4724239205538435,
                          0.5151087520263011,
                          0.5116793683815065],
                         [0.49679670844695434,
                          0.5220917965018701,
                          0.5065346371008164,
                          0.4877172500080672,
                          0.5115329857025859,
                          0.5073105439715615,
                          0.5277598428146087,
                          0.5013602217494018,
                          0.5109999796373758,
                          0.545498830973264],
                         [0.48595180622362794,
                          0.5243245716713663,
                          0.49004311259673694,
                          0.5296653180820605,
                          0.5197929999782152,
                          0.4777533129659564,
                          0.557679312930589,
                          0.49006981185366205,
                          0.5155890032503232,
                          0.43868492406739323],
                         [0.5345113308307521,
                          0.5101609838368413,
                          0.5234544496164675,
                          0.5035315316978363,
                          0.4984674415411045,
                          0.4912418753394118,
                          0.5164506612609145,
                          0.5068526493776211,
                          0.5100260541105166,
                          0.49051670882034437],
                         [0.49538988824168584,
                          0.5012788588360492,
                          0.5018800840222697,
                          0.5432800928863513,
                          0.5009765108961954,
                          0.49627600674926864,
                          0.4657228381725385,
                          0.47284143762903275,
                          0.47347898200767613,
                          0.48851189444783827]]},
            {'activation': 'sigmoid',
             'bias': [-0.030736042114087654,
                      0.0011445865078927812,
                      -0.033155488427334,
                      0.018707448148550514,
                      -0.00449788468743753,
                      -0.050903534699176994],
             'name': 'hidden1',
             'neurons': [],
             'num_neurons': 6,
             'weights': [[0.4927915337894436,
                          0.4799485626367571,
                          0.5017183759607045,
                          0.4721866342670026,
                          0.5282176018243763,
                          0.4920640575234439,
                          0.4968447790956112,
                          0.5030237544367367],
                         [0.5256776317134232,
                          0.5240573566826919,
                          0.5052531397768245,
                          0.49790443437777787,
                          0.44934427025670526,
                          0.5241257325446239,
                          0.4584701872440911,
                          0.5064082523445094],
                         [0.5123885944847195,
                          0.5184418126447523,
                          0.5294817215620352,
                          0.5179531886934367,
                          0.5310885993189468,
                          0.5373031446142339,
                          0.53082272205798,
                          0.5270064958447398],
                         [0.5095859387934379,
                          0.4848064891535629,
                          0.48101978833447856,
                          0.4961528759281906,
                          0.48623740202773325,
                          0.517304377402017,
                          0.4773516419222517,
                          0.5090218323920465],
                         [0.4685368390617841,
                          0.5563164712602052,
                          0.5190091586425614,
                          0.4986946514313968,
                          0.5065801524442789,
                          0.5067836042467905,
                          0.516117821291131,
                          0.4983476568046441],
                         [0.47494002381100314,
                          0.4804901452699172,
                          0.49165728277634474,
                          0.4783051177183395,
                          0.48599585143155527,
                          0.46760543919403147,
                          0.47324576479789754,
                          0.5044443328917865],
                         [0.4923774696820139,
                          0.481591305810781,
                          0.5250799489871257,
                          0.5138190258538058,
                          0.47677786828170166,
                          0.4939990390247487,
                          0.5346826324342279,
                          0.4847127675085824],
                         [0.5233321109304331,
                          0.5272137140518327,
                          0.4925777398180957,
                          0.52258598779904,
                          0.516706477685107,
                          0.4744249426064299,
                          0.4909517595386741,
                          0.48532470721818205]]},
            {'activation': 'sigmoid',
             'bias': [-0.0015995545734408274,
                      0.0047762482024646565,
                      -0.006913363111024224,
                      0.022877020974160056,
                      0.03448846054701081],
             'name': 'output',
             'neurons': [],
             'num_neurons': 5,
             'weights': [[0.4848038125092093,
                          0.47590805556988625,
                          0.5131321501774595,
                          0.48737136897901573,
                          0.49140716104493565,
                          0.5047068631262721],
                         [0.5112713248833051,
                          0.5329952433395401,
                          0.47652456330895554,
                          0.5034679502092142,
                          0.5026660845198218,
                          0.4977601758915081],
                         [0.5106157111027588,
                          0.5103825612193519,
                          0.4726299137039083,
                          0.49652006215032873,
                          0.5406566051125545,
                          0.493225070174091],
                         [0.4972825637265352,
                          0.4838666593818684,
                          0.5176732715143765,
                          0.47317828503104403,
                          0.49364463504287953,
                          0.5017494596290062],
                         [0.5286793853779678,
                          0.5055625850211581,
                          0.4806173045470942,
                          0.5287629170690626,
                          0.5020045246463184,
                          0.4863693935349784],
                         [0.4951538895002773,
                          0.5133218252229861,
                          0.5082529085219109,
                          0.47003760277551354,
                          0.49281621262211667,
                          0.48194827526834777]]}]}
{'generation': 37,
 'inputs': [],
 'layers': [{'activation': 'sigmoid',
             'bias': [-0.01291179723115064,
                      0.04916768257663121,
                      -0.03417175358791942,
                      -0.011567687888533523,
                      0.011309159847649113,
                      0.016375373704760013,
                      0.002753543936213909,
                      -0.018716049826535266],
             'name': 'input',
             'neurons': [<gameplay.Neuron object at 0x7f97bf104828>,
                         <gameplay.Neuron object at 0x7f97bf1047f0>,
                         <gameplay.Neuron object at 0x7f97bf104208>,
                         <gameplay.Neuron object at 0x7f97bf104b38>,
                         <gameplay.Neuron object at 0x7f97bf104be0>,
                         <gameplay.Neuron object at 0x7f97bf104b70>,
                         <gameplay.Neuron object at 0x7f97bf104c88>,
                         <gameplay.Neuron object at 0x7f97bf104cc0>],
             'num_neurons': 8,
             'weights': [[0.43639324988822886,
                          0.493222014194851,
                          0.5027581735874393,
                          0.4901998479108563,
                          0.5009890832285684,
                          0.46330259377138905,
                          0.4938470170070581,
                          0.48754193572197657,
                          0.5033528024583566,
                          0.5329311844302963],
                         [0.4886101212935193,
                          0.4908353492546868,
                          0.5066731081641621,
                          0.5128222220339517,
                          0.5082853255333628,
                          0.4928940301581648,
                          0.48042044372206527,
                          0.4525484968152835,
                          0.513169139635303,
                          0.5143216706002454],
                         [0.5400217779532617,
                          0.507803616822714,
                          0.48217816870716707,
                          0.48255835902730015,
                          0.467059008500031,
                          0.4842842225479736,
                          0.5209268146120937,
                          0.47719377914360855,
                          0.47911586741516604,
                          0.5205403581140091],
                         [0.5092582974104766,
                          0.4759255299530634,
                          0.48100319405944275,
                          0.45115185670960684,
                          0.4643740098968941,
                          0.5139910974130608,
                          0.5171869076753323,
                          0.4724239205538435,
                          0.5151087520263011,
                          0.5116793683815065],
                         [0.49679670844695434,
                          0.5220917965018701,
                          0.5065346371008164,
                          0.4877172500080672,
                          0.5115329857025859,
                          0.5073105439715615,
                          0.5277598428146087,
                          0.5013602217494018,
                          0.5109999796373758,
                          0.545498830973264],
                         [0.48595180622362794,
                          0.5243245716713663,
                          0.49004311259673694,
                          0.5296653180820605,
                          0.5197929999782152,
                          0.4777533129659564,
                          0.557679312930589,
                          0.49006981185366205,
                          0.5155890032503232,
                          0.43868492406739323],
                         [0.5345113308307521,
                          0.5101609838368413,
                          0.5234544496164675,
                          0.5035315316978363,
                          0.4984674415411045,
                          0.4912418753394118,
                          0.5164506612609145,
                          0.5068526493776211,
                          0.5100260541105166,
                          0.49051670882034437],
                         [0.49538988824168584,
                          0.5012788588360492,
                          0.5018800840222697,
                          0.5432800928863513,
                          0.5009765108961954,
                          0.49627600674926864,
                          0.4657228381725385,
                          0.47284143762903275,
                          0.47347898200767613,
                          0.48851189444783827]]},
            {'activation': 'sigmoid',
             'bias': [-0.030736042114087654,
                      0.0011445865078927812,
                      -0.033155488427334,
                      0.018707448148550514,
                      -0.00449788468743753,
                      -0.050903534699176994],
             'name': 'hidden1',
             'neurons': [<gameplay.Neuron object at 0x7f97bf104cf8>,
                         <gameplay.Neuron object at 0x7f97bf104d30>,
                         <gameplay.Neuron object at 0x7f97bf104da0>,
                         <gameplay.Neuron object at 0x7f97bf104d68>,
                         <gameplay.Neuron object at 0x7f97bf104dd8>,
                         <gameplay.Neuron object at 0x7f97bf104e48>],
             'num_neurons': 6,
             'weights': [[0.4927915337894436,
                          0.4799485626367571,
                          0.5017183759607045,
                          0.4721866342670026,
                          0.5282176018243763,
                          0.4920640575234439,
                          0.4968447790956112,
                          0.5030237544367367],
                         [0.5256776317134232,
                          0.5240573566826919,
                          0.5052531397768245,
                          0.49790443437777787,
                          0.44934427025670526,
                          0.5241257325446239,
                          0.4584701872440911,
                          0.5064082523445094],
                         [0.5123885944847195,
                          0.5184418126447523,
                          0.5294817215620352,
                          0.5179531886934367,
                          0.5310885993189468,
                          0.5373031446142339,
                          0.53082272205798,
                          0.5270064958447398],
                         [0.5095859387934379,
                          0.4848064891535629,
                          0.48101978833447856,
                          0.4961528759281906,
                          0.48623740202773325,
                          0.517304377402017,
                          0.4773516419222517,
                          0.5090218323920465],
                         [0.4685368390617841,
                          0.5563164712602052,
                          0.5190091586425614,
                          0.4986946514313968,
                          0.5065801524442789,
                          0.5067836042467905,
                          0.516117821291131,
                          0.4983476568046441],
                         [0.47494002381100314,
                          0.4804901452699172,
                          0.49165728277634474,
                          0.4783051177183395,
                          0.48599585143155527,
                          0.46760543919403147,
                          0.47324576479789754,
                          0.5044443328917865],
                         [0.4923774696820139,
                          0.481591305810781,
                          0.5250799489871257,
                          0.5138190258538058,
                          0.47677786828170166,
                          0.4939990390247487,
                          0.5346826324342279,
                          0.4847127675085824],
                         [0.5233321109304331,
                          0.5272137140518327,
                          0.4925777398180957,
                          0.52258598779904,
                          0.516706477685107,
                          0.4744249426064299,
                          0.4909517595386741,
                          0.48532470721818205]]},
            {'activation': 'sigmoid',
             'bias': [-0.0015995545734408274,
                      0.0047762482024646565,
                      -0.006913363111024224,
                      0.022877020974160056,
                      0.03448846054701081],
             'name': 'output',
             'neurons': [<gameplay.Neuron object at 0x7f97bf104e10>,
                         <gameplay.Neuron object at 0x7f97bf104e80>,
                         <gameplay.Neuron object at 0x7f97bf104ba8>,
                         <gameplay.Neuron object at 0x7f97bf104c18>,
                         <gameplay.Neuron object at 0x7f97bf104c50>],
             'num_neurons': 5,
             'weights': [[0.4848038125092093,
                          0.47590805556988625,
                          0.5131321501774595,
                          0.48737136897901573,
                          0.49140716104493565,
                          0.5047068631262721],
                         [0.5112713248833051,
                          0.5329952433395401,
                          0.47652456330895554,
                          0.5034679502092142,
                          0.5026660845198218,
                          0.4977601758915081],
                         [0.5106157111027588,
                          0.5103825612193519,
                          0.4726299137039083,
                          0.49652006215032873,
                          0.5406566051125545,
                          0.493225070174091],
                         [0.4972825637265352,
                          0.4838666593818684,
                          0.5176732715143765,
                          0.47317828503104403,
                          0.49364463504287953,
                          0.5017494596290062],
                         [0.5286793853779678,
                          0.5055625850211581,
                          0.4806173045470942,
                          0.5287629170690626,
                          0.5020045246463184,
                          0.4863693935349784],
                         [0.4951538895002773,
                          0.5133218252229861,
                          0.5082529085219109,
                          0.47003760277551354,
                          0.49281621262211667,
                          0.48194827526834777]]}]}
load_tensorflow_graph: path = tensorflow/mario-model-simple-2019-07-17/frozen_inference_graph.pb
object_detection_graph = <tensorflow.python.framework.ops.Graph object at 0x7f97bf104f98>
Doing start sequence
Sleeping one second
sending start
sending empty
Found black world screen for the second time. exiting.



Seconds left: 370
Moves to the right: 76
frame count: 141
time start:  1568166951.2585695,   time_now: 1568166966.2270215
