pygame 1.9.6
Hello from the pygame community. https://www.pygame.org/contribute.html
Loading neural net from gameplay_neural_nets/53/5.nn
net = {'generation': 49,
 'inputs': [],
 'layers': [{'activation': 'sigmoid',
             'bias': [0.013670123489995746,
                      -0.012543362226338572,
                      0.01097224907351475,
                      -0.014062164452293158,
                      0.019348844965115377,
                      -0.01686343124562535,
                      0.010179661769484812,
                      -0.01912482327039372],
             'name': 'input',
             'neurons': [],
             'num_neurons': 8,
             'weights': [[0.37101212072528283,
                          0.3895423569955203,
                          0.10535831408741372,
                          0.10394063711555422,
                          0.11906588086890994,
                          0.08534467234255624,
                          0.11204608927028671,
                          0.11011966026813513,
                          0.09621922022697678,
                          0.07612432253438063],
                         [0.387994188618724,
                          0.4142643710688748,
                          0.10402160403433594,
                          0.09082610913938109,
                          0.09499675431340675,
                          0.08610599007425215,
                          0.1053342369266809,
                          0.09872906725276791,
                          0.09253416719028931,
                          0.1037590655680979],
                         [0.37306867615333217,
                          0.43795919215357537,
                          0.10715861943282924,
                          0.07635838229325458,
                          0.09999645761885402,
                          0.10312878009031136,
                          0.08130292351978678,
                          0.09357235033480703,
                          0.11043264327746047,
                          0.08583967686590582],
                         [0.39622826274679035,
                          0.4005683556112059,
                          0.09917064742809736,
                          0.10172814782543246,
                          0.08309136837294065,
                          0.08990806460572101,
                          0.0955862093694325,
                          0.1232919002591019,
                          0.07221810034358811,
                          0.10776128315461553],
                         [0.36715791356753674,
                          0.4013214244535427,
                          0.07108644085831589,
                          0.11484941984663492,
                          0.0880527124082096,
                          0.09632589293005786,
                          0.09849080459137141,
                          0.13039399291048734,
                          0.08746615937704313,
                          0.08257147674165577],
                         [0.3664771690132486,
                          0.4071961049838317,
                          0.06541246290235747,
                          0.10298972709458643,
                          0.11753102523327016,
                          0.09889748240345597,
                          0.09963607009615827,
                          0.11064892585903528,
                          0.12159803670227769,
                          0.11834023514267575],
                         [0.3926573828352104,
                          0.3753595041456135,
                          0.12470149386712227,
                          0.057850973763987235,
                          0.11359481880603982,
                          0.09484693939396757,
                          0.0936382607700845,
                          0.12066818196857328,
                          0.09949313447828101,
                          0.06977332894234156],
                         [0.4053114463630824,
                          0.40517241248816266,
                          0.08799003462830579,
                          0.05973627247936651,
                          0.1224284357494545,
                          0.07416988701573325,
                          0.09169558832879371,
                          0.1473992160518434,
                          0.08535770990577649,
                          0.08816447249322704]]},
            {'activation': 'sigmoid',
             'bias': [-0.03236995049316607,
                      0.025289102461273166,
                      0.018570012566143497,
                      0.025132302757422002,
                      0.01706086784666297],
             'name': 'output',
             'neurons': [],
             'num_neurons': 5,
             'weights': [[0.09309260783430585,
                          0.08226350403338348,
                          0.1003131453194002,
                          0.08103251020757687,
                          0.10329733550548631,
                          0.12546407105446483,
                          0.1213630782047885,
                          0.09168090788446434],
                         [0.07451416363672851,
                          0.06661327018570785,
                          0.07801600196499318,
                          0.13455295092042394,
                          0.09687558923190995,
                          0.09804459160728553,
                          0.08766344850105415,
                          0.14091621707284321],
                         [0.11177114576267996,
                          0.08795838561289683,
                          0.11978673537386075,
                          0.10600086530647879,
                          0.08703801127029198,
                          0.10695751516372631,
                          0.11580227218656726,
                          0.08900345343735988],
                         [0.08918182187636893,
                          0.06669400767577144,
                          0.10982576805839336,
                          0.0917071779903168,
                          0.11548864115680235,
                          0.12177233750544132,
                          0.11663460342387699,
                          0.10979393395276535],
                         [0.11837189699353864,
                          0.09549210411285011,
                          0.13876758129621106,
                          0.07229524142657044,
                          0.14482651484516035,
                          0.10376173926610952,
                          0.10083436774805508,
                          0.10242436625083523],
                         [0.1067002359232684,
                          0.10455025401804537,
                          0.12861408260078644,
                          0.08981935860060541,
                          0.07510050457980293,
                          0.12919589253349226,
                          0.10989601123453858,
                          0.10413422334820711]]}]}
{'generation': 49,
 'inputs': [],
 'layers': [{'activation': 'sigmoid',
             'bias': [0.013670123489995746,
                      -0.012543362226338572,
                      0.01097224907351475,
                      -0.014062164452293158,
                      0.019348844965115377,
                      -0.01686343124562535,
                      0.010179661769484812,
                      -0.01912482327039372],
             'name': 'input',
             'neurons': [<gameplay.Neuron object at 0x7f50c73ac7f0>,
                         <gameplay.Neuron object at 0x7f50c73ac7b8>,
                         <gameplay.Neuron object at 0x7f50c73ac1d0>,
                         <gameplay.Neuron object at 0x7f50c73aca90>,
                         <gameplay.Neuron object at 0x7f50c73acb38>,
                         <gameplay.Neuron object at 0x7f50c73acac8>,
                         <gameplay.Neuron object at 0x7f50c73acc18>,
                         <gameplay.Neuron object at 0x7f50c73acbe0>],
             'num_neurons': 8,
             'weights': [[0.37101212072528283,
                          0.3895423569955203,
                          0.10535831408741372,
                          0.10394063711555422,
                          0.11906588086890994,
                          0.08534467234255624,
                          0.11204608927028671,
                          0.11011966026813513,
                          0.09621922022697678,
                          0.07612432253438063],
                         [0.387994188618724,
                          0.4142643710688748,
                          0.10402160403433594,
                          0.09082610913938109,
                          0.09499675431340675,
                          0.08610599007425215,
                          0.1053342369266809,
                          0.09872906725276791,
                          0.09253416719028931,
                          0.1037590655680979],
                         [0.37306867615333217,
                          0.43795919215357537,
                          0.10715861943282924,
                          0.07635838229325458,
                          0.09999645761885402,
                          0.10312878009031136,
                          0.08130292351978678,
                          0.09357235033480703,
                          0.11043264327746047,
                          0.08583967686590582],
                         [0.39622826274679035,
                          0.4005683556112059,
                          0.09917064742809736,
                          0.10172814782543246,
                          0.08309136837294065,
                          0.08990806460572101,
                          0.0955862093694325,
                          0.1232919002591019,
                          0.07221810034358811,
                          0.10776128315461553],
                         [0.36715791356753674,
                          0.4013214244535427,
                          0.07108644085831589,
                          0.11484941984663492,
                          0.0880527124082096,
                          0.09632589293005786,
                          0.09849080459137141,
                          0.13039399291048734,
                          0.08746615937704313,
                          0.08257147674165577],
                         [0.3664771690132486,
                          0.4071961049838317,
                          0.06541246290235747,
                          0.10298972709458643,
                          0.11753102523327016,
                          0.09889748240345597,
                          0.09963607009615827,
                          0.11064892585903528,
                          0.12159803670227769,
                          0.11834023514267575],
                         [0.3926573828352104,
                          0.3753595041456135,
                          0.12470149386712227,
                          0.057850973763987235,
                          0.11359481880603982,
                          0.09484693939396757,
                          0.0936382607700845,
                          0.12066818196857328,
                          0.09949313447828101,
                          0.06977332894234156],
                         [0.4053114463630824,
                          0.40517241248816266,
                          0.08799003462830579,
                          0.05973627247936651,
                          0.1224284357494545,
                          0.07416988701573325,
                          0.09169558832879371,
                          0.1473992160518434,
                          0.08535770990577649,
                          0.08816447249322704]]},
            {'activation': 'sigmoid',
             'bias': [-0.03236995049316607,
                      0.025289102461273166,
                      0.018570012566143497,
                      0.025132302757422002,
                      0.01706086784666297],
             'name': 'output',
             'neurons': [<gameplay.Neuron object at 0x7f50c73acc50>,
                         <gameplay.Neuron object at 0x7f50c73acc88>,
                         <gameplay.Neuron object at 0x7f50c73accf8>,
                         <gameplay.Neuron object at 0x7f50c73accc0>,
                         <gameplay.Neuron object at 0x7f50c73acd30>],
             'num_neurons': 5,
             'weights': [[0.09309260783430585,
                          0.08226350403338348,
                          0.1003131453194002,
                          0.08103251020757687,
                          0.10329733550548631,
                          0.12546407105446483,
                          0.1213630782047885,
                          0.09168090788446434],
                         [0.07451416363672851,
                          0.06661327018570785,
                          0.07801600196499318,
                          0.13455295092042394,
                          0.09687558923190995,
                          0.09804459160728553,
                          0.08766344850105415,
                          0.14091621707284321],
                         [0.11177114576267996,
                          0.08795838561289683,
                          0.11978673537386075,
                          0.10600086530647879,
                          0.08703801127029198,
                          0.10695751516372631,
                          0.11580227218656726,
                          0.08900345343735988],
                         [0.08918182187636893,
                          0.06669400767577144,
                          0.10982576805839336,
                          0.0917071779903168,
                          0.11548864115680235,
                          0.12177233750544132,
                          0.11663460342387699,
                          0.10979393395276535],
                         [0.11837189699353864,
                          0.09549210411285011,
                          0.13876758129621106,
                          0.07229524142657044,
                          0.14482651484516035,
                          0.10376173926610952,
                          0.10083436774805508,
                          0.10242436625083523],
                         [0.1067002359232684,
                          0.10455025401804537,
                          0.12861408260078644,
                          0.08981935860060541,
                          0.07510050457980293,
                          0.12919589253349226,
                          0.10989601123453858,
                          0.10413422334820711]]}]}
load_tensorflow_graph: path = tensorflow/mario-model-simple-2019-07-17/frozen_inference_graph.pb
object_detection_graph = <tensorflow.python.framework.ops.Graph object at 0x7f50c73acdd8>
Doing start sequence
Sleeping one second
sending start
sending empty
Found black world screen for the second time. exiting.



Seconds left: 378
Moves to the right: 43
