pygame 1.9.6
Hello from the pygame community. https://www.pygame.org/contribute.html
Loading neural net from gameplay_neural_nets/117/6.nn
net = {'generation': 105,
 'inputs': [],
 'layers': [{'activation': 'sigmoid',
             'bias': [0.014002930923923015,
                      -0.01290151648973928,
                      -0.008402601158671353,
                      -0.030611970892930215,
                      -0.00298974978118635,
                      -0.04512695931642721,
                      0.01821945059506585,
                      -0.027414820172078518],
             'name': 'input',
             'neurons': [],
             'num_neurons': 8,
             'weights': [[0.35869254236922116,
                          0.4308689038616817,
                          0.08518418235382132,
                          0.11175120023384624,
                          0.08103452998639407,
                          0.08313631223969292,
                          0.08500577714948238,
                          0.08557977409400938,
                          0.0743281800313066,
                          0.0888662581785871],
                         [0.38718593385015787,
                          0.36712653918671007,
                          0.0870760252606521,
                          0.0863464362837401,
                          0.11671814695722788,
                          0.06355759071655148,
                          0.11977832019174098,
                          0.1025437194868417,
                          0.11974836764972073,
                          0.12233312230148613],
                         [0.3740456616886317,
                          0.4333970938853744,
                          0.10467145089508323,
                          0.05787175788376005,
                          0.11761175488946501,
                          0.10143260121839563,
                          0.10125154496606487,
                          0.10409492041597183,
                          0.0906296682925628,
                          0.08658736158495847],
                         [0.3815369822050778,
                          0.38882784269314746,
                          0.10259960153803735,
                          0.12281078320977776,
                          0.049084950266517775,
                          0.08000811232262955,
                          0.07547117616030762,
                          0.1245042740005227,
                          0.11162771648177443,
                          0.1182263517135435],
                         [0.3988987719471317,
                          0.3877260014635799,
                          0.06485599074908754,
                          0.12241535411531271,
                          0.0896645973596474,
                          0.14675366955218982,
                          0.10025355417227048,
                          0.12392832091970274,
                          0.09701000433579299,
                          0.06168235724813953],
                         [0.3666090967543541,
                          0.438071972261865,
                          0.0770253976038218,
                          0.07607241547253614,
                          0.11032223461271354,
                          0.0667892725335323,
                          0.10982644365866263,
                          0.11065570342917413,
                          0.11420703360190687,
                          0.11148293533311597],
                         [0.3636552005088008,
                          0.388934226266015,
                          0.11886449203761841,
                          0.040946406683928814,
                          0.10467079623202713,
                          0.12707913912232205,
                          0.07951946429641044,
                          0.1124831685899509,
                          0.10390412630269891,
                          0.07897647771170113],
                         [0.3938906849327437,
                          0.43563608269155873,
                          0.048778761536630855,
                          0.07604784621302561,
                          0.12444303488493524,
                          0.032480272213411904,
                          0.0692093294949778,
                          0.15013864563052992,
                          0.10771701136731757,
                          0.07255449931167354]]},
            {'activation': 'sigmoid',
             'bias': [-0.01750548841765276,
                      0.04658872817170994,
                      -0.014583560889731652,
                      -0.0037735805985442874,
                      0.02665064247586818],
             'name': 'output',
             'neurons': [],
             'num_neurons': 5,
             'weights': [[0.061485262392024106,
                          0.10515128576451471,
                          0.09620091138450931,
                          0.05161485760767517,
                          0.11950652466170322,
                          0.15065542190151215,
                          0.13344058372170586,
                          0.11336426880518544],
                         [0.06098895021771707,
                          0.08081361881513995,
                          0.06456242084248644,
                          0.15489714591357978,
                          0.10004019934963843,
                          0.08795263502193922,
                          0.07179224570284669,
                          0.19428958572718116],
                         [0.12011186475929897,
                          0.07939152959986268,
                          0.09976876124880886,
                          0.08731028562369138,
                          0.09764979957227517,
                          0.1103516795012253,
                          0.13070507184538468,
                          0.08609468703761536],
                         [0.11651676520609965,
                          0.06946949025875607,
                          0.12831389272973412,
                          0.06267074841270667,
                          0.14648253190213845,
                          0.10082822633190978,
                          0.10030303412796684,
                          0.09527714895077144],
                         [0.09836596324591419,
                          0.09784938115035947,
                          0.1398692494117401,
                          0.049717022173449366,
                          0.15330819244564708,
                          0.10275955169259254,
                          0.10019810603511745,
                          0.11319455816684276],
                         [0.09297807065420045,
                          0.11320670434388105,
                          0.1478714444336094,
                          0.10621707507723468,
                          0.05351978159571033,
                          0.11143807473214308,
                          0.06011381087306079,
                          0.11080416240610697]]}]}
{'generation': 105,
 'inputs': [],
 'layers': [{'activation': 'sigmoid',
             'bias': [0.014002930923923015,
                      -0.01290151648973928,
                      -0.008402601158671353,
                      -0.030611970892930215,
                      -0.00298974978118635,
                      -0.04512695931642721,
                      0.01821945059506585,
                      -0.027414820172078518],
             'name': 'input',
             'neurons': [<gameplay.Neuron object at 0x7fcc80111898>,
                         <gameplay.Neuron object at 0x7fcc80111860>,
                         <gameplay.Neuron object at 0x7fcc80111278>,
                         <gameplay.Neuron object at 0x7fcc80111b38>,
                         <gameplay.Neuron object at 0x7fcc80111be0>,
                         <gameplay.Neuron object at 0x7fcc80111b70>,
                         <gameplay.Neuron object at 0x7fcc80111cc0>,
                         <gameplay.Neuron object at 0x7fcc80111c88>],
             'num_neurons': 8,
             'weights': [[0.35869254236922116,
                          0.4308689038616817,
                          0.08518418235382132,
                          0.11175120023384624,
                          0.08103452998639407,
                          0.08313631223969292,
                          0.08500577714948238,
                          0.08557977409400938,
                          0.0743281800313066,
                          0.0888662581785871],
                         [0.38718593385015787,
                          0.36712653918671007,
                          0.0870760252606521,
                          0.0863464362837401,
                          0.11671814695722788,
                          0.06355759071655148,
                          0.11977832019174098,
                          0.1025437194868417,
                          0.11974836764972073,
                          0.12233312230148613],
                         [0.3740456616886317,
                          0.4333970938853744,
                          0.10467145089508323,
                          0.05787175788376005,
                          0.11761175488946501,
                          0.10143260121839563,
                          0.10125154496606487,
                          0.10409492041597183,
                          0.0906296682925628,
                          0.08658736158495847],
                         [0.3815369822050778,
                          0.38882784269314746,
                          0.10259960153803735,
                          0.12281078320977776,
                          0.049084950266517775,
                          0.08000811232262955,
                          0.07547117616030762,
                          0.1245042740005227,
                          0.11162771648177443,
                          0.1182263517135435],
                         [0.3988987719471317,
                          0.3877260014635799,
                          0.06485599074908754,
                          0.12241535411531271,
                          0.0896645973596474,
                          0.14675366955218982,
                          0.10025355417227048,
                          0.12392832091970274,
                          0.09701000433579299,
                          0.06168235724813953],
                         [0.3666090967543541,
                          0.438071972261865,
                          0.0770253976038218,
                          0.07607241547253614,
                          0.11032223461271354,
                          0.0667892725335323,
                          0.10982644365866263,
                          0.11065570342917413,
                          0.11420703360190687,
                          0.11148293533311597],
                         [0.3636552005088008,
                          0.388934226266015,
                          0.11886449203761841,
                          0.040946406683928814,
                          0.10467079623202713,
                          0.12707913912232205,
                          0.07951946429641044,
                          0.1124831685899509,
                          0.10390412630269891,
                          0.07897647771170113],
                         [0.3938906849327437,
                          0.43563608269155873,
                          0.048778761536630855,
                          0.07604784621302561,
                          0.12444303488493524,
                          0.032480272213411904,
                          0.0692093294949778,
                          0.15013864563052992,
                          0.10771701136731757,
                          0.07255449931167354]]},
            {'activation': 'sigmoid',
             'bias': [-0.01750548841765276,
                      0.04658872817170994,
                      -0.014583560889731652,
                      -0.0037735805985442874,
                      0.02665064247586818],
             'name': 'output',
             'neurons': [<gameplay.Neuron object at 0x7fcc80111cf8>,
                         <gameplay.Neuron object at 0x7fcc80111d30>,
                         <gameplay.Neuron object at 0x7fcc80111da0>,
                         <gameplay.Neuron object at 0x7fcc80111d68>,
                         <gameplay.Neuron object at 0x7fcc80111dd8>],
             'num_neurons': 5,
             'weights': [[0.061485262392024106,
                          0.10515128576451471,
                          0.09620091138450931,
                          0.05161485760767517,
                          0.11950652466170322,
                          0.15065542190151215,
                          0.13344058372170586,
                          0.11336426880518544],
                         [0.06098895021771707,
                          0.08081361881513995,
                          0.06456242084248644,
                          0.15489714591357978,
                          0.10004019934963843,
                          0.08795263502193922,
                          0.07179224570284669,
                          0.19428958572718116],
                         [0.12011186475929897,
                          0.07939152959986268,
                          0.09976876124880886,
                          0.08731028562369138,
                          0.09764979957227517,
                          0.1103516795012253,
                          0.13070507184538468,
                          0.08609468703761536],
                         [0.11651676520609965,
                          0.06946949025875607,
                          0.12831389272973412,
                          0.06267074841270667,
                          0.14648253190213845,
                          0.10082822633190978,
                          0.10030303412796684,
                          0.09527714895077144],
                         [0.09836596324591419,
                          0.09784938115035947,
                          0.1398692494117401,
                          0.049717022173449366,
                          0.15330819244564708,
                          0.10275955169259254,
                          0.10019810603511745,
                          0.11319455816684276],
                         [0.09297807065420045,
                          0.11320670434388105,
                          0.1478714444336094,
                          0.10621707507723468,
                          0.05351978159571033,
                          0.11143807473214308,
                          0.06011381087306079,
                          0.11080416240610697]]}]}
load_tensorflow_graph: path = tensorflow/mario-model-simple-2019-07-17/frozen_inference_graph.pb
object_detection_graph = <tensorflow.python.framework.ops.Graph object at 0x7fcc80111e80>
Doing start sequence
Sleeping one second
sending start
sending empty
Found black world screen for the second time. exiting.



Seconds left: 393
Moves to the right: 18
