pygame 1.9.6
Hello from the pygame community. https://www.pygame.org/contribute.html
Loading neural net from gameplay_neural_nets/59/2.nn
net = {'generation': 52,
 'inputs': [],
 'layers': [{'activation': 'sigmoid',
             'bias': [-0.029500712558095797,
                      0.03630561080367548,
                      -0.025777102308958508,
                      -0.011790342451753038,
                      0.002710714641472536,
                      0.010040047988036718,
                      -0.011383289180820455,
                      -0.02959534168351725],
             'name': 'input',
             'neurons': [],
             'num_neurons': 8,
             'weights': [[0.4452590827355029,
                          0.506338650741492,
                          0.5030839806652132,
                          0.4688815594393763,
                          0.5018925540263984,
                          0.4795540779338953,
                          0.5177547316354362,
                          0.48860431083864275,
                          0.5073055193889804,
                          0.5464448263787121],
                         [0.4778831597282895,
                          0.49375646380573923,
                          0.529774801305147,
                          0.515838313218757,
                          0.5121243615980456,
                          0.49796323992006486,
                          0.47659526819323716,
                          0.4822936826285963,
                          0.5347596136163411,
                          0.5193718813810907],
                         [0.556938141855952,
                          0.4904202380453605,
                          0.48752982136713646,
                          0.4764662465488164,
                          0.4871643376800757,
                          0.5155411582114002,
                          0.5081612659301384,
                          0.47531971355907965,
                          0.4594979785261501,
                          0.5001236260761559],
                         [0.502373780269203,
                          0.47031415724445724,
                          0.4896405529512809,
                          0.42499516394804177,
                          0.46489132319269516,
                          0.5262207700026904,
                          0.5049223504097895,
                          0.4747614116095179,
                          0.5193310992117638,
                          0.5123595010553069],
                         [0.501361923818104,
                          0.49867100431937533,
                          0.5068473664911053,
                          0.4540108303041053,
                          0.5334855732331734,
                          0.5028350947107891,
                          0.5130054508533838,
                          0.49323799886321024,
                          0.49329830240180034,
                          0.5438157907807788],
                         [0.49955743368887945,
                          0.4955489307471566,
                          0.4805830744212864,
                          0.5197497174832058,
                          0.4838158073224308,
                          0.4645569687171511,
                          0.5476496069337311,
                          0.44823851185154884,
                          0.49991110098152886,
                          0.4371996496332531],
                         [0.5479387701963148,
                          0.5065794288785962,
                          0.5068687774813451,
                          0.5012863481549812,
                          0.504449606865011,
                          0.49590728977467596,
                          0.5472503763310985,
                          0.49408391674908675,
                          0.5112272922688766,
                          0.5044547880305853],
                         [0.4998220838097684,
                          0.49495054719689585,
                          0.5001733365670114,
                          0.5432730447566543,
                          0.5046784705542539,
                          0.4880074133657059,
                          0.44607154931394893,
                          0.4717920189099168,
                          0.4881645052710819,
                          0.47690277134781484]]},
            {'activation': 'sigmoid',
             'bias': [-0.03287975766237171,
                      0.0007055206091028769,
                      -0.044158241110593174,
                      -0.01146683458815931,
                      0.006142953308684739,
                      -0.04303580801743632],
             'name': 'hidden1',
             'neurons': [],
             'num_neurons': 6,
             'weights': [[0.48932422792480507,
                          0.4868327024385044,
                          0.5273286833422414,
                          0.49129874577267785,
                          0.5372337023691818,
                          0.4711885935446834,
                          0.534638800493019,
                          0.4868704592902442],
                         [0.5202423621841261,
                          0.5583120215189009,
                          0.5136685464814864,
                          0.4575481124055158,
                          0.4616078607301603,
                          0.5269996826145096,
                          0.4709424497258756,
                          0.5095449257730683],
                         [0.499249725086195,
                          0.505904964403266,
                          0.5039918418520358,
                          0.5259744480197911,
                          0.5424381423493218,
                          0.5579929128670139,
                          0.5240025721304881,
                          0.5351882538142292],
                         [0.4980921475313255,
                          0.5099671192843653,
                          0.4805624575759456,
                          0.49904725368728764,
                          0.46455651509106866,
                          0.4932461649421547,
                          0.5073250876916084,
                          0.5104667757295789],
                         [0.47295261265869243,
                          0.5606873334550796,
                          0.5089096365108704,
                          0.47914394450069525,
                          0.507436373903276,
                          0.4915381957533651,
                          0.5070767582848936,
                          0.5167056903456214],
                         [0.448971936233917,
                          0.5109031997219714,
                          0.4862093960183862,
                          0.4794282764764188,
                          0.45511062841226907,
                          0.4872619655046435,
                          0.49475854935905933,
                          0.5153577749290169],
                         [0.47249491676812216,
                          0.4864076227471172,
                          0.5295071404434282,
                          0.5276737105384623,
                          0.4736123668057659,
                          0.49264380973040106,
                          0.5372615744180093,
                          0.4898097261852179],
                         [0.4887482226576976,
                          0.551131435111239,
                          0.4891080552357424,
                          0.5087275147558922,
                          0.5312332321373361,
                          0.5007434161025502,
                          0.4882112215249,
                          0.48198170333847495]]},
            {'activation': 'sigmoid',
             'bias': [-0.027618690285702935,
                      0.02082284697159894,
                      -0.0052753168869804756,
                      0.017161317804692558,
                      0.027493155484383053],
             'name': 'output',
             'neurons': [],
             'num_neurons': 5,
             'weights': [[0.4753947484172492,
                          0.49914989618902145,
                          0.5299980570665461,
                          0.49569860540513,
                          0.4955119832006649,
                          0.4875071083887522],
                         [0.5217719613961751,
                          0.5312996742232255,
                          0.4555852297563881,
                          0.4900768193540586,
                          0.5110413573182895,
                          0.49996626250072024],
                         [0.5024268617956988,
                          0.5054437752025043,
                          0.4543687033658757,
                          0.5180727522685393,
                          0.5468305639482123,
                          0.4822338764237393],
                         [0.5041363360290609,
                          0.4857874781615238,
                          0.5119506747714273,
                          0.4867357012338033,
                          0.5005356302829517,
                          0.5011015663412756],
                         [0.5063358619085737,
                          0.5090229317637395,
                          0.46162990897518597,
                          0.5552721844739857,
                          0.5002749363701317,
                          0.4975527623659905],
                         [0.5017579366679933,
                          0.5187740931770332,
                          0.4924733692931247,
                          0.47204333330270926,
                          0.4850574510746235,
                          0.4570793978332522]]}]}
{'generation': 52,
 'inputs': [],
 'layers': [{'activation': 'sigmoid',
             'bias': [-0.029500712558095797,
                      0.03630561080367548,
                      -0.025777102308958508,
                      -0.011790342451753038,
                      0.002710714641472536,
                      0.010040047988036718,
                      -0.011383289180820455,
                      -0.02959534168351725],
             'name': 'input',
             'neurons': [<gameplay.Neuron object at 0x7f0e31b447b8>,
                         <gameplay.Neuron object at 0x7f0e31b44780>,
                         <gameplay.Neuron object at 0x7f0e31b44198>,
                         <gameplay.Neuron object at 0x7f0e31b44ac8>,
                         <gameplay.Neuron object at 0x7f0e31b44b70>,
                         <gameplay.Neuron object at 0x7f0e31b44b00>,
                         <gameplay.Neuron object at 0x7f0e31b44c18>,
                         <gameplay.Neuron object at 0x7f0e31b44c50>],
             'num_neurons': 8,
             'weights': [[0.4452590827355029,
                          0.506338650741492,
                          0.5030839806652132,
                          0.4688815594393763,
                          0.5018925540263984,
                          0.4795540779338953,
                          0.5177547316354362,
                          0.48860431083864275,
                          0.5073055193889804,
                          0.5464448263787121],
                         [0.4778831597282895,
                          0.49375646380573923,
                          0.529774801305147,
                          0.515838313218757,
                          0.5121243615980456,
                          0.49796323992006486,
                          0.47659526819323716,
                          0.4822936826285963,
                          0.5347596136163411,
                          0.5193718813810907],
                         [0.556938141855952,
                          0.4904202380453605,
                          0.48752982136713646,
                          0.4764662465488164,
                          0.4871643376800757,
                          0.5155411582114002,
                          0.5081612659301384,
                          0.47531971355907965,
                          0.4594979785261501,
                          0.5001236260761559],
                         [0.502373780269203,
                          0.47031415724445724,
                          0.4896405529512809,
                          0.42499516394804177,
                          0.46489132319269516,
                          0.5262207700026904,
                          0.5049223504097895,
                          0.4747614116095179,
                          0.5193310992117638,
                          0.5123595010553069],
                         [0.501361923818104,
                          0.49867100431937533,
                          0.5068473664911053,
                          0.4540108303041053,
                          0.5334855732331734,
                          0.5028350947107891,
                          0.5130054508533838,
                          0.49323799886321024,
                          0.49329830240180034,
                          0.5438157907807788],
                         [0.49955743368887945,
                          0.4955489307471566,
                          0.4805830744212864,
                          0.5197497174832058,
                          0.4838158073224308,
                          0.4645569687171511,
                          0.5476496069337311,
                          0.44823851185154884,
                          0.49991110098152886,
                          0.4371996496332531],
                         [0.5479387701963148,
                          0.5065794288785962,
                          0.5068687774813451,
                          0.5012863481549812,
                          0.504449606865011,
                          0.49590728977467596,
                          0.5472503763310985,
                          0.49408391674908675,
                          0.5112272922688766,
                          0.5044547880305853],
                         [0.4998220838097684,
                          0.49495054719689585,
                          0.5001733365670114,
                          0.5432730447566543,
                          0.5046784705542539,
                          0.4880074133657059,
                          0.44607154931394893,
                          0.4717920189099168,
                          0.4881645052710819,
                          0.47690277134781484]]},
            {'activation': 'sigmoid',
             'bias': [-0.03287975766237171,
                      0.0007055206091028769,
                      -0.044158241110593174,
                      -0.01146683458815931,
                      0.006142953308684739,
                      -0.04303580801743632],
             'name': 'hidden1',
             'neurons': [<gameplay.Neuron object at 0x7f0e31b44c88>,
                         <gameplay.Neuron object at 0x7f0e31b44cc0>,
                         <gameplay.Neuron object at 0x7f0e31b44d30>,
                         <gameplay.Neuron object at 0x7f0e31b44cf8>,
                         <gameplay.Neuron object at 0x7f0e31b44d68>,
                         <gameplay.Neuron object at 0x7f0e31b44dd8>],
             'num_neurons': 6,
             'weights': [[0.48932422792480507,
                          0.4868327024385044,
                          0.5273286833422414,
                          0.49129874577267785,
                          0.5372337023691818,
                          0.4711885935446834,
                          0.534638800493019,
                          0.4868704592902442],
                         [0.5202423621841261,
                          0.5583120215189009,
                          0.5136685464814864,
                          0.4575481124055158,
                          0.4616078607301603,
                          0.5269996826145096,
                          0.4709424497258756,
                          0.5095449257730683],
                         [0.499249725086195,
                          0.505904964403266,
                          0.5039918418520358,
                          0.5259744480197911,
                          0.5424381423493218,
                          0.5579929128670139,
                          0.5240025721304881,
                          0.5351882538142292],
                         [0.4980921475313255,
                          0.5099671192843653,
                          0.4805624575759456,
                          0.49904725368728764,
                          0.46455651509106866,
                          0.4932461649421547,
                          0.5073250876916084,
                          0.5104667757295789],
                         [0.47295261265869243,
                          0.5606873334550796,
                          0.5089096365108704,
                          0.47914394450069525,
                          0.507436373903276,
                          0.4915381957533651,
                          0.5070767582848936,
                          0.5167056903456214],
                         [0.448971936233917,
                          0.5109031997219714,
                          0.4862093960183862,
                          0.4794282764764188,
                          0.45511062841226907,
                          0.4872619655046435,
                          0.49475854935905933,
                          0.5153577749290169],
                         [0.47249491676812216,
                          0.4864076227471172,
                          0.5295071404434282,
                          0.5276737105384623,
                          0.4736123668057659,
                          0.49264380973040106,
                          0.5372615744180093,
                          0.4898097261852179],
                         [0.4887482226576976,
                          0.551131435111239,
                          0.4891080552357424,
                          0.5087275147558922,
                          0.5312332321373361,
                          0.5007434161025502,
                          0.4882112215249,
                          0.48198170333847495]]},
            {'activation': 'sigmoid',
             'bias': [-0.027618690285702935,
                      0.02082284697159894,
                      -0.0052753168869804756,
                      0.017161317804692558,
                      0.027493155484383053],
             'name': 'output',
             'neurons': [<gameplay.Neuron object at 0x7f0e31b44da0>,
                         <gameplay.Neuron object at 0x7f0e31b44e10>,
                         <gameplay.Neuron object at 0x7f0e31b44b38>,
                         <gameplay.Neuron object at 0x7f0e31b44ba8>,
                         <gameplay.Neuron object at 0x7f0e31b44be0>],
             'num_neurons': 5,
             'weights': [[0.4753947484172492,
                          0.49914989618902145,
                          0.5299980570665461,
                          0.49569860540513,
                          0.4955119832006649,
                          0.4875071083887522],
                         [0.5217719613961751,
                          0.5312996742232255,
                          0.4555852297563881,
                          0.4900768193540586,
                          0.5110413573182895,
                          0.49996626250072024],
                         [0.5024268617956988,
                          0.5054437752025043,
                          0.4543687033658757,
                          0.5180727522685393,
                          0.5468305639482123,
                          0.4822338764237393],
                         [0.5041363360290609,
                          0.4857874781615238,
                          0.5119506747714273,
                          0.4867357012338033,
                          0.5005356302829517,
                          0.5011015663412756],
                         [0.5063358619085737,
                          0.5090229317637395,
                          0.46162990897518597,
                          0.5552721844739857,
                          0.5002749363701317,
                          0.4975527623659905],
                         [0.5017579366679933,
                          0.5187740931770332,
                          0.4924733692931247,
                          0.47204333330270926,
                          0.4850574510746235,
                          0.4570793978332522]]}]}
load_tensorflow_graph: path = tensorflow/mario-model-simple-2019-07-17/frozen_inference_graph.pb
object_detection_graph = <tensorflow.python.framework.ops.Graph object at 0x7f0e31b44f28>
Doing start sequence
Sleeping one second
sending start
sending empty
Found black world screen for the second time. exiting.



Seconds left: 370
Moves to the right: 75
frame count: 141
time start:  1568172149.0089517,   time_now: 1568172163.8974943
