pygame 1.9.6
Hello from the pygame community. https://www.pygame.org/contribute.html
Loading neural net from gameplay_neural_nets/56/5.nn
net = {'generation': 52,
 'inputs': [],
 'layers': [{'activation': 'sigmoid',
             'bias': [0.013670123489995746,
                      -0.012543362226338572,
                      0.01780124103554688,
                      -0.023240344943906803,
                      0.019348844965115377,
                      -0.017960746824792328,
                      0.010179661769484812,
                      -0.02351020011142419],
             'name': 'input',
             'neurons': [],
             'num_neurons': 8,
             'weights': [[0.3749000038622045,
                          0.3977118511646068,
                          0.096841137288434,
                          0.10558266012090513,
                          0.11906588086890994,
                          0.07831942082745737,
                          0.11204608927028671,
                          0.1099841532689115,
                          0.09850323451872953,
                          0.08355086934836256],
                         [0.3792702311918261,
                          0.41101109344986786,
                          0.1035486497077267,
                          0.09082610913938109,
                          0.08949478844491196,
                          0.08610599007425215,
                          0.09623144330786913,
                          0.0914020957292434,
                          0.09717464201231181,
                          0.10631839313480787],
                         [0.37306867615333217,
                          0.43068259568973555,
                          0.11253148462056732,
                          0.07635838229325458,
                          0.10503264860709997,
                          0.10882278974165667,
                          0.08179531369715845,
                          0.08187046335606567,
                          0.11236076413368642,
                          0.0777551872459745],
                         [0.41409638957568035,
                          0.4055208418941509,
                          0.09430570130542962,
                          0.10194938517746321,
                          0.08309136837294065,
                          0.09366278661677531,
                          0.08652321628754865,
                          0.11991356274855403,
                          0.08303657698094992,
                          0.1247529912933944],
                         [0.36260530819141096,
                          0.3957872980359063,
                          0.062469341967361314,
                          0.11878367153266829,
                          0.0880527124082096,
                          0.12103321944929595,
                          0.09198187340393123,
                          0.1329718380282546,
                          0.09015981320043603,
                          0.07694071281105111],
                         [0.3664771690132486,
                          0.3984793603459994,
                          0.07108195113019448,
                          0.10074119350551484,
                          0.10673743409029371,
                          0.09889748240345597,
                          0.09339147708040033,
                          0.11390683626659527,
                          0.12159803670227769,
                          0.11963295520528026],
                         [0.3860244254135174,
                          0.3773916134154291,
                          0.11618002327227697,
                          0.054410958257346764,
                          0.11359481880603982,
                          0.08679392250814724,
                          0.0936382607700845,
                          0.12031139287661445,
                          0.10115311898725846,
                          0.06299881996518109],
                         [0.4034478175935708,
                          0.4097159122724033,
                          0.07838664800174723,
                          0.06611065576396231,
                          0.1224284357494545,
                          0.0692767836308014,
                          0.08063713081052469,
                          0.1473992160518434,
                          0.08063128061652597,
                          0.08395835706650763]]},
            {'activation': 'sigmoid',
             'bias': [-0.02138117711654986,
                      0.03709021547994575,
                      0.011557406516957618,
                      0.02604133629670844,
                      0.030853714442882492],
             'name': 'output',
             'neurons': [],
             'num_neurons': 5,
             'weights': [[0.07419512701544659,
                          0.08226350403338348,
                          0.10167437009963018,
                          0.08103251020757687,
                          0.10290508630208797,
                          0.12224178587562771,
                          0.12813950103247035,
                          0.09168090788446434],
                         [0.07451416363672851,
                          0.06661327018570785,
                          0.07182078629601216,
                          0.1435400739067859,
                          0.10003019832533622,
                          0.09229309027560187,
                          0.08087644563017111,
                          0.1436356677793857],
                         [0.11177114576267996,
                          0.08025836380093032,
                          0.11112566228768642,
                          0.10636150978793474,
                          0.09548823406009785,
                          0.10695751516372631,
                          0.12033073621388622,
                          0.09691724062787936],
                         [0.08777492136685433,
                          0.07439485584046952,
                          0.10982576805839336,
                          0.0917071779903168,
                          0.12103310317707461,
                          0.12177233750544132,
                          0.10750078866414152,
                          0.1000861421526624],
                         [0.11837189699353864,
                          0.09228601152822936,
                          0.13256946314121873,
                          0.06300199025924673,
                          0.14050847893018079,
                          0.09751966509276526,
                          0.10083906296391397,
                          0.10006301343697284],
                         [0.1067002359232684,
                          0.11215512216340433,
                          0.12581408663049665,
                          0.08794652180285684,
                          0.07510050457980293,
                          0.12150037619769581,
                          0.09997017631706685,
                          0.11082523092786091]]}]}
{'generation': 52,
 'inputs': [],
 'layers': [{'activation': 'sigmoid',
             'bias': [0.013670123489995746,
                      -0.012543362226338572,
                      0.01780124103554688,
                      -0.023240344943906803,
                      0.019348844965115377,
                      -0.017960746824792328,
                      0.010179661769484812,
                      -0.02351020011142419],
             'name': 'input',
             'neurons': [<gameplay.Neuron object at 0x7f5277350860>,
                         <gameplay.Neuron object at 0x7f5277350828>,
                         <gameplay.Neuron object at 0x7f5277350240>,
                         <gameplay.Neuron object at 0x7f5277350b00>,
                         <gameplay.Neuron object at 0x7f5277350ba8>,
                         <gameplay.Neuron object at 0x7f5277350b38>,
                         <gameplay.Neuron object at 0x7f5277350c88>,
                         <gameplay.Neuron object at 0x7f5277350c50>],
             'num_neurons': 8,
             'weights': [[0.3749000038622045,
                          0.3977118511646068,
                          0.096841137288434,
                          0.10558266012090513,
                          0.11906588086890994,
                          0.07831942082745737,
                          0.11204608927028671,
                          0.1099841532689115,
                          0.09850323451872953,
                          0.08355086934836256],
                         [0.3792702311918261,
                          0.41101109344986786,
                          0.1035486497077267,
                          0.09082610913938109,
                          0.08949478844491196,
                          0.08610599007425215,
                          0.09623144330786913,
                          0.0914020957292434,
                          0.09717464201231181,
                          0.10631839313480787],
                         [0.37306867615333217,
                          0.43068259568973555,
                          0.11253148462056732,
                          0.07635838229325458,
                          0.10503264860709997,
                          0.10882278974165667,
                          0.08179531369715845,
                          0.08187046335606567,
                          0.11236076413368642,
                          0.0777551872459745],
                         [0.41409638957568035,
                          0.4055208418941509,
                          0.09430570130542962,
                          0.10194938517746321,
                          0.08309136837294065,
                          0.09366278661677531,
                          0.08652321628754865,
                          0.11991356274855403,
                          0.08303657698094992,
                          0.1247529912933944],
                         [0.36260530819141096,
                          0.3957872980359063,
                          0.062469341967361314,
                          0.11878367153266829,
                          0.0880527124082096,
                          0.12103321944929595,
                          0.09198187340393123,
                          0.1329718380282546,
                          0.09015981320043603,
                          0.07694071281105111],
                         [0.3664771690132486,
                          0.3984793603459994,
                          0.07108195113019448,
                          0.10074119350551484,
                          0.10673743409029371,
                          0.09889748240345597,
                          0.09339147708040033,
                          0.11390683626659527,
                          0.12159803670227769,
                          0.11963295520528026],
                         [0.3860244254135174,
                          0.3773916134154291,
                          0.11618002327227697,
                          0.054410958257346764,
                          0.11359481880603982,
                          0.08679392250814724,
                          0.0936382607700845,
                          0.12031139287661445,
                          0.10115311898725846,
                          0.06299881996518109],
                         [0.4034478175935708,
                          0.4097159122724033,
                          0.07838664800174723,
                          0.06611065576396231,
                          0.1224284357494545,
                          0.0692767836308014,
                          0.08063713081052469,
                          0.1473992160518434,
                          0.08063128061652597,
                          0.08395835706650763]]},
            {'activation': 'sigmoid',
             'bias': [-0.02138117711654986,
                      0.03709021547994575,
                      0.011557406516957618,
                      0.02604133629670844,
                      0.030853714442882492],
             'name': 'output',
             'neurons': [<gameplay.Neuron object at 0x7f5277350cc0>,
                         <gameplay.Neuron object at 0x7f5277350cf8>,
                         <gameplay.Neuron object at 0x7f5277350d68>,
                         <gameplay.Neuron object at 0x7f5277350d30>,
                         <gameplay.Neuron object at 0x7f5277350da0>],
             'num_neurons': 5,
             'weights': [[0.07419512701544659,
                          0.08226350403338348,
                          0.10167437009963018,
                          0.08103251020757687,
                          0.10290508630208797,
                          0.12224178587562771,
                          0.12813950103247035,
                          0.09168090788446434],
                         [0.07451416363672851,
                          0.06661327018570785,
                          0.07182078629601216,
                          0.1435400739067859,
                          0.10003019832533622,
                          0.09229309027560187,
                          0.08087644563017111,
                          0.1436356677793857],
                         [0.11177114576267996,
                          0.08025836380093032,
                          0.11112566228768642,
                          0.10636150978793474,
                          0.09548823406009785,
                          0.10695751516372631,
                          0.12033073621388622,
                          0.09691724062787936],
                         [0.08777492136685433,
                          0.07439485584046952,
                          0.10982576805839336,
                          0.0917071779903168,
                          0.12103310317707461,
                          0.12177233750544132,
                          0.10750078866414152,
                          0.1000861421526624],
                         [0.11837189699353864,
                          0.09228601152822936,
                          0.13256946314121873,
                          0.06300199025924673,
                          0.14050847893018079,
                          0.09751966509276526,
                          0.10083906296391397,
                          0.10006301343697284],
                         [0.1067002359232684,
                          0.11215512216340433,
                          0.12581408663049665,
                          0.08794652180285684,
                          0.07510050457980293,
                          0.12150037619769581,
                          0.09997017631706685,
                          0.11082523092786091]]}]}
load_tensorflow_graph: path = tensorflow/mario-model-simple-2019-07-17/frozen_inference_graph.pb
object_detection_graph = <tensorflow.python.framework.ops.Graph object at 0x7f5277350e48>
Doing start sequence
Sleeping one second
sending start
sending empty
Found black world screen for the second time. exiting.



Seconds left: 393
Moves to the right: 18
