pygame 1.9.6
Hello from the pygame community. https://www.pygame.org/contribute.html
Loading neural net from gameplay_neural_nets/158/4.nn
net = {'generation': 143,
 'inputs': [],
 'layers': [{'activation': 'sigmoid',
             'bias': [0.016071844505198364,
                      -0.049020369866482394,
                      0.004464173596948949,
                      -2.3988009797605396e-05,
                      -0.012054756780162951,
                      -0.024116088221201634,
                      0.006524009992032363,
                      0.003714425505407985],
             'name': 'input',
             'neurons': [],
             'num_neurons': 8,
             'weights': [[0.3557803012151797,
                          0.42662773704571094,
                          0.09133608801677066,
                          0.14717229525114658,
                          0.0942673840061601,
                          0.08691707112915245,
                          0.06416171221571201,
                          0.078173334899835,
                          0.07557362188154007,
                          0.06684554284682417],
                         [0.3769046113756145,
                          0.3621277536964201,
                          0.08086418496761764,
                          0.1205487662065084,
                          0.13165601261104412,
                          0.06939855093094466,
                          0.11707945443902426,
                          0.10040329025971104,
                          0.0943220790256321,
                          0.11504171530938487],
                         [0.3386428193170969,
                          0.42743537028345185,
                          0.05868096165639394,
                          0.04273700866362534,
                          0.08829568033847025,
                          0.1037656055657403,
                          0.08558181131124107,
                          0.11727676439679162,
                          0.09186390109286657,
                          0.06986409463934906],
                         [0.3813899119561469,
                          0.41416215919822125,
                          0.09531019143003976,
                          0.09945215751663632,
                          0.05948737452702877,
                          0.08297850407037803,
                          0.062465974936854726,
                          0.13299063699492708,
                          0.13741971094064273,
                          0.12837573082105466],
                         [0.4211375806234403,
                          0.4063741939244624,
                          0.0551557968456935,
                          0.11866523464604835,
                          0.10266245626641902,
                          0.15171427564754816,
                          0.13898086921965283,
                          0.14595080608306127,
                          0.07412668413668677,
                          0.06201160364595451],
                         [0.35345471790390587,
                          0.41634630307905823,
                          0.07069228453275819,
                          0.0796902440221886,
                          0.09568304374367176,
                          0.07850617395986742,
                          0.10506226231333855,
                          0.0946294285164978,
                          0.1323082426921964,
                          0.10327379663746436],
                         [0.35252570824381274,
                          0.3765219745137708,
                          0.1328176321722732,
                          0.07774501799007565,
                          0.1214312585025972,
                          0.11156559656652179,
                          0.11171541858109485,
                          0.08119135703375947,
                          0.10831243781816587,
                          0.054377908527822046],
                         [0.3928638272809488,
                          0.41814383060953225,
                          0.06930303661523067,
                          0.07831966280651709,
                          0.09458400720328933,
                          0.05358619332345227,
                          0.06590568344907247,
                          0.15803853486889802,
                          0.12249020025438814,
                          0.07496148725111712]]},
            {'activation': 'sigmoid',
             'bias': [-0.03322983231866163,
                      0.08807252253074475,
                      -0.020671252197468334,
                      -0.013211175836790894,
                      -0.0012779960280884066],
             'name': 'output',
             'neurons': [],
             'num_neurons': 5,
             'weights': [[0.041429988568818035,
                          0.08312215917980453,
                          0.07569507685326192,
                          0.04333196286599374,
                          0.11851143791755116,
                          0.14137649439117397,
                          0.12689702417248191,
                          0.13050026432599549],
                         [0.05419778518267282,
                          0.0664637386888032,
                          0.07613008397089538,
                          0.1538712018399531,
                          0.12098122296138708,
                          0.057873009643874276,
                          0.060014977812780694,
                          0.17085635884460623],
                         [0.12342044815824604,
                          0.10353454738978707,
                          0.09393376218020252,
                          0.06204951512150837,
                          0.040468855087211916,
                          0.11840671197314864,
                          0.12178193460486991,
                          0.08728717316438282],
                         [0.08381595026669748,
                          0.07061316161628918,
                          0.1592699027782695,
                          0.0657576071276629,
                          0.1748210452884235,
                          0.08884513276039567,
                          0.07841792230091173,
                          0.09174834397956207],
                         [0.14267182466246245,
                          0.08282610384500674,
                          0.1520066064461264,
                          0.03117000088415538,
                          0.19419850815770254,
                          0.1146731267167466,
                          0.06475712153187545,
                          0.0898256140681915],
                         [0.08695584406219305,
                          0.12947169396202862,
                          0.1409418325234509,
                          0.0813581802326072,
                          0.037439850150073374,
                          0.12446544778460455,
                          0.0674312218241632,
                          0.117243424684979]]}]}
{'generation': 143,
 'inputs': [],
 'layers': [{'activation': 'sigmoid',
             'bias': [0.016071844505198364,
                      -0.049020369866482394,
                      0.004464173596948949,
                      -2.3988009797605396e-05,
                      -0.012054756780162951,
                      -0.024116088221201634,
                      0.006524009992032363,
                      0.003714425505407985],
             'name': 'input',
             'neurons': [<gameplay.Neuron object at 0x7ffa7b398898>,
                         <gameplay.Neuron object at 0x7ffa7b398860>,
                         <gameplay.Neuron object at 0x7ffa7b398278>,
                         <gameplay.Neuron object at 0x7ffa7b398b38>,
                         <gameplay.Neuron object at 0x7ffa7b398be0>,
                         <gameplay.Neuron object at 0x7ffa7b398b70>,
                         <gameplay.Neuron object at 0x7ffa7b398cc0>,
                         <gameplay.Neuron object at 0x7ffa7b398c88>],
             'num_neurons': 8,
             'weights': [[0.3557803012151797,
                          0.42662773704571094,
                          0.09133608801677066,
                          0.14717229525114658,
                          0.0942673840061601,
                          0.08691707112915245,
                          0.06416171221571201,
                          0.078173334899835,
                          0.07557362188154007,
                          0.06684554284682417],
                         [0.3769046113756145,
                          0.3621277536964201,
                          0.08086418496761764,
                          0.1205487662065084,
                          0.13165601261104412,
                          0.06939855093094466,
                          0.11707945443902426,
                          0.10040329025971104,
                          0.0943220790256321,
                          0.11504171530938487],
                         [0.3386428193170969,
                          0.42743537028345185,
                          0.05868096165639394,
                          0.04273700866362534,
                          0.08829568033847025,
                          0.1037656055657403,
                          0.08558181131124107,
                          0.11727676439679162,
                          0.09186390109286657,
                          0.06986409463934906],
                         [0.3813899119561469,
                          0.41416215919822125,
                          0.09531019143003976,
                          0.09945215751663632,
                          0.05948737452702877,
                          0.08297850407037803,
                          0.062465974936854726,
                          0.13299063699492708,
                          0.13741971094064273,
                          0.12837573082105466],
                         [0.4211375806234403,
                          0.4063741939244624,
                          0.0551557968456935,
                          0.11866523464604835,
                          0.10266245626641902,
                          0.15171427564754816,
                          0.13898086921965283,
                          0.14595080608306127,
                          0.07412668413668677,
                          0.06201160364595451],
                         [0.35345471790390587,
                          0.41634630307905823,
                          0.07069228453275819,
                          0.0796902440221886,
                          0.09568304374367176,
                          0.07850617395986742,
                          0.10506226231333855,
                          0.0946294285164978,
                          0.1323082426921964,
                          0.10327379663746436],
                         [0.35252570824381274,
                          0.3765219745137708,
                          0.1328176321722732,
                          0.07774501799007565,
                          0.1214312585025972,
                          0.11156559656652179,
                          0.11171541858109485,
                          0.08119135703375947,
                          0.10831243781816587,
                          0.054377908527822046],
                         [0.3928638272809488,
                          0.41814383060953225,
                          0.06930303661523067,
                          0.07831966280651709,
                          0.09458400720328933,
                          0.05358619332345227,
                          0.06590568344907247,
                          0.15803853486889802,
                          0.12249020025438814,
                          0.07496148725111712]]},
            {'activation': 'sigmoid',
             'bias': [-0.03322983231866163,
                      0.08807252253074475,
                      -0.020671252197468334,
                      -0.013211175836790894,
                      -0.0012779960280884066],
             'name': 'output',
             'neurons': [<gameplay.Neuron object at 0x7ffa7b398cf8>,
                         <gameplay.Neuron object at 0x7ffa7b398d30>,
                         <gameplay.Neuron object at 0x7ffa7b398da0>,
                         <gameplay.Neuron object at 0x7ffa7b398d68>,
                         <gameplay.Neuron object at 0x7ffa7b398dd8>],
             'num_neurons': 5,
             'weights': [[0.041429988568818035,
                          0.08312215917980453,
                          0.07569507685326192,
                          0.04333196286599374,
                          0.11851143791755116,
                          0.14137649439117397,
                          0.12689702417248191,
                          0.13050026432599549],
                         [0.05419778518267282,
                          0.0664637386888032,
                          0.07613008397089538,
                          0.1538712018399531,
                          0.12098122296138708,
                          0.057873009643874276,
                          0.060014977812780694,
                          0.17085635884460623],
                         [0.12342044815824604,
                          0.10353454738978707,
                          0.09393376218020252,
                          0.06204951512150837,
                          0.040468855087211916,
                          0.11840671197314864,
                          0.12178193460486991,
                          0.08728717316438282],
                         [0.08381595026669748,
                          0.07061316161628918,
                          0.1592699027782695,
                          0.0657576071276629,
                          0.1748210452884235,
                          0.08884513276039567,
                          0.07841792230091173,
                          0.09174834397956207],
                         [0.14267182466246245,
                          0.08282610384500674,
                          0.1520066064461264,
                          0.03117000088415538,
                          0.19419850815770254,
                          0.1146731267167466,
                          0.06475712153187545,
                          0.0898256140681915],
                         [0.08695584406219305,
                          0.12947169396202862,
                          0.1409418325234509,
                          0.0813581802326072,
                          0.037439850150073374,
                          0.12446544778460455,
                          0.0674312218241632,
                          0.117243424684979]]}]}
load_tensorflow_graph: path = tensorflow/mario-model-simple-2019-07-17/frozen_inference_graph.pb
object_detection_graph = <tensorflow.python.framework.ops.Graph object at 0x7ffa7b398e80>
Doing start sequence
Sleeping one second
sending start
sending empty
Found black world screen for the second time. exiting.



Seconds left: 378
Moves to the right: 12
