pygame 1.9.6
Hello from the pygame community. https://www.pygame.org/contribute.html
Loading neural net from gameplay_neural_nets/158/6.nn
net = {'generation': 143,
 'inputs': [],
 'layers': [{'activation': 'sigmoid',
             'bias': [0.015649039861833434,
                      -0.049020369866482394,
                      0.004464173596948949,
                      0.0066508891230384745,
                      -0.012054756780162951,
                      -0.02821669389056347,
                      0.020379367739905473,
                      0.003714425505407985],
             'name': 'input',
             'neurons': [],
             'num_neurons': 8,
             'weights': [[0.3557803012151797,
                          0.42662773704571094,
                          0.08157746373285575,
                          0.14717229525114658,
                          0.0866443301091136,
                          0.07307656856109629,
                          0.06416171221571201,
                          0.078173334899835,
                          0.07557362188154007,
                          0.06684554284682417],
                         [0.3792596850948799,
                          0.3582424174139598,
                          0.08086418496761764,
                          0.12255684415316478,
                          0.13165601261104412,
                          0.06939855093094466,
                          0.11443901959728794,
                          0.1003876952423485,
                          0.08438461804035209,
                          0.11504171530938487],
                         [0.3451509642504385,
                          0.42329167833549597,
                          0.05868096165639394,
                          0.04273700866362534,
                          0.08818365309427105,
                          0.10939434780423542,
                          0.08558181131124107,
                          0.11997571677939535,
                          0.08187262715895699,
                          0.06986409463934906],
                         [0.3863121269308244,
                          0.41416215919822125,
                          0.10469157327992511,
                          0.09945215751663632,
                          0.05948737452702877,
                          0.07647176084368655,
                          0.06192892174366678,
                          0.13493451769457762,
                          0.13741971094064273,
                          0.1319598875516486],
                         [0.4262944005481755,
                          0.40607691849487765,
                          0.051372438027557116,
                          0.12772516309189993,
                          0.10266245626641902,
                          0.14390826532984172,
                          0.13015772763717837,
                          0.14595080608306127,
                          0.07014253499852288,
                          0.06201160364595451],
                         [0.3603546391118942,
                          0.41634630307905823,
                          0.07069228453275819,
                          0.0796902440221886,
                          0.08790251479882216,
                          0.06388041774617362,
                          0.10506226231333855,
                          0.08830465882432179,
                          0.13289975623937333,
                          0.0984912701580397],
                         [0.345383058478117,
                          0.3765219745137708,
                          0.1312970771514492,
                          0.07115488754700497,
                          0.1214312585025972,
                          0.11156559656652179,
                          0.10972146362620226,
                          0.07492827108162223,
                          0.10831243781816587,
                          0.05549089300974945],
                         [0.3928638272809488,
                          0.41532814634254456,
                          0.06578555024975938,
                          0.0816895548905388,
                          0.10436190595879749,
                          0.05358619332345227,
                          0.0605241392750201,
                          0.15803853486889802,
                          0.12249020025438814,
                          0.07496148725111712]]},
            {'activation': 'sigmoid',
             'bias': [-0.03322983231866163,
                      0.0821223470812139,
                      -0.02839046387086567,
                      -0.0053790802193643805,
                      -0.0012779960280884066],
             'name': 'output',
             'neurons': [],
             'num_neurons': 5,
             'weights': [[0.05110534151449232,
                          0.08615433430967515,
                          0.07569507685326192,
                          0.04333196286599374,
                          0.10981755998812892,
                          0.14928251271528406,
                          0.1297867847068161,
                          0.12716565692002976],
                         [0.05878554190001123,
                          0.06312704877181341,
                          0.08582646510669376,
                          0.15859403388479576,
                          0.1237113745219269,
                          0.06452905076769355,
                          0.05084283881456605,
                          0.172078685773564],
                         [0.1314617267894414,
                          0.10275675939113862,
                          0.10084669932972123,
                          0.07075540714901334,
                          0.04304474001402649,
                          0.11117965403414924,
                          0.11778595881744992,
                          0.0848925270081194],
                         [0.08381595026669748,
                          0.07061316161628918,
                          0.1547955185834361,
                          0.0643694742868846,
                          0.1748210452884235,
                          0.10298669244494295,
                          0.07841792230091173,
                          0.08348042149609766],
                         [0.14267182466246245,
                          0.08282610384500674,
                          0.1520066064461264,
                          0.03117000088415538,
                          0.19496373899634167,
                          0.1146731267167466,
                          0.06475712153187545,
                          0.08392524819120643],
                         [0.09128574455684152,
                          0.1339204673516377,
                          0.13956806912994246,
                          0.07628779650724347,
                          0.037439850150073374,
                          0.12446544778460455,
                          0.0674312218241632,
                          0.117243424684979]]}]}
{'generation': 143,
 'inputs': [],
 'layers': [{'activation': 'sigmoid',
             'bias': [0.015649039861833434,
                      -0.049020369866482394,
                      0.004464173596948949,
                      0.0066508891230384745,
                      -0.012054756780162951,
                      -0.02821669389056347,
                      0.020379367739905473,
                      0.003714425505407985],
             'name': 'input',
             'neurons': [<gameplay.Neuron object at 0x7f0b4dc0a860>,
                         <gameplay.Neuron object at 0x7f0b4dc0a828>,
                         <gameplay.Neuron object at 0x7f0b4dc0a240>,
                         <gameplay.Neuron object at 0x7f0b4dc0ab00>,
                         <gameplay.Neuron object at 0x7f0b4dc0aba8>,
                         <gameplay.Neuron object at 0x7f0b4dc0ab38>,
                         <gameplay.Neuron object at 0x7f0b4dc0ac88>,
                         <gameplay.Neuron object at 0x7f0b4dc0ac50>],
             'num_neurons': 8,
             'weights': [[0.3557803012151797,
                          0.42662773704571094,
                          0.08157746373285575,
                          0.14717229525114658,
                          0.0866443301091136,
                          0.07307656856109629,
                          0.06416171221571201,
                          0.078173334899835,
                          0.07557362188154007,
                          0.06684554284682417],
                         [0.3792596850948799,
                          0.3582424174139598,
                          0.08086418496761764,
                          0.12255684415316478,
                          0.13165601261104412,
                          0.06939855093094466,
                          0.11443901959728794,
                          0.1003876952423485,
                          0.08438461804035209,
                          0.11504171530938487],
                         [0.3451509642504385,
                          0.42329167833549597,
                          0.05868096165639394,
                          0.04273700866362534,
                          0.08818365309427105,
                          0.10939434780423542,
                          0.08558181131124107,
                          0.11997571677939535,
                          0.08187262715895699,
                          0.06986409463934906],
                         [0.3863121269308244,
                          0.41416215919822125,
                          0.10469157327992511,
                          0.09945215751663632,
                          0.05948737452702877,
                          0.07647176084368655,
                          0.06192892174366678,
                          0.13493451769457762,
                          0.13741971094064273,
                          0.1319598875516486],
                         [0.4262944005481755,
                          0.40607691849487765,
                          0.051372438027557116,
                          0.12772516309189993,
                          0.10266245626641902,
                          0.14390826532984172,
                          0.13015772763717837,
                          0.14595080608306127,
                          0.07014253499852288,
                          0.06201160364595451],
                         [0.3603546391118942,
                          0.41634630307905823,
                          0.07069228453275819,
                          0.0796902440221886,
                          0.08790251479882216,
                          0.06388041774617362,
                          0.10506226231333855,
                          0.08830465882432179,
                          0.13289975623937333,
                          0.0984912701580397],
                         [0.345383058478117,
                          0.3765219745137708,
                          0.1312970771514492,
                          0.07115488754700497,
                          0.1214312585025972,
                          0.11156559656652179,
                          0.10972146362620226,
                          0.07492827108162223,
                          0.10831243781816587,
                          0.05549089300974945],
                         [0.3928638272809488,
                          0.41532814634254456,
                          0.06578555024975938,
                          0.0816895548905388,
                          0.10436190595879749,
                          0.05358619332345227,
                          0.0605241392750201,
                          0.15803853486889802,
                          0.12249020025438814,
                          0.07496148725111712]]},
            {'activation': 'sigmoid',
             'bias': [-0.03322983231866163,
                      0.0821223470812139,
                      -0.02839046387086567,
                      -0.0053790802193643805,
                      -0.0012779960280884066],
             'name': 'output',
             'neurons': [<gameplay.Neuron object at 0x7f0b4dc0acc0>,
                         <gameplay.Neuron object at 0x7f0b4dc0acf8>,
                         <gameplay.Neuron object at 0x7f0b4dc0ad68>,
                         <gameplay.Neuron object at 0x7f0b4dc0ad30>,
                         <gameplay.Neuron object at 0x7f0b4dc0ada0>],
             'num_neurons': 5,
             'weights': [[0.05110534151449232,
                          0.08615433430967515,
                          0.07569507685326192,
                          0.04333196286599374,
                          0.10981755998812892,
                          0.14928251271528406,
                          0.1297867847068161,
                          0.12716565692002976],
                         [0.05878554190001123,
                          0.06312704877181341,
                          0.08582646510669376,
                          0.15859403388479576,
                          0.1237113745219269,
                          0.06452905076769355,
                          0.05084283881456605,
                          0.172078685773564],
                         [0.1314617267894414,
                          0.10275675939113862,
                          0.10084669932972123,
                          0.07075540714901334,
                          0.04304474001402649,
                          0.11117965403414924,
                          0.11778595881744992,
                          0.0848925270081194],
                         [0.08381595026669748,
                          0.07061316161628918,
                          0.1547955185834361,
                          0.0643694742868846,
                          0.1748210452884235,
                          0.10298669244494295,
                          0.07841792230091173,
                          0.08348042149609766],
                         [0.14267182466246245,
                          0.08282610384500674,
                          0.1520066064461264,
                          0.03117000088415538,
                          0.19496373899634167,
                          0.1146731267167466,
                          0.06475712153187545,
                          0.08392524819120643],
                         [0.09128574455684152,
                          0.1339204673516377,
                          0.13956806912994246,
                          0.07628779650724347,
                          0.037439850150073374,
                          0.12446544778460455,
                          0.0674312218241632,
                          0.117243424684979]]}]}
load_tensorflow_graph: path = tensorflow/mario-model-simple-2019-07-17/frozen_inference_graph.pb
object_detection_graph = <tensorflow.python.framework.ops.Graph object at 0x7f0b4dc0ae48>
Doing start sequence
Sleeping one second
sending start
sending empty
Found black world screen for the second time. exiting.



Seconds left: 1
Moves to the right: 5
