pygame 1.9.6
Hello from the pygame community. https://www.pygame.org/contribute.html
Loading neural net from gameplay_neural_nets/158/grand_father_grand_father_grand_father_1.nn
net = {'generation': 142,
 'inputs': [],
 'layers': [{'activation': 'sigmoid',
             'bias': [0.011962684344455759,
                      -0.049020369866482394,
                      0.004464173596948949,
                      -2.3988009797605396e-05,
                      -0.012054756780162951,
                      -0.024116088221201634,
                      0.014317468858282053,
                      0.003714425505407985],
             'name': 'input',
             'neurons': [],
             'num_neurons': 8,
             'weights': [[0.3557803012151797,
                          0.42662773704571094,
                          0.09133608801677066,
                          0.14717229525114658,
                          0.0866443301091136,
                          0.07718751219995722,
                          0.06416171221571201,
                          0.078173334899835,
                          0.07557362188154007,
                          0.06684554284682417],
                         [0.3792596850948799,
                          0.366378770890016,
                          0.08086418496761764,
                          0.1205487662065084,
                          0.13165601261104412,
                          0.06939855093094466,
                          0.11443901959728794,
                          0.1003876952423485,
                          0.0943220790256321,
                          0.11504171530938487],
                         [0.33921531284131984,
                          0.42743537028345185,
                          0.05868096165639394,
                          0.04273700866362534,
                          0.08818365309427105,
                          0.10939434780423542,
                          0.08558181131124107,
                          0.11727676439679162,
                          0.09186390109286657,
                          0.06986409463934906],
                         [0.3813899119561469,
                          0.41416215919822125,
                          0.10469157327992511,
                          0.09945215751663632,
                          0.05948737452702877,
                          0.07647176084368655,
                          0.06192892174366678,
                          0.13493451769457762,
                          0.13741971094064273,
                          0.12837573082105466],
                         [0.4262944005481755,
                          0.40607691849487765,
                          0.0551557968456935,
                          0.11866523464604835,
                          0.10266245626641902,
                          0.15171427564754816,
                          0.1342991755738906,
                          0.14595080608306127,
                          0.07412668413668677,
                          0.06201160364595451],
                         [0.3603546391118942,
                          0.41634630307905823,
                          0.07069228453275819,
                          0.0796902440221886,
                          0.08790251479882216,
                          0.07257031663906532,
                          0.10506226231333855,
                          0.09182057526352277,
                          0.1323082426921964,
                          0.10327379663746436],
                         [0.35252570824381274,
                          0.3765219745137708,
                          0.12787285431594497,
                          0.07543262059675253,
                          0.1214312585025972,
                          0.11156559656652179,
                          0.10972146362620226,
                          0.08119135703375947,
                          0.10831243781816587,
                          0.054377908527822046],
                         [0.3928638272809488,
                          0.41814383060953225,
                          0.059951192685924984,
                          0.07831966280651709,
                          0.10436190595879749,
                          0.05358619332345227,
                          0.06590568344907247,
                          0.15803853486889802,
                          0.12249020025438814,
                          0.07496148725111712]]},
            {'activation': 'sigmoid',
             'bias': [-0.03322983231866163,
                      0.0821223470812139,
                      -0.027179724377533312,
                      -0.0053790802193643805,
                      -0.0012779960280884066],
             'name': 'output',
             'neurons': [],
             'num_neurons': 5,
             'weights': [[0.041429988568818035,
                          0.08615433430967515,
                          0.07569507685326192,
                          0.04333196286599374,
                          0.11851143791755116,
                          0.14137649439117397,
                          0.1306357018300966,
                          0.1226368931187519],
                         [0.050752501521616075,
                          0.05651328488598717,
                          0.08582646510669376,
                          0.15859403388479576,
                          0.1237113745219269,
                          0.057873009643874276,
                          0.05084283881456605,
                          0.16224300459189397],
                         [0.1314617267894414,
                          0.10051683134350513,
                          0.09834378879572786,
                          0.07075540714901334,
                          0.040468855087211916,
                          0.112582983706187,
                          0.12178193460486991,
                          0.08728717316438282],
                         [0.08381595026669748,
                          0.07061316161628918,
                          0.1547955185834361,
                          0.0643694742868846,
                          0.1748210452884235,
                          0.09601492394276018,
                          0.07841792230091173,
                          0.09174834397956207],
                         [0.14267182466246245,
                          0.08282610384500674,
                          0.1520066064461264,
                          0.03117000088415538,
                          0.19419850815770254,
                          0.1146731267167466,
                          0.06475712153187545,
                          0.0905985124332255],
                         [0.09128574455684152,
                          0.12947169396202862,
                          0.13956806912994246,
                          0.0813581802326072,
                          0.037439850150073374,
                          0.12446544778460455,
                          0.0674312218241632,
                          0.117243424684979]]}]}
{'generation': 142,
 'inputs': [],
 'layers': [{'activation': 'sigmoid',
             'bias': [0.011962684344455759,
                      -0.049020369866482394,
                      0.004464173596948949,
                      -2.3988009797605396e-05,
                      -0.012054756780162951,
                      -0.024116088221201634,
                      0.014317468858282053,
                      0.003714425505407985],
             'name': 'input',
             'neurons': [<gameplay.Neuron object at 0x7fcd695b5860>,
                         <gameplay.Neuron object at 0x7fcd695b5828>,
                         <gameplay.Neuron object at 0x7fcd695b5240>,
                         <gameplay.Neuron object at 0x7fcd695b5b00>,
                         <gameplay.Neuron object at 0x7fcd695b5ba8>,
                         <gameplay.Neuron object at 0x7fcd695b5b38>,
                         <gameplay.Neuron object at 0x7fcd695b5c88>,
                         <gameplay.Neuron object at 0x7fcd695b5c50>],
             'num_neurons': 8,
             'weights': [[0.3557803012151797,
                          0.42662773704571094,
                          0.09133608801677066,
                          0.14717229525114658,
                          0.0866443301091136,
                          0.07718751219995722,
                          0.06416171221571201,
                          0.078173334899835,
                          0.07557362188154007,
                          0.06684554284682417],
                         [0.3792596850948799,
                          0.366378770890016,
                          0.08086418496761764,
                          0.1205487662065084,
                          0.13165601261104412,
                          0.06939855093094466,
                          0.11443901959728794,
                          0.1003876952423485,
                          0.0943220790256321,
                          0.11504171530938487],
                         [0.33921531284131984,
                          0.42743537028345185,
                          0.05868096165639394,
                          0.04273700866362534,
                          0.08818365309427105,
                          0.10939434780423542,
                          0.08558181131124107,
                          0.11727676439679162,
                          0.09186390109286657,
                          0.06986409463934906],
                         [0.3813899119561469,
                          0.41416215919822125,
                          0.10469157327992511,
                          0.09945215751663632,
                          0.05948737452702877,
                          0.07647176084368655,
                          0.06192892174366678,
                          0.13493451769457762,
                          0.13741971094064273,
                          0.12837573082105466],
                         [0.4262944005481755,
                          0.40607691849487765,
                          0.0551557968456935,
                          0.11866523464604835,
                          0.10266245626641902,
                          0.15171427564754816,
                          0.1342991755738906,
                          0.14595080608306127,
                          0.07412668413668677,
                          0.06201160364595451],
                         [0.3603546391118942,
                          0.41634630307905823,
                          0.07069228453275819,
                          0.0796902440221886,
                          0.08790251479882216,
                          0.07257031663906532,
                          0.10506226231333855,
                          0.09182057526352277,
                          0.1323082426921964,
                          0.10327379663746436],
                         [0.35252570824381274,
                          0.3765219745137708,
                          0.12787285431594497,
                          0.07543262059675253,
                          0.1214312585025972,
                          0.11156559656652179,
                          0.10972146362620226,
                          0.08119135703375947,
                          0.10831243781816587,
                          0.054377908527822046],
                         [0.3928638272809488,
                          0.41814383060953225,
                          0.059951192685924984,
                          0.07831966280651709,
                          0.10436190595879749,
                          0.05358619332345227,
                          0.06590568344907247,
                          0.15803853486889802,
                          0.12249020025438814,
                          0.07496148725111712]]},
            {'activation': 'sigmoid',
             'bias': [-0.03322983231866163,
                      0.0821223470812139,
                      -0.027179724377533312,
                      -0.0053790802193643805,
                      -0.0012779960280884066],
             'name': 'output',
             'neurons': [<gameplay.Neuron object at 0x7fcd695b5cc0>,
                         <gameplay.Neuron object at 0x7fcd695b5cf8>,
                         <gameplay.Neuron object at 0x7fcd695b5d68>,
                         <gameplay.Neuron object at 0x7fcd695b5d30>,
                         <gameplay.Neuron object at 0x7fcd695b5da0>],
             'num_neurons': 5,
             'weights': [[0.041429988568818035,
                          0.08615433430967515,
                          0.07569507685326192,
                          0.04333196286599374,
                          0.11851143791755116,
                          0.14137649439117397,
                          0.1306357018300966,
                          0.1226368931187519],
                         [0.050752501521616075,
                          0.05651328488598717,
                          0.08582646510669376,
                          0.15859403388479576,
                          0.1237113745219269,
                          0.057873009643874276,
                          0.05084283881456605,
                          0.16224300459189397],
                         [0.1314617267894414,
                          0.10051683134350513,
                          0.09834378879572786,
                          0.07075540714901334,
                          0.040468855087211916,
                          0.112582983706187,
                          0.12178193460486991,
                          0.08728717316438282],
                         [0.08381595026669748,
                          0.07061316161628918,
                          0.1547955185834361,
                          0.0643694742868846,
                          0.1748210452884235,
                          0.09601492394276018,
                          0.07841792230091173,
                          0.09174834397956207],
                         [0.14267182466246245,
                          0.08282610384500674,
                          0.1520066064461264,
                          0.03117000088415538,
                          0.19419850815770254,
                          0.1146731267167466,
                          0.06475712153187545,
                          0.0905985124332255],
                         [0.09128574455684152,
                          0.12947169396202862,
                          0.13956806912994246,
                          0.0813581802326072,
                          0.037439850150073374,
                          0.12446544778460455,
                          0.0674312218241632,
                          0.117243424684979]]}]}
load_tensorflow_graph: path = tensorflow/mario-model-simple-2019-07-17/frozen_inference_graph.pb
object_detection_graph = <tensorflow.python.framework.ops.Graph object at 0x7fcd695b5e48>
Doing start sequence
Sleeping one second
sending start
sending empty
Found black world screen for the second time. exiting.



Seconds left: 364
Moves to the right: 63
