pygame 1.9.6
Hello from the pygame community. https://www.pygame.org/contribute.html
Loading neural net from gameplay_neural_nets/8/7.nn
net = {'generation': 8,
 'inputs': [],
 'layers': [{'activation': 'sigmoid',
             'bias': [-0.0007370903062371495,
                      -0.008014715387807906,
                      0,
                      0.0026448434062773946,
                      0.012030079595254645,
                      -0.00624018273494434,
                      0.008968956654832582,
                      -0.01225505929621189],
             'name': 'input',
             'neurons': [],
             'num_neurons': 8,
             'weights': [[0.4,
                          0.3949214192209343,
                          0.09407776516453066,
                          0.10804926382505324,
                          0.0931125088938961,
                          0.10262148507661717,
                          0.1,
                          0.1098150298409026,
                          0.1,
                          0.09391059401150056],
                         [0.4066236099794656,
                          0.39250300675542477,
                          0.0982532813852298,
                          0.10567373559341782,
                          0.09901571957478762,
                          0.09429494500502893,
                          0.09263885951014095,
                          0.1,
                          0.1,
                          0.10465701681033127],
                         [0.3834415270395809,
                          0.4106275079877536,
                          0.10776935392155083,
                          0.10065458556504409,
                          0.1,
                          0.10762138783468389,
                          0.09521452363435946,
                          0.0840351053479608,
                          0.11165542787827513,
                          0.10215122504433674],
                         [0.38666480529641806,
                          0.3962626504567643,
                          0.10120700858436271,
                          0.1,
                          0.10634482053948881,
                          0.09786458442306536,
                          0.11234479461188071,
                          0.10128470607326465,
                          0.08401496752872288,
                          0.0918755008640193],
                         [0.4014919717522299,
                          0.4,
                          0.08874684542912104,
                          0.10097172832100565,
                          0.09772538354132371,
                          0.09944636743505829,
                          0.10807635442845241,
                          0.11430269106357976,
                          0.1,
                          0.10454054018592987],
                         [0.39286602322977937,
                          0.3868187485063343,
                          0.10015725367940849,
                          0.09958984541913767,
                          0.1174592698402868,
                          0.1,
                          0.10909371902575818,
                          0.1,
                          0.0950208442977492,
                          0.1],
                         [0.39294251562471993,
                          0.4,
                          0.10004077821231365,
                          0.08956043320743581,
                          0.1,
                          0.09345676195491504,
                          0.10697072727731503,
                          0.1,
                          0.10681712991419305,
                          0.0764313104393298],
                         [0.4,
                          0.39211335783705953,
                          0.08899043126263294,
                          0.09198034258910848,
                          0.1062663624217271,
                          0.09153484203711276,
                          0.1,
                          0.12129696500308393,
                          0.0900261266750636,
                          0.09878584747290932]]},
            {'activation': 'sigmoid',
             'bias': [-0.004604306985109935,
                      0.017918124188509646,
                      -0.006509936715347453,
                      0.009249805347502785,
                      0.033327749282301526],
             'name': 'output',
             'neurons': [],
             'num_neurons': 5,
             'weights': [[0.1062614484391039,
                          0.09923468143894024,
                          0.11117432409192513,
                          0.0920926764469922,
                          0.0923790701647779,
                          0.10286661708778896,
                          0.09836653111970611,
                          0.10553954051802365],
                         [0.09435554024157171,
                          0.09825446206158318,
                          0.10184911974451158,
                          0.1,
                          0.10028270658478115,
                          0.1,
                          0.0917965905650466,
                          0.10431936764698542],
                         [0.11,
                          0.09889272548289736,
                          0.11834624627606677,
                          0.09992281022823278,
                          0.09551402928099281,
                          0.08451726523824538,
                          0.09485580699046811,
                          0.1],
                         [0.08604165915006662,
                          0.09089472541032152,
                          0.11702603224226606,
                          0.1,
                          0.1,
                          0.09673326678276557,
                          0.1,
                          0.10776991906341764],
                         [0.10134412075666747,
                          0.09265961873929551,
                          0.10796017275893591,
                          0.08912278576395796,
                          0.0961886728431297,
                          0.09698245033221332,
                          0.11942211350484151,
                          0.10113698576608232],
                         [0.1,
                          0.1,
                          0.10596567739852962,
                          0.1,
                          0.08999177378558575,
                          0.1,
                          0.1,
                          0.08152921762825432]]}]}
{'generation': 8,
 'inputs': [],
 'layers': [{'activation': 'sigmoid',
             'bias': [-0.0007370903062371495,
                      -0.008014715387807906,
                      0,
                      0.0026448434062773946,
                      0.012030079595254645,
                      -0.00624018273494434,
                      0.008968956654832582,
                      -0.01225505929621189],
             'name': 'input',
             'neurons': [<gameplay.Neuron object at 0x7fe86148a898>,
                         <gameplay.Neuron object at 0x7fe86148a860>,
                         <gameplay.Neuron object at 0x7fe86148a278>,
                         <gameplay.Neuron object at 0x7fe86148ab38>,
                         <gameplay.Neuron object at 0x7fe86148abe0>,
                         <gameplay.Neuron object at 0x7fe86148ab70>,
                         <gameplay.Neuron object at 0x7fe86148acf8>,
                         <gameplay.Neuron object at 0x7fe86148acc0>],
             'num_neurons': 8,
             'weights': [[0.4,
                          0.3949214192209343,
                          0.09407776516453066,
                          0.10804926382505324,
                          0.0931125088938961,
                          0.10262148507661717,
                          0.1,
                          0.1098150298409026,
                          0.1,
                          0.09391059401150056],
                         [0.4066236099794656,
                          0.39250300675542477,
                          0.0982532813852298,
                          0.10567373559341782,
                          0.09901571957478762,
                          0.09429494500502893,
                          0.09263885951014095,
                          0.1,
                          0.1,
                          0.10465701681033127],
                         [0.3834415270395809,
                          0.4106275079877536,
                          0.10776935392155083,
                          0.10065458556504409,
                          0.1,
                          0.10762138783468389,
                          0.09521452363435946,
                          0.0840351053479608,
                          0.11165542787827513,
                          0.10215122504433674],
                         [0.38666480529641806,
                          0.3962626504567643,
                          0.10120700858436271,
                          0.1,
                          0.10634482053948881,
                          0.09786458442306536,
                          0.11234479461188071,
                          0.10128470607326465,
                          0.08401496752872288,
                          0.0918755008640193],
                         [0.4014919717522299,
                          0.4,
                          0.08874684542912104,
                          0.10097172832100565,
                          0.09772538354132371,
                          0.09944636743505829,
                          0.10807635442845241,
                          0.11430269106357976,
                          0.1,
                          0.10454054018592987],
                         [0.39286602322977937,
                          0.3868187485063343,
                          0.10015725367940849,
                          0.09958984541913767,
                          0.1174592698402868,
                          0.1,
                          0.10909371902575818,
                          0.1,
                          0.0950208442977492,
                          0.1],
                         [0.39294251562471993,
                          0.4,
                          0.10004077821231365,
                          0.08956043320743581,
                          0.1,
                          0.09345676195491504,
                          0.10697072727731503,
                          0.1,
                          0.10681712991419305,
                          0.0764313104393298],
                         [0.4,
                          0.39211335783705953,
                          0.08899043126263294,
                          0.09198034258910848,
                          0.1062663624217271,
                          0.09153484203711276,
                          0.1,
                          0.12129696500308393,
                          0.0900261266750636,
                          0.09878584747290932]]},
            {'activation': 'sigmoid',
             'bias': [-0.004604306985109935,
                      0.017918124188509646,
                      -0.006509936715347453,
                      0.009249805347502785,
                      0.033327749282301526],
             'name': 'output',
             'neurons': [<gameplay.Neuron object at 0x7fe86148ada0>,
                         <gameplay.Neuron object at 0x7fe86148add8>,
                         <gameplay.Neuron object at 0x7fe86148ac50>,
                         <gameplay.Neuron object at 0x7fe86148ad68>,
                         <gameplay.Neuron object at 0x7fe86148ae10>],
             'num_neurons': 5,
             'weights': [[0.1062614484391039,
                          0.09923468143894024,
                          0.11117432409192513,
                          0.0920926764469922,
                          0.0923790701647779,
                          0.10286661708778896,
                          0.09836653111970611,
                          0.10553954051802365],
                         [0.09435554024157171,
                          0.09825446206158318,
                          0.10184911974451158,
                          0.1,
                          0.10028270658478115,
                          0.1,
                          0.0917965905650466,
                          0.10431936764698542],
                         [0.11,
                          0.09889272548289736,
                          0.11834624627606677,
                          0.09992281022823278,
                          0.09551402928099281,
                          0.08451726523824538,
                          0.09485580699046811,
                          0.1],
                         [0.08604165915006662,
                          0.09089472541032152,
                          0.11702603224226606,
                          0.1,
                          0.1,
                          0.09673326678276557,
                          0.1,
                          0.10776991906341764],
                         [0.10134412075666747,
                          0.09265961873929551,
                          0.10796017275893591,
                          0.08912278576395796,
                          0.0961886728431297,
                          0.09698245033221332,
                          0.11942211350484151,
                          0.10113698576608232],
                         [0.1,
                          0.1,
                          0.10596567739852962,
                          0.1,
                          0.08999177378558575,
                          0.1,
                          0.1,
                          0.08152921762825432]]}]}
load_tensorflow_graph: path = tensorflow/mario-model-simple-2019-07-17/frozen_inference_graph.pb
object_detection_graph = <tensorflow.python.framework.ops.Graph object at 0x7fe86148ae80>
Doing start sequence
Sleeping one second
sending start
sending empty
Found black world screen for the second time. exiting.



Seconds left: 354
Moves to the right: 99
