pygame 1.9.6
Hello from the pygame community. https://www.pygame.org/contribute.html
Loading neural net from gameplay_neural_nets/8/grand_father_1.nn
net = {'generation': 7,
 'inputs': [],
 'layers': [{'activation': 'sigmoid',
             'bias': [-0.0007370903062371495,
                      -0.008014715387807906,
                      0,
                      0.0026448434062773946,
                      0.007888755761114252,
                      0,
                      0.012071942749992239,
                      -0.01225505929621189],
             'name': 'input',
             'neurons': [],
             'num_neurons': 8,
             'weights': [[0.4,
                          0.3949214192209343,
                          0.09407776516453066,
                          0.10804926382505324,
                          0.09618449951360089,
                          0.10262148507661717,
                          0.1,
                          0.1098150298409026,
                          0.1,
                          0.09391059401150056],
                         [0.4037317389542557,
                          0.39250300675542477,
                          0.0982532813852298,
                          0.10567373559341782,
                          0.09901571957478762,
                          0.09429494500502893,
                          0.09263885951014095,
                          0.1,
                          0.1,
                          0.10465701681033127],
                         [0.39245812382956374,
                          0.4033676735807197,
                          0.10776935392155083,
                          0.1,
                          0.1,
                          0.10762138783468389,
                          0.09352307654395717,
                          0.0840351053479608,
                          0.11165542787827513,
                          0.10215122504433674],
                         [0.38666480529641806,
                          0.3962626504567643,
                          0.10120700858436271,
                          0.1,
                          0.10659925582366708,
                          0.09786458442306536,
                          0.10891062211121945,
                          0.10128470607326465,
                          0.08401496752872288,
                          0.1],
                         [0.39266808257351626,
                          0.4,
                          0.08874684542912104,
                          0.10097172832100565,
                          0.09227202208067195,
                          0.1,
                          0.10807635442845241,
                          0.11430269106357976,
                          0.1,
                          0.10454054018592987],
                         [0.4,
                          0.3868187485063343,
                          0.10015725367940849,
                          0.0922682140413111,
                          0.10933313500276459,
                          0.1,
                          0.10909371902575818,
                          0.1,
                          0.1,
                          0.1],
                         [0.39294251562471993,
                          0.4,
                          0.1010915664847581,
                          0.08956043320743581,
                          0.1,
                          0.09345676195491504,
                          0.10697072727731503,
                          0.1,
                          0.10681712991419305,
                          0.0764313104393298],
                         [0.4,
                          0.39211335783705953,
                          0.09422723520788007,
                          0.09198034258910848,
                          0.10730825953404619,
                          0.09153484203711276,
                          0.1,
                          0.11723398238752293,
                          0.0900261266750636,
                          0.09878584747290932]]},
            {'activation': 'sigmoid',
             'bias': [-0.004604306985109935,
                      0.017918124188509646,
                      -0.0017558132971131155,
                      0.009249805347502785,
                      0.033327749282301526],
             'name': 'output',
             'neurons': [],
             'num_neurons': 5,
             'weights': [[0.1,
                          0.09923468143894024,
                          0.1045721753338809,
                          0.0920926764469922,
                          0.0923790701647779,
                          0.10286661708778896,
                          0.10575131642523092,
                          0.10553954051802365],
                         [0.09435554024157171,
                          0.09825446206158318,
                          0.10184911974451158,
                          0.1,
                          0.10028270658478115,
                          0.1,
                          0.0917965905650466,
                          0.10431936764698542],
                         [0.11,
                          0.09889272548289736,
                          0.11834624627606677,
                          0.09626322764491668,
                          0.09551402928099281,
                          0.08451726523824538,
                          0.09485580699046811,
                          0.1],
                         [0.09353911524209221,
                          0.1,
                          0.10718801195840084,
                          0.1,
                          0.1,
                          0.09673326678276557,
                          0.1,
                          0.10776991906341764],
                         [0.10756698861027185,
                          0.09265961873929551,
                          0.10836788183189211,
                          0.08912278576395796,
                          0.10334863137549806,
                          0.09698245033221332,
                          0.1181581974726286,
                          0.10113698576608232],
                         [0.1,
                          0.1,
                          0.10596567739852962,
                          0.1,
                          0.09707092179892753,
                          0.1,
                          0.1,
                          0.08152921762825432]]}]}
{'generation': 7,
 'inputs': [],
 'layers': [{'activation': 'sigmoid',
             'bias': [-0.0007370903062371495,
                      -0.008014715387807906,
                      0,
                      0.0026448434062773946,
                      0.007888755761114252,
                      0,
                      0.012071942749992239,
                      -0.01225505929621189],
             'name': 'input',
             'neurons': [<gameplay.Neuron object at 0x7f7f9965f898>,
                         <gameplay.Neuron object at 0x7f7f9965f860>,
                         <gameplay.Neuron object at 0x7f7f9965f278>,
                         <gameplay.Neuron object at 0x7f7f9965fb38>,
                         <gameplay.Neuron object at 0x7f7f9965fbe0>,
                         <gameplay.Neuron object at 0x7f7f9965fb70>,
                         <gameplay.Neuron object at 0x7f7f9965fd68>,
                         <gameplay.Neuron object at 0x7f7f9965fdd8>],
             'num_neurons': 8,
             'weights': [[0.4,
                          0.3949214192209343,
                          0.09407776516453066,
                          0.10804926382505324,
                          0.09618449951360089,
                          0.10262148507661717,
                          0.1,
                          0.1098150298409026,
                          0.1,
                          0.09391059401150056],
                         [0.4037317389542557,
                          0.39250300675542477,
                          0.0982532813852298,
                          0.10567373559341782,
                          0.09901571957478762,
                          0.09429494500502893,
                          0.09263885951014095,
                          0.1,
                          0.1,
                          0.10465701681033127],
                         [0.39245812382956374,
                          0.4033676735807197,
                          0.10776935392155083,
                          0.1,
                          0.1,
                          0.10762138783468389,
                          0.09352307654395717,
                          0.0840351053479608,
                          0.11165542787827513,
                          0.10215122504433674],
                         [0.38666480529641806,
                          0.3962626504567643,
                          0.10120700858436271,
                          0.1,
                          0.10659925582366708,
                          0.09786458442306536,
                          0.10891062211121945,
                          0.10128470607326465,
                          0.08401496752872288,
                          0.1],
                         [0.39266808257351626,
                          0.4,
                          0.08874684542912104,
                          0.10097172832100565,
                          0.09227202208067195,
                          0.1,
                          0.10807635442845241,
                          0.11430269106357976,
                          0.1,
                          0.10454054018592987],
                         [0.4,
                          0.3868187485063343,
                          0.10015725367940849,
                          0.0922682140413111,
                          0.10933313500276459,
                          0.1,
                          0.10909371902575818,
                          0.1,
                          0.1,
                          0.1],
                         [0.39294251562471993,
                          0.4,
                          0.1010915664847581,
                          0.08956043320743581,
                          0.1,
                          0.09345676195491504,
                          0.10697072727731503,
                          0.1,
                          0.10681712991419305,
                          0.0764313104393298],
                         [0.4,
                          0.39211335783705953,
                          0.09422723520788007,
                          0.09198034258910848,
                          0.10730825953404619,
                          0.09153484203711276,
                          0.1,
                          0.11723398238752293,
                          0.0900261266750636,
                          0.09878584747290932]]},
            {'activation': 'sigmoid',
             'bias': [-0.004604306985109935,
                      0.017918124188509646,
                      -0.0017558132971131155,
                      0.009249805347502785,
                      0.033327749282301526],
             'name': 'output',
             'neurons': [<gameplay.Neuron object at 0x7f7f9965fcf8>,
                         <gameplay.Neuron object at 0x7f7f9965fe10>,
                         <gameplay.Neuron object at 0x7f7f9965fc50>,
                         <gameplay.Neuron object at 0x7f7f9965fd30>,
                         <gameplay.Neuron object at 0x7f7f9965feb8>],
             'num_neurons': 5,
             'weights': [[0.1,
                          0.09923468143894024,
                          0.1045721753338809,
                          0.0920926764469922,
                          0.0923790701647779,
                          0.10286661708778896,
                          0.10575131642523092,
                          0.10553954051802365],
                         [0.09435554024157171,
                          0.09825446206158318,
                          0.10184911974451158,
                          0.1,
                          0.10028270658478115,
                          0.1,
                          0.0917965905650466,
                          0.10431936764698542],
                         [0.11,
                          0.09889272548289736,
                          0.11834624627606677,
                          0.09626322764491668,
                          0.09551402928099281,
                          0.08451726523824538,
                          0.09485580699046811,
                          0.1],
                         [0.09353911524209221,
                          0.1,
                          0.10718801195840084,
                          0.1,
                          0.1,
                          0.09673326678276557,
                          0.1,
                          0.10776991906341764],
                         [0.10756698861027185,
                          0.09265961873929551,
                          0.10836788183189211,
                          0.08912278576395796,
                          0.10334863137549806,
                          0.09698245033221332,
                          0.1181581974726286,
                          0.10113698576608232],
                         [0.1,
                          0.1,
                          0.10596567739852962,
                          0.1,
                          0.09707092179892753,
                          0.1,
                          0.1,
                          0.08152921762825432]]}]}
load_tensorflow_graph: path = tensorflow/mario-model-simple-2019-07-17/frozen_inference_graph.pb
object_detection_graph = <tensorflow.python.framework.ops.Graph object at 0x7f7f9965fba8>
Doing start sequence
Sleeping one second
sending start
sending empty
Found black world screen for the second time. exiting.



Seconds left: 363
Moves to the right: 74
