pygame 1.9.6
Hello from the pygame community. https://www.pygame.org/contribute.html
Loading neural net from gameplay_neural_nets/151/1.nn
net = {'generation': 138,
 'inputs': [],
 'layers': [{'activation': 'sigmoid',
             'bias': [0.011962684344455759,
                      -0.04935901260489507,
                      0.004464173596948949,
                      -0.0025039156346307124,
                      -0.009878847276617614,
                      -0.02832599945015975,
                      0.014317468858282053,
                      -0.004530145650725001],
             'name': 'input',
             'neurons': [],
             'num_neurons': 8,
             'weights': [[0.368238046846835,
                          0.4255493418226575,
                          0.08552531077738296,
                          0.15530063402290184,
                          0.07171871598466298,
                          0.07083228691275563,
                          0.06410563367526426,
                          0.07239960004072431,
                          0.07487277674580264,
                          0.05240225650082135],
                         [0.37984183399333904,
                          0.366378770890016,
                          0.07470792302526041,
                          0.11859282414193595,
                          0.12315210802844552,
                          0.045198275885991485,
                          0.10762951877843056,
                          0.09418586729724925,
                          0.0943220790256321,
                          0.12176110747238572],
                         [0.3484729926324819,
                          0.4245401238902455,
                          0.05575623205135726,
                          0.05175299019000756,
                          0.10565321913041925,
                          0.10567738329861315,
                          0.06825334045348701,
                          0.11288198098306153,
                          0.09894725117522556,
                          0.06986409463934906],
                         [0.3750713283053243,
                          0.4044322201293523,
                          0.10248856819979447,
                          0.1011674739194482,
                          0.059328106305256825,
                          0.0701316387369432,
                          0.06313175836434053,
                          0.13933086486537585,
                          0.13991158746340862,
                          0.12106559849502413],
                         [0.41470820383539814,
                          0.4016522644122119,
                          0.0393268313090564,
                          0.12967257945116648,
                          0.10092852598240244,
                          0.16872616091957623,
                          0.1342991755738906,
                          0.12408997514200361,
                          0.07472924153532627,
                          0.0579897616757435],
                         [0.35562338600961874,
                          0.42121556933870136,
                          0.07043154697243507,
                          0.08244020076330291,
                          0.08526848331386669,
                          0.06953644005170047,
                          0.10875205011344881,
                          0.09521442690143488,
                          0.1238278343090951,
                          0.10955402189698747],
                         [0.3678823363412533,
                          0.36137566624007494,
                          0.10462757727397899,
                          0.06700952933803246,
                          0.11468642018405695,
                          0.11156559656652179,
                          0.10531231120151507,
                          0.07446224280415994,
                          0.10238689249194809,
                          0.05325856546035585],
                         [0.3928638272809488,
                          0.4096789636457419,
                          0.06026876636607873,
                          0.07358845846103275,
                          0.11079965096633815,
                          0.05721290862623405,
                          0.07619644564460006,
                          0.15803853486889802,
                          0.11220325674681421,
                          0.06826879137739159]]},
            {'activation': 'sigmoid',
             'bias': [-0.011407662444291809,
                      0.0821223470812139,
                      -0.013531053576035682,
                      -0.013055216491782807,
                      0.00986067712941274],
             'name': 'output',
             'neurons': [],
             'num_neurons': 5,
             'weights': [[0.03765624091396286,
                          0.09389484317251776,
                          0.08169467567547226,
                          0.04602684043813731,
                          0.12659197367329525,
                          0.136781042030444,
                          0.13336805463402088,
                          0.1199471009089922],
                         [0.05995094654081886,
                          0.06375639412859767,
                          0.08894194010427636,
                          0.15693964393220405,
                          0.11964810040401593,
                          0.05732199258051752,
                          0.05364629268985569,
                          0.1656768919374291],
                         [0.12890115346969175,
                          0.10250952924728587,
                          0.09252644540340083,
                          0.09066793605536332,
                          0.04400316443708586,
                          0.11495597037943482,
                          0.1271879864973521,
                          0.08730426884561104],
                         [0.08790798097860153,
                          0.07321241120580417,
                          0.15420624532790148,
                          0.06733894708596153,
                          0.16641236298113166,
                          0.09005491009686736,
                          0.07841792230091173,
                          0.09709225923994348],
                         [0.1424158135669888,
                          0.08337509713330563,
                          0.15341039125595032,
                          0.03871640651600984,
                          0.17984608759774773,
                          0.11671612794518288,
                          0.07343207091027056,
                          0.09671701344752218],
                         [0.0877688306418678,
                          0.14162182934509387,
                          0.14682879940531912,
                          0.08819752383721537,
                          0.0396653117123113,
                          0.1170637474331631,
                          0.07243450428601074,
                          0.11856497813679134]]}]}
{'generation': 138,
 'inputs': [],
 'layers': [{'activation': 'sigmoid',
             'bias': [0.011962684344455759,
                      -0.04935901260489507,
                      0.004464173596948949,
                      -0.0025039156346307124,
                      -0.009878847276617614,
                      -0.02832599945015975,
                      0.014317468858282053,
                      -0.004530145650725001],
             'name': 'input',
             'neurons': [<gameplay.Neuron object at 0x7fd1ce5e6860>,
                         <gameplay.Neuron object at 0x7fd1ce5e6828>,
                         <gameplay.Neuron object at 0x7fd1ce5e6278>,
                         <gameplay.Neuron object at 0x7fd1ce5e6b00>,
                         <gameplay.Neuron object at 0x7fd1ce5e6ba8>,
                         <gameplay.Neuron object at 0x7fd1ce5e6b38>,
                         <gameplay.Neuron object at 0x7fd1ce5e6c88>,
                         <gameplay.Neuron object at 0x7fd1ce5e6c50>],
             'num_neurons': 8,
             'weights': [[0.368238046846835,
                          0.4255493418226575,
                          0.08552531077738296,
                          0.15530063402290184,
                          0.07171871598466298,
                          0.07083228691275563,
                          0.06410563367526426,
                          0.07239960004072431,
                          0.07487277674580264,
                          0.05240225650082135],
                         [0.37984183399333904,
                          0.366378770890016,
                          0.07470792302526041,
                          0.11859282414193595,
                          0.12315210802844552,
                          0.045198275885991485,
                          0.10762951877843056,
                          0.09418586729724925,
                          0.0943220790256321,
                          0.12176110747238572],
                         [0.3484729926324819,
                          0.4245401238902455,
                          0.05575623205135726,
                          0.05175299019000756,
                          0.10565321913041925,
                          0.10567738329861315,
                          0.06825334045348701,
                          0.11288198098306153,
                          0.09894725117522556,
                          0.06986409463934906],
                         [0.3750713283053243,
                          0.4044322201293523,
                          0.10248856819979447,
                          0.1011674739194482,
                          0.059328106305256825,
                          0.0701316387369432,
                          0.06313175836434053,
                          0.13933086486537585,
                          0.13991158746340862,
                          0.12106559849502413],
                         [0.41470820383539814,
                          0.4016522644122119,
                          0.0393268313090564,
                          0.12967257945116648,
                          0.10092852598240244,
                          0.16872616091957623,
                          0.1342991755738906,
                          0.12408997514200361,
                          0.07472924153532627,
                          0.0579897616757435],
                         [0.35562338600961874,
                          0.42121556933870136,
                          0.07043154697243507,
                          0.08244020076330291,
                          0.08526848331386669,
                          0.06953644005170047,
                          0.10875205011344881,
                          0.09521442690143488,
                          0.1238278343090951,
                          0.10955402189698747],
                         [0.3678823363412533,
                          0.36137566624007494,
                          0.10462757727397899,
                          0.06700952933803246,
                          0.11468642018405695,
                          0.11156559656652179,
                          0.10531231120151507,
                          0.07446224280415994,
                          0.10238689249194809,
                          0.05325856546035585],
                         [0.3928638272809488,
                          0.4096789636457419,
                          0.06026876636607873,
                          0.07358845846103275,
                          0.11079965096633815,
                          0.05721290862623405,
                          0.07619644564460006,
                          0.15803853486889802,
                          0.11220325674681421,
                          0.06826879137739159]]},
            {'activation': 'sigmoid',
             'bias': [-0.011407662444291809,
                      0.0821223470812139,
                      -0.013531053576035682,
                      -0.013055216491782807,
                      0.00986067712941274],
             'name': 'output',
             'neurons': [<gameplay.Neuron object at 0x7fd1ce5e6cc0>,
                         <gameplay.Neuron object at 0x7fd1ce5e6cf8>,
                         <gameplay.Neuron object at 0x7fd1ce5e6d68>,
                         <gameplay.Neuron object at 0x7fd1ce5e6d30>,
                         <gameplay.Neuron object at 0x7fd1ce5e6da0>],
             'num_neurons': 5,
             'weights': [[0.03765624091396286,
                          0.09389484317251776,
                          0.08169467567547226,
                          0.04602684043813731,
                          0.12659197367329525,
                          0.136781042030444,
                          0.13336805463402088,
                          0.1199471009089922],
                         [0.05995094654081886,
                          0.06375639412859767,
                          0.08894194010427636,
                          0.15693964393220405,
                          0.11964810040401593,
                          0.05732199258051752,
                          0.05364629268985569,
                          0.1656768919374291],
                         [0.12890115346969175,
                          0.10250952924728587,
                          0.09252644540340083,
                          0.09066793605536332,
                          0.04400316443708586,
                          0.11495597037943482,
                          0.1271879864973521,
                          0.08730426884561104],
                         [0.08790798097860153,
                          0.07321241120580417,
                          0.15420624532790148,
                          0.06733894708596153,
                          0.16641236298113166,
                          0.09005491009686736,
                          0.07841792230091173,
                          0.09709225923994348],
                         [0.1424158135669888,
                          0.08337509713330563,
                          0.15341039125595032,
                          0.03871640651600984,
                          0.17984608759774773,
                          0.11671612794518288,
                          0.07343207091027056,
                          0.09671701344752218],
                         [0.0877688306418678,
                          0.14162182934509387,
                          0.14682879940531912,
                          0.08819752383721537,
                          0.0396653117123113,
                          0.1170637474331631,
                          0.07243450428601074,
                          0.11856497813679134]]}]}
load_tensorflow_graph: path = tensorflow/mario-model-simple-2019-07-17/frozen_inference_graph.pb
object_detection_graph = <tensorflow.python.framework.ops.Graph object at 0x7fd1ce5e6e48>
Doing start sequence
Sleeping one second
sending start
sending empty
Found black world screen for the second time. exiting.



Seconds left: 361
Moves to the right: 73
