pygame 1.9.6
Hello from the pygame community. https://www.pygame.org/contribute.html
Loading neural net from gameplay_neural_nets/151/6.nn
net = {'generation': 138,
 'inputs': [],
 'layers': [{'activation': 'sigmoid',
             'bias': [0.011962684344455759,
                      -0.04459760718474337,
                      0.004464173596948949,
                      0.00014812124405797194,
                      -0.010715844417947533,
                      -0.02832599945015975,
                      0.014317468858282053,
                      -0.004530145650725001],
             'name': 'input',
             'neurons': [],
             'num_neurons': 8,
             'weights': [[0.368238046846835,
                          0.4257113603486097,
                          0.08370747790437559,
                          0.15179674616435296,
                          0.07519315694745483,
                          0.07083228691275563,
                          0.06410563367526426,
                          0.07239960004072431,
                          0.08371541161404622,
                          0.05240225650082135],
                         [0.3816081326899524,
                          0.3594156359370455,
                          0.08443996230214348,
                          0.11625137552469259,
                          0.12315210802844552,
                          0.045198275885991485,
                          0.10885408999942009,
                          0.09469341033181193,
                          0.09792781936149897,
                          0.1136689334520463],
                         [0.34238443060544005,
                          0.4351827172749826,
                          0.05575623205135726,
                          0.041886909548360655,
                          0.1097931544232701,
                          0.10674228577013455,
                          0.06857357003363762,
                          0.12103233677146362,
                          0.10234327353284023,
                          0.07744945856384358],
                         [0.3750713283053243,
                          0.4044322201293523,
                          0.10248856819979447,
                          0.1011674739194482,
                          0.05717473408588278,
                          0.0701316387369432,
                          0.07096135240243524,
                          0.13037062489157472,
                          0.13246507368904145,
                          0.12106559849502413],
                         [0.41470820383539814,
                          0.4016522644122119,
                          0.0393268313090564,
                          0.13644120942860782,
                          0.10502288725021004,
                          0.1704816346992336,
                          0.1342991755738906,
                          0.12408997514200361,
                          0.07472924153532627,
                          0.0579897616757435],
                         [0.35562338600961874,
                          0.41818074790219867,
                          0.07043154697243507,
                          0.07843892600082993,
                          0.08772430823899166,
                          0.06604056602101857,
                          0.11121327555369895,
                          0.09521442690143488,
                          0.12146392476795252,
                          0.10955402189698747],
                         [0.3732179362292039,
                          0.36137566624007494,
                          0.11605925168189585,
                          0.06700952933803246,
                          0.11888173668274866,
                          0.10731288716336536,
                          0.09967895253470489,
                          0.07979977421950127,
                          0.0957726290589073,
                          0.04805283109573157],
                         [0.3928638272809488,
                          0.4119180760097489,
                          0.06026876636607873,
                          0.07474320101803043,
                          0.11629066808557352,
                          0.045123459929649286,
                          0.07619644564460006,
                          0.16887263727140894,
                          0.11220325674681421,
                          0.06826879137739159]]},
            {'activation': 'sigmoid',
             'bias': [-0.020903614782133324,
                      0.0821223470812139,
                      -0.013531053576035682,
                      -0.016957929814583977,
                      0.016060676573673886],
             'name': 'output',
             'neurons': [],
             'num_neurons': 5,
             'weights': [[0.031964894953989846,
                          0.09670282814619434,
                          0.07906437591423124,
                          0.043936763716288865,
                          0.13027001198339194,
                          0.13282250882619104,
                          0.13336805463402088,
                          0.1228489650930498],
                         [0.053957890633760004,
                          0.06375639412859767,
                          0.08560291449689109,
                          0.15329417731787912,
                          0.11964810040401593,
                          0.07217577685399057,
                          0.04997806140491088,
                          0.1726973187986565],
                         [0.13057198436894485,
                          0.10326837723260174,
                          0.09252644540340083,
                          0.09066793605536332,
                          0.050159148174915,
                          0.10903159174264913,
                          0.1271879864973521,
                          0.08730426884561104],
                         [0.09138760754537123,
                          0.06807462639505346,
                          0.1530105343335059,
                          0.0711897415764401,
                          0.16641236298113166,
                          0.09005491009686736,
                          0.08091261097425943,
                          0.10235860925570912],
                         [0.1424158135669888,
                          0.08337509713330563,
                          0.15341039125595032,
                          0.04671943566683007,
                          0.17663136433411422,
                          0.11648193094522785,
                          0.07343207091027056,
                          0.10069352023029818],
                         [0.0877688306418678,
                          0.12985763059164623,
                          0.14682879940531912,
                          0.08819752383721537,
                          0.04613234074484171,
                          0.10768862796097492,
                          0.07046694077978287,
                          0.11078880118661455]]}]}
{'generation': 138,
 'inputs': [],
 'layers': [{'activation': 'sigmoid',
             'bias': [0.011962684344455759,
                      -0.04459760718474337,
                      0.004464173596948949,
                      0.00014812124405797194,
                      -0.010715844417947533,
                      -0.02832599945015975,
                      0.014317468858282053,
                      -0.004530145650725001],
             'name': 'input',
             'neurons': [<gameplay.Neuron object at 0x7f87f63d4860>,
                         <gameplay.Neuron object at 0x7f87f63d4828>,
                         <gameplay.Neuron object at 0x7f87f63d4240>,
                         <gameplay.Neuron object at 0x7f87f63d4b00>,
                         <gameplay.Neuron object at 0x7f87f63d4ba8>,
                         <gameplay.Neuron object at 0x7f87f63d4b38>,
                         <gameplay.Neuron object at 0x7f87f63d4c88>,
                         <gameplay.Neuron object at 0x7f87f63d4c50>],
             'num_neurons': 8,
             'weights': [[0.368238046846835,
                          0.4257113603486097,
                          0.08370747790437559,
                          0.15179674616435296,
                          0.07519315694745483,
                          0.07083228691275563,
                          0.06410563367526426,
                          0.07239960004072431,
                          0.08371541161404622,
                          0.05240225650082135],
                         [0.3816081326899524,
                          0.3594156359370455,
                          0.08443996230214348,
                          0.11625137552469259,
                          0.12315210802844552,
                          0.045198275885991485,
                          0.10885408999942009,
                          0.09469341033181193,
                          0.09792781936149897,
                          0.1136689334520463],
                         [0.34238443060544005,
                          0.4351827172749826,
                          0.05575623205135726,
                          0.041886909548360655,
                          0.1097931544232701,
                          0.10674228577013455,
                          0.06857357003363762,
                          0.12103233677146362,
                          0.10234327353284023,
                          0.07744945856384358],
                         [0.3750713283053243,
                          0.4044322201293523,
                          0.10248856819979447,
                          0.1011674739194482,
                          0.05717473408588278,
                          0.0701316387369432,
                          0.07096135240243524,
                          0.13037062489157472,
                          0.13246507368904145,
                          0.12106559849502413],
                         [0.41470820383539814,
                          0.4016522644122119,
                          0.0393268313090564,
                          0.13644120942860782,
                          0.10502288725021004,
                          0.1704816346992336,
                          0.1342991755738906,
                          0.12408997514200361,
                          0.07472924153532627,
                          0.0579897616757435],
                         [0.35562338600961874,
                          0.41818074790219867,
                          0.07043154697243507,
                          0.07843892600082993,
                          0.08772430823899166,
                          0.06604056602101857,
                          0.11121327555369895,
                          0.09521442690143488,
                          0.12146392476795252,
                          0.10955402189698747],
                         [0.3732179362292039,
                          0.36137566624007494,
                          0.11605925168189585,
                          0.06700952933803246,
                          0.11888173668274866,
                          0.10731288716336536,
                          0.09967895253470489,
                          0.07979977421950127,
                          0.0957726290589073,
                          0.04805283109573157],
                         [0.3928638272809488,
                          0.4119180760097489,
                          0.06026876636607873,
                          0.07474320101803043,
                          0.11629066808557352,
                          0.045123459929649286,
                          0.07619644564460006,
                          0.16887263727140894,
                          0.11220325674681421,
                          0.06826879137739159]]},
            {'activation': 'sigmoid',
             'bias': [-0.020903614782133324,
                      0.0821223470812139,
                      -0.013531053576035682,
                      -0.016957929814583977,
                      0.016060676573673886],
             'name': 'output',
             'neurons': [<gameplay.Neuron object at 0x7f87f63d4cc0>,
                         <gameplay.Neuron object at 0x7f87f63d4cf8>,
                         <gameplay.Neuron object at 0x7f87f63d4d68>,
                         <gameplay.Neuron object at 0x7f87f63d4d30>,
                         <gameplay.Neuron object at 0x7f87f63d4da0>],
             'num_neurons': 5,
             'weights': [[0.031964894953989846,
                          0.09670282814619434,
                          0.07906437591423124,
                          0.043936763716288865,
                          0.13027001198339194,
                          0.13282250882619104,
                          0.13336805463402088,
                          0.1228489650930498],
                         [0.053957890633760004,
                          0.06375639412859767,
                          0.08560291449689109,
                          0.15329417731787912,
                          0.11964810040401593,
                          0.07217577685399057,
                          0.04997806140491088,
                          0.1726973187986565],
                         [0.13057198436894485,
                          0.10326837723260174,
                          0.09252644540340083,
                          0.09066793605536332,
                          0.050159148174915,
                          0.10903159174264913,
                          0.1271879864973521,
                          0.08730426884561104],
                         [0.09138760754537123,
                          0.06807462639505346,
                          0.1530105343335059,
                          0.0711897415764401,
                          0.16641236298113166,
                          0.09005491009686736,
                          0.08091261097425943,
                          0.10235860925570912],
                         [0.1424158135669888,
                          0.08337509713330563,
                          0.15341039125595032,
                          0.04671943566683007,
                          0.17663136433411422,
                          0.11648193094522785,
                          0.07343207091027056,
                          0.10069352023029818],
                         [0.0877688306418678,
                          0.12985763059164623,
                          0.14682879940531912,
                          0.08819752383721537,
                          0.04613234074484171,
                          0.10768862796097492,
                          0.07046694077978287,
                          0.11078880118661455]]}]}
load_tensorflow_graph: path = tensorflow/mario-model-simple-2019-07-17/frozen_inference_graph.pb
object_detection_graph = <tensorflow.python.framework.ops.Graph object at 0x7f87f63d4e48>
Doing start sequence
Sleeping one second
sending start
sending empty
Found black world screen for the second time. exiting.



Seconds left: 393
Moves to the right: 16
