pygame 1.9.6
Hello from the pygame community. https://www.pygame.org/contribute.html
Loading neural net from gameplay_neural_nets/24/2.nn
net = {'generation': 20,
 'inputs': [],
 'layers': [{'activation': 'sigmoid',
             'bias': [-0.021464475821169633,
                      0.048036466134242554,
                      -0.009800740348325914,
                      -0.006136984100726939,
                      0.01871737314093156,
                      0.01444144655230759,
                      -0.006203366430446819,
                      -0.026887280770260598],
             'name': 'input',
             'neurons': [],
             'num_neurons': 8,
             'weights': [[0.4540828517057,
                          0.48281536393101426,
                          0.4943772244750624,
                          0.5222530517082301,
                          0.4983304869328614,
                          0.4664063594791266,
                          0.5003933177418592,
                          0.4901140836157876,
                          0.4964387873449632,
                          0.5244266916198312],
                         [0.4949166325762044,
                          0.5007246040220523,
                          0.5185158508721054,
                          0.4969371703657194,
                          0.5314090343900192,
                          0.48315248646516284,
                          0.48682129884639774,
                          0.47326335223428534,
                          0.5230796254476564,
                          0.5151157520769494],
                         [0.5303402485552701,
                          0.5022684713452394,
                          0.5002338778142793,
                          0.4934864964005532,
                          0.46341597304335025,
                          0.49934553566971973,
                          0.5141590709064743,
                          0.4826337338788281,
                          0.501043551019009,
                          0.49533007131581075],
                         [0.511325212923192,
                          0.5046544159807147,
                          0.49862194757781797,
                          0.4497328792926435,
                          0.4811530418800396,
                          0.5043188876328192,
                          0.5136983434857734,
                          0.4970590484084897,
                          0.5115356776262108,
                          0.518989778436567],
                         [0.49258391277561325,
                          0.5100889329419958,
                          0.4976309384671609,
                          0.5021101034715802,
                          0.48925365534577475,
                          0.4777373417893239,
                          0.51278035988485,
                          0.5143719130561145,
                          0.5159514717093189,
                          0.5238011859798034],
                         [0.4853345098778746,
                          0.5246188125284713,
                          0.49191349240953874,
                          0.5054575190147217,
                          0.5025708943867421,
                          0.5130576075726724,
                          0.5282122930170549,
                          0.47196688456361746,
                          0.5148303592493968,
                          0.45842079747343856],
                         [0.5147885073007312,
                          0.49679475887667773,
                          0.5298557256884998,
                          0.5252644961856493,
                          0.4897683750347948,
                          0.48820119164443243,
                          0.5103682543793571,
                          0.5037978004735851,
                          0.5048938767522773,
                          0.49918147815509883],
                         [0.47180752206133136,
                          0.5209018990563605,
                          0.49143047185356215,
                          0.5008667462458213,
                          0.5101466321472033,
                          0.5082051800022885,
                          0.47942824028684317,
                          0.4952566151087845,
                          0.4878853760549559,
                          0.4881718505063023]]},
            {'activation': 'sigmoid',
             'bias': [-0.00831644043092346,
                      -0.012390458700847888,
                      -0.034843894644809845,
                      -0.0003243591971049068,
                      -0.008234565908447317,
                      -0.054106128115614945],
             'name': 'hidden1',
             'neurons': [],
             'num_neurons': 6,
             'weights': [[0.49304832295679474,
                          0.46355262916855994,
                          0.4920969553745677,
                          0.4876857932731981,
                          0.5074357592945421,
                          0.4933377039522577,
                          0.5070656968008459,
                          0.5024708925203605],
                         [0.4874715303028435,
                          0.49739650361781385,
                          0.5080372528029871,
                          0.5038850488698852,
                          0.47707257175658785,
                          0.5067845650295192,
                          0.46952073885488343,
                          0.50999080708237],
                         [0.5064972896289903,
                          0.5044175065708921,
                          0.515593141077407,
                          0.5094902848966041,
                          0.5192053422282149,
                          0.5266446369240537,
                          0.5070271757918428,
                          0.5207407849774223],
                         [0.5186451037247082,
                          0.5026629066835722,
                          0.5034544591271476,
                          0.4944397335853354,
                          0.4968412915938441,
                          0.5066966030555919,
                          0.48361418365269115,
                          0.5055652350409987],
                         [0.4860351600065501,
                          0.5419111463257108,
                          0.4933325628172772,
                          0.4989327587301088,
                          0.4906563258479516,
                          0.5327695178253857,
                          0.5113357223439094,
                          0.4908192961068611],
                         [0.48399472810734784,
                          0.47554003116334165,
                          0.490453162079246,
                          0.48149778881853206,
                          0.4913253681628555,
                          0.4832581870199676,
                          0.47230705352074637,
                          0.48430054819244833],
                         [0.49462251987543426,
                          0.47214136369488335,
                          0.5262882282633186,
                          0.5232164417160975,
                          0.48908192021163854,
                          0.4992536766671357,
                          0.5331852991594113,
                          0.48022178778628366],
                         [0.5169666634215132,
                          0.49455063503867425,
                          0.4755128427968229,
                          0.5221757447604336,
                          0.5181883212100276,
                          0.48792924139098465,
                          0.487215439818374,
                          0.48081013477469425]]},
            {'activation': 'sigmoid',
             'bias': [-0.02159856059088871,
                      0.02494742176808048,
                      0.012012776909136415,
                      -0.006463827564121361,
                      0.018734102113584096],
             'name': 'output',
             'neurons': [],
             'num_neurons': 5,
             'weights': [[0.47647155222261445,
                          0.49608850396660514,
                          0.5163164704585212,
                          0.48636511199212296,
                          0.47314105014851365,
                          0.4957844864147721],
                         [0.5317818044347963,
                          0.5191726014436133,
                          0.4741256446304675,
                          0.500207905011306,
                          0.5014155752221148,
                          0.48604479728981065],
                         [0.5263693350058284,
                          0.5148942990189582,
                          0.5112554408612479,
                          0.4917970757510009,
                          0.5073273492182091,
                          0.49692937539415666],
                         [0.505990498017625,
                          0.4768838183417367,
                          0.5207568766463342,
                          0.49630365957379685,
                          0.49148627793324606,
                          0.48225170997378586],
                         [0.5123316314870426,
                          0.5197513419237885,
                          0.5132516875335706,
                          0.5155391464631417,
                          0.4991625589866391,
                          0.4989883029709158],
                         [0.48354094736338,
                          0.515560170144082,
                          0.49876728247266544,
                          0.47923094127703403,
                          0.4817264159878173,
                          0.48737192099378734]]}]}
{'generation': 20,
 'inputs': [],
 'layers': [{'activation': 'sigmoid',
             'bias': [-0.021464475821169633,
                      0.048036466134242554,
                      -0.009800740348325914,
                      -0.006136984100726939,
                      0.01871737314093156,
                      0.01444144655230759,
                      -0.006203366430446819,
                      -0.026887280770260598],
             'name': 'input',
             'neurons': [<gameplay.Neuron object at 0x7f4adb1617b8>,
                         <gameplay.Neuron object at 0x7f4adb161780>,
                         <gameplay.Neuron object at 0x7f4adb161198>,
                         <gameplay.Neuron object at 0x7f4adb161ac8>,
                         <gameplay.Neuron object at 0x7f4adb161b70>,
                         <gameplay.Neuron object at 0x7f4adb161b00>,
                         <gameplay.Neuron object at 0x7f4adb161c18>,
                         <gameplay.Neuron object at 0x7f4adb161c50>],
             'num_neurons': 8,
             'weights': [[0.4540828517057,
                          0.48281536393101426,
                          0.4943772244750624,
                          0.5222530517082301,
                          0.4983304869328614,
                          0.4664063594791266,
                          0.5003933177418592,
                          0.4901140836157876,
                          0.4964387873449632,
                          0.5244266916198312],
                         [0.4949166325762044,
                          0.5007246040220523,
                          0.5185158508721054,
                          0.4969371703657194,
                          0.5314090343900192,
                          0.48315248646516284,
                          0.48682129884639774,
                          0.47326335223428534,
                          0.5230796254476564,
                          0.5151157520769494],
                         [0.5303402485552701,
                          0.5022684713452394,
                          0.5002338778142793,
                          0.4934864964005532,
                          0.46341597304335025,
                          0.49934553566971973,
                          0.5141590709064743,
                          0.4826337338788281,
                          0.501043551019009,
                          0.49533007131581075],
                         [0.511325212923192,
                          0.5046544159807147,
                          0.49862194757781797,
                          0.4497328792926435,
                          0.4811530418800396,
                          0.5043188876328192,
                          0.5136983434857734,
                          0.4970590484084897,
                          0.5115356776262108,
                          0.518989778436567],
                         [0.49258391277561325,
                          0.5100889329419958,
                          0.4976309384671609,
                          0.5021101034715802,
                          0.48925365534577475,
                          0.4777373417893239,
                          0.51278035988485,
                          0.5143719130561145,
                          0.5159514717093189,
                          0.5238011859798034],
                         [0.4853345098778746,
                          0.5246188125284713,
                          0.49191349240953874,
                          0.5054575190147217,
                          0.5025708943867421,
                          0.5130576075726724,
                          0.5282122930170549,
                          0.47196688456361746,
                          0.5148303592493968,
                          0.45842079747343856],
                         [0.5147885073007312,
                          0.49679475887667773,
                          0.5298557256884998,
                          0.5252644961856493,
                          0.4897683750347948,
                          0.48820119164443243,
                          0.5103682543793571,
                          0.5037978004735851,
                          0.5048938767522773,
                          0.49918147815509883],
                         [0.47180752206133136,
                          0.5209018990563605,
                          0.49143047185356215,
                          0.5008667462458213,
                          0.5101466321472033,
                          0.5082051800022885,
                          0.47942824028684317,
                          0.4952566151087845,
                          0.4878853760549559,
                          0.4881718505063023]]},
            {'activation': 'sigmoid',
             'bias': [-0.00831644043092346,
                      -0.012390458700847888,
                      -0.034843894644809845,
                      -0.0003243591971049068,
                      -0.008234565908447317,
                      -0.054106128115614945],
             'name': 'hidden1',
             'neurons': [<gameplay.Neuron object at 0x7f4adb161c88>,
                         <gameplay.Neuron object at 0x7f4adb161cc0>,
                         <gameplay.Neuron object at 0x7f4adb161d30>,
                         <gameplay.Neuron object at 0x7f4adb161cf8>,
                         <gameplay.Neuron object at 0x7f4adb161d68>,
                         <gameplay.Neuron object at 0x7f4adb161dd8>],
             'num_neurons': 6,
             'weights': [[0.49304832295679474,
                          0.46355262916855994,
                          0.4920969553745677,
                          0.4876857932731981,
                          0.5074357592945421,
                          0.4933377039522577,
                          0.5070656968008459,
                          0.5024708925203605],
                         [0.4874715303028435,
                          0.49739650361781385,
                          0.5080372528029871,
                          0.5038850488698852,
                          0.47707257175658785,
                          0.5067845650295192,
                          0.46952073885488343,
                          0.50999080708237],
                         [0.5064972896289903,
                          0.5044175065708921,
                          0.515593141077407,
                          0.5094902848966041,
                          0.5192053422282149,
                          0.5266446369240537,
                          0.5070271757918428,
                          0.5207407849774223],
                         [0.5186451037247082,
                          0.5026629066835722,
                          0.5034544591271476,
                          0.4944397335853354,
                          0.4968412915938441,
                          0.5066966030555919,
                          0.48361418365269115,
                          0.5055652350409987],
                         [0.4860351600065501,
                          0.5419111463257108,
                          0.4933325628172772,
                          0.4989327587301088,
                          0.4906563258479516,
                          0.5327695178253857,
                          0.5113357223439094,
                          0.4908192961068611],
                         [0.48399472810734784,
                          0.47554003116334165,
                          0.490453162079246,
                          0.48149778881853206,
                          0.4913253681628555,
                          0.4832581870199676,
                          0.47230705352074637,
                          0.48430054819244833],
                         [0.49462251987543426,
                          0.47214136369488335,
                          0.5262882282633186,
                          0.5232164417160975,
                          0.48908192021163854,
                          0.4992536766671357,
                          0.5331852991594113,
                          0.48022178778628366],
                         [0.5169666634215132,
                          0.49455063503867425,
                          0.4755128427968229,
                          0.5221757447604336,
                          0.5181883212100276,
                          0.48792924139098465,
                          0.487215439818374,
                          0.48081013477469425]]},
            {'activation': 'sigmoid',
             'bias': [-0.02159856059088871,
                      0.02494742176808048,
                      0.012012776909136415,
                      -0.006463827564121361,
                      0.018734102113584096],
             'name': 'output',
             'neurons': [<gameplay.Neuron object at 0x7f4adb161da0>,
                         <gameplay.Neuron object at 0x7f4adb161e10>,
                         <gameplay.Neuron object at 0x7f4adb161b38>,
                         <gameplay.Neuron object at 0x7f4adb161ba8>,
                         <gameplay.Neuron object at 0x7f4adb161be0>],
             'num_neurons': 5,
             'weights': [[0.47647155222261445,
                          0.49608850396660514,
                          0.5163164704585212,
                          0.48636511199212296,
                          0.47314105014851365,
                          0.4957844864147721],
                         [0.5317818044347963,
                          0.5191726014436133,
                          0.4741256446304675,
                          0.500207905011306,
                          0.5014155752221148,
                          0.48604479728981065],
                         [0.5263693350058284,
                          0.5148942990189582,
                          0.5112554408612479,
                          0.4917970757510009,
                          0.5073273492182091,
                          0.49692937539415666],
                         [0.505990498017625,
                          0.4768838183417367,
                          0.5207568766463342,
                          0.49630365957379685,
                          0.49148627793324606,
                          0.48225170997378586],
                         [0.5123316314870426,
                          0.5197513419237885,
                          0.5132516875335706,
                          0.5155391464631417,
                          0.4991625589866391,
                          0.4989883029709158],
                         [0.48354094736338,
                          0.515560170144082,
                          0.49876728247266544,
                          0.47923094127703403,
                          0.4817264159878173,
                          0.48737192099378734]]}]}
load_tensorflow_graph: path = tensorflow/mario-model-simple-2019-07-17/frozen_inference_graph.pb
object_detection_graph = <tensorflow.python.framework.ops.Graph object at 0x7f4adb161f28>
Doing start sequence
Sleeping one second
sending start
sending empty
Found black world screen for the second time. exiting.



Seconds left: 348
Moves to the right: 138
frame count: 213
time start:  1568161277.350022,   time_now: 1568161299.5412426
