pygame 1.9.6
Hello from the pygame community. https://www.pygame.org/contribute.html
Loading neural net from gameplay_neural_nets/16/8.nn
net = {'generation': 12,
 'inputs': [],
 'layers': [{'activation': 'sigmoid',
             'bias': [-0.01919356342836432,
                      0.027632304121214875,
                      -0.024215695997539116,
                      -0.006112599919821819,
                      0.014084394982738174,
                      0.017558326149471507,
                      -0.0007900303509229822,
                      -0.0208055908074717],
             'name': 'input',
             'neurons': [],
             'num_neurons': 8,
             'weights': [[0.4773661914097704,
                          0.4873366803858231,
                          0.4994297159612061,
                          0.5106604781012525,
                          0.48844740850314533,
                          0.48575354664334003,
                          0.5029882428260176,
                          0.49406596467005387,
                          0.4887038067613499,
                          0.5048022260548228],
                         [0.492896811576879,
                          0.5096539398192095,
                          0.5147025995855695,
                          0.49069430175441625,
                          0.5206570448794378,
                          0.49730062004194076,
                          0.48133304108956565,
                          0.4845621224679649,
                          0.5048746481488096,
                          0.5208919555293134],
                         [0.5177364904042396,
                          0.4898080825059501,
                          0.49347970235039235,
                          0.49728452233842985,
                          0.4732576056058823,
                          0.5064958064232196,
                          0.49504357773264307,
                          0.4911534325032472,
                          0.4825179410462408,
                          0.48230107939552547],
                         [0.5245031860329864,
                          0.5080922125467132,
                          0.5097152402351647,
                          0.5066976021189231,
                          0.48628312886377995,
                          0.5002005322270529,
                          0.49258714935289294,
                          0.48996855790710486,
                          0.5210398349449215,
                          0.5033679761648948],
                         [0.49785067715914627,
                          0.5057491524257307,
                          0.5035181900463391,
                          0.49029079645954926,
                          0.4892167930257816,
                          0.4796730589295538,
                          0.5010264024805452,
                          0.5036152465333187,
                          0.5028091205014034,
                          0.5176869633013104],
                         [0.48957180717471466,
                          0.5187291001852382,
                          0.49906559034603565,
                          0.5089364872052019,
                          0.5002302520826838,
                          0.5088590848846133,
                          0.5266642488298641,
                          0.4918936261270094,
                          0.5092126002900456,
                          0.4921321642201524],
                         [0.5053325700117872,
                          0.511389769907255,
                          0.5156789937671844,
                          0.5059527719771958,
                          0.47373627572360255,
                          0.5068982506255764,
                          0.49514097929357787,
                          0.5055631715596813,
                          0.5116417745937601,
                          0.49718263733640533],
                         [0.48767717423405227,
                          0.5184778791345369,
                          0.4733315759948811,
                          0.5129876004298661,
                          0.49873111710367035,
                          0.49550950529740867,
                          0.49839125591971234,
                          0.4973937628863974,
                          0.4814367252244831,
                          0.4879639745872044]]},
            {'activation': 'sigmoid',
             'bias': [-0.017699490973302045,
                      -0.014994364883807055,
                      -0.022598416043826057,
                      0.002521196195993387,
                      0.00021421814239235698,
                      -0.025184346315322678],
             'name': 'hidden1',
             'neurons': [],
             'num_neurons': 6,
             'weights': [[0.4957716621276163,
                          0.4775574449563504,
                          0.5041752579265667,
                          0.5055388160496577,
                          0.5147517795737052,
                          0.5010695627934544,
                          0.5121531929738555,
                          0.4991701117499759],
                         [0.505254136173081,
                          0.5144855456869748,
                          0.4921103784507463,
                          0.5118064164958959,
                          0.4764539046704579,
                          0.5045020496491726,
                          0.4798542344439569,
                          0.4966432964764257],
                         [0.5064972896289903,
                          0.520086754064328,
                          0.5083904615154775,
                          0.5043502546578602,
                          0.5168296048155318,
                          0.5199243846376774,
                          0.515048107268014,
                          0.49943042621328526],
                         [0.5032846711360996,
                          0.4996234128248386,
                          0.5034544591271476,
                          0.4960397186862436,
                          0.5049458249495538,
                          0.5131466273358285,
                          0.4954092634221779,
                          0.5081224789125202],
                         [0.4974562107189643,
                          0.5184101756345386,
                          0.5014205801573476,
                          0.49680382779541615,
                          0.5037235829349439,
                          0.5237448240671829,
                          0.49140935413816705,
                          0.508952323438492],
                         [0.4827472663843759,
                          0.49407601205552765,
                          0.49857812507261046,
                          0.4829557696790631,
                          0.5081517875315735,
                          0.484660113882103,
                          0.4808663418983393,
                          0.47624190909018005],
                         [0.5044697969987999,
                          0.4935545699224608,
                          0.5054476618250341,
                          0.5146778047707478,
                          0.4819702383649952,
                          0.49149331433786464,
                          0.5087481928538047,
                          0.47777889009914837],
                         [0.5101770210291449,
                          0.4964734596711639,
                          0.4906802883634631,
                          0.5117008687212603,
                          0.4946480901850408,
                          0.5023010467190979,
                          0.48281613284149427,
                          0.48839515664075406]]},
            {'activation': 'sigmoid',
             'bias': [-0.015079805574017736,
                      0.011503520237582044,
                      -0.0019288586014344156,
                      0.0019147468324234706,
                      0.006841307994572835],
             'name': 'output',
             'neurons': [],
             'num_neurons': 5,
             'weights': [[0.4758886739859172,
                          0.5046241385036281,
                          0.5119764838304225,
                          0.49270311183923177,
                          0.4834495288157757,
                          0.4948138827315414],
                         [0.5071718690869209,
                          0.5105884679176045,
                          0.4944512072332268,
                          0.4962664586016946,
                          0.5078689023772239,
                          0.4936192064690875],
                         [0.5029719897275494,
                          0.500563705266624,
                          0.5041133175763942,
                          0.48672818821049596,
                          0.5008570445515255,
                          0.5044262833703742],
                         [0.511303899945139,
                          0.4856126087202792,
                          0.5189640907230695,
                          0.49969413998000983,
                          0.4858976653135858,
                          0.4950033270237761],
                         [0.5149987018774653,
                          0.5123943221620597,
                          0.5112997408043832,
                          0.4920263939705348,
                          0.5191736131460223,
                          0.5078392339557641],
                         [0.4906002171326736,
                          0.521159566845056,
                          0.512887689153151,
                          0.48088090027041897,
                          0.48720004594410443,
                          0.49273090303467987]]}]}
{'generation': 12,
 'inputs': [],
 'layers': [{'activation': 'sigmoid',
             'bias': [-0.01919356342836432,
                      0.027632304121214875,
                      -0.024215695997539116,
                      -0.006112599919821819,
                      0.014084394982738174,
                      0.017558326149471507,
                      -0.0007900303509229822,
                      -0.0208055908074717],
             'name': 'input',
             'neurons': [<gameplay.Neuron object at 0x7f2334d54828>,
                         <gameplay.Neuron object at 0x7f2334d547f0>,
                         <gameplay.Neuron object at 0x7f2334d54208>,
                         <gameplay.Neuron object at 0x7f2334d54b38>,
                         <gameplay.Neuron object at 0x7f2334d54be0>,
                         <gameplay.Neuron object at 0x7f2334d54b70>,
                         <gameplay.Neuron object at 0x7f2334d54c88>,
                         <gameplay.Neuron object at 0x7f2334d54cc0>],
             'num_neurons': 8,
             'weights': [[0.4773661914097704,
                          0.4873366803858231,
                          0.4994297159612061,
                          0.5106604781012525,
                          0.48844740850314533,
                          0.48575354664334003,
                          0.5029882428260176,
                          0.49406596467005387,
                          0.4887038067613499,
                          0.5048022260548228],
                         [0.492896811576879,
                          0.5096539398192095,
                          0.5147025995855695,
                          0.49069430175441625,
                          0.5206570448794378,
                          0.49730062004194076,
                          0.48133304108956565,
                          0.4845621224679649,
                          0.5048746481488096,
                          0.5208919555293134],
                         [0.5177364904042396,
                          0.4898080825059501,
                          0.49347970235039235,
                          0.49728452233842985,
                          0.4732576056058823,
                          0.5064958064232196,
                          0.49504357773264307,
                          0.4911534325032472,
                          0.4825179410462408,
                          0.48230107939552547],
                         [0.5245031860329864,
                          0.5080922125467132,
                          0.5097152402351647,
                          0.5066976021189231,
                          0.48628312886377995,
                          0.5002005322270529,
                          0.49258714935289294,
                          0.48996855790710486,
                          0.5210398349449215,
                          0.5033679761648948],
                         [0.49785067715914627,
                          0.5057491524257307,
                          0.5035181900463391,
                          0.49029079645954926,
                          0.4892167930257816,
                          0.4796730589295538,
                          0.5010264024805452,
                          0.5036152465333187,
                          0.5028091205014034,
                          0.5176869633013104],
                         [0.48957180717471466,
                          0.5187291001852382,
                          0.49906559034603565,
                          0.5089364872052019,
                          0.5002302520826838,
                          0.5088590848846133,
                          0.5266642488298641,
                          0.4918936261270094,
                          0.5092126002900456,
                          0.4921321642201524],
                         [0.5053325700117872,
                          0.511389769907255,
                          0.5156789937671844,
                          0.5059527719771958,
                          0.47373627572360255,
                          0.5068982506255764,
                          0.49514097929357787,
                          0.5055631715596813,
                          0.5116417745937601,
                          0.49718263733640533],
                         [0.48767717423405227,
                          0.5184778791345369,
                          0.4733315759948811,
                          0.5129876004298661,
                          0.49873111710367035,
                          0.49550950529740867,
                          0.49839125591971234,
                          0.4973937628863974,
                          0.4814367252244831,
                          0.4879639745872044]]},
            {'activation': 'sigmoid',
             'bias': [-0.017699490973302045,
                      -0.014994364883807055,
                      -0.022598416043826057,
                      0.002521196195993387,
                      0.00021421814239235698,
                      -0.025184346315322678],
             'name': 'hidden1',
             'neurons': [<gameplay.Neuron object at 0x7f2334d54cf8>,
                         <gameplay.Neuron object at 0x7f2334d54d30>,
                         <gameplay.Neuron object at 0x7f2334d54da0>,
                         <gameplay.Neuron object at 0x7f2334d54d68>,
                         <gameplay.Neuron object at 0x7f2334d54dd8>,
                         <gameplay.Neuron object at 0x7f2334d54e48>],
             'num_neurons': 6,
             'weights': [[0.4957716621276163,
                          0.4775574449563504,
                          0.5041752579265667,
                          0.5055388160496577,
                          0.5147517795737052,
                          0.5010695627934544,
                          0.5121531929738555,
                          0.4991701117499759],
                         [0.505254136173081,
                          0.5144855456869748,
                          0.4921103784507463,
                          0.5118064164958959,
                          0.4764539046704579,
                          0.5045020496491726,
                          0.4798542344439569,
                          0.4966432964764257],
                         [0.5064972896289903,
                          0.520086754064328,
                          0.5083904615154775,
                          0.5043502546578602,
                          0.5168296048155318,
                          0.5199243846376774,
                          0.515048107268014,
                          0.49943042621328526],
                         [0.5032846711360996,
                          0.4996234128248386,
                          0.5034544591271476,
                          0.4960397186862436,
                          0.5049458249495538,
                          0.5131466273358285,
                          0.4954092634221779,
                          0.5081224789125202],
                         [0.4974562107189643,
                          0.5184101756345386,
                          0.5014205801573476,
                          0.49680382779541615,
                          0.5037235829349439,
                          0.5237448240671829,
                          0.49140935413816705,
                          0.508952323438492],
                         [0.4827472663843759,
                          0.49407601205552765,
                          0.49857812507261046,
                          0.4829557696790631,
                          0.5081517875315735,
                          0.484660113882103,
                          0.4808663418983393,
                          0.47624190909018005],
                         [0.5044697969987999,
                          0.4935545699224608,
                          0.5054476618250341,
                          0.5146778047707478,
                          0.4819702383649952,
                          0.49149331433786464,
                          0.5087481928538047,
                          0.47777889009914837],
                         [0.5101770210291449,
                          0.4964734596711639,
                          0.4906802883634631,
                          0.5117008687212603,
                          0.4946480901850408,
                          0.5023010467190979,
                          0.48281613284149427,
                          0.48839515664075406]]},
            {'activation': 'sigmoid',
             'bias': [-0.015079805574017736,
                      0.011503520237582044,
                      -0.0019288586014344156,
                      0.0019147468324234706,
                      0.006841307994572835],
             'name': 'output',
             'neurons': [<gameplay.Neuron object at 0x7f2334d54e10>,
                         <gameplay.Neuron object at 0x7f2334d54e80>,
                         <gameplay.Neuron object at 0x7f2334d54ba8>,
                         <gameplay.Neuron object at 0x7f2334d54c18>,
                         <gameplay.Neuron object at 0x7f2334d54c50>],
             'num_neurons': 5,
             'weights': [[0.4758886739859172,
                          0.5046241385036281,
                          0.5119764838304225,
                          0.49270311183923177,
                          0.4834495288157757,
                          0.4948138827315414],
                         [0.5071718690869209,
                          0.5105884679176045,
                          0.4944512072332268,
                          0.4962664586016946,
                          0.5078689023772239,
                          0.4936192064690875],
                         [0.5029719897275494,
                          0.500563705266624,
                          0.5041133175763942,
                          0.48672818821049596,
                          0.5008570445515255,
                          0.5044262833703742],
                         [0.511303899945139,
                          0.4856126087202792,
                          0.5189640907230695,
                          0.49969413998000983,
                          0.4858976653135858,
                          0.4950033270237761],
                         [0.5149987018774653,
                          0.5123943221620597,
                          0.5112997408043832,
                          0.4920263939705348,
                          0.5191736131460223,
                          0.5078392339557641],
                         [0.4906002171326736,
                          0.521159566845056,
                          0.512887689153151,
                          0.48088090027041897,
                          0.48720004594410443,
                          0.49273090303467987]]}]}
load_tensorflow_graph: path = tensorflow/mario-model-simple-2019-07-17/frozen_inference_graph.pb
object_detection_graph = <tensorflow.python.framework.ops.Graph object at 0x7f2334d54f98>
Doing start sequence
Sleeping one second
sending start
sending empty
Found black world screen for the second time. exiting.



Seconds left: 369
Moves to the right: 101
frame count: 149
time start:  1568159079.1257172,   time_now: 1568159094.8668554
