pygame 1.9.6
Hello from the pygame community. https://www.pygame.org/contribute.html
Loading neural net from gameplay_neural_nets/16/9.nn
net = {'generation': 12,
 'inputs': [],
 'layers': [{'activation': 'sigmoid',
             'bias': [-0.015495623825087604,
                      0.027632304121214875,
                      -0.014527966621034533,
                      -0.004710738978248462,
                      0.018287912796449708,
                      0.012344896709671859,
                      0.004581298239748635,
                      -0.0208055908074717],
             'name': 'input',
             'neurons': [],
             'num_neurons': 8,
             'weights': [[0.47881042598811735,
                          0.5012125723086126,
                          0.5006117651958268,
                          0.5068183818296093,
                          0.48387541189143474,
                          0.4881410972829195,
                          0.5029882428260176,
                          0.48611865369773594,
                          0.4887038067613499,
                          0.5085435837864268],
                         [0.492896811576879,
                          0.5096539398192095,
                          0.5103543866093552,
                          0.48993011546286297,
                          0.5154663177539383,
                          0.49730062004194076,
                          0.48983253243837654,
                          0.4761132194304344,
                          0.5084251027907469,
                          0.5119202704325306],
                         [0.5177364904042396,
                          0.4898080825059501,
                          0.49347970235039235,
                          0.49638918522395536,
                          0.47119823626536256,
                          0.5064958064232196,
                          0.498474542586116,
                          0.4911534325032472,
                          0.49037910810934654,
                          0.4871793744221195],
                         [0.5245031860329864,
                          0.5080922125467132,
                          0.5097152402351647,
                          0.5066976021189231,
                          0.48628312886377995,
                          0.5002005322270529,
                          0.4999883180220672,
                          0.48996855790710486,
                          0.5210398349449215,
                          0.5108240379723327],
                         [0.48388354997241023,
                          0.5112167683006262,
                          0.5113746614111582,
                          0.49029079645954926,
                          0.4935142886117708,
                          0.48510457488110437,
                          0.5092703738631494,
                          0.5054856311012786,
                          0.5028091205014034,
                          0.5176869633013104],
                         [0.48957180717471466,
                          0.5187291001852382,
                          0.4908411789293778,
                          0.5176465023896347,
                          0.48623222045780273,
                          0.5179037738401568,
                          0.5283648805786979,
                          0.48559710074453805,
                          0.5088994252919039,
                          0.4921321642201524],
                         [0.5053325700117872,
                          0.511389769907255,
                          0.5156789937671844,
                          0.5059527719771958,
                          0.47448310666507276,
                          0.5068982506255764,
                          0.49514097929357787,
                          0.4935571733220996,
                          0.5116417745937601,
                          0.5040464119507655],
                         [0.48979888896275664,
                          0.5256389179310984,
                          0.4784280485169526,
                          0.5129876004298661,
                          0.49873111710367035,
                          0.49550950529740867,
                          0.4938341655467791,
                          0.4973937628863974,
                          0.4908156795200672,
                          0.4879639745872044]]},
            {'activation': 'sigmoid',
             'bias': [-0.007988238939885303,
                      -0.00933493121462638,
                      -0.022598416043826057,
                      0.01818925219662998,
                      0.00021421814239235698,
                      -0.02963710445199071],
             'name': 'hidden1',
             'neurons': [],
             'num_neurons': 6,
             'weights': [[0.48177765180406606,
                          0.4775574449563504,
                          0.5012029249736906,
                          0.4978559093147449,
                          0.5047761545298098,
                          0.5047004702349009,
                          0.5177734348966587,
                          0.509153866773384],
                         [0.4989788082422926,
                          0.5144855456869748,
                          0.4921103784507463,
                          0.5118064164958959,
                          0.4764539046704579,
                          0.5045020496491726,
                          0.4798542344439569,
                          0.5011559389266594],
                         [0.5064972896289903,
                          0.5110892813371478,
                          0.5083904615154775,
                          0.5026243852662204,
                          0.519158323579229,
                          0.5109658928117057,
                          0.5058222453511223,
                          0.49943042621328526],
                         [0.5128931764997505,
                          0.4936032324109684,
                          0.5034544591271476,
                          0.4960397186862436,
                          0.502767402726662,
                          0.5051873484422212,
                          0.4954092634221779,
                          0.5121278028278026],
                         [0.4974562107189643,
                          0.5184101756345386,
                          0.5014205801573476,
                          0.4993446848913189,
                          0.5126740670369403,
                          0.5193553072202898,
                          0.48510842056605474,
                          0.504357883798699],
                         [0.49700544496641097,
                          0.49495992269087263,
                          0.491242000990776,
                          0.4864815377750262,
                          0.5081517875315735,
                          0.4784273978265156,
                          0.4808663418983393,
                          0.47624190909018005],
                         [0.5008317033919437,
                          0.4935545699224608,
                          0.5054476618250341,
                          0.5146778047707478,
                          0.4865195530532485,
                          0.49149331433786464,
                          0.5087481928538047,
                          0.4745985614734176],
                         [0.5101770210291449,
                          0.4964734596711639,
                          0.4906802883634631,
                          0.5041686561843205,
                          0.5014791220483009,
                          0.5063050447540544,
                          0.48281613284149427,
                          0.4947009649382377]]},
            {'activation': 'sigmoid',
             'bias': [-0.015354085956993275,
                      0.009145194597157272,
                      0.009892750639013109,
                      0.0019147468324234706,
                      0.006841307994572835],
             'name': 'output',
             'neurons': [],
             'num_neurons': 5,
             'weights': [[0.4758886739859172,
                          0.49516415320078133,
                          0.5113868570414174,
                          0.49270311183923177,
                          0.4834495288157757,
                          0.4948138827315414],
                         [0.49747993422330816,
                          0.5175554151664095,
                          0.4944512072332268,
                          0.49187712673234063,
                          0.5078689023772239,
                          0.49032865202880627],
                         [0.5090077654159493,
                          0.5052021455446943,
                          0.5030040690881016,
                          0.4880253393897837,
                          0.5008570445515255,
                          0.49977888455615166],
                         [0.511303899945139,
                          0.49489955537402347,
                          0.5189640907230695,
                          0.4950201947619602,
                          0.49700898057317583,
                          0.4950033270237761],
                         [0.5149987018774653,
                          0.5030252830057437,
                          0.507373269653942,
                          0.48728169037786373,
                          0.5102139751044519,
                          0.5078392339557641],
                         [0.4999523477485855,
                          0.5122368640698782,
                          0.512887689153151,
                          0.48088090027041897,
                          0.4787774587308035,
                          0.49273090303467987]]}]}
{'generation': 12,
 'inputs': [],
 'layers': [{'activation': 'sigmoid',
             'bias': [-0.015495623825087604,
                      0.027632304121214875,
                      -0.014527966621034533,
                      -0.004710738978248462,
                      0.018287912796449708,
                      0.012344896709671859,
                      0.004581298239748635,
                      -0.0208055908074717],
             'name': 'input',
             'neurons': [<gameplay.Neuron object at 0x7f2b13959828>,
                         <gameplay.Neuron object at 0x7f2b139597f0>,
                         <gameplay.Neuron object at 0x7f2b13959208>,
                         <gameplay.Neuron object at 0x7f2b13959b38>,
                         <gameplay.Neuron object at 0x7f2b13959be0>,
                         <gameplay.Neuron object at 0x7f2b13959b70>,
                         <gameplay.Neuron object at 0x7f2b13959c88>,
                         <gameplay.Neuron object at 0x7f2b13959cc0>],
             'num_neurons': 8,
             'weights': [[0.47881042598811735,
                          0.5012125723086126,
                          0.5006117651958268,
                          0.5068183818296093,
                          0.48387541189143474,
                          0.4881410972829195,
                          0.5029882428260176,
                          0.48611865369773594,
                          0.4887038067613499,
                          0.5085435837864268],
                         [0.492896811576879,
                          0.5096539398192095,
                          0.5103543866093552,
                          0.48993011546286297,
                          0.5154663177539383,
                          0.49730062004194076,
                          0.48983253243837654,
                          0.4761132194304344,
                          0.5084251027907469,
                          0.5119202704325306],
                         [0.5177364904042396,
                          0.4898080825059501,
                          0.49347970235039235,
                          0.49638918522395536,
                          0.47119823626536256,
                          0.5064958064232196,
                          0.498474542586116,
                          0.4911534325032472,
                          0.49037910810934654,
                          0.4871793744221195],
                         [0.5245031860329864,
                          0.5080922125467132,
                          0.5097152402351647,
                          0.5066976021189231,
                          0.48628312886377995,
                          0.5002005322270529,
                          0.4999883180220672,
                          0.48996855790710486,
                          0.5210398349449215,
                          0.5108240379723327],
                         [0.48388354997241023,
                          0.5112167683006262,
                          0.5113746614111582,
                          0.49029079645954926,
                          0.4935142886117708,
                          0.48510457488110437,
                          0.5092703738631494,
                          0.5054856311012786,
                          0.5028091205014034,
                          0.5176869633013104],
                         [0.48957180717471466,
                          0.5187291001852382,
                          0.4908411789293778,
                          0.5176465023896347,
                          0.48623222045780273,
                          0.5179037738401568,
                          0.5283648805786979,
                          0.48559710074453805,
                          0.5088994252919039,
                          0.4921321642201524],
                         [0.5053325700117872,
                          0.511389769907255,
                          0.5156789937671844,
                          0.5059527719771958,
                          0.47448310666507276,
                          0.5068982506255764,
                          0.49514097929357787,
                          0.4935571733220996,
                          0.5116417745937601,
                          0.5040464119507655],
                         [0.48979888896275664,
                          0.5256389179310984,
                          0.4784280485169526,
                          0.5129876004298661,
                          0.49873111710367035,
                          0.49550950529740867,
                          0.4938341655467791,
                          0.4973937628863974,
                          0.4908156795200672,
                          0.4879639745872044]]},
            {'activation': 'sigmoid',
             'bias': [-0.007988238939885303,
                      -0.00933493121462638,
                      -0.022598416043826057,
                      0.01818925219662998,
                      0.00021421814239235698,
                      -0.02963710445199071],
             'name': 'hidden1',
             'neurons': [<gameplay.Neuron object at 0x7f2b13959cf8>,
                         <gameplay.Neuron object at 0x7f2b13959d30>,
                         <gameplay.Neuron object at 0x7f2b13959da0>,
                         <gameplay.Neuron object at 0x7f2b13959d68>,
                         <gameplay.Neuron object at 0x7f2b13959dd8>,
                         <gameplay.Neuron object at 0x7f2b13959e48>],
             'num_neurons': 6,
             'weights': [[0.48177765180406606,
                          0.4775574449563504,
                          0.5012029249736906,
                          0.4978559093147449,
                          0.5047761545298098,
                          0.5047004702349009,
                          0.5177734348966587,
                          0.509153866773384],
                         [0.4989788082422926,
                          0.5144855456869748,
                          0.4921103784507463,
                          0.5118064164958959,
                          0.4764539046704579,
                          0.5045020496491726,
                          0.4798542344439569,
                          0.5011559389266594],
                         [0.5064972896289903,
                          0.5110892813371478,
                          0.5083904615154775,
                          0.5026243852662204,
                          0.519158323579229,
                          0.5109658928117057,
                          0.5058222453511223,
                          0.49943042621328526],
                         [0.5128931764997505,
                          0.4936032324109684,
                          0.5034544591271476,
                          0.4960397186862436,
                          0.502767402726662,
                          0.5051873484422212,
                          0.4954092634221779,
                          0.5121278028278026],
                         [0.4974562107189643,
                          0.5184101756345386,
                          0.5014205801573476,
                          0.4993446848913189,
                          0.5126740670369403,
                          0.5193553072202898,
                          0.48510842056605474,
                          0.504357883798699],
                         [0.49700544496641097,
                          0.49495992269087263,
                          0.491242000990776,
                          0.4864815377750262,
                          0.5081517875315735,
                          0.4784273978265156,
                          0.4808663418983393,
                          0.47624190909018005],
                         [0.5008317033919437,
                          0.4935545699224608,
                          0.5054476618250341,
                          0.5146778047707478,
                          0.4865195530532485,
                          0.49149331433786464,
                          0.5087481928538047,
                          0.4745985614734176],
                         [0.5101770210291449,
                          0.4964734596711639,
                          0.4906802883634631,
                          0.5041686561843205,
                          0.5014791220483009,
                          0.5063050447540544,
                          0.48281613284149427,
                          0.4947009649382377]]},
            {'activation': 'sigmoid',
             'bias': [-0.015354085956993275,
                      0.009145194597157272,
                      0.009892750639013109,
                      0.0019147468324234706,
                      0.006841307994572835],
             'name': 'output',
             'neurons': [<gameplay.Neuron object at 0x7f2b13959e10>,
                         <gameplay.Neuron object at 0x7f2b13959e80>,
                         <gameplay.Neuron object at 0x7f2b13959ba8>,
                         <gameplay.Neuron object at 0x7f2b13959c18>,
                         <gameplay.Neuron object at 0x7f2b13959c50>],
             'num_neurons': 5,
             'weights': [[0.4758886739859172,
                          0.49516415320078133,
                          0.5113868570414174,
                          0.49270311183923177,
                          0.4834495288157757,
                          0.4948138827315414],
                         [0.49747993422330816,
                          0.5175554151664095,
                          0.4944512072332268,
                          0.49187712673234063,
                          0.5078689023772239,
                          0.49032865202880627],
                         [0.5090077654159493,
                          0.5052021455446943,
                          0.5030040690881016,
                          0.4880253393897837,
                          0.5008570445515255,
                          0.49977888455615166],
                         [0.511303899945139,
                          0.49489955537402347,
                          0.5189640907230695,
                          0.4950201947619602,
                          0.49700898057317583,
                          0.4950033270237761],
                         [0.5149987018774653,
                          0.5030252830057437,
                          0.507373269653942,
                          0.48728169037786373,
                          0.5102139751044519,
                          0.5078392339557641],
                         [0.4999523477485855,
                          0.5122368640698782,
                          0.512887689153151,
                          0.48088090027041897,
                          0.4787774587308035,
                          0.49273090303467987]]}]}
load_tensorflow_graph: path = tensorflow/mario-model-simple-2019-07-17/frozen_inference_graph.pb
object_detection_graph = <tensorflow.python.framework.ops.Graph object at 0x7f2b13959f98>
Doing start sequence
Sleeping one second
sending start
sending empty
Found black world screen for the second time. exiting.



Seconds left: 376
Moves to the right: 61
frame count: 122
time start:  1568159100.5113595,   time_now: 1568159113.6743066
