pygame 1.9.6
Hello from the pygame community. https://www.pygame.org/contribute.html
Loading neural net from gameplay_neural_nets/21/grand_father_9.nn
net = {'generation': 16,
 'inputs': [],
 'layers': [{'activation': 'sigmoid',
             'bias': [-0.015735340595114035,
                      0.04389707091563855,
                      -0.016228695188912744,
                      -0.004907850001816273,
                      0.01882708803093068,
                      0.0200589674190305,
                      0.00063285151216906,
                      -0.03206446181262693],
             'name': 'input',
             'neurons': [],
             'num_neurons': 8,
             'weights': [[0.4639792507877494,
                          0.47661702063284833,
                          0.4909534363564538,
                          0.5203906000282503,
                          0.49620718018305726,
                          0.47717828475394586,
                          0.5093577604912484,
                          0.49406596467005387,
                          0.4930885013765764,
                          0.5178760007358458],
                         [0.4949166325762044,
                          0.5093455406064228,
                          0.5164002771238614,
                          0.49790679486832584,
                          0.5168255386053331,
                          0.4936476479733267,
                          0.48698689236348086,
                          0.4699491465166287,
                          0.5169583179174873,
                          0.5204670299110113],
                         [0.5210565657330999,
                          0.4967531119912871,
                          0.5004612208462859,
                          0.5031246670297541,
                          0.4698016773298543,
                          0.5064958064232196,
                          0.5141590709064743,
                          0.4736128584950372,
                          0.49980942079543716,
                          0.4901143089586548],
                         [0.511325212923192,
                          0.5068500160651088,
                          0.5083731090320791,
                          0.4766167088941654,
                          0.4853174029144861,
                          0.5090221412427969,
                          0.4999883180220672,
                          0.4924428414408823,
                          0.5273169075164671,
                          0.5255225268037585],
                         [0.50256822632049,
                          0.5109857520090961,
                          0.5062660194491138,
                          0.5063167007477641,
                          0.4932930504163757,
                          0.4795353713279772,
                          0.5150087993833186,
                          0.5141642876654674,
                          0.5143409431143284,
                          0.5231553820785102],
                         [0.4910681955198174,
                          0.5194942508355013,
                          0.49041794646821524,
                          0.5169392172760249,
                          0.5048860170624946,
                          0.5166664836688138,
                          0.5282122930170549,
                          0.48559710074453805,
                          0.510230849298879,
                          0.47611541128425516],
                         [0.5141502321895873,
                          0.5132736190129841,
                          0.5247457307428112,
                          0.516918318897883,
                          0.4897683750347948,
                          0.49920902494276465,
                          0.5042139543729831,
                          0.4952049710627827,
                          0.5146754313349025,
                          0.49918147815509883],
                         [0.4783306386427836,
                          0.5176765912802274,
                          0.48310675953568805,
                          0.5059799408603737,
                          0.5046505933847585,
                          0.5036691422908852,
                          0.4855591811168293,
                          0.4861137492544603,
                          0.4779109341138322,
                          0.48789102168483023]]},
            {'activation': 'sigmoid',
             'bias': [-0.005953791232165804,
                      -0.012390458700847888,
                      -0.025338597043436887,
                      0.009026660549253667,
                      -0.004439287361116847,
                      -0.03413905325493097],
             'name': 'hidden1',
             'neurons': [],
             'num_neurons': 6,
             'weights': [[0.4946902260779711,
                          0.46355262916855994,
                          0.49603243976959155,
                          0.4913648085972553,
                          0.5052276202350865,
                          0.5002371353340551,
                          0.5045435395198404,
                          0.5020323836580055],
                         [0.4933205047817098,
                          0.5163802482738097,
                          0.5080372528029871,
                          0.5063032351315105,
                          0.48371615927467887,
                          0.5003897291645829,
                          0.48189926931405846,
                          0.4980580322845683],
                         [0.5064972896289903,
                          0.5131596144262831,
                          0.5079327298984238,
                          0.5026243852662204,
                          0.5192053422282149,
                          0.5168847802258525,
                          0.5013336363996188,
                          0.5079552763099127],
                         [0.520160997623267,
                          0.5028957461997338,
                          0.5034544591271476,
                          0.4960397186862436,
                          0.4968412915938441,
                          0.5055071620273023,
                          0.4898320825555524,
                          0.5150090308881655],
                         [0.4974562107189643,
                          0.5412693255772459,
                          0.4955684546539997,
                          0.4989327587301088,
                          0.4995249277355742,
                          0.5200634156884597,
                          0.5026828560373013,
                          0.49506238795700175],
                         [0.48399472810734784,
                          0.48668402669816435,
                          0.4967970570341226,
                          0.489570632491683,
                          0.4913253681628555,
                          0.47538861612538136,
                          0.47230705352074637,
                          0.47624190909018005],
                         [0.4969571702385311,
                          0.48825884717431967,
                          0.5241950764735995,
                          0.5168163855044943,
                          0.4869242071463299,
                          0.5046458846931225,
                          0.5164875546942526,
                          0.48022178778628366],
                         [0.5101770210291449,
                          0.49773943779597873,
                          0.48287530429896486,
                          0.521253682140536,
                          0.5119457632670869,
                          0.4977626717797216,
                          0.48271308991074596,
                          0.48027826346674246]]},
            {'activation': 'sigmoid',
             'bias': [-0.024340677597046022,
                      0.016114065837534657,
                      0.007766128702354516,
                      0.0019147468324234706,
                      0.009258069530614636],
             'name': 'output',
             'neurons': [],
             'num_neurons': 5,
             'weights': [[0.4758886739859172,
                          0.4991516830031938,
                          0.506502692890431,
                          0.4941438103092965,
                          0.47576358487016923,
                          0.4957844864147721],
                         [0.5317818044347963,
                          0.5094067147627386,
                          0.4852017089814563,
                          0.490844235003105,
                          0.5022315906384295,
                          0.48604479728981065],
                         [0.5232752374620201,
                          0.5148942990189582,
                          0.5057333527990443,
                          0.4897162150146533,
                          0.49900969573451515,
                          0.49692937539415666],
                         [0.505990498017625,
                          0.49323848631971307,
                          0.5244346682079514,
                          0.4950201947619602,
                          0.48523448185268214,
                          0.48152497917934434],
                         [0.5151098090346171,
                          0.5099386239435777,
                          0.5218815708833983,
                          0.5074262227702441,
                          0.49810668085246057,
                          0.5048580752068198],
                         [0.4826227949208937,
                          0.5198532388215351,
                          0.49876728247266544,
                          0.47683285114870233,
                          0.4817264159878173,
                          0.48737192099378734]]}]}
{'generation': 16,
 'inputs': [],
 'layers': [{'activation': 'sigmoid',
             'bias': [-0.015735340595114035,
                      0.04389707091563855,
                      -0.016228695188912744,
                      -0.004907850001816273,
                      0.01882708803093068,
                      0.0200589674190305,
                      0.00063285151216906,
                      -0.03206446181262693],
             'name': 'input',
             'neurons': [<gameplay.Neuron object at 0x7f79309b9828>,
                         <gameplay.Neuron object at 0x7f79309b97f0>,
                         <gameplay.Neuron object at 0x7f79309b9208>,
                         <gameplay.Neuron object at 0x7f79309b9b38>,
                         <gameplay.Neuron object at 0x7f79309b9be0>,
                         <gameplay.Neuron object at 0x7f79309b9b70>,
                         <gameplay.Neuron object at 0x7f79309b9c88>,
                         <gameplay.Neuron object at 0x7f79309b9cc0>],
             'num_neurons': 8,
             'weights': [[0.4639792507877494,
                          0.47661702063284833,
                          0.4909534363564538,
                          0.5203906000282503,
                          0.49620718018305726,
                          0.47717828475394586,
                          0.5093577604912484,
                          0.49406596467005387,
                          0.4930885013765764,
                          0.5178760007358458],
                         [0.4949166325762044,
                          0.5093455406064228,
                          0.5164002771238614,
                          0.49790679486832584,
                          0.5168255386053331,
                          0.4936476479733267,
                          0.48698689236348086,
                          0.4699491465166287,
                          0.5169583179174873,
                          0.5204670299110113],
                         [0.5210565657330999,
                          0.4967531119912871,
                          0.5004612208462859,
                          0.5031246670297541,
                          0.4698016773298543,
                          0.5064958064232196,
                          0.5141590709064743,
                          0.4736128584950372,
                          0.49980942079543716,
                          0.4901143089586548],
                         [0.511325212923192,
                          0.5068500160651088,
                          0.5083731090320791,
                          0.4766167088941654,
                          0.4853174029144861,
                          0.5090221412427969,
                          0.4999883180220672,
                          0.4924428414408823,
                          0.5273169075164671,
                          0.5255225268037585],
                         [0.50256822632049,
                          0.5109857520090961,
                          0.5062660194491138,
                          0.5063167007477641,
                          0.4932930504163757,
                          0.4795353713279772,
                          0.5150087993833186,
                          0.5141642876654674,
                          0.5143409431143284,
                          0.5231553820785102],
                         [0.4910681955198174,
                          0.5194942508355013,
                          0.49041794646821524,
                          0.5169392172760249,
                          0.5048860170624946,
                          0.5166664836688138,
                          0.5282122930170549,
                          0.48559710074453805,
                          0.510230849298879,
                          0.47611541128425516],
                         [0.5141502321895873,
                          0.5132736190129841,
                          0.5247457307428112,
                          0.516918318897883,
                          0.4897683750347948,
                          0.49920902494276465,
                          0.5042139543729831,
                          0.4952049710627827,
                          0.5146754313349025,
                          0.49918147815509883],
                         [0.4783306386427836,
                          0.5176765912802274,
                          0.48310675953568805,
                          0.5059799408603737,
                          0.5046505933847585,
                          0.5036691422908852,
                          0.4855591811168293,
                          0.4861137492544603,
                          0.4779109341138322,
                          0.48789102168483023]]},
            {'activation': 'sigmoid',
             'bias': [-0.005953791232165804,
                      -0.012390458700847888,
                      -0.025338597043436887,
                      0.009026660549253667,
                      -0.004439287361116847,
                      -0.03413905325493097],
             'name': 'hidden1',
             'neurons': [<gameplay.Neuron object at 0x7f79309b9cf8>,
                         <gameplay.Neuron object at 0x7f79309b9d30>,
                         <gameplay.Neuron object at 0x7f79309b9da0>,
                         <gameplay.Neuron object at 0x7f79309b9d68>,
                         <gameplay.Neuron object at 0x7f79309b9dd8>,
                         <gameplay.Neuron object at 0x7f79309b9e48>],
             'num_neurons': 6,
             'weights': [[0.4946902260779711,
                          0.46355262916855994,
                          0.49603243976959155,
                          0.4913648085972553,
                          0.5052276202350865,
                          0.5002371353340551,
                          0.5045435395198404,
                          0.5020323836580055],
                         [0.4933205047817098,
                          0.5163802482738097,
                          0.5080372528029871,
                          0.5063032351315105,
                          0.48371615927467887,
                          0.5003897291645829,
                          0.48189926931405846,
                          0.4980580322845683],
                         [0.5064972896289903,
                          0.5131596144262831,
                          0.5079327298984238,
                          0.5026243852662204,
                          0.5192053422282149,
                          0.5168847802258525,
                          0.5013336363996188,
                          0.5079552763099127],
                         [0.520160997623267,
                          0.5028957461997338,
                          0.5034544591271476,
                          0.4960397186862436,
                          0.4968412915938441,
                          0.5055071620273023,
                          0.4898320825555524,
                          0.5150090308881655],
                         [0.4974562107189643,
                          0.5412693255772459,
                          0.4955684546539997,
                          0.4989327587301088,
                          0.4995249277355742,
                          0.5200634156884597,
                          0.5026828560373013,
                          0.49506238795700175],
                         [0.48399472810734784,
                          0.48668402669816435,
                          0.4967970570341226,
                          0.489570632491683,
                          0.4913253681628555,
                          0.47538861612538136,
                          0.47230705352074637,
                          0.47624190909018005],
                         [0.4969571702385311,
                          0.48825884717431967,
                          0.5241950764735995,
                          0.5168163855044943,
                          0.4869242071463299,
                          0.5046458846931225,
                          0.5164875546942526,
                          0.48022178778628366],
                         [0.5101770210291449,
                          0.49773943779597873,
                          0.48287530429896486,
                          0.521253682140536,
                          0.5119457632670869,
                          0.4977626717797216,
                          0.48271308991074596,
                          0.48027826346674246]]},
            {'activation': 'sigmoid',
             'bias': [-0.024340677597046022,
                      0.016114065837534657,
                      0.007766128702354516,
                      0.0019147468324234706,
                      0.009258069530614636],
             'name': 'output',
             'neurons': [<gameplay.Neuron object at 0x7f79309b9e10>,
                         <gameplay.Neuron object at 0x7f79309b9e80>,
                         <gameplay.Neuron object at 0x7f79309b9ba8>,
                         <gameplay.Neuron object at 0x7f79309b9c18>,
                         <gameplay.Neuron object at 0x7f79309b9c50>],
             'num_neurons': 5,
             'weights': [[0.4758886739859172,
                          0.4991516830031938,
                          0.506502692890431,
                          0.4941438103092965,
                          0.47576358487016923,
                          0.4957844864147721],
                         [0.5317818044347963,
                          0.5094067147627386,
                          0.4852017089814563,
                          0.490844235003105,
                          0.5022315906384295,
                          0.48604479728981065],
                         [0.5232752374620201,
                          0.5148942990189582,
                          0.5057333527990443,
                          0.4897162150146533,
                          0.49900969573451515,
                          0.49692937539415666],
                         [0.505990498017625,
                          0.49323848631971307,
                          0.5244346682079514,
                          0.4950201947619602,
                          0.48523448185268214,
                          0.48152497917934434],
                         [0.5151098090346171,
                          0.5099386239435777,
                          0.5218815708833983,
                          0.5074262227702441,
                          0.49810668085246057,
                          0.5048580752068198],
                         [0.4826227949208937,
                          0.5198532388215351,
                          0.49876728247266544,
                          0.47683285114870233,
                          0.4817264159878173,
                          0.48737192099378734]]}]}
load_tensorflow_graph: path = tensorflow/mario-model-simple-2019-07-17/frozen_inference_graph.pb
object_detection_graph = <tensorflow.python.framework.ops.Graph object at 0x7f79309b9f98>
Doing start sequence
Sleeping one second
sending start
sending empty
Found black world screen for the second time. exiting.



Seconds left: 376
Moves to the right: 61
frame count: 118
time start:  1568160599.5188115,   time_now: 1568160612.3388793
