pygame 1.9.6
Hello from the pygame community. https://www.pygame.org/contribute.html
Loading neural net from gameplay_neural_nets/113/1.nn
net = {'generation': 102,
 'inputs': [],
 'layers': [{'activation': 'sigmoid',
             'bias': [0.019349299132985918,
                      -0.014206158505814947,
                      -0.004039332416363416,
                      -0.025941150572471445,
                      -0.00298974978118635,
                      -0.03573575703967746,
                      0.028155978780749602,
                      -0.020339080122636265],
             'name': 'input',
             'neurons': [],
             'num_neurons': 8,
             'weights': [[0.35869254236922116,
                          0.4310896024008271,
                          0.08093316855596866,
                          0.11175120023384624,
                          0.08372582995360335,
                          0.07892412616237551,
                          0.08500577714948238,
                          0.10127071852664495,
                          0.09560651859294202,
                          0.08549184729551211],
                         [0.37875946674816413,
                          0.36712653918671007,
                          0.09568602043334913,
                          0.10196157925578501,
                          0.11671814695722788,
                          0.06776803980593167,
                          0.11977832019174098,
                          0.09372365474596842,
                          0.11974836764972073,
                          0.12233312230148613],
                         [0.37467033070124306,
                          0.427167253908773,
                          0.10114770595650754,
                          0.05687742228700766,
                          0.11203263474146158,
                          0.10781390935585647,
                          0.10125154496606487,
                          0.10093012742119306,
                          0.08942008457745546,
                          0.08658736158495847],
                         [0.38342374402310947,
                          0.38882784269314746,
                          0.10503273467970903,
                          0.12281078320977776,
                          0.05307343711614948,
                          0.08951502435445118,
                          0.08600082604585138,
                          0.12412029193533984,
                          0.11162771648177443,
                          0.11396937116962981],
                         [0.4038369828449551,
                          0.3877260014635799,
                          0.06485599074908754,
                          0.12241535411531271,
                          0.09809391766649599,
                          0.1481588726373712,
                          0.1043063699133368,
                          0.1354895079154646,
                          0.09889878329978692,
                          0.05836057805034525],
                         [0.37713432104991906,
                          0.438071972261865,
                          0.0770253976038218,
                          0.07607241547253614,
                          0.11032223461271354,
                          0.0667892725335323,
                          0.11678000023870348,
                          0.10864352768765334,
                          0.11444962565804873,
                          0.10600055718224553],
                         [0.3636552005088008,
                          0.3868664310889058,
                          0.11886449203761841,
                          0.04937117113606713,
                          0.10467079623202713,
                          0.12844783082430056,
                          0.08424672871684638,
                          0.11715599429861955,
                          0.10390412630269891,
                          0.0831481661316244],
                         [0.3938906849327437,
                          0.4299717759185942,
                          0.048778761536630855,
                          0.07212634833895164,
                          0.12162467941084301,
                          0.04361500088601931,
                          0.0692093294949778,
                          0.15013864563052992,
                          0.10327260996349094,
                          0.061825324966829256]]},
            {'activation': 'sigmoid',
             'bias': [-0.01750548841765276,
                      0.04658872817170994,
                      -0.011115192997259674,
                      -0.0012948143103029778,
                      0.02088917533184764],
             'name': 'output',
             'neurons': [],
             'num_neurons': 5,
             'weights': [[0.061485262392024106,
                          0.10481107935210278,
                          0.09589673341385271,
                          0.05354527776957699,
                          0.10504896563801387,
                          0.14313155553698748,
                          0.13344058372170586,
                          0.11008559596657581],
                         [0.06756022829148015,
                          0.08081361881513995,
                          0.05600624260220268,
                          0.15983090771711336,
                          0.09146581013012871,
                          0.08562265323980282,
                          0.07179224570284669,
                          0.19428958572718116],
                         [0.12330268807301034,
                          0.07939152959986268,
                          0.10321100730647847,
                          0.09612275867408629,
                          0.09764979957227517,
                          0.10666190167038246,
                          0.12928232249513597,
                          0.08607809557644264],
                         [0.11651676520609965,
                          0.06592459631154385,
                          0.11909018328628884,
                          0.06170335398524664,
                          0.14836537080011541,
                          0.10046502094379775,
                          0.09244923441322457,
                          0.08925680669594778],
                         [0.11653576663191165,
                          0.11510917437148706,
                          0.13951090582938058,
                          0.04545012573234412,
                          0.16239688199890265,
                          0.10431825456747772,
                          0.10415548372622321,
                          0.11576998470882884],
                         [0.09297807065420045,
                          0.11308206181302909,
                          0.14176326988086166,
                          0.09902850187623326,
                          0.05529503412183091,
                          0.11143807473214308,
                          0.058813766525445114,
                          0.10838323341789258]]}]}
{'generation': 102,
 'inputs': [],
 'layers': [{'activation': 'sigmoid',
             'bias': [0.019349299132985918,
                      -0.014206158505814947,
                      -0.004039332416363416,
                      -0.025941150572471445,
                      -0.00298974978118635,
                      -0.03573575703967746,
                      0.028155978780749602,
                      -0.020339080122636265],
             'name': 'input',
             'neurons': [<gameplay.Neuron object at 0x7f9847a9c860>,
                         <gameplay.Neuron object at 0x7f9847a9c828>,
                         <gameplay.Neuron object at 0x7f9847a9c240>,
                         <gameplay.Neuron object at 0x7f9847a9cb00>,
                         <gameplay.Neuron object at 0x7f9847a9cba8>,
                         <gameplay.Neuron object at 0x7f9847a9cb38>,
                         <gameplay.Neuron object at 0x7f9847a9cc88>,
                         <gameplay.Neuron object at 0x7f9847a9cc50>],
             'num_neurons': 8,
             'weights': [[0.35869254236922116,
                          0.4310896024008271,
                          0.08093316855596866,
                          0.11175120023384624,
                          0.08372582995360335,
                          0.07892412616237551,
                          0.08500577714948238,
                          0.10127071852664495,
                          0.09560651859294202,
                          0.08549184729551211],
                         [0.37875946674816413,
                          0.36712653918671007,
                          0.09568602043334913,
                          0.10196157925578501,
                          0.11671814695722788,
                          0.06776803980593167,
                          0.11977832019174098,
                          0.09372365474596842,
                          0.11974836764972073,
                          0.12233312230148613],
                         [0.37467033070124306,
                          0.427167253908773,
                          0.10114770595650754,
                          0.05687742228700766,
                          0.11203263474146158,
                          0.10781390935585647,
                          0.10125154496606487,
                          0.10093012742119306,
                          0.08942008457745546,
                          0.08658736158495847],
                         [0.38342374402310947,
                          0.38882784269314746,
                          0.10503273467970903,
                          0.12281078320977776,
                          0.05307343711614948,
                          0.08951502435445118,
                          0.08600082604585138,
                          0.12412029193533984,
                          0.11162771648177443,
                          0.11396937116962981],
                         [0.4038369828449551,
                          0.3877260014635799,
                          0.06485599074908754,
                          0.12241535411531271,
                          0.09809391766649599,
                          0.1481588726373712,
                          0.1043063699133368,
                          0.1354895079154646,
                          0.09889878329978692,
                          0.05836057805034525],
                         [0.37713432104991906,
                          0.438071972261865,
                          0.0770253976038218,
                          0.07607241547253614,
                          0.11032223461271354,
                          0.0667892725335323,
                          0.11678000023870348,
                          0.10864352768765334,
                          0.11444962565804873,
                          0.10600055718224553],
                         [0.3636552005088008,
                          0.3868664310889058,
                          0.11886449203761841,
                          0.04937117113606713,
                          0.10467079623202713,
                          0.12844783082430056,
                          0.08424672871684638,
                          0.11715599429861955,
                          0.10390412630269891,
                          0.0831481661316244],
                         [0.3938906849327437,
                          0.4299717759185942,
                          0.048778761536630855,
                          0.07212634833895164,
                          0.12162467941084301,
                          0.04361500088601931,
                          0.0692093294949778,
                          0.15013864563052992,
                          0.10327260996349094,
                          0.061825324966829256]]},
            {'activation': 'sigmoid',
             'bias': [-0.01750548841765276,
                      0.04658872817170994,
                      -0.011115192997259674,
                      -0.0012948143103029778,
                      0.02088917533184764],
             'name': 'output',
             'neurons': [<gameplay.Neuron object at 0x7f9847a9ccc0>,
                         <gameplay.Neuron object at 0x7f9847a9ccf8>,
                         <gameplay.Neuron object at 0x7f9847a9cd68>,
                         <gameplay.Neuron object at 0x7f9847a9cd30>,
                         <gameplay.Neuron object at 0x7f9847a9cda0>],
             'num_neurons': 5,
             'weights': [[0.061485262392024106,
                          0.10481107935210278,
                          0.09589673341385271,
                          0.05354527776957699,
                          0.10504896563801387,
                          0.14313155553698748,
                          0.13344058372170586,
                          0.11008559596657581],
                         [0.06756022829148015,
                          0.08081361881513995,
                          0.05600624260220268,
                          0.15983090771711336,
                          0.09146581013012871,
                          0.08562265323980282,
                          0.07179224570284669,
                          0.19428958572718116],
                         [0.12330268807301034,
                          0.07939152959986268,
                          0.10321100730647847,
                          0.09612275867408629,
                          0.09764979957227517,
                          0.10666190167038246,
                          0.12928232249513597,
                          0.08607809557644264],
                         [0.11651676520609965,
                          0.06592459631154385,
                          0.11909018328628884,
                          0.06170335398524664,
                          0.14836537080011541,
                          0.10046502094379775,
                          0.09244923441322457,
                          0.08925680669594778],
                         [0.11653576663191165,
                          0.11510917437148706,
                          0.13951090582938058,
                          0.04545012573234412,
                          0.16239688199890265,
                          0.10431825456747772,
                          0.10415548372622321,
                          0.11576998470882884],
                         [0.09297807065420045,
                          0.11308206181302909,
                          0.14176326988086166,
                          0.09902850187623326,
                          0.05529503412183091,
                          0.11143807473214308,
                          0.058813766525445114,
                          0.10838323341789258]]}]}
load_tensorflow_graph: path = tensorflow/mario-model-simple-2019-07-17/frozen_inference_graph.pb
object_detection_graph = <tensorflow.python.framework.ops.Graph object at 0x7f9847a9ce48>
Doing start sequence
Sleeping one second
sending start
sending empty
Found black world screen for the second time. exiting.



Seconds left: 393
Moves to the right: 20
