pygame 1.9.6
Hello from the pygame community. https://www.pygame.org/contribute.html
Loading neural net from gameplay_neural_nets/113/4.nn
net = {'generation': 102,
 'inputs': [],
 'layers': [{'activation': 'sigmoid',
             'bias': [0.019349299132985918,
                      -0.0055359717705834345,
                      -0.004039332416363416,
                      -0.02324960757636481,
                      -0.00298974978118635,
                      -0.03573575703967746,
                      0.028155978780749602,
                      -0.020339080122636265],
             'name': 'input',
             'neurons': [],
             'num_neurons': 8,
             'weights': [[0.35869254236922116,
                          0.42699347342810373,
                          0.08093316855596866,
                          0.11175120023384624,
                          0.08372582995360335,
                          0.07892412616237551,
                          0.0882541896416864,
                          0.1021213098274783,
                          0.09279532818407855,
                          0.08549184729551211],
                         [0.37875946674816413,
                          0.36712653918671007,
                          0.09568602043334913,
                          0.10196157925578501,
                          0.11671814695722788,
                          0.06776803980593167,
                          0.11977832019174098,
                          0.09372365474596842,
                          0.12404294389666429,
                          0.12233312230148613],
                         [0.3788368930283754,
                          0.427167253908773,
                          0.09262817290756131,
                          0.05687742228700766,
                          0.11416928611738325,
                          0.1033294109317403,
                          0.10125154496606487,
                          0.09748030386324351,
                          0.0906296682925628,
                          0.08658736158495847],
                         [0.38342374402310947,
                          0.38882784269314746,
                          0.09747870065525541,
                          0.12645270237015316,
                          0.05307343711614948,
                          0.08951502435445118,
                          0.08600082604585138,
                          0.1176888790644044,
                          0.11162771648177443,
                          0.12073285382442087],
                         [0.39556446723867505,
                          0.3877260014635799,
                          0.06485599074908754,
                          0.12241535411531271,
                          0.09844978391457816,
                          0.14675366955218982,
                          0.1043063699133368,
                          0.1354895079154646,
                          0.09238202884563744,
                          0.06529812063999893],
                         [0.3742946502690349,
                          0.438071972261865,
                          0.0770253976038218,
                          0.06798823513304526,
                          0.11032223461271354,
                          0.0667892725335323,
                          0.11124543343853696,
                          0.10864352768765334,
                          0.11444962565804873,
                          0.10600055718224553],
                         [0.3636552005088008,
                          0.3868664310889058,
                          0.11886449203761841,
                          0.04937117113606713,
                          0.10467079623202713,
                          0.12844783082430056,
                          0.08088037296725054,
                          0.11715599429861955,
                          0.10390412630269891,
                          0.08192053737888855],
                         [0.3938906849327437,
                          0.43974971803497975,
                          0.048778761536630855,
                          0.07212634833895164,
                          0.12162467941084301,
                          0.04361500088601931,
                          0.0692093294949778,
                          0.15013864563052992,
                          0.09845938809747122,
                          0.061825324966829256]]},
            {'activation': 'sigmoid',
             'bias': [-0.01750548841765276,
                      0.04658872817170994,
                      -0.006914877027944526,
                      -0.0012948143103029778,
                      0.02665064247586818],
             'name': 'output',
             'neurons': [],
             'num_neurons': 5,
             'weights': [[0.061485262392024106,
                          0.10481107935210278,
                          0.09589673341385271,
                          0.04660343664901072,
                          0.10504896563801387,
                          0.14313155553698748,
                          0.13344058372170586,
                          0.10777194741563222],
                         [0.06912228583041141,
                          0.08081361881513995,
                          0.05600624260220268,
                          0.15983090771711336,
                          0.09171276144813208,
                          0.08343950447891534,
                          0.07179224570284669,
                          0.19428958572718116],
                         [0.12330268807301034,
                          0.08286710687726617,
                          0.09460259933417604,
                          0.09612275867408629,
                          0.10055740699179443,
                          0.11210814336695574,
                          0.12928232249513597,
                          0.08607809557644264],
                         [0.10746221075617064,
                          0.06592459631154385,
                          0.11909018328628884,
                          0.06170335398524664,
                          0.14691917097607407,
                          0.10046502094379775,
                          0.10418180032900433,
                          0.09527714895077144],
                         [0.11653576663191165,
                          0.11510917437148706,
                          0.13759447909532496,
                          0.04420916381210521,
                          0.16239688199890265,
                          0.10431825456747772,
                          0.10415548372622321,
                          0.11576998470882884],
                         [0.09297807065420045,
                          0.11547788122699809,
                          0.14176326988086166,
                          0.1077466058372229,
                          0.05529503412183091,
                          0.11143807473214308,
                          0.06309157348708813,
                          0.10838323341789258]]}]}
{'generation': 102,
 'inputs': [],
 'layers': [{'activation': 'sigmoid',
             'bias': [0.019349299132985918,
                      -0.0055359717705834345,
                      -0.004039332416363416,
                      -0.02324960757636481,
                      -0.00298974978118635,
                      -0.03573575703967746,
                      0.028155978780749602,
                      -0.020339080122636265],
             'name': 'input',
             'neurons': [<gameplay.Neuron object at 0x7fcdeb75b860>,
                         <gameplay.Neuron object at 0x7fcdeb75b828>,
                         <gameplay.Neuron object at 0x7fcdeb75b240>,
                         <gameplay.Neuron object at 0x7fcdeb75bb00>,
                         <gameplay.Neuron object at 0x7fcdeb75bba8>,
                         <gameplay.Neuron object at 0x7fcdeb75bb38>,
                         <gameplay.Neuron object at 0x7fcdeb75bc88>,
                         <gameplay.Neuron object at 0x7fcdeb75bc50>],
             'num_neurons': 8,
             'weights': [[0.35869254236922116,
                          0.42699347342810373,
                          0.08093316855596866,
                          0.11175120023384624,
                          0.08372582995360335,
                          0.07892412616237551,
                          0.0882541896416864,
                          0.1021213098274783,
                          0.09279532818407855,
                          0.08549184729551211],
                         [0.37875946674816413,
                          0.36712653918671007,
                          0.09568602043334913,
                          0.10196157925578501,
                          0.11671814695722788,
                          0.06776803980593167,
                          0.11977832019174098,
                          0.09372365474596842,
                          0.12404294389666429,
                          0.12233312230148613],
                         [0.3788368930283754,
                          0.427167253908773,
                          0.09262817290756131,
                          0.05687742228700766,
                          0.11416928611738325,
                          0.1033294109317403,
                          0.10125154496606487,
                          0.09748030386324351,
                          0.0906296682925628,
                          0.08658736158495847],
                         [0.38342374402310947,
                          0.38882784269314746,
                          0.09747870065525541,
                          0.12645270237015316,
                          0.05307343711614948,
                          0.08951502435445118,
                          0.08600082604585138,
                          0.1176888790644044,
                          0.11162771648177443,
                          0.12073285382442087],
                         [0.39556446723867505,
                          0.3877260014635799,
                          0.06485599074908754,
                          0.12241535411531271,
                          0.09844978391457816,
                          0.14675366955218982,
                          0.1043063699133368,
                          0.1354895079154646,
                          0.09238202884563744,
                          0.06529812063999893],
                         [0.3742946502690349,
                          0.438071972261865,
                          0.0770253976038218,
                          0.06798823513304526,
                          0.11032223461271354,
                          0.0667892725335323,
                          0.11124543343853696,
                          0.10864352768765334,
                          0.11444962565804873,
                          0.10600055718224553],
                         [0.3636552005088008,
                          0.3868664310889058,
                          0.11886449203761841,
                          0.04937117113606713,
                          0.10467079623202713,
                          0.12844783082430056,
                          0.08088037296725054,
                          0.11715599429861955,
                          0.10390412630269891,
                          0.08192053737888855],
                         [0.3938906849327437,
                          0.43974971803497975,
                          0.048778761536630855,
                          0.07212634833895164,
                          0.12162467941084301,
                          0.04361500088601931,
                          0.0692093294949778,
                          0.15013864563052992,
                          0.09845938809747122,
                          0.061825324966829256]]},
            {'activation': 'sigmoid',
             'bias': [-0.01750548841765276,
                      0.04658872817170994,
                      -0.006914877027944526,
                      -0.0012948143103029778,
                      0.02665064247586818],
             'name': 'output',
             'neurons': [<gameplay.Neuron object at 0x7fcdeb75bcc0>,
                         <gameplay.Neuron object at 0x7fcdeb75bcf8>,
                         <gameplay.Neuron object at 0x7fcdeb75bd68>,
                         <gameplay.Neuron object at 0x7fcdeb75bd30>,
                         <gameplay.Neuron object at 0x7fcdeb75bda0>],
             'num_neurons': 5,
             'weights': [[0.061485262392024106,
                          0.10481107935210278,
                          0.09589673341385271,
                          0.04660343664901072,
                          0.10504896563801387,
                          0.14313155553698748,
                          0.13344058372170586,
                          0.10777194741563222],
                         [0.06912228583041141,
                          0.08081361881513995,
                          0.05600624260220268,
                          0.15983090771711336,
                          0.09171276144813208,
                          0.08343950447891534,
                          0.07179224570284669,
                          0.19428958572718116],
                         [0.12330268807301034,
                          0.08286710687726617,
                          0.09460259933417604,
                          0.09612275867408629,
                          0.10055740699179443,
                          0.11210814336695574,
                          0.12928232249513597,
                          0.08607809557644264],
                         [0.10746221075617064,
                          0.06592459631154385,
                          0.11909018328628884,
                          0.06170335398524664,
                          0.14691917097607407,
                          0.10046502094379775,
                          0.10418180032900433,
                          0.09527714895077144],
                         [0.11653576663191165,
                          0.11510917437148706,
                          0.13759447909532496,
                          0.04420916381210521,
                          0.16239688199890265,
                          0.10431825456747772,
                          0.10415548372622321,
                          0.11576998470882884],
                         [0.09297807065420045,
                          0.11547788122699809,
                          0.14176326988086166,
                          0.1077466058372229,
                          0.05529503412183091,
                          0.11143807473214308,
                          0.06309157348708813,
                          0.10838323341789258]]}]}
load_tensorflow_graph: path = tensorflow/mario-model-simple-2019-07-17/frozen_inference_graph.pb
object_detection_graph = <tensorflow.python.framework.ops.Graph object at 0x7fcdeb75be48>
Doing start sequence
Sleeping one second
sending start
sending empty
Found black world screen for the second time. exiting.



Seconds left: 393
Moves to the right: 18
