pygame 1.9.6
Hello from the pygame community. https://www.pygame.org/contribute.html
Loading neural net from gameplay_neural_nets/113/8.nn
net = {'generation': 102,
 'inputs': [],
 'layers': [{'activation': 'sigmoid',
             'bias': [0.019349299132985918,
                      0.00437017524396203,
                      -0.004039332416363416,
                      -0.0290931353012788,
                      -0.00298974978118635,
                      -0.03573575703967746,
                      0.028155978780749602,
                      -0.020339080122636265],
             'name': 'input',
             'neurons': [],
             'num_neurons': 8,
             'weights': [[0.35869254236922116,
                          0.4310896024008271,
                          0.08093316855596866,
                          0.11175120023384624,
                          0.08372582995360335,
                          0.08639375777351985,
                          0.08500577714948238,
                          0.1021213098274783,
                          0.08054366417498217,
                          0.08549184729551211],
                         [0.37875946674816413,
                          0.36712653918671007,
                          0.09568602043334913,
                          0.10196157925578501,
                          0.11601449626889426,
                          0.07506231679301302,
                          0.11977832019174098,
                          0.09372365474596842,
                          0.11974836764972073,
                          0.12233312230148613],
                         [0.38079075272154805,
                          0.427167253908773,
                          0.10114770595650754,
                          0.06385712492889115,
                          0.11203263474146158,
                          0.1033294109317403,
                          0.10125154496606487,
                          0.0981357672493127,
                          0.0906296682925628,
                          0.08658736158495847],
                         [0.38342374402310947,
                          0.38882784269314746,
                          0.10503273467970903,
                          0.12281078320977776,
                          0.05307343711614948,
                          0.08951502435445118,
                          0.08600082604585138,
                          0.11550235010216445,
                          0.11162771648177443,
                          0.12073285382442087],
                         [0.4013459146213683,
                          0.3877260014635799,
                          0.06485599074908754,
                          0.12241535411531271,
                          0.0896645973596474,
                          0.14675366955218982,
                          0.1043063699133368,
                          0.1354895079154646,
                          0.08755031869084122,
                          0.06529812063999893],
                         [0.3742946502690349,
                          0.438071972261865,
                          0.0770253976038218,
                          0.07607241547253614,
                          0.11032223461271354,
                          0.0667892725335323,
                          0.10982644365866263,
                          0.10864352768765334,
                          0.11444962565804873,
                          0.10600055718224553],
                         [0.3636552005088008,
                          0.3868664310889058,
                          0.1225062526309501,
                          0.04937117113606713,
                          0.10467079623202713,
                          0.12844783082430056,
                          0.08424672871684638,
                          0.11715599429861955,
                          0.10390412630269891,
                          0.0831481661316244],
                         [0.3938906849327437,
                          0.4299717759185942,
                          0.04044213284426974,
                          0.07212634833895164,
                          0.12162467941084301,
                          0.04361500088601931,
                          0.0692093294949778,
                          0.15013864563052992,
                          0.10327260996349094,
                          0.061825324966829256]]},
            {'activation': 'sigmoid',
             'bias': [-0.010291639293031394,
                      0.04658872817170994,
                      -0.006914877027944526,
                      -0.0012948143103029778,
                      0.02665064247586818],
             'name': 'output',
             'neurons': [],
             'num_neurons': 5,
             'weights': [[0.061485262392024106,
                          0.10481107935210278,
                          0.09589673341385271,
                          0.05354527776957699,
                          0.10504896563801387,
                          0.14394410913066027,
                          0.13344058372170586,
                          0.11008559596657581],
                         [0.06834267358556106,
                          0.0789717407010637,
                          0.059451529182191376,
                          0.15983090771711336,
                          0.09146581013012871,
                          0.08562265323980282,
                          0.06752875883593468,
                          0.19428958572718116],
                         [0.12330268807301034,
                          0.07939152959986268,
                          0.10321100730647847,
                          0.09392613256228284,
                          0.09764979957227517,
                          0.10732780513590272,
                          0.12928232249513597,
                          0.08607809557644264],
                         [0.11651676520609965,
                          0.06592459631154385,
                          0.11909018328628884,
                          0.05757141962760739,
                          0.14836537080011541,
                          0.10046502094379775,
                          0.10030303412796684,
                          0.09527714895077144],
                         [0.11653576663191165,
                          0.11510917437148706,
                          0.13951090582938058,
                          0.04420916381210521,
                          0.16239688199890265,
                          0.10431825456747772,
                          0.10415548372622321,
                          0.11576998470882884],
                         [0.09297807065420045,
                          0.11115258408374143,
                          0.14176326988086166,
                          0.09902850187623326,
                          0.05529503412183091,
                          0.11143807473214308,
                          0.060706781128708184,
                          0.10838323341789258]]}]}
{'generation': 102,
 'inputs': [],
 'layers': [{'activation': 'sigmoid',
             'bias': [0.019349299132985918,
                      0.00437017524396203,
                      -0.004039332416363416,
                      -0.0290931353012788,
                      -0.00298974978118635,
                      -0.03573575703967746,
                      0.028155978780749602,
                      -0.020339080122636265],
             'name': 'input',
             'neurons': [<gameplay.Neuron object at 0x7fdc78d12860>,
                         <gameplay.Neuron object at 0x7fdc78d12828>,
                         <gameplay.Neuron object at 0x7fdc78d12240>,
                         <gameplay.Neuron object at 0x7fdc78d12b00>,
                         <gameplay.Neuron object at 0x7fdc78d12ba8>,
                         <gameplay.Neuron object at 0x7fdc78d12b38>,
                         <gameplay.Neuron object at 0x7fdc78d12c88>,
                         <gameplay.Neuron object at 0x7fdc78d12c50>],
             'num_neurons': 8,
             'weights': [[0.35869254236922116,
                          0.4310896024008271,
                          0.08093316855596866,
                          0.11175120023384624,
                          0.08372582995360335,
                          0.08639375777351985,
                          0.08500577714948238,
                          0.1021213098274783,
                          0.08054366417498217,
                          0.08549184729551211],
                         [0.37875946674816413,
                          0.36712653918671007,
                          0.09568602043334913,
                          0.10196157925578501,
                          0.11601449626889426,
                          0.07506231679301302,
                          0.11977832019174098,
                          0.09372365474596842,
                          0.11974836764972073,
                          0.12233312230148613],
                         [0.38079075272154805,
                          0.427167253908773,
                          0.10114770595650754,
                          0.06385712492889115,
                          0.11203263474146158,
                          0.1033294109317403,
                          0.10125154496606487,
                          0.0981357672493127,
                          0.0906296682925628,
                          0.08658736158495847],
                         [0.38342374402310947,
                          0.38882784269314746,
                          0.10503273467970903,
                          0.12281078320977776,
                          0.05307343711614948,
                          0.08951502435445118,
                          0.08600082604585138,
                          0.11550235010216445,
                          0.11162771648177443,
                          0.12073285382442087],
                         [0.4013459146213683,
                          0.3877260014635799,
                          0.06485599074908754,
                          0.12241535411531271,
                          0.0896645973596474,
                          0.14675366955218982,
                          0.1043063699133368,
                          0.1354895079154646,
                          0.08755031869084122,
                          0.06529812063999893],
                         [0.3742946502690349,
                          0.438071972261865,
                          0.0770253976038218,
                          0.07607241547253614,
                          0.11032223461271354,
                          0.0667892725335323,
                          0.10982644365866263,
                          0.10864352768765334,
                          0.11444962565804873,
                          0.10600055718224553],
                         [0.3636552005088008,
                          0.3868664310889058,
                          0.1225062526309501,
                          0.04937117113606713,
                          0.10467079623202713,
                          0.12844783082430056,
                          0.08424672871684638,
                          0.11715599429861955,
                          0.10390412630269891,
                          0.0831481661316244],
                         [0.3938906849327437,
                          0.4299717759185942,
                          0.04044213284426974,
                          0.07212634833895164,
                          0.12162467941084301,
                          0.04361500088601931,
                          0.0692093294949778,
                          0.15013864563052992,
                          0.10327260996349094,
                          0.061825324966829256]]},
            {'activation': 'sigmoid',
             'bias': [-0.010291639293031394,
                      0.04658872817170994,
                      -0.006914877027944526,
                      -0.0012948143103029778,
                      0.02665064247586818],
             'name': 'output',
             'neurons': [<gameplay.Neuron object at 0x7fdc78d12cc0>,
                         <gameplay.Neuron object at 0x7fdc78d12cf8>,
                         <gameplay.Neuron object at 0x7fdc78d12d68>,
                         <gameplay.Neuron object at 0x7fdc78d12d30>,
                         <gameplay.Neuron object at 0x7fdc78d12da0>],
             'num_neurons': 5,
             'weights': [[0.061485262392024106,
                          0.10481107935210278,
                          0.09589673341385271,
                          0.05354527776957699,
                          0.10504896563801387,
                          0.14394410913066027,
                          0.13344058372170586,
                          0.11008559596657581],
                         [0.06834267358556106,
                          0.0789717407010637,
                          0.059451529182191376,
                          0.15983090771711336,
                          0.09146581013012871,
                          0.08562265323980282,
                          0.06752875883593468,
                          0.19428958572718116],
                         [0.12330268807301034,
                          0.07939152959986268,
                          0.10321100730647847,
                          0.09392613256228284,
                          0.09764979957227517,
                          0.10732780513590272,
                          0.12928232249513597,
                          0.08607809557644264],
                         [0.11651676520609965,
                          0.06592459631154385,
                          0.11909018328628884,
                          0.05757141962760739,
                          0.14836537080011541,
                          0.10046502094379775,
                          0.10030303412796684,
                          0.09527714895077144],
                         [0.11653576663191165,
                          0.11510917437148706,
                          0.13951090582938058,
                          0.04420916381210521,
                          0.16239688199890265,
                          0.10431825456747772,
                          0.10415548372622321,
                          0.11576998470882884],
                         [0.09297807065420045,
                          0.11115258408374143,
                          0.14176326988086166,
                          0.09902850187623326,
                          0.05529503412183091,
                          0.11143807473214308,
                          0.060706781128708184,
                          0.10838323341789258]]}]}
load_tensorflow_graph: path = tensorflow/mario-model-simple-2019-07-17/frozen_inference_graph.pb
object_detection_graph = <tensorflow.python.framework.ops.Graph object at 0x7fdc78d12e48>
Doing start sequence
Sleeping one second
sending start
sending empty
Found black world screen for the second time. exiting.



Seconds left: 393
Moves to the right: 18
