pygame 1.9.6
Hello from the pygame community. https://www.pygame.org/contribute.html
Loading neural net from gameplay_neural_nets/13/1.nn
net = {'generation': 13,
 'inputs': [],
 'layers': [{'activation': 'sigmoid',
             'bias': [0.008788867556188436,
                      -0.008014715387807906,
                      -0.0009488097734954007,
                      0.0026448434062773946,
                      0.007888755761114252,
                      -0.0073619044850753365,
                      0.012071942749992239,
                      -0.01225505929621189],
             'name': 'input',
             'neurons': [],
             'num_neurons': 8,
             'weights': [[0.40457006884522195,
                          0.3949214192209343,
                          0.10151441531445544,
                          0.12288891185995432,
                          0.10652732036984358,
                          0.10262148507661717,
                          0.1,
                          0.12241977024618651,
                          0.1,
                          0.09391059401150056],
                         [0.4037317389542557,
                          0.3936313062964454,
                          0.10348042352371296,
                          0.10567373559341782,
                          0.09454467497785633,
                          0.1016843693996066,
                          0.08386512667414683,
                          0.1,
                          0.10877690892505557,
                          0.09721385356532268],
                         [0.39245812382956374,
                          0.4033676735807197,
                          0.11408246468448083,
                          0.08743665915094613,
                          0.08891652083238424,
                          0.1139090873294757,
                          0.09352307654395717,
                          0.0840351053479608,
                          0.10872913830168977,
                          0.0970473628837594],
                         [0.38666480529641806,
                          0.40623540104486855,
                          0.10120700858436271,
                          0.09329012111007402,
                          0.089531804380025,
                          0.09769857903979517,
                          0.101322153881779,
                          0.09952073924213906,
                          0.07605989003519138,
                          0.10067342888090156],
                         [0.3869768906939251,
                          0.4146483915048574,
                          0.08172816455746378,
                          0.109578881726868,
                          0.09952432369825522,
                          0.08241379762984634,
                          0.10346541935502966,
                          0.13576036579126488,
                          0.08981003793439614,
                          0.09583150280570539],
                         [0.3831069490080055,
                          0.3868187485063343,
                          0.0946512386655427,
                          0.09064055551310508,
                          0.10933313500276459,
                          0.1,
                          0.10909371902575818,
                          0.1056691890920323,
                          0.1,
                          0.11365743379388607],
                         [0.39832858947179356,
                          0.4,
                          0.1010915664847581,
                          0.08343776133590675,
                          0.1,
                          0.09587502510671769,
                          0.10115390308752437,
                          0.10398340021560042,
                          0.09355668017674795,
                          0.07428808185708308],
                         [0.4,
                          0.40300765421138174,
                          0.10584785174439208,
                          0.07750717688624152,
                          0.10730825953404619,
                          0.09153484203711276,
                          0.1,
                          0.11723398238752293,
                          0.08749807371716577,
                          0.09878584747290932]]},
            {'activation': 'sigmoid',
             'bias': [-0.006616415358465704,
                      0.01801847671835466,
                      0.006989475314909777,
                      0.009249805347502785,
                      0.036634625005043324],
             'name': 'output',
             'neurons': [],
             'num_neurons': 5,
             'weights': [[0.09230898487751754,
                          0.09923468143894024,
                          0.09880088648623078,
                          0.08708719002168284,
                          0.09905952588114118,
                          0.1025022124326461,
                          0.10575131642523092,
                          0.09896688538505297],
                         [0.09435554024157171,
                          0.0993539381640231,
                          0.09059084350519703,
                          0.11177285031692401,
                          0.10377200674171469,
                          0.10417402031836842,
                          0.0917965905650466,
                          0.10431936764698542],
                         [0.11979857417172335,
                          0.09889272548289736,
                          0.11834624627606677,
                          0.09626322764491668,
                          0.09551402928099281,
                          0.08961511167985539,
                          0.09485580699046811,
                          0.10431996792049897],
                         [0.09851749333025162,
                          0.0848982340513019,
                          0.10577388993988827,
                          0.10976301172305658,
                          0.08967458341525784,
                          0.09673326678276557,
                          0.1,
                          0.10776991906341764],
                         [0.10756698861027185,
                          0.08648066366185773,
                          0.11555909813820311,
                          0.0798060988460265,
                          0.11311315847092626,
                          0.09166939858047621,
                          0.12646930532071515,
                          0.09711859773205275],
                         [0.10048282146616117,
                          0.10081081916771138,
                          0.10596567739852962,
                          0.1,
                          0.09707092179892753,
                          0.1049686101211383,
                          0.10627561556396342,
                          0.09127305370598353]]}]}
{'generation': 13,
 'inputs': [],
 'layers': [{'activation': 'sigmoid',
             'bias': [0.008788867556188436,
                      -0.008014715387807906,
                      -0.0009488097734954007,
                      0.0026448434062773946,
                      0.007888755761114252,
                      -0.0073619044850753365,
                      0.012071942749992239,
                      -0.01225505929621189],
             'name': 'input',
             'neurons': [<gameplay.Neuron object at 0x7f3c2e2b1860>,
                         <gameplay.Neuron object at 0x7f3c2e2b1828>,
                         <gameplay.Neuron object at 0x7f3c2e2b1240>,
                         <gameplay.Neuron object at 0x7f3c2e2b1b00>,
                         <gameplay.Neuron object at 0x7f3c2e2b1ba8>,
                         <gameplay.Neuron object at 0x7f3c2e2b1b38>,
                         <gameplay.Neuron object at 0x7f3c2e2b1c88>,
                         <gameplay.Neuron object at 0x7f3c2e2b1cc0>],
             'num_neurons': 8,
             'weights': [[0.40457006884522195,
                          0.3949214192209343,
                          0.10151441531445544,
                          0.12288891185995432,
                          0.10652732036984358,
                          0.10262148507661717,
                          0.1,
                          0.12241977024618651,
                          0.1,
                          0.09391059401150056],
                         [0.4037317389542557,
                          0.3936313062964454,
                          0.10348042352371296,
                          0.10567373559341782,
                          0.09454467497785633,
                          0.1016843693996066,
                          0.08386512667414683,
                          0.1,
                          0.10877690892505557,
                          0.09721385356532268],
                         [0.39245812382956374,
                          0.4033676735807197,
                          0.11408246468448083,
                          0.08743665915094613,
                          0.08891652083238424,
                          0.1139090873294757,
                          0.09352307654395717,
                          0.0840351053479608,
                          0.10872913830168977,
                          0.0970473628837594],
                         [0.38666480529641806,
                          0.40623540104486855,
                          0.10120700858436271,
                          0.09329012111007402,
                          0.089531804380025,
                          0.09769857903979517,
                          0.101322153881779,
                          0.09952073924213906,
                          0.07605989003519138,
                          0.10067342888090156],
                         [0.3869768906939251,
                          0.4146483915048574,
                          0.08172816455746378,
                          0.109578881726868,
                          0.09952432369825522,
                          0.08241379762984634,
                          0.10346541935502966,
                          0.13576036579126488,
                          0.08981003793439614,
                          0.09583150280570539],
                         [0.3831069490080055,
                          0.3868187485063343,
                          0.0946512386655427,
                          0.09064055551310508,
                          0.10933313500276459,
                          0.1,
                          0.10909371902575818,
                          0.1056691890920323,
                          0.1,
                          0.11365743379388607],
                         [0.39832858947179356,
                          0.4,
                          0.1010915664847581,
                          0.08343776133590675,
                          0.1,
                          0.09587502510671769,
                          0.10115390308752437,
                          0.10398340021560042,
                          0.09355668017674795,
                          0.07428808185708308],
                         [0.4,
                          0.40300765421138174,
                          0.10584785174439208,
                          0.07750717688624152,
                          0.10730825953404619,
                          0.09153484203711276,
                          0.1,
                          0.11723398238752293,
                          0.08749807371716577,
                          0.09878584747290932]]},
            {'activation': 'sigmoid',
             'bias': [-0.006616415358465704,
                      0.01801847671835466,
                      0.006989475314909777,
                      0.009249805347502785,
                      0.036634625005043324],
             'name': 'output',
             'neurons': [<gameplay.Neuron object at 0x7f3c2e2b1c50>,
                         <gameplay.Neuron object at 0x7f3c2e2b1cf8>,
                         <gameplay.Neuron object at 0x7f3c2e2b1d68>,
                         <gameplay.Neuron object at 0x7f3c2e2b1dd8>,
                         <gameplay.Neuron object at 0x7f3c2e2b1da0>],
             'num_neurons': 5,
             'weights': [[0.09230898487751754,
                          0.09923468143894024,
                          0.09880088648623078,
                          0.08708719002168284,
                          0.09905952588114118,
                          0.1025022124326461,
                          0.10575131642523092,
                          0.09896688538505297],
                         [0.09435554024157171,
                          0.0993539381640231,
                          0.09059084350519703,
                          0.11177285031692401,
                          0.10377200674171469,
                          0.10417402031836842,
                          0.0917965905650466,
                          0.10431936764698542],
                         [0.11979857417172335,
                          0.09889272548289736,
                          0.11834624627606677,
                          0.09626322764491668,
                          0.09551402928099281,
                          0.08961511167985539,
                          0.09485580699046811,
                          0.10431996792049897],
                         [0.09851749333025162,
                          0.0848982340513019,
                          0.10577388993988827,
                          0.10976301172305658,
                          0.08967458341525784,
                          0.09673326678276557,
                          0.1,
                          0.10776991906341764],
                         [0.10756698861027185,
                          0.08648066366185773,
                          0.11555909813820311,
                          0.0798060988460265,
                          0.11311315847092626,
                          0.09166939858047621,
                          0.12646930532071515,
                          0.09711859773205275],
                         [0.10048282146616117,
                          0.10081081916771138,
                          0.10596567739852962,
                          0.1,
                          0.09707092179892753,
                          0.1049686101211383,
                          0.10627561556396342,
                          0.09127305370598353]]}]}
load_tensorflow_graph: path = tensorflow/mario-model-simple-2019-07-17/frozen_inference_graph.pb
object_detection_graph = <tensorflow.python.framework.ops.Graph object at 0x7f3c2e2b1f98>
Doing start sequence
Sleeping one second
sending start
sending empty
Found black world screen for the second time. exiting.



Seconds left: 359
Moves to the right: 88
