pygame 1.9.6
Hello from the pygame community. https://www.pygame.org/contribute.html
Loading neural net from gameplay_neural_nets/13/5.nn
net = {'generation': 13,
 'inputs': [],
 'layers': [{'activation': 'sigmoid',
             'bias': [0.008788867556188436,
                      -0.00499920700866085,
                      0.002430542795453707,
                      0.0026448434062773946,
                      0.007888755761114252,
                      -0.0073619044850753365,
                      0.012071942749992239,
                      -0.012613269300896053],
             'name': 'input',
             'neurons': [],
             'num_neurons': 8,
             'weights': [[0.3971758342911551,
                          0.3949214192209343,
                          0.10151441531445544,
                          0.12329645446436713,
                          0.10055396719294818,
                          0.10262148507661717,
                          0.1,
                          0.12402226945780898,
                          0.1,
                          0.09391059401150056],
                         [0.4037317389542557,
                          0.3936313062964454,
                          0.10587120123859906,
                          0.10567373559341782,
                          0.09454467497785633,
                          0.09739027902622673,
                          0.08386512667414683,
                          0.1,
                          0.10877690892505557,
                          0.09721385356532268],
                         [0.39245812382956374,
                          0.4033676735807197,
                          0.11155863392423646,
                          0.08743665915094613,
                          0.09588800596233975,
                          0.1139090873294757,
                          0.09352307654395717,
                          0.0840351053479608,
                          0.10872913830168977,
                          0.0970473628837594],
                         [0.38666480529641806,
                          0.39233005787710445,
                          0.10120700858436271,
                          0.09329012111007402,
                          0.089531804380025,
                          0.09769857903979517,
                          0.101322153881779,
                          0.09952073924213906,
                          0.06640792711328387,
                          0.10067342888090156],
                         [0.3869768906939251,
                          0.4113924417988462,
                          0.08894705865240675,
                          0.1098891521871997,
                          0.10793915450980665,
                          0.08926173161116739,
                          0.10346541935502966,
                          0.12688952513088414,
                          0.08786646501860057,
                          0.09583150280570539],
                         [0.39095867514701566,
                          0.39336435829102534,
                          0.0946512386655427,
                          0.09064055551310508,
                          0.10933313500276459,
                          0.1,
                          0.11361942608993075,
                          0.1056691890920323,
                          0.1,
                          0.11365743379388607],
                         [0.4009123839357457,
                          0.4,
                          0.1010915664847581,
                          0.08343776133590675,
                          0.1,
                          0.09587502510671769,
                          0.10115390308752437,
                          0.0979415765427267,
                          0.09215174807087977,
                          0.07428808185708308],
                         [0.40149318108957444,
                          0.4017737793949231,
                          0.10584785174439208,
                          0.07750717688624152,
                          0.10730825953404619,
                          0.08546100642779347,
                          0.10502286004781938,
                          0.11723398238752293,
                          0.08749807371716577,
                          0.09878584747290932]]},
            {'activation': 'sigmoid',
             'bias': [-0.006616415358465704,
                      0.01801847671835466,
                      -0.0017558132971131155,
                      0.009249805347502785,
                      0.04090510440451913],
             'name': 'output',
             'neurons': [],
             'num_neurons': 5,
             'weights': [[0.09230898487751754,
                          0.09923468143894024,
                          0.09930670529193865,
                          0.09671316671497204,
                          0.09905952588114118,
                          0.1025022124326461,
                          0.10575131642523092,
                          0.10214185352313791],
                         [0.09435554024157171,
                          0.0993539381640231,
                          0.08634426544383957,
                          0.11177285031692401,
                          0.10377200674171469,
                          0.10417402031836842,
                          0.08558313760799582,
                          0.10431936764698542],
                         [0.11979857417172335,
                          0.09889272548289736,
                          0.11834624627606677,
                          0.09626322764491668,
                          0.09551402928099281,
                          0.08961511167985539,
                          0.09485580699046811,
                          0.10202522103754917],
                         [0.0939315240068717,
                          0.0906957181301378,
                          0.10577388993988827,
                          0.10976301172305658,
                          0.09178145056658081,
                          0.09673326678276557,
                          0.1,
                          0.10776991906341764],
                         [0.11745471268453822,
                          0.09265961873929551,
                          0.10836788183189211,
                          0.0798060988460265,
                          0.11311315847092626,
                          0.09221617644149177,
                          0.12646930532071515,
                          0.09440490605819576],
                         [0.10298576046932702,
                          0.10081081916771138,
                          0.09700550338329927,
                          0.09091763153753589,
                          0.09707092179892753,
                          0.1049686101211383,
                          0.10627561556396342,
                          0.08152921762825432]]}]}
{'generation': 13,
 'inputs': [],
 'layers': [{'activation': 'sigmoid',
             'bias': [0.008788867556188436,
                      -0.00499920700866085,
                      0.002430542795453707,
                      0.0026448434062773946,
                      0.007888755761114252,
                      -0.0073619044850753365,
                      0.012071942749992239,
                      -0.012613269300896053],
             'name': 'input',
             'neurons': [<gameplay.Neuron object at 0x7f8aeb319860>,
                         <gameplay.Neuron object at 0x7f8aeb319828>,
                         <gameplay.Neuron object at 0x7f8aeb319240>,
                         <gameplay.Neuron object at 0x7f8aeb319b00>,
                         <gameplay.Neuron object at 0x7f8aeb319ba8>,
                         <gameplay.Neuron object at 0x7f8aeb319b38>,
                         <gameplay.Neuron object at 0x7f8aeb319c50>,
                         <gameplay.Neuron object at 0x7f8aeb319cc0>],
             'num_neurons': 8,
             'weights': [[0.3971758342911551,
                          0.3949214192209343,
                          0.10151441531445544,
                          0.12329645446436713,
                          0.10055396719294818,
                          0.10262148507661717,
                          0.1,
                          0.12402226945780898,
                          0.1,
                          0.09391059401150056],
                         [0.4037317389542557,
                          0.3936313062964454,
                          0.10587120123859906,
                          0.10567373559341782,
                          0.09454467497785633,
                          0.09739027902622673,
                          0.08386512667414683,
                          0.1,
                          0.10877690892505557,
                          0.09721385356532268],
                         [0.39245812382956374,
                          0.4033676735807197,
                          0.11155863392423646,
                          0.08743665915094613,
                          0.09588800596233975,
                          0.1139090873294757,
                          0.09352307654395717,
                          0.0840351053479608,
                          0.10872913830168977,
                          0.0970473628837594],
                         [0.38666480529641806,
                          0.39233005787710445,
                          0.10120700858436271,
                          0.09329012111007402,
                          0.089531804380025,
                          0.09769857903979517,
                          0.101322153881779,
                          0.09952073924213906,
                          0.06640792711328387,
                          0.10067342888090156],
                         [0.3869768906939251,
                          0.4113924417988462,
                          0.08894705865240675,
                          0.1098891521871997,
                          0.10793915450980665,
                          0.08926173161116739,
                          0.10346541935502966,
                          0.12688952513088414,
                          0.08786646501860057,
                          0.09583150280570539],
                         [0.39095867514701566,
                          0.39336435829102534,
                          0.0946512386655427,
                          0.09064055551310508,
                          0.10933313500276459,
                          0.1,
                          0.11361942608993075,
                          0.1056691890920323,
                          0.1,
                          0.11365743379388607],
                         [0.4009123839357457,
                          0.4,
                          0.1010915664847581,
                          0.08343776133590675,
                          0.1,
                          0.09587502510671769,
                          0.10115390308752437,
                          0.0979415765427267,
                          0.09215174807087977,
                          0.07428808185708308],
                         [0.40149318108957444,
                          0.4017737793949231,
                          0.10584785174439208,
                          0.07750717688624152,
                          0.10730825953404619,
                          0.08546100642779347,
                          0.10502286004781938,
                          0.11723398238752293,
                          0.08749807371716577,
                          0.09878584747290932]]},
            {'activation': 'sigmoid',
             'bias': [-0.006616415358465704,
                      0.01801847671835466,
                      -0.0017558132971131155,
                      0.009249805347502785,
                      0.04090510440451913],
             'name': 'output',
             'neurons': [<gameplay.Neuron object at 0x7f8aeb319d30>,
                         <gameplay.Neuron object at 0x7f8aeb319cf8>,
                         <gameplay.Neuron object at 0x7f8aeb319da0>,
                         <gameplay.Neuron object at 0x7f8aeb319d68>,
                         <gameplay.Neuron object at 0x7f8aeb319dd8>],
             'num_neurons': 5,
             'weights': [[0.09230898487751754,
                          0.09923468143894024,
                          0.09930670529193865,
                          0.09671316671497204,
                          0.09905952588114118,
                          0.1025022124326461,
                          0.10575131642523092,
                          0.10214185352313791],
                         [0.09435554024157171,
                          0.0993539381640231,
                          0.08634426544383957,
                          0.11177285031692401,
                          0.10377200674171469,
                          0.10417402031836842,
                          0.08558313760799582,
                          0.10431936764698542],
                         [0.11979857417172335,
                          0.09889272548289736,
                          0.11834624627606677,
                          0.09626322764491668,
                          0.09551402928099281,
                          0.08961511167985539,
                          0.09485580699046811,
                          0.10202522103754917],
                         [0.0939315240068717,
                          0.0906957181301378,
                          0.10577388993988827,
                          0.10976301172305658,
                          0.09178145056658081,
                          0.09673326678276557,
                          0.1,
                          0.10776991906341764],
                         [0.11745471268453822,
                          0.09265961873929551,
                          0.10836788183189211,
                          0.0798060988460265,
                          0.11311315847092626,
                          0.09221617644149177,
                          0.12646930532071515,
                          0.09440490605819576],
                         [0.10298576046932702,
                          0.10081081916771138,
                          0.09700550338329927,
                          0.09091763153753589,
                          0.09707092179892753,
                          0.1049686101211383,
                          0.10627561556396342,
                          0.08152921762825432]]}]}
load_tensorflow_graph: path = tensorflow/mario-model-simple-2019-07-17/frozen_inference_graph.pb
object_detection_graph = <tensorflow.python.framework.ops.Graph object at 0x7f8aeb319c18>
Doing start sequence
Sleeping one second
sending start
sending empty
Found black world screen for the second time. exiting.



Seconds left: 381
Moves to the right: 53
