pygame 1.9.6
Hello from the pygame community. https://www.pygame.org/contribute.html
Loading neural net from gameplay_neural_nets/7/3.nn
net = {'generation': 7,
 'inputs': [],
 'layers': [{'activation': 'sigmoid',
             'bias': [-0.0007370903062371495,
                      -0.0004170911877654001,
                      0,
                      0,
                      0.007888755761114252,
                      -0.007714522558640948,
                      0.016067194764778518,
                      -0.017085419826534477],
             'name': 'input',
             'neurons': [],
             'num_neurons': 8,
             'weights': [[0.4,
                          0.3949214192209343,
                          0.09601867246327989,
                          0.10049548472581922,
                          0.09618449951360089,
                          0.09968756708552473,
                          0.1,
                          0.1098150298409026,
                          0.1,
                          0.09391059401150056],
                         [0.40836543080965165,
                          0.39250300675542477,
                          0.09452084404263081,
                          0.10567373559341782,
                          0.1077735098742436,
                          0.09429494500502893,
                          0.09263885951014095,
                          0.1,
                          0.1,
                          0.10465701681033127],
                         [0.39245812382956374,
                          0.4033676735807197,
                          0.10776935392155083,
                          0.1,
                          0.1,
                          0.1,
                          0.10506932061313906,
                          0.10333364988989027,
                          0.11165542787827513,
                          0.10215122504433674],
                         [0.38666480529641806,
                          0.3962626504567643,
                          0.10950997349007319,
                          0.1,
                          0.09817400230810155,
                          0.09786458442306536,
                          0.10891062211121945,
                          0.10128470607326465,
                          0.08401496752872288,
                          0.0965214613138054],
                         [0.39266808257351626,
                          0.4,
                          0.09918684977586091,
                          0.10097172832100565,
                          0.09072313027232082,
                          0.1,
                          0.10241757579791577,
                          0.11807870403335344,
                          0.1,
                          0.10826551506098712],
                         [0.4,
                          0.38761148530536943,
                          0.10015725367940849,
                          0.0922682140413111,
                          0.10933313500276459,
                          0.09691275274660922,
                          0.10909371902575818,
                          0.10534767624349953,
                          0.10212523837205346,
                          0.1],
                         [0.3962485879817653,
                          0.4,
                          0.1010915664847581,
                          0.09889643660965731,
                          0.1,
                          0.1,
                          0.09825700378244258,
                          0.1,
                          0.10681712991419305,
                          0.0696961846242885],
                         [0.4,
                          0.39211335783705953,
                          0.09422723520788007,
                          0.09198034258910848,
                          0.10730825953404619,
                          0.08826227495816139,
                          0.1,
                          0.10012913789862538,
                          0.09861456083890659,
                          0.10724765779061958]]},
            {'activation': 'sigmoid',
             'bias': [0.004446251443404863,
                      0.00911137678760694,
                      0.0008346084226165968,
                      0.009249805347502785,
                      0.027160227991875962],
             'name': 'output',
             'neurons': [],
             'num_neurons': 5,
             'weights': [[0.1,
                          0.09923468143894024,
                          0.1,
                          0.0920926764469922,
                          0.0923790701647779,
                          0.10286661708778896,
                          0.10777121149388393,
                          0.10553954051802365],
                         [0.1,
                          0.09825446206158318,
                          0.1,
                          0.1,
                          0.10028270658478115,
                          0.10563189153556332,
                          0.0917965905650466,
                          0.10431936764698542],
                         [0.11,
                          0.09889272548289736,
                          0.11834624627606677,
                          0.09626322764491668,
                          0.09551402928099281,
                          0.09185066895904455,
                          0.09485580699046811,
                          0.1],
                         [0.09353911524209221,
                          0.1,
                          0.10718801195840084,
                          0.09523538153538838,
                          0.1,
                          0.09673326678276557,
                          0.1,
                          0.10007451945089209],
                         [0.0946062541617368,
                          0.09265961873929551,
                          0.10836788183189211,
                          0.0891003883024448,
                          0.09531029618202097,
                          0.09698245033221332,
                          0.1181581974726286,
                          0.10113698576608232],
                         [0.10135339308223981,
                          0.1,
                          0.10596567739852962,
                          0.1,
                          0.10025909920909783,
                          0.1,
                          0.1,
                          0.09058368527723558]]}]}
{'generation': 7,
 'inputs': [],
 'layers': [{'activation': 'sigmoid',
             'bias': [-0.0007370903062371495,
                      -0.0004170911877654001,
                      0,
                      0,
                      0.007888755761114252,
                      -0.007714522558640948,
                      0.016067194764778518,
                      -0.017085419826534477],
             'name': 'input',
             'neurons': [<gameplay.Neuron object at 0x7f7a43c1d860>,
                         <gameplay.Neuron object at 0x7f7a43c1d828>,
                         <gameplay.Neuron object at 0x7f7a43c1d240>,
                         <gameplay.Neuron object at 0x7f7a43c1db00>,
                         <gameplay.Neuron object at 0x7f7a43c1dba8>,
                         <gameplay.Neuron object at 0x7f7a43c1db38>,
                         <gameplay.Neuron object at 0x7f7a43c1dd30>,
                         <gameplay.Neuron object at 0x7f7a43c1dc88>],
             'num_neurons': 8,
             'weights': [[0.4,
                          0.3949214192209343,
                          0.09601867246327989,
                          0.10049548472581922,
                          0.09618449951360089,
                          0.09968756708552473,
                          0.1,
                          0.1098150298409026,
                          0.1,
                          0.09391059401150056],
                         [0.40836543080965165,
                          0.39250300675542477,
                          0.09452084404263081,
                          0.10567373559341782,
                          0.1077735098742436,
                          0.09429494500502893,
                          0.09263885951014095,
                          0.1,
                          0.1,
                          0.10465701681033127],
                         [0.39245812382956374,
                          0.4033676735807197,
                          0.10776935392155083,
                          0.1,
                          0.1,
                          0.1,
                          0.10506932061313906,
                          0.10333364988989027,
                          0.11165542787827513,
                          0.10215122504433674],
                         [0.38666480529641806,
                          0.3962626504567643,
                          0.10950997349007319,
                          0.1,
                          0.09817400230810155,
                          0.09786458442306536,
                          0.10891062211121945,
                          0.10128470607326465,
                          0.08401496752872288,
                          0.0965214613138054],
                         [0.39266808257351626,
                          0.4,
                          0.09918684977586091,
                          0.10097172832100565,
                          0.09072313027232082,
                          0.1,
                          0.10241757579791577,
                          0.11807870403335344,
                          0.1,
                          0.10826551506098712],
                         [0.4,
                          0.38761148530536943,
                          0.10015725367940849,
                          0.0922682140413111,
                          0.10933313500276459,
                          0.09691275274660922,
                          0.10909371902575818,
                          0.10534767624349953,
                          0.10212523837205346,
                          0.1],
                         [0.3962485879817653,
                          0.4,
                          0.1010915664847581,
                          0.09889643660965731,
                          0.1,
                          0.1,
                          0.09825700378244258,
                          0.1,
                          0.10681712991419305,
                          0.0696961846242885],
                         [0.4,
                          0.39211335783705953,
                          0.09422723520788007,
                          0.09198034258910848,
                          0.10730825953404619,
                          0.08826227495816139,
                          0.1,
                          0.10012913789862538,
                          0.09861456083890659,
                          0.10724765779061958]]},
            {'activation': 'sigmoid',
             'bias': [0.004446251443404863,
                      0.00911137678760694,
                      0.0008346084226165968,
                      0.009249805347502785,
                      0.027160227991875962],
             'name': 'output',
             'neurons': [<gameplay.Neuron object at 0x7f7a43c1dcc0>,
                         <gameplay.Neuron object at 0x7f7a43c1dcf8>,
                         <gameplay.Neuron object at 0x7f7a43c1dc18>,
                         <gameplay.Neuron object at 0x7f7a43c1dd68>,
                         <gameplay.Neuron object at 0x7f7a43c1ddd8>],
             'num_neurons': 5,
             'weights': [[0.1,
                          0.09923468143894024,
                          0.1,
                          0.0920926764469922,
                          0.0923790701647779,
                          0.10286661708778896,
                          0.10777121149388393,
                          0.10553954051802365],
                         [0.1,
                          0.09825446206158318,
                          0.1,
                          0.1,
                          0.10028270658478115,
                          0.10563189153556332,
                          0.0917965905650466,
                          0.10431936764698542],
                         [0.11,
                          0.09889272548289736,
                          0.11834624627606677,
                          0.09626322764491668,
                          0.09551402928099281,
                          0.09185066895904455,
                          0.09485580699046811,
                          0.1],
                         [0.09353911524209221,
                          0.1,
                          0.10718801195840084,
                          0.09523538153538838,
                          0.1,
                          0.09673326678276557,
                          0.1,
                          0.10007451945089209],
                         [0.0946062541617368,
                          0.09265961873929551,
                          0.10836788183189211,
                          0.0891003883024448,
                          0.09531029618202097,
                          0.09698245033221332,
                          0.1181581974726286,
                          0.10113698576608232],
                         [0.10135339308223981,
                          0.1,
                          0.10596567739852962,
                          0.1,
                          0.10025909920909783,
                          0.1,
                          0.1,
                          0.09058368527723558]]}]}
load_tensorflow_graph: path = tensorflow/mario-model-simple-2019-07-17/frozen_inference_graph.pb
object_detection_graph = <tensorflow.python.framework.ops.Graph object at 0x7f7a43c1dda0>
Doing start sequence
Sleeping one second
sending start
sending empty
Found black world screen for the second time. exiting.



Seconds left: 393
Moves to the right: 23
