pygame 1.9.6
Hello from the pygame community. https://www.pygame.org/contribute.html
Loading neural net from gameplay_neural_nets/7/5.nn
net = {'generation': 7,
 'inputs': [],
 'layers': [{'activation': 'sigmoid',
             'bias': [0.0028569444164622086,
                      -0.0004170911877654001,
                      0,
                      0,
                      0.007888755761114252,
                      -0.008535492938970574,
                      0.01752694013439815,
                      -0.017085419826534477],
             'name': 'input',
             'neurons': [],
             'num_neurons': 8,
             'weights': [[0.4,
                          0.3949214192209343,
                          0.09601867246327989,
                          0.10049548472581922,
                          0.09618449951360089,
                          0.1,
                          0.1,
                          0.1098150298409026,
                          0.1058812273621865,
                          0.09391059401150056],
                         [0.4,
                          0.39250300675542477,
                          0.10133874699284859,
                          0.10567373559341782,
                          0.1077735098742436,
                          0.09429494500502893,
                          0.08307596827980131,
                          0.1,
                          0.1,
                          0.10465701681033127],
                         [0.39245812382956374,
                          0.4073360257031513,
                          0.10776935392155083,
                          0.1,
                          0.1,
                          0.10736691944418729,
                          0.1,
                          0.09341433929954227,
                          0.11325404173788592,
                          0.10215122504433674],
                         [0.38666480529641806,
                          0.3962626504567643,
                          0.10950997349007319,
                          0.1,
                          0.09817400230810155,
                          0.10326736799753744,
                          0.10891062211121945,
                          0.10128470607326465,
                          0.08783122653986287,
                          0.0903555218372866],
                         [0.39266808257351626,
                          0.4,
                          0.09029071327906088,
                          0.10097172832100565,
                          0.09227202208067195,
                          0.1,
                          0.10807635442845241,
                          0.11807870403335344,
                          0.1,
                          0.10826551506098712],
                         [0.4,
                          0.3868187485063343,
                          0.09421806774541555,
                          0.0922682140413111,
                          0.11788276812146753,
                          0.1,
                          0.11324506014238103,
                          0.1,
                          0.1,
                          0.1],
                         [0.3881159948731566,
                          0.40095003672651564,
                          0.10764767696383913,
                          0.09889643660965731,
                          0.1,
                          0.10680293160052035,
                          0.09825700378244258,
                          0.10709444821753301,
                          0.10432504551294323,
                          0.0764313104393298],
                         [0.4,
                          0.39211335783705953,
                          0.09422723520788007,
                          0.08718464106909697,
                          0.10730825953404619,
                          0.08806683378634046,
                          0.1,
                          0.1078275211309241,
                          0.0900261266750636,
                          0.10724765779061958]]},
            {'activation': 'sigmoid',
             'bias': [-0.004604306985109935,
                      0.00911137678760694,
                      0.0008346084226165968,
                      0.009249805347502785,
                      0.033327749282301526],
             'name': 'output',
             'neurons': [],
             'num_neurons': 5,
             'weights': [[0.1052492579576894,
                          0.09923468143894024,
                          0.1,
                          0.0920926764469922,
                          0.0923790701647779,
                          0.10286661708778896,
                          0.10575131642523092,
                          0.10553954051802365],
                         [0.1,
                          0.09758432356110833,
                          0.1,
                          0.1,
                          0.10028270658478115,
                          0.1,
                          0.0917965905650466,
                          0.10431936764698542],
                         [0.11,
                          0.09889272548289736,
                          0.11834624627606677,
                          0.09626322764491668,
                          0.09551402928099281,
                          0.09185066895904455,
                          0.08622737777324191,
                          0.1],
                         [0.091353706819212,
                          0.1,
                          0.1126166719225406,
                          0.1,
                          0.1,
                          0.10366006720086633,
                          0.10689696579443077,
                          0.10007451945089209],
                         [0.1,
                          0.09265961873929551,
                          0.10836788183189211,
                          0.08912278576395796,
                          0.10334863137549806,
                          0.10291868604598188,
                          0.1181581974726286,
                          0.10113698576608232],
                         [0.1,
                          0.1,
                          0.10596567739852962,
                          0.1,
                          0.09707092179892753,
                          0.1,
                          0.1,
                          0.09058368527723558]]}]}
{'generation': 7,
 'inputs': [],
 'layers': [{'activation': 'sigmoid',
             'bias': [0.0028569444164622086,
                      -0.0004170911877654001,
                      0,
                      0,
                      0.007888755761114252,
                      -0.008535492938970574,
                      0.01752694013439815,
                      -0.017085419826534477],
             'name': 'input',
             'neurons': [<gameplay.Neuron object at 0x7fa94489c7f0>,
                         <gameplay.Neuron object at 0x7fa94489c7b8>,
                         <gameplay.Neuron object at 0x7fa94489c1d0>,
                         <gameplay.Neuron object at 0x7fa94489ca90>,
                         <gameplay.Neuron object at 0x7fa94489cb38>,
                         <gameplay.Neuron object at 0x7fa94489cac8>,
                         <gameplay.Neuron object at 0x7fa94489cc18>,
                         <gameplay.Neuron object at 0x7fa94489cc50>],
             'num_neurons': 8,
             'weights': [[0.4,
                          0.3949214192209343,
                          0.09601867246327989,
                          0.10049548472581922,
                          0.09618449951360089,
                          0.1,
                          0.1,
                          0.1098150298409026,
                          0.1058812273621865,
                          0.09391059401150056],
                         [0.4,
                          0.39250300675542477,
                          0.10133874699284859,
                          0.10567373559341782,
                          0.1077735098742436,
                          0.09429494500502893,
                          0.08307596827980131,
                          0.1,
                          0.1,
                          0.10465701681033127],
                         [0.39245812382956374,
                          0.4073360257031513,
                          0.10776935392155083,
                          0.1,
                          0.1,
                          0.10736691944418729,
                          0.1,
                          0.09341433929954227,
                          0.11325404173788592,
                          0.10215122504433674],
                         [0.38666480529641806,
                          0.3962626504567643,
                          0.10950997349007319,
                          0.1,
                          0.09817400230810155,
                          0.10326736799753744,
                          0.10891062211121945,
                          0.10128470607326465,
                          0.08783122653986287,
                          0.0903555218372866],
                         [0.39266808257351626,
                          0.4,
                          0.09029071327906088,
                          0.10097172832100565,
                          0.09227202208067195,
                          0.1,
                          0.10807635442845241,
                          0.11807870403335344,
                          0.1,
                          0.10826551506098712],
                         [0.4,
                          0.3868187485063343,
                          0.09421806774541555,
                          0.0922682140413111,
                          0.11788276812146753,
                          0.1,
                          0.11324506014238103,
                          0.1,
                          0.1,
                          0.1],
                         [0.3881159948731566,
                          0.40095003672651564,
                          0.10764767696383913,
                          0.09889643660965731,
                          0.1,
                          0.10680293160052035,
                          0.09825700378244258,
                          0.10709444821753301,
                          0.10432504551294323,
                          0.0764313104393298],
                         [0.4,
                          0.39211335783705953,
                          0.09422723520788007,
                          0.08718464106909697,
                          0.10730825953404619,
                          0.08806683378634046,
                          0.1,
                          0.1078275211309241,
                          0.0900261266750636,
                          0.10724765779061958]]},
            {'activation': 'sigmoid',
             'bias': [-0.004604306985109935,
                      0.00911137678760694,
                      0.0008346084226165968,
                      0.009249805347502785,
                      0.033327749282301526],
             'name': 'output',
             'neurons': [<gameplay.Neuron object at 0x7fa94489ccc0>,
                         <gameplay.Neuron object at 0x7fa94489cd68>,
                         <gameplay.Neuron object at 0x7fa94489cba8>,
                         <gameplay.Neuron object at 0x7fa94489cd30>,
                         <gameplay.Neuron object at 0x7fa94489cda0>],
             'num_neurons': 5,
             'weights': [[0.1052492579576894,
                          0.09923468143894024,
                          0.1,
                          0.0920926764469922,
                          0.0923790701647779,
                          0.10286661708778896,
                          0.10575131642523092,
                          0.10553954051802365],
                         [0.1,
                          0.09758432356110833,
                          0.1,
                          0.1,
                          0.10028270658478115,
                          0.1,
                          0.0917965905650466,
                          0.10431936764698542],
                         [0.11,
                          0.09889272548289736,
                          0.11834624627606677,
                          0.09626322764491668,
                          0.09551402928099281,
                          0.09185066895904455,
                          0.08622737777324191,
                          0.1],
                         [0.091353706819212,
                          0.1,
                          0.1126166719225406,
                          0.1,
                          0.1,
                          0.10366006720086633,
                          0.10689696579443077,
                          0.10007451945089209],
                         [0.1,
                          0.09265961873929551,
                          0.10836788183189211,
                          0.08912278576395796,
                          0.10334863137549806,
                          0.10291868604598188,
                          0.1181581974726286,
                          0.10113698576608232],
                         [0.1,
                          0.1,
                          0.10596567739852962,
                          0.1,
                          0.09707092179892753,
                          0.1,
                          0.1,
                          0.09058368527723558]]}]}
load_tensorflow_graph: path = tensorflow/mario-model-simple-2019-07-17/frozen_inference_graph.pb
object_detection_graph = <tensorflow.python.framework.ops.Graph object at 0x7fa94489ce10>
Doing start sequence
Sleeping one second
sending start
sending empty
Found black world screen for the second time. exiting.



Seconds left: 359
Moves to the right: 100
