pygame 1.9.6
Hello from the pygame community. https://www.pygame.org/contribute.html
Loading neural net from gameplay_neural_nets/7/7.nn
net = {'generation': 7,
 'inputs': [],
 'layers': [{'activation': 'sigmoid',
             'bias': [-0.002129160841961653,
                      -0.0004170911877654001,
                      0,
                      0,
                      0.007888755761114252,
                      0,
                      0.016067194764778518,
                      -0.017085419826534477],
             'name': 'input',
             'neurons': [],
             'num_neurons': 8,
             'weights': [[0.39542421637644665,
                          0.3949214192209343,
                          0.0972645435557709,
                          0.09653373136778885,
                          0.09618449951360089,
                          0.10133800409126856,
                          0.1,
                          0.1098150298409026,
                          0.10694648425195571,
                          0.09391059401150056],
                         [0.4,
                          0.3982689002899152,
                          0.10133874699284859,
                          0.10567373559341782,
                          0.1077735098742436,
                          0.09429494500502893,
                          0.09390432416002645,
                          0.1,
                          0.1,
                          0.10465701681033127],
                         [0.39245812382956374,
                          0.4033676735807197,
                          0.10776935392155083,
                          0.1,
                          0.1,
                          0.1,
                          0.09220531007856228,
                          0.09341433929954227,
                          0.11165542787827513,
                          0.10215122504433674],
                         [0.38666480529641806,
                          0.3962626504567643,
                          0.10950997349007319,
                          0.1,
                          0.09817400230810155,
                          0.09786458442306536,
                          0.10891062211121945,
                          0.10128470607326465,
                          0.08401496752872288,
                          0.1],
                         [0.39266808257351626,
                          0.4,
                          0.09029071327906088,
                          0.10097172832100565,
                          0.09227202208067195,
                          0.1,
                          0.10357292401201397,
                          0.11807870403335344,
                          0.1,
                          0.10826551506098712],
                         [0.4,
                          0.3868187485063343,
                          0.10015725367940849,
                          0.0922682140413111,
                          0.10933313500276459,
                          0.1,
                          0.10909371902575818,
                          0.1,
                          0.1,
                          0.1],
                         [0.39294251562471993,
                          0.4,
                          0.1010915664847581,
                          0.09889643660965731,
                          0.10601729435858762,
                          0.1,
                          0.09825700378244258,
                          0.1,
                          0.10516255645384133,
                          0.07618326635019859],
                         [0.4,
                          0.39211335783705953,
                          0.08587139519837399,
                          0.09198034258910848,
                          0.10730825953404619,
                          0.09153484203711276,
                          0.1,
                          0.1078275211309241,
                          0.08266999488320997,
                          0.10724765779061958]]},
            {'activation': 'sigmoid',
             'bias': [-0.004604306985109935,
                      0.00911137678760694,
                      0.0008346084226165968,
                      0.009249805347502785,
                      0.033327749282301526],
             'name': 'output',
             'neurons': [],
             'num_neurons': 5,
             'weights': [[0.09943287890433389,
                          0.09923468143894024,
                          0.1,
                          0.0920926764469922,
                          0.0923790701647779,
                          0.10286661708778896,
                          0.10304538746510292,
                          0.11316175686668857],
                         [0.1,
                          0.10012634097691901,
                          0.1,
                          0.1,
                          0.09456375656782849,
                          0.1,
                          0.08239664196798448,
                          0.10431936764698542],
                         [0.11517067578252396,
                          0.10229943290788651,
                          0.11834624627606677,
                          0.09626322764491668,
                          0.09551402928099281,
                          0.09185066895904455,
                          0.09485580699046811,
                          0.1],
                         [0.09353911524209221,
                          0.1,
                          0.09783876438602584,
                          0.1,
                          0.10163927134376122,
                          0.09673326678276557,
                          0.10312533247991898,
                          0.10007451945089209],
                         [0.1,
                          0.10239434406060566,
                          0.10836788183189211,
                          0.08912278576395796,
                          0.10334863137549806,
                          0.09698245033221332,
                          0.1181581974726286,
                          0.10289838846340395],
                         [0.1091149779938482,
                          0.09356117088771428,
                          0.10596567739852962,
                          0.1,
                          0.09707092179892753,
                          0.0991072411535264,
                          0.1,
                          0.09058368527723558]]}]}
{'generation': 7,
 'inputs': [],
 'layers': [{'activation': 'sigmoid',
             'bias': [-0.002129160841961653,
                      -0.0004170911877654001,
                      0,
                      0,
                      0.007888755761114252,
                      0,
                      0.016067194764778518,
                      -0.017085419826534477],
             'name': 'input',
             'neurons': [<gameplay.Neuron object at 0x7f077b265860>,
                         <gameplay.Neuron object at 0x7f077b265828>,
                         <gameplay.Neuron object at 0x7f077b265240>,
                         <gameplay.Neuron object at 0x7f077b265b00>,
                         <gameplay.Neuron object at 0x7f077b265ba8>,
                         <gameplay.Neuron object at 0x7f077b265b38>,
                         <gameplay.Neuron object at 0x7f077b265d68>,
                         <gameplay.Neuron object at 0x7f077b265dd8>],
             'num_neurons': 8,
             'weights': [[0.39542421637644665,
                          0.3949214192209343,
                          0.0972645435557709,
                          0.09653373136778885,
                          0.09618449951360089,
                          0.10133800409126856,
                          0.1,
                          0.1098150298409026,
                          0.10694648425195571,
                          0.09391059401150056],
                         [0.4,
                          0.3982689002899152,
                          0.10133874699284859,
                          0.10567373559341782,
                          0.1077735098742436,
                          0.09429494500502893,
                          0.09390432416002645,
                          0.1,
                          0.1,
                          0.10465701681033127],
                         [0.39245812382956374,
                          0.4033676735807197,
                          0.10776935392155083,
                          0.1,
                          0.1,
                          0.1,
                          0.09220531007856228,
                          0.09341433929954227,
                          0.11165542787827513,
                          0.10215122504433674],
                         [0.38666480529641806,
                          0.3962626504567643,
                          0.10950997349007319,
                          0.1,
                          0.09817400230810155,
                          0.09786458442306536,
                          0.10891062211121945,
                          0.10128470607326465,
                          0.08401496752872288,
                          0.1],
                         [0.39266808257351626,
                          0.4,
                          0.09029071327906088,
                          0.10097172832100565,
                          0.09227202208067195,
                          0.1,
                          0.10357292401201397,
                          0.11807870403335344,
                          0.1,
                          0.10826551506098712],
                         [0.4,
                          0.3868187485063343,
                          0.10015725367940849,
                          0.0922682140413111,
                          0.10933313500276459,
                          0.1,
                          0.10909371902575818,
                          0.1,
                          0.1,
                          0.1],
                         [0.39294251562471993,
                          0.4,
                          0.1010915664847581,
                          0.09889643660965731,
                          0.10601729435858762,
                          0.1,
                          0.09825700378244258,
                          0.1,
                          0.10516255645384133,
                          0.07618326635019859],
                         [0.4,
                          0.39211335783705953,
                          0.08587139519837399,
                          0.09198034258910848,
                          0.10730825953404619,
                          0.09153484203711276,
                          0.1,
                          0.1078275211309241,
                          0.08266999488320997,
                          0.10724765779061958]]},
            {'activation': 'sigmoid',
             'bias': [-0.004604306985109935,
                      0.00911137678760694,
                      0.0008346084226165968,
                      0.009249805347502785,
                      0.033327749282301526],
             'name': 'output',
             'neurons': [<gameplay.Neuron object at 0x7f077b265c88>,
                         <gameplay.Neuron object at 0x7f077b265d30>,
                         <gameplay.Neuron object at 0x7f077b265c18>,
                         <gameplay.Neuron object at 0x7f077b265cf8>,
                         <gameplay.Neuron object at 0x7f077b265cc0>],
             'num_neurons': 5,
             'weights': [[0.09943287890433389,
                          0.09923468143894024,
                          0.1,
                          0.0920926764469922,
                          0.0923790701647779,
                          0.10286661708778896,
                          0.10304538746510292,
                          0.11316175686668857],
                         [0.1,
                          0.10012634097691901,
                          0.1,
                          0.1,
                          0.09456375656782849,
                          0.1,
                          0.08239664196798448,
                          0.10431936764698542],
                         [0.11517067578252396,
                          0.10229943290788651,
                          0.11834624627606677,
                          0.09626322764491668,
                          0.09551402928099281,
                          0.09185066895904455,
                          0.09485580699046811,
                          0.1],
                         [0.09353911524209221,
                          0.1,
                          0.09783876438602584,
                          0.1,
                          0.10163927134376122,
                          0.09673326678276557,
                          0.10312533247991898,
                          0.10007451945089209],
                         [0.1,
                          0.10239434406060566,
                          0.10836788183189211,
                          0.08912278576395796,
                          0.10334863137549806,
                          0.09698245033221332,
                          0.1181581974726286,
                          0.10289838846340395],
                         [0.1091149779938482,
                          0.09356117088771428,
                          0.10596567739852962,
                          0.1,
                          0.09707092179892753,
                          0.0991072411535264,
                          0.1,
                          0.09058368527723558]]}]}
load_tensorflow_graph: path = tensorflow/mario-model-simple-2019-07-17/frozen_inference_graph.pb
object_detection_graph = <tensorflow.python.framework.ops.Graph object at 0x7f077b265e48>
Doing start sequence
Sleeping one second
sending start
sending empty
Found black world screen for the second time. exiting.



Seconds left: 393
Moves to the right: 23
