pygame 1.9.6
Hello from the pygame community. https://www.pygame.org/contribute.html
Loading neural net from gameplay_neural_nets/114/5.nn
net = {'generation': 103,
 'inputs': [],
 'layers': [{'activation': 'sigmoid',
             'bias': [0.01609002862830767,
                      -0.0055359717705834345,
                      -0.010810310558670955,
                      -0.021603630577482602,
                      -0.00298974978118635,
                      -0.027920715633252845,
                      0.028155978780749602,
                      -0.020339080122636265],
             'name': 'input',
             'neurons': [],
             'num_neurons': 8,
             'weights': [[0.35869254236922116,
                          0.4310896024008271,
                          0.08556487004573327,
                          0.11175120023384624,
                          0.08103452998639407,
                          0.07892412616237551,
                          0.08500577714948238,
                          0.09755888001690037,
                          0.07947430895229717,
                          0.08549184729551211],
                         [0.37875946674816413,
                          0.36712653918671007,
                          0.09568602043334913,
                          0.09468704677817714,
                          0.12324547755877674,
                          0.06776803980593167,
                          0.11977832019174098,
                          0.09372365474596842,
                          0.11347561506710067,
                          0.12233312230148613],
                         [0.38079075272154805,
                          0.4333970938853744,
                          0.10467145089508323,
                          0.05787175788376005,
                          0.11203263474146158,
                          0.11111099997951353,
                          0.10125154496606487,
                          0.09495618248554474,
                          0.0906296682925628,
                          0.08658736158495847],
                         [0.38342374402310947,
                          0.38882784269314746,
                          0.10503273467970903,
                          0.12281078320977776,
                          0.0522966277316463,
                          0.09785328773312241,
                          0.08600082604585138,
                          0.1176888790644044,
                          0.11162771648177443,
                          0.1182263517135435],
                         [0.4013459146213683,
                          0.37813701708019515,
                          0.06485599074908754,
                          0.12221581800148201,
                          0.0896645973596474,
                          0.14675366955218982,
                          0.10464492519511459,
                          0.14005872458636906,
                          0.09701000433579299,
                          0.06706475227084685],
                         [0.3742946502690349,
                          0.438071972261865,
                          0.0770253976038218,
                          0.07607241547253614,
                          0.11815325844435226,
                          0.0667892725335323,
                          0.11060742258274235,
                          0.11065570342917413,
                          0.11420703360190687,
                          0.11148293533311597],
                         [0.3715400841916302,
                          0.3868664310889058,
                          0.11886449203761841,
                          0.04937117113606713,
                          0.10467079623202713,
                          0.12001433984468265,
                          0.07619691552535311,
                          0.11715599429861955,
                          0.10390412630269891,
                          0.07699186889741384],
                         [0.3938906849327437,
                          0.4247885295903985,
                          0.048778761536630855,
                          0.0648627423239738,
                          0.12444303488493524,
                          0.035144953720531495,
                          0.0692093294949778,
                          0.15013864563052992,
                          0.10341277409030977,
                          0.07034190432583687]]},
            {'activation': 'sigmoid',
             'bias': [-0.01750548841765276,
                      0.04658872817170994,
                      0.0021969355455584818,
                      -0.0012948143103029778,
                      0.02665064247586818],
             'name': 'output',
             'neurons': [],
             'num_neurons': 5,
             'weights': [[0.06288682344092707,
                          0.10666937382537209,
                          0.09589673341385271,
                          0.04825550478241378,
                          0.11401222106988845,
                          0.1496095124048059,
                          0.13344058372170586,
                          0.11008559596657581],
                         [0.06098895021771707,
                          0.08081361881513995,
                          0.05941157588552852,
                          0.15489714591357978,
                          0.09146581013012871,
                          0.08924411684800321,
                          0.07179224570284669,
                          0.1954614944672111],
                         [0.12006897049777131,
                          0.07939152959986268,
                          0.10321100730647847,
                          0.08062440648506579,
                          0.0974505490203329,
                          0.1071916067353281,
                          0.12928232249513597,
                          0.08607809557644264],
                         [0.11651676520609965,
                          0.06592459631154385,
                          0.11909018328628884,
                          0.06170335398524664,
                          0.15010294028093094,
                          0.0942711770160816,
                          0.10030303412796684,
                          0.09527714895077144],
                         [0.10835475553652255,
                          0.11910090260218613,
                          0.13951090582938058,
                          0.049717022173449366,
                          0.16239688199890265,
                          0.10431825456747772,
                          0.10415548372622321,
                          0.11429288817153763],
                         [0.09297807065420045,
                          0.11320670434388105,
                          0.1478714444336094,
                          0.10621707507723468,
                          0.05529503412183091,
                          0.11143807473214308,
                          0.06309157348708813,
                          0.11047627063076433]]}]}
{'generation': 103,
 'inputs': [],
 'layers': [{'activation': 'sigmoid',
             'bias': [0.01609002862830767,
                      -0.0055359717705834345,
                      -0.010810310558670955,
                      -0.021603630577482602,
                      -0.00298974978118635,
                      -0.027920715633252845,
                      0.028155978780749602,
                      -0.020339080122636265],
             'name': 'input',
             'neurons': [<gameplay.Neuron object at 0x7fac5d127860>,
                         <gameplay.Neuron object at 0x7fac5d127828>,
                         <gameplay.Neuron object at 0x7fac5d127240>,
                         <gameplay.Neuron object at 0x7fac5d127b00>,
                         <gameplay.Neuron object at 0x7fac5d127ba8>,
                         <gameplay.Neuron object at 0x7fac5d127b38>,
                         <gameplay.Neuron object at 0x7fac5d127c88>,
                         <gameplay.Neuron object at 0x7fac5d127c50>],
             'num_neurons': 8,
             'weights': [[0.35869254236922116,
                          0.4310896024008271,
                          0.08556487004573327,
                          0.11175120023384624,
                          0.08103452998639407,
                          0.07892412616237551,
                          0.08500577714948238,
                          0.09755888001690037,
                          0.07947430895229717,
                          0.08549184729551211],
                         [0.37875946674816413,
                          0.36712653918671007,
                          0.09568602043334913,
                          0.09468704677817714,
                          0.12324547755877674,
                          0.06776803980593167,
                          0.11977832019174098,
                          0.09372365474596842,
                          0.11347561506710067,
                          0.12233312230148613],
                         [0.38079075272154805,
                          0.4333970938853744,
                          0.10467145089508323,
                          0.05787175788376005,
                          0.11203263474146158,
                          0.11111099997951353,
                          0.10125154496606487,
                          0.09495618248554474,
                          0.0906296682925628,
                          0.08658736158495847],
                         [0.38342374402310947,
                          0.38882784269314746,
                          0.10503273467970903,
                          0.12281078320977776,
                          0.0522966277316463,
                          0.09785328773312241,
                          0.08600082604585138,
                          0.1176888790644044,
                          0.11162771648177443,
                          0.1182263517135435],
                         [0.4013459146213683,
                          0.37813701708019515,
                          0.06485599074908754,
                          0.12221581800148201,
                          0.0896645973596474,
                          0.14675366955218982,
                          0.10464492519511459,
                          0.14005872458636906,
                          0.09701000433579299,
                          0.06706475227084685],
                         [0.3742946502690349,
                          0.438071972261865,
                          0.0770253976038218,
                          0.07607241547253614,
                          0.11815325844435226,
                          0.0667892725335323,
                          0.11060742258274235,
                          0.11065570342917413,
                          0.11420703360190687,
                          0.11148293533311597],
                         [0.3715400841916302,
                          0.3868664310889058,
                          0.11886449203761841,
                          0.04937117113606713,
                          0.10467079623202713,
                          0.12001433984468265,
                          0.07619691552535311,
                          0.11715599429861955,
                          0.10390412630269891,
                          0.07699186889741384],
                         [0.3938906849327437,
                          0.4247885295903985,
                          0.048778761536630855,
                          0.0648627423239738,
                          0.12444303488493524,
                          0.035144953720531495,
                          0.0692093294949778,
                          0.15013864563052992,
                          0.10341277409030977,
                          0.07034190432583687]]},
            {'activation': 'sigmoid',
             'bias': [-0.01750548841765276,
                      0.04658872817170994,
                      0.0021969355455584818,
                      -0.0012948143103029778,
                      0.02665064247586818],
             'name': 'output',
             'neurons': [<gameplay.Neuron object at 0x7fac5d127cc0>,
                         <gameplay.Neuron object at 0x7fac5d127cf8>,
                         <gameplay.Neuron object at 0x7fac5d127d68>,
                         <gameplay.Neuron object at 0x7fac5d127d30>,
                         <gameplay.Neuron object at 0x7fac5d127da0>],
             'num_neurons': 5,
             'weights': [[0.06288682344092707,
                          0.10666937382537209,
                          0.09589673341385271,
                          0.04825550478241378,
                          0.11401222106988845,
                          0.1496095124048059,
                          0.13344058372170586,
                          0.11008559596657581],
                         [0.06098895021771707,
                          0.08081361881513995,
                          0.05941157588552852,
                          0.15489714591357978,
                          0.09146581013012871,
                          0.08924411684800321,
                          0.07179224570284669,
                          0.1954614944672111],
                         [0.12006897049777131,
                          0.07939152959986268,
                          0.10321100730647847,
                          0.08062440648506579,
                          0.0974505490203329,
                          0.1071916067353281,
                          0.12928232249513597,
                          0.08607809557644264],
                         [0.11651676520609965,
                          0.06592459631154385,
                          0.11909018328628884,
                          0.06170335398524664,
                          0.15010294028093094,
                          0.0942711770160816,
                          0.10030303412796684,
                          0.09527714895077144],
                         [0.10835475553652255,
                          0.11910090260218613,
                          0.13951090582938058,
                          0.049717022173449366,
                          0.16239688199890265,
                          0.10431825456747772,
                          0.10415548372622321,
                          0.11429288817153763],
                         [0.09297807065420045,
                          0.11320670434388105,
                          0.1478714444336094,
                          0.10621707507723468,
                          0.05529503412183091,
                          0.11143807473214308,
                          0.06309157348708813,
                          0.11047627063076433]]}]}
load_tensorflow_graph: path = tensorflow/mario-model-simple-2019-07-17/frozen_inference_graph.pb
object_detection_graph = <tensorflow.python.framework.ops.Graph object at 0x7fac5d127e48>
Doing start sequence
Sleeping one second
sending start
sending empty
Found black world screen for the second time. exiting.



Seconds left: 393
Moves to the right: 19
