pygame 1.9.6
Hello from the pygame community. https://www.pygame.org/contribute.html
Loading neural net from gameplay_neural_nets/148/7.nn
net = {'generation': 135,
 'inputs': [],
 'layers': [{'activation': 'sigmoid',
             'bias': [0.011962684344455759,
                      -0.03552932085821664,
                      0.006650311484008225,
                      0.008371310946748495,
                      -0.00102795099665314,
                      -0.02832599945015975,
                      0.014317468858282053,
                      -0.00453174503147941],
             'name': 'input',
             'neurons': [],
             'num_neurons': 8,
             'weights': [[0.36215093509036395,
                          0.43350630641872734,
                          0.07904261913927237,
                          0.155030397909251,
                          0.07080873554337261,
                          0.07669776490471805,
                          0.06410563367526426,
                          0.07239960004072431,
                          0.08068999271485884,
                          0.040702090958454964],
                         [0.38818996428813196,
                          0.35876127350165576,
                          0.09346946283390874,
                          0.1104265708927712,
                          0.12315210802844552,
                          0.045198275885991485,
                          0.10058118294886507,
                          0.08698806540777412,
                          0.09311601483779919,
                          0.12176110747238572],
                         [0.3484729926324819,
                          0.42244363562158443,
                          0.060290187935325416,
                          0.0490350006914662,
                          0.08868141946234216,
                          0.09785597626103223,
                          0.08116220758487891,
                          0.11299009553974831,
                          0.10234327353284023,
                          0.07326744502176048],
                         [0.3762613558575813,
                          0.4083315564245179,
                          0.10248856819979447,
                          0.11153412788449589,
                          0.05113926212886891,
                          0.059314158061341424,
                          0.07096135240243524,
                          0.12478190687685076,
                          0.13424755223369217,
                          0.12129496586401943],
                         [0.41470820383539814,
                          0.4016522644122119,
                          0.04100084553748581,
                          0.13082829352240471,
                          0.09458391265929764,
                          0.16872616091957623,
                          0.1342991755738906,
                          0.11748611390968432,
                          0.07830688233600744,
                          0.06544346612663127],
                         [0.3587902560163238,
                          0.4197201147116117,
                          0.07043154697243507,
                          0.0881895191330046,
                          0.09653140965809785,
                          0.07293283296202185,
                          0.10949647404603131,
                          0.09586627332851688,
                          0.12146392476795252,
                          0.10955402189698747],
                         [0.3684542391268858,
                          0.3570885506694673,
                          0.11776919960618734,
                          0.06700952933803246,
                          0.11213751806337284,
                          0.10269166514835176,
                          0.10453026938002578,
                          0.07446224280415994,
                          0.10432902080273303,
                          0.05497344489734087],
                         [0.3928638272809488,
                          0.4100192678419889,
                          0.06580715075785892,
                          0.08005828149608832,
                          0.10965956898937315,
                          0.05199284789344382,
                          0.07619644564460006,
                          0.16728622626032935,
                          0.09965324512855749,
                          0.07200766489610232]]},
            {'activation': 'sigmoid',
             'bias': [-0.011407662444291809,
                      0.0821223470812139,
                      -0.010196187909885534,
                      -0.013055216491782807,
                      0.016060676573673886],
             'name': 'output',
             'neurons': [],
             'num_neurons': 5,
             'weights': [[0.04684131085321301,
                          0.09569074202747749,
                          0.08329756800253894,
                          0.037453422704303095,
                          0.13027001198339194,
                          0.13475249722774713,
                          0.13267018796547633,
                          0.1199471009089922],
                         [0.04358702661687548,
                          0.06375639412859767,
                          0.08560291449689109,
                          0.15693964393220405,
                          0.12015817459074792,
                          0.0681238450669622,
                          0.0535512030806196,
                          0.1726973187986565],
                         [0.1251992211312772,
                          0.10302635274097995,
                          0.10222274432089279,
                          0.08492019404414741,
                          0.0594845954014034,
                          0.10822034769356517,
                          0.12088324856308513,
                          0.09069276279635437],
                         [0.09138760754537123,
                          0.06408320498044091,
                          0.15192388766778592,
                          0.06952365537588015,
                          0.16641236298113166,
                          0.09240697362252552,
                          0.08091261097425943,
                          0.09709225923994348],
                         [0.13673803847278437,
                          0.08337509713330563,
                          0.14307472791358342,
                          0.041348839178152956,
                          0.17697672459979155,
                          0.10714764216692625,
                          0.07611486080114209,
                          0.09869008543693572],
                         [0.0877688306418678,
                          0.13330240226002055,
                          0.15415869234617663,
                          0.08558072617235188,
                          0.05592486701757199,
                          0.10768862796097492,
                          0.0671049270719973,
                          0.11717991838723717]]}]}
{'generation': 135,
 'inputs': [],
 'layers': [{'activation': 'sigmoid',
             'bias': [0.011962684344455759,
                      -0.03552932085821664,
                      0.006650311484008225,
                      0.008371310946748495,
                      -0.00102795099665314,
                      -0.02832599945015975,
                      0.014317468858282053,
                      -0.00453174503147941],
             'name': 'input',
             'neurons': [<gameplay.Neuron object at 0x7f4fbe9f1860>,
                         <gameplay.Neuron object at 0x7f4fbe9f1828>,
                         <gameplay.Neuron object at 0x7f4fbe9f1240>,
                         <gameplay.Neuron object at 0x7f4fbe9f1b00>,
                         <gameplay.Neuron object at 0x7f4fbe9f1ba8>,
                         <gameplay.Neuron object at 0x7f4fbe9f1b38>,
                         <gameplay.Neuron object at 0x7f4fbe9f1c88>,
                         <gameplay.Neuron object at 0x7f4fbe9f1c50>],
             'num_neurons': 8,
             'weights': [[0.36215093509036395,
                          0.43350630641872734,
                          0.07904261913927237,
                          0.155030397909251,
                          0.07080873554337261,
                          0.07669776490471805,
                          0.06410563367526426,
                          0.07239960004072431,
                          0.08068999271485884,
                          0.040702090958454964],
                         [0.38818996428813196,
                          0.35876127350165576,
                          0.09346946283390874,
                          0.1104265708927712,
                          0.12315210802844552,
                          0.045198275885991485,
                          0.10058118294886507,
                          0.08698806540777412,
                          0.09311601483779919,
                          0.12176110747238572],
                         [0.3484729926324819,
                          0.42244363562158443,
                          0.060290187935325416,
                          0.0490350006914662,
                          0.08868141946234216,
                          0.09785597626103223,
                          0.08116220758487891,
                          0.11299009553974831,
                          0.10234327353284023,
                          0.07326744502176048],
                         [0.3762613558575813,
                          0.4083315564245179,
                          0.10248856819979447,
                          0.11153412788449589,
                          0.05113926212886891,
                          0.059314158061341424,
                          0.07096135240243524,
                          0.12478190687685076,
                          0.13424755223369217,
                          0.12129496586401943],
                         [0.41470820383539814,
                          0.4016522644122119,
                          0.04100084553748581,
                          0.13082829352240471,
                          0.09458391265929764,
                          0.16872616091957623,
                          0.1342991755738906,
                          0.11748611390968432,
                          0.07830688233600744,
                          0.06544346612663127],
                         [0.3587902560163238,
                          0.4197201147116117,
                          0.07043154697243507,
                          0.0881895191330046,
                          0.09653140965809785,
                          0.07293283296202185,
                          0.10949647404603131,
                          0.09586627332851688,
                          0.12146392476795252,
                          0.10955402189698747],
                         [0.3684542391268858,
                          0.3570885506694673,
                          0.11776919960618734,
                          0.06700952933803246,
                          0.11213751806337284,
                          0.10269166514835176,
                          0.10453026938002578,
                          0.07446224280415994,
                          0.10432902080273303,
                          0.05497344489734087],
                         [0.3928638272809488,
                          0.4100192678419889,
                          0.06580715075785892,
                          0.08005828149608832,
                          0.10965956898937315,
                          0.05199284789344382,
                          0.07619644564460006,
                          0.16728622626032935,
                          0.09965324512855749,
                          0.07200766489610232]]},
            {'activation': 'sigmoid',
             'bias': [-0.011407662444291809,
                      0.0821223470812139,
                      -0.010196187909885534,
                      -0.013055216491782807,
                      0.016060676573673886],
             'name': 'output',
             'neurons': [<gameplay.Neuron object at 0x7f4fbe9f1cc0>,
                         <gameplay.Neuron object at 0x7f4fbe9f1cf8>,
                         <gameplay.Neuron object at 0x7f4fbe9f1d68>,
                         <gameplay.Neuron object at 0x7f4fbe9f1d30>,
                         <gameplay.Neuron object at 0x7f4fbe9f1da0>],
             'num_neurons': 5,
             'weights': [[0.04684131085321301,
                          0.09569074202747749,
                          0.08329756800253894,
                          0.037453422704303095,
                          0.13027001198339194,
                          0.13475249722774713,
                          0.13267018796547633,
                          0.1199471009089922],
                         [0.04358702661687548,
                          0.06375639412859767,
                          0.08560291449689109,
                          0.15693964393220405,
                          0.12015817459074792,
                          0.0681238450669622,
                          0.0535512030806196,
                          0.1726973187986565],
                         [0.1251992211312772,
                          0.10302635274097995,
                          0.10222274432089279,
                          0.08492019404414741,
                          0.0594845954014034,
                          0.10822034769356517,
                          0.12088324856308513,
                          0.09069276279635437],
                         [0.09138760754537123,
                          0.06408320498044091,
                          0.15192388766778592,
                          0.06952365537588015,
                          0.16641236298113166,
                          0.09240697362252552,
                          0.08091261097425943,
                          0.09709225923994348],
                         [0.13673803847278437,
                          0.08337509713330563,
                          0.14307472791358342,
                          0.041348839178152956,
                          0.17697672459979155,
                          0.10714764216692625,
                          0.07611486080114209,
                          0.09869008543693572],
                         [0.0877688306418678,
                          0.13330240226002055,
                          0.15415869234617663,
                          0.08558072617235188,
                          0.05592486701757199,
                          0.10768862796097492,
                          0.0671049270719973,
                          0.11717991838723717]]}]}
load_tensorflow_graph: path = tensorflow/mario-model-simple-2019-07-17/frozen_inference_graph.pb
object_detection_graph = <tensorflow.python.framework.ops.Graph object at 0x7f4fbe9f1e48>
Doing start sequence
Sleeping one second
sending start
sending empty
Found black world screen for the second time. exiting.



Seconds left: 356
Moves to the right: 74
