pygame 1.9.6
Hello from the pygame community. https://www.pygame.org/contribute.html
Loading neural net from gameplay_neural_nets/148/9.nn
net = {'generation': 135,
 'inputs': [],
 'layers': [{'activation': 'sigmoid',
             'bias': [0.011962684344455759,
                      -0.029218932161937466,
                      0.006650311484008225,
                      0.008505151649198637,
                      -0.00102795099665314,
                      -0.03471414092369274,
                      0.014632405035802865,
                      -0.008691644407677567],
             'name': 'input',
             'neurons': [],
             'num_neurons': 8,
             'weights': [[0.3600107277083687,
                          0.4336873491658948,
                          0.07904261913927237,
                          0.14190876208608447,
                          0.07080873554337261,
                          0.07028080960751827,
                          0.07270478077797263,
                          0.07282632042000835,
                          0.08068999271485884,
                          0.040702090958454964],
                         [0.38818996428813196,
                          0.356183058792716,
                          0.09346946283390874,
                          0.11572455217339167,
                          0.12461482375532949,
                          0.048195260393406665,
                          0.09608684844108624,
                          0.08698806540777412,
                          0.09311601483779919,
                          0.12176110747238572],
                         [0.3484729926324819,
                          0.415282892170761,
                          0.059970812108306654,
                          0.0490350006914662,
                          0.09389076844219352,
                          0.10758568312330809,
                          0.08116220758487891,
                          0.10601689335665426,
                          0.1038039252088612,
                          0.08107936357130496],
                         [0.3678284934607052,
                          0.4083315564245179,
                          0.10248856819979447,
                          0.10358178602807837,
                          0.05113926212886891,
                          0.06253129095112553,
                          0.07096135240243524,
                          0.11848309238924391,
                          0.13424755223369217,
                          0.11295829161263543],
                         [0.41991947512542865,
                          0.4016522644122119,
                          0.04100084553748581,
                          0.13389230576861552,
                          0.09690815790832909,
                          0.1744502897484106,
                          0.14323753309529658,
                          0.11748611390968432,
                          0.07830688233600744,
                          0.06544346612663127],
                         [0.35274349398433424,
                          0.4272531454861977,
                          0.07164050290434755,
                          0.09068832330069158,
                          0.10285553997487931,
                          0.0805034470480637,
                          0.10949647404603131,
                          0.09788473634075326,
                          0.11638315265843685,
                          0.1156733097491491],
                         [0.3684542391268858,
                          0.3570885506694673,
                          0.11776919960618734,
                          0.06700952933803246,
                          0.11069941392682055,
                          0.10269166514835176,
                          0.1065808148880433,
                          0.08087038190576927,
                          0.10432902080273303,
                          0.04571687420363314],
                         [0.38885381599565383,
                          0.4106233928198259,
                          0.06580715075785892,
                          0.07379973537098844,
                          0.11450323159252966,
                          0.05199284789344382,
                          0.0768189685443384,
                          0.16728622626032935,
                          0.10197827455049996,
                          0.07227452930705215]]},
            {'activation': 'sigmoid',
             'bias': [-0.018322591003246746,
                      0.07152473813627896,
                      -0.0026725406687603086,
                      -0.013055216491782807,
                      0.016060676573673886],
             'name': 'output',
             'neurons': [],
             'num_neurons': 5,
             'weights': [[0.04529799466594467,
                          0.10022791990404972,
                          0.07406279452898554,
                          0.032076854968928974,
                          0.12351384893346173,
                          0.13475249722774713,
                          0.13267018796547633,
                          0.11564260727342768],
                         [0.04276771756253722,
                          0.05976432488613109,
                          0.09939862463956603,
                          0.14933657084116406,
                          0.12015817459074792,
                          0.06446930314329022,
                          0.0535512030806196,
                          0.17546419793879678],
                         [0.1290230767112836,
                          0.10616353775892441,
                          0.10768664017527003,
                          0.08492019404414741,
                          0.05480436271015699,
                          0.1123085673256122,
                          0.1368454986834646,
                          0.09069276279635437],
                         [0.10028101838563562,
                          0.0559939460933162,
                          0.15192388766778592,
                          0.06952365537588015,
                          0.1630686916679953,
                          0.09919678680074796,
                          0.07376699328971525,
                          0.09709225923994348],
                         [0.1465370305685866,
                          0.08073581989962333,
                          0.14307472791358342,
                          0.031564661620023526,
                          0.17697672459979155,
                          0.10714764216692625,
                          0.07419833155672424,
                          0.10404246199964041],
                         [0.0877688306418678,
                          0.12380785523078204,
                          0.14443921278689975,
                          0.0891409367914596,
                          0.04747025261807565,
                          0.10768862796097492,
                          0.0671049270719973,
                          0.12087543359578008]]}]}
{'generation': 135,
 'inputs': [],
 'layers': [{'activation': 'sigmoid',
             'bias': [0.011962684344455759,
                      -0.029218932161937466,
                      0.006650311484008225,
                      0.008505151649198637,
                      -0.00102795099665314,
                      -0.03471414092369274,
                      0.014632405035802865,
                      -0.008691644407677567],
             'name': 'input',
             'neurons': [<gameplay.Neuron object at 0x7f5841ec37f0>,
                         <gameplay.Neuron object at 0x7f5841ec37b8>,
                         <gameplay.Neuron object at 0x7f5841ec31d0>,
                         <gameplay.Neuron object at 0x7f5841ec3a90>,
                         <gameplay.Neuron object at 0x7f5841ec3b38>,
                         <gameplay.Neuron object at 0x7f5841ec3ac8>,
                         <gameplay.Neuron object at 0x7f5841ec3c18>,
                         <gameplay.Neuron object at 0x7f5841ec3be0>],
             'num_neurons': 8,
             'weights': [[0.3600107277083687,
                          0.4336873491658948,
                          0.07904261913927237,
                          0.14190876208608447,
                          0.07080873554337261,
                          0.07028080960751827,
                          0.07270478077797263,
                          0.07282632042000835,
                          0.08068999271485884,
                          0.040702090958454964],
                         [0.38818996428813196,
                          0.356183058792716,
                          0.09346946283390874,
                          0.11572455217339167,
                          0.12461482375532949,
                          0.048195260393406665,
                          0.09608684844108624,
                          0.08698806540777412,
                          0.09311601483779919,
                          0.12176110747238572],
                         [0.3484729926324819,
                          0.415282892170761,
                          0.059970812108306654,
                          0.0490350006914662,
                          0.09389076844219352,
                          0.10758568312330809,
                          0.08116220758487891,
                          0.10601689335665426,
                          0.1038039252088612,
                          0.08107936357130496],
                         [0.3678284934607052,
                          0.4083315564245179,
                          0.10248856819979447,
                          0.10358178602807837,
                          0.05113926212886891,
                          0.06253129095112553,
                          0.07096135240243524,
                          0.11848309238924391,
                          0.13424755223369217,
                          0.11295829161263543],
                         [0.41991947512542865,
                          0.4016522644122119,
                          0.04100084553748581,
                          0.13389230576861552,
                          0.09690815790832909,
                          0.1744502897484106,
                          0.14323753309529658,
                          0.11748611390968432,
                          0.07830688233600744,
                          0.06544346612663127],
                         [0.35274349398433424,
                          0.4272531454861977,
                          0.07164050290434755,
                          0.09068832330069158,
                          0.10285553997487931,
                          0.0805034470480637,
                          0.10949647404603131,
                          0.09788473634075326,
                          0.11638315265843685,
                          0.1156733097491491],
                         [0.3684542391268858,
                          0.3570885506694673,
                          0.11776919960618734,
                          0.06700952933803246,
                          0.11069941392682055,
                          0.10269166514835176,
                          0.1065808148880433,
                          0.08087038190576927,
                          0.10432902080273303,
                          0.04571687420363314],
                         [0.38885381599565383,
                          0.4106233928198259,
                          0.06580715075785892,
                          0.07379973537098844,
                          0.11450323159252966,
                          0.05199284789344382,
                          0.0768189685443384,
                          0.16728622626032935,
                          0.10197827455049996,
                          0.07227452930705215]]},
            {'activation': 'sigmoid',
             'bias': [-0.018322591003246746,
                      0.07152473813627896,
                      -0.0026725406687603086,
                      -0.013055216491782807,
                      0.016060676573673886],
             'name': 'output',
             'neurons': [<gameplay.Neuron object at 0x7f5841ec3c50>,
                         <gameplay.Neuron object at 0x7f5841ec3c88>,
                         <gameplay.Neuron object at 0x7f5841ec3cf8>,
                         <gameplay.Neuron object at 0x7f5841ec3cc0>,
                         <gameplay.Neuron object at 0x7f5841ec3d30>],
             'num_neurons': 5,
             'weights': [[0.04529799466594467,
                          0.10022791990404972,
                          0.07406279452898554,
                          0.032076854968928974,
                          0.12351384893346173,
                          0.13475249722774713,
                          0.13267018796547633,
                          0.11564260727342768],
                         [0.04276771756253722,
                          0.05976432488613109,
                          0.09939862463956603,
                          0.14933657084116406,
                          0.12015817459074792,
                          0.06446930314329022,
                          0.0535512030806196,
                          0.17546419793879678],
                         [0.1290230767112836,
                          0.10616353775892441,
                          0.10768664017527003,
                          0.08492019404414741,
                          0.05480436271015699,
                          0.1123085673256122,
                          0.1368454986834646,
                          0.09069276279635437],
                         [0.10028101838563562,
                          0.0559939460933162,
                          0.15192388766778592,
                          0.06952365537588015,
                          0.1630686916679953,
                          0.09919678680074796,
                          0.07376699328971525,
                          0.09709225923994348],
                         [0.1465370305685866,
                          0.08073581989962333,
                          0.14307472791358342,
                          0.031564661620023526,
                          0.17697672459979155,
                          0.10714764216692625,
                          0.07419833155672424,
                          0.10404246199964041],
                         [0.0877688306418678,
                          0.12380785523078204,
                          0.14443921278689975,
                          0.0891409367914596,
                          0.04747025261807565,
                          0.10768862796097492,
                          0.0671049270719973,
                          0.12087543359578008]]}]}
load_tensorflow_graph: path = tensorflow/mario-model-simple-2019-07-17/frozen_inference_graph.pb
object_detection_graph = <tensorflow.python.framework.ops.Graph object at 0x7f5841ec3dd8>
Doing start sequence
Sleeping one second
sending start
sending empty
Found black world screen for the second time. exiting.



Seconds left: 364
Moves to the right: 67
