pygame 1.9.6
Hello from the pygame community. https://www.pygame.org/contribute.html
Loading neural net from gameplay_neural_nets/44/8.nn
net = {'generation': 39,
 'inputs': [],
 'layers': [{'activation': 'sigmoid',
             'bias': [-0.008312231432055893,
                      0.041547979196001825,
                      -0.029954935048690852,
                      -0.00044722948094465427,
                      -0.0024524325159006226,
                      0.02686929413933123,
                      -0.006657530125279143,
                      -0.005816976982700776],
             'name': 'input',
             'neurons': [],
             'num_neurons': 8,
             'weights': [[0.4338993793008681,
                          0.4906676733742843,
                          0.5100243900657325,
                          0.4901998479108563,
                          0.49215250473031125,
                          0.46578356064407345,
                          0.5047576839496744,
                          0.48754193572197657,
                          0.5033528024583566,
                          0.5274163440388211],
                         [0.4886101212935193,
                          0.49310349259086234,
                          0.520259989073528,
                          0.5238615807737969,
                          0.5082853255333628,
                          0.5006357627426699,
                          0.48042044372206527,
                          0.458608602169277,
                          0.515257555269834,
                          0.5143216706002454],
                         [0.5319001976856446,
                          0.507803616822714,
                          0.48525005251636977,
                          0.4842488165662788,
                          0.467059008500031,
                          0.4878778735520011,
                          0.5204975601301397,
                          0.4757513324527022,
                          0.47862032869120763,
                          0.5205403581140091],
                         [0.5092582974104766,
                          0.47997600729582757,
                          0.49787072083191,
                          0.4446084476886296,
                          0.4614227161765194,
                          0.5224145462999329,
                          0.4964770878222571,
                          0.4724239205538435,
                          0.5091431089613945,
                          0.5063925515463514],
                         [0.5001118171389605,
                          0.5125135445625525,
                          0.5030779196127626,
                          0.48799007692468416,
                          0.5115329857025859,
                          0.5061189969235996,
                          0.519506099629218,
                          0.5001743279426485,
                          0.5109999796373758,
                          0.5426088571770857],
                         [0.49161325035120723,
                          0.5194019902685145,
                          0.50006760769983,
                          0.5261186019740719,
                          0.5122639093769447,
                          0.4906862459465638,
                          0.5516198984675881,
                          0.49379727418316344,
                          0.509711138797115,
                          0.44237561261786157],
                         [0.5380579157114243,
                          0.5125620311915084,
                          0.5069172076503522,
                          0.5009883921133718,
                          0.4987495994709897,
                          0.4912168193782042,
                          0.5197840147091886,
                          0.49619343432380436,
                          0.5176211332585382,
                          0.4952538415923896],
                         [0.4885782619446868,
                          0.5012788588360492,
                          0.49390815735519056,
                          0.5434097571087696,
                          0.49756334127143054,
                          0.49266250681587687,
                          0.4651502613101504,
                          0.48083183891022163,
                          0.4898515321272916,
                          0.47901066491241473]]},
            {'activation': 'sigmoid',
             'bias': [-0.030736042114087654,
                      0.003856025965160625,
                      -0.03192520764300226,
                      0.017979538442342208,
                      0.007904840633447418,
                      -0.041297547502804316],
             'name': 'hidden1',
             'neurons': [],
             'num_neurons': 6,
             'weights': [[0.4848191903451667,
                          0.4799485626367571,
                          0.5145170050704398,
                          0.4721866342670026,
                          0.5282176018243763,
                          0.48395507597392684,
                          0.4968447790956112,
                          0.4934012641778806],
                         [0.5292239391211274,
                          0.5295229829113629,
                          0.5052531397768245,
                          0.4907695685109993,
                          0.44519204302512017,
                          0.5309080368449168,
                          0.4628904415056971,
                          0.5032978998861458],
                         [0.5209877375439514,
                          0.5164446530072724,
                          0.5242693922220385,
                          0.5179531886934367,
                          0.5341867452040217,
                          0.5311852117824288,
                          0.525165859437536,
                          0.5272908019393445],
                         [0.5161784501422212,
                          0.4848064891535629,
                          0.4784133655218315,
                          0.4961528759281906,
                          0.4777450938722598,
                          0.5092027761273575,
                          0.47497917542696455,
                          0.5168286045563999],
                         [0.471604196789286,
                          0.5477289756186046,
                          0.5117503488303982,
                          0.4995420313164671,
                          0.4981557917871339,
                          0.5067836042467905,
                          0.5191444314373125,
                          0.4967114730211607],
                         [0.4870238625143361,
                          0.4875090831737833,
                          0.484205271336729,
                          0.46906368446848046,
                          0.48348924788365055,
                          0.4776790822759139,
                          0.4761470959203305,
                          0.5075478452287514],
                         [0.4907159218073547,
                          0.4895126255749179,
                          0.5361712630508397,
                          0.5116689086646006,
                          0.49069132865524845,
                          0.49481061644907354,
                          0.5268774510559291,
                          0.4812839837560765],
                         [0.5235219058051079,
                          0.5192790679424255,
                          0.5002650142377032,
                          0.5186493773530825,
                          0.5282440656566257,
                          0.4768239118053255,
                          0.4849373374944381,
                          0.48532901389633454]]},
            {'activation': 'sigmoid',
             'bias': [-0.006287379264994973,
                      0.0047762482024646565,
                      0.0037045103971342632,
                      0.022877020974160056,
                      0.0368242400204445],
             'name': 'output',
             'neurons': [],
             'num_neurons': 5,
             'weights': [[0.49862685456405875,
                          0.4913116822986062,
                          0.515784255775343,
                          0.49725836936850065,
                          0.49140716104493565,
                          0.5238344778244532],
                         [0.5238697131412258,
                          0.5290604510448184,
                          0.47588901883752055,
                          0.5045132212941114,
                          0.4920586896097449,
                          0.49660028247505633],
                         [0.511690910800677,
                          0.5175875985563011,
                          0.4846349715013165,
                          0.5091573114585561,
                          0.5329524178027193,
                          0.5034479627740897],
                         [0.5014481989447597,
                          0.4843703717372075,
                          0.5174646681359626,
                          0.4801321695270855,
                          0.5026442474633256,
                          0.4972025405050095],
                         [0.5171457408598945,
                          0.4967728090753373,
                          0.47961646827858373,
                          0.5339449170360522,
                          0.5065614935072462,
                          0.48976961891967546],
                         [0.49942770826830923,
                          0.5100492083775473,
                          0.5003686735679075,
                          0.47003760277551354,
                          0.5007984513970797,
                          0.48335201707381525]]}]}
{'generation': 39,
 'inputs': [],
 'layers': [{'activation': 'sigmoid',
             'bias': [-0.008312231432055893,
                      0.041547979196001825,
                      -0.029954935048690852,
                      -0.00044722948094465427,
                      -0.0024524325159006226,
                      0.02686929413933123,
                      -0.006657530125279143,
                      -0.005816976982700776],
             'name': 'input',
             'neurons': [<gameplay.Neuron object at 0x7f4817837860>,
                         <gameplay.Neuron object at 0x7f4817837828>,
                         <gameplay.Neuron object at 0x7f4817837240>,
                         <gameplay.Neuron object at 0x7f4817837b70>,
                         <gameplay.Neuron object at 0x7f4817837c18>,
                         <gameplay.Neuron object at 0x7f4817837ba8>,
                         <gameplay.Neuron object at 0x7f4817837cc0>,
                         <gameplay.Neuron object at 0x7f4817837cf8>],
             'num_neurons': 8,
             'weights': [[0.4338993793008681,
                          0.4906676733742843,
                          0.5100243900657325,
                          0.4901998479108563,
                          0.49215250473031125,
                          0.46578356064407345,
                          0.5047576839496744,
                          0.48754193572197657,
                          0.5033528024583566,
                          0.5274163440388211],
                         [0.4886101212935193,
                          0.49310349259086234,
                          0.520259989073528,
                          0.5238615807737969,
                          0.5082853255333628,
                          0.5006357627426699,
                          0.48042044372206527,
                          0.458608602169277,
                          0.515257555269834,
                          0.5143216706002454],
                         [0.5319001976856446,
                          0.507803616822714,
                          0.48525005251636977,
                          0.4842488165662788,
                          0.467059008500031,
                          0.4878778735520011,
                          0.5204975601301397,
                          0.4757513324527022,
                          0.47862032869120763,
                          0.5205403581140091],
                         [0.5092582974104766,
                          0.47997600729582757,
                          0.49787072083191,
                          0.4446084476886296,
                          0.4614227161765194,
                          0.5224145462999329,
                          0.4964770878222571,
                          0.4724239205538435,
                          0.5091431089613945,
                          0.5063925515463514],
                         [0.5001118171389605,
                          0.5125135445625525,
                          0.5030779196127626,
                          0.48799007692468416,
                          0.5115329857025859,
                          0.5061189969235996,
                          0.519506099629218,
                          0.5001743279426485,
                          0.5109999796373758,
                          0.5426088571770857],
                         [0.49161325035120723,
                          0.5194019902685145,
                          0.50006760769983,
                          0.5261186019740719,
                          0.5122639093769447,
                          0.4906862459465638,
                          0.5516198984675881,
                          0.49379727418316344,
                          0.509711138797115,
                          0.44237561261786157],
                         [0.5380579157114243,
                          0.5125620311915084,
                          0.5069172076503522,
                          0.5009883921133718,
                          0.4987495994709897,
                          0.4912168193782042,
                          0.5197840147091886,
                          0.49619343432380436,
                          0.5176211332585382,
                          0.4952538415923896],
                         [0.4885782619446868,
                          0.5012788588360492,
                          0.49390815735519056,
                          0.5434097571087696,
                          0.49756334127143054,
                          0.49266250681587687,
                          0.4651502613101504,
                          0.48083183891022163,
                          0.4898515321272916,
                          0.47901066491241473]]},
            {'activation': 'sigmoid',
             'bias': [-0.030736042114087654,
                      0.003856025965160625,
                      -0.03192520764300226,
                      0.017979538442342208,
                      0.007904840633447418,
                      -0.041297547502804316],
             'name': 'hidden1',
             'neurons': [<gameplay.Neuron object at 0x7f4817837d30>,
                         <gameplay.Neuron object at 0x7f4817837d68>,
                         <gameplay.Neuron object at 0x7f4817837dd8>,
                         <gameplay.Neuron object at 0x7f4817837da0>,
                         <gameplay.Neuron object at 0x7f4817837e10>,
                         <gameplay.Neuron object at 0x7f4817837e80>],
             'num_neurons': 6,
             'weights': [[0.4848191903451667,
                          0.4799485626367571,
                          0.5145170050704398,
                          0.4721866342670026,
                          0.5282176018243763,
                          0.48395507597392684,
                          0.4968447790956112,
                          0.4934012641778806],
                         [0.5292239391211274,
                          0.5295229829113629,
                          0.5052531397768245,
                          0.4907695685109993,
                          0.44519204302512017,
                          0.5309080368449168,
                          0.4628904415056971,
                          0.5032978998861458],
                         [0.5209877375439514,
                          0.5164446530072724,
                          0.5242693922220385,
                          0.5179531886934367,
                          0.5341867452040217,
                          0.5311852117824288,
                          0.525165859437536,
                          0.5272908019393445],
                         [0.5161784501422212,
                          0.4848064891535629,
                          0.4784133655218315,
                          0.4961528759281906,
                          0.4777450938722598,
                          0.5092027761273575,
                          0.47497917542696455,
                          0.5168286045563999],
                         [0.471604196789286,
                          0.5477289756186046,
                          0.5117503488303982,
                          0.4995420313164671,
                          0.4981557917871339,
                          0.5067836042467905,
                          0.5191444314373125,
                          0.4967114730211607],
                         [0.4870238625143361,
                          0.4875090831737833,
                          0.484205271336729,
                          0.46906368446848046,
                          0.48348924788365055,
                          0.4776790822759139,
                          0.4761470959203305,
                          0.5075478452287514],
                         [0.4907159218073547,
                          0.4895126255749179,
                          0.5361712630508397,
                          0.5116689086646006,
                          0.49069132865524845,
                          0.49481061644907354,
                          0.5268774510559291,
                          0.4812839837560765],
                         [0.5235219058051079,
                          0.5192790679424255,
                          0.5002650142377032,
                          0.5186493773530825,
                          0.5282440656566257,
                          0.4768239118053255,
                          0.4849373374944381,
                          0.48532901389633454]]},
            {'activation': 'sigmoid',
             'bias': [-0.006287379264994973,
                      0.0047762482024646565,
                      0.0037045103971342632,
                      0.022877020974160056,
                      0.0368242400204445],
             'name': 'output',
             'neurons': [<gameplay.Neuron object at 0x7f4817837e48>,
                         <gameplay.Neuron object at 0x7f4817837eb8>,
                         <gameplay.Neuron object at 0x7f4817837be0>,
                         <gameplay.Neuron object at 0x7f4817837c50>,
                         <gameplay.Neuron object at 0x7f4817837c88>],
             'num_neurons': 5,
             'weights': [[0.49862685456405875,
                          0.4913116822986062,
                          0.515784255775343,
                          0.49725836936850065,
                          0.49140716104493565,
                          0.5238344778244532],
                         [0.5238697131412258,
                          0.5290604510448184,
                          0.47588901883752055,
                          0.5045132212941114,
                          0.4920586896097449,
                          0.49660028247505633],
                         [0.511690910800677,
                          0.5175875985563011,
                          0.4846349715013165,
                          0.5091573114585561,
                          0.5329524178027193,
                          0.5034479627740897],
                         [0.5014481989447597,
                          0.4843703717372075,
                          0.5174646681359626,
                          0.4801321695270855,
                          0.5026442474633256,
                          0.4972025405050095],
                         [0.5171457408598945,
                          0.4967728090753373,
                          0.47961646827858373,
                          0.5339449170360522,
                          0.5065614935072462,
                          0.48976961891967546],
                         [0.49942770826830923,
                          0.5100492083775473,
                          0.5003686735679075,
                          0.47003760277551354,
                          0.5007984513970797,
                          0.48335201707381525]]}]}
load_tensorflow_graph: path = tensorflow/mario-model-simple-2019-07-17/frozen_inference_graph.pb
object_detection_graph = <tensorflow.python.framework.ops.Graph object at 0x7f4817837f98>
Doing start sequence
Sleeping one second
sending start
sending empty
Found black world screen for the second time. exiting.



Seconds left: 393
Moves to the right: 28
frame count: 82
time start:  1568167443.937236,   time_now: 1568167451.28288
