pygame 1.9.6
Hello from the pygame community. https://www.pygame.org/contribute.html
Loading neural net from gameplay_neural_nets/23/6.nn
net = {'generation': 21,
 'inputs': [],
 'layers': [{'activation': 'sigmoid',
             'bias': [0.001971978466098821,
                      -0.008530890267187412,
                      0.01112575604184969,
                      -0.002656683760996776,
                      0.00799630182791173,
                      -0.0073619044850753365,
                      0.0035515193017080747,
                      -0.011876233881449845],
             'name': 'input',
             'neurons': [],
             'num_neurons': 8,
             'weights': [[0.3885968687430272,
                          0.3979721525257428,
                          0.10488358769578804,
                          0.12638184018333676,
                          0.10852810098577069,
                          0.10719580250502361,
                          0.09927693251538688,
                          0.12027843601042687,
                          0.09118187245312684,
                          0.091379207616289],
                         [0.39213757914597164,
                          0.41145232518654734,
                          0.09386099745241024,
                          0.10672704538150836,
                          0.08327730724810636,
                          0.09095112566297937,
                          0.09207791971922971,
                          0.1,
                          0.10877690892505557,
                          0.09407163494379986],
                         [0.3816074441057644,
                          0.40044788880082915,
                          0.11485291490964483,
                          0.07299262115690384,
                          0.0796786746757851,
                          0.11452237892147281,
                          0.08020195267443664,
                          0.0840351053479608,
                          0.1119489100399823,
                          0.09690049615097325],
                         [0.3975811506062065,
                          0.3867972544127694,
                          0.09259705429880775,
                          0.10522209055980758,
                          0.07712035545052905,
                          0.10059805060544635,
                          0.10539097095615377,
                          0.10602320787582997,
                          0.08868161228299415,
                          0.11138049500549342],
                         [0.39373218400875776,
                          0.4195184097118762,
                          0.0870508990525315,
                          0.10807913784172274,
                          0.09725616019417216,
                          0.09455699169767752,
                          0.10744852399721408,
                          0.12744596649871398,
                          0.09530222793117456,
                          0.09759749578390478],
                         [0.39230224240295686,
                          0.39022067790703496,
                          0.08331808824776193,
                          0.09887544088641974,
                          0.12237386143179052,
                          0.09368088816215904,
                          0.10909371902575818,
                          0.09507769690886667,
                          0.10096621750041836,
                          0.12259332092609877],
                         [0.3930132538230828,
                          0.3955275075957854,
                          0.09874298500970319,
                          0.09540087376946253,
                          0.09033786333423957,
                          0.09555187764338981,
                          0.10937468505304036,
                          0.1173306796513422,
                          0.09292977473633135,
                          0.06836680220365524],
                         [0.39351453071161707,
                          0.3921928180349905,
                          0.1070391655319494,
                          0.07565844693511435,
                          0.10730825953404619,
                          0.09188473034231569,
                          0.09716886608589512,
                          0.11080025860903221,
                          0.09534118700410306,
                          0.09801523254110076]]},
            {'activation': 'sigmoid',
             'bias': [-0.018549326897780025,
                      0.026677911888882716,
                      0.0003747021955754874,
                      0.026107125784413834,
                      0.033327749282301526],
             'name': 'output',
             'neurons': [],
             'num_neurons': 5,
             'weights': [[0.09461851104683569,
                          0.08565567239354475,
                          0.09930670529193865,
                          0.07700971982234041,
                          0.10777954970983834,
                          0.11209363914433612,
                          0.10984356605970126,
                          0.09483065381836564],
                         [0.09115983286782886,
                          0.10762351539349552,
                          0.09518353875021791,
                          0.12038636393810127,
                          0.1051317907051452,
                          0.10094419087148868,
                          0.09248306283984949,
                          0.12284550935894413],
                         [0.11214454157917636,
                          0.0898553493003721,
                          0.1083681013742307,
                          0.1000456252322238,
                          0.10133122054180298,
                          0.10192375533268361,
                          0.09400524134016315,
                          0.10903495293541533],
                         [0.09272042687276268,
                          0.08219025033156374,
                          0.10832795833604825,
                          0.09678889279228224,
                          0.09802137992338396,
                          0.10739851754438534,
                          0.10546228003789072,
                          0.10850359390865805],
                         [0.10756698861027185,
                          0.09265961873929551,
                          0.11761904628379326,
                          0.08412615539122037,
                          0.12007302313231136,
                          0.08822627462358176,
                          0.11283781203763306,
                          0.10401113649967941],
                         [0.10537206140162972,
                          0.08519609347419752,
                          0.11489863202327444,
                          0.1,
                          0.08867567931001245,
                          0.1020053289884567,
                          0.10627561556396342,
                          0.09294381665174656]]}]}
{'generation': 21,
 'inputs': [],
 'layers': [{'activation': 'sigmoid',
             'bias': [0.001971978466098821,
                      -0.008530890267187412,
                      0.01112575604184969,
                      -0.002656683760996776,
                      0.00799630182791173,
                      -0.0073619044850753365,
                      0.0035515193017080747,
                      -0.011876233881449845],
             'name': 'input',
             'neurons': [<gameplay.Neuron object at 0x7f1d062e8860>,
                         <gameplay.Neuron object at 0x7f1d062e8828>,
                         <gameplay.Neuron object at 0x7f1d062e8240>,
                         <gameplay.Neuron object at 0x7f1d062e8b00>,
                         <gameplay.Neuron object at 0x7f1d062e8ba8>,
                         <gameplay.Neuron object at 0x7f1d062e8b38>,
                         <gameplay.Neuron object at 0x7f1d062e8c88>,
                         <gameplay.Neuron object at 0x7f1d062e8c50>],
             'num_neurons': 8,
             'weights': [[0.3885968687430272,
                          0.3979721525257428,
                          0.10488358769578804,
                          0.12638184018333676,
                          0.10852810098577069,
                          0.10719580250502361,
                          0.09927693251538688,
                          0.12027843601042687,
                          0.09118187245312684,
                          0.091379207616289],
                         [0.39213757914597164,
                          0.41145232518654734,
                          0.09386099745241024,
                          0.10672704538150836,
                          0.08327730724810636,
                          0.09095112566297937,
                          0.09207791971922971,
                          0.1,
                          0.10877690892505557,
                          0.09407163494379986],
                         [0.3816074441057644,
                          0.40044788880082915,
                          0.11485291490964483,
                          0.07299262115690384,
                          0.0796786746757851,
                          0.11452237892147281,
                          0.08020195267443664,
                          0.0840351053479608,
                          0.1119489100399823,
                          0.09690049615097325],
                         [0.3975811506062065,
                          0.3867972544127694,
                          0.09259705429880775,
                          0.10522209055980758,
                          0.07712035545052905,
                          0.10059805060544635,
                          0.10539097095615377,
                          0.10602320787582997,
                          0.08868161228299415,
                          0.11138049500549342],
                         [0.39373218400875776,
                          0.4195184097118762,
                          0.0870508990525315,
                          0.10807913784172274,
                          0.09725616019417216,
                          0.09455699169767752,
                          0.10744852399721408,
                          0.12744596649871398,
                          0.09530222793117456,
                          0.09759749578390478],
                         [0.39230224240295686,
                          0.39022067790703496,
                          0.08331808824776193,
                          0.09887544088641974,
                          0.12237386143179052,
                          0.09368088816215904,
                          0.10909371902575818,
                          0.09507769690886667,
                          0.10096621750041836,
                          0.12259332092609877],
                         [0.3930132538230828,
                          0.3955275075957854,
                          0.09874298500970319,
                          0.09540087376946253,
                          0.09033786333423957,
                          0.09555187764338981,
                          0.10937468505304036,
                          0.1173306796513422,
                          0.09292977473633135,
                          0.06836680220365524],
                         [0.39351453071161707,
                          0.3921928180349905,
                          0.1070391655319494,
                          0.07565844693511435,
                          0.10730825953404619,
                          0.09188473034231569,
                          0.09716886608589512,
                          0.11080025860903221,
                          0.09534118700410306,
                          0.09801523254110076]]},
            {'activation': 'sigmoid',
             'bias': [-0.018549326897780025,
                      0.026677911888882716,
                      0.0003747021955754874,
                      0.026107125784413834,
                      0.033327749282301526],
             'name': 'output',
             'neurons': [<gameplay.Neuron object at 0x7f1d062e8cf8>,
                         <gameplay.Neuron object at 0x7f1d062e8cc0>,
                         <gameplay.Neuron object at 0x7f1d062e8da0>,
                         <gameplay.Neuron object at 0x7f1d062e8d68>,
                         <gameplay.Neuron object at 0x7f1d062e8d30>],
             'num_neurons': 5,
             'weights': [[0.09461851104683569,
                          0.08565567239354475,
                          0.09930670529193865,
                          0.07700971982234041,
                          0.10777954970983834,
                          0.11209363914433612,
                          0.10984356605970126,
                          0.09483065381836564],
                         [0.09115983286782886,
                          0.10762351539349552,
                          0.09518353875021791,
                          0.12038636393810127,
                          0.1051317907051452,
                          0.10094419087148868,
                          0.09248306283984949,
                          0.12284550935894413],
                         [0.11214454157917636,
                          0.0898553493003721,
                          0.1083681013742307,
                          0.1000456252322238,
                          0.10133122054180298,
                          0.10192375533268361,
                          0.09400524134016315,
                          0.10903495293541533],
                         [0.09272042687276268,
                          0.08219025033156374,
                          0.10832795833604825,
                          0.09678889279228224,
                          0.09802137992338396,
                          0.10739851754438534,
                          0.10546228003789072,
                          0.10850359390865805],
                         [0.10756698861027185,
                          0.09265961873929551,
                          0.11761904628379326,
                          0.08412615539122037,
                          0.12007302313231136,
                          0.08822627462358176,
                          0.11283781203763306,
                          0.10401113649967941],
                         [0.10537206140162972,
                          0.08519609347419752,
                          0.11489863202327444,
                          0.1,
                          0.08867567931001245,
                          0.1020053289884567,
                          0.10627561556396342,
                          0.09294381665174656]]}]}
load_tensorflow_graph: path = tensorflow/mario-model-simple-2019-07-17/frozen_inference_graph.pb
object_detection_graph = <tensorflow.python.framework.ops.Graph object at 0x7f1d062e8dd8>
Doing start sequence
Sleeping one second
sending start
sending empty
Found black world screen for the second time. exiting.



Seconds left: 393
Moves to the right: 22
