pygame 1.9.6
Hello from the pygame community. https://www.pygame.org/contribute.html
Loading neural net from gameplay_neural_nets/105/6.nn
net = {'generation': 94,
 'inputs': [],
 'layers': [{'activation': 'sigmoid',
             'bias': [0.011615627612421355,
                      0.0002749286100292344,
                      0.016251094323092432,
                      -0.020663172086816763,
                      0.0003643092426878578,
                      -0.02620402358478561,
                      0.021128072483104915,
                      -0.024466454626312695],
             'name': 'input',
             'neurons': [],
             'num_neurons': 8,
             'weights': [[0.35899064527183416,
                          0.41891453586153776,
                          0.09524917825982959,
                          0.12103677215802214,
                          0.11213658913770787,
                          0.07892412616237551,
                          0.08500577714948238,
                          0.10736210543940848,
                          0.08594903904480018,
                          0.08761410376200653],
                         [0.37875946674816413,
                          0.35715346776637896,
                          0.0851112153777988,
                          0.10196157925578501,
                          0.11156242451970623,
                          0.07665282160553546,
                          0.11866452046429288,
                          0.0856968458817675,
                          0.11802003473501615,
                          0.11911566856954305],
                         [0.3793182687275355,
                          0.4348822077154349,
                          0.10713602823977911,
                          0.05687742228700766,
                          0.1137551564731217,
                          0.10139576536844296,
                          0.09710382475812865,
                          0.11092378275685238,
                          0.09522616969521716,
                          0.08934902653394597],
                         [0.38342374402310947,
                          0.38613508155484816,
                          0.09798452473447346,
                          0.1131536461555081,
                          0.04647270774319165,
                          0.08951502435445118,
                          0.097148675787541,
                          0.1265133530872506,
                          0.11447131407105443,
                          0.12118320450619204],
                         [0.40154046053653786,
                          0.3951741600278526,
                          0.04946531328371123,
                          0.13298688440163628,
                          0.10018274141854856,
                          0.1403325448189168,
                          0.1139798325544163,
                          0.1372419492681667,
                          0.09701000433579299,
                          0.07451005828988147],
                         [0.3742946502690349,
                          0.4379783852750293,
                          0.08250472410555885,
                          0.08472146252318279,
                          0.11455542432374614,
                          0.0667892725335323,
                          0.10158630099674015,
                          0.10667390879620683,
                          0.11444962565804873,
                          0.10600055718224553],
                         [0.3636552005088008,
                          0.3774048596452009,
                          0.12059814210449084,
                          0.05315522782088633,
                          0.10244868399819303,
                          0.12932119496930458,
                          0.08917180148193558,
                          0.1276731049238333,
                          0.11455211173325991,
                          0.07584828291959024],
                         [0.3914922908687648,
                          0.4125697165751855,
                          0.05817323627200885,
                          0.07638204516291917,
                          0.12364389801984203,
                          0.0387861512426427,
                          0.07304502092549114,
                          0.15956226412325628,
                          0.08612263296489531,
                          0.08738281181902503]]},
            {'activation': 'sigmoid',
             'bias': [-0.019754222932578364,
                      0.027537716541312734,
                      -0.008126832138705667,
                      -0.006466113657773541,
                      0.017485473250616314],
             'name': 'output',
             'neurons': [],
             'num_neurons': 5,
             'weights': [[0.06805325907857715,
                          0.09775267244618194,
                          0.09296595069616977,
                          0.06720047269179659,
                          0.09795078449448444,
                          0.12929748477119857,
                          0.13030659898863065,
                          0.10337943453860983],
                         [0.06532248930152797,
                          0.09180234690108065,
                          0.05600624260220268,
                          0.15265081485465462,
                          0.08304648642954282,
                          0.07762217776536487,
                          0.07179224570284669,
                          0.17070800139479142],
                         [0.12330268807301034,
                          0.08168632412694526,
                          0.11092340686386289,
                          0.09158555644119039,
                          0.10047084527658766,
                          0.10431094452114478,
                          0.1392063320084525,
                          0.0955054236075983],
                         [0.12159109373835089,
                          0.05803302553038309,
                          0.11887971465507444,
                          0.053478328210866684,
                          0.16492186912877363,
                          0.09818442277380549,
                          0.09160946649809244,
                          0.08396864371623312],
                         [0.12035741108356379,
                          0.08890887234478717,
                          0.1288500823628608,
                          0.05105661540813176,
                          0.1624745405444347,
                          0.10510291692050205,
                          0.08803909588561204,
                          0.12497243455629191],
                         [0.08803823239868301,
                          0.09926817741407527,
                          0.14176326988086166,
                          0.08026535651225376,
                          0.06343154881110406,
                          0.11177814618256046,
                          0.04619611204631741,
                          0.10838323341789258]]}]}
{'generation': 94,
 'inputs': [],
 'layers': [{'activation': 'sigmoid',
             'bias': [0.011615627612421355,
                      0.0002749286100292344,
                      0.016251094323092432,
                      -0.020663172086816763,
                      0.0003643092426878578,
                      -0.02620402358478561,
                      0.021128072483104915,
                      -0.024466454626312695],
             'name': 'input',
             'neurons': [<gameplay.Neuron object at 0x7f4daa6db860>,
                         <gameplay.Neuron object at 0x7f4daa6db828>,
                         <gameplay.Neuron object at 0x7f4daa6db240>,
                         <gameplay.Neuron object at 0x7f4daa6dbb00>,
                         <gameplay.Neuron object at 0x7f4daa6dbba8>,
                         <gameplay.Neuron object at 0x7f4daa6dbb38>,
                         <gameplay.Neuron object at 0x7f4daa6dbc88>,
                         <gameplay.Neuron object at 0x7f4daa6dbc50>],
             'num_neurons': 8,
             'weights': [[0.35899064527183416,
                          0.41891453586153776,
                          0.09524917825982959,
                          0.12103677215802214,
                          0.11213658913770787,
                          0.07892412616237551,
                          0.08500577714948238,
                          0.10736210543940848,
                          0.08594903904480018,
                          0.08761410376200653],
                         [0.37875946674816413,
                          0.35715346776637896,
                          0.0851112153777988,
                          0.10196157925578501,
                          0.11156242451970623,
                          0.07665282160553546,
                          0.11866452046429288,
                          0.0856968458817675,
                          0.11802003473501615,
                          0.11911566856954305],
                         [0.3793182687275355,
                          0.4348822077154349,
                          0.10713602823977911,
                          0.05687742228700766,
                          0.1137551564731217,
                          0.10139576536844296,
                          0.09710382475812865,
                          0.11092378275685238,
                          0.09522616969521716,
                          0.08934902653394597],
                         [0.38342374402310947,
                          0.38613508155484816,
                          0.09798452473447346,
                          0.1131536461555081,
                          0.04647270774319165,
                          0.08951502435445118,
                          0.097148675787541,
                          0.1265133530872506,
                          0.11447131407105443,
                          0.12118320450619204],
                         [0.40154046053653786,
                          0.3951741600278526,
                          0.04946531328371123,
                          0.13298688440163628,
                          0.10018274141854856,
                          0.1403325448189168,
                          0.1139798325544163,
                          0.1372419492681667,
                          0.09701000433579299,
                          0.07451005828988147],
                         [0.3742946502690349,
                          0.4379783852750293,
                          0.08250472410555885,
                          0.08472146252318279,
                          0.11455542432374614,
                          0.0667892725335323,
                          0.10158630099674015,
                          0.10667390879620683,
                          0.11444962565804873,
                          0.10600055718224553],
                         [0.3636552005088008,
                          0.3774048596452009,
                          0.12059814210449084,
                          0.05315522782088633,
                          0.10244868399819303,
                          0.12932119496930458,
                          0.08917180148193558,
                          0.1276731049238333,
                          0.11455211173325991,
                          0.07584828291959024],
                         [0.3914922908687648,
                          0.4125697165751855,
                          0.05817323627200885,
                          0.07638204516291917,
                          0.12364389801984203,
                          0.0387861512426427,
                          0.07304502092549114,
                          0.15956226412325628,
                          0.08612263296489531,
                          0.08738281181902503]]},
            {'activation': 'sigmoid',
             'bias': [-0.019754222932578364,
                      0.027537716541312734,
                      -0.008126832138705667,
                      -0.006466113657773541,
                      0.017485473250616314],
             'name': 'output',
             'neurons': [<gameplay.Neuron object at 0x7f4daa6dbcc0>,
                         <gameplay.Neuron object at 0x7f4daa6dbcf8>,
                         <gameplay.Neuron object at 0x7f4daa6dbd68>,
                         <gameplay.Neuron object at 0x7f4daa6dbd30>,
                         <gameplay.Neuron object at 0x7f4daa6dbda0>],
             'num_neurons': 5,
             'weights': [[0.06805325907857715,
                          0.09775267244618194,
                          0.09296595069616977,
                          0.06720047269179659,
                          0.09795078449448444,
                          0.12929748477119857,
                          0.13030659898863065,
                          0.10337943453860983],
                         [0.06532248930152797,
                          0.09180234690108065,
                          0.05600624260220268,
                          0.15265081485465462,
                          0.08304648642954282,
                          0.07762217776536487,
                          0.07179224570284669,
                          0.17070800139479142],
                         [0.12330268807301034,
                          0.08168632412694526,
                          0.11092340686386289,
                          0.09158555644119039,
                          0.10047084527658766,
                          0.10431094452114478,
                          0.1392063320084525,
                          0.0955054236075983],
                         [0.12159109373835089,
                          0.05803302553038309,
                          0.11887971465507444,
                          0.053478328210866684,
                          0.16492186912877363,
                          0.09818442277380549,
                          0.09160946649809244,
                          0.08396864371623312],
                         [0.12035741108356379,
                          0.08890887234478717,
                          0.1288500823628608,
                          0.05105661540813176,
                          0.1624745405444347,
                          0.10510291692050205,
                          0.08803909588561204,
                          0.12497243455629191],
                         [0.08803823239868301,
                          0.09926817741407527,
                          0.14176326988086166,
                          0.08026535651225376,
                          0.06343154881110406,
                          0.11177814618256046,
                          0.04619611204631741,
                          0.10838323341789258]]}]}
load_tensorflow_graph: path = tensorflow/mario-model-simple-2019-07-17/frozen_inference_graph.pb
object_detection_graph = <tensorflow.python.framework.ops.Graph object at 0x7f4daa6dbe48>
Doing start sequence
Sleeping one second
sending start
sending empty
Found black world screen for the second time. exiting.



Seconds left: 393
Moves to the right: 18
