pygame 1.9.6
Hello from the pygame community. https://www.pygame.org/contribute.html
Loading neural net from gameplay_neural_nets/4/4.nn
net = {'generation': 3,
 'inputs': [],
 'layers': [{'activation': 'sigmoid',
             'bias': [-0.008699257279940049,
                      0.008996469567148902,
                      -0.0018902796335730637,
                      -0.004085202916666244,
                      0,
                      0.009205538311593145,
                      0,
                      -0.0076424191009286345],
             'name': 'input',
             'neurons': [],
             'num_neurons': 8,
             'weights': [[0.5,
                          0.5,
                          0.5,
                          0.5068991773937941,
                          0.5088279842959871,
                          0.5054982928801015,
                          0.5,
                          0.5,
                          0.487299037893499,
                          0.5070772071537727],
                         [0.5,
                          0.5,
                          0.5,
                          0.5,
                          0.5,
                          0.49997974605232753,
                          0.508190864763134,
                          0.5075950158079542,
                          0.5092782770937044,
                          0.5],
                         [0.5100902745098448,
                          0.49461914673390706,
                          0.5097821169608987,
                          0.5003459902071586,
                          0.49356492432012644,
                          0.4914229465348131,
                          0.4986572510137382,
                          0.5051481618356577,
                          0.4971721277094209,
                          0.49935640860284675],
                         [0.4955479796374575,
                          0.5,
                          0.5,
                          0.5,
                          0.4943514640984786,
                          0.5015254704289719,
                          0.5051056610521762,
                          0.4915957612438329,
                          0.5012877160275119,
                          0.5],
                         [0.5,
                          0.4906218962380317,
                          0.5041323717889896,
                          0.49276200686740707,
                          0.49080616584653336,
                          0.5,
                          0.5089366881692517,
                          0.5,
                          0.5,
                          0.5],
                         [0.5,
                          0.5,
                          0.4951401015390937,
                          0.4985937427994469,
                          0.49860956558149727,
                          0.4938703564229812,
                          0.49372538895578016,
                          0.5,
                          0.5,
                          0.5002015348045296],
                         [0.5036263013971412,
                          0.5,
                          0.5,
                          0.5,
                          0.4904741631679361,
                          0.5091350738395999,
                          0.49514097929357787,
                          0.49321010278983957,
                          0.5007355177715346,
                          0.4987847656837586],
                         [0.5,
                          0.5069043795124536,
                          0.49245155774968086,
                          0.5136832014003925,
                          0.5,
                          0.49474573867792926,
                          0.48785288973240015,
                          0.5116459204701052,
                          0.5,
                          0.49316625869398967]]},
            {'activation': 'sigmoid',
             'bias': [-0.0033580934640695826,
                      0,
                      -0.0031360269268700114,
                      0,
                      0,
                      -0.008726847007832796],
             'name': 'hidden1',
             'neurons': [],
             'num_neurons': 6,
             'weights': [[0.4916465005865546,
                          0.4975674772920335,
                          0.5088681278228601,
                          0.5057412334704614,
                          0.5,
                          0.5083986553455694,
                          0.5,
                          0.49897347811054865],
                         [0.5027735118473946,
                          0.5,
                          0.5075216376487707,
                          0.5,
                          0.48527766854270116,
                          0.4906229675818142,
                          0.4942071522554389,
                          0.493770670352046],
                         [0.5099966457928844,
                          0.49416366751664553,
                          0.5,
                          0.4975578318190324,
                          0.5007520903482955,
                          0.5028286704461025,
                          0.508427417700931,
                          0.4990075012886087],
                         [0.5037793428917383,
                          0.5,
                          0.5008078878311927,
                          0.4997735079400877,
                          0.497821326182451,
                          0.4992117896567888,
                          0.4998214163033791,
                          0.5061563794237653],
                         [0.5,
                          0.5048961361356135,
                          0.503964511578302,
                          0.49803016078054185,
                          0.4915051386367151,
                          0.5095927285537423,
                          0.4903043047068065,
                          0.4931777819841782],
                         [0.5083730801781112,
                          0.5,
                          0.49571038413293067,
                          0.4930227447714421,
                          0.5,
                          0.4921693976387078,
                          0.49112596568118844,
                          0.49069964128711596],
                         [0.5,
                          0.5074525911448488,
                          0.4924109800482489,
                          0.5087656931314485,
                          0.5085554347527521,
                          0.5073470527404901,
                          0.5,
                          0.4949296546975887],
                         [0.5,
                          0.49483104623466767,
                          0.5009087309196166,
                          0.5053626575577598,
                          0.5,
                          0.5,
                          0.4992737266392711,
                          0.5]]},
            {'activation': 'sigmoid',
             'bias': [-0.006332617830760627,
                      -0.0030299911552532886,
                      0.012335018273448985,
                      -0.008877874611610624,
                      0],
             'name': 'output',
             'neurons': [],
             'num_neurons': 5,
             'weights': [[0.49048554926128585,
                          0.5081378553800956,
                          0.5010303778768418,
                          0.5079959305793066,
                          0.5030729476441637,
                          0.4976508362986243],
                         [0.5080223288413501,
                          0.5,
                          0.5,
                          0.5000202262942445,
                          0.5,
                          0.5061632614458319],
                         [0.5087474811731281,
                          0.5,
                          0.5035449065927464,
                          0.5,
                          0.49804347596074355,
                          0.502473598507113],
                         [0.5018233831917092,
                          0.5,
                          0.4986455113753491,
                          0.5010366406368868,
                          0.5043309362901441,
                          0.5],
                         [0.5001710176086119,
                          0.5,
                          0.5082005418541555,
                          0.5,
                          0.49942964513399746,
                          0.4965639541845657],
                         [0.4994830639347145,
                          0.5,
                          0.512714042088134,
                          0.49157995940641086,
                          0.5,
                          0.49663746564323064]]}]}
{'generation': 3,
 'inputs': [],
 'layers': [{'activation': 'sigmoid',
             'bias': [-0.008699257279940049,
                      0.008996469567148902,
                      -0.0018902796335730637,
                      -0.004085202916666244,
                      0,
                      0.009205538311593145,
                      0,
                      -0.0076424191009286345],
             'name': 'input',
             'neurons': [<gameplay.Neuron object at 0x7f3aa5de8828>,
                         <gameplay.Neuron object at 0x7f3aa5de87f0>,
                         <gameplay.Neuron object at 0x7f3aa5de8208>,
                         <gameplay.Neuron object at 0x7f3aa5de8b38>,
                         <gameplay.Neuron object at 0x7f3aa5de8be0>,
                         <gameplay.Neuron object at 0x7f3aa5de8b70>,
                         <gameplay.Neuron object at 0x7f3aa5de8c18>,
                         <gameplay.Neuron object at 0x7f3aa5de8dd8>],
             'num_neurons': 8,
             'weights': [[0.5,
                          0.5,
                          0.5,
                          0.5068991773937941,
                          0.5088279842959871,
                          0.5054982928801015,
                          0.5,
                          0.5,
                          0.487299037893499,
                          0.5070772071537727],
                         [0.5,
                          0.5,
                          0.5,
                          0.5,
                          0.5,
                          0.49997974605232753,
                          0.508190864763134,
                          0.5075950158079542,
                          0.5092782770937044,
                          0.5],
                         [0.5100902745098448,
                          0.49461914673390706,
                          0.5097821169608987,
                          0.5003459902071586,
                          0.49356492432012644,
                          0.4914229465348131,
                          0.4986572510137382,
                          0.5051481618356577,
                          0.4971721277094209,
                          0.49935640860284675],
                         [0.4955479796374575,
                          0.5,
                          0.5,
                          0.5,
                          0.4943514640984786,
                          0.5015254704289719,
                          0.5051056610521762,
                          0.4915957612438329,
                          0.5012877160275119,
                          0.5],
                         [0.5,
                          0.4906218962380317,
                          0.5041323717889896,
                          0.49276200686740707,
                          0.49080616584653336,
                          0.5,
                          0.5089366881692517,
                          0.5,
                          0.5,
                          0.5],
                         [0.5,
                          0.5,
                          0.4951401015390937,
                          0.4985937427994469,
                          0.49860956558149727,
                          0.4938703564229812,
                          0.49372538895578016,
                          0.5,
                          0.5,
                          0.5002015348045296],
                         [0.5036263013971412,
                          0.5,
                          0.5,
                          0.5,
                          0.4904741631679361,
                          0.5091350738395999,
                          0.49514097929357787,
                          0.49321010278983957,
                          0.5007355177715346,
                          0.4987847656837586],
                         [0.5,
                          0.5069043795124536,
                          0.49245155774968086,
                          0.5136832014003925,
                          0.5,
                          0.49474573867792926,
                          0.48785288973240015,
                          0.5116459204701052,
                          0.5,
                          0.49316625869398967]]},
            {'activation': 'sigmoid',
             'bias': [-0.0033580934640695826,
                      0,
                      -0.0031360269268700114,
                      0,
                      0,
                      -0.008726847007832796],
             'name': 'hidden1',
             'neurons': [<gameplay.Neuron object at 0x7f3aa5de8d30>,
                         <gameplay.Neuron object at 0x7f3aa5de8cf8>,
                         <gameplay.Neuron object at 0x7f3aa5de8da0>,
                         <gameplay.Neuron object at 0x7f3aa5de8c88>,
                         <gameplay.Neuron object at 0x7f3aa5de8e80>,
                         <gameplay.Neuron object at 0x7f3aa5de8eb8>],
             'num_neurons': 6,
             'weights': [[0.4916465005865546,
                          0.4975674772920335,
                          0.5088681278228601,
                          0.5057412334704614,
                          0.5,
                          0.5083986553455694,
                          0.5,
                          0.49897347811054865],
                         [0.5027735118473946,
                          0.5,
                          0.5075216376487707,
                          0.5,
                          0.48527766854270116,
                          0.4906229675818142,
                          0.4942071522554389,
                          0.493770670352046],
                         [0.5099966457928844,
                          0.49416366751664553,
                          0.5,
                          0.4975578318190324,
                          0.5007520903482955,
                          0.5028286704461025,
                          0.508427417700931,
                          0.4990075012886087],
                         [0.5037793428917383,
                          0.5,
                          0.5008078878311927,
                          0.4997735079400877,
                          0.497821326182451,
                          0.4992117896567888,
                          0.4998214163033791,
                          0.5061563794237653],
                         [0.5,
                          0.5048961361356135,
                          0.503964511578302,
                          0.49803016078054185,
                          0.4915051386367151,
                          0.5095927285537423,
                          0.4903043047068065,
                          0.4931777819841782],
                         [0.5083730801781112,
                          0.5,
                          0.49571038413293067,
                          0.4930227447714421,
                          0.5,
                          0.4921693976387078,
                          0.49112596568118844,
                          0.49069964128711596],
                         [0.5,
                          0.5074525911448488,
                          0.4924109800482489,
                          0.5087656931314485,
                          0.5085554347527521,
                          0.5073470527404901,
                          0.5,
                          0.4949296546975887],
                         [0.5,
                          0.49483104623466767,
                          0.5009087309196166,
                          0.5053626575577598,
                          0.5,
                          0.5,
                          0.4992737266392711,
                          0.5]]},
            {'activation': 'sigmoid',
             'bias': [-0.006332617830760627,
                      -0.0030299911552532886,
                      0.012335018273448985,
                      -0.008877874611610624,
                      0],
             'name': 'output',
             'neurons': [<gameplay.Neuron object at 0x7f3aa5de8e10>,
                         <gameplay.Neuron object at 0x7f3aa5de8f28>,
                         <gameplay.Neuron object at 0x7f3aa5de8ef0>,
                         <gameplay.Neuron object at 0x7f3aa5de8f98>,
                         <gameplay.Neuron object at 0x7f3aa5de8fd0>],
             'num_neurons': 5,
             'weights': [[0.49048554926128585,
                          0.5081378553800956,
                          0.5010303778768418,
                          0.5079959305793066,
                          0.5030729476441637,
                          0.4976508362986243],
                         [0.5080223288413501,
                          0.5,
                          0.5,
                          0.5000202262942445,
                          0.5,
                          0.5061632614458319],
                         [0.5087474811731281,
                          0.5,
                          0.5035449065927464,
                          0.5,
                          0.49804347596074355,
                          0.502473598507113],
                         [0.5018233831917092,
                          0.5,
                          0.4986455113753491,
                          0.5010366406368868,
                          0.5043309362901441,
                          0.5],
                         [0.5001710176086119,
                          0.5,
                          0.5082005418541555,
                          0.5,
                          0.49942964513399746,
                          0.4965639541845657],
                         [0.4994830639347145,
                          0.5,
                          0.512714042088134,
                          0.49157995940641086,
                          0.5,
                          0.49663746564323064]]}]}
load_tensorflow_graph: path = tensorflow/mario-model-simple-2019-07-17/frozen_inference_graph.pb
object_detection_graph = <tensorflow.python.framework.ops.Graph object at 0x7f3aa5d9d7f0>
Doing start sequence
Sleeping one second
sending start
sending empty
Found black world screen for the second time. exiting.



Seconds left: 393
Moves to the right: 28
frame count: 83
time start:  1567860010.563678,   time_now: 1567860018.053584
