pygame 1.9.6
Hello from the pygame community. https://www.pygame.org/contribute.html
Loading neural net from gameplay_neural_nets/4/6.nn
net = {'generation': 3,
 'inputs': [],
 'layers': [{'activation': 'sigmoid',
             'bias': [-0.006310435481945948,
                      0.01462591665901404,
                      -0.0018902796335730637,
                      -0.004085202916666244,
                      0,
                      0.009205538311593145,
                      -0.00608702030669428,
                      -0.0076424191009286345],
             'name': 'input',
             'neurons': [],
             'num_neurons': 8,
             'weights': [[0.4932428189228327,
                          0.5,
                          0.4984367270773187,
                          0.5068991773937941,
                          0.5040815336064761,
                          0.5069802766672051,
                          0.5,
                          0.5,
                          0.4925178706785782,
                          0.49782171536712067],
                         [0.5,
                          0.4920526340844017,
                          0.49563973636400815,
                          0.5,
                          0.5,
                          0.5,
                          0.5,
                          0.49693406423150954,
                          0.4962356143472855,
                          0.49168685208296714],
                         [0.5142081152873046,
                          0.48498535701400247,
                          0.5,
                          0.5090209136254135,
                          0.49356492432012644,
                          0.5,
                          0.4986572510137382,
                          0.5051481618356577,
                          0.5,
                          0.5],
                         [0.5,
                          0.4902037055544669,
                          0.5,
                          0.5,
                          0.4943514640984786,
                          0.5015254704289719,
                          0.5,
                          0.4915957612438329,
                          0.5012877160275119,
                          0.5036635163504256],
                         [0.5,
                          0.4906218962380317,
                          0.5,
                          0.5082312633284408,
                          0.49080616584653336,
                          0.5,
                          0.5033148083149526,
                          0.4932578007652269,
                          0.5,
                          0.5],
                         [0.5,
                          0.5,
                          0.5,
                          0.4985937427994469,
                          0.502134297569303,
                          0.4901858471562974,
                          0.5038287876719705,
                          0.5,
                          0.5,
                          0.5],
                         [0.5,
                          0.5066119228225147,
                          0.5,
                          0.5,
                          0.5,
                          0.4902850687906149,
                          0.49514097929357787,
                          0.4993878491421037,
                          0.4964626341247726,
                          0.5],
                         [0.5,
                          0.5,
                          0.5093980829478126,
                          0.5041986659700641,
                          0.5,
                          0.5,
                          0.49463746503971057,
                          0.5036347100090477,
                          0.5,
                          0.49316625869398967]]},
            {'activation': 'sigmoid',
             'bias': [0, 0, -0.008427055561252712, 0, 0, -0.007936604358919006],
             'name': 'hidden1',
             'neurons': [],
             'num_neurons': 6,
             'weights': [[0.48666552156228987,
                          0.4990388907770697,
                          0.5,
                          0.5057412334704614,
                          0.5,
                          0.5137114957518776,
                          0.5,
                          0.5],
                         [0.5,
                          0.4910080726278352,
                          0.5,
                          0.49269371049507826,
                          0.49467722851442963,
                          0.4906229675818142,
                          0.4942071522554389,
                          0.500723041997148],
                         [0.5099966457928844,
                          0.49628360043345715,
                          0.5,
                          0.4975578318190324,
                          0.5015692872010254,
                          0.5028286704461025,
                          0.49994178986166626,
                          0.4990075012886087],
                         [0.5037793428917383,
                          0.5,
                          0.4990283037853291,
                          0.4997735079400877,
                          0.4987424245755382,
                          0.49250995480610193,
                          0.5,
                          0.503763390440235],
                         [0.5,
                          0.5048961361356135,
                          0.5,
                          0.48829160914370207,
                          0.5,
                          0.5095927285537423,
                          0.49605896460248855,
                          0.5],
                         [0.502594466914371,
                          0.4950401256507827,
                          0.4917765762765971,
                          0.4978179451012345,
                          0.5,
                          0.5,
                          0.4993319932961521,
                          0.48695912242869716],
                         [0.5,
                          0.5,
                          0.5,
                          0.5041320949759381,
                          0.5,
                          0.5063773518633072,
                          0.5,
                          0.4949296546975887],
                         [0.5,
                          0.49112459818211,
                          0.5,
                          0.5053626575577598,
                          0.5,
                          0.5,
                          0.4908755180462774,
                          0.5]]},
            {'activation': 'sigmoid',
             'bias': [-0.006332617830760627,
                      0,
                      0.0038855268390685397,
                      -0.0008786040785867932,
                      6.7923253432300434e-06],
             'name': 'output',
             'neurons': [],
             'num_neurons': 5,
             'weights': [[0.4937550394982917,
                          0.4999422670438726,
                          0.5039503432579437,
                          0.5012538355904408,
                          0.5058555986449619,
                          0.5],
                         [0.5089815209671924,
                          0.5,
                          0.4924264703071369,
                          0.4918353813122711,
                          0.5,
                          0.5],
                         [0.5052476475160756, 0.5, 0.5, 0.5, 0.5, 0.5],
                         [0.4974299462958288,
                          0.5,
                          0.5,
                          0.4998828472360829,
                          0.49908928797191554,
                          0.5],
                         [0.4948998647278274,
                          0.493223479236914,
                          0.5086587584296756,
                          0.5,
                          0.5056394770571082,
                          0.5021584204022179],
                         [0.4994830639347145,
                          0.5,
                          0.5097222209067349,
                          0.4910612730919652,
                          0.5,
                          0.5068791288404798]]}]}
{'generation': 3,
 'inputs': [],
 'layers': [{'activation': 'sigmoid',
             'bias': [-0.006310435481945948,
                      0.01462591665901404,
                      -0.0018902796335730637,
                      -0.004085202916666244,
                      0,
                      0.009205538311593145,
                      -0.00608702030669428,
                      -0.0076424191009286345],
             'name': 'input',
             'neurons': [<gameplay.Neuron object at 0x7fe7b3147828>,
                         <gameplay.Neuron object at 0x7fe7b31477f0>,
                         <gameplay.Neuron object at 0x7fe7b3147208>,
                         <gameplay.Neuron object at 0x7fe7b3147b38>,
                         <gameplay.Neuron object at 0x7fe7b3147be0>,
                         <gameplay.Neuron object at 0x7fe7b3147b70>,
                         <gameplay.Neuron object at 0x7fe7b3147e48>,
                         <gameplay.Neuron object at 0x7fe7b3147cc0>],
             'num_neurons': 8,
             'weights': [[0.4932428189228327,
                          0.5,
                          0.4984367270773187,
                          0.5068991773937941,
                          0.5040815336064761,
                          0.5069802766672051,
                          0.5,
                          0.5,
                          0.4925178706785782,
                          0.49782171536712067],
                         [0.5,
                          0.4920526340844017,
                          0.49563973636400815,
                          0.5,
                          0.5,
                          0.5,
                          0.5,
                          0.49693406423150954,
                          0.4962356143472855,
                          0.49168685208296714],
                         [0.5142081152873046,
                          0.48498535701400247,
                          0.5,
                          0.5090209136254135,
                          0.49356492432012644,
                          0.5,
                          0.4986572510137382,
                          0.5051481618356577,
                          0.5,
                          0.5],
                         [0.5,
                          0.4902037055544669,
                          0.5,
                          0.5,
                          0.4943514640984786,
                          0.5015254704289719,
                          0.5,
                          0.4915957612438329,
                          0.5012877160275119,
                          0.5036635163504256],
                         [0.5,
                          0.4906218962380317,
                          0.5,
                          0.5082312633284408,
                          0.49080616584653336,
                          0.5,
                          0.5033148083149526,
                          0.4932578007652269,
                          0.5,
                          0.5],
                         [0.5,
                          0.5,
                          0.5,
                          0.4985937427994469,
                          0.502134297569303,
                          0.4901858471562974,
                          0.5038287876719705,
                          0.5,
                          0.5,
                          0.5],
                         [0.5,
                          0.5066119228225147,
                          0.5,
                          0.5,
                          0.5,
                          0.4902850687906149,
                          0.49514097929357787,
                          0.4993878491421037,
                          0.4964626341247726,
                          0.5],
                         [0.5,
                          0.5,
                          0.5093980829478126,
                          0.5041986659700641,
                          0.5,
                          0.5,
                          0.49463746503971057,
                          0.5036347100090477,
                          0.5,
                          0.49316625869398967]]},
            {'activation': 'sigmoid',
             'bias': [0, 0, -0.008427055561252712, 0, 0, -0.007936604358919006],
             'name': 'hidden1',
             'neurons': [<gameplay.Neuron object at 0x7fe7b3147c88>,
                         <gameplay.Neuron object at 0x7fe7b3147cf8>,
                         <gameplay.Neuron object at 0x7fe7b3147d68>,
                         <gameplay.Neuron object at 0x7fe7b3147c18>,
                         <gameplay.Neuron object at 0x7fe7b3147ef0>,
                         <gameplay.Neuron object at 0x7fe7b3147da0>],
             'num_neurons': 6,
             'weights': [[0.48666552156228987,
                          0.4990388907770697,
                          0.5,
                          0.5057412334704614,
                          0.5,
                          0.5137114957518776,
                          0.5,
                          0.5],
                         [0.5,
                          0.4910080726278352,
                          0.5,
                          0.49269371049507826,
                          0.49467722851442963,
                          0.4906229675818142,
                          0.4942071522554389,
                          0.500723041997148],
                         [0.5099966457928844,
                          0.49628360043345715,
                          0.5,
                          0.4975578318190324,
                          0.5015692872010254,
                          0.5028286704461025,
                          0.49994178986166626,
                          0.4990075012886087],
                         [0.5037793428917383,
                          0.5,
                          0.4990283037853291,
                          0.4997735079400877,
                          0.4987424245755382,
                          0.49250995480610193,
                          0.5,
                          0.503763390440235],
                         [0.5,
                          0.5048961361356135,
                          0.5,
                          0.48829160914370207,
                          0.5,
                          0.5095927285537423,
                          0.49605896460248855,
                          0.5],
                         [0.502594466914371,
                          0.4950401256507827,
                          0.4917765762765971,
                          0.4978179451012345,
                          0.5,
                          0.5,
                          0.4993319932961521,
                          0.48695912242869716],
                         [0.5,
                          0.5,
                          0.5,
                          0.5041320949759381,
                          0.5,
                          0.5063773518633072,
                          0.5,
                          0.4949296546975887],
                         [0.5,
                          0.49112459818211,
                          0.5,
                          0.5053626575577598,
                          0.5,
                          0.5,
                          0.4908755180462774,
                          0.5]]},
            {'activation': 'sigmoid',
             'bias': [-0.006332617830760627,
                      0,
                      0.0038855268390685397,
                      -0.0008786040785867932,
                      6.7923253432300434e-06],
             'name': 'output',
             'neurons': [<gameplay.Neuron object at 0x7fe7b3147e80>,
                         <gameplay.Neuron object at 0x7fe7b3147e10>,
                         <gameplay.Neuron object at 0x7fe7b3147f60>,
                         <gameplay.Neuron object at 0x7fe7b3147f98>,
                         <gameplay.Neuron object at 0x7fe7b3147eb8>],
             'num_neurons': 5,
             'weights': [[0.4937550394982917,
                          0.4999422670438726,
                          0.5039503432579437,
                          0.5012538355904408,
                          0.5058555986449619,
                          0.5],
                         [0.5089815209671924,
                          0.5,
                          0.4924264703071369,
                          0.4918353813122711,
                          0.5,
                          0.5],
                         [0.5052476475160756, 0.5, 0.5, 0.5, 0.5, 0.5],
                         [0.4974299462958288,
                          0.5,
                          0.5,
                          0.4998828472360829,
                          0.49908928797191554,
                          0.5],
                         [0.4948998647278274,
                          0.493223479236914,
                          0.5086587584296756,
                          0.5,
                          0.5056394770571082,
                          0.5021584204022179],
                         [0.4994830639347145,
                          0.5,
                          0.5097222209067349,
                          0.4910612730919652,
                          0.5,
                          0.5068791288404798]]}]}
load_tensorflow_graph: path = tensorflow/mario-model-simple-2019-07-17/frozen_inference_graph.pb
object_detection_graph = <tensorflow.python.framework.ops.Graph object at 0x7fe7b3147dd8>
Doing start sequence
Sleeping one second
sending start
sending empty
Found black world screen for the second time. exiting.



Seconds left: 393
Moves to the right: 30
frame count: 82
time start:  1567860034.4842482,   time_now: 1567860041.9654992
