pygame 1.9.6
Hello from the pygame community. https://www.pygame.org/contribute.html
Loading neural net from gameplay_neural_nets/53/1.nn
net = {'generation': 46,
 'inputs': [],
 'layers': [{'activation': 'sigmoid',
             'bias': [-0.030288870110940485,
                      0.03761942177375142,
                      -0.03417175358791942,
                      0.022210585548801655,
                      -0.006365034410192448,
                      0.01693779556196174,
                      -0.021668524371036068,
                      -0.019931283433810915],
             'name': 'input',
             'neurons': [],
             'num_neurons': 8,
             'weights': [[0.4364338480095806,
                          0.4925244818117832,
                          0.5058376372395436,
                          0.4669464477160709,
                          0.49819974699289876,
                          0.46692405710332674,
                          0.5259477342110679,
                          0.4922673140597912,
                          0.4928600527370525,
                          0.5270649522907803],
                         [0.46431552306846346,
                          0.49310349259086234,
                          0.5239254503537083,
                          0.524602913679515,
                          0.5055128664759633,
                          0.5005285100957998,
                          0.4686104430677351,
                          0.4669457459757446,
                          0.5281190431822547,
                          0.5213324617130373],
                         [0.537490709906587,
                          0.5119972491970085,
                          0.48629325124356626,
                          0.47412950262574133,
                          0.44986195230132076,
                          0.49509161128049606,
                          0.522618410913167,
                          0.4693544725466758,
                          0.4700136425802678,
                          0.4999815084047657],
                         [0.4955239993015784,
                          0.4693673678556503,
                          0.4894765431104344,
                          0.43212981799484446,
                          0.4776393445129105,
                          0.5317993055350901,
                          0.5152522586573636,
                          0.4742022120749751,
                          0.5127885602158024,
                          0.5056975758596904],
                         [0.497691435345332,
                          0.4966506125288961,
                          0.5296863070092944,
                          0.4798131459080264,
                          0.5103488227244423,
                          0.5014399727338157,
                          0.516147223037662,
                          0.5011060680036271,
                          0.495417082023194,
                          0.5436664688609836],
                         [0.4987610754549006,
                          0.5065790543407663,
                          0.4841232365099727,
                          0.5446291238170701,
                          0.4990475766204746,
                          0.4671536996181895,
                          0.5493072097277565,
                          0.4582657871232442,
                          0.5087719614187042,
                          0.44475597889394597],
                         [0.5304930685910346,
                          0.4922234429917839,
                          0.5096580568624528,
                          0.49871158807881283,
                          0.5103562433482507,
                          0.4823234893084387,
                          0.5260444773813969,
                          0.4881105674996885,
                          0.5207234698574118,
                          0.5047830590736997],
                         [0.5043322668861154,
                          0.5004756284613531,
                          0.48153882177956914,
                          0.5572654635396042,
                          0.491571408179637,
                          0.4892848871133102,
                          0.45286869961742615,
                          0.4787081477630426,
                          0.48978032712907177,
                          0.47183963054100025]]},
            {'activation': 'sigmoid',
             'bias': [-0.028138428940362906,
                      -0.008000845600972467,
                      -0.028326809965693856,
                      -0.010230377336523608,
                      0.01271028508282178,
                      -0.03163727404179867],
             'name': 'hidden1',
             'neurons': [],
             'num_neurons': 6,
             'weights': [[0.49287943500027165,
                          0.48148049339721255,
                          0.5179295771379083,
                          0.4926421777713775,
                          0.544578160715007,
                          0.4832518876750681,
                          0.5347352173543658,
                          0.5099898555390566],
                         [0.5255203709481866,
                          0.538870096352323,
                          0.5048823158518679,
                          0.4736517038193762,
                          0.46874288225016303,
                          0.5211442459552813,
                          0.4754992974999272,
                          0.4993532053904198],
                         [0.5179054111697825,
                          0.5132444971008129,
                          0.531392036451192,
                          0.5185028035347276,
                          0.5372946961404255,
                          0.5315574160452916,
                          0.5281714636952038,
                          0.5283160325423055],
                         [0.5098291474077568,
                          0.5035579962723125,
                          0.47492029705998917,
                          0.4901567062080074,
                          0.466867516728251,
                          0.49682654984193764,
                          0.4902040090843801,
                          0.509478981190574],
                         [0.4664866739901402,
                          0.5471912785613081,
                          0.5162420271379202,
                          0.48569742079542444,
                          0.5088611809874861,
                          0.48910858480729297,
                          0.5194828500162784,
                          0.5204310946914801],
                         [0.45609443304656655,
                          0.4963249664720442,
                          0.4947077877432845,
                          0.4552109467652182,
                          0.4662351592462068,
                          0.48599572010037867,
                          0.4864418732657217,
                          0.5028502706355179],
                         [0.47228440074664024,
                          0.4851118241973752,
                          0.5349267508318157,
                          0.5184466258082181,
                          0.4838847461490183,
                          0.504817526946906,
                          0.5344980538745452,
                          0.48817284171489367],
                         [0.5200812831086331,
                          0.5385741950618843,
                          0.4969567101956826,
                          0.5036999188793099,
                          0.5350269986275775,
                          0.49742546334325566,
                          0.4882112215249,
                          0.48198170333847495]]},
            {'activation': 'sigmoid',
             'bias': [-0.017645486673091383,
                      0.017573867950443238,
                      -0.01743311426398644,
                      0.022877020974160056,
                      0.026619923552690633],
             'name': 'output',
             'neurons': [],
             'num_neurons': 5,
             'weights': [[0.48338872963578067,
                          0.48944275536738807,
                          0.5223491471300388,
                          0.501168549529551,
                          0.5079373571840738,
                          0.5136430859532084],
                         [0.5228526081157127,
                          0.500133165342549,
                          0.45247816981929584,
                          0.4900768193540586,
                          0.5337961514700208,
                          0.49152406735967613],
                         [0.5090966577556159,
                          0.511114174080192,
                          0.46748683773474026,
                          0.5064034005155366,
                          0.5311125423843608,
                          0.4772541313797983],
                         [0.4940002883572828,
                          0.4801663632049397,
                          0.5053971774272432,
                          0.47526081212362303,
                          0.49685294409708103,
                          0.5023739545572316],
                         [0.5193732632809742,
                          0.5112418292816102,
                          0.45167096702651743,
                          0.5432252552139746,
                          0.501241367540486,
                          0.4884989141904639],
                         [0.4903746863999154,
                          0.4999581529443497,
                          0.4999108657282417,
                          0.4893437034626899,
                          0.4922344542308961,
                          0.46268290598172507]]}]}
{'generation': 46,
 'inputs': [],
 'layers': [{'activation': 'sigmoid',
             'bias': [-0.030288870110940485,
                      0.03761942177375142,
                      -0.03417175358791942,
                      0.022210585548801655,
                      -0.006365034410192448,
                      0.01693779556196174,
                      -0.021668524371036068,
                      -0.019931283433810915],
             'name': 'input',
             'neurons': [<gameplay.Neuron object at 0x7f2ff98677b8>,
                         <gameplay.Neuron object at 0x7f2ff9867780>,
                         <gameplay.Neuron object at 0x7f2ff9867198>,
                         <gameplay.Neuron object at 0x7f2ff9867ac8>,
                         <gameplay.Neuron object at 0x7f2ff9867b70>,
                         <gameplay.Neuron object at 0x7f2ff9867b00>,
                         <gameplay.Neuron object at 0x7f2ff9867c18>,
                         <gameplay.Neuron object at 0x7f2ff9867c50>],
             'num_neurons': 8,
             'weights': [[0.4364338480095806,
                          0.4925244818117832,
                          0.5058376372395436,
                          0.4669464477160709,
                          0.49819974699289876,
                          0.46692405710332674,
                          0.5259477342110679,
                          0.4922673140597912,
                          0.4928600527370525,
                          0.5270649522907803],
                         [0.46431552306846346,
                          0.49310349259086234,
                          0.5239254503537083,
                          0.524602913679515,
                          0.5055128664759633,
                          0.5005285100957998,
                          0.4686104430677351,
                          0.4669457459757446,
                          0.5281190431822547,
                          0.5213324617130373],
                         [0.537490709906587,
                          0.5119972491970085,
                          0.48629325124356626,
                          0.47412950262574133,
                          0.44986195230132076,
                          0.49509161128049606,
                          0.522618410913167,
                          0.4693544725466758,
                          0.4700136425802678,
                          0.4999815084047657],
                         [0.4955239993015784,
                          0.4693673678556503,
                          0.4894765431104344,
                          0.43212981799484446,
                          0.4776393445129105,
                          0.5317993055350901,
                          0.5152522586573636,
                          0.4742022120749751,
                          0.5127885602158024,
                          0.5056975758596904],
                         [0.497691435345332,
                          0.4966506125288961,
                          0.5296863070092944,
                          0.4798131459080264,
                          0.5103488227244423,
                          0.5014399727338157,
                          0.516147223037662,
                          0.5011060680036271,
                          0.495417082023194,
                          0.5436664688609836],
                         [0.4987610754549006,
                          0.5065790543407663,
                          0.4841232365099727,
                          0.5446291238170701,
                          0.4990475766204746,
                          0.4671536996181895,
                          0.5493072097277565,
                          0.4582657871232442,
                          0.5087719614187042,
                          0.44475597889394597],
                         [0.5304930685910346,
                          0.4922234429917839,
                          0.5096580568624528,
                          0.49871158807881283,
                          0.5103562433482507,
                          0.4823234893084387,
                          0.5260444773813969,
                          0.4881105674996885,
                          0.5207234698574118,
                          0.5047830590736997],
                         [0.5043322668861154,
                          0.5004756284613531,
                          0.48153882177956914,
                          0.5572654635396042,
                          0.491571408179637,
                          0.4892848871133102,
                          0.45286869961742615,
                          0.4787081477630426,
                          0.48978032712907177,
                          0.47183963054100025]]},
            {'activation': 'sigmoid',
             'bias': [-0.028138428940362906,
                      -0.008000845600972467,
                      -0.028326809965693856,
                      -0.010230377336523608,
                      0.01271028508282178,
                      -0.03163727404179867],
             'name': 'hidden1',
             'neurons': [<gameplay.Neuron object at 0x7f2ff9867c88>,
                         <gameplay.Neuron object at 0x7f2ff9867cc0>,
                         <gameplay.Neuron object at 0x7f2ff9867d30>,
                         <gameplay.Neuron object at 0x7f2ff9867cf8>,
                         <gameplay.Neuron object at 0x7f2ff9867d68>,
                         <gameplay.Neuron object at 0x7f2ff9867dd8>],
             'num_neurons': 6,
             'weights': [[0.49287943500027165,
                          0.48148049339721255,
                          0.5179295771379083,
                          0.4926421777713775,
                          0.544578160715007,
                          0.4832518876750681,
                          0.5347352173543658,
                          0.5099898555390566],
                         [0.5255203709481866,
                          0.538870096352323,
                          0.5048823158518679,
                          0.4736517038193762,
                          0.46874288225016303,
                          0.5211442459552813,
                          0.4754992974999272,
                          0.4993532053904198],
                         [0.5179054111697825,
                          0.5132444971008129,
                          0.531392036451192,
                          0.5185028035347276,
                          0.5372946961404255,
                          0.5315574160452916,
                          0.5281714636952038,
                          0.5283160325423055],
                         [0.5098291474077568,
                          0.5035579962723125,
                          0.47492029705998917,
                          0.4901567062080074,
                          0.466867516728251,
                          0.49682654984193764,
                          0.4902040090843801,
                          0.509478981190574],
                         [0.4664866739901402,
                          0.5471912785613081,
                          0.5162420271379202,
                          0.48569742079542444,
                          0.5088611809874861,
                          0.48910858480729297,
                          0.5194828500162784,
                          0.5204310946914801],
                         [0.45609443304656655,
                          0.4963249664720442,
                          0.4947077877432845,
                          0.4552109467652182,
                          0.4662351592462068,
                          0.48599572010037867,
                          0.4864418732657217,
                          0.5028502706355179],
                         [0.47228440074664024,
                          0.4851118241973752,
                          0.5349267508318157,
                          0.5184466258082181,
                          0.4838847461490183,
                          0.504817526946906,
                          0.5344980538745452,
                          0.48817284171489367],
                         [0.5200812831086331,
                          0.5385741950618843,
                          0.4969567101956826,
                          0.5036999188793099,
                          0.5350269986275775,
                          0.49742546334325566,
                          0.4882112215249,
                          0.48198170333847495]]},
            {'activation': 'sigmoid',
             'bias': [-0.017645486673091383,
                      0.017573867950443238,
                      -0.01743311426398644,
                      0.022877020974160056,
                      0.026619923552690633],
             'name': 'output',
             'neurons': [<gameplay.Neuron object at 0x7f2ff9867da0>,
                         <gameplay.Neuron object at 0x7f2ff9867e10>,
                         <gameplay.Neuron object at 0x7f2ff9867b38>,
                         <gameplay.Neuron object at 0x7f2ff9867ba8>,
                         <gameplay.Neuron object at 0x7f2ff9867be0>],
             'num_neurons': 5,
             'weights': [[0.48338872963578067,
                          0.48944275536738807,
                          0.5223491471300388,
                          0.501168549529551,
                          0.5079373571840738,
                          0.5136430859532084],
                         [0.5228526081157127,
                          0.500133165342549,
                          0.45247816981929584,
                          0.4900768193540586,
                          0.5337961514700208,
                          0.49152406735967613],
                         [0.5090966577556159,
                          0.511114174080192,
                          0.46748683773474026,
                          0.5064034005155366,
                          0.5311125423843608,
                          0.4772541313797983],
                         [0.4940002883572828,
                          0.4801663632049397,
                          0.5053971774272432,
                          0.47526081212362303,
                          0.49685294409708103,
                          0.5023739545572316],
                         [0.5193732632809742,
                          0.5112418292816102,
                          0.45167096702651743,
                          0.5432252552139746,
                          0.501241367540486,
                          0.4884989141904639],
                         [0.4903746863999154,
                          0.4999581529443497,
                          0.4999108657282417,
                          0.4893437034626899,
                          0.4922344542308961,
                          0.46268290598172507]]}]}
load_tensorflow_graph: path = tensorflow/mario-model-simple-2019-07-17/frozen_inference_graph.pb
object_detection_graph = <tensorflow.python.framework.ops.Graph object at 0x7f2ff9867f28>
Doing start sequence
Sleeping one second
sending start
sending empty
Found black world screen for the second time. exiting.



Seconds left: 379
Moves to the right: 59
frame count: 110
time start:  1568170015.2847486,   time_now: 1568170027.201594
