pygame 1.9.6
Hello from the pygame community. https://www.pygame.org/contribute.html
Loading neural net from gameplay_neural_nets/53/7.nn
net = {'generation': 46,
 'inputs': [],
 'layers': [{'activation': 'sigmoid',
             'bias': [-0.020083706218073042,
                      0.04232837171203454,
                      -0.03417175358791942,
                      0.016369928668405045,
                      -0.006365034410192448,
                      0.016962047097549518,
                      -0.014906270396798642,
                      -0.019931283433810915],
             'name': 'input',
             'neurons': [],
             'num_neurons': 8,
             'weights': [[0.4364338480095806,
                          0.49067640558414416,
                          0.5089422048911363,
                          0.46209586705707706,
                          0.49819974699289876,
                          0.463153931006013,
                          0.5259477342110679,
                          0.5018192956660724,
                          0.4775856540857762,
                          0.5287565444090281],
                         [0.4754046573409637,
                          0.49310349259086234,
                          0.5315843680593613,
                          0.5211412758259951,
                          0.5055128664759633,
                          0.4938907032329041,
                          0.47232225187279586,
                          0.4669457459757446,
                          0.536973751913736,
                          0.5197116088308035],
                         [0.5354840495064697,
                          0.5119972491970085,
                          0.48629325124356626,
                          0.4729666513791769,
                          0.4592034943447428,
                          0.5006921670179768,
                          0.522618410913167,
                          0.4679566005334938,
                          0.4700136425802678,
                          0.4999815084047657],
                         [0.5047134595427811,
                          0.4785785148915763,
                          0.4922500042832144,
                          0.426981238813185,
                          0.47059081486411286,
                          0.5391583314306144,
                          0.5163750540006079,
                          0.4742022120749751,
                          0.5090221775757459,
                          0.5010988763242077],
                         [0.497691435345332,
                          0.49441007072614795,
                          0.5390293653740903,
                          0.47798155861304303,
                          0.5107647148215732,
                          0.5014399727338157,
                          0.5167109553278978,
                          0.5011060680036271,
                          0.495417082023194,
                          0.5426088571770857],
                         [0.492835077177279,
                          0.5041942415714264,
                          0.48053089023251294,
                          0.5446291238170701,
                          0.4990475766204746,
                          0.4720532469484484,
                          0.547419834157691,
                          0.4612483291207928,
                          0.5087719614187042,
                          0.4477144076170054],
                         [0.5304930685910346,
                          0.4913570768306284,
                          0.5096580568624528,
                          0.49133668516542744,
                          0.5103562433482507,
                          0.49006288892588434,
                          0.5260444773813969,
                          0.49531845747908315,
                          0.5182595195689287,
                          0.507763273686695],
                         [0.505265262766758,
                          0.5004756284613531,
                          0.49128443524869586,
                          0.5637638292345466,
                          0.5076308776572603,
                          0.4855037273873349,
                          0.44776837371937905,
                          0.4768730123080175,
                          0.4812865879111777,
                          0.47183963054100025]]},
            {'activation': 'sigmoid',
             'bias': [-0.028138428940362906,
                      -0.002621468211449743,
                      -0.019893129348804606,
                      0.005616635878550165,
                      0.011253063273643458,
                      -0.03805309348796335],
             'name': 'hidden1',
             'neurons': [],
             'num_neurons': 6,
             'weights': [[0.4914879946049747,
                          0.4814288611337479,
                          0.5179295771379083,
                          0.4977499488046285,
                          0.5460138174846286,
                          0.48116218009023126,
                          0.5304019171467584,
                          0.5002371281375428],
                         [0.5247150961398026,
                          0.538870096352323,
                          0.4973822204285339,
                          0.4736517038193762,
                          0.46874288225016303,
                          0.5211442459552813,
                          0.4663839980960157,
                          0.5064082523445094],
                         [0.5123885944847195,
                          0.5132444971008129,
                          0.5258154865237297,
                          0.5185028035347276,
                          0.5372946961404255,
                          0.5247178580107157,
                          0.5307361626032919,
                          0.5353331404651409],
                         [0.5029597096131305,
                          0.5011638646452876,
                          0.4805624575759456,
                          0.4901567062080074,
                          0.47313860466067287,
                          0.4991967682016346,
                          0.4991862271607904,
                          0.509478981190574],
                         [0.4664866739901402,
                          0.5489077243840267,
                          0.5074934893339825,
                          0.48569742079542444,
                          0.5046824858038872,
                          0.482037944558832,
                          0.5195832567595674,
                          0.5204310946914801],
                         [0.45978106258453066,
                          0.4963249664720442,
                          0.4947077877432845,
                          0.4633088081484905,
                          0.4662351592462068,
                          0.48599572010037867,
                          0.4864418732657217,
                          0.5028502706355179],
                         [0.4766843375963927,
                          0.48891105903212767,
                          0.5349267508318157,
                          0.508571330055439,
                          0.4838847461490183,
                          0.504817526946906,
                          0.5338240570172048,
                          0.49173083831372205],
                         [0.5200812831086331,
                          0.5385741950618843,
                          0.4969567101956826,
                          0.5036999188793099,
                          0.5274321787400557,
                          0.49742546334325566,
                          0.4882112215249,
                          0.48198170333847495]]},
            {'activation': 'sigmoid',
             'bias': [-0.017645486673091383,
                      0.00921186478201743,
                      -0.005721432115563774,
                      0.022877020974160056,
                      0.01862607955094611],
             'name': 'output',
             'neurons': [],
             'num_neurons': 5,
             'weights': [[0.48338872963578067,
                          0.48944275536738807,
                          0.5320191058455224,
                          0.501168549529551,
                          0.503902684697091,
                          0.5051071612703187],
                         [0.5080977423734675,
                          0.508950806891053,
                          0.45247816981929584,
                          0.4900768193540586,
                          0.5287942443880775,
                          0.4953184259071306],
                         [0.5090966577556159,
                          0.511114174080192,
                          0.4702778140850416,
                          0.5103990346435819,
                          0.5364880454090675,
                          0.4893247105555992],
                         [0.5001100850775048,
                          0.47855641359876366,
                          0.5050037749092491,
                          0.4761868373723793,
                          0.49685294409708103,
                          0.5023739545572316],
                         [0.5237368714304907,
                          0.5112418292816102,
                          0.45343267103060975,
                          0.5432252552139746,
                          0.501241367540486,
                          0.48677995097410864],
                         [0.4980099757247705,
                          0.4999581529443497,
                          0.4999108657282417,
                          0.4788527895028412,
                          0.49929980065056584,
                          0.4705769773443512]]}]}
{'generation': 46,
 'inputs': [],
 'layers': [{'activation': 'sigmoid',
             'bias': [-0.020083706218073042,
                      0.04232837171203454,
                      -0.03417175358791942,
                      0.016369928668405045,
                      -0.006365034410192448,
                      0.016962047097549518,
                      -0.014906270396798642,
                      -0.019931283433810915],
             'name': 'input',
             'neurons': [<gameplay.Neuron object at 0x7fcbf59da828>,
                         <gameplay.Neuron object at 0x7fcbf59da7f0>,
                         <gameplay.Neuron object at 0x7fcbf59da208>,
                         <gameplay.Neuron object at 0x7fcbf59dab38>,
                         <gameplay.Neuron object at 0x7fcbf59dabe0>,
                         <gameplay.Neuron object at 0x7fcbf59dab70>,
                         <gameplay.Neuron object at 0x7fcbf59dac88>,
                         <gameplay.Neuron object at 0x7fcbf59dacc0>],
             'num_neurons': 8,
             'weights': [[0.4364338480095806,
                          0.49067640558414416,
                          0.5089422048911363,
                          0.46209586705707706,
                          0.49819974699289876,
                          0.463153931006013,
                          0.5259477342110679,
                          0.5018192956660724,
                          0.4775856540857762,
                          0.5287565444090281],
                         [0.4754046573409637,
                          0.49310349259086234,
                          0.5315843680593613,
                          0.5211412758259951,
                          0.5055128664759633,
                          0.4938907032329041,
                          0.47232225187279586,
                          0.4669457459757446,
                          0.536973751913736,
                          0.5197116088308035],
                         [0.5354840495064697,
                          0.5119972491970085,
                          0.48629325124356626,
                          0.4729666513791769,
                          0.4592034943447428,
                          0.5006921670179768,
                          0.522618410913167,
                          0.4679566005334938,
                          0.4700136425802678,
                          0.4999815084047657],
                         [0.5047134595427811,
                          0.4785785148915763,
                          0.4922500042832144,
                          0.426981238813185,
                          0.47059081486411286,
                          0.5391583314306144,
                          0.5163750540006079,
                          0.4742022120749751,
                          0.5090221775757459,
                          0.5010988763242077],
                         [0.497691435345332,
                          0.49441007072614795,
                          0.5390293653740903,
                          0.47798155861304303,
                          0.5107647148215732,
                          0.5014399727338157,
                          0.5167109553278978,
                          0.5011060680036271,
                          0.495417082023194,
                          0.5426088571770857],
                         [0.492835077177279,
                          0.5041942415714264,
                          0.48053089023251294,
                          0.5446291238170701,
                          0.4990475766204746,
                          0.4720532469484484,
                          0.547419834157691,
                          0.4612483291207928,
                          0.5087719614187042,
                          0.4477144076170054],
                         [0.5304930685910346,
                          0.4913570768306284,
                          0.5096580568624528,
                          0.49133668516542744,
                          0.5103562433482507,
                          0.49006288892588434,
                          0.5260444773813969,
                          0.49531845747908315,
                          0.5182595195689287,
                          0.507763273686695],
                         [0.505265262766758,
                          0.5004756284613531,
                          0.49128443524869586,
                          0.5637638292345466,
                          0.5076308776572603,
                          0.4855037273873349,
                          0.44776837371937905,
                          0.4768730123080175,
                          0.4812865879111777,
                          0.47183963054100025]]},
            {'activation': 'sigmoid',
             'bias': [-0.028138428940362906,
                      -0.002621468211449743,
                      -0.019893129348804606,
                      0.005616635878550165,
                      0.011253063273643458,
                      -0.03805309348796335],
             'name': 'hidden1',
             'neurons': [<gameplay.Neuron object at 0x7fcbf59dacf8>,
                         <gameplay.Neuron object at 0x7fcbf59dad30>,
                         <gameplay.Neuron object at 0x7fcbf59dada0>,
                         <gameplay.Neuron object at 0x7fcbf59dad68>,
                         <gameplay.Neuron object at 0x7fcbf59dadd8>,
                         <gameplay.Neuron object at 0x7fcbf59dae48>],
             'num_neurons': 6,
             'weights': [[0.4914879946049747,
                          0.4814288611337479,
                          0.5179295771379083,
                          0.4977499488046285,
                          0.5460138174846286,
                          0.48116218009023126,
                          0.5304019171467584,
                          0.5002371281375428],
                         [0.5247150961398026,
                          0.538870096352323,
                          0.4973822204285339,
                          0.4736517038193762,
                          0.46874288225016303,
                          0.5211442459552813,
                          0.4663839980960157,
                          0.5064082523445094],
                         [0.5123885944847195,
                          0.5132444971008129,
                          0.5258154865237297,
                          0.5185028035347276,
                          0.5372946961404255,
                          0.5247178580107157,
                          0.5307361626032919,
                          0.5353331404651409],
                         [0.5029597096131305,
                          0.5011638646452876,
                          0.4805624575759456,
                          0.4901567062080074,
                          0.47313860466067287,
                          0.4991967682016346,
                          0.4991862271607904,
                          0.509478981190574],
                         [0.4664866739901402,
                          0.5489077243840267,
                          0.5074934893339825,
                          0.48569742079542444,
                          0.5046824858038872,
                          0.482037944558832,
                          0.5195832567595674,
                          0.5204310946914801],
                         [0.45978106258453066,
                          0.4963249664720442,
                          0.4947077877432845,
                          0.4633088081484905,
                          0.4662351592462068,
                          0.48599572010037867,
                          0.4864418732657217,
                          0.5028502706355179],
                         [0.4766843375963927,
                          0.48891105903212767,
                          0.5349267508318157,
                          0.508571330055439,
                          0.4838847461490183,
                          0.504817526946906,
                          0.5338240570172048,
                          0.49173083831372205],
                         [0.5200812831086331,
                          0.5385741950618843,
                          0.4969567101956826,
                          0.5036999188793099,
                          0.5274321787400557,
                          0.49742546334325566,
                          0.4882112215249,
                          0.48198170333847495]]},
            {'activation': 'sigmoid',
             'bias': [-0.017645486673091383,
                      0.00921186478201743,
                      -0.005721432115563774,
                      0.022877020974160056,
                      0.01862607955094611],
             'name': 'output',
             'neurons': [<gameplay.Neuron object at 0x7fcbf59dae10>,
                         <gameplay.Neuron object at 0x7fcbf59dae80>,
                         <gameplay.Neuron object at 0x7fcbf59daba8>,
                         <gameplay.Neuron object at 0x7fcbf59dac18>,
                         <gameplay.Neuron object at 0x7fcbf59dac50>],
             'num_neurons': 5,
             'weights': [[0.48338872963578067,
                          0.48944275536738807,
                          0.5320191058455224,
                          0.501168549529551,
                          0.503902684697091,
                          0.5051071612703187],
                         [0.5080977423734675,
                          0.508950806891053,
                          0.45247816981929584,
                          0.4900768193540586,
                          0.5287942443880775,
                          0.4953184259071306],
                         [0.5090966577556159,
                          0.511114174080192,
                          0.4702778140850416,
                          0.5103990346435819,
                          0.5364880454090675,
                          0.4893247105555992],
                         [0.5001100850775048,
                          0.47855641359876366,
                          0.5050037749092491,
                          0.4761868373723793,
                          0.49685294409708103,
                          0.5023739545572316],
                         [0.5237368714304907,
                          0.5112418292816102,
                          0.45343267103060975,
                          0.5432252552139746,
                          0.501241367540486,
                          0.48677995097410864],
                         [0.4980099757247705,
                          0.4999581529443497,
                          0.4999108657282417,
                          0.4788527895028412,
                          0.49929980065056584,
                          0.4705769773443512]]}]}
load_tensorflow_graph: path = tensorflow/mario-model-simple-2019-07-17/frozen_inference_graph.pb
object_detection_graph = <tensorflow.python.framework.ops.Graph object at 0x7fcbf59daf98>
Doing start sequence
Sleeping one second
sending start
sending empty
Found black world screen for the second time. exiting.



Seconds left: 366
Moves to the right: 79
frame count: 152
time start:  1568170145.4764729,   time_now: 1568170161.644266
