pygame 1.9.6
Hello from the pygame community. https://www.pygame.org/contribute.html
Loading neural net from gameplay_neural_nets/53/8.nn
net = {'generation': 46,
 'inputs': [],
 'layers': [{'activation': 'sigmoid',
             'bias': [-0.02199924666004826,
                      0.03761942177375142,
                      -0.03417175358791942,
                      0.016369928668405045,
                      -0.006365034410192448,
                      0.013764107614419631,
                      -0.009651587269989574,
                      -0.01540586398077557],
             'name': 'input',
             'neurons': [],
             'num_neurons': 8,
             'weights': [[0.4364338480095806,
                          0.49067640558414416,
                          0.5058376372395436,
                          0.4701071003567108,
                          0.49819974699289876,
                          0.46692405710332674,
                          0.5259477342110679,
                          0.4922673140597912,
                          0.48539942013276494,
                          0.5287565444090281],
                         [0.47192455102702213,
                          0.49829344409523446,
                          0.531489534807496,
                          0.524602913679515,
                          0.5055128664759633,
                          0.4952404434740797,
                          0.4713085885569925,
                          0.4669457459757446,
                          0.5281190431822547,
                          0.5213324617130373],
                         [0.5504698258455248,
                          0.5197010394630814,
                          0.48629325124356626,
                          0.4700415931450053,
                          0.46352893661764905,
                          0.4885816904558131,
                          0.5246641137426802,
                          0.4693544725466758,
                          0.4700136425802678,
                          0.4999815084047657],
                         [0.5047134595427811,
                          0.4785785148915763,
                          0.4894765431104344,
                          0.426981238813185,
                          0.4606075682105933,
                          0.5317993055350901,
                          0.5061911307267929,
                          0.4742022120749751,
                          0.5127885602158024,
                          0.5056975758596904],
                         [0.497691435345332,
                          0.5003014415269275,
                          0.5296863070092944,
                          0.47798155861304303,
                          0.5107647148215732,
                          0.5014399727338157,
                          0.5160702257205132,
                          0.5011060680036271,
                          0.495417082023194,
                          0.5501093389087212],
                         [0.49327587919647436,
                          0.5199066695470485,
                          0.4838320419303091,
                          0.5446291238170701,
                          0.4990475766204746,
                          0.4702601642278527,
                          0.5476496069337311,
                          0.4679597205940508,
                          0.5087719614187042,
                          0.45070375839917415],
                         [0.5304930685910346,
                          0.4978311854610818,
                          0.5096580568624528,
                          0.49133668516542744,
                          0.5103562433482507,
                          0.48737356869488824,
                          0.5271584396982832,
                          0.49531845747908315,
                          0.5182595195689287,
                          0.49880435884066626],
                         [0.49798513879871115,
                          0.5098936856300439,
                          0.48153882177956914,
                          0.562137844876087,
                          0.49854573464614094,
                          0.4892848871133102,
                          0.45286869961742615,
                          0.48538522801094214,
                          0.4812865879111777,
                          0.47535083551586643]]},
            {'activation': 'sigmoid',
             'bias': [-0.028138428940362906,
                      -0.008000845600972467,
                      -0.028326809965693856,
                      -0.0015066557785058058,
                      0.01271028508282178,
                      -0.0409737134455974],
             'name': 'hidden1',
             'neurons': [],
             'num_neurons': 6,
             'weights': [[0.49743792671094167,
                          0.4814288611337479,
                          0.5272188862503031,
                          0.49795727395330946,
                          0.544578160715007,
                          0.48257465520249415,
                          0.5304019171467584,
                          0.5072485979030892],
                         [0.5247150961398026,
                          0.5398758270150908,
                          0.5048823158518679,
                          0.4736517038193762,
                          0.47131638433174405,
                          0.5211442459552813,
                          0.4756993583482337,
                          0.5064082523445094],
                         [0.5151531101371127,
                          0.5132444971008129,
                          0.5186395846518046,
                          0.51268583730787,
                          0.5442062597129044,
                          0.5309096742479055,
                          0.5281714636952038,
                          0.5235129950619046],
                         [0.5079523030644562,
                          0.49451416381251617,
                          0.4805624575759456,
                          0.49244912056411927,
                          0.466867516728251,
                          0.4991967682016346,
                          0.4821333443374066,
                          0.509478981190574],
                         [0.4664866739901402,
                          0.5510394604450195,
                          0.5074934893339825,
                          0.48569742079542444,
                          0.4947583611830954,
                          0.48910858480729297,
                          0.5194828500162784,
                          0.5204310946914801],
                         [0.4636253087418946,
                          0.4963249664720442,
                          0.4947077877432845,
                          0.4595053216816934,
                          0.4662351592462068,
                          0.48599572010037867,
                          0.4864418732657217,
                          0.5028502706355179],
                         [0.4766843375963927,
                          0.4851118241973752,
                          0.5349267508318157,
                          0.5276730517006452,
                          0.4838847461490183,
                          0.504817526946906,
                          0.5344980538745452,
                          0.4884777810765181],
                         [0.5166411063788926,
                          0.5385741950618843,
                          0.4969567101956826,
                          0.5036999188793099,
                          0.5350269986275775,
                          0.49868022860125744,
                          0.4851858704810248,
                          0.48198170333847495]]},
            {'activation': 'sigmoid',
             'bias': [-0.017645486673091383,
                      0.01635755795643462,
                      -0.020203335035085056,
                      0.022877020974160056,
                      0.024684091165774448],
             'name': 'output',
             'neurons': [],
             'num_neurons': 5,
             'weights': [[0.48338872963578067,
                          0.48944275536738807,
                          0.5208949262386612,
                          0.501168549529551,
                          0.5097468785145916,
                          0.5110896235067245],
                         [0.5129474008635706,
                          0.5156424463985068,
                          0.45247816981929584,
                          0.4900768193540586,
                          0.5287942443880775,
                          0.4919663210458625],
                         [0.5090966577556159,
                          0.511114174080192,
                          0.46748683773474026,
                          0.5032728890156304,
                          0.5364880454090675,
                          0.48951656009048616],
                         [0.49165145755498774,
                          0.47665807197613375,
                          0.5050037749092491,
                          0.4769621858929362,
                          0.5004823758781273,
                          0.4969747591920212],
                         [0.5286338498130396,
                          0.5112418292816102,
                          0.45533939825302433,
                          0.5432252552139746,
                          0.49125009275277504,
                          0.4884989141904639],
                         [0.49963096661267875,
                          0.5045866794413448,
                          0.4999108657282417,
                          0.48318987472527436,
                          0.4937977726720177,
                          0.46268290598172507]]}]}
{'generation': 46,
 'inputs': [],
 'layers': [{'activation': 'sigmoid',
             'bias': [-0.02199924666004826,
                      0.03761942177375142,
                      -0.03417175358791942,
                      0.016369928668405045,
                      -0.006365034410192448,
                      0.013764107614419631,
                      -0.009651587269989574,
                      -0.01540586398077557],
             'name': 'input',
             'neurons': [<gameplay.Neuron object at 0x7f3930c01860>,
                         <gameplay.Neuron object at 0x7f3930c01828>,
                         <gameplay.Neuron object at 0x7f3930c01240>,
                         <gameplay.Neuron object at 0x7f3930c01b70>,
                         <gameplay.Neuron object at 0x7f3930c01c18>,
                         <gameplay.Neuron object at 0x7f3930c01ba8>,
                         <gameplay.Neuron object at 0x7f3930c01cc0>,
                         <gameplay.Neuron object at 0x7f3930c01cf8>],
             'num_neurons': 8,
             'weights': [[0.4364338480095806,
                          0.49067640558414416,
                          0.5058376372395436,
                          0.4701071003567108,
                          0.49819974699289876,
                          0.46692405710332674,
                          0.5259477342110679,
                          0.4922673140597912,
                          0.48539942013276494,
                          0.5287565444090281],
                         [0.47192455102702213,
                          0.49829344409523446,
                          0.531489534807496,
                          0.524602913679515,
                          0.5055128664759633,
                          0.4952404434740797,
                          0.4713085885569925,
                          0.4669457459757446,
                          0.5281190431822547,
                          0.5213324617130373],
                         [0.5504698258455248,
                          0.5197010394630814,
                          0.48629325124356626,
                          0.4700415931450053,
                          0.46352893661764905,
                          0.4885816904558131,
                          0.5246641137426802,
                          0.4693544725466758,
                          0.4700136425802678,
                          0.4999815084047657],
                         [0.5047134595427811,
                          0.4785785148915763,
                          0.4894765431104344,
                          0.426981238813185,
                          0.4606075682105933,
                          0.5317993055350901,
                          0.5061911307267929,
                          0.4742022120749751,
                          0.5127885602158024,
                          0.5056975758596904],
                         [0.497691435345332,
                          0.5003014415269275,
                          0.5296863070092944,
                          0.47798155861304303,
                          0.5107647148215732,
                          0.5014399727338157,
                          0.5160702257205132,
                          0.5011060680036271,
                          0.495417082023194,
                          0.5501093389087212],
                         [0.49327587919647436,
                          0.5199066695470485,
                          0.4838320419303091,
                          0.5446291238170701,
                          0.4990475766204746,
                          0.4702601642278527,
                          0.5476496069337311,
                          0.4679597205940508,
                          0.5087719614187042,
                          0.45070375839917415],
                         [0.5304930685910346,
                          0.4978311854610818,
                          0.5096580568624528,
                          0.49133668516542744,
                          0.5103562433482507,
                          0.48737356869488824,
                          0.5271584396982832,
                          0.49531845747908315,
                          0.5182595195689287,
                          0.49880435884066626],
                         [0.49798513879871115,
                          0.5098936856300439,
                          0.48153882177956914,
                          0.562137844876087,
                          0.49854573464614094,
                          0.4892848871133102,
                          0.45286869961742615,
                          0.48538522801094214,
                          0.4812865879111777,
                          0.47535083551586643]]},
            {'activation': 'sigmoid',
             'bias': [-0.028138428940362906,
                      -0.008000845600972467,
                      -0.028326809965693856,
                      -0.0015066557785058058,
                      0.01271028508282178,
                      -0.0409737134455974],
             'name': 'hidden1',
             'neurons': [<gameplay.Neuron object at 0x7f3930c01d30>,
                         <gameplay.Neuron object at 0x7f3930c01d68>,
                         <gameplay.Neuron object at 0x7f3930c01dd8>,
                         <gameplay.Neuron object at 0x7f3930c01da0>,
                         <gameplay.Neuron object at 0x7f3930c01e10>,
                         <gameplay.Neuron object at 0x7f3930c01e80>],
             'num_neurons': 6,
             'weights': [[0.49743792671094167,
                          0.4814288611337479,
                          0.5272188862503031,
                          0.49795727395330946,
                          0.544578160715007,
                          0.48257465520249415,
                          0.5304019171467584,
                          0.5072485979030892],
                         [0.5247150961398026,
                          0.5398758270150908,
                          0.5048823158518679,
                          0.4736517038193762,
                          0.47131638433174405,
                          0.5211442459552813,
                          0.4756993583482337,
                          0.5064082523445094],
                         [0.5151531101371127,
                          0.5132444971008129,
                          0.5186395846518046,
                          0.51268583730787,
                          0.5442062597129044,
                          0.5309096742479055,
                          0.5281714636952038,
                          0.5235129950619046],
                         [0.5079523030644562,
                          0.49451416381251617,
                          0.4805624575759456,
                          0.49244912056411927,
                          0.466867516728251,
                          0.4991967682016346,
                          0.4821333443374066,
                          0.509478981190574],
                         [0.4664866739901402,
                          0.5510394604450195,
                          0.5074934893339825,
                          0.48569742079542444,
                          0.4947583611830954,
                          0.48910858480729297,
                          0.5194828500162784,
                          0.5204310946914801],
                         [0.4636253087418946,
                          0.4963249664720442,
                          0.4947077877432845,
                          0.4595053216816934,
                          0.4662351592462068,
                          0.48599572010037867,
                          0.4864418732657217,
                          0.5028502706355179],
                         [0.4766843375963927,
                          0.4851118241973752,
                          0.5349267508318157,
                          0.5276730517006452,
                          0.4838847461490183,
                          0.504817526946906,
                          0.5344980538745452,
                          0.4884777810765181],
                         [0.5166411063788926,
                          0.5385741950618843,
                          0.4969567101956826,
                          0.5036999188793099,
                          0.5350269986275775,
                          0.49868022860125744,
                          0.4851858704810248,
                          0.48198170333847495]]},
            {'activation': 'sigmoid',
             'bias': [-0.017645486673091383,
                      0.01635755795643462,
                      -0.020203335035085056,
                      0.022877020974160056,
                      0.024684091165774448],
             'name': 'output',
             'neurons': [<gameplay.Neuron object at 0x7f3930c01e48>,
                         <gameplay.Neuron object at 0x7f3930c01eb8>,
                         <gameplay.Neuron object at 0x7f3930c01be0>,
                         <gameplay.Neuron object at 0x7f3930c01c50>,
                         <gameplay.Neuron object at 0x7f3930c01c88>],
             'num_neurons': 5,
             'weights': [[0.48338872963578067,
                          0.48944275536738807,
                          0.5208949262386612,
                          0.501168549529551,
                          0.5097468785145916,
                          0.5110896235067245],
                         [0.5129474008635706,
                          0.5156424463985068,
                          0.45247816981929584,
                          0.4900768193540586,
                          0.5287942443880775,
                          0.4919663210458625],
                         [0.5090966577556159,
                          0.511114174080192,
                          0.46748683773474026,
                          0.5032728890156304,
                          0.5364880454090675,
                          0.48951656009048616],
                         [0.49165145755498774,
                          0.47665807197613375,
                          0.5050037749092491,
                          0.4769621858929362,
                          0.5004823758781273,
                          0.4969747591920212],
                         [0.5286338498130396,
                          0.5112418292816102,
                          0.45533939825302433,
                          0.5432252552139746,
                          0.49125009275277504,
                          0.4884989141904639],
                         [0.49963096661267875,
                          0.5045866794413448,
                          0.4999108657282417,
                          0.48318987472527436,
                          0.4937977726720177,
                          0.46268290598172507]]}]}
load_tensorflow_graph: path = tensorflow/mario-model-simple-2019-07-17/frozen_inference_graph.pb
object_detection_graph = <tensorflow.python.framework.ops.Graph object at 0x7f3930c01f98>
Doing start sequence
Sleeping one second
sending start
sending empty
Found black world screen for the second time. exiting.



Seconds left: 359
Moves to the right: 102
frame count: 178
time start:  1568170167.4252036,   time_now: 1568170186.3943837
