pygame 1.9.6
Hello from the pygame community. https://www.pygame.org/contribute.html
Loading neural net from gameplay_neural_nets/37/grand_father_grand_father_6.nn
net = {'generation': 31,
 'inputs': [],
 'layers': [{'activation': 'sigmoid',
             'bias': [-0.014021463200386244,
                      0.0380818457569034,
                      -0.03900961160789203,
                      -0.02497961741366805,
                      0.01237281654615218,
                      0.02442771716965523,
                      -0.008234008423405709,
                      -0.013093533720224404],
             'name': 'input',
             'neurons': [],
             'num_neurons': 8,
             'weights': [[0.44394179049108856,
                          0.4873952629747825,
                          0.5120139355145459,
                          0.49586610566752237,
                          0.5023699666316453,
                          0.47334317004379617,
                          0.4959764745803204,
                          0.48861297009394866,
                          0.49374138103301835,
                          0.5343799764062889],
                         [0.4904854542503382,
                          0.4850162663132216,
                          0.5183837269429371,
                          0.5158510931431061,
                          0.5102093004659382,
                          0.49085435976636554,
                          0.474147307786957,
                          0.4626436174740658,
                          0.5215555769471175,
                          0.5321081502322194],
                         [0.5359910187978152,
                          0.507803616822714,
                          0.5091730734831414,
                          0.5021389060264424,
                          0.467059008500031,
                          0.490419453523532,
                          0.5178461188499149,
                          0.47108320945344645,
                          0.49540442692782966,
                          0.5186623034161485],
                         [0.5049683861499688,
                          0.4864952268436214,
                          0.49377134506485193,
                          0.45115185670960684,
                          0.4614227161765194,
                          0.502975907657061,
                          0.5261649230658213,
                          0.4649839188441312,
                          0.5072482610964004,
                          0.5129947178525307],
                         [0.4954505022859413,
                          0.5222293740699403,
                          0.4967749774553313,
                          0.49591643358330173,
                          0.5079855569999945,
                          0.5103573039202499,
                          0.5271068346358991,
                          0.5108352070036126,
                          0.500878638735525,
                          0.5226816800528838],
                         [0.48065776326252097,
                          0.5237080685266645,
                          0.49004311259673694,
                          0.5288389258030741,
                          0.5087589241677037,
                          0.4822889313051556,
                          0.5468486537656706,
                          0.4845537519854862,
                          0.509711138797115,
                          0.4532398212797208],
                         [0.5379682585986374,
                          0.5101609838368413,
                          0.5316049307948187,
                          0.5199918803075723,
                          0.48991219895096355,
                          0.49399401902590945,
                          0.5069661350556854,
                          0.5138381290156228,
                          0.5100260541105166,
                          0.483983307487058],
                         [0.47622866194109664,
                          0.505440795182671,
                          0.4932671120132266,
                          0.5384030051194901,
                          0.5052537063140962,
                          0.497261106840349,
                          0.4758021866512346,
                          0.47787956477990734,
                          0.46512273591245545,
                          0.49753140769167525]]},
            {'activation': 'sigmoid',
             'bias': [-0.02542702032923764,
                      -0.0139182181580972,
                      -0.034843894644809845,
                      0.0098924621431258,
                      0.0012404413681823875,
                      -0.04533135108172316],
             'name': 'hidden1',
             'neurons': [],
             'num_neurons': 6,
             'weights': [[0.5072041246147496,
                          0.4799485626367571,
                          0.4907329646560439,
                          0.4724115312622563,
                          0.5186192258075781,
                          0.49363275006102225,
                          0.49341200363262605,
                          0.5188477560796386],
                         [0.5056427340706009,
                          0.5262118513491599,
                          0.5093314023883334,
                          0.5166400905398096,
                          0.45321772549803313,
                          0.5220732928813421,
                          0.4685285111220381,
                          0.5036453568832481],
                         [0.5027175870266161,
                          0.5104691989326927,
                          0.5247856778801057,
                          0.5129786662225622,
                          0.5242062268320821,
                          0.5226323758699092,
                          0.5182860988098289,
                          0.5067058178823672],
                         [0.5233427535329644,
                          0.4845448137790719,
                          0.4940863947482101,
                          0.5016358116272535,
                          0.47953019797305646,
                          0.5227568160412389,
                          0.467548643580075,
                          0.5094489198307306],
                         [0.4826210074203616,
                          0.5486552495516169,
                          0.5097614527425854,
                          0.5028809528203712,
                          0.4906563258479516,
                          0.5243351779493943,
                          0.5148084934851238,
                          0.5000774017687282],
                         [0.46934926574781316,
                          0.47312340817716225,
                          0.48625392511041726,
                          0.47687262478827164,
                          0.4817537614795589,
                          0.4761900486686305,
                          0.47230705352074637,
                          0.4969571501246915],
                         [0.4789193908970704,
                          0.4732010347276479,
                          0.5266042308328633,
                          0.4946244703436824,
                          0.48643743809282086,
                          0.4929820793000303,
                          0.54169961016011,
                          0.4858533279470775],
                         [0.5155235644234548,
                          0.5092170601534618,
                          0.49613662478219894,
                          0.5197836194363453,
                          0.5242406693408559,
                          0.4664555747169444,
                          0.4966630357795473,
                          0.475328645328476]]},
            {'activation': 'sigmoid',
             'bias': [-0.018711926405526942,
                      0.003080519181059149,
                      0.0063117137040905715,
                      0.006377262531523141,
                      0.03516301952261615],
             'name': 'output',
             'neurons': [],
             'num_neurons': 5,
             'weights': [[0.483500172854773,
                          0.48254419151476297,
                          0.5203505201495783,
                          0.490886409203714,
                          0.4942881136764814,
                          0.5076298946236437],
                         [0.5182670256568721,
                          0.5255354333078032,
                          0.4700396546199438,
                          0.5034679502092142,
                          0.49697554541870653,
                          0.5085633975182604],
                         [0.5042424344325536,
                          0.5023053684058721,
                          0.5004379567332037,
                          0.5006441576636057,
                          0.5276461326859824,
                          0.5010281416474363],
                         [0.4972825637265352,
                          0.47599727283855414,
                          0.5142287481649691,
                          0.49132242676169813,
                          0.4864082729544509,
                          0.4893056829302548],
                         [0.5179480448755158,
                          0.5128183354482225,
                          0.48741472768410254,
                          0.5118624319916589,
                          0.5020045246463184,
                          0.48299025701679515],
                         [0.48347804325021865,
                          0.515560170144082,
                          0.5074267071806129,
                          0.4763193985853917,
                          0.4958600724843092,
                          0.4780219942346604]]}]}
{'generation': 31,
 'inputs': [],
 'layers': [{'activation': 'sigmoid',
             'bias': [-0.014021463200386244,
                      0.0380818457569034,
                      -0.03900961160789203,
                      -0.02497961741366805,
                      0.01237281654615218,
                      0.02442771716965523,
                      -0.008234008423405709,
                      -0.013093533720224404],
             'name': 'input',
             'neurons': [<gameplay.Neuron object at 0x7f7f2e68a828>,
                         <gameplay.Neuron object at 0x7f7f2e68a7f0>,
                         <gameplay.Neuron object at 0x7f7f2e68a208>,
                         <gameplay.Neuron object at 0x7f7f2e68ab38>,
                         <gameplay.Neuron object at 0x7f7f2e68abe0>,
                         <gameplay.Neuron object at 0x7f7f2e68ab70>,
                         <gameplay.Neuron object at 0x7f7f2e68ac88>,
                         <gameplay.Neuron object at 0x7f7f2e68acc0>],
             'num_neurons': 8,
             'weights': [[0.44394179049108856,
                          0.4873952629747825,
                          0.5120139355145459,
                          0.49586610566752237,
                          0.5023699666316453,
                          0.47334317004379617,
                          0.4959764745803204,
                          0.48861297009394866,
                          0.49374138103301835,
                          0.5343799764062889],
                         [0.4904854542503382,
                          0.4850162663132216,
                          0.5183837269429371,
                          0.5158510931431061,
                          0.5102093004659382,
                          0.49085435976636554,
                          0.474147307786957,
                          0.4626436174740658,
                          0.5215555769471175,
                          0.5321081502322194],
                         [0.5359910187978152,
                          0.507803616822714,
                          0.5091730734831414,
                          0.5021389060264424,
                          0.467059008500031,
                          0.490419453523532,
                          0.5178461188499149,
                          0.47108320945344645,
                          0.49540442692782966,
                          0.5186623034161485],
                         [0.5049683861499688,
                          0.4864952268436214,
                          0.49377134506485193,
                          0.45115185670960684,
                          0.4614227161765194,
                          0.502975907657061,
                          0.5261649230658213,
                          0.4649839188441312,
                          0.5072482610964004,
                          0.5129947178525307],
                         [0.4954505022859413,
                          0.5222293740699403,
                          0.4967749774553313,
                          0.49591643358330173,
                          0.5079855569999945,
                          0.5103573039202499,
                          0.5271068346358991,
                          0.5108352070036126,
                          0.500878638735525,
                          0.5226816800528838],
                         [0.48065776326252097,
                          0.5237080685266645,
                          0.49004311259673694,
                          0.5288389258030741,
                          0.5087589241677037,
                          0.4822889313051556,
                          0.5468486537656706,
                          0.4845537519854862,
                          0.509711138797115,
                          0.4532398212797208],
                         [0.5379682585986374,
                          0.5101609838368413,
                          0.5316049307948187,
                          0.5199918803075723,
                          0.48991219895096355,
                          0.49399401902590945,
                          0.5069661350556854,
                          0.5138381290156228,
                          0.5100260541105166,
                          0.483983307487058],
                         [0.47622866194109664,
                          0.505440795182671,
                          0.4932671120132266,
                          0.5384030051194901,
                          0.5052537063140962,
                          0.497261106840349,
                          0.4758021866512346,
                          0.47787956477990734,
                          0.46512273591245545,
                          0.49753140769167525]]},
            {'activation': 'sigmoid',
             'bias': [-0.02542702032923764,
                      -0.0139182181580972,
                      -0.034843894644809845,
                      0.0098924621431258,
                      0.0012404413681823875,
                      -0.04533135108172316],
             'name': 'hidden1',
             'neurons': [<gameplay.Neuron object at 0x7f7f2e68acf8>,
                         <gameplay.Neuron object at 0x7f7f2e68ad30>,
                         <gameplay.Neuron object at 0x7f7f2e68ada0>,
                         <gameplay.Neuron object at 0x7f7f2e68ad68>,
                         <gameplay.Neuron object at 0x7f7f2e68add8>,
                         <gameplay.Neuron object at 0x7f7f2e68ae48>],
             'num_neurons': 6,
             'weights': [[0.5072041246147496,
                          0.4799485626367571,
                          0.4907329646560439,
                          0.4724115312622563,
                          0.5186192258075781,
                          0.49363275006102225,
                          0.49341200363262605,
                          0.5188477560796386],
                         [0.5056427340706009,
                          0.5262118513491599,
                          0.5093314023883334,
                          0.5166400905398096,
                          0.45321772549803313,
                          0.5220732928813421,
                          0.4685285111220381,
                          0.5036453568832481],
                         [0.5027175870266161,
                          0.5104691989326927,
                          0.5247856778801057,
                          0.5129786662225622,
                          0.5242062268320821,
                          0.5226323758699092,
                          0.5182860988098289,
                          0.5067058178823672],
                         [0.5233427535329644,
                          0.4845448137790719,
                          0.4940863947482101,
                          0.5016358116272535,
                          0.47953019797305646,
                          0.5227568160412389,
                          0.467548643580075,
                          0.5094489198307306],
                         [0.4826210074203616,
                          0.5486552495516169,
                          0.5097614527425854,
                          0.5028809528203712,
                          0.4906563258479516,
                          0.5243351779493943,
                          0.5148084934851238,
                          0.5000774017687282],
                         [0.46934926574781316,
                          0.47312340817716225,
                          0.48625392511041726,
                          0.47687262478827164,
                          0.4817537614795589,
                          0.4761900486686305,
                          0.47230705352074637,
                          0.4969571501246915],
                         [0.4789193908970704,
                          0.4732010347276479,
                          0.5266042308328633,
                          0.4946244703436824,
                          0.48643743809282086,
                          0.4929820793000303,
                          0.54169961016011,
                          0.4858533279470775],
                         [0.5155235644234548,
                          0.5092170601534618,
                          0.49613662478219894,
                          0.5197836194363453,
                          0.5242406693408559,
                          0.4664555747169444,
                          0.4966630357795473,
                          0.475328645328476]]},
            {'activation': 'sigmoid',
             'bias': [-0.018711926405526942,
                      0.003080519181059149,
                      0.0063117137040905715,
                      0.006377262531523141,
                      0.03516301952261615],
             'name': 'output',
             'neurons': [<gameplay.Neuron object at 0x7f7f2e68ae10>,
                         <gameplay.Neuron object at 0x7f7f2e68ae80>,
                         <gameplay.Neuron object at 0x7f7f2e68aba8>,
                         <gameplay.Neuron object at 0x7f7f2e68ac18>,
                         <gameplay.Neuron object at 0x7f7f2e68ac50>],
             'num_neurons': 5,
             'weights': [[0.483500172854773,
                          0.48254419151476297,
                          0.5203505201495783,
                          0.490886409203714,
                          0.4942881136764814,
                          0.5076298946236437],
                         [0.5182670256568721,
                          0.5255354333078032,
                          0.4700396546199438,
                          0.5034679502092142,
                          0.49697554541870653,
                          0.5085633975182604],
                         [0.5042424344325536,
                          0.5023053684058721,
                          0.5004379567332037,
                          0.5006441576636057,
                          0.5276461326859824,
                          0.5010281416474363],
                         [0.4972825637265352,
                          0.47599727283855414,
                          0.5142287481649691,
                          0.49132242676169813,
                          0.4864082729544509,
                          0.4893056829302548],
                         [0.5179480448755158,
                          0.5128183354482225,
                          0.48741472768410254,
                          0.5118624319916589,
                          0.5020045246463184,
                          0.48299025701679515],
                         [0.48347804325021865,
                          0.515560170144082,
                          0.5074267071806129,
                          0.4763193985853917,
                          0.4958600724843092,
                          0.4780219942346604]]}]}
load_tensorflow_graph: path = tensorflow/mario-model-simple-2019-07-17/frozen_inference_graph.pb
object_detection_graph = <tensorflow.python.framework.ops.Graph object at 0x7f7f2e68af98>
Doing start sequence
Sleeping one second
sending start
sending empty
Found black world screen for the second time. exiting.



Seconds left: 372
Moves to the right: 76
frame count: 137
time start:  1568165489.4902382,   time_now: 1568165504.048265
