pygame 1.9.6
Hello from the pygame community. https://www.pygame.org/contribute.html
Loading neural net from gameplay_neural_nets/120/6.nn
net = {'generation': 108,
 'inputs': [],
 'layers': [{'activation': 'sigmoid',
             'bias': [0.02045372253330814,
                      -0.01290151648973928,
                      -0.022293039357867125,
                      -0.030611970892930215,
                      -0.008450406784437784,
                      -0.03573575703967746,
                      0.028848694679273493,
                      -0.020938792139270107],
             'name': 'input',
             'neurons': [],
             'num_neurons': 8,
             'weights': [[0.35338314997233916,
                          0.43707946899708305,
                          0.08096909024487509,
                          0.11175120023384624,
                          0.08103452998639407,
                          0.08490711962556334,
                          0.07771001174137943,
                          0.07780763518974715,
                          0.07312857264261698,
                          0.0888662581785871],
                         [0.3857699807719605,
                          0.3704189402106513,
                          0.07700117259815782,
                          0.09669399026736268,
                          0.11830116869470679,
                          0.05905641450837045,
                          0.11897680563583114,
                          0.09435829791337304,
                          0.12114544353716564,
                          0.12716595699268077],
                         [0.3748623224068254,
                          0.4317437030723924,
                          0.09893961915090296,
                          0.05787175788376005,
                          0.11878436664684115,
                          0.10143260121839563,
                          0.10039728543469544,
                          0.10409492041597183,
                          0.0906296682925628,
                          0.09389650176669641],
                         [0.3666902536588517,
                          0.38470361351510357,
                          0.10503273467970903,
                          0.12351959721483644,
                          0.049084950266517775,
                          0.08000811232262955,
                          0.08542609755137781,
                          0.13390220471382072,
                          0.11809767665573945,
                          0.11835639257279677],
                         [0.40043492434145495,
                          0.3877260014635799,
                          0.06485599074908754,
                          0.12241535411531271,
                          0.09896289350159382,
                          0.14675366955218982,
                          0.10773378422540485,
                          0.13075193073026353,
                          0.09701000433579299,
                          0.06168235724813953],
                         [0.3643248440612457,
                          0.438071972261865,
                          0.0770253976038218,
                          0.07626536645268944,
                          0.11032223461271354,
                          0.0667892725335323,
                          0.11690795668468205,
                          0.10548986396897866,
                          0.1124810293146394,
                          0.11148293533311597],
                         [0.3636552005088008,
                          0.3872144854536012,
                          0.11656999998313254,
                          0.045138100723891884,
                          0.09747612367905283,
                          0.12844783082430056,
                          0.08176571199453588,
                          0.1089209838816953,
                          0.11043704171972477,
                          0.0823276603442372],
                         [0.3896799594088559,
                          0.432943108585987,
                          0.056148738029830864,
                          0.07604784621302561,
                          0.11768767298509772,
                          0.032480272213411904,
                          0.0692093294949778,
                          0.16543610072868983,
                          0.10771701136731757,
                          0.051265576464386654]]},
            {'activation': 'sigmoid',
             'bias': [-0.013878390046184576,
                      0.04658872817170994,
                      -0.014583560889731652,
                      -0.0037735805985442874,
                      0.02665064247586818],
             'name': 'output',
             'neurons': [],
             'num_neurons': 5,
             'weights': [[0.06738003933315813,
                          0.10367382121282781,
                          0.09620091138450931,
                          0.04839166370838858,
                          0.11725983046236589,
                          0.15225737132190287,
                          0.13344058372170586,
                          0.11336426880518544],
                         [0.07007113972274072,
                          0.07444269835768978,
                          0.06706793731591605,
                          0.15489714591357978,
                          0.10004019934963843,
                          0.08562265323980282,
                          0.07179224570284669,
                          0.1941851687119858],
                         [0.12006897049777131,
                          0.07939152959986268,
                          0.10321100730647847,
                          0.08731028562369138,
                          0.09063155921546906,
                          0.1103516795012253,
                          0.14034001291407455,
                          0.08699551290579398],
                         [0.11651676520609965,
                          0.06946949025875607,
                          0.12448314279658736,
                          0.06170335398524664,
                          0.161035980607575,
                          0.10013274073367363,
                          0.10618663463006327,
                          0.09976273655258824],
                         [0.10534490907331526,
                          0.09300048326784759,
                          0.13620873494861677,
                          0.049717022173449366,
                          0.16239688199890265,
                          0.11193204710862453,
                          0.1030969168682545,
                          0.1036375498048846],
                         [0.09217017557253332,
                          0.11883997551751438,
                          0.1403943344623473,
                          0.10621707507723468,
                          0.05635263969624374,
                          0.10410008834849048,
                          0.06939305084878443,
                          0.11080416240610697]]}]}
{'generation': 108,
 'inputs': [],
 'layers': [{'activation': 'sigmoid',
             'bias': [0.02045372253330814,
                      -0.01290151648973928,
                      -0.022293039357867125,
                      -0.030611970892930215,
                      -0.008450406784437784,
                      -0.03573575703967746,
                      0.028848694679273493,
                      -0.020938792139270107],
             'name': 'input',
             'neurons': [<gameplay.Neuron object at 0x7f268adf7860>,
                         <gameplay.Neuron object at 0x7f268adf7828>,
                         <gameplay.Neuron object at 0x7f268adf7240>,
                         <gameplay.Neuron object at 0x7f268adf7b00>,
                         <gameplay.Neuron object at 0x7f268adf7ba8>,
                         <gameplay.Neuron object at 0x7f268adf7b38>,
                         <gameplay.Neuron object at 0x7f268adf7c88>,
                         <gameplay.Neuron object at 0x7f268adf7c50>],
             'num_neurons': 8,
             'weights': [[0.35338314997233916,
                          0.43707946899708305,
                          0.08096909024487509,
                          0.11175120023384624,
                          0.08103452998639407,
                          0.08490711962556334,
                          0.07771001174137943,
                          0.07780763518974715,
                          0.07312857264261698,
                          0.0888662581785871],
                         [0.3857699807719605,
                          0.3704189402106513,
                          0.07700117259815782,
                          0.09669399026736268,
                          0.11830116869470679,
                          0.05905641450837045,
                          0.11897680563583114,
                          0.09435829791337304,
                          0.12114544353716564,
                          0.12716595699268077],
                         [0.3748623224068254,
                          0.4317437030723924,
                          0.09893961915090296,
                          0.05787175788376005,
                          0.11878436664684115,
                          0.10143260121839563,
                          0.10039728543469544,
                          0.10409492041597183,
                          0.0906296682925628,
                          0.09389650176669641],
                         [0.3666902536588517,
                          0.38470361351510357,
                          0.10503273467970903,
                          0.12351959721483644,
                          0.049084950266517775,
                          0.08000811232262955,
                          0.08542609755137781,
                          0.13390220471382072,
                          0.11809767665573945,
                          0.11835639257279677],
                         [0.40043492434145495,
                          0.3877260014635799,
                          0.06485599074908754,
                          0.12241535411531271,
                          0.09896289350159382,
                          0.14675366955218982,
                          0.10773378422540485,
                          0.13075193073026353,
                          0.09701000433579299,
                          0.06168235724813953],
                         [0.3643248440612457,
                          0.438071972261865,
                          0.0770253976038218,
                          0.07626536645268944,
                          0.11032223461271354,
                          0.0667892725335323,
                          0.11690795668468205,
                          0.10548986396897866,
                          0.1124810293146394,
                          0.11148293533311597],
                         [0.3636552005088008,
                          0.3872144854536012,
                          0.11656999998313254,
                          0.045138100723891884,
                          0.09747612367905283,
                          0.12844783082430056,
                          0.08176571199453588,
                          0.1089209838816953,
                          0.11043704171972477,
                          0.0823276603442372],
                         [0.3896799594088559,
                          0.432943108585987,
                          0.056148738029830864,
                          0.07604784621302561,
                          0.11768767298509772,
                          0.032480272213411904,
                          0.0692093294949778,
                          0.16543610072868983,
                          0.10771701136731757,
                          0.051265576464386654]]},
            {'activation': 'sigmoid',
             'bias': [-0.013878390046184576,
                      0.04658872817170994,
                      -0.014583560889731652,
                      -0.0037735805985442874,
                      0.02665064247586818],
             'name': 'output',
             'neurons': [<gameplay.Neuron object at 0x7f268adf7cc0>,
                         <gameplay.Neuron object at 0x7f268adf7cf8>,
                         <gameplay.Neuron object at 0x7f268adf7d68>,
                         <gameplay.Neuron object at 0x7f268adf7d30>,
                         <gameplay.Neuron object at 0x7f268adf7da0>],
             'num_neurons': 5,
             'weights': [[0.06738003933315813,
                          0.10367382121282781,
                          0.09620091138450931,
                          0.04839166370838858,
                          0.11725983046236589,
                          0.15225737132190287,
                          0.13344058372170586,
                          0.11336426880518544],
                         [0.07007113972274072,
                          0.07444269835768978,
                          0.06706793731591605,
                          0.15489714591357978,
                          0.10004019934963843,
                          0.08562265323980282,
                          0.07179224570284669,
                          0.1941851687119858],
                         [0.12006897049777131,
                          0.07939152959986268,
                          0.10321100730647847,
                          0.08731028562369138,
                          0.09063155921546906,
                          0.1103516795012253,
                          0.14034001291407455,
                          0.08699551290579398],
                         [0.11651676520609965,
                          0.06946949025875607,
                          0.12448314279658736,
                          0.06170335398524664,
                          0.161035980607575,
                          0.10013274073367363,
                          0.10618663463006327,
                          0.09976273655258824],
                         [0.10534490907331526,
                          0.09300048326784759,
                          0.13620873494861677,
                          0.049717022173449366,
                          0.16239688199890265,
                          0.11193204710862453,
                          0.1030969168682545,
                          0.1036375498048846],
                         [0.09217017557253332,
                          0.11883997551751438,
                          0.1403943344623473,
                          0.10621707507723468,
                          0.05635263969624374,
                          0.10410008834849048,
                          0.06939305084878443,
                          0.11080416240610697]]}]}
load_tensorflow_graph: path = tensorflow/mario-model-simple-2019-07-17/frozen_inference_graph.pb
object_detection_graph = <tensorflow.python.framework.ops.Graph object at 0x7f268adf7e48>
Doing start sequence
Sleeping one second
sending start
sending empty
Found black world screen for the second time. exiting.



Seconds left: 393
Moves to the right: 18
