pygame 1.9.6
Hello from the pygame community. https://www.pygame.org/contribute.html
Loading neural net from gameplay_neural_nets/43/3.nn
net = {'generation': 39,
 'inputs': [],
 'layers': [{'activation': 'sigmoid',
             'bias': [0.01645332778219348,
                      -0.01408404301686297,
                      0.020582062440167463,
                      -0.008755880381194998,
                      0.019348844965115377,
                      -0.014525606259422792,
                      0.0019668599908604567,
                      -0.018714073463071343],
             'name': 'input',
             'neurons': [],
             'num_neurons': 8,
             'weights': [[0.3840252514884854,
                          0.391226660179249,
                          0.11283614961486181,
                          0.13165293699974456,
                          0.11803450189386132,
                          0.08808037527035067,
                          0.11319205981579707,
                          0.11279711138272104,
                          0.08434799018330891,
                          0.08902783464650264],
                         [0.3792702311918261,
                          0.416757895373356,
                          0.10938988295725802,
                          0.10851290477774478,
                          0.09683999516451428,
                          0.08029309558518606,
                          0.10842785489872139,
                          0.0938680953945878,
                          0.10509176425443649,
                          0.10168537096409232],
                         [0.3781630255955599,
                          0.4235392877352643,
                          0.11418340007685228,
                          0.08484919601139712,
                          0.09960836834272194,
                          0.10581995148662926,
                          0.08627117441338228,
                          0.09130868756393574,
                          0.11043264327746047,
                          0.09562260784099419],
                         [0.3951672173370961,
                          0.3713596475338223,
                          0.0954146920469446,
                          0.1073068978498314,
                          0.06928774520555192,
                          0.10488932183457672,
                          0.10382941578869904,
                          0.10099485479844296,
                          0.08872018658288858,
                          0.10990620415166112],
                         [0.3821466123115577,
                          0.4013214244535427,
                          0.07795775445387768,
                          0.12070007282911974,
                          0.08497377731351392,
                          0.11283009894189068,
                          0.10165938614929614,
                          0.13039399291048734,
                          0.09729779136786644,
                          0.10106895666017582],
                         [0.36413220665160534,
                          0.4023657152283068,
                          0.06976464735469387,
                          0.09120217476645041,
                          0.1219262946200923,
                          0.10517264918992898,
                          0.10519670558428089,
                          0.1005762642489506,
                          0.09933660033607873,
                          0.11983045605416391],
                         [0.39552004374060873,
                          0.379890913128577,
                          0.11088106335812509,
                          0.057850973763987235,
                          0.10641287669415911,
                          0.09043242290620332,
                          0.0982605136319308,
                          0.11305334460726758,
                          0.10611843217369561,
                          0.07354779308782829],
                         [0.4053114463630824,
                          0.4018157825891165,
                          0.0980674662509397,
                          0.06416634231356434,
                          0.13216350772039256,
                          0.0789946057602328,
                          0.08946557061311265,
                          0.1325508109428738,
                          0.07886193133110567,
                          0.08880029805001541]]},
            {'activation': 'sigmoid',
             'bias': [-0.021978791252266823,
                      0.03171654405752193,
                      0.007381774493884111,
                      0.025132302757422002,
                      0.021579576927750102],
             'name': 'output',
             'neurons': [],
             'num_neurons': 5,
             'weights': [[0.0810710499293628,
                          0.08400933034953414,
                          0.10213596132453796,
                          0.08103251020757687,
                          0.10156126894793469,
                          0.12537465489010735,
                          0.12280238665205104,
                          0.08388458167278191],
                         [0.0783017294030907,
                          0.08295584144355013,
                          0.08308488114376887,
                          0.12620061542252717,
                          0.10172772816984459,
                          0.09111608113930807,
                          0.08742002860614398,
                          0.1239830847394307],
                         [0.11189968708082067,
                          0.09041943633956702,
                          0.1133164342582489,
                          0.09789169012219626,
                          0.09686526019437498,
                          0.09892299418301911,
                          0.1105693888993672,
                          0.08971799253917155],
                         [0.10938247466973132,
                          0.06399290745352139,
                          0.11777621927033921,
                          0.0917071779903168,
                          0.11038898401483653,
                          0.11578897060499746,
                          0.1079643091124917,
                          0.1041437721603865],
                         [0.10809898846781743,
                          0.09549210411285011,
                          0.13428567524365617,
                          0.0692984812385782,
                          0.13496590656997898,
                          0.10721187621434639,
                          0.09928787121509369,
                          0.0909200980447931],
                         [0.09275959924903146,
                          0.0958746779909629,
                          0.12382232852564415,
                          0.0922320041424367,
                          0.08013676577108952,
                          0.1228446478535102,
                          0.102472813212858,
                          0.09497637866124456]]}]}
{'generation': 39,
 'inputs': [],
 'layers': [{'activation': 'sigmoid',
             'bias': [0.01645332778219348,
                      -0.01408404301686297,
                      0.020582062440167463,
                      -0.008755880381194998,
                      0.019348844965115377,
                      -0.014525606259422792,
                      0.0019668599908604567,
                      -0.018714073463071343],
             'name': 'input',
             'neurons': [<gameplay.Neuron object at 0x7fa805f69860>,
                         <gameplay.Neuron object at 0x7fa805f69828>,
                         <gameplay.Neuron object at 0x7fa805f69240>,
                         <gameplay.Neuron object at 0x7fa805f69b00>,
                         <gameplay.Neuron object at 0x7fa805f69ba8>,
                         <gameplay.Neuron object at 0x7fa805f69b38>,
                         <gameplay.Neuron object at 0x7fa805f69c88>,
                         <gameplay.Neuron object at 0x7fa805f69c50>],
             'num_neurons': 8,
             'weights': [[0.3840252514884854,
                          0.391226660179249,
                          0.11283614961486181,
                          0.13165293699974456,
                          0.11803450189386132,
                          0.08808037527035067,
                          0.11319205981579707,
                          0.11279711138272104,
                          0.08434799018330891,
                          0.08902783464650264],
                         [0.3792702311918261,
                          0.416757895373356,
                          0.10938988295725802,
                          0.10851290477774478,
                          0.09683999516451428,
                          0.08029309558518606,
                          0.10842785489872139,
                          0.0938680953945878,
                          0.10509176425443649,
                          0.10168537096409232],
                         [0.3781630255955599,
                          0.4235392877352643,
                          0.11418340007685228,
                          0.08484919601139712,
                          0.09960836834272194,
                          0.10581995148662926,
                          0.08627117441338228,
                          0.09130868756393574,
                          0.11043264327746047,
                          0.09562260784099419],
                         [0.3951672173370961,
                          0.3713596475338223,
                          0.0954146920469446,
                          0.1073068978498314,
                          0.06928774520555192,
                          0.10488932183457672,
                          0.10382941578869904,
                          0.10099485479844296,
                          0.08872018658288858,
                          0.10990620415166112],
                         [0.3821466123115577,
                          0.4013214244535427,
                          0.07795775445387768,
                          0.12070007282911974,
                          0.08497377731351392,
                          0.11283009894189068,
                          0.10165938614929614,
                          0.13039399291048734,
                          0.09729779136786644,
                          0.10106895666017582],
                         [0.36413220665160534,
                          0.4023657152283068,
                          0.06976464735469387,
                          0.09120217476645041,
                          0.1219262946200923,
                          0.10517264918992898,
                          0.10519670558428089,
                          0.1005762642489506,
                          0.09933660033607873,
                          0.11983045605416391],
                         [0.39552004374060873,
                          0.379890913128577,
                          0.11088106335812509,
                          0.057850973763987235,
                          0.10641287669415911,
                          0.09043242290620332,
                          0.0982605136319308,
                          0.11305334460726758,
                          0.10611843217369561,
                          0.07354779308782829],
                         [0.4053114463630824,
                          0.4018157825891165,
                          0.0980674662509397,
                          0.06416634231356434,
                          0.13216350772039256,
                          0.0789946057602328,
                          0.08946557061311265,
                          0.1325508109428738,
                          0.07886193133110567,
                          0.08880029805001541]]},
            {'activation': 'sigmoid',
             'bias': [-0.021978791252266823,
                      0.03171654405752193,
                      0.007381774493884111,
                      0.025132302757422002,
                      0.021579576927750102],
             'name': 'output',
             'neurons': [<gameplay.Neuron object at 0x7fa805f69cc0>,
                         <gameplay.Neuron object at 0x7fa805f69cf8>,
                         <gameplay.Neuron object at 0x7fa805f69d68>,
                         <gameplay.Neuron object at 0x7fa805f69d30>,
                         <gameplay.Neuron object at 0x7fa805f69da0>],
             'num_neurons': 5,
             'weights': [[0.0810710499293628,
                          0.08400933034953414,
                          0.10213596132453796,
                          0.08103251020757687,
                          0.10156126894793469,
                          0.12537465489010735,
                          0.12280238665205104,
                          0.08388458167278191],
                         [0.0783017294030907,
                          0.08295584144355013,
                          0.08308488114376887,
                          0.12620061542252717,
                          0.10172772816984459,
                          0.09111608113930807,
                          0.08742002860614398,
                          0.1239830847394307],
                         [0.11189968708082067,
                          0.09041943633956702,
                          0.1133164342582489,
                          0.09789169012219626,
                          0.09686526019437498,
                          0.09892299418301911,
                          0.1105693888993672,
                          0.08971799253917155],
                         [0.10938247466973132,
                          0.06399290745352139,
                          0.11777621927033921,
                          0.0917071779903168,
                          0.11038898401483653,
                          0.11578897060499746,
                          0.1079643091124917,
                          0.1041437721603865],
                         [0.10809898846781743,
                          0.09549210411285011,
                          0.13428567524365617,
                          0.0692984812385782,
                          0.13496590656997898,
                          0.10721187621434639,
                          0.09928787121509369,
                          0.0909200980447931],
                         [0.09275959924903146,
                          0.0958746779909629,
                          0.12382232852564415,
                          0.0922320041424367,
                          0.08013676577108952,
                          0.1228446478535102,
                          0.102472813212858,
                          0.09497637866124456]]}]}
load_tensorflow_graph: path = tensorflow/mario-model-simple-2019-07-17/frozen_inference_graph.pb
object_detection_graph = <tensorflow.python.framework.ops.Graph object at 0x7fa805f69e48>
Doing start sequence
Sleeping one second
sending start
sending empty
Found black world screen for the second time. exiting.



Seconds left: 380
Moves to the right: 45
