pygame 1.9.6
Hello from the pygame community. https://www.pygame.org/contribute.html
Loading neural net from gameplay_neural_nets/77/2.nn
net = {'generation': 70,
 'inputs': [],
 'layers': [{'activation': 'sigmoid',
             'bias': [0.017737551822232585,
                      -0.013930688324724346,
                      0.008367185966642706,
                      -0.021293741145760797,
                      0.01840399013623456,
                      -0.03049979023630337,
                      0.011328972498525066,
                      -0.016934179868047065],
             'name': 'input',
             'neurons': [],
             'num_neurons': 8,
             'weights': [[0.3682738622786039,
                          0.4142141289428642,
                          0.11155712369234323,
                          0.13083091156104096,
                          0.10799375527364315,
                          0.08838013343134699,
                          0.09117220808070318,
                          0.1190014954413568,
                          0.08250158651494664,
                          0.0998560950810327],
                         [0.3825790546903861,
                          0.3813118925950652,
                          0.0991597988823857,
                          0.10303935582787935,
                          0.08674878618593784,
                          0.08778997664540447,
                          0.10533679026976715,
                          0.09678779674033725,
                          0.10379646298848591,
                          0.11928466830233064],
                         [0.36669465662642337,
                          0.43429709545002015,
                          0.08725497001170028,
                          0.07583754825847726,
                          0.10974787246084639,
                          0.10882278974165667,
                          0.09650024288709419,
                          0.10074638543382188,
                          0.11211859829840118,
                          0.09138782068620988],
                         [0.3976061247933509,
                          0.4008098025333649,
                          0.09047684340805084,
                          0.10707471823502339,
                          0.06188515043022338,
                          0.09786584694236933,
                          0.10061033605817662,
                          0.1184444791129682,
                          0.09286863806712031,
                          0.11433970069176255],
                         [0.3797435589483498,
                          0.394836521314859,
                          0.048309294074893025,
                          0.12235977827537546,
                          0.08839171459826083,
                          0.12982363990725287,
                          0.11167165987067776,
                          0.12410121266748039,
                          0.09810862724102574,
                          0.0691214511651125],
                         [0.3660028032687566,
                          0.4099560658714259,
                          0.08067663938349048,
                          0.09686865360538562,
                          0.10733891452937994,
                          0.0793948127136725,
                          0.10008190810250849,
                          0.11473653666489962,
                          0.12159803670227769,
                          0.10667866070747914],
                         [0.3796070285075073,
                          0.3856233772694175,
                          0.1118999937854731,
                          0.05442770815527058,
                          0.11305431691704373,
                          0.09166621607143773,
                          0.0918621461683314,
                          0.12285675819362515,
                          0.11780452382134515,
                          0.06024714786346287],
                         [0.3918926318430741,
                          0.41671445543153196,
                          0.0750006626016055,
                          0.07626634781737077,
                          0.11359265697218932,
                          0.0604125060256782,
                          0.06011518785126331,
                          0.14646598266274283,
                          0.08176741529965463,
                          0.07884210855566011]]},
            {'activation': 'sigmoid',
             'bias': [-0.018785206945570544,
                      0.030339722838015108,
                      0.0070870183682971,
                      -0.01361686657480158,
                      0.018581627989594382],
             'name': 'output',
             'neurons': [],
             'num_neurons': 5,
             'weights': [[0.0735886197779419,
                          0.0878001858456932,
                          0.10007998946109165,
                          0.07049958208910756,
                          0.09110111397852433,
                          0.13161787676031084,
                          0.12684197988306606,
                          0.07906574139142117],
                         [0.07104551642829376,
                          0.08089746280550308,
                          0.06960843838407549,
                          0.13906850917159255,
                          0.0768295096615311,
                          0.0851170753985076,
                          0.09227013761020093,
                          0.1613121816229803],
                         [0.10372209480420222,
                          0.07650295522288146,
                          0.12123522645591026,
                          0.09237758587458247,
                          0.10319601352794223,
                          0.10639357448400007,
                          0.1404126935444548,
                          0.08193393813096676],
                         [0.10656944792502068,
                          0.07532128581288351,
                          0.11138179037405646,
                          0.06778847567871392,
                          0.12462206792070002,
                          0.10671101580408555,
                          0.10550967686213421,
                          0.10595266172074298],
                         [0.11296992008275403,
                          0.10274009038934995,
                          0.130895566675704,
                          0.06447732863136724,
                          0.16843599216786284,
                          0.1157377114729365,
                          0.09609362346733857,
                          0.09529505400580614],
                         [0.10830828999344363,
                          0.11295806375996056,
                          0.13214105821107056,
                          0.09187037775153288,
                          0.07300361472307641,
                          0.11018563645301602,
                          0.06931580500546955,
                          0.10387341276950325]]}]}
{'generation': 70,
 'inputs': [],
 'layers': [{'activation': 'sigmoid',
             'bias': [0.017737551822232585,
                      -0.013930688324724346,
                      0.008367185966642706,
                      -0.021293741145760797,
                      0.01840399013623456,
                      -0.03049979023630337,
                      0.011328972498525066,
                      -0.016934179868047065],
             'name': 'input',
             'neurons': [<gameplay.Neuron object at 0x7fc814775860>,
                         <gameplay.Neuron object at 0x7fc814775828>,
                         <gameplay.Neuron object at 0x7fc814775240>,
                         <gameplay.Neuron object at 0x7fc814775b00>,
                         <gameplay.Neuron object at 0x7fc814775ba8>,
                         <gameplay.Neuron object at 0x7fc814775b38>,
                         <gameplay.Neuron object at 0x7fc814775c88>,
                         <gameplay.Neuron object at 0x7fc814775c50>],
             'num_neurons': 8,
             'weights': [[0.3682738622786039,
                          0.4142141289428642,
                          0.11155712369234323,
                          0.13083091156104096,
                          0.10799375527364315,
                          0.08838013343134699,
                          0.09117220808070318,
                          0.1190014954413568,
                          0.08250158651494664,
                          0.0998560950810327],
                         [0.3825790546903861,
                          0.3813118925950652,
                          0.0991597988823857,
                          0.10303935582787935,
                          0.08674878618593784,
                          0.08778997664540447,
                          0.10533679026976715,
                          0.09678779674033725,
                          0.10379646298848591,
                          0.11928466830233064],
                         [0.36669465662642337,
                          0.43429709545002015,
                          0.08725497001170028,
                          0.07583754825847726,
                          0.10974787246084639,
                          0.10882278974165667,
                          0.09650024288709419,
                          0.10074638543382188,
                          0.11211859829840118,
                          0.09138782068620988],
                         [0.3976061247933509,
                          0.4008098025333649,
                          0.09047684340805084,
                          0.10707471823502339,
                          0.06188515043022338,
                          0.09786584694236933,
                          0.10061033605817662,
                          0.1184444791129682,
                          0.09286863806712031,
                          0.11433970069176255],
                         [0.3797435589483498,
                          0.394836521314859,
                          0.048309294074893025,
                          0.12235977827537546,
                          0.08839171459826083,
                          0.12982363990725287,
                          0.11167165987067776,
                          0.12410121266748039,
                          0.09810862724102574,
                          0.0691214511651125],
                         [0.3660028032687566,
                          0.4099560658714259,
                          0.08067663938349048,
                          0.09686865360538562,
                          0.10733891452937994,
                          0.0793948127136725,
                          0.10008190810250849,
                          0.11473653666489962,
                          0.12159803670227769,
                          0.10667866070747914],
                         [0.3796070285075073,
                          0.3856233772694175,
                          0.1118999937854731,
                          0.05442770815527058,
                          0.11305431691704373,
                          0.09166621607143773,
                          0.0918621461683314,
                          0.12285675819362515,
                          0.11780452382134515,
                          0.06024714786346287],
                         [0.3918926318430741,
                          0.41671445543153196,
                          0.0750006626016055,
                          0.07626634781737077,
                          0.11359265697218932,
                          0.0604125060256782,
                          0.06011518785126331,
                          0.14646598266274283,
                          0.08176741529965463,
                          0.07884210855566011]]},
            {'activation': 'sigmoid',
             'bias': [-0.018785206945570544,
                      0.030339722838015108,
                      0.0070870183682971,
                      -0.01361686657480158,
                      0.018581627989594382],
             'name': 'output',
             'neurons': [<gameplay.Neuron object at 0x7fc814775cc0>,
                         <gameplay.Neuron object at 0x7fc814775cf8>,
                         <gameplay.Neuron object at 0x7fc814775d68>,
                         <gameplay.Neuron object at 0x7fc814775d30>,
                         <gameplay.Neuron object at 0x7fc814775da0>],
             'num_neurons': 5,
             'weights': [[0.0735886197779419,
                          0.0878001858456932,
                          0.10007998946109165,
                          0.07049958208910756,
                          0.09110111397852433,
                          0.13161787676031084,
                          0.12684197988306606,
                          0.07906574139142117],
                         [0.07104551642829376,
                          0.08089746280550308,
                          0.06960843838407549,
                          0.13906850917159255,
                          0.0768295096615311,
                          0.0851170753985076,
                          0.09227013761020093,
                          0.1613121816229803],
                         [0.10372209480420222,
                          0.07650295522288146,
                          0.12123522645591026,
                          0.09237758587458247,
                          0.10319601352794223,
                          0.10639357448400007,
                          0.1404126935444548,
                          0.08193393813096676],
                         [0.10656944792502068,
                          0.07532128581288351,
                          0.11138179037405646,
                          0.06778847567871392,
                          0.12462206792070002,
                          0.10671101580408555,
                          0.10550967686213421,
                          0.10595266172074298],
                         [0.11296992008275403,
                          0.10274009038934995,
                          0.130895566675704,
                          0.06447732863136724,
                          0.16843599216786284,
                          0.1157377114729365,
                          0.09609362346733857,
                          0.09529505400580614],
                         [0.10830828999344363,
                          0.11295806375996056,
                          0.13214105821107056,
                          0.09187037775153288,
                          0.07300361472307641,
                          0.11018563645301602,
                          0.06931580500546955,
                          0.10387341276950325]]}]}
load_tensorflow_graph: path = tensorflow/mario-model-simple-2019-07-17/frozen_inference_graph.pb
object_detection_graph = <tensorflow.python.framework.ops.Graph object at 0x7fc814775e48>
Doing start sequence
Sleeping one second
sending start
sending empty
Found black world screen for the second time. exiting.



Seconds left: 379
Moves to the right: 42
