pygame 1.9.6
Hello from the pygame community. https://www.pygame.org/contribute.html
Loading neural net from gameplay_neural_nets/33/10.nn
net = {'generation': 29,
 'inputs': [],
 'layers': [{'activation': 'sigmoid',
             'bias': [-0.014021463200386244,
                      0.044636255180544655,
                      -0.03900961160789203,
                      -0.01613302084822104,
                      0.01237281654615218,
                      0.02442771716965523,
                      0.0010558811916628556,
                      -0.012709122946062289],
             'name': 'input',
             'neurons': [],
             'num_neurons': 8,
             'weights': [[0.44394179049108856,
                          0.4873952629747825,
                          0.5120139355145459,
                          0.49586610566752237,
                          0.5071312744427213,
                          0.4758569929958488,
                          0.4959764745803204,
                          0.48861297009394866,
                          0.4928938923085693,
                          0.5343799764062889],
                         [0.4871906085771592,
                          0.4850162663132216,
                          0.5259998184550212,
                          0.5146822915300546,
                          0.5123231959228017,
                          0.49085435976636554,
                          0.474147307786957,
                          0.46537721251396424,
                          0.527719235404895,
                          0.534422604547025],
                         [0.5359910187978152,
                          0.507803616822714,
                          0.5091730734831414,
                          0.5021389060264424,
                          0.45858791371052277,
                          0.490419453523532,
                          0.5178461188499149,
                          0.47577022061011803,
                          0.49540442692782966,
                          0.509728121153718],
                         [0.5094790658550048,
                          0.49563251314066237,
                          0.4863775919181305,
                          0.44542492365347514,
                          0.46944312637229163,
                          0.5101592865656819,
                          0.5261649230658213,
                          0.4736769002891236,
                          0.5046704709798511,
                          0.5043197314703378],
                         [0.49725968295468165,
                          0.5317161435037276,
                          0.4967749774553313,
                          0.49591643358330173,
                          0.5028717341226455,
                          0.5103573039202499,
                          0.5275699112380114,
                          0.5108352070036126,
                          0.5045256888549563,
                          0.5226816800528838],
                         [0.4821612235926895,
                          0.5307036852678835,
                          0.49004311259673694,
                          0.5313791608934824,
                          0.503644483156038,
                          0.4898557274004431,
                          0.5468486537656706,
                          0.47709007565252337,
                          0.509711138797115,
                          0.4532398212797208],
                         [0.526156963765703,
                          0.5101609838368413,
                          0.5316049307948187,
                          0.5196339050423449,
                          0.4972760116492245,
                          0.49399401902590945,
                          0.5069661350556854,
                          0.5138381290156228,
                          0.5100260541105166,
                          0.5011562444705362],
                         [0.46815349765342956,
                          0.505440795182671,
                          0.4932671120132266,
                          0.5403185921241893,
                          0.5028587693023298,
                          0.5054360271699515,
                          0.4758021866512346,
                          0.48253015183705317,
                          0.46512273591245545,
                          0.49753140769167525]]},
            {'activation': 'sigmoid',
             'bias': [-0.020878355188021107,
                      -0.016626210386771974,
                      -0.034843894644809845,
                      0.006352031204423042,
                      -0.0022274990921968205,
                      -0.04533135108172316],
             'name': 'hidden1',
             'neurons': [],
             'num_neurons': 6,
             'weights': [[0.4978090960237046,
                          0.4799485626367571,
                          0.4907329646560439,
                          0.46691623904294555,
                          0.5264276492571217,
                          0.4965970599684675,
                          0.5006301203324547,
                          0.5215123847046285],
                         [0.5101255632821217,
                          0.5207435272584188,
                          0.5093314023883334,
                          0.5084768930577702,
                          0.45321772549803313,
                          0.5214820188278156,
                          0.4740011614255436,
                          0.5096300664395043],
                         [0.5027175870266161,
                          0.5136100124363507,
                          0.5241171848676509,
                          0.5147232569406236,
                          0.5242062268320821,
                          0.51528397217294,
                          0.515185878851169,
                          0.5067058178823672],
                         [0.5233427535329644,
                          0.4845448137790719,
                          0.4940863947482101,
                          0.5016358116272535,
                          0.4749253157508651,
                          0.5227568160412389,
                          0.467548643580075,
                          0.5003181318666841],
                         [0.4826210074203616,
                          0.5448116328747069,
                          0.5006313844325698,
                          0.5104272439329292,
                          0.4906563258479516,
                          0.5221909438496402,
                          0.5121878841850097,
                          0.5000774017687282],
                         [0.4758451072541033,
                          0.46887662819863557,
                          0.48625392511041726,
                          0.47687262478827164,
                          0.4909017503186809,
                          0.4778845510916077,
                          0.47230705352074637,
                          0.4897516035208911],
                         [0.4789193908970704,
                          0.46584963536459517,
                          0.5266042308328633,
                          0.5040851303421352,
                          0.49110444167870215,
                          0.4917887872119942,
                          0.54169961016011,
                          0.4858533279470775],
                         [0.5123649352121605,
                          0.501912624942902,
                          0.49613662478219894,
                          0.5232541344670617,
                          0.5143711503627236,
                          0.46542027499285815,
                          0.4966630357795473,
                          0.475328645328476]]},
            {'activation': 'sigmoid',
             'bias': [-0.019490790267983064,
                      0.003080519181059149,
                      0.0063117137040905715,
                      0.006377262531523141,
                      0.028691982935930626],
             'name': 'output',
             'neurons': [],
             'num_neurons': 5,
             'weights': [[0.4833637886171502,
                          0.4836658043139101,
                          0.5151956846854745,
                          0.4831378790671364,
                          0.4942881136764814,
                          0.5111614933697927],
                         [0.5145810132666206,
                          0.5353613601353128,
                          0.4700396546199438,
                          0.500207905011306,
                          0.49697554541870653,
                          0.5085633975182604],
                         [0.5005849100873383,
                          0.5081224803263003,
                          0.5040564848915129,
                          0.5006441576636057,
                          0.5133424496657918,
                          0.5000425337927241],
                         [0.5021754757679833,
                          0.4709373751809877,
                          0.5115836245031151,
                          0.49132242676169813,
                          0.49526158966594935,
                          0.48595780960773133],
                         [0.5140800303718602,
                          0.5170559016216505,
                          0.4966516282420447,
                          0.5282135194376801,
                          0.5020045246463184,
                          0.47693765371739627],
                         [0.47438223298148186,
                          0.515560170144082,
                          0.5013429598565421,
                          0.4631613593563082,
                          0.4863328851539032,
                          0.48219984024454576]]}]}
{'generation': 29,
 'inputs': [],
 'layers': [{'activation': 'sigmoid',
             'bias': [-0.014021463200386244,
                      0.044636255180544655,
                      -0.03900961160789203,
                      -0.01613302084822104,
                      0.01237281654615218,
                      0.02442771716965523,
                      0.0010558811916628556,
                      -0.012709122946062289],
             'name': 'input',
             'neurons': [<gameplay.Neuron object at 0x7fdce4e89828>,
                         <gameplay.Neuron object at 0x7fdce4e897f0>,
                         <gameplay.Neuron object at 0x7fdce4e89208>,
                         <gameplay.Neuron object at 0x7fdce4e89b38>,
                         <gameplay.Neuron object at 0x7fdce4e89be0>,
                         <gameplay.Neuron object at 0x7fdce4e89b70>,
                         <gameplay.Neuron object at 0x7fdce4e89c88>,
                         <gameplay.Neuron object at 0x7fdce4e89cc0>],
             'num_neurons': 8,
             'weights': [[0.44394179049108856,
                          0.4873952629747825,
                          0.5120139355145459,
                          0.49586610566752237,
                          0.5071312744427213,
                          0.4758569929958488,
                          0.4959764745803204,
                          0.48861297009394866,
                          0.4928938923085693,
                          0.5343799764062889],
                         [0.4871906085771592,
                          0.4850162663132216,
                          0.5259998184550212,
                          0.5146822915300546,
                          0.5123231959228017,
                          0.49085435976636554,
                          0.474147307786957,
                          0.46537721251396424,
                          0.527719235404895,
                          0.534422604547025],
                         [0.5359910187978152,
                          0.507803616822714,
                          0.5091730734831414,
                          0.5021389060264424,
                          0.45858791371052277,
                          0.490419453523532,
                          0.5178461188499149,
                          0.47577022061011803,
                          0.49540442692782966,
                          0.509728121153718],
                         [0.5094790658550048,
                          0.49563251314066237,
                          0.4863775919181305,
                          0.44542492365347514,
                          0.46944312637229163,
                          0.5101592865656819,
                          0.5261649230658213,
                          0.4736769002891236,
                          0.5046704709798511,
                          0.5043197314703378],
                         [0.49725968295468165,
                          0.5317161435037276,
                          0.4967749774553313,
                          0.49591643358330173,
                          0.5028717341226455,
                          0.5103573039202499,
                          0.5275699112380114,
                          0.5108352070036126,
                          0.5045256888549563,
                          0.5226816800528838],
                         [0.4821612235926895,
                          0.5307036852678835,
                          0.49004311259673694,
                          0.5313791608934824,
                          0.503644483156038,
                          0.4898557274004431,
                          0.5468486537656706,
                          0.47709007565252337,
                          0.509711138797115,
                          0.4532398212797208],
                         [0.526156963765703,
                          0.5101609838368413,
                          0.5316049307948187,
                          0.5196339050423449,
                          0.4972760116492245,
                          0.49399401902590945,
                          0.5069661350556854,
                          0.5138381290156228,
                          0.5100260541105166,
                          0.5011562444705362],
                         [0.46815349765342956,
                          0.505440795182671,
                          0.4932671120132266,
                          0.5403185921241893,
                          0.5028587693023298,
                          0.5054360271699515,
                          0.4758021866512346,
                          0.48253015183705317,
                          0.46512273591245545,
                          0.49753140769167525]]},
            {'activation': 'sigmoid',
             'bias': [-0.020878355188021107,
                      -0.016626210386771974,
                      -0.034843894644809845,
                      0.006352031204423042,
                      -0.0022274990921968205,
                      -0.04533135108172316],
             'name': 'hidden1',
             'neurons': [<gameplay.Neuron object at 0x7fdce4e89cf8>,
                         <gameplay.Neuron object at 0x7fdce4e89d30>,
                         <gameplay.Neuron object at 0x7fdce4e89da0>,
                         <gameplay.Neuron object at 0x7fdce4e89d68>,
                         <gameplay.Neuron object at 0x7fdce4e89dd8>,
                         <gameplay.Neuron object at 0x7fdce4e89e48>],
             'num_neurons': 6,
             'weights': [[0.4978090960237046,
                          0.4799485626367571,
                          0.4907329646560439,
                          0.46691623904294555,
                          0.5264276492571217,
                          0.4965970599684675,
                          0.5006301203324547,
                          0.5215123847046285],
                         [0.5101255632821217,
                          0.5207435272584188,
                          0.5093314023883334,
                          0.5084768930577702,
                          0.45321772549803313,
                          0.5214820188278156,
                          0.4740011614255436,
                          0.5096300664395043],
                         [0.5027175870266161,
                          0.5136100124363507,
                          0.5241171848676509,
                          0.5147232569406236,
                          0.5242062268320821,
                          0.51528397217294,
                          0.515185878851169,
                          0.5067058178823672],
                         [0.5233427535329644,
                          0.4845448137790719,
                          0.4940863947482101,
                          0.5016358116272535,
                          0.4749253157508651,
                          0.5227568160412389,
                          0.467548643580075,
                          0.5003181318666841],
                         [0.4826210074203616,
                          0.5448116328747069,
                          0.5006313844325698,
                          0.5104272439329292,
                          0.4906563258479516,
                          0.5221909438496402,
                          0.5121878841850097,
                          0.5000774017687282],
                         [0.4758451072541033,
                          0.46887662819863557,
                          0.48625392511041726,
                          0.47687262478827164,
                          0.4909017503186809,
                          0.4778845510916077,
                          0.47230705352074637,
                          0.4897516035208911],
                         [0.4789193908970704,
                          0.46584963536459517,
                          0.5266042308328633,
                          0.5040851303421352,
                          0.49110444167870215,
                          0.4917887872119942,
                          0.54169961016011,
                          0.4858533279470775],
                         [0.5123649352121605,
                          0.501912624942902,
                          0.49613662478219894,
                          0.5232541344670617,
                          0.5143711503627236,
                          0.46542027499285815,
                          0.4966630357795473,
                          0.475328645328476]]},
            {'activation': 'sigmoid',
             'bias': [-0.019490790267983064,
                      0.003080519181059149,
                      0.0063117137040905715,
                      0.006377262531523141,
                      0.028691982935930626],
             'name': 'output',
             'neurons': [<gameplay.Neuron object at 0x7fdce4e89e10>,
                         <gameplay.Neuron object at 0x7fdce4e89e80>,
                         <gameplay.Neuron object at 0x7fdce4e89ba8>,
                         <gameplay.Neuron object at 0x7fdce4e89c18>,
                         <gameplay.Neuron object at 0x7fdce4e89c50>],
             'num_neurons': 5,
             'weights': [[0.4833637886171502,
                          0.4836658043139101,
                          0.5151956846854745,
                          0.4831378790671364,
                          0.4942881136764814,
                          0.5111614933697927],
                         [0.5145810132666206,
                          0.5353613601353128,
                          0.4700396546199438,
                          0.500207905011306,
                          0.49697554541870653,
                          0.5085633975182604],
                         [0.5005849100873383,
                          0.5081224803263003,
                          0.5040564848915129,
                          0.5006441576636057,
                          0.5133424496657918,
                          0.5000425337927241],
                         [0.5021754757679833,
                          0.4709373751809877,
                          0.5115836245031151,
                          0.49132242676169813,
                          0.49526158966594935,
                          0.48595780960773133],
                         [0.5140800303718602,
                          0.5170559016216505,
                          0.4966516282420447,
                          0.5282135194376801,
                          0.5020045246463184,
                          0.47693765371739627],
                         [0.47438223298148186,
                          0.515560170144082,
                          0.5013429598565421,
                          0.4631613593563082,
                          0.4863328851539032,
                          0.48219984024454576]]}]}
load_tensorflow_graph: path = tensorflow/mario-model-simple-2019-07-17/frozen_inference_graph.pb
object_detection_graph = <tensorflow.python.framework.ops.Graph object at 0x7fdce4e89f98>
Doing start sequence
Sleeping one second
sending start
sending empty
Found black world screen for the second time. exiting.



Seconds left: 307
Moves to the right: 231
frame count: 353
time start:  1568164228.131004,   time_now: 1568164264.4514573
