pygame 1.9.6
Hello from the pygame community. https://www.pygame.org/contribute.html
Loading neural net from gameplay_neural_nets/33/2.nn
net = {'generation': 29,
 'inputs': [],
 'layers': [{'activation': 'sigmoid',
             'bias': [-0.006924440604711575,
                      0.03851064363601976,
                      -0.02263511584726635,
                      -0.021684180558561895,
                      0.011394320372099483,
                      0.024254339332126677,
                      0.0022243958520419514,
                      -0.012709122946062289],
             'name': 'input',
             'neurons': [],
             'num_neurons': 8,
             'weights': [[0.4512464893570897,
                          0.4873952629747825,
                          0.5034117616707326,
                          0.49749364017571346,
                          0.5152816181679875,
                          0.4735402158746597,
                          0.4959764745803204,
                          0.48861297009394866,
                          0.5000768035081216,
                          0.5343799764062889],
                         [0.4871906085771592,
                          0.4779507573729789,
                          0.5200662219948599,
                          0.5146822915300546,
                          0.5123231959228017,
                          0.49085435976636554,
                          0.4755379819971937,
                          0.4615600939372404,
                          0.527719235404895,
                          0.5437116586685038],
                         [0.5359910187978152,
                          0.507803616822714,
                          0.5040166938124039,
                          0.5021389060264424,
                          0.45858791371052277,
                          0.490419453523532,
                          0.5243714756562118,
                          0.474798843192104,
                          0.49540442692782966,
                          0.5121008875009313],
                         [0.5065679250474124,
                          0.49563251314066237,
                          0.494514431448395,
                          0.44542492365347514,
                          0.4803525717170285,
                          0.5101592865656819,
                          0.5165237154696822,
                          0.4736769002891236,
                          0.5046704709798511,
                          0.5043197314703378],
                         [0.5096426696362397,
                          0.5240973382801981,
                          0.4940784907495631,
                          0.49866724016093444,
                          0.5022883342544291,
                          0.5059278615778698,
                          0.5204348395386372,
                          0.5026065209886215,
                          0.5045256888549563,
                          0.5226816800528838],
                         [0.47489894365104807,
                          0.5307036852678835,
                          0.49004311259673694,
                          0.5295843221881722,
                          0.503644483156038,
                          0.4898557274004431,
                          0.5468486537656706,
                          0.47709007565252337,
                          0.512825101347165,
                          0.4472344792532583],
                         [0.5254249394881683,
                          0.5174610090143507,
                          0.524108241107688,
                          0.5196339050423449,
                          0.5015067796445397,
                          0.49399401902590945,
                          0.4873899315681171,
                          0.5138381290156228,
                          0.5100260541105166,
                          0.499871187986089],
                         [0.46815349765342956,
                          0.5044058924739937,
                          0.4941497090519797,
                          0.5318259466114972,
                          0.5028587693023298,
                          0.5054360271699515,
                          0.48712019784591337,
                          0.48253015183705317,
                          0.4665564163622226,
                          0.49753140769167525]]},
            {'activation': 'sigmoid',
             'bias': [-0.02224038882855022,
                      -0.029792534518230458,
                      -0.034843894644809845,
                      0.006258590963861471,
                      -0.014402188684701991,
                      -0.039470810875013945],
             'name': 'hidden1',
             'neurons': [],
             'num_neurons': 6,
             'weights': [[0.4978090960237046,
                          0.4869266911096326,
                          0.4907329646560439,
                          0.4819425978268333,
                          0.5264276492571217,
                          0.4965970599684675,
                          0.5006301203324547,
                          0.51942941091495],
                         [0.5120813086996719,
                          0.5122483908102066,
                          0.5074121220787206,
                          0.48952918554850966,
                          0.45684896979978723,
                          0.5190415295376096,
                          0.4740011614255436,
                          0.5079735521485311],
                         [0.4937919745289748,
                          0.5169274279148613,
                          0.5241171848676509,
                          0.5119063321547589,
                          0.5227745136073919,
                          0.51528397217294,
                          0.515185878851169,
                          0.5067058178823672],
                         [0.5330916873107356,
                          0.4912408284885385,
                          0.48577533922149835,
                          0.4954241375262546,
                          0.4651849378482848,
                          0.516123270627139,
                          0.4702828937284091,
                          0.5003181318666841],
                         [0.4854623087289365,
                          0.542424792751663,
                          0.5006313844325698,
                          0.5059102750208232,
                          0.4906563258479516,
                          0.5279441808072011,
                          0.5121878841850097,
                          0.5000774017687282],
                         [0.4664388205622804,
                          0.46491795494815696,
                          0.48625392511041726,
                          0.47687262478827164,
                          0.4959259531588449,
                          0.48558104766875615,
                          0.47230705352074637,
                          0.48018533937153685],
                         [0.4847973898744958,
                          0.46584963536459517,
                          0.5266042308328633,
                          0.5040851303421352,
                          0.49358661303952583,
                          0.4917887872119942,
                          0.54169961016011,
                          0.4884876721234636],
                         [0.5123649352121605,
                          0.5040606928652529,
                          0.49976123344393397,
                          0.5232541344670617,
                          0.5174169381601303,
                          0.46479211337730686,
                          0.4966630357795473,
                          0.4668816133961916]]},
            {'activation': 'sigmoid',
             'bias': [-0.024450127758321047,
                      0.009940672702924641,
                      0.0063117137040905715,
                      0.006377262531523141,
                      0.028691982935930626],
             'name': 'output',
             'neurons': [],
             'num_neurons': 5,
             'weights': [[0.47995080536100954,
                          0.4922390420242338,
                          0.5151956846854745,
                          0.48677403738893293,
                          0.49548142578501264,
                          0.5099617454028064],
                         [0.5109021489459429,
                          0.5353613601353128,
                          0.47536265932461885,
                          0.500207905011306,
                          0.5027161196154171,
                          0.49881621382876273],
                         [0.5005849100873383,
                          0.5158370855979946,
                          0.4965577816131277,
                          0.5005302881094974,
                          0.5133424496657918,
                          0.5000425337927241],
                         [0.4931762202592201,
                          0.47603065983812276,
                          0.5151672032068232,
                          0.49299416884167135,
                          0.4923535310398896,
                          0.4741029658113769],
                         [0.5028807164078369,
                          0.5170559016216505,
                          0.5025691913424811,
                          0.521278892576955,
                          0.5073511144942944,
                          0.48546670800902675],
                         [0.4681614889001728,
                          0.5239051549184559,
                          0.5059944521474012,
                          0.4630292710406711,
                          0.4863124425438147,
                          0.48219984024454576]]}]}
{'generation': 29,
 'inputs': [],
 'layers': [{'activation': 'sigmoid',
             'bias': [-0.006924440604711575,
                      0.03851064363601976,
                      -0.02263511584726635,
                      -0.021684180558561895,
                      0.011394320372099483,
                      0.024254339332126677,
                      0.0022243958520419514,
                      -0.012709122946062289],
             'name': 'input',
             'neurons': [<gameplay.Neuron object at 0x7f105bd8a860>,
                         <gameplay.Neuron object at 0x7f105bd8a828>,
                         <gameplay.Neuron object at 0x7f105bd8a240>,
                         <gameplay.Neuron object at 0x7f105bd8ab70>,
                         <gameplay.Neuron object at 0x7f105bd8ac18>,
                         <gameplay.Neuron object at 0x7f105bd8aba8>,
                         <gameplay.Neuron object at 0x7f105bd8acc0>,
                         <gameplay.Neuron object at 0x7f105bd8acf8>],
             'num_neurons': 8,
             'weights': [[0.4512464893570897,
                          0.4873952629747825,
                          0.5034117616707326,
                          0.49749364017571346,
                          0.5152816181679875,
                          0.4735402158746597,
                          0.4959764745803204,
                          0.48861297009394866,
                          0.5000768035081216,
                          0.5343799764062889],
                         [0.4871906085771592,
                          0.4779507573729789,
                          0.5200662219948599,
                          0.5146822915300546,
                          0.5123231959228017,
                          0.49085435976636554,
                          0.4755379819971937,
                          0.4615600939372404,
                          0.527719235404895,
                          0.5437116586685038],
                         [0.5359910187978152,
                          0.507803616822714,
                          0.5040166938124039,
                          0.5021389060264424,
                          0.45858791371052277,
                          0.490419453523532,
                          0.5243714756562118,
                          0.474798843192104,
                          0.49540442692782966,
                          0.5121008875009313],
                         [0.5065679250474124,
                          0.49563251314066237,
                          0.494514431448395,
                          0.44542492365347514,
                          0.4803525717170285,
                          0.5101592865656819,
                          0.5165237154696822,
                          0.4736769002891236,
                          0.5046704709798511,
                          0.5043197314703378],
                         [0.5096426696362397,
                          0.5240973382801981,
                          0.4940784907495631,
                          0.49866724016093444,
                          0.5022883342544291,
                          0.5059278615778698,
                          0.5204348395386372,
                          0.5026065209886215,
                          0.5045256888549563,
                          0.5226816800528838],
                         [0.47489894365104807,
                          0.5307036852678835,
                          0.49004311259673694,
                          0.5295843221881722,
                          0.503644483156038,
                          0.4898557274004431,
                          0.5468486537656706,
                          0.47709007565252337,
                          0.512825101347165,
                          0.4472344792532583],
                         [0.5254249394881683,
                          0.5174610090143507,
                          0.524108241107688,
                          0.5196339050423449,
                          0.5015067796445397,
                          0.49399401902590945,
                          0.4873899315681171,
                          0.5138381290156228,
                          0.5100260541105166,
                          0.499871187986089],
                         [0.46815349765342956,
                          0.5044058924739937,
                          0.4941497090519797,
                          0.5318259466114972,
                          0.5028587693023298,
                          0.5054360271699515,
                          0.48712019784591337,
                          0.48253015183705317,
                          0.4665564163622226,
                          0.49753140769167525]]},
            {'activation': 'sigmoid',
             'bias': [-0.02224038882855022,
                      -0.029792534518230458,
                      -0.034843894644809845,
                      0.006258590963861471,
                      -0.014402188684701991,
                      -0.039470810875013945],
             'name': 'hidden1',
             'neurons': [<gameplay.Neuron object at 0x7f105bd8ad30>,
                         <gameplay.Neuron object at 0x7f105bd8ad68>,
                         <gameplay.Neuron object at 0x7f105bd8add8>,
                         <gameplay.Neuron object at 0x7f105bd8ada0>,
                         <gameplay.Neuron object at 0x7f105bd8ae10>,
                         <gameplay.Neuron object at 0x7f105bd8ae80>],
             'num_neurons': 6,
             'weights': [[0.4978090960237046,
                          0.4869266911096326,
                          0.4907329646560439,
                          0.4819425978268333,
                          0.5264276492571217,
                          0.4965970599684675,
                          0.5006301203324547,
                          0.51942941091495],
                         [0.5120813086996719,
                          0.5122483908102066,
                          0.5074121220787206,
                          0.48952918554850966,
                          0.45684896979978723,
                          0.5190415295376096,
                          0.4740011614255436,
                          0.5079735521485311],
                         [0.4937919745289748,
                          0.5169274279148613,
                          0.5241171848676509,
                          0.5119063321547589,
                          0.5227745136073919,
                          0.51528397217294,
                          0.515185878851169,
                          0.5067058178823672],
                         [0.5330916873107356,
                          0.4912408284885385,
                          0.48577533922149835,
                          0.4954241375262546,
                          0.4651849378482848,
                          0.516123270627139,
                          0.4702828937284091,
                          0.5003181318666841],
                         [0.4854623087289365,
                          0.542424792751663,
                          0.5006313844325698,
                          0.5059102750208232,
                          0.4906563258479516,
                          0.5279441808072011,
                          0.5121878841850097,
                          0.5000774017687282],
                         [0.4664388205622804,
                          0.46491795494815696,
                          0.48625392511041726,
                          0.47687262478827164,
                          0.4959259531588449,
                          0.48558104766875615,
                          0.47230705352074637,
                          0.48018533937153685],
                         [0.4847973898744958,
                          0.46584963536459517,
                          0.5266042308328633,
                          0.5040851303421352,
                          0.49358661303952583,
                          0.4917887872119942,
                          0.54169961016011,
                          0.4884876721234636],
                         [0.5123649352121605,
                          0.5040606928652529,
                          0.49976123344393397,
                          0.5232541344670617,
                          0.5174169381601303,
                          0.46479211337730686,
                          0.4966630357795473,
                          0.4668816133961916]]},
            {'activation': 'sigmoid',
             'bias': [-0.024450127758321047,
                      0.009940672702924641,
                      0.0063117137040905715,
                      0.006377262531523141,
                      0.028691982935930626],
             'name': 'output',
             'neurons': [<gameplay.Neuron object at 0x7f105bd8ae48>,
                         <gameplay.Neuron object at 0x7f105bd8aeb8>,
                         <gameplay.Neuron object at 0x7f105bd8abe0>,
                         <gameplay.Neuron object at 0x7f105bd8ac50>,
                         <gameplay.Neuron object at 0x7f105bd8ac88>],
             'num_neurons': 5,
             'weights': [[0.47995080536100954,
                          0.4922390420242338,
                          0.5151956846854745,
                          0.48677403738893293,
                          0.49548142578501264,
                          0.5099617454028064],
                         [0.5109021489459429,
                          0.5353613601353128,
                          0.47536265932461885,
                          0.500207905011306,
                          0.5027161196154171,
                          0.49881621382876273],
                         [0.5005849100873383,
                          0.5158370855979946,
                          0.4965577816131277,
                          0.5005302881094974,
                          0.5133424496657918,
                          0.5000425337927241],
                         [0.4931762202592201,
                          0.47603065983812276,
                          0.5151672032068232,
                          0.49299416884167135,
                          0.4923535310398896,
                          0.4741029658113769],
                         [0.5028807164078369,
                          0.5170559016216505,
                          0.5025691913424811,
                          0.521278892576955,
                          0.5073511144942944,
                          0.48546670800902675],
                         [0.4681614889001728,
                          0.5239051549184559,
                          0.5059944521474012,
                          0.4630292710406711,
                          0.4863124425438147,
                          0.48219984024454576]]}]}
load_tensorflow_graph: path = tensorflow/mario-model-simple-2019-07-17/frozen_inference_graph.pb
object_detection_graph = <tensorflow.python.framework.ops.Graph object at 0x7f105bd8af98>
Doing start sequence
Sleeping one second
sending start
sending empty
Found black world screen for the second time. exiting.



Seconds left: 371
Moves to the right: 78
frame count: 138
time start:  1568164293.6251478,   time_now: 1568164308.1678448
