pygame 1.9.6
Hello from the pygame community. https://www.pygame.org/contribute.html
Loading neural net from gameplay_neural_nets/4/2.nn
net = {'generation': 4,
 'inputs': [],
 'layers': [{'activation': 'sigmoid',
             'bias': [0,
                      -0.003084062122306182,
                      0,
                      0,
                      0.0023941211845996645,
                      0,
                      0.006541715476758778,
                      -0.0022301662423483467],
             'name': 'input',
             'neurons': [],
             'num_neurons': 8,
             'weights': [[0.4,
                          0.4,
                          0.1,
                          0.100121642705019,
                          0.10504155723370198,
                          0.1,
                          0.0960196533689904,
                          0.10437251868385611,
                          0.09785082886328264,
                          0.1],
                         [0.4,
                          0.4,
                          0.1,
                          0.1,
                          0.1015568804605155,
                          0.1,
                          0.10501125645910737,
                          0.1,
                          0.1,
                          0.10465701681033127],
                         [0.3943448406280391,
                          0.3956878510420801,
                          0.10523919250746559,
                          0.1,
                          0.1,
                          0.1,
                          0.10990670582462744,
                          0.1,
                          0.098640951455078,
                          0.1],
                         [0.4,
                          0.40261746278409954,
                          0.10520165543409535,
                          0.09124415004963324,
                          0.09817400230810155,
                          0.10532295352510794,
                          0.1,
                          0.1,
                          0.0971480455084635,
                          0.1],
                         [0.39398782622016415,
                          0.4,
                          0.09029071327906088,
                          0.1,
                          0.09227202208067195,
                          0.10873184652139678,
                          0.10807635442845241,
                          0.10823442591250318,
                          0.1,
                          0.10826551506098712],
                         [0.4,
                          0.4,
                          0.1,
                          0.0922682140413111,
                          0.10074274190470037,
                          0.1,
                          0.1,
                          0.1,
                          0.1,
                          0.10134125503880738],
                         [0.39294251562471993,
                          0.4,
                          0.1,
                          0.1,
                          0.1,
                          0.1,
                          0.1,
                          0.1,
                          0.10193911834993341,
                          0.08811527363018351],
                         [0.4,
                          0.39189778587193935,
                          0.09422723520788007,
                          0.1,
                          0.10730825953404619,
                          0.09153484203711276,
                          0.1,
                          0.1078275211309241,
                          0.1068363108617923,
                          0.1]]},
            {'activation': 'sigmoid',
             'bias': [0,
                      0,
                      0.0030127026005081162,
                      0.009249805347502785,
                      0.03911585812654069],
             'name': 'output',
             'neurons': [],
             'num_neurons': 5,
             'weights': [[0.09087711694505887,
                          0.09923468143894024,
                          0.1,
                          0.1,
                          0.08692891737271138,
                          0.10286661708778896,
                          0.1066486715459171,
                          0.1],
                         [0.09134692862640116,
                          0.09794109361717501,
                          0.1,
                          0.1,
                          0.1,
                          0.1,
                          0.0917965905650466,
                          0.0993307657798383],
                         [0.11,
                          0.11,
                          0.11,
                          0.09279635277212911,
                          0.09551402928099281,
                          0.1,
                          0.09014353965532722,
                          0.1],
                         [0.09739539539833948,
                          0.1,
                          0.10718801195840084,
                          0.1,
                          0.1,
                          0.102997367346908,
                          0.1,
                          0.1],
                         [0.10422341192762422,
                          0.09265961873929551,
                          0.1,
                          0.09883887231727126,
                          0.1,
                          0.09698245033221332,
                          0.10747606019676906,
                          0.1],
                         [0.1,
                          0.1,
                          0.10207912654009865,
                          0.1,
                          0.1,
                          0.1,
                          0.1,
                          0.1]]}]}
{'generation': 4,
 'inputs': [],
 'layers': [{'activation': 'sigmoid',
             'bias': [0,
                      -0.003084062122306182,
                      0,
                      0,
                      0.0023941211845996645,
                      0,
                      0.006541715476758778,
                      -0.0022301662423483467],
             'name': 'input',
             'neurons': [<gameplay.Neuron object at 0x7fbaa30df860>,
                         <gameplay.Neuron object at 0x7fbaa30df828>,
                         <gameplay.Neuron object at 0x7fbaa30df240>,
                         <gameplay.Neuron object at 0x7fbaa30dfb00>,
                         <gameplay.Neuron object at 0x7fbaa30dfba8>,
                         <gameplay.Neuron object at 0x7fbaa30dfb38>,
                         <gameplay.Neuron object at 0x7fbaa30dfe48>,
                         <gameplay.Neuron object at 0x7fbaa30dfe10>],
             'num_neurons': 8,
             'weights': [[0.4,
                          0.4,
                          0.1,
                          0.100121642705019,
                          0.10504155723370198,
                          0.1,
                          0.0960196533689904,
                          0.10437251868385611,
                          0.09785082886328264,
                          0.1],
                         [0.4,
                          0.4,
                          0.1,
                          0.1,
                          0.1015568804605155,
                          0.1,
                          0.10501125645910737,
                          0.1,
                          0.1,
                          0.10465701681033127],
                         [0.3943448406280391,
                          0.3956878510420801,
                          0.10523919250746559,
                          0.1,
                          0.1,
                          0.1,
                          0.10990670582462744,
                          0.1,
                          0.098640951455078,
                          0.1],
                         [0.4,
                          0.40261746278409954,
                          0.10520165543409535,
                          0.09124415004963324,
                          0.09817400230810155,
                          0.10532295352510794,
                          0.1,
                          0.1,
                          0.0971480455084635,
                          0.1],
                         [0.39398782622016415,
                          0.4,
                          0.09029071327906088,
                          0.1,
                          0.09227202208067195,
                          0.10873184652139678,
                          0.10807635442845241,
                          0.10823442591250318,
                          0.1,
                          0.10826551506098712],
                         [0.4,
                          0.4,
                          0.1,
                          0.0922682140413111,
                          0.10074274190470037,
                          0.1,
                          0.1,
                          0.1,
                          0.1,
                          0.10134125503880738],
                         [0.39294251562471993,
                          0.4,
                          0.1,
                          0.1,
                          0.1,
                          0.1,
                          0.1,
                          0.1,
                          0.10193911834993341,
                          0.08811527363018351],
                         [0.4,
                          0.39189778587193935,
                          0.09422723520788007,
                          0.1,
                          0.10730825953404619,
                          0.09153484203711276,
                          0.1,
                          0.1078275211309241,
                          0.1068363108617923,
                          0.1]]},
            {'activation': 'sigmoid',
             'bias': [0,
                      0,
                      0.0030127026005081162,
                      0.009249805347502785,
                      0.03911585812654069],
             'name': 'output',
             'neurons': [<gameplay.Neuron object at 0x7fbaa30dfd68>,
                         <gameplay.Neuron object at 0x7fbaa30dfc50>,
                         <gameplay.Neuron object at 0x7fbaa30dfda0>,
                         <gameplay.Neuron object at 0x7fbaa30dfcf8>,
                         <gameplay.Neuron object at 0x7fbaa30dfcc0>],
             'num_neurons': 5,
             'weights': [[0.09087711694505887,
                          0.09923468143894024,
                          0.1,
                          0.1,
                          0.08692891737271138,
                          0.10286661708778896,
                          0.1066486715459171,
                          0.1],
                         [0.09134692862640116,
                          0.09794109361717501,
                          0.1,
                          0.1,
                          0.1,
                          0.1,
                          0.0917965905650466,
                          0.0993307657798383],
                         [0.11,
                          0.11,
                          0.11,
                          0.09279635277212911,
                          0.09551402928099281,
                          0.1,
                          0.09014353965532722,
                          0.1],
                         [0.09739539539833948,
                          0.1,
                          0.10718801195840084,
                          0.1,
                          0.1,
                          0.102997367346908,
                          0.1,
                          0.1],
                         [0.10422341192762422,
                          0.09265961873929551,
                          0.1,
                          0.09883887231727126,
                          0.1,
                          0.09698245033221332,
                          0.10747606019676906,
                          0.1],
                         [0.1,
                          0.1,
                          0.10207912654009865,
                          0.1,
                          0.1,
                          0.1,
                          0.1,
                          0.1]]}]}
load_tensorflow_graph: path = tensorflow/mario-model-simple-2019-07-17/frozen_inference_graph.pb
object_detection_graph = <tensorflow.python.framework.ops.Graph object at 0x7fbaa30dfb70>
Doing start sequence
Sleeping one second
sending start
sending empty
Found black world screen for the second time. exiting.



Seconds left: 393
Moves to the right: 21
