pygame 1.9.6
Hello from the pygame community. https://www.pygame.org/contribute.html
Loading neural net from gameplay_neural_nets/4/4.nn
net = {'generation': 4,
 'inputs': [],
 'layers': [{'activation': 'sigmoid',
             'bias': [-0.0007370903062371495,
                      -0.0004170911877654001,
                      0,
                      0,
                      0.0023941211845996645,
                      0,
                      0.006541715476758778,
                      -0.007822448331261035],
             'name': 'input',
             'neurons': [],
             'num_neurons': 8,
             'weights': [[0.4,
                          0.3949214192209343,
                          0.09601867246327989,
                          0.100121642705019,
                          0.10504155723370198,
                          0.1,
                          0.1,
                          0.1098150298409026,
                          0.1,
                          0.09391059401150056],
                         [0.4,
                          0.3905008273423473,
                          0.1,
                          0.10567373559341782,
                          0.10080450664653193,
                          0.1,
                          0.09587851863578778,
                          0.1,
                          0.1,
                          0.10465701681033127],
                         [0.39245812382956374,
                          0.3956878510420801,
                          0.10776935392155083,
                          0.1,
                          0.1,
                          0.1,
                          0.1,
                          0.1,
                          0.09490300271421835,
                          0.096812082157432],
                         [0.3949341432438977,
                          0.40261746278409954,
                          0.10950997349007319,
                          0.1,
                          0.09817400230810155,
                          0.10532295352510794,
                          0.10891062211121945,
                          0.1,
                          0.1,
                          0.1],
                         [0.4,
                          0.4,
                          0.09029071327906088,
                          0.10097172832100565,
                          0.09227202208067195,
                          0.1,
                          0.10807635442845241,
                          0.10823442591250318,
                          0.1,
                          0.10826551506098712],
                         [0.4,
                          0.39148539213571354,
                          0.1,
                          0.0922682140413111,
                          0.10074274190470037,
                          0.1,
                          0.1,
                          0.1,
                          0.1,
                          0.1],
                         [0.39294251562471993,
                          0.4,
                          0.1010915664847581,
                          0.09889643660965731,
                          0.1,
                          0.1,
                          0.1,
                          0.1,
                          0.1,
                          0.0832201651688179],
                         [0.4,
                          0.39760199228793885,
                          0.09422723520788007,
                          0.1,
                          0.10730825953404619,
                          0.09153484203711276,
                          0.1,
                          0.1078275211309241,
                          0.1,
                          0.1]]},
            {'activation': 'sigmoid',
             'bias': [-0.0005545652416517628,
                      0,
                      -0.008540179579825533,
                      0.009249805347502785,
                      0.033327749282301526],
             'name': 'output',
             'neurons': [],
             'num_neurons': 5,
             'weights': [[0.1,
                          0.09923468143894024,
                          0.1,
                          0.1,
                          0.0923790701647779,
                          0.10286661708778896,
                          0.10575131642523092,
                          0.10553954051802365],
                         [0.1,
                          0.09408715680259894,
                          0.1,
                          0.1,
                          0.10028270658478115,
                          0.1,
                          0.0917965905650466,
                          0.10431936764698542],
                         [0.11,
                          0.11,
                          0.11834624627606677,
                          0.09626322764491668,
                          0.09551402928099281,
                          0.09782622176645632,
                          0.09485580699046811,
                          0.1],
                         [0.09353911524209221,
                          0.1,
                          0.10718801195840084,
                          0.1,
                          0.1,
                          0.1,
                          0.1,
                          0.1],
                         [0.1,
                          0.09265961873929551,
                          0.1,
                          0.08912278576395796,
                          0.10334863137549806,
                          0.09698245033221332,
                          0.10747606019676906,
                          0.1],
                         [0.1,
                          0.1,
                          0.10207912654009865,
                          0.1,
                          0.1,
                          0.1,
                          0.1,
                          0.09926114510029396]]}]}
{'generation': 4,
 'inputs': [],
 'layers': [{'activation': 'sigmoid',
             'bias': [-0.0007370903062371495,
                      -0.0004170911877654001,
                      0,
                      0,
                      0.0023941211845996645,
                      0,
                      0.006541715476758778,
                      -0.007822448331261035],
             'name': 'input',
             'neurons': [<gameplay.Neuron object at 0x7f061b589828>,
                         <gameplay.Neuron object at 0x7f061b5897f0>,
                         <gameplay.Neuron object at 0x7f061b589208>,
                         <gameplay.Neuron object at 0x7f061b589ac8>,
                         <gameplay.Neuron object at 0x7f061b589b70>,
                         <gameplay.Neuron object at 0x7f061b589b00>,
                         <gameplay.Neuron object at 0x7f061b589dd8>,
                         <gameplay.Neuron object at 0x7f061b589c18>],
             'num_neurons': 8,
             'weights': [[0.4,
                          0.3949214192209343,
                          0.09601867246327989,
                          0.100121642705019,
                          0.10504155723370198,
                          0.1,
                          0.1,
                          0.1098150298409026,
                          0.1,
                          0.09391059401150056],
                         [0.4,
                          0.3905008273423473,
                          0.1,
                          0.10567373559341782,
                          0.10080450664653193,
                          0.1,
                          0.09587851863578778,
                          0.1,
                          0.1,
                          0.10465701681033127],
                         [0.39245812382956374,
                          0.3956878510420801,
                          0.10776935392155083,
                          0.1,
                          0.1,
                          0.1,
                          0.1,
                          0.1,
                          0.09490300271421835,
                          0.096812082157432],
                         [0.3949341432438977,
                          0.40261746278409954,
                          0.10950997349007319,
                          0.1,
                          0.09817400230810155,
                          0.10532295352510794,
                          0.10891062211121945,
                          0.1,
                          0.1,
                          0.1],
                         [0.4,
                          0.4,
                          0.09029071327906088,
                          0.10097172832100565,
                          0.09227202208067195,
                          0.1,
                          0.10807635442845241,
                          0.10823442591250318,
                          0.1,
                          0.10826551506098712],
                         [0.4,
                          0.39148539213571354,
                          0.1,
                          0.0922682140413111,
                          0.10074274190470037,
                          0.1,
                          0.1,
                          0.1,
                          0.1,
                          0.1],
                         [0.39294251562471993,
                          0.4,
                          0.1010915664847581,
                          0.09889643660965731,
                          0.1,
                          0.1,
                          0.1,
                          0.1,
                          0.1,
                          0.0832201651688179],
                         [0.4,
                          0.39760199228793885,
                          0.09422723520788007,
                          0.1,
                          0.10730825953404619,
                          0.09153484203711276,
                          0.1,
                          0.1078275211309241,
                          0.1,
                          0.1]]},
            {'activation': 'sigmoid',
             'bias': [-0.0005545652416517628,
                      0,
                      -0.008540179579825533,
                      0.009249805347502785,
                      0.033327749282301526],
             'name': 'output',
             'neurons': [<gameplay.Neuron object at 0x7f061b589cf8>,
                         <gameplay.Neuron object at 0x7f061b589c50>,
                         <gameplay.Neuron object at 0x7f061b589be0>,
                         <gameplay.Neuron object at 0x7f061b589e10>,
                         <gameplay.Neuron object at 0x7f061b589c88>],
             'num_neurons': 5,
             'weights': [[0.1,
                          0.09923468143894024,
                          0.1,
                          0.1,
                          0.0923790701647779,
                          0.10286661708778896,
                          0.10575131642523092,
                          0.10553954051802365],
                         [0.1,
                          0.09408715680259894,
                          0.1,
                          0.1,
                          0.10028270658478115,
                          0.1,
                          0.0917965905650466,
                          0.10431936764698542],
                         [0.11,
                          0.11,
                          0.11834624627606677,
                          0.09626322764491668,
                          0.09551402928099281,
                          0.09782622176645632,
                          0.09485580699046811,
                          0.1],
                         [0.09353911524209221,
                          0.1,
                          0.10718801195840084,
                          0.1,
                          0.1,
                          0.1,
                          0.1,
                          0.1],
                         [0.1,
                          0.09265961873929551,
                          0.1,
                          0.08912278576395796,
                          0.10334863137549806,
                          0.09698245033221332,
                          0.10747606019676906,
                          0.1],
                         [0.1,
                          0.1,
                          0.10207912654009865,
                          0.1,
                          0.1,
                          0.1,
                          0.1,
                          0.09926114510029396]]}]}
load_tensorflow_graph: path = tensorflow/mario-model-simple-2019-07-17/frozen_inference_graph.pb
object_detection_graph = <tensorflow.python.framework.ops.Graph object at 0x7f061b589f28>
Doing start sequence
Sleeping one second
sending start
sending empty
Found black world screen for the second time. exiting.



Seconds left: 354
Moves to the right: 114
