pygame 1.9.6
Hello from the pygame community. https://www.pygame.org/contribute.html
Loading neural net from gameplay_neural_nets/4/5.nn
net = {'generation': 4,
 'inputs': [],
 'layers': [{'activation': 'sigmoid',
             'bias': [0,
                      -0.0052385982795537574,
                      0.008474430965171266,
                      0.008916326632277144,
                      0.0023941211845996645,
                      0,
                      0.006541715476758778,
                      -0.007822448331261035],
             'name': 'input',
             'neurons': [],
             'num_neurons': 8,
             'weights': [[0.4,
                          0.4044045134650483,
                          0.1,
                          0.100121642705019,
                          0.10662219634972052,
                          0.1,
                          0.1,
                          0.09451899340178144,
                          0.1,
                          0.1],
                         [0.40211256889504876,
                          0.4,
                          0.1,
                          0.10558859515267915,
                          0.1,
                          0.1,
                          0.09587851863578778,
                          0.1,
                          0.1,
                          0.10465701681033127],
                         [0.3970675577504172,
                          0.3956878510420801,
                          0.09915179612910897,
                          0.1,
                          0.1,
                          0.1,
                          0.0991678911570952,
                          0.1,
                          0.09490300271421835,
                          0.10488945979779712],
                         [0.4,
                          0.40261746278409954,
                          0.10950997349007319,
                          0.1,
                          0.09817400230810155,
                          0.10532295352510794,
                          0.1,
                          0.1,
                          0.1,
                          0.1],
                         [0.4,
                          0.4,
                          0.09029071327906088,
                          0.1,
                          0.09227202208067195,
                          0.1,
                          0.10807635442845241,
                          0.10001226357839264,
                          0.1,
                          0.10826551506098712],
                         [0.4,
                          0.4,
                          0.09186403309819959,
                          0.0922682140413111,
                          0.0986502717233894,
                          0.1,
                          0.1,
                          0.1,
                          0.1,
                          0.09280803552706522],
                         [0.39294251562471993,
                          0.4,
                          0.1,
                          0.1,
                          0.1,
                          0.1,
                          0.1,
                          0.1,
                          0.1,
                          0.08811527363018351],
                         [0.4,
                          0.39189778587193935,
                          0.09896926558524571,
                          0.1,
                          0.10730825953404619,
                          0.0830121633078505,
                          0.1,
                          0.10649161455209792,
                          0.1,
                          0.1]]},
            {'activation': 'sigmoid',
             'bias': [0, 0, 0, 0.0014770741325196143, 0.029563870216078002],
             'name': 'output',
             'neurons': [],
             'num_neurons': 5,
             'weights': [[0.1,
                          0.09923468143894024,
                          0.1,
                          0.1,
                          0.09718526757224744,
                          0.09776374036809134,
                          0.1066486715459171,
                          0.1092170271655384],
                         [0.1,
                          0.09408715680259894,
                          0.1,
                          0.1,
                          0.1,
                          0.09233640040207665,
                          0.0917965905650466,
                          0.1],
                         [0.11,
                          0.11,
                          0.11,
                          0.09626322764491668,
                          0.09551402928099281,
                          0.10227789009797539,
                          0.09485580699046811,
                          0.1],
                         [0.09739539539833948,
                          0.1,
                          0.10718801195840084,
                          0.10822749655788227,
                          0.1,
                          0.1,
                          0.1,
                          0.1],
                         [0.1,
                          0.08642593086770031,
                          0.1,
                          0.08912278576395796,
                          0.1,
                          0.09698245033221332,
                          0.10747606019676906,
                          0.1],
                         [0.1,
                          0.1,
                          0.10207912654009865,
                          0.1,
                          0.1,
                          0.10426441534948994,
                          0.1,
                          0.1]]}]}
{'generation': 4,
 'inputs': [],
 'layers': [{'activation': 'sigmoid',
             'bias': [0,
                      -0.0052385982795537574,
                      0.008474430965171266,
                      0.008916326632277144,
                      0.0023941211845996645,
                      0,
                      0.006541715476758778,
                      -0.007822448331261035],
             'name': 'input',
             'neurons': [<gameplay.Neuron object at 0x7f6560079860>,
                         <gameplay.Neuron object at 0x7f6560079828>,
                         <gameplay.Neuron object at 0x7f6560079278>,
                         <gameplay.Neuron object at 0x7f6560079b00>,
                         <gameplay.Neuron object at 0x7f6560079ba8>,
                         <gameplay.Neuron object at 0x7f6560079b38>,
                         <gameplay.Neuron object at 0x7f6560079cc0>,
                         <gameplay.Neuron object at 0x7f6560079dd8>],
             'num_neurons': 8,
             'weights': [[0.4,
                          0.4044045134650483,
                          0.1,
                          0.100121642705019,
                          0.10662219634972052,
                          0.1,
                          0.1,
                          0.09451899340178144,
                          0.1,
                          0.1],
                         [0.40211256889504876,
                          0.4,
                          0.1,
                          0.10558859515267915,
                          0.1,
                          0.1,
                          0.09587851863578778,
                          0.1,
                          0.1,
                          0.10465701681033127],
                         [0.3970675577504172,
                          0.3956878510420801,
                          0.09915179612910897,
                          0.1,
                          0.1,
                          0.1,
                          0.0991678911570952,
                          0.1,
                          0.09490300271421835,
                          0.10488945979779712],
                         [0.4,
                          0.40261746278409954,
                          0.10950997349007319,
                          0.1,
                          0.09817400230810155,
                          0.10532295352510794,
                          0.1,
                          0.1,
                          0.1,
                          0.1],
                         [0.4,
                          0.4,
                          0.09029071327906088,
                          0.1,
                          0.09227202208067195,
                          0.1,
                          0.10807635442845241,
                          0.10001226357839264,
                          0.1,
                          0.10826551506098712],
                         [0.4,
                          0.4,
                          0.09186403309819959,
                          0.0922682140413111,
                          0.0986502717233894,
                          0.1,
                          0.1,
                          0.1,
                          0.1,
                          0.09280803552706522],
                         [0.39294251562471993,
                          0.4,
                          0.1,
                          0.1,
                          0.1,
                          0.1,
                          0.1,
                          0.1,
                          0.1,
                          0.08811527363018351],
                         [0.4,
                          0.39189778587193935,
                          0.09896926558524571,
                          0.1,
                          0.10730825953404619,
                          0.0830121633078505,
                          0.1,
                          0.10649161455209792,
                          0.1,
                          0.1]]},
            {'activation': 'sigmoid',
             'bias': [0, 0, 0, 0.0014770741325196143, 0.029563870216078002],
             'name': 'output',
             'neurons': [<gameplay.Neuron object at 0x7f6560079e48>,
                         <gameplay.Neuron object at 0x7f6560079c50>,
                         <gameplay.Neuron object at 0x7f6560079da0>,
                         <gameplay.Neuron object at 0x7f6560079e10>,
                         <gameplay.Neuron object at 0x7f6560079e80>],
             'num_neurons': 5,
             'weights': [[0.1,
                          0.09923468143894024,
                          0.1,
                          0.1,
                          0.09718526757224744,
                          0.09776374036809134,
                          0.1066486715459171,
                          0.1092170271655384],
                         [0.1,
                          0.09408715680259894,
                          0.1,
                          0.1,
                          0.1,
                          0.09233640040207665,
                          0.0917965905650466,
                          0.1],
                         [0.11,
                          0.11,
                          0.11,
                          0.09626322764491668,
                          0.09551402928099281,
                          0.10227789009797539,
                          0.09485580699046811,
                          0.1],
                         [0.09739539539833948,
                          0.1,
                          0.10718801195840084,
                          0.10822749655788227,
                          0.1,
                          0.1,
                          0.1,
                          0.1],
                         [0.1,
                          0.08642593086770031,
                          0.1,
                          0.08912278576395796,
                          0.1,
                          0.09698245033221332,
                          0.10747606019676906,
                          0.1],
                         [0.1,
                          0.1,
                          0.10207912654009865,
                          0.1,
                          0.1,
                          0.10426441534948994,
                          0.1,
                          0.1]]}]}
load_tensorflow_graph: path = tensorflow/mario-model-simple-2019-07-17/frozen_inference_graph.pb
object_detection_graph = <tensorflow.python.framework.ops.Graph object at 0x7f6560079c18>
Doing start sequence
Sleeping one second
sending start
sending empty



Seconds left: 363
Moves to the right: 38
