pygame 1.9.6
Hello from the pygame community. https://www.pygame.org/contribute.html
Loading neural net from gameplay_neural_nets/4/7.nn
net = {'generation': 4,
 'inputs': [],
 'layers': [{'activation': 'sigmoid',
             'bias': [-0.0024649795833067614,
                      -0.003134005424519609,
                      0,
                      0,
                      -0.001749487348126637,
                      0.008994465065344162,
                      0.006541715476758778,
                      -0.007822448331261035],
             'name': 'input',
             'neurons': [],
             'num_neurons': 8,
             'weights': [[0.4,
                          0.4,
                          0.1,
                          0.100121642705019,
                          0.10504155723370198,
                          0.1,
                          0.1,
                          0.10437251868385611,
                          0.1,
                          0.1],
                         [0.4070147729590118,
                          0.4,
                          0.1,
                          0.1,
                          0.1,
                          0.1,
                          0.09587851863578778,
                          0.1,
                          0.1,
                          0.10465701681033127],
                         [0.4,
                          0.3956878510420801,
                          0.1,
                          0.1,
                          0.1,
                          0.1,
                          0.09187553185739687,
                          0.1,
                          0.09490300271421835,
                          0.1],
                         [0.4,
                          0.4103445722163574,
                          0.10950997349007319,
                          0.1,
                          0.10719103567424616,
                          0.10532295352510794,
                          0.1,
                          0.1,
                          0.1,
                          0.09795045801391698],
                         [0.4,
                          0.4,
                          0.09029071327906088,
                          0.1,
                          0.09227202208067195,
                          0.1,
                          0.10807635442845241,
                          0.10823442591250318,
                          0.1,
                          0.10826551506098712],
                         [0.4,
                          0.4,
                          0.09739544140064677,
                          0.0922682140413111,
                          0.10074274190470037,
                          0.1,
                          0.09246621887836623,
                          0.10724264931147495,
                          0.09040903834438274,
                          0.1],
                         [0.39294251562471993,
                          0.4,
                          0.1,
                          0.1,
                          0.1,
                          0.0934689895394751,
                          0.10638664090428304,
                          0.1,
                          0.09934049922196804,
                          0.08811527363018351],
                         [0.39041573300598276,
                          0.39189778587193935,
                          0.09422723520788007,
                          0.1,
                          0.10730825953404619,
                          0.09153484203711276,
                          0.1,
                          0.10640340928883471,
                          0.1,
                          0.1]]},
            {'activation': 'sigmoid',
             'bias': [0,
                      0,
                      0.0021838969803204215,
                      0.009249805347502785,
                      0.03911585812654069],
             'name': 'output',
             'neurons': [],
             'num_neurons': 5,
             'weights': [[0.1,
                          0.09923468143894024,
                          0.1,
                          0.091438326236502,
                          0.09926662643608812,
                          0.10286661708778896,
                          0.1066486715459171,
                          0.1],
                         [0.1,
                          0.09408715680259894,
                          0.09821007349155204,
                          0.1,
                          0.1,
                          0.1,
                          0.0917965905650466,
                          0.09575950948494852],
                         [0.11,
                          0.11,
                          0.10947272320512476,
                          0.09626322764491668,
                          0.09551402928099281,
                          0.1,
                          0.09485580699046811,
                          0.1],
                         [0.09739539539833948,
                          0.09628955553154891,
                          0.10718801195840084,
                          0.1,
                          0.1,
                          0.1,
                          0.1,
                          0.1],
                         [0.1,
                          0.09265961873929551,
                          0.1,
                          0.08298236612979581,
                          0.1,
                          0.09698245033221332,
                          0.10747606019676906,
                          0.09717235465872584],
                         [0.1,
                          0.1,
                          0.10476875442197048,
                          0.1,
                          0.1,
                          0.09493405525089775,
                          0.1,
                          0.10292922312521609]]}]}
{'generation': 4,
 'inputs': [],
 'layers': [{'activation': 'sigmoid',
             'bias': [-0.0024649795833067614,
                      -0.003134005424519609,
                      0,
                      0,
                      -0.001749487348126637,
                      0.008994465065344162,
                      0.006541715476758778,
                      -0.007822448331261035],
             'name': 'input',
             'neurons': [<gameplay.Neuron object at 0x7fd754594860>,
                         <gameplay.Neuron object at 0x7fd754594828>,
                         <gameplay.Neuron object at 0x7fd754594240>,
                         <gameplay.Neuron object at 0x7fd754594b00>,
                         <gameplay.Neuron object at 0x7fd754594ba8>,
                         <gameplay.Neuron object at 0x7fd754594b38>,
                         <gameplay.Neuron object at 0x7fd754594cf8>,
                         <gameplay.Neuron object at 0x7fd754594e10>],
             'num_neurons': 8,
             'weights': [[0.4,
                          0.4,
                          0.1,
                          0.100121642705019,
                          0.10504155723370198,
                          0.1,
                          0.1,
                          0.10437251868385611,
                          0.1,
                          0.1],
                         [0.4070147729590118,
                          0.4,
                          0.1,
                          0.1,
                          0.1,
                          0.1,
                          0.09587851863578778,
                          0.1,
                          0.1,
                          0.10465701681033127],
                         [0.4,
                          0.3956878510420801,
                          0.1,
                          0.1,
                          0.1,
                          0.1,
                          0.09187553185739687,
                          0.1,
                          0.09490300271421835,
                          0.1],
                         [0.4,
                          0.4103445722163574,
                          0.10950997349007319,
                          0.1,
                          0.10719103567424616,
                          0.10532295352510794,
                          0.1,
                          0.1,
                          0.1,
                          0.09795045801391698],
                         [0.4,
                          0.4,
                          0.09029071327906088,
                          0.1,
                          0.09227202208067195,
                          0.1,
                          0.10807635442845241,
                          0.10823442591250318,
                          0.1,
                          0.10826551506098712],
                         [0.4,
                          0.4,
                          0.09739544140064677,
                          0.0922682140413111,
                          0.10074274190470037,
                          0.1,
                          0.09246621887836623,
                          0.10724264931147495,
                          0.09040903834438274,
                          0.1],
                         [0.39294251562471993,
                          0.4,
                          0.1,
                          0.1,
                          0.1,
                          0.0934689895394751,
                          0.10638664090428304,
                          0.1,
                          0.09934049922196804,
                          0.08811527363018351],
                         [0.39041573300598276,
                          0.39189778587193935,
                          0.09422723520788007,
                          0.1,
                          0.10730825953404619,
                          0.09153484203711276,
                          0.1,
                          0.10640340928883471,
                          0.1,
                          0.1]]},
            {'activation': 'sigmoid',
             'bias': [0,
                      0,
                      0.0021838969803204215,
                      0.009249805347502785,
                      0.03911585812654069],
             'name': 'output',
             'neurons': [<gameplay.Neuron object at 0x7fd754594c18>,
                         <gameplay.Neuron object at 0x7fd754594e48>,
                         <gameplay.Neuron object at 0x7fd754594c50>,
                         <gameplay.Neuron object at 0x7fd754594dd8>,
                         <gameplay.Neuron object at 0x7fd754594ef0>],
             'num_neurons': 5,
             'weights': [[0.1,
                          0.09923468143894024,
                          0.1,
                          0.091438326236502,
                          0.09926662643608812,
                          0.10286661708778896,
                          0.1066486715459171,
                          0.1],
                         [0.1,
                          0.09408715680259894,
                          0.09821007349155204,
                          0.1,
                          0.1,
                          0.1,
                          0.0917965905650466,
                          0.09575950948494852],
                         [0.11,
                          0.11,
                          0.10947272320512476,
                          0.09626322764491668,
                          0.09551402928099281,
                          0.1,
                          0.09485580699046811,
                          0.1],
                         [0.09739539539833948,
                          0.09628955553154891,
                          0.10718801195840084,
                          0.1,
                          0.1,
                          0.1,
                          0.1,
                          0.1],
                         [0.1,
                          0.09265961873929551,
                          0.1,
                          0.08298236612979581,
                          0.1,
                          0.09698245033221332,
                          0.10747606019676906,
                          0.09717235465872584],
                         [0.1,
                          0.1,
                          0.10476875442197048,
                          0.1,
                          0.1,
                          0.09493405525089775,
                          0.1,
                          0.10292922312521609]]}]}
load_tensorflow_graph: path = tensorflow/mario-model-simple-2019-07-17/frozen_inference_graph.pb
object_detection_graph = <tensorflow.python.framework.ops.Graph object at 0x7fd754594cc0>
Doing start sequence
Sleeping one second
sending start
sending empty
Found black world screen for the second time. exiting.



Seconds left: 360
Moves to the right: 90
