pygame 1.9.6
Hello from the pygame community. https://www.pygame.org/contribute.html
Loading neural net from gameplay_neural_nets/17/10.nn
net = {'generation': 13,
 'inputs': [],
 'layers': [{'activation': 'sigmoid',
             'bias': [-0.01919356342836432,
                      0.027632304121214875,
                      -0.014527966621034533,
                      -0.004907850001816273,
                      0.014701702226599927,
                      0.017558326149471507,
                      -0.0007900303509229822,
                      -0.02631564796692703],
             'name': 'input',
             'neurons': [],
             'num_neurons': 8,
             'weights': [[0.47824812511593107,
                          0.48546147961126146,
                          0.49087077368704657,
                          0.5106604781012525,
                          0.49342264394619484,
                          0.48575354664334003,
                          0.5029882428260176,
                          0.503650657491538,
                          0.49859611147328137,
                          0.5085435837864268],
                         [0.48635707111287046,
                          0.5104291166624649,
                          0.5159301162886379,
                          0.4892777557182096,
                          0.5168255386053331,
                          0.48846438795636943,
                          0.48313911278827987,
                          0.48132435806378937,
                          0.4976311391582361,
                          0.5119202704325306],
                         [0.5177364904042396,
                          0.49839725752914105,
                          0.5004612208462859,
                          0.49638918522395536,
                          0.4793322081801439,
                          0.5064958064232196,
                          0.498474542586116,
                          0.48604893905035884,
                          0.49037910810934654,
                          0.48358242479416014],
                         [0.534325344700204,
                          0.5080922125467132,
                          0.5120286852627749,
                          0.5042941063038265,
                          0.48628312886377995,
                          0.5002005322270529,
                          0.4999883180220672,
                          0.4995617205649936,
                          0.5273169075164671,
                          0.5086412985946855],
                         [0.4865672278957307,
                          0.5013210718926934,
                          0.4962292156026338,
                          0.49029079645954926,
                          0.5076568188758392,
                          0.47330499201380966,
                          0.5106018002220646,
                          0.5087147972417793,
                          0.50774868756618,
                          0.5226165371764175],
                         [0.4834212190973637,
                          0.5187291001852382,
                          0.4908411789293778,
                          0.501381618164465,
                          0.49575378408449106,
                          0.49963044631807396,
                          0.5308013124172551,
                          0.48559710074453805,
                          0.5158646388603095,
                          0.4887872731253405],
                         [0.5053325700117872,
                          0.5138520937603218,
                          0.5156608437258141,
                          0.5086563262579943,
                          0.4814120437988387,
                          0.49920902494276465,
                          0.5045542509485289,
                          0.49721879678803393,
                          0.506907370001139,
                          0.49718263733640533],
                         [0.48471859144776186,
                          0.5256389179310984,
                          0.46850890817325097,
                          0.5129876004298661,
                          0.5045450361733336,
                          0.49550950529740867,
                          0.4855591811168293,
                          0.4952452169946123,
                          0.4836972706773056,
                          0.48865258497791636]]},
            {'activation': 'sigmoid',
             'bias': [-0.01704020024951395,
                      -0.007470363983427368,
                      -0.022598416043826057,
                      0.01704188379330729,
                      -0.004439287361116847,
                      -0.028504992486156663],
             'name': 'hidden1',
             'neurons': [],
             'num_neurons': 6,
             'weights': [[0.47874519117234193,
                          0.4716215314348634,
                          0.5099219957977313,
                          0.5005767238485759,
                          0.5121155420139156,
                          0.5010695627934544,
                          0.518302371881589,
                          0.5074566482848731],
                         [0.5007475021877461,
                          0.5230925589638523,
                          0.4993059992466977,
                          0.5115668910003378,
                          0.4800871955012208,
                          0.49698465888026505,
                          0.47707246418493005,
                          0.5011559389266594],
                         [0.5023065540890065,
                          0.5122107870711826,
                          0.515906545851522,
                          0.5026243852662204,
                          0.519158323579229,
                          0.5193456505773971,
                          0.5019859189782964,
                          0.49943042621328526],
                         [0.5201369199288743,
                          0.48472966289381736,
                          0.5034544591271476,
                          0.4960397186862436,
                          0.5008132516665852,
                          0.5055071620273023,
                          0.479971063375435,
                          0.5116813015731163],
                         [0.49655122147028125,
                          0.5332855618904939,
                          0.49331427020825747,
                          0.5048646599009118,
                          0.49545412036557146,
                          0.5237448240671829,
                          0.4980370318672248,
                          0.504357883798699],
                         [0.48571880007631263,
                          0.4872477704470641,
                          0.491242000990776,
                          0.4854802962819515,
                          0.5153753989909927,
                          0.484660113882103,
                          0.4808663418983393,
                          0.47624190909018005],
                         [0.5008317033919437,
                          0.4935545699224608,
                          0.5215022939503997,
                          0.5309253243981755,
                          0.4824035796081884,
                          0.49271370280840443,
                          0.4994585222470789,
                          0.4769207910849329],
                         [0.5105584932014806,
                          0.5081485680823604,
                          0.48287530429896486,
                          0.5117008687212603,
                          0.5175399706972524,
                          0.5023560502920759,
                          0.48281613284149427,
                          0.48839515664075406]]},
            {'activation': 'sigmoid',
             'bias': [-0.025877846958520002,
                      0.013215574334411279,
                      0.007766128702354516,
                      0.0019147468324234706,
                      0.006841307994572835],
             'name': 'output',
             'neurons': [],
             'num_neurons': 5,
             'weights': [[0.47189257338018165,
                          0.5046241385036281,
                          0.502055178726841,
                          0.49270311183923177,
                          0.48570374612515566,
                          0.4948138827315414],
                         [0.5166529210729225,
                          0.5105884679176045,
                          0.4944512072332268,
                          0.4868473540189636,
                          0.4983310393044118,
                          0.4926430947294309],
                         [0.5090077654159493,
                          0.5027833662686727,
                          0.5041133175763942,
                          0.49086944945512967,
                          0.5008570445515255,
                          0.5015800081170858],
                         [0.5019004116486105,
                          0.49872097886476424,
                          0.5178484634923097,
                          0.4950201947619602,
                          0.48523448185268214,
                          0.4851768339219894],
                         [0.5274383163881435,
                          0.4924574335970066,
                          0.5234204698883572,
                          0.4920263939705348,
                          0.5046803096082647,
                          0.5078392339557641],
                         [0.4906002171326736,
                          0.51895806141185,
                          0.512887689153151,
                          0.47191974813007054,
                          0.4781549169975459,
                          0.48737192099378734]]}]}
{'generation': 13,
 'inputs': [],
 'layers': [{'activation': 'sigmoid',
             'bias': [-0.01919356342836432,
                      0.027632304121214875,
                      -0.014527966621034533,
                      -0.004907850001816273,
                      0.014701702226599927,
                      0.017558326149471507,
                      -0.0007900303509229822,
                      -0.02631564796692703],
             'name': 'input',
             'neurons': [<gameplay.Neuron object at 0x7f2ffa71e860>,
                         <gameplay.Neuron object at 0x7f2ffa71e828>,
                         <gameplay.Neuron object at 0x7f2ffa71e240>,
                         <gameplay.Neuron object at 0x7f2ffa71eb70>,
                         <gameplay.Neuron object at 0x7f2ffa71ec18>,
                         <gameplay.Neuron object at 0x7f2ffa71eba8>,
                         <gameplay.Neuron object at 0x7f2ffa71ecc0>,
                         <gameplay.Neuron object at 0x7f2ffa71ecf8>],
             'num_neurons': 8,
             'weights': [[0.47824812511593107,
                          0.48546147961126146,
                          0.49087077368704657,
                          0.5106604781012525,
                          0.49342264394619484,
                          0.48575354664334003,
                          0.5029882428260176,
                          0.503650657491538,
                          0.49859611147328137,
                          0.5085435837864268],
                         [0.48635707111287046,
                          0.5104291166624649,
                          0.5159301162886379,
                          0.4892777557182096,
                          0.5168255386053331,
                          0.48846438795636943,
                          0.48313911278827987,
                          0.48132435806378937,
                          0.4976311391582361,
                          0.5119202704325306],
                         [0.5177364904042396,
                          0.49839725752914105,
                          0.5004612208462859,
                          0.49638918522395536,
                          0.4793322081801439,
                          0.5064958064232196,
                          0.498474542586116,
                          0.48604893905035884,
                          0.49037910810934654,
                          0.48358242479416014],
                         [0.534325344700204,
                          0.5080922125467132,
                          0.5120286852627749,
                          0.5042941063038265,
                          0.48628312886377995,
                          0.5002005322270529,
                          0.4999883180220672,
                          0.4995617205649936,
                          0.5273169075164671,
                          0.5086412985946855],
                         [0.4865672278957307,
                          0.5013210718926934,
                          0.4962292156026338,
                          0.49029079645954926,
                          0.5076568188758392,
                          0.47330499201380966,
                          0.5106018002220646,
                          0.5087147972417793,
                          0.50774868756618,
                          0.5226165371764175],
                         [0.4834212190973637,
                          0.5187291001852382,
                          0.4908411789293778,
                          0.501381618164465,
                          0.49575378408449106,
                          0.49963044631807396,
                          0.5308013124172551,
                          0.48559710074453805,
                          0.5158646388603095,
                          0.4887872731253405],
                         [0.5053325700117872,
                          0.5138520937603218,
                          0.5156608437258141,
                          0.5086563262579943,
                          0.4814120437988387,
                          0.49920902494276465,
                          0.5045542509485289,
                          0.49721879678803393,
                          0.506907370001139,
                          0.49718263733640533],
                         [0.48471859144776186,
                          0.5256389179310984,
                          0.46850890817325097,
                          0.5129876004298661,
                          0.5045450361733336,
                          0.49550950529740867,
                          0.4855591811168293,
                          0.4952452169946123,
                          0.4836972706773056,
                          0.48865258497791636]]},
            {'activation': 'sigmoid',
             'bias': [-0.01704020024951395,
                      -0.007470363983427368,
                      -0.022598416043826057,
                      0.01704188379330729,
                      -0.004439287361116847,
                      -0.028504992486156663],
             'name': 'hidden1',
             'neurons': [<gameplay.Neuron object at 0x7f2ffa71ed30>,
                         <gameplay.Neuron object at 0x7f2ffa71ed68>,
                         <gameplay.Neuron object at 0x7f2ffa71edd8>,
                         <gameplay.Neuron object at 0x7f2ffa71eda0>,
                         <gameplay.Neuron object at 0x7f2ffa71ee10>,
                         <gameplay.Neuron object at 0x7f2ffa71ee80>],
             'num_neurons': 6,
             'weights': [[0.47874519117234193,
                          0.4716215314348634,
                          0.5099219957977313,
                          0.5005767238485759,
                          0.5121155420139156,
                          0.5010695627934544,
                          0.518302371881589,
                          0.5074566482848731],
                         [0.5007475021877461,
                          0.5230925589638523,
                          0.4993059992466977,
                          0.5115668910003378,
                          0.4800871955012208,
                          0.49698465888026505,
                          0.47707246418493005,
                          0.5011559389266594],
                         [0.5023065540890065,
                          0.5122107870711826,
                          0.515906545851522,
                          0.5026243852662204,
                          0.519158323579229,
                          0.5193456505773971,
                          0.5019859189782964,
                          0.49943042621328526],
                         [0.5201369199288743,
                          0.48472966289381736,
                          0.5034544591271476,
                          0.4960397186862436,
                          0.5008132516665852,
                          0.5055071620273023,
                          0.479971063375435,
                          0.5116813015731163],
                         [0.49655122147028125,
                          0.5332855618904939,
                          0.49331427020825747,
                          0.5048646599009118,
                          0.49545412036557146,
                          0.5237448240671829,
                          0.4980370318672248,
                          0.504357883798699],
                         [0.48571880007631263,
                          0.4872477704470641,
                          0.491242000990776,
                          0.4854802962819515,
                          0.5153753989909927,
                          0.484660113882103,
                          0.4808663418983393,
                          0.47624190909018005],
                         [0.5008317033919437,
                          0.4935545699224608,
                          0.5215022939503997,
                          0.5309253243981755,
                          0.4824035796081884,
                          0.49271370280840443,
                          0.4994585222470789,
                          0.4769207910849329],
                         [0.5105584932014806,
                          0.5081485680823604,
                          0.48287530429896486,
                          0.5117008687212603,
                          0.5175399706972524,
                          0.5023560502920759,
                          0.48281613284149427,
                          0.48839515664075406]]},
            {'activation': 'sigmoid',
             'bias': [-0.025877846958520002,
                      0.013215574334411279,
                      0.007766128702354516,
                      0.0019147468324234706,
                      0.006841307994572835],
             'name': 'output',
             'neurons': [<gameplay.Neuron object at 0x7f2ffa71ee48>,
                         <gameplay.Neuron object at 0x7f2ffa71eeb8>,
                         <gameplay.Neuron object at 0x7f2ffa71ebe0>,
                         <gameplay.Neuron object at 0x7f2ffa71ec50>,
                         <gameplay.Neuron object at 0x7f2ffa71ec88>],
             'num_neurons': 5,
             'weights': [[0.47189257338018165,
                          0.5046241385036281,
                          0.502055178726841,
                          0.49270311183923177,
                          0.48570374612515566,
                          0.4948138827315414],
                         [0.5166529210729225,
                          0.5105884679176045,
                          0.4944512072332268,
                          0.4868473540189636,
                          0.4983310393044118,
                          0.4926430947294309],
                         [0.5090077654159493,
                          0.5027833662686727,
                          0.5041133175763942,
                          0.49086944945512967,
                          0.5008570445515255,
                          0.5015800081170858],
                         [0.5019004116486105,
                          0.49872097886476424,
                          0.5178484634923097,
                          0.4950201947619602,
                          0.48523448185268214,
                          0.4851768339219894],
                         [0.5274383163881435,
                          0.4924574335970066,
                          0.5234204698883572,
                          0.4920263939705348,
                          0.5046803096082647,
                          0.5078392339557641],
                         [0.4906002171326736,
                          0.51895806141185,
                          0.512887689153151,
                          0.47191974813007054,
                          0.4781549169975459,
                          0.48737192099378734]]}]}
load_tensorflow_graph: path = tensorflow/mario-model-simple-2019-07-17/frozen_inference_graph.pb
object_detection_graph = <tensorflow.python.framework.ops.Graph object at 0x7f2ffa71ef98>
Doing start sequence
Sleeping one second
sending start
sending empty
Found black world screen for the second time. exiting.



Seconds left: 392
Moves to the right: 23
frame count: 70
time start:  1568159157.6076746,   time_now: 1568159165.3375733
