pygame 1.9.6
Hello from the pygame community. https://www.pygame.org/contribute.html
Loading neural net from gameplay_neural_nets/17/3.nn
net = {'generation': 13,
 'inputs': [],
 'layers': [{'activation': 'sigmoid',
             'bias': [-0.01919356342836432,
                      0.019550855810274333,
                      -0.01851674506710651,
                      7.04350960454899e-05,
                      0.014359912323029748,
                      0.017558326149471507,
                      -0.0007900303509229822,
                      -0.026671219668699245],
             'name': 'input',
             'neurons': [],
             'num_neurons': 8,
             'weights': [[0.47881042598811735,
                          0.48546147961126146,
                          0.49087077368704657,
                          0.5106604781012525,
                          0.49342264394619484,
                          0.48575354664334003,
                          0.5029882428260176,
                          0.49406596467005387,
                          0.4976341012289188,
                          0.5085435837864268],
                         [0.492896811576879,
                          0.5006063227658472,
                          0.5159301162886379,
                          0.4892777557182096,
                          0.5172705758080559,
                          0.5040271015526895,
                          0.49472241704399744,
                          0.48132435806378937,
                          0.49565780831082595,
                          0.5025939524068211],
                         [0.5177364904042396,
                          0.48328619912540655,
                          0.5004612208462859,
                          0.505754486510932,
                          0.4793322081801439,
                          0.5011341240379636,
                          0.498474542586116,
                          0.4939595428309373,
                          0.49037910810934654,
                          0.4871793744221195],
                         [0.534325344700204,
                          0.5080922125467132,
                          0.5105980990086568,
                          0.4988913070006466,
                          0.48628312886377995,
                          0.5002005322270529,
                          0.4999883180220672,
                          0.4995617205649936,
                          0.5348936033638767,
                          0.5061491465443274],
                         [0.4865672278957307,
                          0.508014417653488,
                          0.4962292156026338,
                          0.49000236679612813,
                          0.49799999375430576,
                          0.476206054394094,
                          0.5092703738631494,
                          0.5087147972417793,
                          0.50774868756618,
                          0.5255201775558765],
                         [0.48957180717471466,
                          0.5177139005614352,
                          0.4999057789506564,
                          0.49413810985469253,
                          0.49613772332344425,
                          0.5088590848846133,
                          0.5223952671387203,
                          0.48559710074453805,
                          0.5215435886483265,
                          0.4921321642201524],
                         [0.49784293943415947,
                          0.5225564561042942,
                          0.5156608437258141,
                          0.5104004450190837,
                          0.48113005935869774,
                          0.4983328121755856,
                          0.5045542509485289,
                          0.5032872145580333,
                          0.506907370001139,
                          0.5067827254939241],
                         [0.48471859144776186,
                          0.5160311215969157,
                          0.4733315759948811,
                          0.5129876004298661,
                          0.5043550813255716,
                          0.49550950529740867,
                          0.4881688480564317,
                          0.4952452169946123,
                          0.4836972706773056,
                          0.48007670279334264]]},
            {'activation': 'sigmoid',
             'bias': [-0.008311009875327303,
                      -0.007470363983427368,
                      -0.022598416043826057,
                      0.008739840467226295,
                      -0.011412576417586874,
                      -0.024596301377051183],
             'name': 'hidden1',
             'neurons': [],
             'num_neurons': 6,
             'weights': [[0.4872141491155828,
                          0.4716215314348634,
                          0.5056061595712767,
                          0.5005767238485759,
                          0.5116555021260955,
                          0.5010695627934544,
                          0.5255167334761905,
                          0.5095397507180512],
                         [0.4989788082422926,
                          0.5141061656524927,
                          0.5075480285995742,
                          0.5118064164958959,
                          0.48315950117044953,
                          0.49698465888026505,
                          0.48062074596084486,
                          0.5011559389266594],
                         [0.5064972896289903,
                          0.5110892813371478,
                          0.5029804042587278,
                          0.4937168372906892,
                          0.519158323579229,
                          0.5193456505773971,
                          0.5058222453511223,
                          0.49943042621328526],
                         [0.5128931764997505,
                          0.4936032324109684,
                          0.5011892251295755,
                          0.4960397186862436,
                          0.502767402726662,
                          0.5055071620273023,
                          0.48726579394345454,
                          0.5105362168489901],
                         [0.5053244606775529,
                          0.5337470180890319,
                          0.5014205801573476,
                          0.49680382779541615,
                          0.49545412036557146,
                          0.5168272184364122,
                          0.49622205573073164,
                          0.504357883798699],
                         [0.4893830344492782,
                          0.49407601205552765,
                          0.491242000990776,
                          0.485067228407979,
                          0.5163136804087919,
                          0.4809331916468107,
                          0.4808663418983393,
                          0.47624190909018005],
                         [0.49444544649613714,
                          0.4935545699224608,
                          0.5145245756748978,
                          0.5148210888035395,
                          0.4819125020817476,
                          0.49149331433786464,
                          0.5029342782944524,
                          0.4769207910849329],
                         [0.5101770210291449,
                          0.49872070206619984,
                          0.4825392557079181,
                          0.5117008687212603,
                          0.5101531709136383,
                          0.5013163106242591,
                          0.48265364973767794,
                          0.4822407015331937]]},
            {'activation': 'sigmoid',
             'bias': [-0.024340677597046022,
                      0.013215574334411279,
                      0.008216524113221168,
                      0.0024289325285294996,
                      0.006841307994572835],
             'name': 'output',
             'neurons': [],
             'num_neurons': 5,
             'weights': [[0.4758886739859172,
                          0.5104599905100364,
                          0.502055178726841,
                          0.49072798157791425,
                          0.48570374612515566,
                          0.4948138827315414],
                         [0.5166529210729225,
                          0.5118980842630682,
                          0.4944512072332268,
                          0.49187712673234063,
                          0.5004110242631613,
                          0.48485461416348297],
                         [0.5090077654159493,
                          0.5087786665803261,
                          0.5094224137986537,
                          0.48672818821049596,
                          0.5008570445515255,
                          0.5039911916003801],
                         [0.5098244755302596,
                          0.49489955537402347,
                          0.510633700122845,
                          0.4950201947619602,
                          0.48523448185268214,
                          0.4851768339219894],
                         [0.5110246589093719,
                          0.5003166803023463,
                          0.5136901341054565,
                          0.49645473568481946,
                          0.5045166573738314,
                          0.5078392339557641],
                         [0.48878870022492094,
                          0.51895806141185,
                          0.512887689153151,
                          0.476892250303196,
                          0.4681925024892773,
                          0.48737192099378734]]}]}
{'generation': 13,
 'inputs': [],
 'layers': [{'activation': 'sigmoid',
             'bias': [-0.01919356342836432,
                      0.019550855810274333,
                      -0.01851674506710651,
                      7.04350960454899e-05,
                      0.014359912323029748,
                      0.017558326149471507,
                      -0.0007900303509229822,
                      -0.026671219668699245],
             'name': 'input',
             'neurons': [<gameplay.Neuron object at 0x7f5c0cd7a860>,
                         <gameplay.Neuron object at 0x7f5c0cd7a828>,
                         <gameplay.Neuron object at 0x7f5c0cd7a240>,
                         <gameplay.Neuron object at 0x7f5c0cd7ab70>,
                         <gameplay.Neuron object at 0x7f5c0cd7ac18>,
                         <gameplay.Neuron object at 0x7f5c0cd7aba8>,
                         <gameplay.Neuron object at 0x7f5c0cd7acc0>,
                         <gameplay.Neuron object at 0x7f5c0cd7acf8>],
             'num_neurons': 8,
             'weights': [[0.47881042598811735,
                          0.48546147961126146,
                          0.49087077368704657,
                          0.5106604781012525,
                          0.49342264394619484,
                          0.48575354664334003,
                          0.5029882428260176,
                          0.49406596467005387,
                          0.4976341012289188,
                          0.5085435837864268],
                         [0.492896811576879,
                          0.5006063227658472,
                          0.5159301162886379,
                          0.4892777557182096,
                          0.5172705758080559,
                          0.5040271015526895,
                          0.49472241704399744,
                          0.48132435806378937,
                          0.49565780831082595,
                          0.5025939524068211],
                         [0.5177364904042396,
                          0.48328619912540655,
                          0.5004612208462859,
                          0.505754486510932,
                          0.4793322081801439,
                          0.5011341240379636,
                          0.498474542586116,
                          0.4939595428309373,
                          0.49037910810934654,
                          0.4871793744221195],
                         [0.534325344700204,
                          0.5080922125467132,
                          0.5105980990086568,
                          0.4988913070006466,
                          0.48628312886377995,
                          0.5002005322270529,
                          0.4999883180220672,
                          0.4995617205649936,
                          0.5348936033638767,
                          0.5061491465443274],
                         [0.4865672278957307,
                          0.508014417653488,
                          0.4962292156026338,
                          0.49000236679612813,
                          0.49799999375430576,
                          0.476206054394094,
                          0.5092703738631494,
                          0.5087147972417793,
                          0.50774868756618,
                          0.5255201775558765],
                         [0.48957180717471466,
                          0.5177139005614352,
                          0.4999057789506564,
                          0.49413810985469253,
                          0.49613772332344425,
                          0.5088590848846133,
                          0.5223952671387203,
                          0.48559710074453805,
                          0.5215435886483265,
                          0.4921321642201524],
                         [0.49784293943415947,
                          0.5225564561042942,
                          0.5156608437258141,
                          0.5104004450190837,
                          0.48113005935869774,
                          0.4983328121755856,
                          0.5045542509485289,
                          0.5032872145580333,
                          0.506907370001139,
                          0.5067827254939241],
                         [0.48471859144776186,
                          0.5160311215969157,
                          0.4733315759948811,
                          0.5129876004298661,
                          0.5043550813255716,
                          0.49550950529740867,
                          0.4881688480564317,
                          0.4952452169946123,
                          0.4836972706773056,
                          0.48007670279334264]]},
            {'activation': 'sigmoid',
             'bias': [-0.008311009875327303,
                      -0.007470363983427368,
                      -0.022598416043826057,
                      0.008739840467226295,
                      -0.011412576417586874,
                      -0.024596301377051183],
             'name': 'hidden1',
             'neurons': [<gameplay.Neuron object at 0x7f5c0cd7ad30>,
                         <gameplay.Neuron object at 0x7f5c0cd7ad68>,
                         <gameplay.Neuron object at 0x7f5c0cd7add8>,
                         <gameplay.Neuron object at 0x7f5c0cd7ada0>,
                         <gameplay.Neuron object at 0x7f5c0cd7ae10>,
                         <gameplay.Neuron object at 0x7f5c0cd7ae80>],
             'num_neurons': 6,
             'weights': [[0.4872141491155828,
                          0.4716215314348634,
                          0.5056061595712767,
                          0.5005767238485759,
                          0.5116555021260955,
                          0.5010695627934544,
                          0.5255167334761905,
                          0.5095397507180512],
                         [0.4989788082422926,
                          0.5141061656524927,
                          0.5075480285995742,
                          0.5118064164958959,
                          0.48315950117044953,
                          0.49698465888026505,
                          0.48062074596084486,
                          0.5011559389266594],
                         [0.5064972896289903,
                          0.5110892813371478,
                          0.5029804042587278,
                          0.4937168372906892,
                          0.519158323579229,
                          0.5193456505773971,
                          0.5058222453511223,
                          0.49943042621328526],
                         [0.5128931764997505,
                          0.4936032324109684,
                          0.5011892251295755,
                          0.4960397186862436,
                          0.502767402726662,
                          0.5055071620273023,
                          0.48726579394345454,
                          0.5105362168489901],
                         [0.5053244606775529,
                          0.5337470180890319,
                          0.5014205801573476,
                          0.49680382779541615,
                          0.49545412036557146,
                          0.5168272184364122,
                          0.49622205573073164,
                          0.504357883798699],
                         [0.4893830344492782,
                          0.49407601205552765,
                          0.491242000990776,
                          0.485067228407979,
                          0.5163136804087919,
                          0.4809331916468107,
                          0.4808663418983393,
                          0.47624190909018005],
                         [0.49444544649613714,
                          0.4935545699224608,
                          0.5145245756748978,
                          0.5148210888035395,
                          0.4819125020817476,
                          0.49149331433786464,
                          0.5029342782944524,
                          0.4769207910849329],
                         [0.5101770210291449,
                          0.49872070206619984,
                          0.4825392557079181,
                          0.5117008687212603,
                          0.5101531709136383,
                          0.5013163106242591,
                          0.48265364973767794,
                          0.4822407015331937]]},
            {'activation': 'sigmoid',
             'bias': [-0.024340677597046022,
                      0.013215574334411279,
                      0.008216524113221168,
                      0.0024289325285294996,
                      0.006841307994572835],
             'name': 'output',
             'neurons': [<gameplay.Neuron object at 0x7f5c0cd7ae48>,
                         <gameplay.Neuron object at 0x7f5c0cd7aeb8>,
                         <gameplay.Neuron object at 0x7f5c0cd7abe0>,
                         <gameplay.Neuron object at 0x7f5c0cd7ac50>,
                         <gameplay.Neuron object at 0x7f5c0cd7ac88>],
             'num_neurons': 5,
             'weights': [[0.4758886739859172,
                          0.5104599905100364,
                          0.502055178726841,
                          0.49072798157791425,
                          0.48570374612515566,
                          0.4948138827315414],
                         [0.5166529210729225,
                          0.5118980842630682,
                          0.4944512072332268,
                          0.49187712673234063,
                          0.5004110242631613,
                          0.48485461416348297],
                         [0.5090077654159493,
                          0.5087786665803261,
                          0.5094224137986537,
                          0.48672818821049596,
                          0.5008570445515255,
                          0.5039911916003801],
                         [0.5098244755302596,
                          0.49489955537402347,
                          0.510633700122845,
                          0.4950201947619602,
                          0.48523448185268214,
                          0.4851768339219894],
                         [0.5110246589093719,
                          0.5003166803023463,
                          0.5136901341054565,
                          0.49645473568481946,
                          0.5045166573738314,
                          0.5078392339557641],
                         [0.48878870022492094,
                          0.51895806141185,
                          0.512887689153151,
                          0.476892250303196,
                          0.4681925024892773,
                          0.48737192099378734]]}]}
load_tensorflow_graph: path = tensorflow/mario-model-simple-2019-07-17/frozen_inference_graph.pb
object_detection_graph = <tensorflow.python.framework.ops.Graph object at 0x7f5c0cd7af98>
Doing start sequence
Sleeping one second
sending start
sending empty
Found black world screen for the second time. exiting.



Seconds left: 373
Moves to the right: 72
frame count: 131
time start:  1568159209.7111871,   time_now: 1568159223.6415431
