pygame 1.9.6
Hello from the pygame community. https://www.pygame.org/contribute.html
Loading neural net from gameplay_neural_nets/17/4.nn
net = {'generation': 13,
 'inputs': [],
 'layers': [{'activation': 'sigmoid',
             'bias': [-0.01919356342836432,
                      0.02951317391900839,
                      -0.014527966621034533,
                      -0.004907850001816273,
                      0.014084394982738174,
                      0.017558326149471507,
                      -0.0007900303509229822,
                      -0.0208055908074717],
             'name': 'input',
             'neurons': [],
             'num_neurons': 8,
             'weights': [[0.4727983652907113,
                          0.47957209942175366,
                          0.49087077368704657,
                          0.5106604781012525,
                          0.49620718018305726,
                          0.4847541118912437,
                          0.5029882428260176,
                          0.49406596467005387,
                          0.5013605861035754,
                          0.5121976932425099],
                         [0.5021996101833694,
                          0.5093455406064228,
                          0.5159301162886379,
                          0.4892777557182096,
                          0.5168255386053331,
                          0.49730062004194076,
                          0.48937191845249045,
                          0.47934192820878235,
                          0.5048746481488096,
                          0.5204670299110113],
                         [0.5239970437468858,
                          0.4967531119912871,
                          0.5004612208462859,
                          0.49401926400662416,
                          0.4698016773298543,
                          0.5064958064232196,
                          0.498474542586116,
                          0.48604893905035884,
                          0.49980942079543716,
                          0.4939625265865883],
                         [0.525181611015977,
                          0.5001444009372362,
                          0.5084512833567263,
                          0.4900462841062252,
                          0.48318559506023545,
                          0.5002005322270529,
                          0.4999883180220672,
                          0.5012342796728698,
                          0.5273169075164671,
                          0.5162532934064203],
                         [0.4946603135856981,
                          0.5109857520090961,
                          0.49719294539736386,
                          0.49029079645954926,
                          0.49799999375430576,
                          0.4731626799194768,
                          0.5100187453730898,
                          0.5087147972417793,
                          0.50774868756618,
                          0.5249213728547631],
                         [0.48957180717471466,
                          0.5187291001852382,
                          0.4908411789293778,
                          0.501381618164465,
                          0.49613772332344425,
                          0.5115852171340217,
                          0.5241866644577665,
                          0.48559710074453805,
                          0.518833409957322,
                          0.4834151913197766],
                         [0.504280522078457,
                          0.5182503393192924,
                          0.522318947725975,
                          0.5104974993503963,
                          0.4814120437988387,
                          0.49920902494276465,
                          0.5022101390675323,
                          0.5032872145580333,
                          0.506907370001139,
                          0.4953093584529863],
                         [0.4783306386427836,
                          0.5258892692390694,
                          0.4733315759948811,
                          0.5048212014514719,
                          0.5046505933847585,
                          0.49550950529740867,
                          0.4855591811168293,
                          0.4952452169946123,
                          0.4844670770576733,
                          0.48089165187346833]]},
            {'activation': 'sigmoid',
             'bias': [-0.008311009875327303,
                      -0.007470363983427368,
                      -0.022598416043826057,
                      0.0052173351335964326,
                      -0.004439287361116847,
                      -0.03287961927540382],
             'name': 'hidden1',
             'neurons': [],
             'num_neurons': 6,
             'weights': [[0.48490721557848204,
                          0.46355262916855994,
                          0.5041752579265667,
                          0.4913648085972553,
                          0.5052276202350865,
                          0.5010695627934544,
                          0.5096966659854324,
                          0.5095397507180512],
                         [0.5015860258310106,
                          0.5064463540959202,
                          0.4993059992466977,
                          0.5086029773632639,
                          0.480427843260621,
                          0.49698465888026505,
                          0.48189926931405846,
                          0.4980580322845683],
                         [0.5064972896289903,
                          0.5110892813371478,
                          0.5083904615154775,
                          0.5026243852662204,
                          0.519158323579229,
                          0.5168847802258525,
                          0.5058222453511223,
                          0.49943042621328526],
                         [0.5128931764997505,
                          0.4936032324109684,
                          0.5034544591271476,
                          0.4960397186862436,
                          0.502767402726662,
                          0.5055071620273023,
                          0.48726579394345454,
                          0.5116813015731163],
                         [0.4974562107189643,
                          0.5282017853464734,
                          0.5014205801573476,
                          0.5048775167997125,
                          0.49724905364845945,
                          0.5237448240671829,
                          0.49284135442341515,
                          0.504357883798699],
                         [0.48171953881340696,
                          0.49407601205552765,
                          0.4970933486694078,
                          0.48535139159052776,
                          0.49933995771620027,
                          0.47538861612538136,
                          0.4808663418983393,
                          0.47624190909018005],
                         [0.49698600637884893,
                          0.48983027523783257,
                          0.5150415783188877,
                          0.5240085970917427,
                          0.4819125020817476,
                          0.49149331433786464,
                          0.5164875546942526,
                          0.4769207910849329],
                         [0.5101770210291449,
                          0.49773943779597873,
                          0.48287530429896486,
                          0.521253682140536,
                          0.5119457632670869,
                          0.5023560502920759,
                          0.48281613284149427,
                          0.48027826346674246]]},
            {'activation': 'sigmoid',
             'bias': [-0.024340677597046022,
                      0.008756384509027654,
                      0.007766128702354516,
                      0.0019147468324234706,
                      0.006841307994572835],
             'name': 'output',
             'neurons': [],
             'num_neurons': 5,
             'weights': [[0.4758886739859172,
                          0.5053385205907673,
                          0.502055178726841,
                          0.49270311183923177,
                          0.47576358487016923,
                          0.49937318215149423],
                         [0.5254443175483441,
                          0.5105884679176045,
                          0.4944512072332268,
                          0.48723369488758184,
                          0.5004110242631613,
                          0.49070247607911477],
                         [0.5135316888466482,
                          0.5084750880996871,
                          0.5041133175763942,
                          0.48986041553366566,
                          0.49900969573451515,
                          0.5044262833703742],
                         [0.5098244755302596,
                          0.49489955537402347,
                          0.5189640907230695,
                          0.4950201947619602,
                          0.48523448185268214,
                          0.4851768339219894],
                         [0.5181004367255108,
                          0.5003166803023463,
                          0.5164419529330351,
                          0.5003533340587137,
                          0.495812291070361,
                          0.5048580752068198],
                         [0.4906002171326736,
                          0.5267909373124937,
                          0.512887689153151,
                          0.48088090027041897,
                          0.4781549169975459,
                          0.48737192099378734]]}]}
{'generation': 13,
 'inputs': [],
 'layers': [{'activation': 'sigmoid',
             'bias': [-0.01919356342836432,
                      0.02951317391900839,
                      -0.014527966621034533,
                      -0.004907850001816273,
                      0.014084394982738174,
                      0.017558326149471507,
                      -0.0007900303509229822,
                      -0.0208055908074717],
             'name': 'input',
             'neurons': [<gameplay.Neuron object at 0x7f883a9c0860>,
                         <gameplay.Neuron object at 0x7f883a9c0828>,
                         <gameplay.Neuron object at 0x7f883a9c0240>,
                         <gameplay.Neuron object at 0x7f883a9c0b70>,
                         <gameplay.Neuron object at 0x7f883a9c0c18>,
                         <gameplay.Neuron object at 0x7f883a9c0ba8>,
                         <gameplay.Neuron object at 0x7f883a9c0cc0>,
                         <gameplay.Neuron object at 0x7f883a9c0cf8>],
             'num_neurons': 8,
             'weights': [[0.4727983652907113,
                          0.47957209942175366,
                          0.49087077368704657,
                          0.5106604781012525,
                          0.49620718018305726,
                          0.4847541118912437,
                          0.5029882428260176,
                          0.49406596467005387,
                          0.5013605861035754,
                          0.5121976932425099],
                         [0.5021996101833694,
                          0.5093455406064228,
                          0.5159301162886379,
                          0.4892777557182096,
                          0.5168255386053331,
                          0.49730062004194076,
                          0.48937191845249045,
                          0.47934192820878235,
                          0.5048746481488096,
                          0.5204670299110113],
                         [0.5239970437468858,
                          0.4967531119912871,
                          0.5004612208462859,
                          0.49401926400662416,
                          0.4698016773298543,
                          0.5064958064232196,
                          0.498474542586116,
                          0.48604893905035884,
                          0.49980942079543716,
                          0.4939625265865883],
                         [0.525181611015977,
                          0.5001444009372362,
                          0.5084512833567263,
                          0.4900462841062252,
                          0.48318559506023545,
                          0.5002005322270529,
                          0.4999883180220672,
                          0.5012342796728698,
                          0.5273169075164671,
                          0.5162532934064203],
                         [0.4946603135856981,
                          0.5109857520090961,
                          0.49719294539736386,
                          0.49029079645954926,
                          0.49799999375430576,
                          0.4731626799194768,
                          0.5100187453730898,
                          0.5087147972417793,
                          0.50774868756618,
                          0.5249213728547631],
                         [0.48957180717471466,
                          0.5187291001852382,
                          0.4908411789293778,
                          0.501381618164465,
                          0.49613772332344425,
                          0.5115852171340217,
                          0.5241866644577665,
                          0.48559710074453805,
                          0.518833409957322,
                          0.4834151913197766],
                         [0.504280522078457,
                          0.5182503393192924,
                          0.522318947725975,
                          0.5104974993503963,
                          0.4814120437988387,
                          0.49920902494276465,
                          0.5022101390675323,
                          0.5032872145580333,
                          0.506907370001139,
                          0.4953093584529863],
                         [0.4783306386427836,
                          0.5258892692390694,
                          0.4733315759948811,
                          0.5048212014514719,
                          0.5046505933847585,
                          0.49550950529740867,
                          0.4855591811168293,
                          0.4952452169946123,
                          0.4844670770576733,
                          0.48089165187346833]]},
            {'activation': 'sigmoid',
             'bias': [-0.008311009875327303,
                      -0.007470363983427368,
                      -0.022598416043826057,
                      0.0052173351335964326,
                      -0.004439287361116847,
                      -0.03287961927540382],
             'name': 'hidden1',
             'neurons': [<gameplay.Neuron object at 0x7f883a9c0d30>,
                         <gameplay.Neuron object at 0x7f883a9c0d68>,
                         <gameplay.Neuron object at 0x7f883a9c0dd8>,
                         <gameplay.Neuron object at 0x7f883a9c0da0>,
                         <gameplay.Neuron object at 0x7f883a9c0e10>,
                         <gameplay.Neuron object at 0x7f883a9c0e80>],
             'num_neurons': 6,
             'weights': [[0.48490721557848204,
                          0.46355262916855994,
                          0.5041752579265667,
                          0.4913648085972553,
                          0.5052276202350865,
                          0.5010695627934544,
                          0.5096966659854324,
                          0.5095397507180512],
                         [0.5015860258310106,
                          0.5064463540959202,
                          0.4993059992466977,
                          0.5086029773632639,
                          0.480427843260621,
                          0.49698465888026505,
                          0.48189926931405846,
                          0.4980580322845683],
                         [0.5064972896289903,
                          0.5110892813371478,
                          0.5083904615154775,
                          0.5026243852662204,
                          0.519158323579229,
                          0.5168847802258525,
                          0.5058222453511223,
                          0.49943042621328526],
                         [0.5128931764997505,
                          0.4936032324109684,
                          0.5034544591271476,
                          0.4960397186862436,
                          0.502767402726662,
                          0.5055071620273023,
                          0.48726579394345454,
                          0.5116813015731163],
                         [0.4974562107189643,
                          0.5282017853464734,
                          0.5014205801573476,
                          0.5048775167997125,
                          0.49724905364845945,
                          0.5237448240671829,
                          0.49284135442341515,
                          0.504357883798699],
                         [0.48171953881340696,
                          0.49407601205552765,
                          0.4970933486694078,
                          0.48535139159052776,
                          0.49933995771620027,
                          0.47538861612538136,
                          0.4808663418983393,
                          0.47624190909018005],
                         [0.49698600637884893,
                          0.48983027523783257,
                          0.5150415783188877,
                          0.5240085970917427,
                          0.4819125020817476,
                          0.49149331433786464,
                          0.5164875546942526,
                          0.4769207910849329],
                         [0.5101770210291449,
                          0.49773943779597873,
                          0.48287530429896486,
                          0.521253682140536,
                          0.5119457632670869,
                          0.5023560502920759,
                          0.48281613284149427,
                          0.48027826346674246]]},
            {'activation': 'sigmoid',
             'bias': [-0.024340677597046022,
                      0.008756384509027654,
                      0.007766128702354516,
                      0.0019147468324234706,
                      0.006841307994572835],
             'name': 'output',
             'neurons': [<gameplay.Neuron object at 0x7f883a9c0e48>,
                         <gameplay.Neuron object at 0x7f883a9c0eb8>,
                         <gameplay.Neuron object at 0x7f883a9c0be0>,
                         <gameplay.Neuron object at 0x7f883a9c0c50>,
                         <gameplay.Neuron object at 0x7f883a9c0c88>],
             'num_neurons': 5,
             'weights': [[0.4758886739859172,
                          0.5053385205907673,
                          0.502055178726841,
                          0.49270311183923177,
                          0.47576358487016923,
                          0.49937318215149423],
                         [0.5254443175483441,
                          0.5105884679176045,
                          0.4944512072332268,
                          0.48723369488758184,
                          0.5004110242631613,
                          0.49070247607911477],
                         [0.5135316888466482,
                          0.5084750880996871,
                          0.5041133175763942,
                          0.48986041553366566,
                          0.49900969573451515,
                          0.5044262833703742],
                         [0.5098244755302596,
                          0.49489955537402347,
                          0.5189640907230695,
                          0.4950201947619602,
                          0.48523448185268214,
                          0.4851768339219894],
                         [0.5181004367255108,
                          0.5003166803023463,
                          0.5164419529330351,
                          0.5003533340587137,
                          0.495812291070361,
                          0.5048580752068198],
                         [0.4906002171326736,
                          0.5267909373124937,
                          0.512887689153151,
                          0.48088090027041897,
                          0.4781549169975459,
                          0.48737192099378734]]}]}
load_tensorflow_graph: path = tensorflow/mario-model-simple-2019-07-17/frozen_inference_graph.pb
object_detection_graph = <tensorflow.python.framework.ops.Graph object at 0x7f883a9c0f98>
Doing start sequence
Sleeping one second
sending start
sending empty
Found black world screen for the second time. exiting.



Seconds left: 363
Moves to the right: 106
frame count: 169
time start:  1568159229.2470517,   time_now: 1568159247.087083
