pygame 1.9.6
Hello from the pygame community. https://www.pygame.org/contribute.html
Loading neural net from gameplay_neural_nets/36/2.nn
net = {'generation': 33,
 'inputs': [],
 'layers': [{'activation': 'sigmoid',
             'bias': [0.006177440847843378,
                      -0.01408404301686297,
                      0.026652392304535838,
                      0.001146851090599893,
                      0.015185485374939002,
                      -0.014525606259422792,
                      0.004628371962889599,
                      -0.015585841926630635],
             'name': 'input',
             'neurons': [],
             'num_neurons': 8,
             'weights': [[0.39075337122071974,
                          0.3986811774774795,
                          0.11283614961486181,
                          0.12334407961157301,
                          0.11871281305286391,
                          0.10176409823484872,
                          0.10323014013938539,
                          0.1101843625109507,
                          0.09058112721044344,
                          0.08902783464650264],
                         [0.37426813462798164,
                          0.41252058913681783,
                          0.11126014130653558,
                          0.10851290477774478,
                          0.09683999516451428,
                          0.07956625577109637,
                          0.0924313516224412,
                          0.0938680953945878,
                          0.1143273161929008,
                          0.09903176851961762],
                         [0.38727518834920344,
                          0.4159726593285774,
                          0.1026214726082293,
                          0.08615219630980298,
                          0.09174212153035197,
                          0.10581995148662926,
                          0.08020195267443664,
                          0.09393212176507759,
                          0.11095766652848915,
                          0.09631580938962389],
                         [0.3903513992131665,
                          0.380326521082941,
                          0.09213054042074044,
                          0.10696787138564996,
                          0.07864974343936335,
                          0.10317141909751035,
                          0.0991039721537552,
                          0.10099485479844296,
                          0.07992061912113552,
                          0.11461165300344113],
                         [0.38593766412229175,
                          0.39181739818364303,
                          0.07906258112651178,
                          0.12454560774450119,
                          0.08497377731351392,
                          0.09688914813025389,
                          0.10165938614929614,
                          0.13961145679143133,
                          0.09323974537742219,
                          0.08315794454685121],
                         [0.3612429855567344,
                          0.39760321274872484,
                          0.06976464735469387,
                          0.10031498305287088,
                          0.12484644989323088,
                          0.10999461220359458,
                          0.11494634476403928,
                          0.1065536698552624,
                          0.0993295786876636,
                          0.1207824193639299],
                         [0.3868386849938264,
                          0.3881398843305048,
                          0.11088106335812509,
                          0.06707421387484536,
                          0.10604261780798488,
                          0.0983795072978506,
                          0.09644639470630224,
                          0.11305334460726758,
                          0.10004288410985794,
                          0.060502544044331315],
                         [0.40457669310596933,
                          0.41209444165261117,
                          0.10253917075093871,
                          0.0704963309168618,
                          0.1239682833611397,
                          0.08502878665476983,
                          0.08946557061311265,
                          0.1287871420154957,
                          0.08391230074873497,
                          0.09801523254110076]]},
            {'activation': 'sigmoid',
             'bias': [-0.009252176475800898,
                      0.018104158478976097,
                      0.015279229488855859,
                      0.018109792559988493,
                      0.026107497731937213],
             'name': 'output',
             'neurons': [],
             'num_neurons': 5,
             'weights': [[0.08611673884853713,
                          0.0924356343273541,
                          0.08623228840730371,
                          0.08103251020757687,
                          0.11355318742194843,
                          0.11606262415458378,
                          0.1277241481467467,
                          0.09207646128942425],
                         [0.0783017294030907,
                          0.10762351539349552,
                          0.09386071331753246,
                          0.11962450868168062,
                          0.09874701012660198,
                          0.09866076477295929,
                          0.0775783369258331,
                          0.11896215370319888],
                         [0.11607265872286374,
                          0.09041943633956702,
                          0.11367118815598609,
                          0.10250316360774417,
                          0.09686526019437498,
                          0.10192375533268361,
                          0.09511193168402292,
                          0.09879050884933276],
                         [0.09844329116970116,
                          0.07116140734205778,
                          0.10923563782568012,
                          0.09291954673016468,
                          0.10901801769684269,
                          0.1207738346117136,
                          0.1078740364181683,
                          0.0852729075200998],
                         [0.10560712802424177,
                          0.0925902851517148,
                          0.13428567524365617,
                          0.0723335466594549,
                          0.14315267869268042,
                          0.10186497657832047,
                          0.1006087082102936,
                          0.09727894199227262],
                         [0.09275959924903146,
                          0.0958746779909629,
                          0.12751369184267755,
                          0.08337725388604221,
                          0.08380237947544197,
                          0.12795348722239736,
                          0.102472813212858,
                          0.0980150951985835]]}]}
{'generation': 33,
 'inputs': [],
 'layers': [{'activation': 'sigmoid',
             'bias': [0.006177440847843378,
                      -0.01408404301686297,
                      0.026652392304535838,
                      0.001146851090599893,
                      0.015185485374939002,
                      -0.014525606259422792,
                      0.004628371962889599,
                      -0.015585841926630635],
             'name': 'input',
             'neurons': [<gameplay.Neuron object at 0x7f017c635898>,
                         <gameplay.Neuron object at 0x7f017c635860>,
                         <gameplay.Neuron object at 0x7f017c635278>,
                         <gameplay.Neuron object at 0x7f017c635b38>,
                         <gameplay.Neuron object at 0x7f017c635be0>,
                         <gameplay.Neuron object at 0x7f017c635b70>,
                         <gameplay.Neuron object at 0x7f017c635cc0>,
                         <gameplay.Neuron object at 0x7f017c635c88>],
             'num_neurons': 8,
             'weights': [[0.39075337122071974,
                          0.3986811774774795,
                          0.11283614961486181,
                          0.12334407961157301,
                          0.11871281305286391,
                          0.10176409823484872,
                          0.10323014013938539,
                          0.1101843625109507,
                          0.09058112721044344,
                          0.08902783464650264],
                         [0.37426813462798164,
                          0.41252058913681783,
                          0.11126014130653558,
                          0.10851290477774478,
                          0.09683999516451428,
                          0.07956625577109637,
                          0.0924313516224412,
                          0.0938680953945878,
                          0.1143273161929008,
                          0.09903176851961762],
                         [0.38727518834920344,
                          0.4159726593285774,
                          0.1026214726082293,
                          0.08615219630980298,
                          0.09174212153035197,
                          0.10581995148662926,
                          0.08020195267443664,
                          0.09393212176507759,
                          0.11095766652848915,
                          0.09631580938962389],
                         [0.3903513992131665,
                          0.380326521082941,
                          0.09213054042074044,
                          0.10696787138564996,
                          0.07864974343936335,
                          0.10317141909751035,
                          0.0991039721537552,
                          0.10099485479844296,
                          0.07992061912113552,
                          0.11461165300344113],
                         [0.38593766412229175,
                          0.39181739818364303,
                          0.07906258112651178,
                          0.12454560774450119,
                          0.08497377731351392,
                          0.09688914813025389,
                          0.10165938614929614,
                          0.13961145679143133,
                          0.09323974537742219,
                          0.08315794454685121],
                         [0.3612429855567344,
                          0.39760321274872484,
                          0.06976464735469387,
                          0.10031498305287088,
                          0.12484644989323088,
                          0.10999461220359458,
                          0.11494634476403928,
                          0.1065536698552624,
                          0.0993295786876636,
                          0.1207824193639299],
                         [0.3868386849938264,
                          0.3881398843305048,
                          0.11088106335812509,
                          0.06707421387484536,
                          0.10604261780798488,
                          0.0983795072978506,
                          0.09644639470630224,
                          0.11305334460726758,
                          0.10004288410985794,
                          0.060502544044331315],
                         [0.40457669310596933,
                          0.41209444165261117,
                          0.10253917075093871,
                          0.0704963309168618,
                          0.1239682833611397,
                          0.08502878665476983,
                          0.08946557061311265,
                          0.1287871420154957,
                          0.08391230074873497,
                          0.09801523254110076]]},
            {'activation': 'sigmoid',
             'bias': [-0.009252176475800898,
                      0.018104158478976097,
                      0.015279229488855859,
                      0.018109792559988493,
                      0.026107497731937213],
             'name': 'output',
             'neurons': [<gameplay.Neuron object at 0x7f017c635cf8>,
                         <gameplay.Neuron object at 0x7f017c635d30>,
                         <gameplay.Neuron object at 0x7f017c635da0>,
                         <gameplay.Neuron object at 0x7f017c635d68>,
                         <gameplay.Neuron object at 0x7f017c635dd8>],
             'num_neurons': 5,
             'weights': [[0.08611673884853713,
                          0.0924356343273541,
                          0.08623228840730371,
                          0.08103251020757687,
                          0.11355318742194843,
                          0.11606262415458378,
                          0.1277241481467467,
                          0.09207646128942425],
                         [0.0783017294030907,
                          0.10762351539349552,
                          0.09386071331753246,
                          0.11962450868168062,
                          0.09874701012660198,
                          0.09866076477295929,
                          0.0775783369258331,
                          0.11896215370319888],
                         [0.11607265872286374,
                          0.09041943633956702,
                          0.11367118815598609,
                          0.10250316360774417,
                          0.09686526019437498,
                          0.10192375533268361,
                          0.09511193168402292,
                          0.09879050884933276],
                         [0.09844329116970116,
                          0.07116140734205778,
                          0.10923563782568012,
                          0.09291954673016468,
                          0.10901801769684269,
                          0.1207738346117136,
                          0.1078740364181683,
                          0.0852729075200998],
                         [0.10560712802424177,
                          0.0925902851517148,
                          0.13428567524365617,
                          0.0723335466594549,
                          0.14315267869268042,
                          0.10186497657832047,
                          0.1006087082102936,
                          0.09727894199227262],
                         [0.09275959924903146,
                          0.0958746779909629,
                          0.12751369184267755,
                          0.08337725388604221,
                          0.08380237947544197,
                          0.12795348722239736,
                          0.102472813212858,
                          0.0980150951985835]]}]}
load_tensorflow_graph: path = tensorflow/mario-model-simple-2019-07-17/frozen_inference_graph.pb
object_detection_graph = <tensorflow.python.framework.ops.Graph object at 0x7f017c635e80>
Doing start sequence
Sleeping one second
sending start
sending empty
Found black world screen for the second time. exiting.



Seconds left: 393
Moves to the right: 19
