pygame 1.9.6
Hello from the pygame community. https://www.pygame.org/contribute.html
Loading neural net from gameplay_neural_nets/36/6.nn
net = {'generation': 33,
 'inputs': [],
 'layers': [{'activation': 'sigmoid',
             'bias': [0.006177440847843378,
                      -0.01408404301686297,
                      0.026652392304535838,
                      -0.004146926546201288,
                      0.015185485374939002,
                      -0.014525606259422792,
                      0.004628371962889599,
                      -0.015585841926630635],
             'name': 'input',
             'neurons': [],
             'num_neurons': 8,
             'weights': [[0.39075337122071974,
                          0.3986811774774795,
                          0.11283614961486181,
                          0.12334407961157301,
                          0.10999454107264942,
                          0.10176409823484872,
                          0.10323014013938539,
                          0.11317476908801587,
                          0.09058112721044344,
                          0.08143006498673958],
                         [0.3766400887699904,
                          0.41252058913681783,
                          0.11126014130653558,
                          0.10851290477774478,
                          0.09683999516451428,
                          0.07956625577109637,
                          0.0924313516224412,
                          0.0938680953945878,
                          0.10764735152001183,
                          0.09903176851961762],
                         [0.377329242412098,
                          0.4159726593285774,
                          0.10056302355931095,
                          0.09530306774376822,
                          0.09174212153035197,
                          0.10581995148662926,
                          0.08579483778854524,
                          0.09854609623907379,
                          0.11095766652848915,
                          0.09631580938962389],
                         [0.3903513992131665,
                          0.380326521082941,
                          0.09213054042074044,
                          0.10860664870391926,
                          0.07864974343936335,
                          0.10924544506489063,
                          0.0991039721537552,
                          0.10099485479844296,
                          0.07992061912113552,
                          0.11280106955219152],
                         [0.38593766412229175,
                          0.4013214244535427,
                          0.08616853394831073,
                          0.12454560774450119,
                          0.08497377731351392,
                          0.09688914813025389,
                          0.10165938614929614,
                          0.13314326173062022,
                          0.09323974537742219,
                          0.09201536183366997],
                         [0.3612429855567344,
                          0.39760321274872484,
                          0.0713887724345275,
                          0.09120217476645041,
                          0.11523989910654983,
                          0.10517264918992898,
                          0.11494634476403928,
                          0.1065536698552624,
                          0.09159179962942991,
                          0.12626012884862628],
                         [0.3868386849938264,
                          0.3881398843305048,
                          0.11088106335812509,
                          0.06707421387484536,
                          0.10434167793446812,
                          0.0983795072978506,
                          0.09644639470630224,
                          0.11189802153984332,
                          0.10004288410985794,
                          0.060502544044331315],
                         [0.40457669310596933,
                          0.41209444165261117,
                          0.10253917075093871,
                          0.0704963309168618,
                          0.12038920791324603,
                          0.08502878665476983,
                          0.08946557061311265,
                          0.13302412966072666,
                          0.07999531528940737,
                          0.09801523254110076]]},
            {'activation': 'sigmoid',
             'bias': [-0.015439042317928475,
                      0.018104158478976097,
                      0.015279229488855859,
                      0.022268114538559914,
                      0.031558467976197394],
             'name': 'output',
             'neurons': [],
             'num_neurons': 5,
             'weights': [[0.08611673884853713,
                          0.0924356343273541,
                          0.08838095747510878,
                          0.08103251020757687,
                          0.11355318742194843,
                          0.11606262415458378,
                          0.13172967174343464,
                          0.09207646128942425],
                         [0.08070420643065876,
                          0.10762351539349552,
                          0.10182414594520645,
                          0.11962450868168062,
                          0.09551084214899386,
                          0.10016335192993432,
                          0.07499327797311844,
                          0.1198646922485925],
                         [0.11607265872286374,
                          0.09041943633956702,
                          0.1201109105801917,
                          0.10250316360774417,
                          0.09686526019437498,
                          0.10192375533268361,
                          0.10261679664857914,
                          0.1056657271794289],
                         [0.09952950469322945,
                          0.07116140734205778,
                          0.11194610410923501,
                          0.09381548038723479,
                          0.10901801769684269,
                          0.1207738346117136,
                          0.11658826717403654,
                          0.09193950334782008],
                         [0.10560712802424177,
                          0.08826088385258653,
                          0.13428567524365617,
                          0.07748592860110926,
                          0.14315267869268042,
                          0.11039688466383592,
                          0.09382571547686462,
                          0.09455268005013003],
                         [0.09275959924903146,
                          0.0958746779909629,
                          0.12751369184267755,
                          0.09265364345068688,
                          0.08380237947544197,
                          0.12795348722239736,
                          0.10823861195210072,
                          0.09141654422151994]]}]}
{'generation': 33,
 'inputs': [],
 'layers': [{'activation': 'sigmoid',
             'bias': [0.006177440847843378,
                      -0.01408404301686297,
                      0.026652392304535838,
                      -0.004146926546201288,
                      0.015185485374939002,
                      -0.014525606259422792,
                      0.004628371962889599,
                      -0.015585841926630635],
             'name': 'input',
             'neurons': [<gameplay.Neuron object at 0x7fd2e516d860>,
                         <gameplay.Neuron object at 0x7fd2e516d828>,
                         <gameplay.Neuron object at 0x7fd2e516d240>,
                         <gameplay.Neuron object at 0x7fd2e516db00>,
                         <gameplay.Neuron object at 0x7fd2e516dba8>,
                         <gameplay.Neuron object at 0x7fd2e516db38>,
                         <gameplay.Neuron object at 0x7fd2e516dc88>,
                         <gameplay.Neuron object at 0x7fd2e516dc50>],
             'num_neurons': 8,
             'weights': [[0.39075337122071974,
                          0.3986811774774795,
                          0.11283614961486181,
                          0.12334407961157301,
                          0.10999454107264942,
                          0.10176409823484872,
                          0.10323014013938539,
                          0.11317476908801587,
                          0.09058112721044344,
                          0.08143006498673958],
                         [0.3766400887699904,
                          0.41252058913681783,
                          0.11126014130653558,
                          0.10851290477774478,
                          0.09683999516451428,
                          0.07956625577109637,
                          0.0924313516224412,
                          0.0938680953945878,
                          0.10764735152001183,
                          0.09903176851961762],
                         [0.377329242412098,
                          0.4159726593285774,
                          0.10056302355931095,
                          0.09530306774376822,
                          0.09174212153035197,
                          0.10581995148662926,
                          0.08579483778854524,
                          0.09854609623907379,
                          0.11095766652848915,
                          0.09631580938962389],
                         [0.3903513992131665,
                          0.380326521082941,
                          0.09213054042074044,
                          0.10860664870391926,
                          0.07864974343936335,
                          0.10924544506489063,
                          0.0991039721537552,
                          0.10099485479844296,
                          0.07992061912113552,
                          0.11280106955219152],
                         [0.38593766412229175,
                          0.4013214244535427,
                          0.08616853394831073,
                          0.12454560774450119,
                          0.08497377731351392,
                          0.09688914813025389,
                          0.10165938614929614,
                          0.13314326173062022,
                          0.09323974537742219,
                          0.09201536183366997],
                         [0.3612429855567344,
                          0.39760321274872484,
                          0.0713887724345275,
                          0.09120217476645041,
                          0.11523989910654983,
                          0.10517264918992898,
                          0.11494634476403928,
                          0.1065536698552624,
                          0.09159179962942991,
                          0.12626012884862628],
                         [0.3868386849938264,
                          0.3881398843305048,
                          0.11088106335812509,
                          0.06707421387484536,
                          0.10434167793446812,
                          0.0983795072978506,
                          0.09644639470630224,
                          0.11189802153984332,
                          0.10004288410985794,
                          0.060502544044331315],
                         [0.40457669310596933,
                          0.41209444165261117,
                          0.10253917075093871,
                          0.0704963309168618,
                          0.12038920791324603,
                          0.08502878665476983,
                          0.08946557061311265,
                          0.13302412966072666,
                          0.07999531528940737,
                          0.09801523254110076]]},
            {'activation': 'sigmoid',
             'bias': [-0.015439042317928475,
                      0.018104158478976097,
                      0.015279229488855859,
                      0.022268114538559914,
                      0.031558467976197394],
             'name': 'output',
             'neurons': [<gameplay.Neuron object at 0x7fd2e516dcc0>,
                         <gameplay.Neuron object at 0x7fd2e516dcf8>,
                         <gameplay.Neuron object at 0x7fd2e516dd68>,
                         <gameplay.Neuron object at 0x7fd2e516dd30>,
                         <gameplay.Neuron object at 0x7fd2e516dda0>],
             'num_neurons': 5,
             'weights': [[0.08611673884853713,
                          0.0924356343273541,
                          0.08838095747510878,
                          0.08103251020757687,
                          0.11355318742194843,
                          0.11606262415458378,
                          0.13172967174343464,
                          0.09207646128942425],
                         [0.08070420643065876,
                          0.10762351539349552,
                          0.10182414594520645,
                          0.11962450868168062,
                          0.09551084214899386,
                          0.10016335192993432,
                          0.07499327797311844,
                          0.1198646922485925],
                         [0.11607265872286374,
                          0.09041943633956702,
                          0.1201109105801917,
                          0.10250316360774417,
                          0.09686526019437498,
                          0.10192375533268361,
                          0.10261679664857914,
                          0.1056657271794289],
                         [0.09952950469322945,
                          0.07116140734205778,
                          0.11194610410923501,
                          0.09381548038723479,
                          0.10901801769684269,
                          0.1207738346117136,
                          0.11658826717403654,
                          0.09193950334782008],
                         [0.10560712802424177,
                          0.08826088385258653,
                          0.13428567524365617,
                          0.07748592860110926,
                          0.14315267869268042,
                          0.11039688466383592,
                          0.09382571547686462,
                          0.09455268005013003],
                         [0.09275959924903146,
                          0.0958746779909629,
                          0.12751369184267755,
                          0.09265364345068688,
                          0.08380237947544197,
                          0.12795348722239736,
                          0.10823861195210072,
                          0.09141654422151994]]}]}
load_tensorflow_graph: path = tensorflow/mario-model-simple-2019-07-17/frozen_inference_graph.pb
object_detection_graph = <tensorflow.python.framework.ops.Graph object at 0x7fd2e516de48>
Doing start sequence
Sleeping one second
sending start
sending empty
Found black world screen for the second time. exiting.



Seconds left: 393
Moves to the right: 22
