pygame 1.9.6
Hello from the pygame community. https://www.pygame.org/contribute.html
Loading neural net from gameplay_neural_nets/36/7.nn
net = {'generation': 33,
 'inputs': [],
 'layers': [{'activation': 'sigmoid',
             'bias': [0.006177440847843378,
                      -0.01408404301686297,
                      0.026652392304535838,
                      -0.004146926546201288,
                      0.015185485374939002,
                      -0.014525606259422792,
                      0.004628371962889599,
                      -0.015585841926630635],
             'name': 'input',
             'neurons': [],
             'num_neurons': 8,
             'weights': [[0.39075337122071974,
                          0.3986811774774795,
                          0.11283614961486181,
                          0.12956533020149127,
                          0.12680690141141324,
                          0.09867038706229085,
                          0.10323014013938539,
                          0.1101843625109507,
                          0.09058112721044344,
                          0.09243092328334193],
                         [0.3782120539962031,
                          0.41252058913681783,
                          0.11126014130653558,
                          0.10851290477774478,
                          0.09683999516451428,
                          0.07001710036029175,
                          0.0924313516224412,
                          0.09448924015892719,
                          0.10764735152001183,
                          0.09903176851961762],
                         [0.377329242412098,
                          0.42591130634373014,
                          0.10177239535725362,
                          0.08615219630980298,
                          0.09174212153035197,
                          0.10581995148662926,
                          0.08020195267443664,
                          0.09854609623907379,
                          0.11095766652848915,
                          0.09631580938962389],
                         [0.3903513992131665,
                          0.380326521082941,
                          0.09213054042074044,
                          0.10860664870391926,
                          0.07864974343936335,
                          0.10924544506489063,
                          0.0991039721537552,
                          0.10099485479844296,
                          0.08732547860369015,
                          0.11461165300344113],
                         [0.38593766412229175,
                          0.4013214244535427,
                          0.07794038917468087,
                          0.12152721770598814,
                          0.08716566791892787,
                          0.09688914813025389,
                          0.10165938614929614,
                          0.13314326173062022,
                          0.09323974537742219,
                          0.09974546980044914],
                         [0.3612429855567344,
                          0.38852443211769117,
                          0.06976464735469387,
                          0.09120217476645041,
                          0.12484644989323088,
                          0.10244402454929191,
                          0.11494634476403928,
                          0.1065536698552624,
                          0.08985922681155024,
                          0.12783215833423467],
                         [0.3868386849938264,
                          0.3881398843305048,
                          0.11294324572724429,
                          0.06707421387484536,
                          0.10434167793446812,
                          0.0983795072978506,
                          0.08911878705074437,
                          0.10632847889555312,
                          0.10004288410985794,
                          0.060502544044331315],
                         [0.40457669310596933,
                          0.4047157815151059,
                          0.10253917075093871,
                          0.0704963309168618,
                          0.1239682833611397,
                          0.08502878665476983,
                          0.08946557061311265,
                          0.1364409366747364,
                          0.08391230074873497,
                          0.09801523254110076]]},
            {'activation': 'sigmoid',
             'bias': [-0.015439042317928475,
                      0.018104158478976097,
                      0.015279229488855859,
                      0.018109792559988493,
                      0.026107497731937213],
             'name': 'output',
             'neurons': [],
             'num_neurons': 5,
             'weights': [[0.08611673884853713,
                          0.08733364759918857,
                          0.08838095747510878,
                          0.07233868344189384,
                          0.11355318742194843,
                          0.11606262415458378,
                          0.1277241481467467,
                          0.08652045773182405],
                         [0.0783017294030907,
                          0.10762351539349552,
                          0.09386071331753246,
                          0.11556221162305927,
                          0.09551084214899386,
                          0.09326466579570662,
                          0.0775783369258331,
                          0.11896215370319888],
                         [0.11607265872286374,
                          0.09041943633956702,
                          0.1201109105801917,
                          0.10250316360774417,
                          0.09686526019437498,
                          0.1003475021486116,
                          0.10752291687105263,
                          0.1056657271794289],
                         [0.09952950469322945,
                          0.07116140734205778,
                          0.10923563782568012,
                          0.09291954673016468,
                          0.10901801769684269,
                          0.1207738346117136,
                          0.1078740364181683,
                          0.09479378490203565],
                         [0.10560712802424177,
                          0.08826088385258653,
                          0.13263851817570374,
                          0.0723335466594549,
                          0.14315267869268042,
                          0.09435335646453091,
                          0.1006087082102936,
                          0.1003020240689332],
                         [0.09275959924903146,
                          0.0958746779909629,
                          0.12751369184267755,
                          0.08337725388604221,
                          0.08982286059458644,
                          0.12795348722239736,
                          0.102472813212858,
                          0.09141654422151994]]}]}
{'generation': 33,
 'inputs': [],
 'layers': [{'activation': 'sigmoid',
             'bias': [0.006177440847843378,
                      -0.01408404301686297,
                      0.026652392304535838,
                      -0.004146926546201288,
                      0.015185485374939002,
                      -0.014525606259422792,
                      0.004628371962889599,
                      -0.015585841926630635],
             'name': 'input',
             'neurons': [<gameplay.Neuron object at 0x7f15f25fe860>,
                         <gameplay.Neuron object at 0x7f15f25fe828>,
                         <gameplay.Neuron object at 0x7f15f25fe240>,
                         <gameplay.Neuron object at 0x7f15f25feb00>,
                         <gameplay.Neuron object at 0x7f15f25feba8>,
                         <gameplay.Neuron object at 0x7f15f25feb38>,
                         <gameplay.Neuron object at 0x7f15f25fec88>,
                         <gameplay.Neuron object at 0x7f15f25fec50>],
             'num_neurons': 8,
             'weights': [[0.39075337122071974,
                          0.3986811774774795,
                          0.11283614961486181,
                          0.12956533020149127,
                          0.12680690141141324,
                          0.09867038706229085,
                          0.10323014013938539,
                          0.1101843625109507,
                          0.09058112721044344,
                          0.09243092328334193],
                         [0.3782120539962031,
                          0.41252058913681783,
                          0.11126014130653558,
                          0.10851290477774478,
                          0.09683999516451428,
                          0.07001710036029175,
                          0.0924313516224412,
                          0.09448924015892719,
                          0.10764735152001183,
                          0.09903176851961762],
                         [0.377329242412098,
                          0.42591130634373014,
                          0.10177239535725362,
                          0.08615219630980298,
                          0.09174212153035197,
                          0.10581995148662926,
                          0.08020195267443664,
                          0.09854609623907379,
                          0.11095766652848915,
                          0.09631580938962389],
                         [0.3903513992131665,
                          0.380326521082941,
                          0.09213054042074044,
                          0.10860664870391926,
                          0.07864974343936335,
                          0.10924544506489063,
                          0.0991039721537552,
                          0.10099485479844296,
                          0.08732547860369015,
                          0.11461165300344113],
                         [0.38593766412229175,
                          0.4013214244535427,
                          0.07794038917468087,
                          0.12152721770598814,
                          0.08716566791892787,
                          0.09688914813025389,
                          0.10165938614929614,
                          0.13314326173062022,
                          0.09323974537742219,
                          0.09974546980044914],
                         [0.3612429855567344,
                          0.38852443211769117,
                          0.06976464735469387,
                          0.09120217476645041,
                          0.12484644989323088,
                          0.10244402454929191,
                          0.11494634476403928,
                          0.1065536698552624,
                          0.08985922681155024,
                          0.12783215833423467],
                         [0.3868386849938264,
                          0.3881398843305048,
                          0.11294324572724429,
                          0.06707421387484536,
                          0.10434167793446812,
                          0.0983795072978506,
                          0.08911878705074437,
                          0.10632847889555312,
                          0.10004288410985794,
                          0.060502544044331315],
                         [0.40457669310596933,
                          0.4047157815151059,
                          0.10253917075093871,
                          0.0704963309168618,
                          0.1239682833611397,
                          0.08502878665476983,
                          0.08946557061311265,
                          0.1364409366747364,
                          0.08391230074873497,
                          0.09801523254110076]]},
            {'activation': 'sigmoid',
             'bias': [-0.015439042317928475,
                      0.018104158478976097,
                      0.015279229488855859,
                      0.018109792559988493,
                      0.026107497731937213],
             'name': 'output',
             'neurons': [<gameplay.Neuron object at 0x7f15f25fecc0>,
                         <gameplay.Neuron object at 0x7f15f25fecf8>,
                         <gameplay.Neuron object at 0x7f15f25fed68>,
                         <gameplay.Neuron object at 0x7f15f25fed30>,
                         <gameplay.Neuron object at 0x7f15f25feda0>],
             'num_neurons': 5,
             'weights': [[0.08611673884853713,
                          0.08733364759918857,
                          0.08838095747510878,
                          0.07233868344189384,
                          0.11355318742194843,
                          0.11606262415458378,
                          0.1277241481467467,
                          0.08652045773182405],
                         [0.0783017294030907,
                          0.10762351539349552,
                          0.09386071331753246,
                          0.11556221162305927,
                          0.09551084214899386,
                          0.09326466579570662,
                          0.0775783369258331,
                          0.11896215370319888],
                         [0.11607265872286374,
                          0.09041943633956702,
                          0.1201109105801917,
                          0.10250316360774417,
                          0.09686526019437498,
                          0.1003475021486116,
                          0.10752291687105263,
                          0.1056657271794289],
                         [0.09952950469322945,
                          0.07116140734205778,
                          0.10923563782568012,
                          0.09291954673016468,
                          0.10901801769684269,
                          0.1207738346117136,
                          0.1078740364181683,
                          0.09479378490203565],
                         [0.10560712802424177,
                          0.08826088385258653,
                          0.13263851817570374,
                          0.0723335466594549,
                          0.14315267869268042,
                          0.09435335646453091,
                          0.1006087082102936,
                          0.1003020240689332],
                         [0.09275959924903146,
                          0.0958746779909629,
                          0.12751369184267755,
                          0.08337725388604221,
                          0.08982286059458644,
                          0.12795348722239736,
                          0.102472813212858,
                          0.09141654422151994]]}]}
load_tensorflow_graph: path = tensorflow/mario-model-simple-2019-07-17/frozen_inference_graph.pb
object_detection_graph = <tensorflow.python.framework.ops.Graph object at 0x7f15f25fee48>
Doing start sequence
Sleeping one second
sending start
sending empty
Found black world screen for the second time. exiting.



Seconds left: 393
Moves to the right: 20
