pygame 1.9.6
Hello from the pygame community. https://www.pygame.org/contribute.html
Loading neural net from gameplay_neural_nets/38/10.nn
net = {'generation': 34,
 'inputs': [],
 'layers': [{'activation': 'sigmoid',
             'bias': [0.006177440847843378,
                      -0.01408404301686297,
                      0.026652392304535838,
                      -0.004146926546201288,
                      0.015185485374939002,
                      -0.014525606259422792,
                      0.004628371962889599,
                      -0.017154634339120643],
             'name': 'input',
             'neurons': [],
             'num_neurons': 8,
             'weights': [[0.39075337122071974,
                          0.3986811774774795,
                          0.11283614961486181,
                          0.12334407961157301,
                          0.11871281305286391,
                          0.09429603111580546,
                          0.10323014013938539,
                          0.1101843625109507,
                          0.09058112721044344,
                          0.08902783464650264],
                         [0.387599760024323,
                          0.41678227702838466,
                          0.11126014130653558,
                          0.10851290477774478,
                          0.09683999516451428,
                          0.07956625577109637,
                          0.0924313516224412,
                          0.0938680953945878,
                          0.10253557990921834,
                          0.09182601536009556],
                         [0.38630465123796487,
                          0.4159726593285774,
                          0.10056302355931095,
                          0.09322938185997967,
                          0.09174212153035197,
                          0.10581995148662926,
                          0.08020195267443664,
                          0.09854609623907379,
                          0.11095766652848915,
                          0.09132296065593243],
                         [0.3903513992131665,
                          0.37545748123434874,
                          0.09119961755078979,
                          0.10860664870391926,
                          0.07864974343936335,
                          0.10203820190341527,
                          0.0991039721537552,
                          0.10099485479844296,
                          0.0793772951418534,
                          0.11948617820503278],
                         [0.38593766412229175,
                          0.4013214244535427,
                          0.08076354882126553,
                          0.12454560774450119,
                          0.08497377731351392,
                          0.11400663436781981,
                          0.10165938614929614,
                          0.13314326173062022,
                          0.09290630251585262,
                          0.09201536183366997],
                         [0.36413220665160534,
                          0.39760321274872484,
                          0.06976464735469387,
                          0.09120217476645041,
                          0.1219262946200923,
                          0.10517264918992898,
                          0.11494634476403928,
                          0.1065536698552624,
                          0.0993295786876636,
                          0.12718676917563934],
                         [0.3868386849938264,
                          0.38591050086904466,
                          0.11088106335812509,
                          0.057850973763987235,
                          0.10434167793446812,
                          0.0983795072978506,
                          0.09644639470630224,
                          0.11305334460726758,
                          0.09523679166254961,
                          0.06402612755439203],
                         [0.40457669310596933,
                          0.40324460986349775,
                          0.10253917075093871,
                          0.0704963309168618,
                          0.1259880648564764,
                          0.0789946057602328,
                          0.08946557061311265,
                          0.12803954750694155,
                          0.08391230074873497,
                          0.09801523254110076]]},
            {'activation': 'sigmoid',
             'bias': [-0.021978791252266823,
                      0.018104158478976097,
                      0.02186377498402167,
                      0.019454847222002605,
                      0.026107497731937213],
             'name': 'output',
             'neurons': [],
             'num_neurons': 5,
             'weights': [[0.08611673884853713,
                          0.08857014599575233,
                          0.08838095747510878,
                          0.08103251020757687,
                          0.11364053780214146,
                          0.11606262415458378,
                          0.1277241481467467,
                          0.09207646128942425],
                         [0.0783017294030907,
                          0.10762351539349552,
                          0.09750438475751469,
                          0.11962450868168062,
                          0.10207499833151355,
                          0.09866076477295929,
                          0.08742002860614398,
                          0.11896215370319888],
                         [0.11941596327753172,
                          0.09041943633956702,
                          0.1201109105801917,
                          0.10250316360774417,
                          0.09686526019437498,
                          0.10192375533268361,
                          0.10261679664857914,
                          0.10313126688714312],
                         [0.09952950469322945,
                          0.06439721451258203,
                          0.10923563782568012,
                          0.10157205422889444,
                          0.11038898401483653,
                          0.1207738346117136,
                          0.11622529589987662,
                          0.09479378490203565],
                         [0.10560712802424177,
                          0.08826088385258653,
                          0.14387239818321107,
                          0.0723335466594549,
                          0.13921253391309366,
                          0.10227138751373993,
                          0.1006087082102936,
                          0.1003020240689332],
                         [0.09275959924903146,
                          0.0958746779909629,
                          0.12382232852564415,
                          0.08337725388604221,
                          0.07510050457980293,
                          0.12795348722239736,
                          0.10319138102571887,
                          0.09095609989249522]]}]}
{'generation': 34,
 'inputs': [],
 'layers': [{'activation': 'sigmoid',
             'bias': [0.006177440847843378,
                      -0.01408404301686297,
                      0.026652392304535838,
                      -0.004146926546201288,
                      0.015185485374939002,
                      -0.014525606259422792,
                      0.004628371962889599,
                      -0.017154634339120643],
             'name': 'input',
             'neurons': [<gameplay.Neuron object at 0x7fdc928ce860>,
                         <gameplay.Neuron object at 0x7fdc928ce828>,
                         <gameplay.Neuron object at 0x7fdc928ce240>,
                         <gameplay.Neuron object at 0x7fdc928ceb00>,
                         <gameplay.Neuron object at 0x7fdc928ceba8>,
                         <gameplay.Neuron object at 0x7fdc928ceb38>,
                         <gameplay.Neuron object at 0x7fdc928cec88>,
                         <gameplay.Neuron object at 0x7fdc928cec50>],
             'num_neurons': 8,
             'weights': [[0.39075337122071974,
                          0.3986811774774795,
                          0.11283614961486181,
                          0.12334407961157301,
                          0.11871281305286391,
                          0.09429603111580546,
                          0.10323014013938539,
                          0.1101843625109507,
                          0.09058112721044344,
                          0.08902783464650264],
                         [0.387599760024323,
                          0.41678227702838466,
                          0.11126014130653558,
                          0.10851290477774478,
                          0.09683999516451428,
                          0.07956625577109637,
                          0.0924313516224412,
                          0.0938680953945878,
                          0.10253557990921834,
                          0.09182601536009556],
                         [0.38630465123796487,
                          0.4159726593285774,
                          0.10056302355931095,
                          0.09322938185997967,
                          0.09174212153035197,
                          0.10581995148662926,
                          0.08020195267443664,
                          0.09854609623907379,
                          0.11095766652848915,
                          0.09132296065593243],
                         [0.3903513992131665,
                          0.37545748123434874,
                          0.09119961755078979,
                          0.10860664870391926,
                          0.07864974343936335,
                          0.10203820190341527,
                          0.0991039721537552,
                          0.10099485479844296,
                          0.0793772951418534,
                          0.11948617820503278],
                         [0.38593766412229175,
                          0.4013214244535427,
                          0.08076354882126553,
                          0.12454560774450119,
                          0.08497377731351392,
                          0.11400663436781981,
                          0.10165938614929614,
                          0.13314326173062022,
                          0.09290630251585262,
                          0.09201536183366997],
                         [0.36413220665160534,
                          0.39760321274872484,
                          0.06976464735469387,
                          0.09120217476645041,
                          0.1219262946200923,
                          0.10517264918992898,
                          0.11494634476403928,
                          0.1065536698552624,
                          0.0993295786876636,
                          0.12718676917563934],
                         [0.3868386849938264,
                          0.38591050086904466,
                          0.11088106335812509,
                          0.057850973763987235,
                          0.10434167793446812,
                          0.0983795072978506,
                          0.09644639470630224,
                          0.11305334460726758,
                          0.09523679166254961,
                          0.06402612755439203],
                         [0.40457669310596933,
                          0.40324460986349775,
                          0.10253917075093871,
                          0.0704963309168618,
                          0.1259880648564764,
                          0.0789946057602328,
                          0.08946557061311265,
                          0.12803954750694155,
                          0.08391230074873497,
                          0.09801523254110076]]},
            {'activation': 'sigmoid',
             'bias': [-0.021978791252266823,
                      0.018104158478976097,
                      0.02186377498402167,
                      0.019454847222002605,
                      0.026107497731937213],
             'name': 'output',
             'neurons': [<gameplay.Neuron object at 0x7fdc928cecc0>,
                         <gameplay.Neuron object at 0x7fdc928cecf8>,
                         <gameplay.Neuron object at 0x7fdc928ced68>,
                         <gameplay.Neuron object at 0x7fdc928ced30>,
                         <gameplay.Neuron object at 0x7fdc928ceda0>],
             'num_neurons': 5,
             'weights': [[0.08611673884853713,
                          0.08857014599575233,
                          0.08838095747510878,
                          0.08103251020757687,
                          0.11364053780214146,
                          0.11606262415458378,
                          0.1277241481467467,
                          0.09207646128942425],
                         [0.0783017294030907,
                          0.10762351539349552,
                          0.09750438475751469,
                          0.11962450868168062,
                          0.10207499833151355,
                          0.09866076477295929,
                          0.08742002860614398,
                          0.11896215370319888],
                         [0.11941596327753172,
                          0.09041943633956702,
                          0.1201109105801917,
                          0.10250316360774417,
                          0.09686526019437498,
                          0.10192375533268361,
                          0.10261679664857914,
                          0.10313126688714312],
                         [0.09952950469322945,
                          0.06439721451258203,
                          0.10923563782568012,
                          0.10157205422889444,
                          0.11038898401483653,
                          0.1207738346117136,
                          0.11622529589987662,
                          0.09479378490203565],
                         [0.10560712802424177,
                          0.08826088385258653,
                          0.14387239818321107,
                          0.0723335466594549,
                          0.13921253391309366,
                          0.10227138751373993,
                          0.1006087082102936,
                          0.1003020240689332],
                         [0.09275959924903146,
                          0.0958746779909629,
                          0.12382232852564415,
                          0.08337725388604221,
                          0.07510050457980293,
                          0.12795348722239736,
                          0.10319138102571887,
                          0.09095609989249522]]}]}
load_tensorflow_graph: path = tensorflow/mario-model-simple-2019-07-17/frozen_inference_graph.pb
object_detection_graph = <tensorflow.python.framework.ops.Graph object at 0x7fdc928cee48>
Doing start sequence
Sleeping one second
sending start
sending empty
Found black world screen for the second time. exiting.



Seconds left: 393
Moves to the right: 20
