pygame 1.9.6
Hello from the pygame community. https://www.pygame.org/contribute.html
Loading neural net from gameplay_neural_nets/38/8.nn
net = {'generation': 34,
 'inputs': [],
 'layers': [{'activation': 'sigmoid',
             'bias': [0.006177440847843378,
                      -0.01408404301686297,
                      0.026652392304535838,
                      -0.004146926546201288,
                      0.021393127417451974,
                      -0.014525606259422792,
                      0.004628371962889599,
                      -0.015585841926630635],
             'name': 'input',
             'neurons': [],
             'num_neurons': 8,
             'weights': [[0.39075337122071974,
                          0.3986811774774795,
                          0.11283614961486181,
                          0.12334407961157301,
                          0.11871281305286391,
                          0.09429603111580546,
                          0.10323014013938539,
                          0.1101843625109507,
                          0.09058112721044344,
                          0.08902783464650264],
                         [0.3782120539962031,
                          0.415773359399872,
                          0.11126014130653558,
                          0.10851290477774478,
                          0.09109439364429747,
                          0.07956625577109637,
                          0.0924313516224412,
                          0.0938680953945878,
                          0.10169086524533015,
                          0.09314845255499232],
                         [0.36916922290699744,
                          0.41573253053099646,
                          0.10056302355931095,
                          0.09322938185997967,
                          0.09174212153035197,
                          0.10581995148662926,
                          0.08020195267443664,
                          0.10126642269694515,
                          0.11095766652848915,
                          0.09132296065593243],
                         [0.39215972895037077,
                          0.37545748123434874,
                          0.08999559061208251,
                          0.10860664870391926,
                          0.07519096040473643,
                          0.10924544506489063,
                          0.10821775836271746,
                          0.10985359660017427,
                          0.07942228795901465,
                          0.11948617820503278],
                         [0.38593766412229175,
                          0.4013214244535427,
                          0.07095952623900002,
                          0.12454560774450119,
                          0.08497377731351392,
                          0.10493697765721005,
                          0.10165938614929614,
                          0.13314326173062022,
                          0.08602769770761065,
                          0.09678914961196651],
                         [0.36413220665160534,
                          0.39877559369004173,
                          0.06976464735469387,
                          0.09049051762246399,
                          0.1219262946200923,
                          0.10517264918992898,
                          0.11494634476403928,
                          0.1065536698552624,
                          0.0993295786876636,
                          0.12718676917563934],
                         [0.3938902765878112,
                          0.3881398843305048,
                          0.11088106335812509,
                          0.057850973763987235,
                          0.10434167793446812,
                          0.0983795072978506,
                          0.09644639470630224,
                          0.10539471032015255,
                          0.10004288410985794,
                          0.06402612755439203],
                         [0.40457669310596933,
                          0.40324460986349775,
                          0.10253917075093871,
                          0.0704963309168618,
                          0.1259880648564764,
                          0.08727465024680729,
                          0.08946557061311265,
                          0.13302412966072666,
                          0.08391230074873497,
                          0.09801523254110076]]},
            {'activation': 'sigmoid',
             'bias': [-0.021978791252266823,
                      0.02431190085419062,
                      0.015279229488855859,
                      0.019454847222002605,
                      0.02626437143622671],
             'name': 'output',
             'neurons': [],
             'num_neurons': 5,
             'weights': [[0.08611673884853713,
                          0.08857014599575233,
                          0.08838095747510878,
                          0.08806148032694591,
                          0.11364053780214146,
                          0.11606262415458378,
                          0.1277241481467467,
                          0.09207646128942425],
                         [0.0783017294030907,
                          0.10762351539349552,
                          0.09386071331753246,
                          0.11962450868168062,
                          0.10207499833151355,
                          0.09866076477295929,
                          0.08742002860614398,
                          0.11896215370319888],
                         [0.11941596327753172,
                          0.09041943633956702,
                          0.1201109105801917,
                          0.10250316360774417,
                          0.09686526019437498,
                          0.10192375533268361,
                          0.10261679664857914,
                          0.10207025144587403],
                         [0.09952950469322945,
                          0.07116140734205778,
                          0.10923563782568012,
                          0.09291954673016468,
                          0.11038898401483653,
                          0.1207738346117136,
                          0.1078740364181683,
                          0.09143789716550091],
                         [0.10560712802424177,
                          0.08826088385258653,
                          0.13428567524365617,
                          0.0723335466594549,
                          0.14045250065355971,
                          0.10186497657832047,
                          0.09681556437244195,
                          0.1003020240689332],
                         [0.09275959924903146,
                          0.0958746779909629,
                          0.12382232852564415,
                          0.0924155230125995,
                          0.07510050457980293,
                          0.12795348722239736,
                          0.102472813212858,
                          0.09141654422151994]]}]}
{'generation': 34,
 'inputs': [],
 'layers': [{'activation': 'sigmoid',
             'bias': [0.006177440847843378,
                      -0.01408404301686297,
                      0.026652392304535838,
                      -0.004146926546201288,
                      0.021393127417451974,
                      -0.014525606259422792,
                      0.004628371962889599,
                      -0.015585841926630635],
             'name': 'input',
             'neurons': [<gameplay.Neuron object at 0x7f3b74bf07f0>,
                         <gameplay.Neuron object at 0x7f3b74bf07b8>,
                         <gameplay.Neuron object at 0x7f3b74bf01d0>,
                         <gameplay.Neuron object at 0x7f3b74bf0a90>,
                         <gameplay.Neuron object at 0x7f3b74bf0b38>,
                         <gameplay.Neuron object at 0x7f3b74bf0ac8>,
                         <gameplay.Neuron object at 0x7f3b74bf0c18>,
                         <gameplay.Neuron object at 0x7f3b74bf0be0>],
             'num_neurons': 8,
             'weights': [[0.39075337122071974,
                          0.3986811774774795,
                          0.11283614961486181,
                          0.12334407961157301,
                          0.11871281305286391,
                          0.09429603111580546,
                          0.10323014013938539,
                          0.1101843625109507,
                          0.09058112721044344,
                          0.08902783464650264],
                         [0.3782120539962031,
                          0.415773359399872,
                          0.11126014130653558,
                          0.10851290477774478,
                          0.09109439364429747,
                          0.07956625577109637,
                          0.0924313516224412,
                          0.0938680953945878,
                          0.10169086524533015,
                          0.09314845255499232],
                         [0.36916922290699744,
                          0.41573253053099646,
                          0.10056302355931095,
                          0.09322938185997967,
                          0.09174212153035197,
                          0.10581995148662926,
                          0.08020195267443664,
                          0.10126642269694515,
                          0.11095766652848915,
                          0.09132296065593243],
                         [0.39215972895037077,
                          0.37545748123434874,
                          0.08999559061208251,
                          0.10860664870391926,
                          0.07519096040473643,
                          0.10924544506489063,
                          0.10821775836271746,
                          0.10985359660017427,
                          0.07942228795901465,
                          0.11948617820503278],
                         [0.38593766412229175,
                          0.4013214244535427,
                          0.07095952623900002,
                          0.12454560774450119,
                          0.08497377731351392,
                          0.10493697765721005,
                          0.10165938614929614,
                          0.13314326173062022,
                          0.08602769770761065,
                          0.09678914961196651],
                         [0.36413220665160534,
                          0.39877559369004173,
                          0.06976464735469387,
                          0.09049051762246399,
                          0.1219262946200923,
                          0.10517264918992898,
                          0.11494634476403928,
                          0.1065536698552624,
                          0.0993295786876636,
                          0.12718676917563934],
                         [0.3938902765878112,
                          0.3881398843305048,
                          0.11088106335812509,
                          0.057850973763987235,
                          0.10434167793446812,
                          0.0983795072978506,
                          0.09644639470630224,
                          0.10539471032015255,
                          0.10004288410985794,
                          0.06402612755439203],
                         [0.40457669310596933,
                          0.40324460986349775,
                          0.10253917075093871,
                          0.0704963309168618,
                          0.1259880648564764,
                          0.08727465024680729,
                          0.08946557061311265,
                          0.13302412966072666,
                          0.08391230074873497,
                          0.09801523254110076]]},
            {'activation': 'sigmoid',
             'bias': [-0.021978791252266823,
                      0.02431190085419062,
                      0.015279229488855859,
                      0.019454847222002605,
                      0.02626437143622671],
             'name': 'output',
             'neurons': [<gameplay.Neuron object at 0x7f3b74bf0c50>,
                         <gameplay.Neuron object at 0x7f3b74bf0c88>,
                         <gameplay.Neuron object at 0x7f3b74bf0cf8>,
                         <gameplay.Neuron object at 0x7f3b74bf0cc0>,
                         <gameplay.Neuron object at 0x7f3b74bf0d30>],
             'num_neurons': 5,
             'weights': [[0.08611673884853713,
                          0.08857014599575233,
                          0.08838095747510878,
                          0.08806148032694591,
                          0.11364053780214146,
                          0.11606262415458378,
                          0.1277241481467467,
                          0.09207646128942425],
                         [0.0783017294030907,
                          0.10762351539349552,
                          0.09386071331753246,
                          0.11962450868168062,
                          0.10207499833151355,
                          0.09866076477295929,
                          0.08742002860614398,
                          0.11896215370319888],
                         [0.11941596327753172,
                          0.09041943633956702,
                          0.1201109105801917,
                          0.10250316360774417,
                          0.09686526019437498,
                          0.10192375533268361,
                          0.10261679664857914,
                          0.10207025144587403],
                         [0.09952950469322945,
                          0.07116140734205778,
                          0.10923563782568012,
                          0.09291954673016468,
                          0.11038898401483653,
                          0.1207738346117136,
                          0.1078740364181683,
                          0.09143789716550091],
                         [0.10560712802424177,
                          0.08826088385258653,
                          0.13428567524365617,
                          0.0723335466594549,
                          0.14045250065355971,
                          0.10186497657832047,
                          0.09681556437244195,
                          0.1003020240689332],
                         [0.09275959924903146,
                          0.0958746779909629,
                          0.12382232852564415,
                          0.0924155230125995,
                          0.07510050457980293,
                          0.12795348722239736,
                          0.102472813212858,
                          0.09141654422151994]]}]}
load_tensorflow_graph: path = tensorflow/mario-model-simple-2019-07-17/frozen_inference_graph.pb
object_detection_graph = <tensorflow.python.framework.ops.Graph object at 0x7f3b74bf0dd8>
Doing start sequence
Sleeping one second
sending start
sending empty
Found black world screen for the second time. exiting.



Seconds left: 393
Moves to the right: 20
