pygame 1.9.6
Hello from the pygame community. https://www.pygame.org/contribute.html
Loading neural net from gameplay_neural_nets/21/10.nn
net = {'generation': 20,
 'inputs': [],
 'layers': [{'activation': 'sigmoid',
             'bias': [0.001971978466098821,
                      -0.014579965170566579,
                      0.002820525917478979,
                      -0.005285558956291046,
                      0.007888755761114252,
                      -0.0073619044850753365,
                      0.012071942749992239,
                      -0.011876233881449845],
             'name': 'input',
             'neurons': [],
             'num_neurons': 8,
             'weights': [[0.3885968687430272,
                          0.38896791521253204,
                          0.10488358769578804,
                          0.12765903139254167,
                          0.10851864794526196,
                          0.10719580250502361,
                          0.09927693251538688,
                          0.12027843601042687,
                          0.09118187245312684,
                          0.091379207616289],
                         [0.40339344401997645,
                          0.40876612386179395,
                          0.10010877452786003,
                          0.11129852573840433,
                          0.08628040527122068,
                          0.09739027902622673,
                          0.09207791971922971,
                          0.1,
                          0.10938210569635143,
                          0.10158106967528086],
                         [0.3816074441057644,
                          0.39532762771495716,
                          0.10776935392155083,
                          0.07299262115690384,
                          0.08007849622698714,
                          0.10027275583169036,
                          0.08020195267443664,
                          0.0840351053479608,
                          0.10406405128079863,
                          0.0970473628837594],
                         [0.3849694837632724,
                          0.3867972544127694,
                          0.10120700858436271,
                          0.10522209055980758,
                          0.07475196545953877,
                          0.10059805060544635,
                          0.11348541539862424,
                          0.09728404259494686,
                          0.08749775628962893,
                          0.11138049500549342],
                         [0.39373218400875776,
                          0.4195184097118762,
                          0.08631235834661566,
                          0.10807913784172274,
                          0.10025405588431731,
                          0.08567234452429981,
                          0.10744852399721408,
                          0.12744596649871398,
                          0.09429003130816867,
                          0.09793914217440401],
                         [0.38843800098198217,
                          0.39022067790703496,
                          0.07789345780268528,
                          0.1005125538327008,
                          0.11812981410147899,
                          0.09368088816215904,
                          0.10909371902575818,
                          0.10162622498949837,
                          0.09612978102190281,
                          0.1207824193639299],
                         [0.38369260623116186,
                          0.3955275075957854,
                          0.09917235479601114,
                          0.07926075130426606,
                          0.09593084911775208,
                          0.09555187764338981,
                          0.10937468505304036,
                          0.1173306796513422,
                          0.09292977473633135,
                          0.06786846274846306],
                         [0.3939797863544843,
                          0.39960363512828107,
                          0.10584785174439208,
                          0.08214896677959414,
                          0.10730825953404619,
                          0.09188473034231569,
                          0.08857685596329752,
                          0.1075018164528123,
                          0.08644278334724848,
                          0.09801523254110076]]},
            {'activation': 'sigmoid',
             'bias': [-0.018549326897780025,
                      0.027349434081256903,
                      0.0003747021955754874,
                      0.03123248973506937,
                      0.033327749282301526],
             'name': 'output',
             'neurons': [],
             'num_neurons': 5,
             'weights': [[0.09461851104683569,
                          0.09923468143894024,
                          0.10301130933890902,
                          0.08403354966469026,
                          0.10777954970983834,
                          0.11209363914433612,
                          0.09505993235169179,
                          0.0982701000090747],
                         [0.09115983286782886,
                          0.10762351539349552,
                          0.08954526732984544,
                          0.12038636393810127,
                          0.10336444529702637,
                          0.10726367574552975,
                          0.08377517163503062,
                          0.12284550935894413],
                         [0.11214454157917636,
                          0.0898553493003721,
                          0.10132261984158844,
                          0.10250316360774417,
                          0.10133122054180298,
                          0.09350284716334584,
                          0.09400524134016315,
                          0.10431996792049897],
                         [0.0939315240068717,
                          0.08219025033156374,
                          0.10832795833604825,
                          0.10346829905307037,
                          0.09802137992338396,
                          0.10739851754438534,
                          0.10546228003789072,
                          0.10850359390865805],
                         [0.10604175003208137,
                          0.09265961873929551,
                          0.11761904628379326,
                          0.0798060988460265,
                          0.11517612588753443,
                          0.08822627462358176,
                          0.10782450718035179,
                          0.10401113649967941],
                         [0.10537206140162972,
                          0.0909695237612988,
                          0.11951471940168452,
                          0.1,
                          0.08867567931001245,
                          0.10317754982538073,
                          0.10433922826153796,
                          0.09294381665174656]]}]}
{'generation': 20,
 'inputs': [],
 'layers': [{'activation': 'sigmoid',
             'bias': [0.001971978466098821,
                      -0.014579965170566579,
                      0.002820525917478979,
                      -0.005285558956291046,
                      0.007888755761114252,
                      -0.0073619044850753365,
                      0.012071942749992239,
                      -0.011876233881449845],
             'name': 'input',
             'neurons': [<gameplay.Neuron object at 0x7f1a40253860>,
                         <gameplay.Neuron object at 0x7f1a40253828>,
                         <gameplay.Neuron object at 0x7f1a40253240>,
                         <gameplay.Neuron object at 0x7f1a40253b00>,
                         <gameplay.Neuron object at 0x7f1a40253ba8>,
                         <gameplay.Neuron object at 0x7f1a40253b38>,
                         <gameplay.Neuron object at 0x7f1a40253c88>,
                         <gameplay.Neuron object at 0x7f1a40253c50>],
             'num_neurons': 8,
             'weights': [[0.3885968687430272,
                          0.38896791521253204,
                          0.10488358769578804,
                          0.12765903139254167,
                          0.10851864794526196,
                          0.10719580250502361,
                          0.09927693251538688,
                          0.12027843601042687,
                          0.09118187245312684,
                          0.091379207616289],
                         [0.40339344401997645,
                          0.40876612386179395,
                          0.10010877452786003,
                          0.11129852573840433,
                          0.08628040527122068,
                          0.09739027902622673,
                          0.09207791971922971,
                          0.1,
                          0.10938210569635143,
                          0.10158106967528086],
                         [0.3816074441057644,
                          0.39532762771495716,
                          0.10776935392155083,
                          0.07299262115690384,
                          0.08007849622698714,
                          0.10027275583169036,
                          0.08020195267443664,
                          0.0840351053479608,
                          0.10406405128079863,
                          0.0970473628837594],
                         [0.3849694837632724,
                          0.3867972544127694,
                          0.10120700858436271,
                          0.10522209055980758,
                          0.07475196545953877,
                          0.10059805060544635,
                          0.11348541539862424,
                          0.09728404259494686,
                          0.08749775628962893,
                          0.11138049500549342],
                         [0.39373218400875776,
                          0.4195184097118762,
                          0.08631235834661566,
                          0.10807913784172274,
                          0.10025405588431731,
                          0.08567234452429981,
                          0.10744852399721408,
                          0.12744596649871398,
                          0.09429003130816867,
                          0.09793914217440401],
                         [0.38843800098198217,
                          0.39022067790703496,
                          0.07789345780268528,
                          0.1005125538327008,
                          0.11812981410147899,
                          0.09368088816215904,
                          0.10909371902575818,
                          0.10162622498949837,
                          0.09612978102190281,
                          0.1207824193639299],
                         [0.38369260623116186,
                          0.3955275075957854,
                          0.09917235479601114,
                          0.07926075130426606,
                          0.09593084911775208,
                          0.09555187764338981,
                          0.10937468505304036,
                          0.1173306796513422,
                          0.09292977473633135,
                          0.06786846274846306],
                         [0.3939797863544843,
                          0.39960363512828107,
                          0.10584785174439208,
                          0.08214896677959414,
                          0.10730825953404619,
                          0.09188473034231569,
                          0.08857685596329752,
                          0.1075018164528123,
                          0.08644278334724848,
                          0.09801523254110076]]},
            {'activation': 'sigmoid',
             'bias': [-0.018549326897780025,
                      0.027349434081256903,
                      0.0003747021955754874,
                      0.03123248973506937,
                      0.033327749282301526],
             'name': 'output',
             'neurons': [<gameplay.Neuron object at 0x7f1a40253cf8>,
                         <gameplay.Neuron object at 0x7f1a40253cc0>,
                         <gameplay.Neuron object at 0x7f1a40253da0>,
                         <gameplay.Neuron object at 0x7f1a40253d68>,
                         <gameplay.Neuron object at 0x7f1a40253d30>],
             'num_neurons': 5,
             'weights': [[0.09461851104683569,
                          0.09923468143894024,
                          0.10301130933890902,
                          0.08403354966469026,
                          0.10777954970983834,
                          0.11209363914433612,
                          0.09505993235169179,
                          0.0982701000090747],
                         [0.09115983286782886,
                          0.10762351539349552,
                          0.08954526732984544,
                          0.12038636393810127,
                          0.10336444529702637,
                          0.10726367574552975,
                          0.08377517163503062,
                          0.12284550935894413],
                         [0.11214454157917636,
                          0.0898553493003721,
                          0.10132261984158844,
                          0.10250316360774417,
                          0.10133122054180298,
                          0.09350284716334584,
                          0.09400524134016315,
                          0.10431996792049897],
                         [0.0939315240068717,
                          0.08219025033156374,
                          0.10832795833604825,
                          0.10346829905307037,
                          0.09802137992338396,
                          0.10739851754438534,
                          0.10546228003789072,
                          0.10850359390865805],
                         [0.10604175003208137,
                          0.09265961873929551,
                          0.11761904628379326,
                          0.0798060988460265,
                          0.11517612588753443,
                          0.08822627462358176,
                          0.10782450718035179,
                          0.10401113649967941],
                         [0.10537206140162972,
                          0.0909695237612988,
                          0.11951471940168452,
                          0.1,
                          0.08867567931001245,
                          0.10317754982538073,
                          0.10433922826153796,
                          0.09294381665174656]]}]}
load_tensorflow_graph: path = tensorflow/mario-model-simple-2019-07-17/frozen_inference_graph.pb
object_detection_graph = <tensorflow.python.framework.ops.Graph object at 0x7f1a40253dd8>
Doing start sequence
Sleeping one second
sending start
sending empty
Found black world screen for the second time. exiting.



Seconds left: 1
Moves to the right: 6
