pygame 1.9.6
Hello from the pygame community. https://www.pygame.org/contribute.html
Loading neural net from gameplay_neural_nets/21/grand_father_grand_father_7.nn
net = {'generation': 19,
 'inputs': [],
 'layers': [{'activation': 'sigmoid',
             'bias': [0.001971978466098821,
                      -0.014579965170566579,
                      0.002820525917478979,
                      -0.005285558956291046,
                      0.007888755761114252,
                      -0.0073619044850753365,
                      0.012071942749992239,
                      -0.011876233881449845],
             'name': 'input',
             'neurons': [],
             'num_neurons': 8,
             'weights': [[0.3885968687430272,
                          0.3979721525257428,
                          0.10488358769578804,
                          0.1295062650838014,
                          0.10851864794526196,
                          0.10719580250502361,
                          0.09927693251538688,
                          0.12027843601042687,
                          0.09118187245312684,
                          0.091379207616289],
                         [0.40010753041017727,
                          0.40951051813985656,
                          0.10010877452786003,
                          0.11129852573840433,
                          0.08327730724810636,
                          0.09739027902622673,
                          0.09207791971922971,
                          0.1,
                          0.10877690892505557,
                          0.0987136180906881],
                         [0.3816074441057644,
                          0.39532762771495716,
                          0.10776935392155083,
                          0.07299262115690384,
                          0.08901637645323376,
                          0.10581995148662926,
                          0.08020195267443664,
                          0.0840351053479608,
                          0.10406405128079863,
                          0.0970473628837594],
                         [0.3849694837632724,
                          0.3867972544127694,
                          0.10120700858436271,
                          0.10522209055980758,
                          0.07712035545052905,
                          0.10059805060544635,
                          0.10539097095615377,
                          0.10602320787582997,
                          0.08749775628962893,
                          0.11138049500549342],
                         [0.39373218400875776,
                          0.4195184097118762,
                          0.08631235834661566,
                          0.10807913784172274,
                          0.09725616019417216,
                          0.08567234452429981,
                          0.10744852399721408,
                          0.12744596649871398,
                          0.09429003130816867,
                          0.09793914217440401],
                         [0.38843800098198217,
                          0.39022067790703496,
                          0.08752555188418394,
                          0.09887544088641974,
                          0.11812981410147899,
                          0.09368088816215904,
                          0.10909371902575818,
                          0.10162622498949837,
                          0.10096621750041836,
                          0.1207824193639299],
                         [0.38369260623116186,
                          0.3955275075957854,
                          0.09917235479601114,
                          0.08829495795046932,
                          0.1,
                          0.09555187764338981,
                          0.10937468505304036,
                          0.1173306796513422,
                          0.09292977473633135,
                          0.06836680220365524],
                         [0.3939797863544843,
                          0.39960363512828107,
                          0.10584785174439208,
                          0.08214896677959414,
                          0.10730825953404619,
                          0.09188473034231569,
                          0.08857685596329752,
                          0.11080025860903221,
                          0.08644278334724848,
                          0.09801523254110076]]},
            {'activation': 'sigmoid',
             'bias': [-0.018549326897780025,
                      0.027349434081256903,
                      0.0003747021955754874,
                      0.025340476182888635,
                      0.033327749282301526],
             'name': 'output',
             'neurons': [],
             'num_neurons': 5,
             'weights': [[0.09461851104683569,
                          0.09923468143894024,
                          0.09930670529193865,
                          0.08403354966469026,
                          0.10777954970983834,
                          0.11209363914433612,
                          0.10419301557592078,
                          0.09483065381836564],
                         [0.09115983286782886,
                          0.10762351539349552,
                          0.08954526732984544,
                          0.12038636393810127,
                          0.10336444529702637,
                          0.10094419087148868,
                          0.08377517163503062,
                          0.12284550935894413],
                         [0.11214454157917636,
                          0.0898553493003721,
                          0.1083681013742307,
                          0.10250316360774417,
                          0.10133122054180298,
                          0.10192375533268361,
                          0.09400524134016315,
                          0.10431996792049897],
                         [0.0939315240068717,
                          0.08219025033156374,
                          0.10832795833604825,
                          0.10346829905307037,
                          0.09802137992338396,
                          0.10739851754438534,
                          0.10546228003789072,
                          0.10850359390865805],
                         [0.10756698861027185,
                          0.09265961873929551,
                          0.11761904628379326,
                          0.0798060988460265,
                          0.12007302313231136,
                          0.08822627462358176,
                          0.11283781203763306,
                          0.10401113649967941],
                         [0.10537206140162972,
                          0.0909695237612988,
                          0.11951471940168452,
                          0.1,
                          0.08867567931001245,
                          0.1117005681666436,
                          0.10627561556396342,
                          0.09294381665174656]]}]}
{'generation': 19,
 'inputs': [],
 'layers': [{'activation': 'sigmoid',
             'bias': [0.001971978466098821,
                      -0.014579965170566579,
                      0.002820525917478979,
                      -0.005285558956291046,
                      0.007888755761114252,
                      -0.0073619044850753365,
                      0.012071942749992239,
                      -0.011876233881449845],
             'name': 'input',
             'neurons': [<gameplay.Neuron object at 0x7fe2b3933860>,
                         <gameplay.Neuron object at 0x7fe2b3933828>,
                         <gameplay.Neuron object at 0x7fe2b3933240>,
                         <gameplay.Neuron object at 0x7fe2b3933b00>,
                         <gameplay.Neuron object at 0x7fe2b3933ba8>,
                         <gameplay.Neuron object at 0x7fe2b3933b38>,
                         <gameplay.Neuron object at 0x7fe2b3933c50>,
                         <gameplay.Neuron object at 0x7fe2b3933c88>],
             'num_neurons': 8,
             'weights': [[0.3885968687430272,
                          0.3979721525257428,
                          0.10488358769578804,
                          0.1295062650838014,
                          0.10851864794526196,
                          0.10719580250502361,
                          0.09927693251538688,
                          0.12027843601042687,
                          0.09118187245312684,
                          0.091379207616289],
                         [0.40010753041017727,
                          0.40951051813985656,
                          0.10010877452786003,
                          0.11129852573840433,
                          0.08327730724810636,
                          0.09739027902622673,
                          0.09207791971922971,
                          0.1,
                          0.10877690892505557,
                          0.0987136180906881],
                         [0.3816074441057644,
                          0.39532762771495716,
                          0.10776935392155083,
                          0.07299262115690384,
                          0.08901637645323376,
                          0.10581995148662926,
                          0.08020195267443664,
                          0.0840351053479608,
                          0.10406405128079863,
                          0.0970473628837594],
                         [0.3849694837632724,
                          0.3867972544127694,
                          0.10120700858436271,
                          0.10522209055980758,
                          0.07712035545052905,
                          0.10059805060544635,
                          0.10539097095615377,
                          0.10602320787582997,
                          0.08749775628962893,
                          0.11138049500549342],
                         [0.39373218400875776,
                          0.4195184097118762,
                          0.08631235834661566,
                          0.10807913784172274,
                          0.09725616019417216,
                          0.08567234452429981,
                          0.10744852399721408,
                          0.12744596649871398,
                          0.09429003130816867,
                          0.09793914217440401],
                         [0.38843800098198217,
                          0.39022067790703496,
                          0.08752555188418394,
                          0.09887544088641974,
                          0.11812981410147899,
                          0.09368088816215904,
                          0.10909371902575818,
                          0.10162622498949837,
                          0.10096621750041836,
                          0.1207824193639299],
                         [0.38369260623116186,
                          0.3955275075957854,
                          0.09917235479601114,
                          0.08829495795046932,
                          0.1,
                          0.09555187764338981,
                          0.10937468505304036,
                          0.1173306796513422,
                          0.09292977473633135,
                          0.06836680220365524],
                         [0.3939797863544843,
                          0.39960363512828107,
                          0.10584785174439208,
                          0.08214896677959414,
                          0.10730825953404619,
                          0.09188473034231569,
                          0.08857685596329752,
                          0.11080025860903221,
                          0.08644278334724848,
                          0.09801523254110076]]},
            {'activation': 'sigmoid',
             'bias': [-0.018549326897780025,
                      0.027349434081256903,
                      0.0003747021955754874,
                      0.025340476182888635,
                      0.033327749282301526],
             'name': 'output',
             'neurons': [<gameplay.Neuron object at 0x7fe2b3933cf8>,
                         <gameplay.Neuron object at 0x7fe2b3933cc0>,
                         <gameplay.Neuron object at 0x7fe2b3933d68>,
                         <gameplay.Neuron object at 0x7fe2b3933da0>,
                         <gameplay.Neuron object at 0x7fe2b3933dd8>],
             'num_neurons': 5,
             'weights': [[0.09461851104683569,
                          0.09923468143894024,
                          0.09930670529193865,
                          0.08403354966469026,
                          0.10777954970983834,
                          0.11209363914433612,
                          0.10419301557592078,
                          0.09483065381836564],
                         [0.09115983286782886,
                          0.10762351539349552,
                          0.08954526732984544,
                          0.12038636393810127,
                          0.10336444529702637,
                          0.10094419087148868,
                          0.08377517163503062,
                          0.12284550935894413],
                         [0.11214454157917636,
                          0.0898553493003721,
                          0.1083681013742307,
                          0.10250316360774417,
                          0.10133122054180298,
                          0.10192375533268361,
                          0.09400524134016315,
                          0.10431996792049897],
                         [0.0939315240068717,
                          0.08219025033156374,
                          0.10832795833604825,
                          0.10346829905307037,
                          0.09802137992338396,
                          0.10739851754438534,
                          0.10546228003789072,
                          0.10850359390865805],
                         [0.10756698861027185,
                          0.09265961873929551,
                          0.11761904628379326,
                          0.0798060988460265,
                          0.12007302313231136,
                          0.08822627462358176,
                          0.11283781203763306,
                          0.10401113649967941],
                         [0.10537206140162972,
                          0.0909695237612988,
                          0.11951471940168452,
                          0.1,
                          0.08867567931001245,
                          0.1117005681666436,
                          0.10627561556396342,
                          0.09294381665174656]]}]}
load_tensorflow_graph: path = tensorflow/mario-model-simple-2019-07-17/frozen_inference_graph.pb
object_detection_graph = <tensorflow.python.framework.ops.Graph object at 0x7fe2b3933e10>
Doing start sequence
Sleeping one second
sending start
sending empty
Found black world screen for the second time. exiting.



Seconds left: 362
Moves to the right: 115
