pygame 1.9.6
Hello from the pygame community. https://www.pygame.org/contribute.html
Loading neural net from gameplay_neural_nets/104/4.nn
net = {'generation': 93,
 'inputs': [],
 'layers': [{'activation': 'sigmoid',
             'bias': [0.011779121560007086,
                      0.0002749286100292344,
                      0.016251094323092432,
                      -0.020663172086816763,
                      0.0079353920384179,
                      -0.02688297657369033,
                      0.02584041786935711,
                      -0.017781678501819942],
             'name': 'input',
             'neurons': [],
             'num_neurons': 8,
             'weights': [[0.35899064527183416,
                          0.41891453586153776,
                          0.0975209645776228,
                          0.11530084910510827,
                          0.10278265673020849,
                          0.07892412616237551,
                          0.09440434245493437,
                          0.10736210543940848,
                          0.08594903904480018,
                          0.0869595829316031],
                         [0.3741520506268038,
                          0.36712653918671007,
                          0.0851112153777988,
                          0.10196157925578501,
                          0.11237269266493392,
                          0.07665282160553546,
                          0.12434218486750861,
                          0.09206419769985373,
                          0.11802003473501615,
                          0.11911566856954305],
                         [0.38079075272154805,
                          0.4348822077154349,
                          0.10555041935071219,
                          0.05985192364835211,
                          0.112348102926786,
                          0.10548154572674533,
                          0.09495439071182318,
                          0.11092378275685238,
                          0.08187028403214894,
                          0.0962235402911038],
                         [0.38342374402310947,
                          0.3923068721303395,
                          0.09335539150319884,
                          0.1131536461555081,
                          0.05422273957611754,
                          0.09217974162047764,
                          0.10310823725726362,
                          0.1265133530872506,
                          0.12069712318372536,
                          0.11432455349768487],
                         [0.4013459146213683,
                          0.40191374609189945,
                          0.0402090050253474,
                          0.13570535014359145,
                          0.10018274141854856,
                          0.1403325448189168,
                          0.10988575593388879,
                          0.1395491964524378,
                          0.09701000433579299,
                          0.07451005828988147],
                         [0.3742946502690349,
                          0.43374782724262684,
                          0.09149959618872211,
                          0.08472146252318279,
                          0.11455542432374614,
                          0.07205319663289869,
                          0.10158630099674015,
                          0.11012298749005925,
                          0.11444962565804873,
                          0.10262243287045907],
                         [0.3642448235406567,
                          0.3774048596452009,
                          0.12059814210449084,
                          0.05315522782088633,
                          0.10244868399819303,
                          0.12844783082430056,
                          0.09235848059952514,
                          0.1276731049238333,
                          0.10580814833558441,
                          0.07584828291959024],
                         [0.3914922908687648,
                          0.4125697165751855,
                          0.05817323627200885,
                          0.07638204516291917,
                          0.12364389801984203,
                          0.03967109944627043,
                          0.07304502092549114,
                          0.16545913389893924,
                          0.09179280908335384,
                          0.07781496270220892]]},
            {'activation': 'sigmoid',
             'bias': [-0.019754222932578364,
                      0.027537716541312734,
                      -0.008126832138705667,
                      -0.006466113657773541,
                      0.013478270989925711],
             'name': 'output',
             'neurons': [],
             'num_neurons': 5,
             'weights': [[0.06805325907857715,
                          0.09566628555146434,
                          0.09296595069616977,
                          0.06720047269179659,
                          0.09795078449448444,
                          0.12929748477119857,
                          0.13030659898863065,
                          0.10337943453860983],
                         [0.06532248930152797,
                          0.09037364936385414,
                          0.05952603403266693,
                          0.15265081485465462,
                          0.07660487251629297,
                          0.07762217776536487,
                          0.07179224570284669,
                          0.17070800139479142],
                         [0.13318383780311074,
                          0.0756492992252487,
                          0.10396176690384386,
                          0.08599777354978788,
                          0.10047084527658766,
                          0.10431094452114478,
                          0.1392063320084525,
                          0.09190156134181347],
                         [0.1253100259600987,
                          0.05803302553038309,
                          0.11887971465507444,
                          0.053478328210866684,
                          0.1561429177302504,
                          0.0990060147914815,
                          0.09976283231836489,
                          0.08396864371623312],
                         [0.10345026810249525,
                          0.09557347902132611,
                          0.1288500823628608,
                          0.05642802068819303,
                          0.1632618582183755,
                          0.10510291692050205,
                          0.08643136917118695,
                          0.12497243455629191],
                         [0.0815063888760425,
                          0.1054842321328245,
                          0.14176326988086166,
                          0.08766638969929659,
                          0.06351382477315591,
                          0.11168434973105322,
                          0.051766853981309965,
                          0.11554517034068366]]}]}
{'generation': 93,
 'inputs': [],
 'layers': [{'activation': 'sigmoid',
             'bias': [0.011779121560007086,
                      0.0002749286100292344,
                      0.016251094323092432,
                      -0.020663172086816763,
                      0.0079353920384179,
                      -0.02688297657369033,
                      0.02584041786935711,
                      -0.017781678501819942],
             'name': 'input',
             'neurons': [<gameplay.Neuron object at 0x7fcea10fb898>,
                         <gameplay.Neuron object at 0x7fcea10fb860>,
                         <gameplay.Neuron object at 0x7fcea10fb278>,
                         <gameplay.Neuron object at 0x7fcea10fbb38>,
                         <gameplay.Neuron object at 0x7fcea10fbbe0>,
                         <gameplay.Neuron object at 0x7fcea10fbb70>,
                         <gameplay.Neuron object at 0x7fcea10fbcc0>,
                         <gameplay.Neuron object at 0x7fcea10fbc88>],
             'num_neurons': 8,
             'weights': [[0.35899064527183416,
                          0.41891453586153776,
                          0.0975209645776228,
                          0.11530084910510827,
                          0.10278265673020849,
                          0.07892412616237551,
                          0.09440434245493437,
                          0.10736210543940848,
                          0.08594903904480018,
                          0.0869595829316031],
                         [0.3741520506268038,
                          0.36712653918671007,
                          0.0851112153777988,
                          0.10196157925578501,
                          0.11237269266493392,
                          0.07665282160553546,
                          0.12434218486750861,
                          0.09206419769985373,
                          0.11802003473501615,
                          0.11911566856954305],
                         [0.38079075272154805,
                          0.4348822077154349,
                          0.10555041935071219,
                          0.05985192364835211,
                          0.112348102926786,
                          0.10548154572674533,
                          0.09495439071182318,
                          0.11092378275685238,
                          0.08187028403214894,
                          0.0962235402911038],
                         [0.38342374402310947,
                          0.3923068721303395,
                          0.09335539150319884,
                          0.1131536461555081,
                          0.05422273957611754,
                          0.09217974162047764,
                          0.10310823725726362,
                          0.1265133530872506,
                          0.12069712318372536,
                          0.11432455349768487],
                         [0.4013459146213683,
                          0.40191374609189945,
                          0.0402090050253474,
                          0.13570535014359145,
                          0.10018274141854856,
                          0.1403325448189168,
                          0.10988575593388879,
                          0.1395491964524378,
                          0.09701000433579299,
                          0.07451005828988147],
                         [0.3742946502690349,
                          0.43374782724262684,
                          0.09149959618872211,
                          0.08472146252318279,
                          0.11455542432374614,
                          0.07205319663289869,
                          0.10158630099674015,
                          0.11012298749005925,
                          0.11444962565804873,
                          0.10262243287045907],
                         [0.3642448235406567,
                          0.3774048596452009,
                          0.12059814210449084,
                          0.05315522782088633,
                          0.10244868399819303,
                          0.12844783082430056,
                          0.09235848059952514,
                          0.1276731049238333,
                          0.10580814833558441,
                          0.07584828291959024],
                         [0.3914922908687648,
                          0.4125697165751855,
                          0.05817323627200885,
                          0.07638204516291917,
                          0.12364389801984203,
                          0.03967109944627043,
                          0.07304502092549114,
                          0.16545913389893924,
                          0.09179280908335384,
                          0.07781496270220892]]},
            {'activation': 'sigmoid',
             'bias': [-0.019754222932578364,
                      0.027537716541312734,
                      -0.008126832138705667,
                      -0.006466113657773541,
                      0.013478270989925711],
             'name': 'output',
             'neurons': [<gameplay.Neuron object at 0x7fcea10fbcf8>,
                         <gameplay.Neuron object at 0x7fcea10fbd30>,
                         <gameplay.Neuron object at 0x7fcea10fbda0>,
                         <gameplay.Neuron object at 0x7fcea10fbd68>,
                         <gameplay.Neuron object at 0x7fcea10fbdd8>],
             'num_neurons': 5,
             'weights': [[0.06805325907857715,
                          0.09566628555146434,
                          0.09296595069616977,
                          0.06720047269179659,
                          0.09795078449448444,
                          0.12929748477119857,
                          0.13030659898863065,
                          0.10337943453860983],
                         [0.06532248930152797,
                          0.09037364936385414,
                          0.05952603403266693,
                          0.15265081485465462,
                          0.07660487251629297,
                          0.07762217776536487,
                          0.07179224570284669,
                          0.17070800139479142],
                         [0.13318383780311074,
                          0.0756492992252487,
                          0.10396176690384386,
                          0.08599777354978788,
                          0.10047084527658766,
                          0.10431094452114478,
                          0.1392063320084525,
                          0.09190156134181347],
                         [0.1253100259600987,
                          0.05803302553038309,
                          0.11887971465507444,
                          0.053478328210866684,
                          0.1561429177302504,
                          0.0990060147914815,
                          0.09976283231836489,
                          0.08396864371623312],
                         [0.10345026810249525,
                          0.09557347902132611,
                          0.1288500823628608,
                          0.05642802068819303,
                          0.1632618582183755,
                          0.10510291692050205,
                          0.08643136917118695,
                          0.12497243455629191],
                         [0.0815063888760425,
                          0.1054842321328245,
                          0.14176326988086166,
                          0.08766638969929659,
                          0.06351382477315591,
                          0.11168434973105322,
                          0.051766853981309965,
                          0.11554517034068366]]}]}
load_tensorflow_graph: path = tensorflow/mario-model-simple-2019-07-17/frozen_inference_graph.pb
object_detection_graph = <tensorflow.python.framework.ops.Graph object at 0x7fcea10fbe80>
Doing start sequence
Sleeping one second
sending start
sending empty
Found black world screen for the second time. exiting.



Seconds left: 379
Moves to the right: 44
