pygame 1.9.6
Hello from the pygame community. https://www.pygame.org/contribute.html
Loading neural net from gameplay_neural_nets/104/9.nn
net = {'generation': 93,
 'inputs': [],
 'layers': [{'activation': 'sigmoid',
             'bias': [0.011779121560007086,
                      0.0002749286100292344,
                      0.016251094323092432,
                      -0.020663172086816763,
                      0.0026140969729523504,
                      -0.02688297657369033,
                      0.021128072483104915,
                      -0.024466454626312695],
             'name': 'input',
             'neurons': [],
             'num_neurons': 8,
             'weights': [[0.35899064527183416,
                          0.41891453586153776,
                          0.1045805831017325,
                          0.11530084910510827,
                          0.10278265673020849,
                          0.07892412616237551,
                          0.08500577714948238,
                          0.10736210543940848,
                          0.08594903904480018,
                          0.08761410376200653],
                         [0.3735212062290572,
                          0.36712653918671007,
                          0.0851112153777988,
                          0.10196157925578501,
                          0.10278998311370412,
                          0.07665282160553546,
                          0.11866452046429288,
                          0.0922974123834614,
                          0.11330930133784722,
                          0.11816908885304464],
                         [0.38079075272154805,
                          0.4348822077154349,
                          0.09537122195727671,
                          0.05687742228700766,
                          0.112348102926786,
                          0.10139576536844296,
                          0.09710382475812865,
                          0.11092378275685238,
                          0.08526398449469334,
                          0.0962235402911038],
                         [0.39070998913321875,
                          0.3923068721303395,
                          0.09308306165961855,
                          0.1131536461555081,
                          0.04854568132577414,
                          0.09217974162047764,
                          0.10672890280963276,
                          0.1265133530872506,
                          0.11447131407105443,
                          0.12308311876374439],
                         [0.4013459146213683,
                          0.39269245547040593,
                          0.04946531328371123,
                          0.13570535014359145,
                          0.10018274141854856,
                          0.1403325448189168,
                          0.1139798325544163,
                          0.1372419492681667,
                          0.09701000433579299,
                          0.07873220761371674],
                         [0.3742946502690349,
                          0.43374782724262684,
                          0.08250472410555885,
                          0.08472146252318279,
                          0.11455542432374614,
                          0.07205319663289869,
                          0.10158630099674015,
                          0.11489125498768206,
                          0.11444962565804873,
                          0.10427955823133767],
                         [0.3642448235406567,
                          0.3774048596452009,
                          0.12059814210449084,
                          0.05315522782088633,
                          0.10244868399819303,
                          0.12844783082430056,
                          0.09235848059952514,
                          0.11870221392541459,
                          0.11201214804691016,
                          0.07267739091523266],
                         [0.3914922908687648,
                          0.4125697165751855,
                          0.05817323627200885,
                          0.07638204516291917,
                          0.12364389801984203,
                          0.047850672639064645,
                          0.07304502092549114,
                          0.16545913389893924,
                          0.09826813220546858,
                          0.0764194577958941]]},
            {'activation': 'sigmoid',
             'bias': [-0.019754222932578364,
                      0.027537716541312734,
                      -0.008126832138705667,
                      -0.006466113657773541,
                      0.017485473250616314],
             'name': 'output',
             'neurons': [],
             'num_neurons': 5,
             'weights': [[0.06805325907857715,
                          0.09566628555146434,
                          0.09296595069616977,
                          0.06720047269179659,
                          0.09795078449448444,
                          0.13668513905097487,
                          0.13030659898863065,
                          0.10337943453860983],
                         [0.06532248930152797,
                          0.09026270950228878,
                          0.05952603403266693,
                          0.15265081485465462,
                          0.08304648642954282,
                          0.07762217776536487,
                          0.07179224570284669,
                          0.17070800139479142],
                         [0.13318383780311074,
                          0.08373434805896876,
                          0.11092340686386289,
                          0.08599777354978788,
                          0.10047084527658766,
                          0.10431094452114478,
                          0.1392063320084525,
                          0.09850179790468393],
                         [0.12159109373835089,
                          0.05803302553038309,
                          0.11887971465507444,
                          0.053478328210866684,
                          0.1561429177302504,
                          0.0990060147914815,
                          0.10030303412796684,
                          0.07781711809848045],
                         [0.11316276191925739,
                          0.08890887234478717,
                          0.1288500823628608,
                          0.05175398240518075,
                          0.1632618582183755,
                          0.10510291692050205,
                          0.08643136917118695,
                          0.12497243455629191],
                         [0.08267279979690997,
                          0.1054842321328245,
                          0.14342038338032237,
                          0.08766638969929659,
                          0.06351382477315591,
                          0.1104666927225433,
                          0.051766853981309965,
                          0.10966846137631765]]}]}
{'generation': 93,
 'inputs': [],
 'layers': [{'activation': 'sigmoid',
             'bias': [0.011779121560007086,
                      0.0002749286100292344,
                      0.016251094323092432,
                      -0.020663172086816763,
                      0.0026140969729523504,
                      -0.02688297657369033,
                      0.021128072483104915,
                      -0.024466454626312695],
             'name': 'input',
             'neurons': [<gameplay.Neuron object at 0x7f5a17d6b898>,
                         <gameplay.Neuron object at 0x7f5a17d6b860>,
                         <gameplay.Neuron object at 0x7f5a17d6b278>,
                         <gameplay.Neuron object at 0x7f5a17d6bb38>,
                         <gameplay.Neuron object at 0x7f5a17d6bbe0>,
                         <gameplay.Neuron object at 0x7f5a17d6bb70>,
                         <gameplay.Neuron object at 0x7f5a17d6bcc0>,
                         <gameplay.Neuron object at 0x7f5a17d6bc88>],
             'num_neurons': 8,
             'weights': [[0.35899064527183416,
                          0.41891453586153776,
                          0.1045805831017325,
                          0.11530084910510827,
                          0.10278265673020849,
                          0.07892412616237551,
                          0.08500577714948238,
                          0.10736210543940848,
                          0.08594903904480018,
                          0.08761410376200653],
                         [0.3735212062290572,
                          0.36712653918671007,
                          0.0851112153777988,
                          0.10196157925578501,
                          0.10278998311370412,
                          0.07665282160553546,
                          0.11866452046429288,
                          0.0922974123834614,
                          0.11330930133784722,
                          0.11816908885304464],
                         [0.38079075272154805,
                          0.4348822077154349,
                          0.09537122195727671,
                          0.05687742228700766,
                          0.112348102926786,
                          0.10139576536844296,
                          0.09710382475812865,
                          0.11092378275685238,
                          0.08526398449469334,
                          0.0962235402911038],
                         [0.39070998913321875,
                          0.3923068721303395,
                          0.09308306165961855,
                          0.1131536461555081,
                          0.04854568132577414,
                          0.09217974162047764,
                          0.10672890280963276,
                          0.1265133530872506,
                          0.11447131407105443,
                          0.12308311876374439],
                         [0.4013459146213683,
                          0.39269245547040593,
                          0.04946531328371123,
                          0.13570535014359145,
                          0.10018274141854856,
                          0.1403325448189168,
                          0.1139798325544163,
                          0.1372419492681667,
                          0.09701000433579299,
                          0.07873220761371674],
                         [0.3742946502690349,
                          0.43374782724262684,
                          0.08250472410555885,
                          0.08472146252318279,
                          0.11455542432374614,
                          0.07205319663289869,
                          0.10158630099674015,
                          0.11489125498768206,
                          0.11444962565804873,
                          0.10427955823133767],
                         [0.3642448235406567,
                          0.3774048596452009,
                          0.12059814210449084,
                          0.05315522782088633,
                          0.10244868399819303,
                          0.12844783082430056,
                          0.09235848059952514,
                          0.11870221392541459,
                          0.11201214804691016,
                          0.07267739091523266],
                         [0.3914922908687648,
                          0.4125697165751855,
                          0.05817323627200885,
                          0.07638204516291917,
                          0.12364389801984203,
                          0.047850672639064645,
                          0.07304502092549114,
                          0.16545913389893924,
                          0.09826813220546858,
                          0.0764194577958941]]},
            {'activation': 'sigmoid',
             'bias': [-0.019754222932578364,
                      0.027537716541312734,
                      -0.008126832138705667,
                      -0.006466113657773541,
                      0.017485473250616314],
             'name': 'output',
             'neurons': [<gameplay.Neuron object at 0x7f5a17d6bcf8>,
                         <gameplay.Neuron object at 0x7f5a17d6bd30>,
                         <gameplay.Neuron object at 0x7f5a17d6bda0>,
                         <gameplay.Neuron object at 0x7f5a17d6bd68>,
                         <gameplay.Neuron object at 0x7f5a17d6bdd8>],
             'num_neurons': 5,
             'weights': [[0.06805325907857715,
                          0.09566628555146434,
                          0.09296595069616977,
                          0.06720047269179659,
                          0.09795078449448444,
                          0.13668513905097487,
                          0.13030659898863065,
                          0.10337943453860983],
                         [0.06532248930152797,
                          0.09026270950228878,
                          0.05952603403266693,
                          0.15265081485465462,
                          0.08304648642954282,
                          0.07762217776536487,
                          0.07179224570284669,
                          0.17070800139479142],
                         [0.13318383780311074,
                          0.08373434805896876,
                          0.11092340686386289,
                          0.08599777354978788,
                          0.10047084527658766,
                          0.10431094452114478,
                          0.1392063320084525,
                          0.09850179790468393],
                         [0.12159109373835089,
                          0.05803302553038309,
                          0.11887971465507444,
                          0.053478328210866684,
                          0.1561429177302504,
                          0.0990060147914815,
                          0.10030303412796684,
                          0.07781711809848045],
                         [0.11316276191925739,
                          0.08890887234478717,
                          0.1288500823628608,
                          0.05175398240518075,
                          0.1632618582183755,
                          0.10510291692050205,
                          0.08643136917118695,
                          0.12497243455629191],
                         [0.08267279979690997,
                          0.1054842321328245,
                          0.14342038338032237,
                          0.08766638969929659,
                          0.06351382477315591,
                          0.1104666927225433,
                          0.051766853981309965,
                          0.10966846137631765]]}]}
load_tensorflow_graph: path = tensorflow/mario-model-simple-2019-07-17/frozen_inference_graph.pb
object_detection_graph = <tensorflow.python.framework.ops.Graph object at 0x7f5a17d6be80>
Doing start sequence
Sleeping one second
sending start
sending empty
Found black world screen for the second time. exiting.



Seconds left: 393
Moves to the right: 19
