pygame 1.9.6
Hello from the pygame community. https://www.pygame.org/contribute.html
Loading neural net from gameplay_neural_nets/42/7.nn
net = {'generation': 38,
 'inputs': [],
 'layers': [{'activation': 'sigmoid',
             'bias': [0.01645332778219348,
                      -0.01408404301686297,
                      0.01920570814426129,
                      -0.008755880381194998,
                      0.019348844965115377,
                      -0.014525606259422792,
                      0.0019668599908604567,
                      -0.018714073463071343],
             'name': 'input',
             'neurons': [],
             'num_neurons': 8,
             'weights': [[0.3840252514884854,
                          0.3891972556162191,
                          0.11283614961486181,
                          0.12334407961157301,
                          0.11871281305286391,
                          0.09429603111580546,
                          0.11319205981579707,
                          0.11279711138272104,
                          0.08434799018330891,
                          0.08902783464650264],
                         [0.3734655425451773,
                          0.416757895373356,
                          0.11126014130653558,
                          0.10851290477774478,
                          0.09683999516451428,
                          0.07956625577109637,
                          0.09516126642137987,
                          0.0938680953945878,
                          0.10764735152001183,
                          0.11062171537120281],
                         [0.3781630255955599,
                          0.4235392877352643,
                          0.11418340007685228,
                          0.08484919601139712,
                          0.09576855598608948,
                          0.10581995148662926,
                          0.08627117441338228,
                          0.10020238058061139,
                          0.11043264327746047,
                          0.09132296065593243],
                         [0.3951672173370961,
                          0.36953684281852583,
                          0.08989516061766634,
                          0.1073068978498314,
                          0.07864974343936335,
                          0.10488932183457672,
                          0.10004433720854097,
                          0.10099485479844296,
                          0.08872018658288858,
                          0.10990620415166112],
                         [0.38593766412229175,
                          0.4013214244535427,
                          0.08037862727806455,
                          0.1304708243414257,
                          0.08497377731351392,
                          0.10382457929151136,
                          0.10165938614929614,
                          0.12379938233692261,
                          0.09729779136786644,
                          0.09247931257965984],
                         [0.36413220665160534,
                          0.39997709821784994,
                          0.07789386996157728,
                          0.09120217476645041,
                          0.1293967739630831,
                          0.10517264918992898,
                          0.10727738670681827,
                          0.1005762642489506,
                          0.09933660033607873,
                          0.11983045605416391],
                         [0.3868386849938264,
                          0.3764796074333434,
                          0.1092784526067262,
                          0.057850973763987235,
                          0.10641287669415911,
                          0.09043242290620332,
                          0.0936382607700845,
                          0.11305334460726758,
                          0.0992132583682478,
                          0.06402612755439203],
                         [0.4053114463630824,
                          0.4097288446905838,
                          0.10253917075093871,
                          0.06416634231356434,
                          0.13093109694317018,
                          0.0789946057602328,
                          0.08946557061311265,
                          0.1325508109428738,
                          0.07886193133110567,
                          0.08880029805001541]]},
            {'activation': 'sigmoid',
             'bias': [-0.021978791252266823,
                      0.03171654405752193,
                      0.007381774493884111,
                      0.025132302757422002,
                      0.021579576927750102],
             'name': 'output',
             'neurons': [],
             'num_neurons': 5,
             'weights': [[0.0810710499293628,
                          0.08857014599575233,
                          0.10081001202788423,
                          0.08103251020757687,
                          0.11354814368793298,
                          0.12653177972278706,
                          0.12280238665205104,
                          0.08388458167278191],
                         [0.0783017294030907,
                          0.08978414859496917,
                          0.08308488114376887,
                          0.1286361482849743,
                          0.10172772816984459,
                          0.1000904380304642,
                          0.08742002860614398,
                          0.12372904732325031],
                         [0.11601073643144932,
                          0.09041943633956702,
                          0.1133164342582489,
                          0.10250316360774417,
                          0.09686526019437498,
                          0.10872862507776951,
                          0.1048790887309683,
                          0.09315853977279623],
                         [0.10938247466973132,
                          0.0625169764271394,
                          0.11777621927033921,
                          0.08607278473132457,
                          0.11038898401483653,
                          0.11578897060499746,
                          0.1079643091124917,
                          0.10455414193300859],
                         [0.10716814319047281,
                          0.09549210411285011,
                          0.13906794204948558,
                          0.0692984812385782,
                          0.15162109821733863,
                          0.10721187621434639,
                          0.09928787121509369,
                          0.1003020240689332],
                         [0.09275959924903146,
                          0.10476421286916528,
                          0.12050541729209295,
                          0.08337725388604221,
                          0.07510050457980293,
                          0.1228446478535102,
                          0.0938875870197243,
                          0.09772024613120607]]}]}
{'generation': 38,
 'inputs': [],
 'layers': [{'activation': 'sigmoid',
             'bias': [0.01645332778219348,
                      -0.01408404301686297,
                      0.01920570814426129,
                      -0.008755880381194998,
                      0.019348844965115377,
                      -0.014525606259422792,
                      0.0019668599908604567,
                      -0.018714073463071343],
             'name': 'input',
             'neurons': [<gameplay.Neuron object at 0x7f5c0c5a9860>,
                         <gameplay.Neuron object at 0x7f5c0c5a9828>,
                         <gameplay.Neuron object at 0x7f5c0c5a9240>,
                         <gameplay.Neuron object at 0x7f5c0c5a9b00>,
                         <gameplay.Neuron object at 0x7f5c0c5a9ba8>,
                         <gameplay.Neuron object at 0x7f5c0c5a9b38>,
                         <gameplay.Neuron object at 0x7f5c0c5a9c88>,
                         <gameplay.Neuron object at 0x7f5c0c5a9c50>],
             'num_neurons': 8,
             'weights': [[0.3840252514884854,
                          0.3891972556162191,
                          0.11283614961486181,
                          0.12334407961157301,
                          0.11871281305286391,
                          0.09429603111580546,
                          0.11319205981579707,
                          0.11279711138272104,
                          0.08434799018330891,
                          0.08902783464650264],
                         [0.3734655425451773,
                          0.416757895373356,
                          0.11126014130653558,
                          0.10851290477774478,
                          0.09683999516451428,
                          0.07956625577109637,
                          0.09516126642137987,
                          0.0938680953945878,
                          0.10764735152001183,
                          0.11062171537120281],
                         [0.3781630255955599,
                          0.4235392877352643,
                          0.11418340007685228,
                          0.08484919601139712,
                          0.09576855598608948,
                          0.10581995148662926,
                          0.08627117441338228,
                          0.10020238058061139,
                          0.11043264327746047,
                          0.09132296065593243],
                         [0.3951672173370961,
                          0.36953684281852583,
                          0.08989516061766634,
                          0.1073068978498314,
                          0.07864974343936335,
                          0.10488932183457672,
                          0.10004433720854097,
                          0.10099485479844296,
                          0.08872018658288858,
                          0.10990620415166112],
                         [0.38593766412229175,
                          0.4013214244535427,
                          0.08037862727806455,
                          0.1304708243414257,
                          0.08497377731351392,
                          0.10382457929151136,
                          0.10165938614929614,
                          0.12379938233692261,
                          0.09729779136786644,
                          0.09247931257965984],
                         [0.36413220665160534,
                          0.39997709821784994,
                          0.07789386996157728,
                          0.09120217476645041,
                          0.1293967739630831,
                          0.10517264918992898,
                          0.10727738670681827,
                          0.1005762642489506,
                          0.09933660033607873,
                          0.11983045605416391],
                         [0.3868386849938264,
                          0.3764796074333434,
                          0.1092784526067262,
                          0.057850973763987235,
                          0.10641287669415911,
                          0.09043242290620332,
                          0.0936382607700845,
                          0.11305334460726758,
                          0.0992132583682478,
                          0.06402612755439203],
                         [0.4053114463630824,
                          0.4097288446905838,
                          0.10253917075093871,
                          0.06416634231356434,
                          0.13093109694317018,
                          0.0789946057602328,
                          0.08946557061311265,
                          0.1325508109428738,
                          0.07886193133110567,
                          0.08880029805001541]]},
            {'activation': 'sigmoid',
             'bias': [-0.021978791252266823,
                      0.03171654405752193,
                      0.007381774493884111,
                      0.025132302757422002,
                      0.021579576927750102],
             'name': 'output',
             'neurons': [<gameplay.Neuron object at 0x7f5c0c5a9cc0>,
                         <gameplay.Neuron object at 0x7f5c0c5a9cf8>,
                         <gameplay.Neuron object at 0x7f5c0c5a9d68>,
                         <gameplay.Neuron object at 0x7f5c0c5a9d30>,
                         <gameplay.Neuron object at 0x7f5c0c5a9da0>],
             'num_neurons': 5,
             'weights': [[0.0810710499293628,
                          0.08857014599575233,
                          0.10081001202788423,
                          0.08103251020757687,
                          0.11354814368793298,
                          0.12653177972278706,
                          0.12280238665205104,
                          0.08388458167278191],
                         [0.0783017294030907,
                          0.08978414859496917,
                          0.08308488114376887,
                          0.1286361482849743,
                          0.10172772816984459,
                          0.1000904380304642,
                          0.08742002860614398,
                          0.12372904732325031],
                         [0.11601073643144932,
                          0.09041943633956702,
                          0.1133164342582489,
                          0.10250316360774417,
                          0.09686526019437498,
                          0.10872862507776951,
                          0.1048790887309683,
                          0.09315853977279623],
                         [0.10938247466973132,
                          0.0625169764271394,
                          0.11777621927033921,
                          0.08607278473132457,
                          0.11038898401483653,
                          0.11578897060499746,
                          0.1079643091124917,
                          0.10455414193300859],
                         [0.10716814319047281,
                          0.09549210411285011,
                          0.13906794204948558,
                          0.0692984812385782,
                          0.15162109821733863,
                          0.10721187621434639,
                          0.09928787121509369,
                          0.1003020240689332],
                         [0.09275959924903146,
                          0.10476421286916528,
                          0.12050541729209295,
                          0.08337725388604221,
                          0.07510050457980293,
                          0.1228446478535102,
                          0.0938875870197243,
                          0.09772024613120607]]}]}
load_tensorflow_graph: path = tensorflow/mario-model-simple-2019-07-17/frozen_inference_graph.pb
object_detection_graph = <tensorflow.python.framework.ops.Graph object at 0x7f5c0c5a9e48>
Doing start sequence
Sleeping one second
sending start
sending empty
Found black world screen for the second time. exiting.



Seconds left: 393
Moves to the right: 15
