pygame 1.9.6
Hello from the pygame community. https://www.pygame.org/contribute.html
Loading neural net from gameplay_neural_nets/1/1.nn
net = {'generation': 2,
 'inputs': [],
 'layers': [{'activation': 'sigmoid',
             'bias': [0,
                      0.006451159353714498,
                      0,
                      0,
                      0,
                      0,
                      0.00023113895020451976,
                      0],
             'name': 'input',
             'neurons': [],
             'num_neurons': 8,
             'weights': [[0.4034737914472788,
                          0.4,
                          0.09671299384762197,
                          0.1,
                          0.1,
                          0.1085884133849704,
                          0.1,
                          0.1,
                          0.1,
                          0.1],
                         [0.4,
                          0.4,
                          0.0998157110683277,
                          0.0989618538879447,
                          0.1,
                          0.1,
                          0.1,
                          0.1,
                          0.1,
                          0.10239773847047456],
                         [0.4,
                          0.4,
                          0.09628332904378845,
                          0.1,
                          0.09120070454498208,
                          0.1,
                          0.1,
                          0.1,
                          0.1,
                          0.1],
                         [0.3931795679704779,
                          0.4,
                          0.1,
                          0.1,
                          0.1,
                          0.1,
                          0.1,
                          0.10192025981353561,
                          0.1,
                          0.1],
                         [0.4,
                          0.4,
                          0.1,
                          0.10524330889372381,
                          0.1,
                          0.1,
                          0.1,
                          0.1,
                          0.1,
                          0.1],
                         [0.4,
                          0.4076540153361705,
                          0.1,
                          0.1,
                          0.1,
                          0.1,
                          0.1,
                          0.1,
                          0.1,
                          0.1],
                         [0.4,
                          0.4,
                          0.1,
                          0.1,
                          0.09528745956833456,
                          0.1,
                          0.1,
                          0.1,
                          0.1,
                          0.1],
                         [0.3959288035558408,
                          0.4,
                          0.1,
                          0.1076676567278321,
                          0.1,
                          0.1,
                          0.1,
                          0.09264402520569122,
                          0.1,
                          0.1]]},
            {'activation': 'sigmoid',
             'bias': [0, 0, 0, 0, 0.034398435562034736],
             'name': 'output',
             'neurons': [],
             'num_neurons': 5,
             'weights': [[0.1, 0.1, 0.1, 0.1, 0.1, 0.1, 0.1, 0.1],
                         [0.1, 0.1, 0.1, 0.1, 0.1, 0.1, 0.1, 0.1],
                         [0.11,
                          0.11,
                          0.11,
                          0.1,
                          0.1,
                          0.09188358193496696,
                          0.1,
                          0.1],
                         [0.1,
                          0.1,
                          0.1,
                          0.1,
                          0.1,
                          0.1,
                          0.1,
                          0.09621136933598591],
                         [0.1,
                          0.1,
                          0.09157235567434274,
                          0.1,
                          0.1,
                          0.1,
                          0.10553117045687477,
                          0.10288262862969653],
                         [0.1,
                          0.1,
                          0.1,
                          0.10467755305712206,
                          0.1,
                          0.1,
                          0.1,
                          0.1]]}]}
{'generation': 2,
 'inputs': [],
 'layers': [{'activation': 'sigmoid',
             'bias': [0,
                      0.006451159353714498,
                      0,
                      0,
                      0,
                      0,
                      0.00023113895020451976,
                      0],
             'name': 'input',
             'neurons': [<gameplay.Neuron object at 0x7f5e23d87898>,
                         <gameplay.Neuron object at 0x7f5e23d87860>,
                         <gameplay.Neuron object at 0x7f5e23d87278>,
                         <gameplay.Neuron object at 0x7f5e23d87b38>,
                         <gameplay.Neuron object at 0x7f5e23d87be0>,
                         <gameplay.Neuron object at 0x7f5e23d87b70>,
                         <gameplay.Neuron object at 0x7f5e23d87cc0>,
                         <gameplay.Neuron object at 0x7f5e23d87cf8>],
             'num_neurons': 8,
             'weights': [[0.4034737914472788,
                          0.4,
                          0.09671299384762197,
                          0.1,
                          0.1,
                          0.1085884133849704,
                          0.1,
                          0.1,
                          0.1,
                          0.1],
                         [0.4,
                          0.4,
                          0.0998157110683277,
                          0.0989618538879447,
                          0.1,
                          0.1,
                          0.1,
                          0.1,
                          0.1,
                          0.10239773847047456],
                         [0.4,
                          0.4,
                          0.09628332904378845,
                          0.1,
                          0.09120070454498208,
                          0.1,
                          0.1,
                          0.1,
                          0.1,
                          0.1],
                         [0.3931795679704779,
                          0.4,
                          0.1,
                          0.1,
                          0.1,
                          0.1,
                          0.1,
                          0.10192025981353561,
                          0.1,
                          0.1],
                         [0.4,
                          0.4,
                          0.1,
                          0.10524330889372381,
                          0.1,
                          0.1,
                          0.1,
                          0.1,
                          0.1,
                          0.1],
                         [0.4,
                          0.4076540153361705,
                          0.1,
                          0.1,
                          0.1,
                          0.1,
                          0.1,
                          0.1,
                          0.1,
                          0.1],
                         [0.4,
                          0.4,
                          0.1,
                          0.1,
                          0.09528745956833456,
                          0.1,
                          0.1,
                          0.1,
                          0.1,
                          0.1],
                         [0.3959288035558408,
                          0.4,
                          0.1,
                          0.1076676567278321,
                          0.1,
                          0.1,
                          0.1,
                          0.09264402520569122,
                          0.1,
                          0.1]]},
            {'activation': 'sigmoid',
             'bias': [0, 0, 0, 0, 0.034398435562034736],
             'name': 'output',
             'neurons': [<gameplay.Neuron object at 0x7f5e23d87da0>,
                         <gameplay.Neuron object at 0x7f5e23d87e48>,
                         <gameplay.Neuron object at 0x7f5e23d87c50>,
                         <gameplay.Neuron object at 0x7f5e23d87e80>,
                         <gameplay.Neuron object at 0x7f5e23d87d30>],
             'num_neurons': 5,
             'weights': [[0.1, 0.1, 0.1, 0.1, 0.1, 0.1, 0.1, 0.1],
                         [0.1, 0.1, 0.1, 0.1, 0.1, 0.1, 0.1, 0.1],
                         [0.11,
                          0.11,
                          0.11,
                          0.1,
                          0.1,
                          0.09188358193496696,
                          0.1,
                          0.1],
                         [0.1,
                          0.1,
                          0.1,
                          0.1,
                          0.1,
                          0.1,
                          0.1,
                          0.09621136933598591],
                         [0.1,
                          0.1,
                          0.09157235567434274,
                          0.1,
                          0.1,
                          0.1,
                          0.10553117045687477,
                          0.10288262862969653],
                         [0.1,
                          0.1,
                          0.1,
                          0.10467755305712206,
                          0.1,
                          0.1,
                          0.1,
                          0.1]]}]}
load_tensorflow_graph: path = tensorflow/mario-model-simple-2019-07-17/frozen_inference_graph.pb
object_detection_graph = <tensorflow.python.framework.ops.Graph object at 0x7f5e23d87d68>
Doing start sequence
Sleeping one second
sending start
sending empty
Found black world screen for the second time. exiting.



Seconds left: 364
Moves to the right: 99
