pygame 1.9.6
Hello from the pygame community. https://www.pygame.org/contribute.html
Loading neural net from gameplay_neural_nets/1/5.nn
net = {'generation': 2,
 'inputs': [],
 'layers': [{'activation': 'sigmoid',
             'bias': [0,
                      -0.008092316790064056,
                      -0.0034426199431622437,
                      0,
                      0,
                      0,
                      0.006717428120447217,
                      0],
             'name': 'input',
             'neurons': [],
             'num_neurons': 8,
             'weights': [[0.4,
                          0.4,
                          0.10418808897032873,
                          0.1,
                          0.1,
                          0.1,
                          0.10544305715503571,
                          0.1,
                          0.1,
                          0.1],
                         [0.4,
                          0.4,
                          0.1,
                          0.1,
                          0.1,
                          0.1,
                          0.09462273050268323,
                          0.09759359626493609,
                          0.1,
                          0.1],
                         [0.4023337725332525,
                          0.39228548905247507,
                          0.1,
                          0.1,
                          0.1,
                          0.1,
                          0.1,
                          0.09949433559196219,
                          0.1,
                          0.1],
                         [0.4, 0.4, 0.1, 0.1, 0.1, 0.1, 0.1, 0.1, 0.1, 0.1],
                         [0.4, 0.4, 0.1, 0.1, 0.1, 0.1, 0.1, 0.1, 0.1, 0.1],
                         [0.4,
                          0.4,
                          0.10869505809627601,
                          0.09456658628207221,
                          0.1,
                          0.1,
                          0.09110342583360904,
                          0.1,
                          0.1,
                          0.1],
                         [0.4,
                          0.4,
                          0.1,
                          0.1,
                          0.1,
                          0.09590089178950714,
                          0.1,
                          0.1,
                          0.1,
                          0.1],
                         [0.4,
                          0.4,
                          0.1,
                          0.09198585729681126,
                          0.1,
                          0.1,
                          0.1,
                          0.1,
                          0.1,
                          0.09831983996917969]]},
            {'activation': 'sigmoid',
             'bias': [0, -0.008355250628717295, 0, 0, 0.03],
             'name': 'output',
             'neurons': [],
             'num_neurons': 5,
             'weights': [[0.1,
                          0.1,
                          0.09328523946030638,
                          0.1,
                          0.1,
                          0.1,
                          0.1,
                          0.09495709741203216],
                         [0.1,
                          0.10308002545437399,
                          0.1,
                          0.1,
                          0.1,
                          0.1,
                          0.1,
                          0.1],
                         [0.11,
                          0.11,
                          0.11,
                          0.0967716743664793,
                          0.1,
                          0.10725144622753432,
                          0.1,
                          0.1],
                         [0.09090384348718639,
                          0.1,
                          0.1,
                          0.1,
                          0.1,
                          0.1,
                          0.1,
                          0.1],
                         [0.10485936543676279,
                          0.10521066263693966,
                          0.1,
                          0.1,
                          0.1,
                          0.1,
                          0.1,
                          0.10628707604375642],
                         [0.1,
                          0.1,
                          0.1,
                          0.1,
                          0.1,
                          0.1,
                          0.10851880349589982,
                          0.1]]}]}
{'generation': 2,
 'inputs': [],
 'layers': [{'activation': 'sigmoid',
             'bias': [0,
                      -0.008092316790064056,
                      -0.0034426199431622437,
                      0,
                      0,
                      0,
                      0.006717428120447217,
                      0],
             'name': 'input',
             'neurons': [<gameplay.Neuron object at 0x7fbe5c613828>,
                         <gameplay.Neuron object at 0x7fbe5c6137f0>,
                         <gameplay.Neuron object at 0x7fbe5c613208>,
                         <gameplay.Neuron object at 0x7fbe5c613ac8>,
                         <gameplay.Neuron object at 0x7fbe5c613b70>,
                         <gameplay.Neuron object at 0x7fbe5c613b00>,
                         <gameplay.Neuron object at 0x7fbe5c613cf8>,
                         <gameplay.Neuron object at 0x7fbe5c613dd8>],
             'num_neurons': 8,
             'weights': [[0.4,
                          0.4,
                          0.10418808897032873,
                          0.1,
                          0.1,
                          0.1,
                          0.10544305715503571,
                          0.1,
                          0.1,
                          0.1],
                         [0.4,
                          0.4,
                          0.1,
                          0.1,
                          0.1,
                          0.1,
                          0.09462273050268323,
                          0.09759359626493609,
                          0.1,
                          0.1],
                         [0.4023337725332525,
                          0.39228548905247507,
                          0.1,
                          0.1,
                          0.1,
                          0.1,
                          0.1,
                          0.09949433559196219,
                          0.1,
                          0.1],
                         [0.4, 0.4, 0.1, 0.1, 0.1, 0.1, 0.1, 0.1, 0.1, 0.1],
                         [0.4, 0.4, 0.1, 0.1, 0.1, 0.1, 0.1, 0.1, 0.1, 0.1],
                         [0.4,
                          0.4,
                          0.10869505809627601,
                          0.09456658628207221,
                          0.1,
                          0.1,
                          0.09110342583360904,
                          0.1,
                          0.1,
                          0.1],
                         [0.4,
                          0.4,
                          0.1,
                          0.1,
                          0.1,
                          0.09590089178950714,
                          0.1,
                          0.1,
                          0.1,
                          0.1],
                         [0.4,
                          0.4,
                          0.1,
                          0.09198585729681126,
                          0.1,
                          0.1,
                          0.1,
                          0.1,
                          0.1,
                          0.09831983996917969]]},
            {'activation': 'sigmoid',
             'bias': [0, -0.008355250628717295, 0, 0, 0.03],
             'name': 'output',
             'neurons': [<gameplay.Neuron object at 0x7fbe5c613cc0>,
                         <gameplay.Neuron object at 0x7fbe5c613e10>,
                         <gameplay.Neuron object at 0x7fbe5c613c50>,
                         <gameplay.Neuron object at 0x7fbe5c613c18>,
                         <gameplay.Neuron object at 0x7fbe5c613da0>],
             'num_neurons': 5,
             'weights': [[0.1,
                          0.1,
                          0.09328523946030638,
                          0.1,
                          0.1,
                          0.1,
                          0.1,
                          0.09495709741203216],
                         [0.1,
                          0.10308002545437399,
                          0.1,
                          0.1,
                          0.1,
                          0.1,
                          0.1,
                          0.1],
                         [0.11,
                          0.11,
                          0.11,
                          0.0967716743664793,
                          0.1,
                          0.10725144622753432,
                          0.1,
                          0.1],
                         [0.09090384348718639,
                          0.1,
                          0.1,
                          0.1,
                          0.1,
                          0.1,
                          0.1,
                          0.1],
                         [0.10485936543676279,
                          0.10521066263693966,
                          0.1,
                          0.1,
                          0.1,
                          0.1,
                          0.1,
                          0.10628707604375642],
                         [0.1,
                          0.1,
                          0.1,
                          0.1,
                          0.1,
                          0.1,
                          0.10851880349589982,
                          0.1]]}]}
load_tensorflow_graph: path = tensorflow/mario-model-simple-2019-07-17/frozen_inference_graph.pb
object_detection_graph = <tensorflow.python.framework.ops.Graph object at 0x7fbe5c613ef0>
Doing start sequence
Sleeping one second
sending start
sending empty
Found black world screen for the second time. exiting.



Seconds left: 381
Moves to the right: 55
