pygame 1.9.6
Hello from the pygame community. https://www.pygame.org/contribute.html
Loading neural net from gameplay_neural_nets/1/6.nn
net = {'generation': 2,
 'inputs': [],
 'layers': [{'activation': 'sigmoid',
             'bias': [0,
                      0,
                      0.0037286656704299537,
                      0,
                      0,
                      0,
                      0,
                      -0.007592462677433876],
             'name': 'input',
             'neurons': [],
             'num_neurons': 8,
             'weights': [[0.4,
                          0.4,
                          0.1,
                          0.1,
                          0.1,
                          0.1,
                          0.1,
                          0.1034796439647879,
                          0.1,
                          0.10610850863720958],
                         [0.395415552063028,
                          0.4,
                          0.1,
                          0.1,
                          0.1,
                          0.1,
                          0.1,
                          0.1,
                          0.1,
                          0.1],
                         [0.3965531680445982,
                          0.4,
                          0.1,
                          0.09333162100903715,
                          0.1,
                          0.1,
                          0.1,
                          0.1,
                          0.1,
                          0.1],
                         [0.4,
                          0.4,
                          0.1,
                          0.1,
                          0.1,
                          0.1,
                          0.09089387421692932,
                          0.1,
                          0.1,
                          0.09172921804160124],
                         [0.3982117242440984,
                          0.4,
                          0.10858504682606453,
                          0.1,
                          0.1,
                          0.1,
                          0.1,
                          0.1,
                          0.1,
                          0.1],
                         [0.4,
                          0.4,
                          0.10725145588351336,
                          0.1,
                          0.1,
                          0.10164603194091225,
                          0.1,
                          0.1,
                          0.1,
                          0.1],
                         [0.4, 0.4, 0.1, 0.1, 0.1, 0.1, 0.1, 0.1, 0.1, 0.1],
                         [0.3966045920961245,
                          0.39301683692651224,
                          0.10113947206901244,
                          0.1,
                          0.1,
                          0.1,
                          0.09180073255240545,
                          0.1,
                          0.1,
                          0.1]]},
            {'activation': 'sigmoid',
             'bias': [0, 0.009962977741327322, 0, 0, 0.03],
             'name': 'output',
             'neurons': [],
             'num_neurons': 5,
             'weights': [[0.1,
                          0.1,
                          0.1,
                          0.09193580923622924,
                          0.09108201444260172,
                          0.09697406397186153,
                          0.1,
                          0.1],
                         [0.1,
                          0.10168348084807634,
                          0.1,
                          0.1,
                          0.1,
                          0.1,
                          0.0991197841155786,
                          0.1],
                         [0.11,
                          0.11,
                          0.11,
                          0.1,
                          0.09664401782483943,
                          0.1,
                          0.1,
                          0.1],
                         [0.1,
                          0.10874616966435255,
                          0.1,
                          0.1,
                          0.1,
                          0.1,
                          0.1,
                          0.1],
                         [0.1,
                          0.1,
                          0.1,
                          0.1,
                          0.1,
                          0.1,
                          0.1,
                          0.09765130422696694],
                         [0.1, 0.1, 0.1, 0.1, 0.1, 0.1, 0.1, 0.1]]}]}
{'generation': 2,
 'inputs': [],
 'layers': [{'activation': 'sigmoid',
             'bias': [0,
                      0,
                      0.0037286656704299537,
                      0,
                      0,
                      0,
                      0,
                      -0.007592462677433876],
             'name': 'input',
             'neurons': [<gameplay.Neuron object at 0x7fd14b8a1860>,
                         <gameplay.Neuron object at 0x7fd14b8a1828>,
                         <gameplay.Neuron object at 0x7fd14b8a1240>,
                         <gameplay.Neuron object at 0x7fd14b8a1b00>,
                         <gameplay.Neuron object at 0x7fd14b8a1ba8>,
                         <gameplay.Neuron object at 0x7fd14b8a1b38>,
                         <gameplay.Neuron object at 0x7fd14b8a1d68>,
                         <gameplay.Neuron object at 0x7fd14b8a1cf8>],
             'num_neurons': 8,
             'weights': [[0.4,
                          0.4,
                          0.1,
                          0.1,
                          0.1,
                          0.1,
                          0.1,
                          0.1034796439647879,
                          0.1,
                          0.10610850863720958],
                         [0.395415552063028,
                          0.4,
                          0.1,
                          0.1,
                          0.1,
                          0.1,
                          0.1,
                          0.1,
                          0.1,
                          0.1],
                         [0.3965531680445982,
                          0.4,
                          0.1,
                          0.09333162100903715,
                          0.1,
                          0.1,
                          0.1,
                          0.1,
                          0.1,
                          0.1],
                         [0.4,
                          0.4,
                          0.1,
                          0.1,
                          0.1,
                          0.1,
                          0.09089387421692932,
                          0.1,
                          0.1,
                          0.09172921804160124],
                         [0.3982117242440984,
                          0.4,
                          0.10858504682606453,
                          0.1,
                          0.1,
                          0.1,
                          0.1,
                          0.1,
                          0.1,
                          0.1],
                         [0.4,
                          0.4,
                          0.10725145588351336,
                          0.1,
                          0.1,
                          0.10164603194091225,
                          0.1,
                          0.1,
                          0.1,
                          0.1],
                         [0.4, 0.4, 0.1, 0.1, 0.1, 0.1, 0.1, 0.1, 0.1, 0.1],
                         [0.3966045920961245,
                          0.39301683692651224,
                          0.10113947206901244,
                          0.1,
                          0.1,
                          0.1,
                          0.09180073255240545,
                          0.1,
                          0.1,
                          0.1]]},
            {'activation': 'sigmoid',
             'bias': [0, 0.009962977741327322, 0, 0, 0.03],
             'name': 'output',
             'neurons': [<gameplay.Neuron object at 0x7fd14b8a1cc0>,
                         <gameplay.Neuron object at 0x7fd14b8a1c88>,
                         <gameplay.Neuron object at 0x7fd14b8a1eb8>,
                         <gameplay.Neuron object at 0x7fd14b8a1ef0>,
                         <gameplay.Neuron object at 0x7fd14b8a1da0>],
             'num_neurons': 5,
             'weights': [[0.1,
                          0.1,
                          0.1,
                          0.09193580923622924,
                          0.09108201444260172,
                          0.09697406397186153,
                          0.1,
                          0.1],
                         [0.1,
                          0.10168348084807634,
                          0.1,
                          0.1,
                          0.1,
                          0.1,
                          0.0991197841155786,
                          0.1],
                         [0.11,
                          0.11,
                          0.11,
                          0.1,
                          0.09664401782483943,
                          0.1,
                          0.1,
                          0.1],
                         [0.1,
                          0.10874616966435255,
                          0.1,
                          0.1,
                          0.1,
                          0.1,
                          0.1,
                          0.1],
                         [0.1,
                          0.1,
                          0.1,
                          0.1,
                          0.1,
                          0.1,
                          0.1,
                          0.09765130422696694],
                         [0.1, 0.1, 0.1, 0.1, 0.1, 0.1, 0.1, 0.1]]}]}
load_tensorflow_graph: path = tensorflow/mario-model-simple-2019-07-17/frozen_inference_graph.pb
object_detection_graph = <tensorflow.python.framework.ops.Graph object at 0x7fd14b8a1f98>
Doing start sequence
Sleeping one second
sending start
sending empty
Found black world screen for the second time. exiting.



Seconds left: 362
Moves to the right: 88
