pygame 1.9.6
Hello from the pygame community. https://www.pygame.org/contribute.html
Loading neural net from gameplay_neural_nets/103/10.nn
net = {'generation': 92,
 'inputs': [],
 'layers': [{'activation': 'sigmoid',
             'bias': [0.011779121560007086,
                      0.0002749286100292344,
                      0.016733061530226134,
                      -0.030526500343254766,
                      0.004297598614108536,
                      -0.02688297657369033,
                      0.021128072483104915,
                      -0.031974951452612935],
             'name': 'input',
             'neurons': [],
             'num_neurons': 8,
             'weights': [[0.36815556728613813,
                          0.41891453586153776,
                          0.10477697901023836,
                          0.12073049254517926,
                          0.10278265673020849,
                          0.07892412616237551,
                          0.08500577714948238,
                          0.10736210543940848,
                          0.08594903904480018,
                          0.08761410376200653],
                         [0.37311168210626267,
                          0.36712653918671007,
                          0.0851112153777988,
                          0.10196157925578501,
                          0.10465034212724204,
                          0.07665282160553546,
                          0.11866452046429288,
                          0.08365108658728938,
                          0.11802003473501615,
                          0.11911566856954305],
                         [0.38079075272154805,
                          0.4249463830653558,
                          0.09950422246613248,
                          0.0701690749173016,
                          0.112348102926786,
                          0.09893224458914926,
                          0.09710382475812865,
                          0.10261826554757145,
                          0.08526398449469334,
                          0.0962235402911038],
                         [0.3796967771535509,
                          0.3923068721303395,
                          0.09335539150319884,
                          0.1131536461555081,
                          0.04484145321937073,
                          0.09217974162047764,
                          0.10060569435458441,
                          0.1265133530872506,
                          0.11447131407105443,
                          0.12308311876374439],
                         [0.4013459146213683,
                          0.3951741600278526,
                          0.04946531328371123,
                          0.13570535014359145,
                          0.10018274141854856,
                          0.13206668923464743,
                          0.1051547497426802,
                          0.1372419492681667,
                          0.0959249881500518,
                          0.07451005828988147],
                         [0.365784585656814,
                          0.4297280348155157,
                          0.08250472410555885,
                          0.08472146252318279,
                          0.11455542432374614,
                          0.06740331994275367,
                          0.10158630099674015,
                          0.10519093996161469,
                          0.11444962565804873,
                          0.10262243287045907],
                         [0.3642448235406567,
                          0.3774048596452009,
                          0.11144408303719253,
                          0.05315522782088633,
                          0.10244868399819303,
                          0.12844783082430056,
                          0.09235848059952514,
                          0.1276731049238333,
                          0.10040968613090728,
                          0.07875091356178092],
                         [0.3914922908687648,
                          0.4125697165751855,
                          0.05817323627200885,
                          0.07638204516291917,
                          0.12364389801984203,
                          0.036791730260013825,
                          0.07304502092549114,
                          0.16545913389893924,
                          0.08492211670806363,
                          0.07781496270220892]]},
            {'activation': 'sigmoid',
             'bias': [-0.019754222932578364,
                      0.027537716541312734,
                      -0.008126832138705667,
                      -0.01361686657480158,
                      0.014575496580314738],
             'name': 'output',
             'neurons': [],
             'num_neurons': 5,
             'weights': [[0.06805325907857715,
                          0.08769354338994434,
                          0.09296595069616977,
                          0.06720047269179659,
                          0.10785399054495665,
                          0.12811431278346536,
                          0.122618635904381,
                          0.10337943453860983],
                         [0.06617042890953097,
                          0.09037364936385414,
                          0.059342770814180976,
                          0.14371100734376036,
                          0.08304648642954282,
                          0.07762217776536487,
                          0.07906225853406383,
                          0.17406954580342496],
                         [0.12747326419595167,
                          0.07479776885841657,
                          0.11092340686386289,
                          0.08599777354978788,
                          0.09327213344152822,
                          0.10431094452114478,
                          0.129674692750364,
                          0.09190156134181347],
                         [0.12159109373835089,
                          0.06716375461169706,
                          0.11287532708660791,
                          0.0621523040417012,
                          0.1561429177302504,
                          0.09227032410822994,
                          0.10030303412796684,
                          0.09329779120743262],
                         [0.11316276191925739,
                          0.08890887234478717,
                          0.12187400174821955,
                          0.05175398240518075,
                          0.1632618582183755,
                          0.10662290063616997,
                          0.09633136932471371,
                          0.11661933817278239],
                         [0.08519508460924069,
                          0.1000977767149784,
                          0.14176326988086166,
                          0.09464691909912062,
                          0.06504835580900499,
                          0.10171036285524837,
                          0.06152212487003248,
                          0.10966846137631765]]}]}
{'generation': 92,
 'inputs': [],
 'layers': [{'activation': 'sigmoid',
             'bias': [0.011779121560007086,
                      0.0002749286100292344,
                      0.016733061530226134,
                      -0.030526500343254766,
                      0.004297598614108536,
                      -0.02688297657369033,
                      0.021128072483104915,
                      -0.031974951452612935],
             'name': 'input',
             'neurons': [<gameplay.Neuron object at 0x7fc3af33f860>,
                         <gameplay.Neuron object at 0x7fc3af33f828>,
                         <gameplay.Neuron object at 0x7fc3af33f240>,
                         <gameplay.Neuron object at 0x7fc3af33fb00>,
                         <gameplay.Neuron object at 0x7fc3af33fba8>,
                         <gameplay.Neuron object at 0x7fc3af33fb38>,
                         <gameplay.Neuron object at 0x7fc3af33fc88>,
                         <gameplay.Neuron object at 0x7fc3af33fc50>],
             'num_neurons': 8,
             'weights': [[0.36815556728613813,
                          0.41891453586153776,
                          0.10477697901023836,
                          0.12073049254517926,
                          0.10278265673020849,
                          0.07892412616237551,
                          0.08500577714948238,
                          0.10736210543940848,
                          0.08594903904480018,
                          0.08761410376200653],
                         [0.37311168210626267,
                          0.36712653918671007,
                          0.0851112153777988,
                          0.10196157925578501,
                          0.10465034212724204,
                          0.07665282160553546,
                          0.11866452046429288,
                          0.08365108658728938,
                          0.11802003473501615,
                          0.11911566856954305],
                         [0.38079075272154805,
                          0.4249463830653558,
                          0.09950422246613248,
                          0.0701690749173016,
                          0.112348102926786,
                          0.09893224458914926,
                          0.09710382475812865,
                          0.10261826554757145,
                          0.08526398449469334,
                          0.0962235402911038],
                         [0.3796967771535509,
                          0.3923068721303395,
                          0.09335539150319884,
                          0.1131536461555081,
                          0.04484145321937073,
                          0.09217974162047764,
                          0.10060569435458441,
                          0.1265133530872506,
                          0.11447131407105443,
                          0.12308311876374439],
                         [0.4013459146213683,
                          0.3951741600278526,
                          0.04946531328371123,
                          0.13570535014359145,
                          0.10018274141854856,
                          0.13206668923464743,
                          0.1051547497426802,
                          0.1372419492681667,
                          0.0959249881500518,
                          0.07451005828988147],
                         [0.365784585656814,
                          0.4297280348155157,
                          0.08250472410555885,
                          0.08472146252318279,
                          0.11455542432374614,
                          0.06740331994275367,
                          0.10158630099674015,
                          0.10519093996161469,
                          0.11444962565804873,
                          0.10262243287045907],
                         [0.3642448235406567,
                          0.3774048596452009,
                          0.11144408303719253,
                          0.05315522782088633,
                          0.10244868399819303,
                          0.12844783082430056,
                          0.09235848059952514,
                          0.1276731049238333,
                          0.10040968613090728,
                          0.07875091356178092],
                         [0.3914922908687648,
                          0.4125697165751855,
                          0.05817323627200885,
                          0.07638204516291917,
                          0.12364389801984203,
                          0.036791730260013825,
                          0.07304502092549114,
                          0.16545913389893924,
                          0.08492211670806363,
                          0.07781496270220892]]},
            {'activation': 'sigmoid',
             'bias': [-0.019754222932578364,
                      0.027537716541312734,
                      -0.008126832138705667,
                      -0.01361686657480158,
                      0.014575496580314738],
             'name': 'output',
             'neurons': [<gameplay.Neuron object at 0x7fc3af33fcc0>,
                         <gameplay.Neuron object at 0x7fc3af33fcf8>,
                         <gameplay.Neuron object at 0x7fc3af33fd68>,
                         <gameplay.Neuron object at 0x7fc3af33fd30>,
                         <gameplay.Neuron object at 0x7fc3af33fda0>],
             'num_neurons': 5,
             'weights': [[0.06805325907857715,
                          0.08769354338994434,
                          0.09296595069616977,
                          0.06720047269179659,
                          0.10785399054495665,
                          0.12811431278346536,
                          0.122618635904381,
                          0.10337943453860983],
                         [0.06617042890953097,
                          0.09037364936385414,
                          0.059342770814180976,
                          0.14371100734376036,
                          0.08304648642954282,
                          0.07762217776536487,
                          0.07906225853406383,
                          0.17406954580342496],
                         [0.12747326419595167,
                          0.07479776885841657,
                          0.11092340686386289,
                          0.08599777354978788,
                          0.09327213344152822,
                          0.10431094452114478,
                          0.129674692750364,
                          0.09190156134181347],
                         [0.12159109373835089,
                          0.06716375461169706,
                          0.11287532708660791,
                          0.0621523040417012,
                          0.1561429177302504,
                          0.09227032410822994,
                          0.10030303412796684,
                          0.09329779120743262],
                         [0.11316276191925739,
                          0.08890887234478717,
                          0.12187400174821955,
                          0.05175398240518075,
                          0.1632618582183755,
                          0.10662290063616997,
                          0.09633136932471371,
                          0.11661933817278239],
                         [0.08519508460924069,
                          0.1000977767149784,
                          0.14176326988086166,
                          0.09464691909912062,
                          0.06504835580900499,
                          0.10171036285524837,
                          0.06152212487003248,
                          0.10966846137631765]]}]}
load_tensorflow_graph: path = tensorflow/mario-model-simple-2019-07-17/frozen_inference_graph.pb
object_detection_graph = <tensorflow.python.framework.ops.Graph object at 0x7fc3af33fe48>
Doing start sequence
Sleeping one second
sending start
sending empty
Found black world screen for the second time. exiting.



Seconds left: 393
Moves to the right: 18
