pygame 1.9.6
Hello from the pygame community. https://www.pygame.org/contribute.html
Loading neural net from gameplay_neural_nets/130/10.nn
net = {'generation': 117,
 'inputs': [],
 'layers': [{'activation': 'sigmoid',
             'bias': [0.00570955922875859,
                      -0.01816049095466407,
                      -0.01620139721456975,
                      -0.024670038765291884,
                      -0.004756142359964634,
                      -0.04792374872250078,
                      0.0299605961598323,
                      -0.018881282136913126],
             'name': 'input',
             'neurons': [],
             'num_neurons': 8,
             'weights': [[0.35804478234705067,
                          0.42991393590747584,
                          0.07356484927786981,
                          0.10958785347832194,
                          0.07546077138814102,
                          0.09558844297969323,
                          0.06866613481496014,
                          0.08557977409400938,
                          0.06837053530405016,
                          0.08347206523056244],
                         [0.3922188185420525,
                          0.36876634081968573,
                          0.09043727428871559,
                          0.09338254973950705,
                          0.1186475934294656,
                          0.05385054948113968,
                          0.11897680563583114,
                          0.10177875463669488,
                          0.13414354633233977,
                          0.12233457116797344],
                         [0.3892360718574563,
                          0.4307050021388867,
                          0.08902245873561447,
                          0.05787175788376005,
                          0.10962807739744351,
                          0.10126286204032957,
                          0.10039728543469544,
                          0.1077439025820629,
                          0.08113365496398414,
                          0.0837055205964655],
                         [0.3610199532520729,
                          0.39377018038444156,
                          0.09966960485619711,
                          0.12882490771435157,
                          0.056373070337701094,
                          0.06989026920818787,
                          0.09149813355766302,
                          0.13433717908262371,
                          0.11069959235697766,
                          0.11825381385864774],
                         [0.4014837456460254,
                          0.3877260014635799,
                          0.04940913106648262,
                          0.12447198049511957,
                          0.09896289350159382,
                          0.15576089506634846,
                          0.11231012154658526,
                          0.1409900882285384,
                          0.08824329828292288,
                          0.0630995123126669],
                         [0.36655090487330094,
                          0.4363835743183239,
                          0.08163901327775863,
                          0.0629994543718569,
                          0.11670592428546712,
                          0.07231635742172211,
                          0.1167290716470887,
                          0.11388150057112287,
                          0.10923178188613414,
                          0.10400500020367526],
                         [0.3739075034655651,
                          0.38146846131496853,
                          0.11656999998313254,
                          0.040476402339666276,
                          0.09331736255186307,
                          0.12361708303661384,
                          0.09623124445229499,
                          0.09374804346421209,
                          0.10389387674966016,
                          0.06783701731681378],
                         [0.3788985893429025,
                          0.42507178140830865,
                          0.056148738029830864,
                          0.07003824599076897,
                          0.13255597170849384,
                          0.046814592358861665,
                          0.08763540324406538,
                          0.16139862032326263,
                          0.09784495232091747,
                          0.0553346488175826]]},
            {'activation': 'sigmoid',
             'bias': [-0.021467917436725645,
                      0.05168937354925282,
                      -0.012785908575190338,
                      -0.007625219877415374,
                      0.018529385001976803],
             'name': 'output',
             'neurons': [],
             'num_neurons': 5,
             'weights': [[0.06015381002113892,
                          0.11923380942668707,
                          0.10545104731538146,
                          0.04652800206124144,
                          0.11725983046236589,
                          0.14691825216704232,
                          0.13344058372170586,
                          0.11306255736909959],
                         [0.06366652154621648,
                          0.05654674538630675,
                          0.06675035610571661,
                          0.1629797519636747,
                          0.10004019934963843,
                          0.08837824549452629,
                          0.07179224570284669,
                          0.18780096421258985],
                         [0.12006897049777131,
                          0.08840216704873544,
                          0.11109573620861589,
                          0.07916441085219428,
                          0.09156508475873178,
                          0.10456657286230653,
                          0.1420890387459504,
                          0.08235886308769488],
                         [0.11994124430691755,
                          0.07147110509589057,
                          0.14523405450959265,
                          0.05959125942552958,
                          0.15944773735932724,
                          0.11006598711652345,
                          0.09727070691225294,
                          0.10547880907156178],
                         [0.12108329163997297,
                          0.08893263468526505,
                          0.14216575292685285,
                          0.037136465589216974,
                          0.16297528412510737,
                          0.10684767695057323,
                          0.10211816314457023,
                          0.09234313663334728],
                         [0.07652137576099997,
                          0.12931081351240806,
                          0.1335576054487295,
                          0.11001599511694339,
                          0.06608270448852158,
                          0.10047104087124623,
                          0.06785884204943855,
                          0.11196418278492468]]}]}
{'generation': 117,
 'inputs': [],
 'layers': [{'activation': 'sigmoid',
             'bias': [0.00570955922875859,
                      -0.01816049095466407,
                      -0.01620139721456975,
                      -0.024670038765291884,
                      -0.004756142359964634,
                      -0.04792374872250078,
                      0.0299605961598323,
                      -0.018881282136913126],
             'name': 'input',
             'neurons': [<gameplay.Neuron object at 0x7f380390d860>,
                         <gameplay.Neuron object at 0x7f380390d828>,
                         <gameplay.Neuron object at 0x7f380390d240>,
                         <gameplay.Neuron object at 0x7f380390db00>,
                         <gameplay.Neuron object at 0x7f380390dba8>,
                         <gameplay.Neuron object at 0x7f380390db38>,
                         <gameplay.Neuron object at 0x7f380390dc88>,
                         <gameplay.Neuron object at 0x7f380390dc50>],
             'num_neurons': 8,
             'weights': [[0.35804478234705067,
                          0.42991393590747584,
                          0.07356484927786981,
                          0.10958785347832194,
                          0.07546077138814102,
                          0.09558844297969323,
                          0.06866613481496014,
                          0.08557977409400938,
                          0.06837053530405016,
                          0.08347206523056244],
                         [0.3922188185420525,
                          0.36876634081968573,
                          0.09043727428871559,
                          0.09338254973950705,
                          0.1186475934294656,
                          0.05385054948113968,
                          0.11897680563583114,
                          0.10177875463669488,
                          0.13414354633233977,
                          0.12233457116797344],
                         [0.3892360718574563,
                          0.4307050021388867,
                          0.08902245873561447,
                          0.05787175788376005,
                          0.10962807739744351,
                          0.10126286204032957,
                          0.10039728543469544,
                          0.1077439025820629,
                          0.08113365496398414,
                          0.0837055205964655],
                         [0.3610199532520729,
                          0.39377018038444156,
                          0.09966960485619711,
                          0.12882490771435157,
                          0.056373070337701094,
                          0.06989026920818787,
                          0.09149813355766302,
                          0.13433717908262371,
                          0.11069959235697766,
                          0.11825381385864774],
                         [0.4014837456460254,
                          0.3877260014635799,
                          0.04940913106648262,
                          0.12447198049511957,
                          0.09896289350159382,
                          0.15576089506634846,
                          0.11231012154658526,
                          0.1409900882285384,
                          0.08824329828292288,
                          0.0630995123126669],
                         [0.36655090487330094,
                          0.4363835743183239,
                          0.08163901327775863,
                          0.0629994543718569,
                          0.11670592428546712,
                          0.07231635742172211,
                          0.1167290716470887,
                          0.11388150057112287,
                          0.10923178188613414,
                          0.10400500020367526],
                         [0.3739075034655651,
                          0.38146846131496853,
                          0.11656999998313254,
                          0.040476402339666276,
                          0.09331736255186307,
                          0.12361708303661384,
                          0.09623124445229499,
                          0.09374804346421209,
                          0.10389387674966016,
                          0.06783701731681378],
                         [0.3788985893429025,
                          0.42507178140830865,
                          0.056148738029830864,
                          0.07003824599076897,
                          0.13255597170849384,
                          0.046814592358861665,
                          0.08763540324406538,
                          0.16139862032326263,
                          0.09784495232091747,
                          0.0553346488175826]]},
            {'activation': 'sigmoid',
             'bias': [-0.021467917436725645,
                      0.05168937354925282,
                      -0.012785908575190338,
                      -0.007625219877415374,
                      0.018529385001976803],
             'name': 'output',
             'neurons': [<gameplay.Neuron object at 0x7f380390dcc0>,
                         <gameplay.Neuron object at 0x7f380390dcf8>,
                         <gameplay.Neuron object at 0x7f380390dd68>,
                         <gameplay.Neuron object at 0x7f380390dd30>,
                         <gameplay.Neuron object at 0x7f380390dda0>],
             'num_neurons': 5,
             'weights': [[0.06015381002113892,
                          0.11923380942668707,
                          0.10545104731538146,
                          0.04652800206124144,
                          0.11725983046236589,
                          0.14691825216704232,
                          0.13344058372170586,
                          0.11306255736909959],
                         [0.06366652154621648,
                          0.05654674538630675,
                          0.06675035610571661,
                          0.1629797519636747,
                          0.10004019934963843,
                          0.08837824549452629,
                          0.07179224570284669,
                          0.18780096421258985],
                         [0.12006897049777131,
                          0.08840216704873544,
                          0.11109573620861589,
                          0.07916441085219428,
                          0.09156508475873178,
                          0.10456657286230653,
                          0.1420890387459504,
                          0.08235886308769488],
                         [0.11994124430691755,
                          0.07147110509589057,
                          0.14523405450959265,
                          0.05959125942552958,
                          0.15944773735932724,
                          0.11006598711652345,
                          0.09727070691225294,
                          0.10547880907156178],
                         [0.12108329163997297,
                          0.08893263468526505,
                          0.14216575292685285,
                          0.037136465589216974,
                          0.16297528412510737,
                          0.10684767695057323,
                          0.10211816314457023,
                          0.09234313663334728],
                         [0.07652137576099997,
                          0.12931081351240806,
                          0.1335576054487295,
                          0.11001599511694339,
                          0.06608270448852158,
                          0.10047104087124623,
                          0.06785884204943855,
                          0.11196418278492468]]}]}
load_tensorflow_graph: path = tensorflow/mario-model-simple-2019-07-17/frozen_inference_graph.pb
object_detection_graph = <tensorflow.python.framework.ops.Graph object at 0x7f380390de48>
Doing start sequence
Sleeping one second
sending start
sending empty
Found black world screen for the second time. exiting.



Seconds left: 393
Moves to the right: 19
