pygame 1.9.6
Hello from the pygame community. https://www.pygame.org/contribute.html
Loading neural net from gameplay_neural_nets/122/8.nn
net = {'generation': 110,
 'inputs': [],
 'layers': [{'activation': 'sigmoid',
             'bias': [0.014002930923923015,
                      -0.01290151648973928,
                      -0.024674928141566386,
                      -0.030611970892930215,
                      -0.013972711227118337,
                      -0.03131791025672355,
                      0.02726201129552276,
                      -0.020938792139270107],
             'name': 'input',
             'neurons': [],
             'num_neurons': 8,
             'weights': [[0.3531612871229072,
                          0.4308689038616817,
                          0.0804472846709736,
                          0.10958785347832194,
                          0.08103452998639407,
                          0.0935659198847236,
                          0.07771001174137943,
                          0.09317423171369262,
                          0.07312857264261698,
                          0.08842998026737298],
                         [0.3891169041632295,
                          0.3704253722111262,
                          0.08658440039561316,
                          0.09669399026736268,
                          0.11408247999133563,
                          0.05905641450837045,
                          0.11897680563583114,
                          0.09271086140036472,
                          0.11974836764972073,
                          0.12233312230148613],
                         [0.3748623224068254,
                          0.4322810150694553,
                          0.09257045779739353,
                          0.06259088333703651,
                          0.11141271749049894,
                          0.10350291702665701,
                          0.09098648846577108,
                          0.10409492041597183,
                          0.0906296682925628,
                          0.09256515082393663],
                         [0.3666902536588517,
                          0.38882784269314746,
                          0.10503273467970903,
                          0.12351959721483644,
                          0.05644314946299625,
                          0.08000811232262955,
                          0.08256674505288575,
                          0.13390220471382072,
                          0.11809767665573945,
                          0.11835639257279677],
                         [0.40043492434145495,
                          0.3877260014635799,
                          0.06485599074908754,
                          0.12241535411531271,
                          0.09896289350159382,
                          0.15390048186410843,
                          0.10905095388410523,
                          0.13648216382546516,
                          0.09075595197817461,
                          0.06168235724813953],
                         [0.3723558872527748,
                          0.4331502615918413,
                          0.0770253976038218,
                          0.07089907885422533,
                          0.10832472431164368,
                          0.0667892725335323,
                          0.11761439391998889,
                          0.11547699828070458,
                          0.1124810293146394,
                          0.10509739655078654],
                         [0.3636552005088008,
                          0.38884351761488123,
                          0.11656999998313254,
                          0.03951323769662754,
                          0.10187416551973334,
                          0.12844783082430056,
                          0.09354022965539256,
                          0.11344425859961667,
                          0.10377221444329097,
                          0.0823276603442372],
                         [0.3838863277737458,
                          0.432943108585987,
                          0.06580283014732906,
                          0.0759072531046955,
                          0.12669809433429977,
                          0.04566543528162139,
                          0.0692093294949778,
                          0.15967454284605223,
                          0.10771701136731757,
                          0.0508605155167051]]},
            {'activation': 'sigmoid',
             'bias': [-0.021467917436725645,
                      0.04658872817170994,
                      -0.014583560889731652,
                      -0.009139043020789833,
                      0.012924566581441282],
             'name': 'output',
             'neurons': [],
             'num_neurons': 5,
             'weights': [[0.06738003933315813,
                          0.10367382121282781,
                          0.09620091138450931,
                          0.04652800206124144,
                          0.11725983046236589,
                          0.1496095124048059,
                          0.14036954830892218,
                          0.11336426880518544],
                         [0.058388445720980814,
                          0.07477421449420239,
                          0.06675035610571661,
                          0.16576004131619412,
                          0.10004019934963843,
                          0.08562265323980282,
                          0.07179224570284669,
                          0.1941851687119858],
                         [0.12006897049777131,
                          0.07939152959986268,
                          0.10321100730647847,
                          0.08731028562369138,
                          0.09055026262898137,
                          0.1103516795012253,
                          0.13379990652424395,
                          0.07070182854103711],
                         [0.12041129710908423,
                          0.06257458247822453,
                          0.12044291616980643,
                          0.06040276093947988,
                          0.15944773735932724,
                          0.10013274073367363,
                          0.09727070691225294,
                          0.1121484466073905],
                         [0.11292813964362416,
                          0.09784938115035947,
                          0.13620873494861677,
                          0.049717022173449366,
                          0.16239688199890265,
                          0.11193204710862453,
                          0.1030969168682545,
                          0.0982166392283789],
                         [0.08833921466776064,
                          0.11883997551751438,
                          0.1453322553007205,
                          0.10781499615967065,
                          0.05635263969624374,
                          0.10780466698312174,
                          0.055392316127566614,
                          0.11080416240610697]]}]}
{'generation': 110,
 'inputs': [],
 'layers': [{'activation': 'sigmoid',
             'bias': [0.014002930923923015,
                      -0.01290151648973928,
                      -0.024674928141566386,
                      -0.030611970892930215,
                      -0.013972711227118337,
                      -0.03131791025672355,
                      0.02726201129552276,
                      -0.020938792139270107],
             'name': 'input',
             'neurons': [<gameplay.Neuron object at 0x7fd161dc6860>,
                         <gameplay.Neuron object at 0x7fd161dc6828>,
                         <gameplay.Neuron object at 0x7fd161dc6240>,
                         <gameplay.Neuron object at 0x7fd161dc6b00>,
                         <gameplay.Neuron object at 0x7fd161dc6ba8>,
                         <gameplay.Neuron object at 0x7fd161dc6b38>,
                         <gameplay.Neuron object at 0x7fd161dc6c88>,
                         <gameplay.Neuron object at 0x7fd161dc6c50>],
             'num_neurons': 8,
             'weights': [[0.3531612871229072,
                          0.4308689038616817,
                          0.0804472846709736,
                          0.10958785347832194,
                          0.08103452998639407,
                          0.0935659198847236,
                          0.07771001174137943,
                          0.09317423171369262,
                          0.07312857264261698,
                          0.08842998026737298],
                         [0.3891169041632295,
                          0.3704253722111262,
                          0.08658440039561316,
                          0.09669399026736268,
                          0.11408247999133563,
                          0.05905641450837045,
                          0.11897680563583114,
                          0.09271086140036472,
                          0.11974836764972073,
                          0.12233312230148613],
                         [0.3748623224068254,
                          0.4322810150694553,
                          0.09257045779739353,
                          0.06259088333703651,
                          0.11141271749049894,
                          0.10350291702665701,
                          0.09098648846577108,
                          0.10409492041597183,
                          0.0906296682925628,
                          0.09256515082393663],
                         [0.3666902536588517,
                          0.38882784269314746,
                          0.10503273467970903,
                          0.12351959721483644,
                          0.05644314946299625,
                          0.08000811232262955,
                          0.08256674505288575,
                          0.13390220471382072,
                          0.11809767665573945,
                          0.11835639257279677],
                         [0.40043492434145495,
                          0.3877260014635799,
                          0.06485599074908754,
                          0.12241535411531271,
                          0.09896289350159382,
                          0.15390048186410843,
                          0.10905095388410523,
                          0.13648216382546516,
                          0.09075595197817461,
                          0.06168235724813953],
                         [0.3723558872527748,
                          0.4331502615918413,
                          0.0770253976038218,
                          0.07089907885422533,
                          0.10832472431164368,
                          0.0667892725335323,
                          0.11761439391998889,
                          0.11547699828070458,
                          0.1124810293146394,
                          0.10509739655078654],
                         [0.3636552005088008,
                          0.38884351761488123,
                          0.11656999998313254,
                          0.03951323769662754,
                          0.10187416551973334,
                          0.12844783082430056,
                          0.09354022965539256,
                          0.11344425859961667,
                          0.10377221444329097,
                          0.0823276603442372],
                         [0.3838863277737458,
                          0.432943108585987,
                          0.06580283014732906,
                          0.0759072531046955,
                          0.12669809433429977,
                          0.04566543528162139,
                          0.0692093294949778,
                          0.15967454284605223,
                          0.10771701136731757,
                          0.0508605155167051]]},
            {'activation': 'sigmoid',
             'bias': [-0.021467917436725645,
                      0.04658872817170994,
                      -0.014583560889731652,
                      -0.009139043020789833,
                      0.012924566581441282],
             'name': 'output',
             'neurons': [<gameplay.Neuron object at 0x7fd161dc6cc0>,
                         <gameplay.Neuron object at 0x7fd161dc6cf8>,
                         <gameplay.Neuron object at 0x7fd161dc6d68>,
                         <gameplay.Neuron object at 0x7fd161dc6d30>,
                         <gameplay.Neuron object at 0x7fd161dc6da0>],
             'num_neurons': 5,
             'weights': [[0.06738003933315813,
                          0.10367382121282781,
                          0.09620091138450931,
                          0.04652800206124144,
                          0.11725983046236589,
                          0.1496095124048059,
                          0.14036954830892218,
                          0.11336426880518544],
                         [0.058388445720980814,
                          0.07477421449420239,
                          0.06675035610571661,
                          0.16576004131619412,
                          0.10004019934963843,
                          0.08562265323980282,
                          0.07179224570284669,
                          0.1941851687119858],
                         [0.12006897049777131,
                          0.07939152959986268,
                          0.10321100730647847,
                          0.08731028562369138,
                          0.09055026262898137,
                          0.1103516795012253,
                          0.13379990652424395,
                          0.07070182854103711],
                         [0.12041129710908423,
                          0.06257458247822453,
                          0.12044291616980643,
                          0.06040276093947988,
                          0.15944773735932724,
                          0.10013274073367363,
                          0.09727070691225294,
                          0.1121484466073905],
                         [0.11292813964362416,
                          0.09784938115035947,
                          0.13620873494861677,
                          0.049717022173449366,
                          0.16239688199890265,
                          0.11193204710862453,
                          0.1030969168682545,
                          0.0982166392283789],
                         [0.08833921466776064,
                          0.11883997551751438,
                          0.1453322553007205,
                          0.10781499615967065,
                          0.05635263969624374,
                          0.10780466698312174,
                          0.055392316127566614,
                          0.11080416240610697]]}]}
load_tensorflow_graph: path = tensorflow/mario-model-simple-2019-07-17/frozen_inference_graph.pb
object_detection_graph = <tensorflow.python.framework.ops.Graph object at 0x7fd161dc6e48>
Doing start sequence
Sleeping one second
sending start
sending empty
Found black world screen for the second time. exiting.



Seconds left: 393
Moves to the right: 17
