pygame 1.9.6
Hello from the pygame community. https://www.pygame.org/contribute.html
Loading neural net from gameplay_neural_nets/122/grand_father_1.nn
net = {'generation': 109,
 'inputs': [],
 'layers': [{'activation': 'sigmoid',
             'bias': [0.014002930923923015,
                      -0.01290151648973928,
                      -0.024674928141566386,
                      -0.030611970892930215,
                      -0.013972711227118337,
                      -0.03131791025672355,
                      0.02726201129552276,
                      -0.020938792139270107],
             'name': 'input',
             'neurons': [],
             'num_neurons': 8,
             'weights': [[0.35338314997233916,
                          0.4308689038616817,
                          0.0804472846709736,
                          0.10958785347832194,
                          0.08103452998639407,
                          0.0935659198847236,
                          0.07771001174137943,
                          0.08557977409400938,
                          0.07312857264261698,
                          0.08842998026737298],
                         [0.3863924998734772,
                          0.36876634081968573,
                          0.08658440039561316,
                          0.09669399026736268,
                          0.12127356020329375,
                          0.05905641450837045,
                          0.11897680563583114,
                          0.1025437194868417,
                          0.11974836764972073,
                          0.12233312230148613],
                         [0.3748623224068254,
                          0.4322810150694553,
                          0.09257045779739353,
                          0.05787175788376005,
                          0.11141271749049894,
                          0.10350291702665701,
                          0.10039728543469544,
                          0.10409492041597183,
                          0.0906296682925628,
                          0.09256515082393663],
                         [0.3666902536588517,
                          0.38882784269314746,
                          0.10503273467970903,
                          0.12351959721483644,
                          0.05644314946299625,
                          0.08000811232262955,
                          0.08256674505288575,
                          0.13390220471382072,
                          0.11809767665573945,
                          0.11835639257279677],
                         [0.40043492434145495,
                          0.3877260014635799,
                          0.06485599074908754,
                          0.12241535411531271,
                          0.09896289350159382,
                          0.15390048186410843,
                          0.10905095388410523,
                          0.13648216382546516,
                          0.08321434714024822,
                          0.06168235724813953],
                         [0.3723558872527748,
                          0.438071972261865,
                          0.0770253976038218,
                          0.07089907885422533,
                          0.10832472431164368,
                          0.0667892725335323,
                          0.11761439391998889,
                          0.11547699828070458,
                          0.1124810293146394,
                          0.10805380369129053],
                         [0.3636552005088008,
                          0.38884351761488123,
                          0.11656999998313254,
                          0.03879532872614695,
                          0.10187416551973334,
                          0.12844783082430056,
                          0.0897451879528454,
                          0.1089209838816953,
                          0.10377221444329097,
                          0.0823276603442372],
                         [0.3838863277737458,
                          0.432943108585987,
                          0.056148738029830864,
                          0.0759072531046955,
                          0.12669809433429977,
                          0.039417638075076755,
                          0.0692093294949778,
                          0.15949300650059303,
                          0.10771701136731757,
                          0.0600386736701146]]},
            {'activation': 'sigmoid',
             'bias': [-0.021467917436725645,
                      0.04658872817170994,
                      -0.014583560889731652,
                      -0.007625219877415374,
                      0.012924566581441282],
             'name': 'output',
             'neurons': [],
             'num_neurons': 5,
             'weights': [[0.06738003933315813,
                          0.10367382121282781,
                          0.09620091138450931,
                          0.04652800206124144,
                          0.11725983046236589,
                          0.1496095124048059,
                          0.13344058372170586,
                          0.11336426880518544],
                         [0.058388445720980814,
                          0.07477421449420239,
                          0.06675035610571661,
                          0.16361157520246764,
                          0.10004019934963843,
                          0.08562265323980282,
                          0.07179224570284669,
                          0.1941851687119858],
                         [0.12006897049777131,
                          0.07939152959986268,
                          0.10321100730647847,
                          0.08731028562369138,
                          0.09063155921546906,
                          0.1103516795012253,
                          0.14034001291407455,
                          0.07774900689543968],
                         [0.11651676520609965,
                          0.06946949025875607,
                          0.12270034619166731,
                          0.06040276093947988,
                          0.15944773735932724,
                          0.10013274073367363,
                          0.09727070691225294,
                          0.10304582008663855],
                         [0.11292813964362416,
                          0.09784938115035947,
                          0.13620873494861677,
                          0.049717022173449366,
                          0.16239688199890265,
                          0.11193204710862453,
                          0.1030969168682545,
                          0.0982166392283789],
                         [0.0856249967008002,
                          0.11883997551751438,
                          0.13784377141006457,
                          0.10781499615967065,
                          0.05635263969624374,
                          0.10410008834849048,
                          0.06011381087306079,
                          0.11080416240610697]]}]}
{'generation': 109,
 'inputs': [],
 'layers': [{'activation': 'sigmoid',
             'bias': [0.014002930923923015,
                      -0.01290151648973928,
                      -0.024674928141566386,
                      -0.030611970892930215,
                      -0.013972711227118337,
                      -0.03131791025672355,
                      0.02726201129552276,
                      -0.020938792139270107],
             'name': 'input',
             'neurons': [<gameplay.Neuron object at 0x7fdce37b4860>,
                         <gameplay.Neuron object at 0x7fdce37b4828>,
                         <gameplay.Neuron object at 0x7fdce37b4240>,
                         <gameplay.Neuron object at 0x7fdce37b4b00>,
                         <gameplay.Neuron object at 0x7fdce37b4ba8>,
                         <gameplay.Neuron object at 0x7fdce37b4b38>,
                         <gameplay.Neuron object at 0x7fdce37b4c88>,
                         <gameplay.Neuron object at 0x7fdce37b4c50>],
             'num_neurons': 8,
             'weights': [[0.35338314997233916,
                          0.4308689038616817,
                          0.0804472846709736,
                          0.10958785347832194,
                          0.08103452998639407,
                          0.0935659198847236,
                          0.07771001174137943,
                          0.08557977409400938,
                          0.07312857264261698,
                          0.08842998026737298],
                         [0.3863924998734772,
                          0.36876634081968573,
                          0.08658440039561316,
                          0.09669399026736268,
                          0.12127356020329375,
                          0.05905641450837045,
                          0.11897680563583114,
                          0.1025437194868417,
                          0.11974836764972073,
                          0.12233312230148613],
                         [0.3748623224068254,
                          0.4322810150694553,
                          0.09257045779739353,
                          0.05787175788376005,
                          0.11141271749049894,
                          0.10350291702665701,
                          0.10039728543469544,
                          0.10409492041597183,
                          0.0906296682925628,
                          0.09256515082393663],
                         [0.3666902536588517,
                          0.38882784269314746,
                          0.10503273467970903,
                          0.12351959721483644,
                          0.05644314946299625,
                          0.08000811232262955,
                          0.08256674505288575,
                          0.13390220471382072,
                          0.11809767665573945,
                          0.11835639257279677],
                         [0.40043492434145495,
                          0.3877260014635799,
                          0.06485599074908754,
                          0.12241535411531271,
                          0.09896289350159382,
                          0.15390048186410843,
                          0.10905095388410523,
                          0.13648216382546516,
                          0.08321434714024822,
                          0.06168235724813953],
                         [0.3723558872527748,
                          0.438071972261865,
                          0.0770253976038218,
                          0.07089907885422533,
                          0.10832472431164368,
                          0.0667892725335323,
                          0.11761439391998889,
                          0.11547699828070458,
                          0.1124810293146394,
                          0.10805380369129053],
                         [0.3636552005088008,
                          0.38884351761488123,
                          0.11656999998313254,
                          0.03879532872614695,
                          0.10187416551973334,
                          0.12844783082430056,
                          0.0897451879528454,
                          0.1089209838816953,
                          0.10377221444329097,
                          0.0823276603442372],
                         [0.3838863277737458,
                          0.432943108585987,
                          0.056148738029830864,
                          0.0759072531046955,
                          0.12669809433429977,
                          0.039417638075076755,
                          0.0692093294949778,
                          0.15949300650059303,
                          0.10771701136731757,
                          0.0600386736701146]]},
            {'activation': 'sigmoid',
             'bias': [-0.021467917436725645,
                      0.04658872817170994,
                      -0.014583560889731652,
                      -0.007625219877415374,
                      0.012924566581441282],
             'name': 'output',
             'neurons': [<gameplay.Neuron object at 0x7fdce37b4cc0>,
                         <gameplay.Neuron object at 0x7fdce37b4cf8>,
                         <gameplay.Neuron object at 0x7fdce37b4d68>,
                         <gameplay.Neuron object at 0x7fdce37b4d30>,
                         <gameplay.Neuron object at 0x7fdce37b4da0>],
             'num_neurons': 5,
             'weights': [[0.06738003933315813,
                          0.10367382121282781,
                          0.09620091138450931,
                          0.04652800206124144,
                          0.11725983046236589,
                          0.1496095124048059,
                          0.13344058372170586,
                          0.11336426880518544],
                         [0.058388445720980814,
                          0.07477421449420239,
                          0.06675035610571661,
                          0.16361157520246764,
                          0.10004019934963843,
                          0.08562265323980282,
                          0.07179224570284669,
                          0.1941851687119858],
                         [0.12006897049777131,
                          0.07939152959986268,
                          0.10321100730647847,
                          0.08731028562369138,
                          0.09063155921546906,
                          0.1103516795012253,
                          0.14034001291407455,
                          0.07774900689543968],
                         [0.11651676520609965,
                          0.06946949025875607,
                          0.12270034619166731,
                          0.06040276093947988,
                          0.15944773735932724,
                          0.10013274073367363,
                          0.09727070691225294,
                          0.10304582008663855],
                         [0.11292813964362416,
                          0.09784938115035947,
                          0.13620873494861677,
                          0.049717022173449366,
                          0.16239688199890265,
                          0.11193204710862453,
                          0.1030969168682545,
                          0.0982166392283789],
                         [0.0856249967008002,
                          0.11883997551751438,
                          0.13784377141006457,
                          0.10781499615967065,
                          0.05635263969624374,
                          0.10410008834849048,
                          0.06011381087306079,
                          0.11080416240610697]]}]}
load_tensorflow_graph: path = tensorflow/mario-model-simple-2019-07-17/frozen_inference_graph.pb
object_detection_graph = <tensorflow.python.framework.ops.Graph object at 0x7fdce37b4e48>
Doing start sequence
Sleeping one second
sending start
sending empty
Found black world screen for the second time. exiting.



Seconds left: 379
Moves to the right: 42
