pygame 1.9.6
Hello from the pygame community. https://www.pygame.org/contribute.html
Loading neural net from gameplay_neural_nets/66/8.nn
net = {'generation': 57,
 'inputs': [],
 'layers': [{'activation': 'sigmoid',
             'bias': [-0.03669853639312928,
                      0.04714790845283897,
                      -0.03235043182577991,
                      -0.003989557499551726,
                      0.009500493471122634,
                      -0.011720641014123435,
                      0.0024604102042862196,
                      -0.038270874128191905],
             'name': 'input',
             'neurons': [],
             'num_neurons': 8,
             'weights': [[0.43922690025421685,
                          0.5127099712586655,
                          0.5041702248883488,
                          0.46948289670828713,
                          0.5056838730962557,
                          0.4930511367521633,
                          0.5512779754949396,
                          0.489628320800484,
                          0.4997164668784317,
                          0.5343613099456279],
                         [0.47009352677526606,
                          0.4911153033648857,
                          0.5383175834193583,
                          0.5178038592851895,
                          0.5126173860615558,
                          0.485857772965829,
                          0.4748818542860869,
                          0.47974005478052834,
                          0.526901612042596,
                          0.5140645350757231],
                         [0.5475923796594081,
                          0.47665399644271644,
                          0.49493725453194765,
                          0.4883534595661274,
                          0.49244375299966836,
                          0.5198003758766603,
                          0.5011323457853455,
                          0.48054761246395206,
                          0.4723032586306083,
                          0.4952141949578484],
                         [0.5049613889231295,
                          0.46961626141172513,
                          0.5047706435325315,
                          0.4243195857022379,
                          0.4439069560289735,
                          0.5378912483995566,
                          0.5045806875464638,
                          0.48547099492837276,
                          0.5175312208244952,
                          0.5123595010553069],
                         [0.494346479292115,
                          0.4919751447125999,
                          0.4953390142455694,
                          0.45851710697479175,
                          0.5324470157976503,
                          0.4990754591992529,
                          0.5069924861890872,
                          0.48324287479182193,
                          0.4863118547636616,
                          0.5360019107752454],
                         [0.5031690855206195,
                          0.5024890001037775,
                          0.49878981256392646,
                          0.5278391230675772,
                          0.4790473637053382,
                          0.46763050708867576,
                          0.5561864727153053,
                          0.45185398098761376,
                          0.4976950730287622,
                          0.4317461622077047],
                         [0.5421411030367489,
                          0.4847686568587009,
                          0.4979738518167125,
                          0.5170574605984201,
                          0.504033285332056,
                          0.49598885698054895,
                          0.5472503763310985,
                          0.4763131733992487,
                          0.5091642420857898,
                          0.4953898013876583],
                         [0.5057253469192086,
                          0.49179757647258393,
                          0.5187923000690963,
                          0.5537555221864721,
                          0.49991347230413635,
                          0.4797656183156936,
                          0.4524216934821843,
                          0.48080063433216796,
                          0.4868328730092744,
                          0.49069965858483033]]},
            {'activation': 'sigmoid',
             'bias': [-0.02280196075152106,
                      -0.019179949665813434,
                      -0.055834901554840416,
                      -0.0014046998276089784,
                      0.007025380966507377,
                      -0.04303580801743632],
             'name': 'hidden1',
             'neurons': [],
             'num_neurons': 6,
             'weights': [[0.48506839537138563,
                          0.48494353220387904,
                          0.5296256269076408,
                          0.4960409997519624,
                          0.5231739618409522,
                          0.4917849719930849,
                          0.5380148054329356,
                          0.4762340137621059],
                         [0.5356304044916613,
                          0.555021880503152,
                          0.5317527548128289,
                          0.4568823631944,
                          0.4564058600660193,
                          0.5216494825309675,
                          0.47021349431060594,
                          0.511658102168076],
                         [0.49853823052112395,
                          0.5115139710656104,
                          0.4971709690674828,
                          0.5406092357292943,
                          0.5526341232101377,
                          0.556389782831689,
                          0.542039808398045,
                          0.5390117264692533],
                         [0.5115465673359143,
                          0.5091429540212815,
                          0.48637755028968516,
                          0.5029592337014972,
                          0.45768267813379093,
                          0.4878369198534159,
                          0.5141624697107506,
                          0.5263722630108528],
                         [0.47207058633726395,
                          0.5768453343521933,
                          0.5017031365790111,
                          0.47857756345310626,
                          0.5076754150340934,
                          0.49119587116020835,
                          0.5103826131565063,
                          0.5005167852211458],
                         [0.4499470656024417,
                          0.5272470716853582,
                          0.5032748036294773,
                          0.47397235346416833,
                          0.45952190086013683,
                          0.47971282186122505,
                          0.4822365207411163,
                          0.5112112133910297],
                         [0.4751905381030248,
                          0.48688540273169895,
                          0.5236298294864256,
                          0.5300961470202507,
                          0.45772848964028123,
                          0.4933329295414962,
                          0.5534194631821364,
                          0.5033810706798347],
                         [0.5084247533521491,
                          0.5529194270670643,
                          0.4971388935843773,
                          0.5181935097542966,
                          0.5258405885718282,
                          0.4874683699023089,
                          0.49378027140744934,
                          0.47927147857762703]]},
            {'activation': 'sigmoid',
             'bias': [-0.027618690285702935,
                      0.026071794437471735,
                      0.0007688940868999499,
                      0.016646810257192404,
                      0.024990560007021972],
             'name': 'output',
             'neurons': [],
             'num_neurons': 5,
             'weights': [[0.46452125813240985,
                          0.49410738792515174,
                          0.5326336300150524,
                          0.49118788932814256,
                          0.4995837610943485,
                          0.49802702020177964],
                         [0.523924044574458,
                          0.5185107056784095,
                          0.464093125779682,
                          0.5031313140849437,
                          0.49449715426028545,
                          0.4896746451406824],
                         [0.5078002183072561,
                          0.5085716521690669,
                          0.4634469082239366,
                          0.5133461859773243,
                          0.5362692950095845,
                          0.48847276978436893],
                         [0.5179625391540037,
                          0.4770361716070665,
                          0.5089809172733274,
                          0.4879679209990433,
                          0.4819661370268973,
                          0.4900397369572779],
                         [0.4997630679606101,
                          0.5152804043182225,
                          0.4694277454529881,
                          0.5461342240191511,
                          0.49287861945312306,
                          0.4888184886772237],
                         [0.522193672304665,
                          0.5165548696424156,
                          0.48303009881104114,
                          0.46219636107853923,
                          0.48498322299398383,
                          0.4628244754779503]]}]}
{'generation': 57,
 'inputs': [],
 'layers': [{'activation': 'sigmoid',
             'bias': [-0.03669853639312928,
                      0.04714790845283897,
                      -0.03235043182577991,
                      -0.003989557499551726,
                      0.009500493471122634,
                      -0.011720641014123435,
                      0.0024604102042862196,
                      -0.038270874128191905],
             'name': 'input',
             'neurons': [<gameplay.Neuron object at 0x7fb083e3e828>,
                         <gameplay.Neuron object at 0x7fb083e3e7f0>,
                         <gameplay.Neuron object at 0x7fb083e3e208>,
                         <gameplay.Neuron object at 0x7fb083e3eb38>,
                         <gameplay.Neuron object at 0x7fb083e3ebe0>,
                         <gameplay.Neuron object at 0x7fb083e3eb70>,
                         <gameplay.Neuron object at 0x7fb083e3ec88>,
                         <gameplay.Neuron object at 0x7fb083e3ecc0>],
             'num_neurons': 8,
             'weights': [[0.43922690025421685,
                          0.5127099712586655,
                          0.5041702248883488,
                          0.46948289670828713,
                          0.5056838730962557,
                          0.4930511367521633,
                          0.5512779754949396,
                          0.489628320800484,
                          0.4997164668784317,
                          0.5343613099456279],
                         [0.47009352677526606,
                          0.4911153033648857,
                          0.5383175834193583,
                          0.5178038592851895,
                          0.5126173860615558,
                          0.485857772965829,
                          0.4748818542860869,
                          0.47974005478052834,
                          0.526901612042596,
                          0.5140645350757231],
                         [0.5475923796594081,
                          0.47665399644271644,
                          0.49493725453194765,
                          0.4883534595661274,
                          0.49244375299966836,
                          0.5198003758766603,
                          0.5011323457853455,
                          0.48054761246395206,
                          0.4723032586306083,
                          0.4952141949578484],
                         [0.5049613889231295,
                          0.46961626141172513,
                          0.5047706435325315,
                          0.4243195857022379,
                          0.4439069560289735,
                          0.5378912483995566,
                          0.5045806875464638,
                          0.48547099492837276,
                          0.5175312208244952,
                          0.5123595010553069],
                         [0.494346479292115,
                          0.4919751447125999,
                          0.4953390142455694,
                          0.45851710697479175,
                          0.5324470157976503,
                          0.4990754591992529,
                          0.5069924861890872,
                          0.48324287479182193,
                          0.4863118547636616,
                          0.5360019107752454],
                         [0.5031690855206195,
                          0.5024890001037775,
                          0.49878981256392646,
                          0.5278391230675772,
                          0.4790473637053382,
                          0.46763050708867576,
                          0.5561864727153053,
                          0.45185398098761376,
                          0.4976950730287622,
                          0.4317461622077047],
                         [0.5421411030367489,
                          0.4847686568587009,
                          0.4979738518167125,
                          0.5170574605984201,
                          0.504033285332056,
                          0.49598885698054895,
                          0.5472503763310985,
                          0.4763131733992487,
                          0.5091642420857898,
                          0.4953898013876583],
                         [0.5057253469192086,
                          0.49179757647258393,
                          0.5187923000690963,
                          0.5537555221864721,
                          0.49991347230413635,
                          0.4797656183156936,
                          0.4524216934821843,
                          0.48080063433216796,
                          0.4868328730092744,
                          0.49069965858483033]]},
            {'activation': 'sigmoid',
             'bias': [-0.02280196075152106,
                      -0.019179949665813434,
                      -0.055834901554840416,
                      -0.0014046998276089784,
                      0.007025380966507377,
                      -0.04303580801743632],
             'name': 'hidden1',
             'neurons': [<gameplay.Neuron object at 0x7fb083e3ecf8>,
                         <gameplay.Neuron object at 0x7fb083e3ed30>,
                         <gameplay.Neuron object at 0x7fb083e3eda0>,
                         <gameplay.Neuron object at 0x7fb083e3ed68>,
                         <gameplay.Neuron object at 0x7fb083e3edd8>,
                         <gameplay.Neuron object at 0x7fb083e3ee48>],
             'num_neurons': 6,
             'weights': [[0.48506839537138563,
                          0.48494353220387904,
                          0.5296256269076408,
                          0.4960409997519624,
                          0.5231739618409522,
                          0.4917849719930849,
                          0.5380148054329356,
                          0.4762340137621059],
                         [0.5356304044916613,
                          0.555021880503152,
                          0.5317527548128289,
                          0.4568823631944,
                          0.4564058600660193,
                          0.5216494825309675,
                          0.47021349431060594,
                          0.511658102168076],
                         [0.49853823052112395,
                          0.5115139710656104,
                          0.4971709690674828,
                          0.5406092357292943,
                          0.5526341232101377,
                          0.556389782831689,
                          0.542039808398045,
                          0.5390117264692533],
                         [0.5115465673359143,
                          0.5091429540212815,
                          0.48637755028968516,
                          0.5029592337014972,
                          0.45768267813379093,
                          0.4878369198534159,
                          0.5141624697107506,
                          0.5263722630108528],
                         [0.47207058633726395,
                          0.5768453343521933,
                          0.5017031365790111,
                          0.47857756345310626,
                          0.5076754150340934,
                          0.49119587116020835,
                          0.5103826131565063,
                          0.5005167852211458],
                         [0.4499470656024417,
                          0.5272470716853582,
                          0.5032748036294773,
                          0.47397235346416833,
                          0.45952190086013683,
                          0.47971282186122505,
                          0.4822365207411163,
                          0.5112112133910297],
                         [0.4751905381030248,
                          0.48688540273169895,
                          0.5236298294864256,
                          0.5300961470202507,
                          0.45772848964028123,
                          0.4933329295414962,
                          0.5534194631821364,
                          0.5033810706798347],
                         [0.5084247533521491,
                          0.5529194270670643,
                          0.4971388935843773,
                          0.5181935097542966,
                          0.5258405885718282,
                          0.4874683699023089,
                          0.49378027140744934,
                          0.47927147857762703]]},
            {'activation': 'sigmoid',
             'bias': [-0.027618690285702935,
                      0.026071794437471735,
                      0.0007688940868999499,
                      0.016646810257192404,
                      0.024990560007021972],
             'name': 'output',
             'neurons': [<gameplay.Neuron object at 0x7fb083e3ee10>,
                         <gameplay.Neuron object at 0x7fb083e3ee80>,
                         <gameplay.Neuron object at 0x7fb083e3eba8>,
                         <gameplay.Neuron object at 0x7fb083e3ec18>,
                         <gameplay.Neuron object at 0x7fb083e3ec50>],
             'num_neurons': 5,
             'weights': [[0.46452125813240985,
                          0.49410738792515174,
                          0.5326336300150524,
                          0.49118788932814256,
                          0.4995837610943485,
                          0.49802702020177964],
                         [0.523924044574458,
                          0.5185107056784095,
                          0.464093125779682,
                          0.5031313140849437,
                          0.49449715426028545,
                          0.4896746451406824],
                         [0.5078002183072561,
                          0.5085716521690669,
                          0.4634469082239366,
                          0.5133461859773243,
                          0.5362692950095845,
                          0.48847276978436893],
                         [0.5179625391540037,
                          0.4770361716070665,
                          0.5089809172733274,
                          0.4879679209990433,
                          0.4819661370268973,
                          0.4900397369572779],
                         [0.4997630679606101,
                          0.5152804043182225,
                          0.4694277454529881,
                          0.5461342240191511,
                          0.49287861945312306,
                          0.4888184886772237],
                         [0.522193672304665,
                          0.5165548696424156,
                          0.48303009881104114,
                          0.46219636107853923,
                          0.48498322299398383,
                          0.4628244754779503]]}]}
load_tensorflow_graph: path = tensorflow/mario-model-simple-2019-07-17/frozen_inference_graph.pb
object_detection_graph = <tensorflow.python.framework.ops.Graph object at 0x7fb083e3ef98>
Doing start sequence
Sleeping one second
sending start
sending empty
Found black world screen for the second time. exiting.



Seconds left: 379
Moves to the right: 61
frame count: 110
time start:  1568175286.1839404,   time_now: 1568175298.148616
