pygame 1.9.6
Hello from the pygame community. https://www.pygame.org/contribute.html
Loading neural net from gameplay_neural_nets/60/10.nn
net = {'generation': 53,
 'inputs': [],
 'layers': [{'activation': 'sigmoid',
             'bias': [-0.033273178926882696,
                      0.03630561080367548,
                      -0.038212948636878845,
                      -0.003989557499551726,
                      0.009877547491678983,
                      0.0036279554358858244,
                      -0.013380285865516916,
                      -0.024507142471300182],
             'name': 'input',
             'neurons': [],
             'num_neurons': 8,
             'weights': [[0.43730532482933854,
                          0.4996262562590014,
                          0.5099268053198167,
                          0.4690393878896692,
                          0.5018925540263984,
                          0.48355360862263885,
                          0.5303890285069616,
                          0.4821892592967442,
                          0.5007570949733025,
                          0.5372574614020499],
                         [0.47657173707818573,
                          0.49923700989732717,
                          0.5311416864737059,
                          0.5066230322473115,
                          0.5121243615980456,
                          0.5098140543603471,
                          0.47683058026438807,
                          0.4754256385778051,
                          0.5274667447394004,
                          0.5042960739434564],
                         [0.556938141855952,
                          0.4904202380453605,
                          0.4898499744275143,
                          0.47889384498743887,
                          0.48563098203795463,
                          0.517466969211351,
                          0.5081612659301384,
                          0.4679335708916248,
                          0.4527780719689556,
                          0.5001236260761559],
                         [0.4952100476925396,
                          0.46326402500645275,
                          0.498111767308969,
                          0.4294514368189259,
                          0.46489132319269516,
                          0.5327406590367209,
                          0.5045806875464638,
                          0.4839010275500598,
                          0.5150331430041584,
                          0.5123400987482859],
                         [0.501361923818104,
                          0.489301998119327,
                          0.5121806823792918,
                          0.4629969600625567,
                          0.5265972139528232,
                          0.5028350947107891,
                          0.5138931151074907,
                          0.4854930359388423,
                          0.4884550457230174,
                          0.5504938573193411],
                         [0.4962896528429885,
                          0.5079100766915401,
                          0.48412358981286674,
                          0.5278391230675772,
                          0.4838158073224308,
                          0.4550825609098678,
                          0.5561864727153053,
                          0.4431456664451545,
                          0.4976950730287622,
                          0.44367778335060043],
                         [0.5405305759382043,
                          0.5105918283698814,
                          0.5022162109924261,
                          0.5019482011349108,
                          0.5170218599398029,
                          0.48702580600461604,
                          0.5472503763310985,
                          0.48121449725582094,
                          0.5112272922688766,
                          0.5075654096164175],
                         [0.5054820849804849,
                          0.4854186110193749,
                          0.5015748673119967,
                          0.5582522315246121,
                          0.5046784705542539,
                          0.4861639819745714,
                          0.4472642473839436,
                          0.47706616397879537,
                          0.48892845210842273,
                          0.47690277134781484]]},
            {'activation': 'sigmoid',
             'bias': [-0.022731529242838333,
                      0.0004841116447187599,
                      -0.044158241110593174,
                      -0.00468462875522533,
                      0.0026596161581110235,
                      -0.04303580801743632],
             'name': 'hidden1',
             'neurons': [],
             'num_neurons': 6,
             'weights': [[0.4829572901304589,
                          0.4859236383279404,
                          0.5358753773829702,
                          0.5038967729361572,
                          0.5372337023691818,
                          0.4717469119757905,
                          0.534638800493019,
                          0.49587992202343106],
                         [0.5259205358010665,
                          0.5583120215189009,
                          0.5147866124763995,
                          0.4676671632842081,
                          0.4634458135165304,
                          0.5269996826145096,
                          0.46602866745165267,
                          0.5151478947806354],
                         [0.5040334052242975,
                          0.5132444971008129,
                          0.5018941055593213,
                          0.5189225464724613,
                          0.5405378614321152,
                          0.5582498836957422,
                          0.5353493877715407,
                          0.5351882538142292],
                         [0.5130298360804684,
                          0.5052292476998292,
                          0.4805624575759456,
                          0.4955650538523342,
                          0.4674928008519698,
                          0.4956421123454856,
                          0.5073250876916084,
                          0.5163897060652939],
                         [0.47295261265869243,
                          0.5604414538283964,
                          0.5089096365108704,
                          0.47703633892903263,
                          0.492969028186453,
                          0.5010896377457126,
                          0.5148647203398345,
                          0.5100683810803274],
                         [0.448971936233917,
                          0.5181122631396559,
                          0.4887631500645502,
                          0.4861443548966481,
                          0.460545282766166,
                          0.4872619655046435,
                          0.4864944075561179,
                          0.5153577749290169],
                         [0.46357686516832797,
                          0.48474727678857044,
                          0.5295071404434282,
                          0.5182755352883944,
                          0.4637680788994633,
                          0.49264380973040106,
                          0.5370969425548255,
                          0.4849082839974559],
                         [0.48887523705888314,
                          0.5574228436678489,
                          0.4877827677796042,
                          0.5181935097542966,
                          0.5312332321373361,
                          0.49742546334325566,
                          0.4882112215249,
                          0.48198170333847495]]},
            {'activation': 'sigmoid',
             'bias': [-0.027618690285702935,
                      0.024856331125609275,
                      -0.006259952905544595,
                      0.028011449876830144,
                      0.022556980623462872],
             'name': 'output',
             'neurons': [],
             'num_neurons': 5,
             'weights': [[0.4753947484172492,
                          0.49914989618902145,
                          0.5341792811926008,
                          0.4925952555101469,
                          0.4955119832006649,
                          0.4873075630638256],
                         [0.521238459460469,
                          0.5281068839495605,
                          0.4631092344676537,
                          0.4901937395848226,
                          0.5110413573182895,
                          0.4973158496513514],
                         [0.5012296524813457,
                          0.49713865332436885,
                          0.4634469082239366,
                          0.5159627349260865,
                          0.5401051165874007,
                          0.47678619506967224],
                         [0.5037307827203621,
                          0.4719985811012122,
                          0.5039102003923844,
                          0.4879679209990433,
                          0.48728421167216535,
                          0.5052579641088643],
                         [0.5039692285761117,
                          0.5099674822100586,
                          0.45946309528078766,
                          0.5399260797575187,
                          0.49237906880577137,
                          0.4975527623659905],
                         [0.5017579366679933,
                          0.5147364602363201,
                          0.4924733692931247,
                          0.46545438284800944,
                          0.49332742950219355,
                          0.46811646258412415]]}]}
{'generation': 53,
 'inputs': [],
 'layers': [{'activation': 'sigmoid',
             'bias': [-0.033273178926882696,
                      0.03630561080367548,
                      -0.038212948636878845,
                      -0.003989557499551726,
                      0.009877547491678983,
                      0.0036279554358858244,
                      -0.013380285865516916,
                      -0.024507142471300182],
             'name': 'input',
             'neurons': [<gameplay.Neuron object at 0x7f3bd126e828>,
                         <gameplay.Neuron object at 0x7f3bd126e7f0>,
                         <gameplay.Neuron object at 0x7f3bd126e208>,
                         <gameplay.Neuron object at 0x7f3bd126eb38>,
                         <gameplay.Neuron object at 0x7f3bd126ebe0>,
                         <gameplay.Neuron object at 0x7f3bd126eb70>,
                         <gameplay.Neuron object at 0x7f3bd126ec88>,
                         <gameplay.Neuron object at 0x7f3bd126ecc0>],
             'num_neurons': 8,
             'weights': [[0.43730532482933854,
                          0.4996262562590014,
                          0.5099268053198167,
                          0.4690393878896692,
                          0.5018925540263984,
                          0.48355360862263885,
                          0.5303890285069616,
                          0.4821892592967442,
                          0.5007570949733025,
                          0.5372574614020499],
                         [0.47657173707818573,
                          0.49923700989732717,
                          0.5311416864737059,
                          0.5066230322473115,
                          0.5121243615980456,
                          0.5098140543603471,
                          0.47683058026438807,
                          0.4754256385778051,
                          0.5274667447394004,
                          0.5042960739434564],
                         [0.556938141855952,
                          0.4904202380453605,
                          0.4898499744275143,
                          0.47889384498743887,
                          0.48563098203795463,
                          0.517466969211351,
                          0.5081612659301384,
                          0.4679335708916248,
                          0.4527780719689556,
                          0.5001236260761559],
                         [0.4952100476925396,
                          0.46326402500645275,
                          0.498111767308969,
                          0.4294514368189259,
                          0.46489132319269516,
                          0.5327406590367209,
                          0.5045806875464638,
                          0.4839010275500598,
                          0.5150331430041584,
                          0.5123400987482859],
                         [0.501361923818104,
                          0.489301998119327,
                          0.5121806823792918,
                          0.4629969600625567,
                          0.5265972139528232,
                          0.5028350947107891,
                          0.5138931151074907,
                          0.4854930359388423,
                          0.4884550457230174,
                          0.5504938573193411],
                         [0.4962896528429885,
                          0.5079100766915401,
                          0.48412358981286674,
                          0.5278391230675772,
                          0.4838158073224308,
                          0.4550825609098678,
                          0.5561864727153053,
                          0.4431456664451545,
                          0.4976950730287622,
                          0.44367778335060043],
                         [0.5405305759382043,
                          0.5105918283698814,
                          0.5022162109924261,
                          0.5019482011349108,
                          0.5170218599398029,
                          0.48702580600461604,
                          0.5472503763310985,
                          0.48121449725582094,
                          0.5112272922688766,
                          0.5075654096164175],
                         [0.5054820849804849,
                          0.4854186110193749,
                          0.5015748673119967,
                          0.5582522315246121,
                          0.5046784705542539,
                          0.4861639819745714,
                          0.4472642473839436,
                          0.47706616397879537,
                          0.48892845210842273,
                          0.47690277134781484]]},
            {'activation': 'sigmoid',
             'bias': [-0.022731529242838333,
                      0.0004841116447187599,
                      -0.044158241110593174,
                      -0.00468462875522533,
                      0.0026596161581110235,
                      -0.04303580801743632],
             'name': 'hidden1',
             'neurons': [<gameplay.Neuron object at 0x7f3bd126ecf8>,
                         <gameplay.Neuron object at 0x7f3bd126ed30>,
                         <gameplay.Neuron object at 0x7f3bd126eda0>,
                         <gameplay.Neuron object at 0x7f3bd126ed68>,
                         <gameplay.Neuron object at 0x7f3bd126edd8>,
                         <gameplay.Neuron object at 0x7f3bd126ee48>],
             'num_neurons': 6,
             'weights': [[0.4829572901304589,
                          0.4859236383279404,
                          0.5358753773829702,
                          0.5038967729361572,
                          0.5372337023691818,
                          0.4717469119757905,
                          0.534638800493019,
                          0.49587992202343106],
                         [0.5259205358010665,
                          0.5583120215189009,
                          0.5147866124763995,
                          0.4676671632842081,
                          0.4634458135165304,
                          0.5269996826145096,
                          0.46602866745165267,
                          0.5151478947806354],
                         [0.5040334052242975,
                          0.5132444971008129,
                          0.5018941055593213,
                          0.5189225464724613,
                          0.5405378614321152,
                          0.5582498836957422,
                          0.5353493877715407,
                          0.5351882538142292],
                         [0.5130298360804684,
                          0.5052292476998292,
                          0.4805624575759456,
                          0.4955650538523342,
                          0.4674928008519698,
                          0.4956421123454856,
                          0.5073250876916084,
                          0.5163897060652939],
                         [0.47295261265869243,
                          0.5604414538283964,
                          0.5089096365108704,
                          0.47703633892903263,
                          0.492969028186453,
                          0.5010896377457126,
                          0.5148647203398345,
                          0.5100683810803274],
                         [0.448971936233917,
                          0.5181122631396559,
                          0.4887631500645502,
                          0.4861443548966481,
                          0.460545282766166,
                          0.4872619655046435,
                          0.4864944075561179,
                          0.5153577749290169],
                         [0.46357686516832797,
                          0.48474727678857044,
                          0.5295071404434282,
                          0.5182755352883944,
                          0.4637680788994633,
                          0.49264380973040106,
                          0.5370969425548255,
                          0.4849082839974559],
                         [0.48887523705888314,
                          0.5574228436678489,
                          0.4877827677796042,
                          0.5181935097542966,
                          0.5312332321373361,
                          0.49742546334325566,
                          0.4882112215249,
                          0.48198170333847495]]},
            {'activation': 'sigmoid',
             'bias': [-0.027618690285702935,
                      0.024856331125609275,
                      -0.006259952905544595,
                      0.028011449876830144,
                      0.022556980623462872],
             'name': 'output',
             'neurons': [<gameplay.Neuron object at 0x7f3bd126ee10>,
                         <gameplay.Neuron object at 0x7f3bd126ee80>,
                         <gameplay.Neuron object at 0x7f3bd126eba8>,
                         <gameplay.Neuron object at 0x7f3bd126ec18>,
                         <gameplay.Neuron object at 0x7f3bd126ec50>],
             'num_neurons': 5,
             'weights': [[0.4753947484172492,
                          0.49914989618902145,
                          0.5341792811926008,
                          0.4925952555101469,
                          0.4955119832006649,
                          0.4873075630638256],
                         [0.521238459460469,
                          0.5281068839495605,
                          0.4631092344676537,
                          0.4901937395848226,
                          0.5110413573182895,
                          0.4973158496513514],
                         [0.5012296524813457,
                          0.49713865332436885,
                          0.4634469082239366,
                          0.5159627349260865,
                          0.5401051165874007,
                          0.47678619506967224],
                         [0.5037307827203621,
                          0.4719985811012122,
                          0.5039102003923844,
                          0.4879679209990433,
                          0.48728421167216535,
                          0.5052579641088643],
                         [0.5039692285761117,
                          0.5099674822100586,
                          0.45946309528078766,
                          0.5399260797575187,
                          0.49237906880577137,
                          0.4975527623659905],
                         [0.5017579366679933,
                          0.5147364602363201,
                          0.4924733692931247,
                          0.46545438284800944,
                          0.49332742950219355,
                          0.46811646258412415]]}]}
load_tensorflow_graph: path = tensorflow/mario-model-simple-2019-07-17/frozen_inference_graph.pb
object_detection_graph = <tensorflow.python.framework.ops.Graph object at 0x7f3bd126ef98>
Doing start sequence
Sleeping one second
sending start
sending empty
Found black world screen for the second time. exiting.



Seconds left: 1
Moves to the right: 5
frame count: 1599
time start:  1568172365.319407,   time_now: 1568172505.4134283
