pygame 1.9.6
Hello from the pygame community. https://www.pygame.org/contribute.html
Loading neural net from gameplay_neural_nets/60/7.nn
net = {'generation': 53,
 'inputs': [],
 'layers': [{'activation': 'sigmoid',
             'bias': [-0.033273178926882696,
                      0.03630561080367548,
                      -0.031162058376971197,
                      -0.003989557499551726,
                      0.0027874938651153165,
                      0.0036279554358858244,
                      -0.013956178564812188,
                      -0.024507142471300182],
             'name': 'input',
             'neurons': [],
             'num_neurons': 8,
             'weights': [[0.4413274882944735,
                          0.5016420459190419,
                          0.5099268053198167,
                          0.46692712441699985,
                          0.5018925540263984,
                          0.4785407239874303,
                          0.5303890285069616,
                          0.4821892592967442,
                          0.5007570949733025,
                          0.5472002771384312],
                         [0.47657173707818573,
                          0.49923700989732717,
                          0.529774801305147,
                          0.5032707796654013,
                          0.5121243615980456,
                          0.5039335299018288,
                          0.47348629785869545,
                          0.4754256385778051,
                          0.5274667447394004,
                          0.5115261704368462],
                         [0.5630623533806798,
                          0.4850509729779017,
                          0.4898499744275143,
                          0.47889384498743887,
                          0.4905981948387835,
                          0.517466969211351,
                          0.5081612659301384,
                          0.4679335708916248,
                          0.4505691077869533,
                          0.5005922479254783],
                         [0.4981864823972398,
                          0.46326402500645275,
                          0.4958443309756131,
                          0.4304108229960592,
                          0.46489132319269516,
                          0.5343716937581324,
                          0.4956272366182871,
                          0.4839010275500598,
                          0.5150331430041584,
                          0.5123595010553069],
                         [0.501361923818104,
                          0.49867100431937533,
                          0.5248685056865645,
                          0.4629969600625567,
                          0.5280084924822319,
                          0.5028350947107891,
                          0.5053442333461292,
                          0.4946068874703525,
                          0.4863118547636616,
                          0.5438157907807788],
                         [0.4962896528429885,
                          0.5032181624201516,
                          0.47964451883190984,
                          0.5278391230675772,
                          0.4838158073224308,
                          0.4645569687171511,
                          0.5561864727153053,
                          0.4369188954036277,
                          0.4976950730287622,
                          0.436133132717529],
                         [0.5492156826852646,
                          0.5105918283698814,
                          0.5022162109924261,
                          0.49489389809264583,
                          0.5129477692752152,
                          0.49141000671373514,
                          0.5472503763310985,
                          0.48121449725582094,
                          0.5112272922688766,
                          0.506973520679104],
                         [0.5077336081276644,
                          0.49495054719689585,
                          0.5031725815175027,
                          0.5497852504276203,
                          0.5046784705542539,
                          0.4861639819745714,
                          0.4472642473839436,
                          0.4717920189099168,
                          0.4881645052710819,
                          0.47690277134781484]]},
            {'activation': 'sigmoid',
             'bias': [-0.022731529242838333,
                      -0.008209122264165787,
                      -0.049050335028384545,
                      -0.012884149983996332,
                      0.006142953308684739,
                      -0.04303580801743632],
             'name': 'hidden1',
             'neurons': [],
             'num_neurons': 6,
             'weights': [[0.4833513741724647,
                          0.4859236383279404,
                          0.527693044847156,
                          0.5010943245085838,
                          0.5372337023691818,
                          0.4717469119757905,
                          0.5262731038142698,
                          0.4868799312671591],
                         [0.5315358686013989,
                          0.5665583349130796,
                          0.5097862737035165,
                          0.4676671632842081,
                          0.4634458135165304,
                          0.5269996826145096,
                          0.46602866745165267,
                          0.5061863725505193],
                         [0.5040334052242975,
                          0.5132444971008129,
                          0.5018941055593213,
                          0.5174381408450422,
                          0.5459640213896775,
                          0.5495974392745555,
                          0.5309344438216116,
                          0.5351882538142292],
                         [0.503205439992465,
                          0.5038805996283989,
                          0.4805624575759456,
                          0.4979647429085624,
                          0.4674928008519698,
                          0.4932461649421547,
                          0.5073250876916084,
                          0.5095340249049791],
                         [0.47295261265869243,
                          0.5541042190011078,
                          0.5016153148262951,
                          0.47703633892903263,
                          0.5010513996319783,
                          0.5087471013274788,
                          0.5145352812398606,
                          0.5100683810803274],
                         [0.448971936233917,
                          0.5181122631396559,
                          0.4854956794054859,
                          0.4861443548966481,
                          0.460545282766166,
                          0.4942778874514375,
                          0.48876246044769944,
                          0.5153577749290169],
                         [0.47249491676812216,
                          0.48863816549130207,
                          0.5295071404434282,
                          0.5310952880357928,
                          0.47545986946055796,
                          0.49264380973040106,
                          0.5370969425548255,
                          0.4957948182353531],
                         [0.4916473525614077,
                          0.5574228436678489,
                          0.4891080552357424,
                          0.5111308135147287,
                          0.5312332321373361,
                          0.49742546334325566,
                          0.4882112215249,
                          0.48198170333847495]]},
            {'activation': 'sigmoid',
             'bias': [-0.023635559803573014,
                      0.024856331125609275,
                      -0.00942331279103059,
                      0.021952123853757326,
                      0.023941846796590577],
             'name': 'output',
             'neurons': [],
             'num_neurons': 5,
             'weights': [[0.4837631768292223,
                          0.5036207862763988,
                          0.5273403582961653,
                          0.49972778992277006,
                          0.4955119832006649,
                          0.4875071083887522],
                         [0.5308415717192951,
                          0.5202378834249227,
                          0.4643032960452151,
                          0.49405101267190726,
                          0.5110413573182895,
                          0.4896746451406824],
                         [0.5012296524813457,
                          0.4991845353876047,
                          0.46885114565418157,
                          0.5159627349260865,
                          0.5396205129455613,
                          0.4743598313261775],
                         [0.5041363360290609,
                          0.4637325274311327,
                          0.5024510116049045,
                          0.4828902383899921,
                          0.48728421167216535,
                          0.5011015663412756],
                         [0.5039692285761117,
                          0.5184293066697299,
                          0.4544231882935235,
                          0.5581574139951806,
                          0.5002749363701317,
                          0.4975527623659905],
                         [0.5017579366679933,
                          0.5165396233852643,
                          0.4924733692931247,
                          0.46409736670385515,
                          0.48961342687648424,
                          0.46424016736192636]]}]}
{'generation': 53,
 'inputs': [],
 'layers': [{'activation': 'sigmoid',
             'bias': [-0.033273178926882696,
                      0.03630561080367548,
                      -0.031162058376971197,
                      -0.003989557499551726,
                      0.0027874938651153165,
                      0.0036279554358858244,
                      -0.013956178564812188,
                      -0.024507142471300182],
             'name': 'input',
             'neurons': [<gameplay.Neuron object at 0x7f4ee9fba828>,
                         <gameplay.Neuron object at 0x7f4ee9fba7f0>,
                         <gameplay.Neuron object at 0x7f4ee9fba208>,
                         <gameplay.Neuron object at 0x7f4ee9fbab38>,
                         <gameplay.Neuron object at 0x7f4ee9fbabe0>,
                         <gameplay.Neuron object at 0x7f4ee9fbab70>,
                         <gameplay.Neuron object at 0x7f4ee9fbac88>,
                         <gameplay.Neuron object at 0x7f4ee9fbacc0>],
             'num_neurons': 8,
             'weights': [[0.4413274882944735,
                          0.5016420459190419,
                          0.5099268053198167,
                          0.46692712441699985,
                          0.5018925540263984,
                          0.4785407239874303,
                          0.5303890285069616,
                          0.4821892592967442,
                          0.5007570949733025,
                          0.5472002771384312],
                         [0.47657173707818573,
                          0.49923700989732717,
                          0.529774801305147,
                          0.5032707796654013,
                          0.5121243615980456,
                          0.5039335299018288,
                          0.47348629785869545,
                          0.4754256385778051,
                          0.5274667447394004,
                          0.5115261704368462],
                         [0.5630623533806798,
                          0.4850509729779017,
                          0.4898499744275143,
                          0.47889384498743887,
                          0.4905981948387835,
                          0.517466969211351,
                          0.5081612659301384,
                          0.4679335708916248,
                          0.4505691077869533,
                          0.5005922479254783],
                         [0.4981864823972398,
                          0.46326402500645275,
                          0.4958443309756131,
                          0.4304108229960592,
                          0.46489132319269516,
                          0.5343716937581324,
                          0.4956272366182871,
                          0.4839010275500598,
                          0.5150331430041584,
                          0.5123595010553069],
                         [0.501361923818104,
                          0.49867100431937533,
                          0.5248685056865645,
                          0.4629969600625567,
                          0.5280084924822319,
                          0.5028350947107891,
                          0.5053442333461292,
                          0.4946068874703525,
                          0.4863118547636616,
                          0.5438157907807788],
                         [0.4962896528429885,
                          0.5032181624201516,
                          0.47964451883190984,
                          0.5278391230675772,
                          0.4838158073224308,
                          0.4645569687171511,
                          0.5561864727153053,
                          0.4369188954036277,
                          0.4976950730287622,
                          0.436133132717529],
                         [0.5492156826852646,
                          0.5105918283698814,
                          0.5022162109924261,
                          0.49489389809264583,
                          0.5129477692752152,
                          0.49141000671373514,
                          0.5472503763310985,
                          0.48121449725582094,
                          0.5112272922688766,
                          0.506973520679104],
                         [0.5077336081276644,
                          0.49495054719689585,
                          0.5031725815175027,
                          0.5497852504276203,
                          0.5046784705542539,
                          0.4861639819745714,
                          0.4472642473839436,
                          0.4717920189099168,
                          0.4881645052710819,
                          0.47690277134781484]]},
            {'activation': 'sigmoid',
             'bias': [-0.022731529242838333,
                      -0.008209122264165787,
                      -0.049050335028384545,
                      -0.012884149983996332,
                      0.006142953308684739,
                      -0.04303580801743632],
             'name': 'hidden1',
             'neurons': [<gameplay.Neuron object at 0x7f4ee9fbacf8>,
                         <gameplay.Neuron object at 0x7f4ee9fbad30>,
                         <gameplay.Neuron object at 0x7f4ee9fbada0>,
                         <gameplay.Neuron object at 0x7f4ee9fbad68>,
                         <gameplay.Neuron object at 0x7f4ee9fbadd8>,
                         <gameplay.Neuron object at 0x7f4ee9fbae48>],
             'num_neurons': 6,
             'weights': [[0.4833513741724647,
                          0.4859236383279404,
                          0.527693044847156,
                          0.5010943245085838,
                          0.5372337023691818,
                          0.4717469119757905,
                          0.5262731038142698,
                          0.4868799312671591],
                         [0.5315358686013989,
                          0.5665583349130796,
                          0.5097862737035165,
                          0.4676671632842081,
                          0.4634458135165304,
                          0.5269996826145096,
                          0.46602866745165267,
                          0.5061863725505193],
                         [0.5040334052242975,
                          0.5132444971008129,
                          0.5018941055593213,
                          0.5174381408450422,
                          0.5459640213896775,
                          0.5495974392745555,
                          0.5309344438216116,
                          0.5351882538142292],
                         [0.503205439992465,
                          0.5038805996283989,
                          0.4805624575759456,
                          0.4979647429085624,
                          0.4674928008519698,
                          0.4932461649421547,
                          0.5073250876916084,
                          0.5095340249049791],
                         [0.47295261265869243,
                          0.5541042190011078,
                          0.5016153148262951,
                          0.47703633892903263,
                          0.5010513996319783,
                          0.5087471013274788,
                          0.5145352812398606,
                          0.5100683810803274],
                         [0.448971936233917,
                          0.5181122631396559,
                          0.4854956794054859,
                          0.4861443548966481,
                          0.460545282766166,
                          0.4942778874514375,
                          0.48876246044769944,
                          0.5153577749290169],
                         [0.47249491676812216,
                          0.48863816549130207,
                          0.5295071404434282,
                          0.5310952880357928,
                          0.47545986946055796,
                          0.49264380973040106,
                          0.5370969425548255,
                          0.4957948182353531],
                         [0.4916473525614077,
                          0.5574228436678489,
                          0.4891080552357424,
                          0.5111308135147287,
                          0.5312332321373361,
                          0.49742546334325566,
                          0.4882112215249,
                          0.48198170333847495]]},
            {'activation': 'sigmoid',
             'bias': [-0.023635559803573014,
                      0.024856331125609275,
                      -0.00942331279103059,
                      0.021952123853757326,
                      0.023941846796590577],
             'name': 'output',
             'neurons': [<gameplay.Neuron object at 0x7f4ee9fbae10>,
                         <gameplay.Neuron object at 0x7f4ee9fbae80>,
                         <gameplay.Neuron object at 0x7f4ee9fbaba8>,
                         <gameplay.Neuron object at 0x7f4ee9fbac18>,
                         <gameplay.Neuron object at 0x7f4ee9fbac50>],
             'num_neurons': 5,
             'weights': [[0.4837631768292223,
                          0.5036207862763988,
                          0.5273403582961653,
                          0.49972778992277006,
                          0.4955119832006649,
                          0.4875071083887522],
                         [0.5308415717192951,
                          0.5202378834249227,
                          0.4643032960452151,
                          0.49405101267190726,
                          0.5110413573182895,
                          0.4896746451406824],
                         [0.5012296524813457,
                          0.4991845353876047,
                          0.46885114565418157,
                          0.5159627349260865,
                          0.5396205129455613,
                          0.4743598313261775],
                         [0.5041363360290609,
                          0.4637325274311327,
                          0.5024510116049045,
                          0.4828902383899921,
                          0.48728421167216535,
                          0.5011015663412756],
                         [0.5039692285761117,
                          0.5184293066697299,
                          0.4544231882935235,
                          0.5581574139951806,
                          0.5002749363701317,
                          0.4975527623659905],
                         [0.5017579366679933,
                          0.5165396233852643,
                          0.4924733692931247,
                          0.46409736670385515,
                          0.48961342687648424,
                          0.46424016736192636]]}]}
load_tensorflow_graph: path = tensorflow/mario-model-simple-2019-07-17/frozen_inference_graph.pb
object_detection_graph = <tensorflow.python.framework.ops.Graph object at 0x7f4ee9fbaf98>
Doing start sequence
Sleeping one second
sending start
sending empty
Found black world screen for the second time. exiting.



Seconds left: 355
Moves to the right: 104
frame count: 192
time start:  1568172653.56643,   time_now: 1568172673.723563
