pygame 1.9.6
Hello from the pygame community. https://www.pygame.org/contribute.html
Loading neural net from gameplay_neural_nets/19/10.nn
net = {'generation': 19,
 'inputs': [],
 'layers': [{'activation': 'sigmoid',
             'bias': [0.0048554607985848855,
                      -0.022998378037254262,
                      -0.004234735054415932,
                      -0.005285558956291046,
                      0.007888755761114252,
                      -0.0073619044850753365,
                      0.012071942749992239,
                      -0.01225505929621189],
             'name': 'input',
             'neurons': [],
             'num_neurons': 8,
             'weights': [[0.3870515828425432,
                          0.3979721525257428,
                          0.10488358769578804,
                          0.1295062650838014,
                          0.10826327472067612,
                          0.09962090421103875,
                          0.09927693251538688,
                          0.12253157649063588,
                          0.09118187245312684,
                          0.08498780355162527],
                         [0.40010753041017727,
                          0.40086054736790544,
                          0.1117876305738338,
                          0.11129852573840433,
                          0.08760088982842056,
                          0.09739027902622673,
                          0.08219833827030412,
                          0.1,
                          0.10877690892505557,
                          0.09721385356532268],
                         [0.3816074441057644,
                          0.39532762771495716,
                          0.10776935392155083,
                          0.07299262115690384,
                          0.08901637645323376,
                          0.1119578737049475,
                          0.08020195267443664,
                          0.08589617860892314,
                          0.10406405128079863,
                          0.0970473628837594],
                         [0.38958601539861465,
                          0.3962626504567643,
                          0.10120700858436271,
                          0.10522209055980758,
                          0.0829547578113145,
                          0.09769857903979517,
                          0.11490067141391608,
                          0.1030805373260012,
                          0.0917403249052702,
                          0.11138049500549342],
                         [0.3908884113669964,
                          0.4195184097118762,
                          0.09183163790798177,
                          0.10807913784172274,
                          0.09725616019417216,
                          0.07949390812592418,
                          0.10744852399721408,
                          0.12824237083807974,
                          0.08786646501860057,
                          0.09077184614913157],
                         [0.38843800098198217,
                          0.39022067790703496,
                          0.0891955121476987,
                          0.09064055551310508,
                          0.11812981410147899,
                          0.09368088816215904,
                          0.10909371902575818,
                          0.10162622498949837,
                          0.10096621750041836,
                          0.1207824193639299],
                         [0.38369260623116186,
                          0.3955275075957854,
                          0.10928928696161377,
                          0.08343776133590675,
                          0.1,
                          0.09555187764338981,
                          0.10937468505304036,
                          0.11787276412764319,
                          0.08333582157409664,
                          0.06836680220365524],
                         [0.3939797863544843,
                          0.39960363512828107,
                          0.10584785174439208,
                          0.06544079100288913,
                          0.10730825953404619,
                          0.09188473034231569,
                          0.09439883404413928,
                          0.11010387205021693,
                          0.08945816334449042,
                          0.09801523254110076]]},
            {'activation': 'sigmoid',
             'bias': [-0.010905519242265854,
                      0.027349434081256903,
                      0.0003747021955754874,
                      0.03169061441753417,
                      0.033327749282301526],
             'name': 'output',
             'neurons': [],
             'num_neurons': 5,
             'weights': [[0.09461851104683569,
                          0.09923468143894024,
                          0.09859774320743489,
                          0.0916599245905919,
                          0.10777954970983834,
                          0.11209363914433612,
                          0.10419301557592078,
                          0.09483065381836564],
                         [0.09115983286782886,
                          0.10787920898922822,
                          0.08954526732984544,
                          0.11177285031692401,
                          0.10377200674171469,
                          0.10652198939998798,
                          0.08806927513572119,
                          0.12284550935894413],
                         [0.12143112783382579,
                          0.09680317199678985,
                          0.1083681013742307,
                          0.10462388637492942,
                          0.10133122054180298,
                          0.10192375533268361,
                          0.09400524134016315,
                          0.10431996792049897],
                         [0.0939315240068717,
                          0.09074199689568554,
                          0.10832795833604825,
                          0.10346829905307037,
                          0.09802137992338396,
                          0.10739851754438534,
                          0.10175970824092373,
                          0.10850359390865805],
                         [0.10756698861027185,
                          0.08836579264519112,
                          0.11761904628379326,
                          0.0798060988460265,
                          0.119508281757187,
                          0.09751978380701089,
                          0.10522720721231685,
                          0.09978056059343055],
                         [0.10607974269008826,
                          0.0909695237612988,
                          0.11951471940168452,
                          0.1,
                          0.08510233642549558,
                          0.1117005681666436,
                          0.10627561556396342,
                          0.10125481418973209]]}]}
{'generation': 19,
 'inputs': [],
 'layers': [{'activation': 'sigmoid',
             'bias': [0.0048554607985848855,
                      -0.022998378037254262,
                      -0.004234735054415932,
                      -0.005285558956291046,
                      0.007888755761114252,
                      -0.0073619044850753365,
                      0.012071942749992239,
                      -0.01225505929621189],
             'name': 'input',
             'neurons': [<gameplay.Neuron object at 0x7f353bc80898>,
                         <gameplay.Neuron object at 0x7f353bc80860>,
                         <gameplay.Neuron object at 0x7f353bc80278>,
                         <gameplay.Neuron object at 0x7f353bc80b38>,
                         <gameplay.Neuron object at 0x7f353bc80be0>,
                         <gameplay.Neuron object at 0x7f353bc80b70>,
                         <gameplay.Neuron object at 0x7f353bc80c88>,
                         <gameplay.Neuron object at 0x7f353bc80cc0>],
             'num_neurons': 8,
             'weights': [[0.3870515828425432,
                          0.3979721525257428,
                          0.10488358769578804,
                          0.1295062650838014,
                          0.10826327472067612,
                          0.09962090421103875,
                          0.09927693251538688,
                          0.12253157649063588,
                          0.09118187245312684,
                          0.08498780355162527],
                         [0.40010753041017727,
                          0.40086054736790544,
                          0.1117876305738338,
                          0.11129852573840433,
                          0.08760088982842056,
                          0.09739027902622673,
                          0.08219833827030412,
                          0.1,
                          0.10877690892505557,
                          0.09721385356532268],
                         [0.3816074441057644,
                          0.39532762771495716,
                          0.10776935392155083,
                          0.07299262115690384,
                          0.08901637645323376,
                          0.1119578737049475,
                          0.08020195267443664,
                          0.08589617860892314,
                          0.10406405128079863,
                          0.0970473628837594],
                         [0.38958601539861465,
                          0.3962626504567643,
                          0.10120700858436271,
                          0.10522209055980758,
                          0.0829547578113145,
                          0.09769857903979517,
                          0.11490067141391608,
                          0.1030805373260012,
                          0.0917403249052702,
                          0.11138049500549342],
                         [0.3908884113669964,
                          0.4195184097118762,
                          0.09183163790798177,
                          0.10807913784172274,
                          0.09725616019417216,
                          0.07949390812592418,
                          0.10744852399721408,
                          0.12824237083807974,
                          0.08786646501860057,
                          0.09077184614913157],
                         [0.38843800098198217,
                          0.39022067790703496,
                          0.0891955121476987,
                          0.09064055551310508,
                          0.11812981410147899,
                          0.09368088816215904,
                          0.10909371902575818,
                          0.10162622498949837,
                          0.10096621750041836,
                          0.1207824193639299],
                         [0.38369260623116186,
                          0.3955275075957854,
                          0.10928928696161377,
                          0.08343776133590675,
                          0.1,
                          0.09555187764338981,
                          0.10937468505304036,
                          0.11787276412764319,
                          0.08333582157409664,
                          0.06836680220365524],
                         [0.3939797863544843,
                          0.39960363512828107,
                          0.10584785174439208,
                          0.06544079100288913,
                          0.10730825953404619,
                          0.09188473034231569,
                          0.09439883404413928,
                          0.11010387205021693,
                          0.08945816334449042,
                          0.09801523254110076]]},
            {'activation': 'sigmoid',
             'bias': [-0.010905519242265854,
                      0.027349434081256903,
                      0.0003747021955754874,
                      0.03169061441753417,
                      0.033327749282301526],
             'name': 'output',
             'neurons': [<gameplay.Neuron object at 0x7f353bc80d30>,
                         <gameplay.Neuron object at 0x7f353bc80cf8>,
                         <gameplay.Neuron object at 0x7f353bc80da0>,
                         <gameplay.Neuron object at 0x7f353bc80dd8>,
                         <gameplay.Neuron object at 0x7f353bc80e10>],
             'num_neurons': 5,
             'weights': [[0.09461851104683569,
                          0.09923468143894024,
                          0.09859774320743489,
                          0.0916599245905919,
                          0.10777954970983834,
                          0.11209363914433612,
                          0.10419301557592078,
                          0.09483065381836564],
                         [0.09115983286782886,
                          0.10787920898922822,
                          0.08954526732984544,
                          0.11177285031692401,
                          0.10377200674171469,
                          0.10652198939998798,
                          0.08806927513572119,
                          0.12284550935894413],
                         [0.12143112783382579,
                          0.09680317199678985,
                          0.1083681013742307,
                          0.10462388637492942,
                          0.10133122054180298,
                          0.10192375533268361,
                          0.09400524134016315,
                          0.10431996792049897],
                         [0.0939315240068717,
                          0.09074199689568554,
                          0.10832795833604825,
                          0.10346829905307037,
                          0.09802137992338396,
                          0.10739851754438534,
                          0.10175970824092373,
                          0.10850359390865805],
                         [0.10756698861027185,
                          0.08836579264519112,
                          0.11761904628379326,
                          0.0798060988460265,
                          0.119508281757187,
                          0.09751978380701089,
                          0.10522720721231685,
                          0.09978056059343055],
                         [0.10607974269008826,
                          0.0909695237612988,
                          0.11951471940168452,
                          0.1,
                          0.08510233642549558,
                          0.1117005681666436,
                          0.10627561556396342,
                          0.10125481418973209]]}]}
load_tensorflow_graph: path = tensorflow/mario-model-simple-2019-07-17/frozen_inference_graph.pb
object_detection_graph = <tensorflow.python.framework.ops.Graph object at 0x7f353bc80e48>
Doing start sequence
Sleeping one second
sending start
sending empty
Found black world screen for the second time. exiting.



Seconds left: 393
Moves to the right: 21
