pygame 1.9.6
Hello from the pygame community. https://www.pygame.org/contribute.html
Loading neural net from gameplay_neural_nets/119/1.nn
net = {'generation': 107,
 'inputs': [],
 'layers': [{'activation': 'sigmoid',
             'bias': [0.015171456022483437,
                      -0.01290151648973928,
                      -0.017161932349301176,
                      -0.030611970892930215,
                      -0.008450406784437784,
                      -0.03573575703967746,
                      0.021031556519252093,
                      -0.020938792139270107],
             'name': 'input',
             'neurons': [],
             'num_neurons': 8,
             'weights': [[0.35837253655055934,
                          0.43218979416046255,
                          0.08518418235382132,
                          0.11175120023384624,
                          0.08103452998639407,
                          0.08490711962556334,
                          0.07083626910338817,
                          0.08557977409400938,
                          0.07312857264261698,
                          0.08561568296796053],
                         [0.3857699807719605,
                          0.37475501512430925,
                          0.08658440039561316,
                          0.09669399026736268,
                          0.12127356020329375,
                          0.05892855012393661,
                          0.11897680563583114,
                          0.1025437194868417,
                          0.12947209970150178,
                          0.12233312230148613],
                         [0.3740456616886317,
                          0.4333970938853744,
                          0.09893961915090296,
                          0.0588347945422347,
                          0.11878436664684115,
                          0.10143260121839563,
                          0.10125154496606487,
                          0.10409492041597183,
                          0.0906296682925628,
                          0.08658736158495847],
                         [0.3666902536588517,
                          0.38882784269314746,
                          0.10503273467970903,
                          0.12351959721483644,
                          0.049084950266517775,
                          0.08000811232262955,
                          0.08542609755137781,
                          0.13314189708313087,
                          0.11279745651335624,
                          0.11835639257279677],
                         [0.40043492434145495,
                          0.3877260014635799,
                          0.06485599074908754,
                          0.12954887149816102,
                          0.09896289350159382,
                          0.14675366955218982,
                          0.10773378422540485,
                          0.13075193073026353,
                          0.09701000433579299,
                          0.06168235724813953],
                         [0.3666090967543541,
                          0.438071972261865,
                          0.06728377658341009,
                          0.07825674455475357,
                          0.11032223461271354,
                          0.0667892725335323,
                          0.11675065673527771,
                          0.10548986396897866,
                          0.11420703360190687,
                          0.11148293533311597],
                         [0.3718845135535024,
                          0.3836379015867228,
                          0.11886449203761841,
                          0.04493826010254806,
                          0.10467079623202713,
                          0.13830832940178725,
                          0.08176571199453588,
                          0.1089209838816953,
                          0.10390412630269891,
                          0.09203564990071675],
                         [0.382083569553752,
                          0.432943108585987,
                          0.056148738029830864,
                          0.07604784621302561,
                          0.1180707239365431,
                          0.029050750695048463,
                          0.07119328565440564,
                          0.15013864563052992,
                          0.10771701136731757,
                          0.06862397224560454]]},
            {'activation': 'sigmoid',
             'bias': [-0.020872912569961294,
                      0.04658872817170994,
                      -0.014583560889731652,
                      -0.0037735805985442874,
                      0.02058617122528417],
             'name': 'output',
             'neurons': [],
             'num_neurons': 5,
             'weights': [[0.06898184067927303,
                          0.10367382121282781,
                          0.09620091138450931,
                          0.04839166370838858,
                          0.11401222106988845,
                          0.1496095124048059,
                          0.13344058372170586,
                          0.12167181729254471],
                         [0.06098895021771707,
                          0.07650375881829566,
                          0.06706793731591605,
                          0.15489714591357978,
                          0.10004019934963843,
                          0.08562265323980282,
                          0.07179224570284669,
                          0.19428958572718116],
                         [0.12006897049777131,
                          0.07939152959986268,
                          0.10321100730647847,
                          0.09074676959203154,
                          0.09764979957227517,
                          0.1103516795012253,
                          0.14034001291407455,
                          0.09288362099958901],
                         [0.11651676520609965,
                          0.06946949025875607,
                          0.12831389272973412,
                          0.06170335398524664,
                          0.15380175538616625,
                          0.10013274073367363,
                          0.10890553303074288,
                          0.09232618272071852],
                         [0.10534490907331526,
                          0.09784938115035947,
                          0.12624369530831298,
                          0.049717022173449366,
                          0.16239688199890265,
                          0.11193204710862453,
                          0.10019810603511745,
                          0.1036375498048846],
                         [0.08845899409234145,
                          0.11231721011195299,
                          0.13813877035649216,
                          0.10657888055788306,
                          0.05635263969624374,
                          0.10410008834849048,
                          0.054223908344509866,
                          0.11080416240610697]]}]}
{'generation': 107,
 'inputs': [],
 'layers': [{'activation': 'sigmoid',
             'bias': [0.015171456022483437,
                      -0.01290151648973928,
                      -0.017161932349301176,
                      -0.030611970892930215,
                      -0.008450406784437784,
                      -0.03573575703967746,
                      0.021031556519252093,
                      -0.020938792139270107],
             'name': 'input',
             'neurons': [<gameplay.Neuron object at 0x7fb465b75860>,
                         <gameplay.Neuron object at 0x7fb465b75828>,
                         <gameplay.Neuron object at 0x7fb465b75240>,
                         <gameplay.Neuron object at 0x7fb465b75b00>,
                         <gameplay.Neuron object at 0x7fb465b75ba8>,
                         <gameplay.Neuron object at 0x7fb465b75b38>,
                         <gameplay.Neuron object at 0x7fb465b75c88>,
                         <gameplay.Neuron object at 0x7fb465b75c50>],
             'num_neurons': 8,
             'weights': [[0.35837253655055934,
                          0.43218979416046255,
                          0.08518418235382132,
                          0.11175120023384624,
                          0.08103452998639407,
                          0.08490711962556334,
                          0.07083626910338817,
                          0.08557977409400938,
                          0.07312857264261698,
                          0.08561568296796053],
                         [0.3857699807719605,
                          0.37475501512430925,
                          0.08658440039561316,
                          0.09669399026736268,
                          0.12127356020329375,
                          0.05892855012393661,
                          0.11897680563583114,
                          0.1025437194868417,
                          0.12947209970150178,
                          0.12233312230148613],
                         [0.3740456616886317,
                          0.4333970938853744,
                          0.09893961915090296,
                          0.0588347945422347,
                          0.11878436664684115,
                          0.10143260121839563,
                          0.10125154496606487,
                          0.10409492041597183,
                          0.0906296682925628,
                          0.08658736158495847],
                         [0.3666902536588517,
                          0.38882784269314746,
                          0.10503273467970903,
                          0.12351959721483644,
                          0.049084950266517775,
                          0.08000811232262955,
                          0.08542609755137781,
                          0.13314189708313087,
                          0.11279745651335624,
                          0.11835639257279677],
                         [0.40043492434145495,
                          0.3877260014635799,
                          0.06485599074908754,
                          0.12954887149816102,
                          0.09896289350159382,
                          0.14675366955218982,
                          0.10773378422540485,
                          0.13075193073026353,
                          0.09701000433579299,
                          0.06168235724813953],
                         [0.3666090967543541,
                          0.438071972261865,
                          0.06728377658341009,
                          0.07825674455475357,
                          0.11032223461271354,
                          0.0667892725335323,
                          0.11675065673527771,
                          0.10548986396897866,
                          0.11420703360190687,
                          0.11148293533311597],
                         [0.3718845135535024,
                          0.3836379015867228,
                          0.11886449203761841,
                          0.04493826010254806,
                          0.10467079623202713,
                          0.13830832940178725,
                          0.08176571199453588,
                          0.1089209838816953,
                          0.10390412630269891,
                          0.09203564990071675],
                         [0.382083569553752,
                          0.432943108585987,
                          0.056148738029830864,
                          0.07604784621302561,
                          0.1180707239365431,
                          0.029050750695048463,
                          0.07119328565440564,
                          0.15013864563052992,
                          0.10771701136731757,
                          0.06862397224560454]]},
            {'activation': 'sigmoid',
             'bias': [-0.020872912569961294,
                      0.04658872817170994,
                      -0.014583560889731652,
                      -0.0037735805985442874,
                      0.02058617122528417],
             'name': 'output',
             'neurons': [<gameplay.Neuron object at 0x7fb465b75cc0>,
                         <gameplay.Neuron object at 0x7fb465b75cf8>,
                         <gameplay.Neuron object at 0x7fb465b75d68>,
                         <gameplay.Neuron object at 0x7fb465b75d30>,
                         <gameplay.Neuron object at 0x7fb465b75da0>],
             'num_neurons': 5,
             'weights': [[0.06898184067927303,
                          0.10367382121282781,
                          0.09620091138450931,
                          0.04839166370838858,
                          0.11401222106988845,
                          0.1496095124048059,
                          0.13344058372170586,
                          0.12167181729254471],
                         [0.06098895021771707,
                          0.07650375881829566,
                          0.06706793731591605,
                          0.15489714591357978,
                          0.10004019934963843,
                          0.08562265323980282,
                          0.07179224570284669,
                          0.19428958572718116],
                         [0.12006897049777131,
                          0.07939152959986268,
                          0.10321100730647847,
                          0.09074676959203154,
                          0.09764979957227517,
                          0.1103516795012253,
                          0.14034001291407455,
                          0.09288362099958901],
                         [0.11651676520609965,
                          0.06946949025875607,
                          0.12831389272973412,
                          0.06170335398524664,
                          0.15380175538616625,
                          0.10013274073367363,
                          0.10890553303074288,
                          0.09232618272071852],
                         [0.10534490907331526,
                          0.09784938115035947,
                          0.12624369530831298,
                          0.049717022173449366,
                          0.16239688199890265,
                          0.11193204710862453,
                          0.10019810603511745,
                          0.1036375498048846],
                         [0.08845899409234145,
                          0.11231721011195299,
                          0.13813877035649216,
                          0.10657888055788306,
                          0.05635263969624374,
                          0.10410008834849048,
                          0.054223908344509866,
                          0.11080416240610697]]}]}
load_tensorflow_graph: path = tensorflow/mario-model-simple-2019-07-17/frozen_inference_graph.pb
object_detection_graph = <tensorflow.python.framework.ops.Graph object at 0x7fb465b75e48>
Doing start sequence
Sleeping one second
sending start
sending empty
Found black world screen for the second time. exiting.



Seconds left: 378
Moves to the right: 45
