pygame 1.9.6
Hello from the pygame community. https://www.pygame.org/contribute.html
Loading neural net from gameplay_neural_nets/119/10.nn
net = {'generation': 107,
 'inputs': [],
 'layers': [{'activation': 'sigmoid',
             'bias': [0.014002930923923015,
                      -0.01290151648973928,
                      -0.017161932349301176,
                      -0.030611970892930215,
                      -0.008450406784437784,
                      -0.03573575703967746,
                      0.028848694679273493,
                      -0.020938792139270107],
             'name': 'input',
             'neurons': [],
             'num_neurons': 8,
             'weights': [[0.35338314997233916,
                          0.4308689038616817,
                          0.08518418235382132,
                          0.11175120023384624,
                          0.08103452998639407,
                          0.08567621175512405,
                          0.07083626910338817,
                          0.08557977409400938,
                          0.07312857264261698,
                          0.0888662581785871],
                         [0.3857699807719605,
                          0.37475501512430925,
                          0.08658440039561316,
                          0.09669399026736268,
                          0.12798577308731662,
                          0.05905641450837045,
                          0.11897680563583114,
                          0.10819521818699727,
                          0.11974836764972073,
                          0.12233312230148613],
                         [0.3740456616886317,
                          0.4333970938853744,
                          0.09893961915090296,
                          0.05787175788376005,
                          0.11878436664684115,
                          0.10573107548689735,
                          0.10125154496606487,
                          0.10409492041597183,
                          0.0906296682925628,
                          0.08658736158495847],
                         [0.3666902536588517,
                          0.38882784269314746,
                          0.10503273467970903,
                          0.12351959721483644,
                          0.049084950266517775,
                          0.08000811232262955,
                          0.08542609755137781,
                          0.1245042740005227,
                          0.11809767665573945,
                          0.11835639257279677],
                         [0.40043492434145495,
                          0.3877260014635799,
                          0.06727698425259358,
                          0.12241535411531271,
                          0.1054312090905631,
                          0.14484697834083696,
                          0.10773378422540485,
                          0.13075193073026353,
                          0.09701000433579299,
                          0.06168235724813953],
                         [0.3666090967543541,
                          0.438071972261865,
                          0.0770253976038218,
                          0.07825674455475357,
                          0.11032223461271354,
                          0.06863476083958253,
                          0.11675065673527771,
                          0.10548986396897866,
                          0.11420703360190687,
                          0.11148293533311597],
                         [0.3636552005088008,
                          0.3836379015867228,
                          0.126574752936382,
                          0.045138100723891884,
                          0.10649298109073024,
                          0.12844783082430056,
                          0.08176571199453588,
                          0.1089209838816953,
                          0.10390412630269891,
                          0.09203564990071675],
                         [0.3883520645828522,
                          0.432943108585987,
                          0.056148738029830864,
                          0.07604784621302561,
                          0.12444303488493524,
                          0.040473016090856156,
                          0.07884970310912698,
                          0.15013864563052992,
                          0.10771701136731757,
                          0.06862397224560454]]},
            {'activation': 'sigmoid',
             'bias': [-0.030188540215056566,
                      0.04658872817170994,
                      -0.014583560889731652,
                      -0.0037735805985442874,
                      0.02665064247586818],
             'name': 'output',
             'neurons': [],
             'num_neurons': 5,
             'weights': [[0.07241829004094517,
                          0.10367382121282781,
                          0.09620091138450931,
                          0.04839166370838858,
                          0.11401222106988845,
                          0.14041930906723504,
                          0.12648177265106408,
                          0.11336426880518544],
                         [0.06098895021771707,
                          0.07650375881829566,
                          0.06116922645693166,
                          0.15489714591357978,
                          0.10972926039827587,
                          0.08562265323980282,
                          0.07179224570284669,
                          0.19428958572718116],
                         [0.11029295695917411,
                          0.07939152959986268,
                          0.10321100730647847,
                          0.08731028562369138,
                          0.10044876831502642,
                          0.1103516795012253,
                          0.14034001291407455,
                          0.10021726917336853],
                         [0.11651676520609965,
                          0.06946949025875607,
                          0.12831389272973412,
                          0.06170335398524664,
                          0.15380175538616625,
                          0.10013274073367363,
                          0.09979897368616997,
                          0.08990283054810412],
                         [0.10534490907331526,
                          0.10445767669429433,
                          0.12867089267033158,
                          0.049717022173449366,
                          0.16239688199890265,
                          0.1099802195166828,
                          0.10019810603511745,
                          0.1036375498048846],
                         [0.09030952890157258,
                          0.11883997551751438,
                          0.1478714444336094,
                          0.10621707507723468,
                          0.05635263969624374,
                          0.10410008834849048,
                          0.06440549408176567,
                          0.11080416240610697]]}]}
{'generation': 107,
 'inputs': [],
 'layers': [{'activation': 'sigmoid',
             'bias': [0.014002930923923015,
                      -0.01290151648973928,
                      -0.017161932349301176,
                      -0.030611970892930215,
                      -0.008450406784437784,
                      -0.03573575703967746,
                      0.028848694679273493,
                      -0.020938792139270107],
             'name': 'input',
             'neurons': [<gameplay.Neuron object at 0x7fae3de64898>,
                         <gameplay.Neuron object at 0x7fae3de64860>,
                         <gameplay.Neuron object at 0x7fae3de64278>,
                         <gameplay.Neuron object at 0x7fae3de64b38>,
                         <gameplay.Neuron object at 0x7fae3de64be0>,
                         <gameplay.Neuron object at 0x7fae3de64b70>,
                         <gameplay.Neuron object at 0x7fae3de64cc0>,
                         <gameplay.Neuron object at 0x7fae3de64c88>],
             'num_neurons': 8,
             'weights': [[0.35338314997233916,
                          0.4308689038616817,
                          0.08518418235382132,
                          0.11175120023384624,
                          0.08103452998639407,
                          0.08567621175512405,
                          0.07083626910338817,
                          0.08557977409400938,
                          0.07312857264261698,
                          0.0888662581785871],
                         [0.3857699807719605,
                          0.37475501512430925,
                          0.08658440039561316,
                          0.09669399026736268,
                          0.12798577308731662,
                          0.05905641450837045,
                          0.11897680563583114,
                          0.10819521818699727,
                          0.11974836764972073,
                          0.12233312230148613],
                         [0.3740456616886317,
                          0.4333970938853744,
                          0.09893961915090296,
                          0.05787175788376005,
                          0.11878436664684115,
                          0.10573107548689735,
                          0.10125154496606487,
                          0.10409492041597183,
                          0.0906296682925628,
                          0.08658736158495847],
                         [0.3666902536588517,
                          0.38882784269314746,
                          0.10503273467970903,
                          0.12351959721483644,
                          0.049084950266517775,
                          0.08000811232262955,
                          0.08542609755137781,
                          0.1245042740005227,
                          0.11809767665573945,
                          0.11835639257279677],
                         [0.40043492434145495,
                          0.3877260014635799,
                          0.06727698425259358,
                          0.12241535411531271,
                          0.1054312090905631,
                          0.14484697834083696,
                          0.10773378422540485,
                          0.13075193073026353,
                          0.09701000433579299,
                          0.06168235724813953],
                         [0.3666090967543541,
                          0.438071972261865,
                          0.0770253976038218,
                          0.07825674455475357,
                          0.11032223461271354,
                          0.06863476083958253,
                          0.11675065673527771,
                          0.10548986396897866,
                          0.11420703360190687,
                          0.11148293533311597],
                         [0.3636552005088008,
                          0.3836379015867228,
                          0.126574752936382,
                          0.045138100723891884,
                          0.10649298109073024,
                          0.12844783082430056,
                          0.08176571199453588,
                          0.1089209838816953,
                          0.10390412630269891,
                          0.09203564990071675],
                         [0.3883520645828522,
                          0.432943108585987,
                          0.056148738029830864,
                          0.07604784621302561,
                          0.12444303488493524,
                          0.040473016090856156,
                          0.07884970310912698,
                          0.15013864563052992,
                          0.10771701136731757,
                          0.06862397224560454]]},
            {'activation': 'sigmoid',
             'bias': [-0.030188540215056566,
                      0.04658872817170994,
                      -0.014583560889731652,
                      -0.0037735805985442874,
                      0.02665064247586818],
             'name': 'output',
             'neurons': [<gameplay.Neuron object at 0x7fae3de64cf8>,
                         <gameplay.Neuron object at 0x7fae3de64d30>,
                         <gameplay.Neuron object at 0x7fae3de64da0>,
                         <gameplay.Neuron object at 0x7fae3de64d68>,
                         <gameplay.Neuron object at 0x7fae3de64dd8>],
             'num_neurons': 5,
             'weights': [[0.07241829004094517,
                          0.10367382121282781,
                          0.09620091138450931,
                          0.04839166370838858,
                          0.11401222106988845,
                          0.14041930906723504,
                          0.12648177265106408,
                          0.11336426880518544],
                         [0.06098895021771707,
                          0.07650375881829566,
                          0.06116922645693166,
                          0.15489714591357978,
                          0.10972926039827587,
                          0.08562265323980282,
                          0.07179224570284669,
                          0.19428958572718116],
                         [0.11029295695917411,
                          0.07939152959986268,
                          0.10321100730647847,
                          0.08731028562369138,
                          0.10044876831502642,
                          0.1103516795012253,
                          0.14034001291407455,
                          0.10021726917336853],
                         [0.11651676520609965,
                          0.06946949025875607,
                          0.12831389272973412,
                          0.06170335398524664,
                          0.15380175538616625,
                          0.10013274073367363,
                          0.09979897368616997,
                          0.08990283054810412],
                         [0.10534490907331526,
                          0.10445767669429433,
                          0.12867089267033158,
                          0.049717022173449366,
                          0.16239688199890265,
                          0.1099802195166828,
                          0.10019810603511745,
                          0.1036375498048846],
                         [0.09030952890157258,
                          0.11883997551751438,
                          0.1478714444336094,
                          0.10621707507723468,
                          0.05635263969624374,
                          0.10410008834849048,
                          0.06440549408176567,
                          0.11080416240610697]]}]}
load_tensorflow_graph: path = tensorflow/mario-model-simple-2019-07-17/frozen_inference_graph.pb
object_detection_graph = <tensorflow.python.framework.ops.Graph object at 0x7fae3de64e80>
Doing start sequence
Sleeping one second
sending start
sending empty
Found black world screen for the second time. exiting.



Seconds left: 392
Moves to the right: 17
