pygame 1.9.6
Hello from the pygame community. https://www.pygame.org/contribute.html
Loading neural net from gameplay_neural_nets/119/8.nn
net = {'generation': 107,
 'inputs': [],
 'layers': [{'activation': 'sigmoid',
             'bias': [0.014002930923923015,
                      -0.01290151648973928,
                      -0.017161932349301176,
                      -0.030611970892930215,
                      -0.008450406784437784,
                      -0.03573575703967746,
                      0.0281524489084279,
                      -0.020938792139270107],
             'name': 'input',
             'neurons': [],
             'num_neurons': 8,
             'weights': [[0.35338314997233916,
                          0.4308689038616817,
                          0.08518418235382132,
                          0.11175120023384624,
                          0.08103452998639407,
                          0.09448704139824703,
                          0.07083626910338817,
                          0.08557977409400938,
                          0.07312857264261698,
                          0.0888662581785871],
                         [0.3857699807719605,
                          0.3764729417086134,
                          0.08658440039561316,
                          0.09669399026736268,
                          0.12127356020329375,
                          0.05905641450837045,
                          0.11897680563583114,
                          0.1025437194868417,
                          0.11974836764972073,
                          0.12233312230148613],
                         [0.3740456616886317,
                          0.4333970938853744,
                          0.09893961915090296,
                          0.05787175788376005,
                          0.12260280843458266,
                          0.10143260121839563,
                          0.10125154496606487,
                          0.10409492041597183,
                          0.0906296682925628,
                          0.0790263710990023],
                         [0.37469383090885733,
                          0.38882784269314746,
                          0.10503273467970903,
                          0.12351959721483644,
                          0.049084950266517775,
                          0.07896974677654195,
                          0.09210899250271003,
                          0.1245042740005227,
                          0.11809767665573945,
                          0.11835639257279677],
                         [0.40043492434145495,
                          0.3877260014635799,
                          0.06485599074908754,
                          0.12241535411531271,
                          0.09896289350159382,
                          0.1380794600949824,
                          0.10890946002595062,
                          0.13141236289386113,
                          0.0899421030187098,
                          0.06168235724813953],
                         [0.3666090967543541,
                          0.438071972261865,
                          0.0770253976038218,
                          0.07825674455475357,
                          0.11032223461271354,
                          0.0667892725335323,
                          0.11675065673527771,
                          0.10548986396897866,
                          0.11684497596245647,
                          0.11148293533311597],
                         [0.3636552005088008,
                          0.3836379015867228,
                          0.11123140682454895,
                          0.045138100723891884,
                          0.10467079623202713,
                          0.12844783082430056,
                          0.07941869730135116,
                          0.1089209838816953,
                          0.10390412630269891,
                          0.09203564990071675],
                         [0.3883520645828522,
                          0.432943108585987,
                          0.056148738029830864,
                          0.07604784621302561,
                          0.12444303488493524,
                          0.037799741123223804,
                          0.0692093294949778,
                          0.15013864563052992,
                          0.10771701136731757,
                          0.06862397224560454]]},
            {'activation': 'sigmoid',
             'bias': [-0.020872912569961294,
                      0.04658872817170994,
                      -0.014583560889731652,
                      -0.0037735805985442874,
                      0.020660056189858694],
             'name': 'output',
             'neurons': [],
             'num_neurons': 5,
             'weights': [[0.0671574427137832,
                          0.10367382121282781,
                          0.09417588151858326,
                          0.04839166370838858,
                          0.11401222106988845,
                          0.1496095124048059,
                          0.13344058372170586,
                          0.11094792036935328],
                         [0.06098895021771707,
                          0.07650375881829566,
                          0.06706793731591605,
                          0.15489714591357978,
                          0.10004019934963843,
                          0.08562265323980282,
                          0.07179224570284669,
                          0.19428958572718116],
                         [0.12006897049777131,
                          0.07939152959986268,
                          0.10321100730647847,
                          0.08067564500544122,
                          0.09764979957227517,
                          0.1103516795012253,
                          0.14034001291407455,
                          0.09288362099958901],
                         [0.11964901010457603,
                          0.06946949025875607,
                          0.12831389272973412,
                          0.06170335398524664,
                          0.15380175538616625,
                          0.10448087206163295,
                          0.09979897368616997,
                          0.09976273655258824],
                         [0.10534490907331526,
                          0.09784938115035947,
                          0.13620873494861677,
                          0.049717022173449366,
                          0.16239688199890265,
                          0.11193204710862453,
                          0.10019810603511745,
                          0.1036375498048846],
                         [0.09533264318376754,
                          0.11883997551751438,
                          0.1478714444336094,
                          0.10621707507723468,
                          0.05635263969624374,
                          0.10410008834849048,
                          0.06011381087306079,
                          0.11080416240610697]]}]}
{'generation': 107,
 'inputs': [],
 'layers': [{'activation': 'sigmoid',
             'bias': [0.014002930923923015,
                      -0.01290151648973928,
                      -0.017161932349301176,
                      -0.030611970892930215,
                      -0.008450406784437784,
                      -0.03573575703967746,
                      0.0281524489084279,
                      -0.020938792139270107],
             'name': 'input',
             'neurons': [<gameplay.Neuron object at 0x7faad2607898>,
                         <gameplay.Neuron object at 0x7faad2607860>,
                         <gameplay.Neuron object at 0x7faad2607278>,
                         <gameplay.Neuron object at 0x7faad2607b38>,
                         <gameplay.Neuron object at 0x7faad2607be0>,
                         <gameplay.Neuron object at 0x7faad2607b70>,
                         <gameplay.Neuron object at 0x7faad2607cc0>,
                         <gameplay.Neuron object at 0x7faad2607c88>],
             'num_neurons': 8,
             'weights': [[0.35338314997233916,
                          0.4308689038616817,
                          0.08518418235382132,
                          0.11175120023384624,
                          0.08103452998639407,
                          0.09448704139824703,
                          0.07083626910338817,
                          0.08557977409400938,
                          0.07312857264261698,
                          0.0888662581785871],
                         [0.3857699807719605,
                          0.3764729417086134,
                          0.08658440039561316,
                          0.09669399026736268,
                          0.12127356020329375,
                          0.05905641450837045,
                          0.11897680563583114,
                          0.1025437194868417,
                          0.11974836764972073,
                          0.12233312230148613],
                         [0.3740456616886317,
                          0.4333970938853744,
                          0.09893961915090296,
                          0.05787175788376005,
                          0.12260280843458266,
                          0.10143260121839563,
                          0.10125154496606487,
                          0.10409492041597183,
                          0.0906296682925628,
                          0.0790263710990023],
                         [0.37469383090885733,
                          0.38882784269314746,
                          0.10503273467970903,
                          0.12351959721483644,
                          0.049084950266517775,
                          0.07896974677654195,
                          0.09210899250271003,
                          0.1245042740005227,
                          0.11809767665573945,
                          0.11835639257279677],
                         [0.40043492434145495,
                          0.3877260014635799,
                          0.06485599074908754,
                          0.12241535411531271,
                          0.09896289350159382,
                          0.1380794600949824,
                          0.10890946002595062,
                          0.13141236289386113,
                          0.0899421030187098,
                          0.06168235724813953],
                         [0.3666090967543541,
                          0.438071972261865,
                          0.0770253976038218,
                          0.07825674455475357,
                          0.11032223461271354,
                          0.0667892725335323,
                          0.11675065673527771,
                          0.10548986396897866,
                          0.11684497596245647,
                          0.11148293533311597],
                         [0.3636552005088008,
                          0.3836379015867228,
                          0.11123140682454895,
                          0.045138100723891884,
                          0.10467079623202713,
                          0.12844783082430056,
                          0.07941869730135116,
                          0.1089209838816953,
                          0.10390412630269891,
                          0.09203564990071675],
                         [0.3883520645828522,
                          0.432943108585987,
                          0.056148738029830864,
                          0.07604784621302561,
                          0.12444303488493524,
                          0.037799741123223804,
                          0.0692093294949778,
                          0.15013864563052992,
                          0.10771701136731757,
                          0.06862397224560454]]},
            {'activation': 'sigmoid',
             'bias': [-0.020872912569961294,
                      0.04658872817170994,
                      -0.014583560889731652,
                      -0.0037735805985442874,
                      0.020660056189858694],
             'name': 'output',
             'neurons': [<gameplay.Neuron object at 0x7faad2607cf8>,
                         <gameplay.Neuron object at 0x7faad2607d30>,
                         <gameplay.Neuron object at 0x7faad2607da0>,
                         <gameplay.Neuron object at 0x7faad2607d68>,
                         <gameplay.Neuron object at 0x7faad2607dd8>],
             'num_neurons': 5,
             'weights': [[0.0671574427137832,
                          0.10367382121282781,
                          0.09417588151858326,
                          0.04839166370838858,
                          0.11401222106988845,
                          0.1496095124048059,
                          0.13344058372170586,
                          0.11094792036935328],
                         [0.06098895021771707,
                          0.07650375881829566,
                          0.06706793731591605,
                          0.15489714591357978,
                          0.10004019934963843,
                          0.08562265323980282,
                          0.07179224570284669,
                          0.19428958572718116],
                         [0.12006897049777131,
                          0.07939152959986268,
                          0.10321100730647847,
                          0.08067564500544122,
                          0.09764979957227517,
                          0.1103516795012253,
                          0.14034001291407455,
                          0.09288362099958901],
                         [0.11964901010457603,
                          0.06946949025875607,
                          0.12831389272973412,
                          0.06170335398524664,
                          0.15380175538616625,
                          0.10448087206163295,
                          0.09979897368616997,
                          0.09976273655258824],
                         [0.10534490907331526,
                          0.09784938115035947,
                          0.13620873494861677,
                          0.049717022173449366,
                          0.16239688199890265,
                          0.11193204710862453,
                          0.10019810603511745,
                          0.1036375498048846],
                         [0.09533264318376754,
                          0.11883997551751438,
                          0.1478714444336094,
                          0.10621707507723468,
                          0.05635263969624374,
                          0.10410008834849048,
                          0.06011381087306079,
                          0.11080416240610697]]}]}
load_tensorflow_graph: path = tensorflow/mario-model-simple-2019-07-17/frozen_inference_graph.pb
object_detection_graph = <tensorflow.python.framework.ops.Graph object at 0x7faad2607e80>
Doing start sequence
Sleeping one second
sending start
sending empty
Found black world screen for the second time. exiting.



Seconds left: 379
Moves to the right: 45
