pygame 1.9.6
Hello from the pygame community. https://www.pygame.org/contribute.html
Loading neural net from gameplay_neural_nets/67/6.nn
net = {'generation': 62,
 'inputs': [],
 'layers': [{'activation': 'sigmoid',
             'bias': [0.01678655380315621,
                      -0.013930688324724346,
                      0.004177564107131061,
                      -0.027307551068131222,
                      0.022746430017647687,
                      -0.03056321773228736,
                      0.010179661769484812,
                      -0.02351020011142419],
             'name': 'input',
             'neurons': [],
             'num_neurons': 8,
             'weights': [[0.3705843541901567,
                          0.3977118511646068,
                          0.11444045119983927,
                          0.13156897760372505,
                          0.10986724301567748,
                          0.08838013343134699,
                          0.10005644466592625,
                          0.11011966026813513,
                          0.08692640964271814,
                          0.09373107117111262],
                         [0.3758754495458971,
                          0.3813118925950652,
                          0.0991597988823857,
                          0.0990519925690675,
                          0.09248250573582642,
                          0.09368011125262629,
                          0.11079908822923985,
                          0.09668180461675177,
                          0.10379646298848591,
                          0.11532305045590151],
                         [0.36924393444960535,
                          0.4329430794962622,
                          0.09611976574107636,
                          0.08718635783106012,
                          0.1166396501025671,
                          0.10882278974165667,
                          0.09681547473086602,
                          0.09279777405338463,
                          0.11999042642244442,
                          0.09138782068620988],
                         [0.407034497807641,
                          0.4055208418941509,
                          0.10331679258346384,
                          0.10643651402293199,
                          0.0779955958094068,
                          0.10899535144703885,
                          0.0955862093694325,
                          0.11335697494955965,
                          0.07395573572681069,
                          0.11985989300044615],
                         [0.3839498860887671,
                          0.394836521314859,
                          0.05537179039838335,
                          0.1262740981049703,
                          0.09145653348118633,
                          0.11889856289028734,
                          0.11070648851969843,
                          0.12442522301186255,
                          0.09950108305426247,
                          0.07504542757227961],
                         [0.3560217857701195,
                          0.40517648013019475,
                          0.06941733760729996,
                          0.10383665713907003,
                          0.10733891452937994,
                          0.0843784112822679,
                          0.10008190810250849,
                          0.11764050286572145,
                          0.12159803670227769,
                          0.11376112499500643],
                         [0.3935854209295111,
                          0.379073466806708,
                          0.11951122271341312,
                          0.053811524177402356,
                          0.114336656351438,
                          0.08679392250814724,
                          0.09067804163875563,
                          0.12066818196857328,
                          0.09789284928002874,
                          0.07614165441979051],
                         [0.40657267841493444,
                          0.4148260687526146,
                          0.06857953873921524,
                          0.07009659836801592,
                          0.11883801684846027,
                          0.06210239357957002,
                          0.06734883016829181,
                          0.14646598266274283,
                          0.08578553844926622,
                          0.07431425813759557]]},
            {'activation': 'sigmoid',
             'bias': [-0.018785206945570544,
                      0.020258894451480127,
                      0.008536859559638814,
                      0.007070626329860833,
                      0.024946040244860974],
             'name': 'output',
             'neurons': [],
             'num_neurons': 5,
             'weights': [[0.07643109219979309,
                          0.0878001858456932,
                          0.11137809867126586,
                          0.06708883454587451,
                          0.1050902550890057,
                          0.1206412319600241,
                          0.13034773377342562,
                          0.09168090788446434],
                         [0.07090487188774743,
                          0.07372015858910437,
                          0.07123522632088602,
                          0.13948819443689936,
                          0.0768295096615311,
                          0.0851170753985076,
                          0.07793416483166672,
                          0.15153693657984763],
                         [0.10577083590415044,
                          0.08111568517623136,
                          0.1295171094707477,
                          0.09457787909741834,
                          0.0976667849726628,
                          0.10639357448400007,
                          0.13465841833536601,
                          0.07883805572129263],
                         [0.10361672909030413,
                          0.07305397475190109,
                          0.11635278009601463,
                          0.06778847567871392,
                          0.11687462319117747,
                          0.11874454518416284,
                          0.10112256383408919,
                          0.09987963484130377],
                         [0.11837189699353864,
                          0.10524470338167792,
                          0.129426518295585,
                          0.07604411857459843,
                          0.14766894845760822,
                          0.11304534094129036,
                          0.10083436774805508,
                          0.09243944119111086],
                         [0.10491398221108097,
                          0.12043316969600028,
                          0.12666756265941997,
                          0.09758211604432361,
                          0.07510050457980293,
                          0.1120578236916154,
                          0.09084516138495577,
                          0.10796607943048558]]}]}
{'generation': 62,
 'inputs': [],
 'layers': [{'activation': 'sigmoid',
             'bias': [0.01678655380315621,
                      -0.013930688324724346,
                      0.004177564107131061,
                      -0.027307551068131222,
                      0.022746430017647687,
                      -0.03056321773228736,
                      0.010179661769484812,
                      -0.02351020011142419],
             'name': 'input',
             'neurons': [<gameplay.Neuron object at 0x7fcaca22f7f0>,
                         <gameplay.Neuron object at 0x7fcaca22f7b8>,
                         <gameplay.Neuron object at 0x7fcaca22f1d0>,
                         <gameplay.Neuron object at 0x7fcaca22fa90>,
                         <gameplay.Neuron object at 0x7fcaca22fb38>,
                         <gameplay.Neuron object at 0x7fcaca22fac8>,
                         <gameplay.Neuron object at 0x7fcaca22fc18>,
                         <gameplay.Neuron object at 0x7fcaca22fbe0>],
             'num_neurons': 8,
             'weights': [[0.3705843541901567,
                          0.3977118511646068,
                          0.11444045119983927,
                          0.13156897760372505,
                          0.10986724301567748,
                          0.08838013343134699,
                          0.10005644466592625,
                          0.11011966026813513,
                          0.08692640964271814,
                          0.09373107117111262],
                         [0.3758754495458971,
                          0.3813118925950652,
                          0.0991597988823857,
                          0.0990519925690675,
                          0.09248250573582642,
                          0.09368011125262629,
                          0.11079908822923985,
                          0.09668180461675177,
                          0.10379646298848591,
                          0.11532305045590151],
                         [0.36924393444960535,
                          0.4329430794962622,
                          0.09611976574107636,
                          0.08718635783106012,
                          0.1166396501025671,
                          0.10882278974165667,
                          0.09681547473086602,
                          0.09279777405338463,
                          0.11999042642244442,
                          0.09138782068620988],
                         [0.407034497807641,
                          0.4055208418941509,
                          0.10331679258346384,
                          0.10643651402293199,
                          0.0779955958094068,
                          0.10899535144703885,
                          0.0955862093694325,
                          0.11335697494955965,
                          0.07395573572681069,
                          0.11985989300044615],
                         [0.3839498860887671,
                          0.394836521314859,
                          0.05537179039838335,
                          0.1262740981049703,
                          0.09145653348118633,
                          0.11889856289028734,
                          0.11070648851969843,
                          0.12442522301186255,
                          0.09950108305426247,
                          0.07504542757227961],
                         [0.3560217857701195,
                          0.40517648013019475,
                          0.06941733760729996,
                          0.10383665713907003,
                          0.10733891452937994,
                          0.0843784112822679,
                          0.10008190810250849,
                          0.11764050286572145,
                          0.12159803670227769,
                          0.11376112499500643],
                         [0.3935854209295111,
                          0.379073466806708,
                          0.11951122271341312,
                          0.053811524177402356,
                          0.114336656351438,
                          0.08679392250814724,
                          0.09067804163875563,
                          0.12066818196857328,
                          0.09789284928002874,
                          0.07614165441979051],
                         [0.40657267841493444,
                          0.4148260687526146,
                          0.06857953873921524,
                          0.07009659836801592,
                          0.11883801684846027,
                          0.06210239357957002,
                          0.06734883016829181,
                          0.14646598266274283,
                          0.08578553844926622,
                          0.07431425813759557]]},
            {'activation': 'sigmoid',
             'bias': [-0.018785206945570544,
                      0.020258894451480127,
                      0.008536859559638814,
                      0.007070626329860833,
                      0.024946040244860974],
             'name': 'output',
             'neurons': [<gameplay.Neuron object at 0x7fcaca22fc50>,
                         <gameplay.Neuron object at 0x7fcaca22fc88>,
                         <gameplay.Neuron object at 0x7fcaca22fcf8>,
                         <gameplay.Neuron object at 0x7fcaca22fcc0>,
                         <gameplay.Neuron object at 0x7fcaca22fd30>],
             'num_neurons': 5,
             'weights': [[0.07643109219979309,
                          0.0878001858456932,
                          0.11137809867126586,
                          0.06708883454587451,
                          0.1050902550890057,
                          0.1206412319600241,
                          0.13034773377342562,
                          0.09168090788446434],
                         [0.07090487188774743,
                          0.07372015858910437,
                          0.07123522632088602,
                          0.13948819443689936,
                          0.0768295096615311,
                          0.0851170753985076,
                          0.07793416483166672,
                          0.15153693657984763],
                         [0.10577083590415044,
                          0.08111568517623136,
                          0.1295171094707477,
                          0.09457787909741834,
                          0.0976667849726628,
                          0.10639357448400007,
                          0.13465841833536601,
                          0.07883805572129263],
                         [0.10361672909030413,
                          0.07305397475190109,
                          0.11635278009601463,
                          0.06778847567871392,
                          0.11687462319117747,
                          0.11874454518416284,
                          0.10112256383408919,
                          0.09987963484130377],
                         [0.11837189699353864,
                          0.10524470338167792,
                          0.129426518295585,
                          0.07604411857459843,
                          0.14766894845760822,
                          0.11304534094129036,
                          0.10083436774805508,
                          0.09243944119111086],
                         [0.10491398221108097,
                          0.12043316969600028,
                          0.12666756265941997,
                          0.09758211604432361,
                          0.07510050457980293,
                          0.1120578236916154,
                          0.09084516138495577,
                          0.10796607943048558]]}]}
load_tensorflow_graph: path = tensorflow/mario-model-simple-2019-07-17/frozen_inference_graph.pb
object_detection_graph = <tensorflow.python.framework.ops.Graph object at 0x7fcaca22fdd8>
Doing start sequence
Sleeping one second
sending start
sending empty
Found black world screen for the second time. exiting.



Seconds left: 365
Moves to the right: 67
