pygame 1.9.6
Hello from the pygame community. https://www.pygame.org/contribute.html
Loading neural net from gameplay_neural_nets/67/8.nn
net = {'generation': 62,
 'inputs': [],
 'layers': [{'activation': 'sigmoid',
             'bias': [0.01678655380315621,
                      -0.013930688324724346,
                      0.004177564107131061,
                      -0.027307551068131222,
                      0.022746430017647687,
                      -0.02953213632683392,
                      0.010179661769484812,
                      -0.02351020011142419],
             'name': 'input',
             'neurons': [],
             'num_neurons': 8,
             'weights': [[0.36985359825876196,
                          0.3977118511646068,
                          0.11444045119983927,
                          0.13156897760372505,
                          0.10986724301567748,
                          0.0867947327203174,
                          0.10005644466592625,
                          0.11011966026813513,
                          0.08692640964271814,
                          0.09373107117111262],
                         [0.382219578432141,
                          0.37403962225420956,
                          0.0991597988823857,
                          0.0990519925690675,
                          0.09248250573582642,
                          0.08610263078793642,
                          0.11079908822923985,
                          0.09668180461675177,
                          0.10379646298848591,
                          0.11928466830233064],
                         [0.36924393444960535,
                          0.4329430794962622,
                          0.09611976574107636,
                          0.08334767396113829,
                          0.1166396501025671,
                          0.10882278974165667,
                          0.09681547473086602,
                          0.10197903113252857,
                          0.11999042642244442,
                          0.09138782068620988],
                         [0.407034497807641,
                          0.4055208418941509,
                          0.10331679258346384,
                          0.10901247359069678,
                          0.0779955958094068,
                          0.10899535144703885,
                          0.0955862093694325,
                          0.11335697494955965,
                          0.07395573572681069,
                          0.12984753053579454],
                         [0.3839498860887671,
                          0.38806810039655665,
                          0.05537179039838335,
                          0.1262740981049703,
                          0.09340811713220024,
                          0.11889856289028734,
                          0.11070648851969843,
                          0.12442522301186255,
                          0.09579751824589308,
                          0.0691214511651125],
                         [0.3560217857701195,
                          0.3994881861772267,
                          0.06941733760729996,
                          0.10383665713907003,
                          0.10733891452937994,
                          0.0843784112822679,
                          0.10008190810250849,
                          0.11764050286572145,
                          0.12182269765242225,
                          0.11376112499500643],
                         [0.39628976642733865,
                          0.379073466806708,
                          0.12679335601557143,
                          0.056194870573086614,
                          0.114336656351438,
                          0.08443392580500966,
                          0.09293788527084483,
                          0.12089313194504096,
                          0.09789284928002874,
                          0.06631842369530899],
                         [0.40657267841493444,
                          0.4148260687526146,
                          0.06405372788374536,
                          0.06477334793023104,
                          0.11960972483873629,
                          0.06210239357957002,
                          0.06734883016829181,
                          0.1536632785617552,
                          0.08578553844926622,
                          0.08395835706650763]]},
            {'activation': 'sigmoid',
             'bias': [-0.011786364081967348,
                      0.027104558962656945,
                      0.008536859559638814,
                      0.0001611459296618368,
                      0.024946040244860974],
             'name': 'output',
             'neurons': [],
             'num_neurons': 5,
             'weights': [[0.07643109219979309,
                          0.0878001858456932,
                          0.10512316091695909,
                          0.06708883454587451,
                          0.1050902550890057,
                          0.11941913425792647,
                          0.13034773377342562,
                          0.08182934370919],
                         [0.07090487188774743,
                          0.07372015858910437,
                          0.07123522632088602,
                          0.14929140604575064,
                          0.0768295096615311,
                          0.0851170753985076,
                          0.07421017281820488,
                          0.15153693657984763],
                         [0.10577083590415044,
                          0.08111568517623136,
                          0.12123522645591026,
                          0.09457787909741834,
                          0.10332948916989536,
                          0.10639357448400007,
                          0.12900481797347416,
                          0.07883805572129263],
                         [0.10361672909030413,
                          0.07305397475190109,
                          0.10912661579026721,
                          0.06778847567871392,
                          0.11687462319117747,
                          0.11854809397978827,
                          0.10550967686213421,
                          0.09987963484130377],
                         [0.11837189699353864,
                          0.10524470338167792,
                          0.129426518295585,
                          0.06805661040273576,
                          0.14766894845760822,
                          0.11304534094129036,
                          0.10083436774805508,
                          0.09170927788042978],
                         [0.0887914895976591,
                          0.12043316969600028,
                          0.12666756265941997,
                          0.09758211604432361,
                          0.07510050457980293,
                          0.12099899105027165,
                          0.09084516138495577,
                          0.11632401813938824]]}]}
{'generation': 62,
 'inputs': [],
 'layers': [{'activation': 'sigmoid',
             'bias': [0.01678655380315621,
                      -0.013930688324724346,
                      0.004177564107131061,
                      -0.027307551068131222,
                      0.022746430017647687,
                      -0.02953213632683392,
                      0.010179661769484812,
                      -0.02351020011142419],
             'name': 'input',
             'neurons': [<gameplay.Neuron object at 0x7f0682a57860>,
                         <gameplay.Neuron object at 0x7f0682a57828>,
                         <gameplay.Neuron object at 0x7f0682a57240>,
                         <gameplay.Neuron object at 0x7f0682a57b00>,
                         <gameplay.Neuron object at 0x7f0682a57ba8>,
                         <gameplay.Neuron object at 0x7f0682a57b38>,
                         <gameplay.Neuron object at 0x7f0682a57c88>,
                         <gameplay.Neuron object at 0x7f0682a57c50>],
             'num_neurons': 8,
             'weights': [[0.36985359825876196,
                          0.3977118511646068,
                          0.11444045119983927,
                          0.13156897760372505,
                          0.10986724301567748,
                          0.0867947327203174,
                          0.10005644466592625,
                          0.11011966026813513,
                          0.08692640964271814,
                          0.09373107117111262],
                         [0.382219578432141,
                          0.37403962225420956,
                          0.0991597988823857,
                          0.0990519925690675,
                          0.09248250573582642,
                          0.08610263078793642,
                          0.11079908822923985,
                          0.09668180461675177,
                          0.10379646298848591,
                          0.11928466830233064],
                         [0.36924393444960535,
                          0.4329430794962622,
                          0.09611976574107636,
                          0.08334767396113829,
                          0.1166396501025671,
                          0.10882278974165667,
                          0.09681547473086602,
                          0.10197903113252857,
                          0.11999042642244442,
                          0.09138782068620988],
                         [0.407034497807641,
                          0.4055208418941509,
                          0.10331679258346384,
                          0.10901247359069678,
                          0.0779955958094068,
                          0.10899535144703885,
                          0.0955862093694325,
                          0.11335697494955965,
                          0.07395573572681069,
                          0.12984753053579454],
                         [0.3839498860887671,
                          0.38806810039655665,
                          0.05537179039838335,
                          0.1262740981049703,
                          0.09340811713220024,
                          0.11889856289028734,
                          0.11070648851969843,
                          0.12442522301186255,
                          0.09579751824589308,
                          0.0691214511651125],
                         [0.3560217857701195,
                          0.3994881861772267,
                          0.06941733760729996,
                          0.10383665713907003,
                          0.10733891452937994,
                          0.0843784112822679,
                          0.10008190810250849,
                          0.11764050286572145,
                          0.12182269765242225,
                          0.11376112499500643],
                         [0.39628976642733865,
                          0.379073466806708,
                          0.12679335601557143,
                          0.056194870573086614,
                          0.114336656351438,
                          0.08443392580500966,
                          0.09293788527084483,
                          0.12089313194504096,
                          0.09789284928002874,
                          0.06631842369530899],
                         [0.40657267841493444,
                          0.4148260687526146,
                          0.06405372788374536,
                          0.06477334793023104,
                          0.11960972483873629,
                          0.06210239357957002,
                          0.06734883016829181,
                          0.1536632785617552,
                          0.08578553844926622,
                          0.08395835706650763]]},
            {'activation': 'sigmoid',
             'bias': [-0.011786364081967348,
                      0.027104558962656945,
                      0.008536859559638814,
                      0.0001611459296618368,
                      0.024946040244860974],
             'name': 'output',
             'neurons': [<gameplay.Neuron object at 0x7f0682a57cc0>,
                         <gameplay.Neuron object at 0x7f0682a57cf8>,
                         <gameplay.Neuron object at 0x7f0682a57d68>,
                         <gameplay.Neuron object at 0x7f0682a57d30>,
                         <gameplay.Neuron object at 0x7f0682a57da0>],
             'num_neurons': 5,
             'weights': [[0.07643109219979309,
                          0.0878001858456932,
                          0.10512316091695909,
                          0.06708883454587451,
                          0.1050902550890057,
                          0.11941913425792647,
                          0.13034773377342562,
                          0.08182934370919],
                         [0.07090487188774743,
                          0.07372015858910437,
                          0.07123522632088602,
                          0.14929140604575064,
                          0.0768295096615311,
                          0.0851170753985076,
                          0.07421017281820488,
                          0.15153693657984763],
                         [0.10577083590415044,
                          0.08111568517623136,
                          0.12123522645591026,
                          0.09457787909741834,
                          0.10332948916989536,
                          0.10639357448400007,
                          0.12900481797347416,
                          0.07883805572129263],
                         [0.10361672909030413,
                          0.07305397475190109,
                          0.10912661579026721,
                          0.06778847567871392,
                          0.11687462319117747,
                          0.11854809397978827,
                          0.10550967686213421,
                          0.09987963484130377],
                         [0.11837189699353864,
                          0.10524470338167792,
                          0.129426518295585,
                          0.06805661040273576,
                          0.14766894845760822,
                          0.11304534094129036,
                          0.10083436774805508,
                          0.09170927788042978],
                         [0.0887914895976591,
                          0.12043316969600028,
                          0.12666756265941997,
                          0.09758211604432361,
                          0.07510050457980293,
                          0.12099899105027165,
                          0.09084516138495577,
                          0.11632401813938824]]}]}
load_tensorflow_graph: path = tensorflow/mario-model-simple-2019-07-17/frozen_inference_graph.pb
object_detection_graph = <tensorflow.python.framework.ops.Graph object at 0x7f0682a57e48>
Doing start sequence
Sleeping one second
sending start
sending empty
Found black world screen for the second time. exiting.



Seconds left: 392
Moves to the right: 18
