pygame 1.9.6
Hello from the pygame community. https://www.pygame.org/contribute.html
Loading neural net from gameplay_neural_nets/23/10.nn
net = {'generation': 19,
 'inputs': [],
 'layers': [{'activation': 'sigmoid',
             'bias': [-0.02443682337912214,
                      0.04389707091563855,
                      -0.016228695188912744,
                      0.0024643248121237454,
                      0.022058354384376054,
                      0.015823360308543147,
                      -0.006203366430446819,
                      -0.026887280770260598],
             'name': 'input',
             'neurons': [],
             'num_neurons': 8,
             'weights': [[0.4639792507877494,
                          0.48549373021637754,
                          0.4934903134002927,
                          0.5166276474296302,
                          0.49141409310047895,
                          0.4771045616884402,
                          0.5028071092546718,
                          0.49232921670885815,
                          0.5061564611625533,
                          0.5244266916198312],
                         [0.4949166325762044,
                          0.502226967008387,
                          0.5263138312891334,
                          0.5008986997981302,
                          0.5224479418900786,
                          0.4902034091204081,
                          0.4750584381640191,
                          0.46696393107703266,
                          0.5230796254476564,
                          0.524377244235426],
                         [0.516938303106275,
                          0.5022684713452394,
                          0.5004612208462859,
                          0.4980923230642875,
                          0.46341597304335025,
                          0.49934553566971973,
                          0.5141590709064743,
                          0.4884012867264014,
                          0.49980942079543716,
                          0.4979708629834228],
                         [0.511325212923192,
                          0.5073395651980432,
                          0.49862194757781797,
                          0.46060798999181496,
                          0.4890062802143056,
                          0.5090221412427969,
                          0.5051981896207768,
                          0.48799282011553324,
                          0.5202763677819292,
                          0.5284906984511331],
                         [0.49258391277561325,
                          0.5100889329419958,
                          0.49530147939388286,
                          0.5063167007477641,
                          0.49533069506085736,
                          0.4777373417893239,
                          0.5150087993833186,
                          0.5151098805115022,
                          0.5131123138443342,
                          0.5143990819197981],
                         [0.49057119839763697,
                          0.5246188125284713,
                          0.49674434752015884,
                          0.5054575190147217,
                          0.5035021841440722,
                          0.5130576075726724,
                          0.5218713631059648,
                          0.4791656914586181,
                          0.5148303592493968,
                          0.4697591631848068],
                         [0.5141502321895873,
                          0.5046986158517732,
                          0.528561986297749,
                          0.5318599046931429,
                          0.4897683750347948,
                          0.495465993236205,
                          0.5103682543793571,
                          0.5037978004735851,
                          0.5111784853243264,
                          0.5052235284951188],
                         [0.47779767740291307,
                          0.5191586798933233,
                          0.4963819751060395,
                          0.5008667462458213,
                          0.4963911461192011,
                          0.5107930183787855,
                          0.48896333974075185,
                          0.4930165356551861,
                          0.49730336398053,
                          0.48275794870906374]]},
            {'activation': 'sigmoid',
             'bias': [-0.0008316740946481601,
                      -0.012390458700847888,
                      -0.033104097007427516,
                      0.009026660549253667,
                      -0.008234565908447317,
                      -0.042999518112024564],
             'name': 'hidden1',
             'neurons': [],
             'num_neurons': 6,
             'weights': [[0.48628401910923813,
                          0.46355262916855994,
                          0.5030085621552879,
                          0.4845538113630599,
                          0.5052276202350865,
                          0.49422039012753743,
                          0.5012895171874304,
                          0.5024708925203605],
                         [0.4933205047817098,
                          0.5008306888884276,
                          0.5080372528029871,
                          0.5063032351315105,
                          0.4691460448446066,
                          0.5026491832600307,
                          0.47419951029877055,
                          0.505380984447355],
                         [0.514641845869711,
                          0.5076071429028607,
                          0.5079327298984238,
                          0.5081694266994944,
                          0.5138940947613779,
                          0.5168847802258525,
                          0.5013336363996188,
                          0.5183348954582615],
                         [0.5191993518228352,
                          0.5146506359137121,
                          0.5034544591271476,
                          0.4937411069107365,
                          0.4968412915938441,
                          0.5066966030555919,
                          0.48361418365269115,
                          0.5054677784154691],
                         [0.4899554441419532,
                          0.5439599726087303,
                          0.4933325628172772,
                          0.4930223106866235,
                          0.48622539000533715,
                          0.5327695178253857,
                          0.5037260260537104,
                          0.4908192961068611],
                         [0.4743426008841115,
                          0.4824784181138596,
                          0.490453162079246,
                          0.48609043854201617,
                          0.4913253681628555,
                          0.4832581870199676,
                          0.47230705352074637,
                          0.47624190909018005],
                         [0.5049112083514261,
                          0.4737837040889589,
                          0.5238430569170783,
                          0.5347575655056174,
                          0.48908192021163854,
                          0.5046458846931225,
                          0.530010910880797,
                          0.48022178778628366],
                         [0.5155969774187741,
                          0.49557022297276987,
                          0.4737283558852336,
                          0.5273800509683252,
                          0.5181883212100276,
                          0.49145705438102577,
                          0.47611641720212433,
                          0.48081013477469425]]},
            {'activation': 'sigmoid',
             'bias': [-0.020728700579082507,
                      0.016114065837534657,
                      0.009109100971489814,
                      0.0019147468324234706,
                      0.018734102113584096],
             'name': 'output',
             'neurons': [],
             'num_neurons': 5,
             'weights': [[0.4672435765198597,
                          0.49608850396660514,
                          0.5184055558443283,
                          0.48434807411970787,
                          0.47314105014851365,
                          0.4862227046618933],
                         [0.5317818044347963,
                          0.5178283495018855,
                          0.48000648029736587,
                          0.4853878197094218,
                          0.49552055327350936,
                          0.48604479728981065],
                         [0.5332627324144793,
                          0.5148942990189582,
                          0.5112554408612479,
                          0.4995470768783948,
                          0.5010584988896559,
                          0.49692937539415666],
                         [0.5059549952092443,
                          0.483885942596315,
                          0.5235464461464033,
                          0.5049101110919063,
                          0.48523448185268214,
                          0.48225170997378586],
                         [0.5151098090346171,
                          0.5272806429619351,
                          0.522253377490669,
                          0.5069458715736047,
                          0.5035668920264086,
                          0.5048580752068198],
                         [0.47386725495810555,
                          0.5169677593026303,
                          0.49481615807023616,
                          0.485957110747358,
                          0.4817264159878173,
                          0.48737192099378734]]}]}
{'generation': 19,
 'inputs': [],
 'layers': [{'activation': 'sigmoid',
             'bias': [-0.02443682337912214,
                      0.04389707091563855,
                      -0.016228695188912744,
                      0.0024643248121237454,
                      0.022058354384376054,
                      0.015823360308543147,
                      -0.006203366430446819,
                      -0.026887280770260598],
             'name': 'input',
             'neurons': [<gameplay.Neuron object at 0x7f08e43147b8>,
                         <gameplay.Neuron object at 0x7f08e4314780>,
                         <gameplay.Neuron object at 0x7f08e4314198>,
                         <gameplay.Neuron object at 0x7f08e4314ac8>,
                         <gameplay.Neuron object at 0x7f08e4314b70>,
                         <gameplay.Neuron object at 0x7f08e4314b00>,
                         <gameplay.Neuron object at 0x7f08e4314c18>,
                         <gameplay.Neuron object at 0x7f08e4314c50>],
             'num_neurons': 8,
             'weights': [[0.4639792507877494,
                          0.48549373021637754,
                          0.4934903134002927,
                          0.5166276474296302,
                          0.49141409310047895,
                          0.4771045616884402,
                          0.5028071092546718,
                          0.49232921670885815,
                          0.5061564611625533,
                          0.5244266916198312],
                         [0.4949166325762044,
                          0.502226967008387,
                          0.5263138312891334,
                          0.5008986997981302,
                          0.5224479418900786,
                          0.4902034091204081,
                          0.4750584381640191,
                          0.46696393107703266,
                          0.5230796254476564,
                          0.524377244235426],
                         [0.516938303106275,
                          0.5022684713452394,
                          0.5004612208462859,
                          0.4980923230642875,
                          0.46341597304335025,
                          0.49934553566971973,
                          0.5141590709064743,
                          0.4884012867264014,
                          0.49980942079543716,
                          0.4979708629834228],
                         [0.511325212923192,
                          0.5073395651980432,
                          0.49862194757781797,
                          0.46060798999181496,
                          0.4890062802143056,
                          0.5090221412427969,
                          0.5051981896207768,
                          0.48799282011553324,
                          0.5202763677819292,
                          0.5284906984511331],
                         [0.49258391277561325,
                          0.5100889329419958,
                          0.49530147939388286,
                          0.5063167007477641,
                          0.49533069506085736,
                          0.4777373417893239,
                          0.5150087993833186,
                          0.5151098805115022,
                          0.5131123138443342,
                          0.5143990819197981],
                         [0.49057119839763697,
                          0.5246188125284713,
                          0.49674434752015884,
                          0.5054575190147217,
                          0.5035021841440722,
                          0.5130576075726724,
                          0.5218713631059648,
                          0.4791656914586181,
                          0.5148303592493968,
                          0.4697591631848068],
                         [0.5141502321895873,
                          0.5046986158517732,
                          0.528561986297749,
                          0.5318599046931429,
                          0.4897683750347948,
                          0.495465993236205,
                          0.5103682543793571,
                          0.5037978004735851,
                          0.5111784853243264,
                          0.5052235284951188],
                         [0.47779767740291307,
                          0.5191586798933233,
                          0.4963819751060395,
                          0.5008667462458213,
                          0.4963911461192011,
                          0.5107930183787855,
                          0.48896333974075185,
                          0.4930165356551861,
                          0.49730336398053,
                          0.48275794870906374]]},
            {'activation': 'sigmoid',
             'bias': [-0.0008316740946481601,
                      -0.012390458700847888,
                      -0.033104097007427516,
                      0.009026660549253667,
                      -0.008234565908447317,
                      -0.042999518112024564],
             'name': 'hidden1',
             'neurons': [<gameplay.Neuron object at 0x7f08e4314c88>,
                         <gameplay.Neuron object at 0x7f08e4314cc0>,
                         <gameplay.Neuron object at 0x7f08e4314d30>,
                         <gameplay.Neuron object at 0x7f08e4314cf8>,
                         <gameplay.Neuron object at 0x7f08e4314d68>,
                         <gameplay.Neuron object at 0x7f08e4314dd8>],
             'num_neurons': 6,
             'weights': [[0.48628401910923813,
                          0.46355262916855994,
                          0.5030085621552879,
                          0.4845538113630599,
                          0.5052276202350865,
                          0.49422039012753743,
                          0.5012895171874304,
                          0.5024708925203605],
                         [0.4933205047817098,
                          0.5008306888884276,
                          0.5080372528029871,
                          0.5063032351315105,
                          0.4691460448446066,
                          0.5026491832600307,
                          0.47419951029877055,
                          0.505380984447355],
                         [0.514641845869711,
                          0.5076071429028607,
                          0.5079327298984238,
                          0.5081694266994944,
                          0.5138940947613779,
                          0.5168847802258525,
                          0.5013336363996188,
                          0.5183348954582615],
                         [0.5191993518228352,
                          0.5146506359137121,
                          0.5034544591271476,
                          0.4937411069107365,
                          0.4968412915938441,
                          0.5066966030555919,
                          0.48361418365269115,
                          0.5054677784154691],
                         [0.4899554441419532,
                          0.5439599726087303,
                          0.4933325628172772,
                          0.4930223106866235,
                          0.48622539000533715,
                          0.5327695178253857,
                          0.5037260260537104,
                          0.4908192961068611],
                         [0.4743426008841115,
                          0.4824784181138596,
                          0.490453162079246,
                          0.48609043854201617,
                          0.4913253681628555,
                          0.4832581870199676,
                          0.47230705352074637,
                          0.47624190909018005],
                         [0.5049112083514261,
                          0.4737837040889589,
                          0.5238430569170783,
                          0.5347575655056174,
                          0.48908192021163854,
                          0.5046458846931225,
                          0.530010910880797,
                          0.48022178778628366],
                         [0.5155969774187741,
                          0.49557022297276987,
                          0.4737283558852336,
                          0.5273800509683252,
                          0.5181883212100276,
                          0.49145705438102577,
                          0.47611641720212433,
                          0.48081013477469425]]},
            {'activation': 'sigmoid',
             'bias': [-0.020728700579082507,
                      0.016114065837534657,
                      0.009109100971489814,
                      0.0019147468324234706,
                      0.018734102113584096],
             'name': 'output',
             'neurons': [<gameplay.Neuron object at 0x7f08e4314da0>,
                         <gameplay.Neuron object at 0x7f08e4314e10>,
                         <gameplay.Neuron object at 0x7f08e4314b38>,
                         <gameplay.Neuron object at 0x7f08e4314ba8>,
                         <gameplay.Neuron object at 0x7f08e4314be0>],
             'num_neurons': 5,
             'weights': [[0.4672435765198597,
                          0.49608850396660514,
                          0.5184055558443283,
                          0.48434807411970787,
                          0.47314105014851365,
                          0.4862227046618933],
                         [0.5317818044347963,
                          0.5178283495018855,
                          0.48000648029736587,
                          0.4853878197094218,
                          0.49552055327350936,
                          0.48604479728981065],
                         [0.5332627324144793,
                          0.5148942990189582,
                          0.5112554408612479,
                          0.4995470768783948,
                          0.5010584988896559,
                          0.49692937539415666],
                         [0.5059549952092443,
                          0.483885942596315,
                          0.5235464461464033,
                          0.5049101110919063,
                          0.48523448185268214,
                          0.48225170997378586],
                         [0.5151098090346171,
                          0.5272806429619351,
                          0.522253377490669,
                          0.5069458715736047,
                          0.5035668920264086,
                          0.5048580752068198],
                         [0.47386725495810555,
                          0.5169677593026303,
                          0.49481615807023616,
                          0.485957110747358,
                          0.4817264159878173,
                          0.48737192099378734]]}]}
load_tensorflow_graph: path = tensorflow/mario-model-simple-2019-07-17/frozen_inference_graph.pb
object_detection_graph = <tensorflow.python.framework.ops.Graph object at 0x7f08e4314f28>
Doing start sequence
Sleeping one second
sending start
sending empty
Found black world screen for the second time. exiting.



Seconds left: 368
Moves to the right: 78
frame count: 145
time start:  1568160925.1327279,   time_now: 1568160940.4883838
