pygame 1.9.6
Hello from the pygame community. https://www.pygame.org/contribute.html
Loading neural net from gameplay_neural_nets/59/grand_father_4.nn
net = {'generation': 54,
 'inputs': [],
 'layers': [{'activation': 'sigmoid',
             'bias': [0.01935517313880919,
                      -0.008987528211949062,
                      0.01097224907351475,
                      -0.023240344943906803,
                      0.019348844965115377,
                      -0.012294720818859772,
                      0.010179661769484812,
                      -0.02351020011142419],
             'name': 'input',
             'neurons': [],
             'num_neurons': 8,
             'weights': [[0.3749000038622045,
                          0.3977118511646068,
                          0.11444045119983927,
                          0.12225049126138737,
                          0.11142394821763765,
                          0.08317995745543982,
                          0.10005644466592625,
                          0.11011966026813513,
                          0.09621922022697678,
                          0.08880472709827263],
                         [0.3802105936163853,
                          0.3962066992097429,
                          0.09410195251675631,
                          0.0990519925690675,
                          0.09248250573582642,
                          0.09231289701525754,
                          0.09623144330786913,
                          0.0914020957292434,
                          0.09584446810789386,
                          0.10631839313480787],
                         [0.37306867615333217,
                          0.4328532597533438,
                          0.1001496673317179,
                          0.07635838229325458,
                          0.11484127720051159,
                          0.10882278974165667,
                          0.08179531369715845,
                          0.09252934625016905,
                          0.12007619415300042,
                          0.08583967686590582],
                         [0.407034497807641,
                          0.4055208418941509,
                          0.09471781506501957,
                          0.10194938517746321,
                          0.0779955958094068,
                          0.09366278661677531,
                          0.0955862093694325,
                          0.11991356274855403,
                          0.07544635129776477,
                          0.11985989300044615],
                         [0.38153068633782733,
                          0.39757761896575866,
                          0.05537179039838335,
                          0.11878367153266829,
                          0.09343331988754372,
                          0.11889856289028734,
                          0.09849080459137141,
                          0.12442522301186255,
                          0.08841939121916305,
                          0.0787572719889335],
                         [0.3589364329007303,
                          0.4018967163457807,
                          0.07209399899966082,
                          0.10074119350551484,
                          0.10733891452937994,
                          0.09267512217485054,
                          0.09339147708040033,
                          0.10660371552153215,
                          0.12159803670227769,
                          0.11834023514267575],
                         [0.3860244254135174,
                          0.379073466806708,
                          0.11618002327227697,
                          0.057850973763987235,
                          0.11359481880603982,
                          0.08679392250814724,
                          0.09067804163875563,
                          0.12066818196857328,
                          0.10115311898725846,
                          0.06987159957851186],
                         [0.40987076953529195,
                          0.4088524907675524,
                          0.06855963463488247,
                          0.06704707525814875,
                          0.1224284357494545,
                          0.06719651089449824,
                          0.07547233346207098,
                          0.14646598266274283,
                          0.08738948339607483,
                          0.08395835706650763]]},
            {'activation': 'sigmoid',
             'bias': [-0.0253686975023235,
                      0.03709021547994575,
                      0.011557406516957618,
                      0.01121214158955033,
                      0.024946040244860974],
             'name': 'output',
             'neurons': [],
             'num_neurons': 5,
             'weights': [[0.0877195015442582,
                          0.08393448796662362,
                          0.1055824324710289,
                          0.08103251020757687,
                          0.10797399787805582,
                          0.12546407105446483,
                          0.12311209565070376,
                          0.09168090788446434],
                         [0.07587134365580442,
                          0.07597546834742194,
                          0.07182078629601216,
                          0.13443403456273698,
                          0.09244418896477849,
                          0.09229309027560187,
                          0.07793416483166672,
                          0.1436356677793857],
                         [0.11177114576267996,
                          0.07102330081627445,
                          0.11448728032795304,
                          0.10636150978793474,
                          0.08703801127029198,
                          0.10695751516372631,
                          0.12033073621388622,
                          0.08900345343735988],
                         [0.0942611045811607,
                          0.0648798940333684,
                          0.10982576805839336,
                          0.0917071779903168,
                          0.12103310317707461,
                          0.12177233750544132,
                          0.11452780442811519,
                          0.09987963484130377],
                         [0.11837189699353864,
                          0.09228601152822936,
                          0.12433167187231813,
                          0.06300199025924673,
                          0.14766894845760822,
                          0.10699853572605744,
                          0.10083436774805508,
                          0.09221489752780322],
                         [0.10262537724319053,
                          0.12043316969600028,
                          0.12581408663049665,
                          0.09484694265520574,
                          0.07510050457980293,
                          0.11516437134728197,
                          0.09084516138495577,
                          0.118811255421733]]}]}
{'generation': 54,
 'inputs': [],
 'layers': [{'activation': 'sigmoid',
             'bias': [0.01935517313880919,
                      -0.008987528211949062,
                      0.01097224907351475,
                      -0.023240344943906803,
                      0.019348844965115377,
                      -0.012294720818859772,
                      0.010179661769484812,
                      -0.02351020011142419],
             'name': 'input',
             'neurons': [<gameplay.Neuron object at 0x7f85993ce898>,
                         <gameplay.Neuron object at 0x7f85993ce860>,
                         <gameplay.Neuron object at 0x7f85993ce278>,
                         <gameplay.Neuron object at 0x7f85993ceb38>,
                         <gameplay.Neuron object at 0x7f85993cebe0>,
                         <gameplay.Neuron object at 0x7f85993ceb70>,
                         <gameplay.Neuron object at 0x7f85993cecc0>,
                         <gameplay.Neuron object at 0x7f85993cec88>],
             'num_neurons': 8,
             'weights': [[0.3749000038622045,
                          0.3977118511646068,
                          0.11444045119983927,
                          0.12225049126138737,
                          0.11142394821763765,
                          0.08317995745543982,
                          0.10005644466592625,
                          0.11011966026813513,
                          0.09621922022697678,
                          0.08880472709827263],
                         [0.3802105936163853,
                          0.3962066992097429,
                          0.09410195251675631,
                          0.0990519925690675,
                          0.09248250573582642,
                          0.09231289701525754,
                          0.09623144330786913,
                          0.0914020957292434,
                          0.09584446810789386,
                          0.10631839313480787],
                         [0.37306867615333217,
                          0.4328532597533438,
                          0.1001496673317179,
                          0.07635838229325458,
                          0.11484127720051159,
                          0.10882278974165667,
                          0.08179531369715845,
                          0.09252934625016905,
                          0.12007619415300042,
                          0.08583967686590582],
                         [0.407034497807641,
                          0.4055208418941509,
                          0.09471781506501957,
                          0.10194938517746321,
                          0.0779955958094068,
                          0.09366278661677531,
                          0.0955862093694325,
                          0.11991356274855403,
                          0.07544635129776477,
                          0.11985989300044615],
                         [0.38153068633782733,
                          0.39757761896575866,
                          0.05537179039838335,
                          0.11878367153266829,
                          0.09343331988754372,
                          0.11889856289028734,
                          0.09849080459137141,
                          0.12442522301186255,
                          0.08841939121916305,
                          0.0787572719889335],
                         [0.3589364329007303,
                          0.4018967163457807,
                          0.07209399899966082,
                          0.10074119350551484,
                          0.10733891452937994,
                          0.09267512217485054,
                          0.09339147708040033,
                          0.10660371552153215,
                          0.12159803670227769,
                          0.11834023514267575],
                         [0.3860244254135174,
                          0.379073466806708,
                          0.11618002327227697,
                          0.057850973763987235,
                          0.11359481880603982,
                          0.08679392250814724,
                          0.09067804163875563,
                          0.12066818196857328,
                          0.10115311898725846,
                          0.06987159957851186],
                         [0.40987076953529195,
                          0.4088524907675524,
                          0.06855963463488247,
                          0.06704707525814875,
                          0.1224284357494545,
                          0.06719651089449824,
                          0.07547233346207098,
                          0.14646598266274283,
                          0.08738948339607483,
                          0.08395835706650763]]},
            {'activation': 'sigmoid',
             'bias': [-0.0253686975023235,
                      0.03709021547994575,
                      0.011557406516957618,
                      0.01121214158955033,
                      0.024946040244860974],
             'name': 'output',
             'neurons': [<gameplay.Neuron object at 0x7f85993cecf8>,
                         <gameplay.Neuron object at 0x7f85993ced30>,
                         <gameplay.Neuron object at 0x7f85993ceda0>,
                         <gameplay.Neuron object at 0x7f85993ced68>,
                         <gameplay.Neuron object at 0x7f85993cedd8>],
             'num_neurons': 5,
             'weights': [[0.0877195015442582,
                          0.08393448796662362,
                          0.1055824324710289,
                          0.08103251020757687,
                          0.10797399787805582,
                          0.12546407105446483,
                          0.12311209565070376,
                          0.09168090788446434],
                         [0.07587134365580442,
                          0.07597546834742194,
                          0.07182078629601216,
                          0.13443403456273698,
                          0.09244418896477849,
                          0.09229309027560187,
                          0.07793416483166672,
                          0.1436356677793857],
                         [0.11177114576267996,
                          0.07102330081627445,
                          0.11448728032795304,
                          0.10636150978793474,
                          0.08703801127029198,
                          0.10695751516372631,
                          0.12033073621388622,
                          0.08900345343735988],
                         [0.0942611045811607,
                          0.0648798940333684,
                          0.10982576805839336,
                          0.0917071779903168,
                          0.12103310317707461,
                          0.12177233750544132,
                          0.11452780442811519,
                          0.09987963484130377],
                         [0.11837189699353864,
                          0.09228601152822936,
                          0.12433167187231813,
                          0.06300199025924673,
                          0.14766894845760822,
                          0.10699853572605744,
                          0.10083436774805508,
                          0.09221489752780322],
                         [0.10262537724319053,
                          0.12043316969600028,
                          0.12581408663049665,
                          0.09484694265520574,
                          0.07510050457980293,
                          0.11516437134728197,
                          0.09084516138495577,
                          0.118811255421733]]}]}
load_tensorflow_graph: path = tensorflow/mario-model-simple-2019-07-17/frozen_inference_graph.pb
object_detection_graph = <tensorflow.python.framework.ops.Graph object at 0x7f85993cee80>
Doing start sequence
Sleeping one second
sending start
sending empty
Found black world screen for the second time. exiting.



Seconds left: 393
Moves to the right: 20
