pygame 1.9.6
Hello from the pygame community. https://www.pygame.org/contribute.html
Loading neural net from gameplay_neural_nets/94/10.nn
net = {'generation': 84,
 'inputs': [],
 'layers': [{'activation': 'sigmoid',
             'bias': [0.02739151166601817,
                      -0.01125052182001002,
                      0.008643460613193477,
                      -0.03504304672053627,
                      0.023135180205804365,
                      -0.03144001262199498,
                      0.022120825920380487,
                      -0.026813819524203725],
             'name': 'input',
             'neurons': [],
             'num_neurons': 8,
             'weights': [[0.36042791532430807,
                          0.4200780730933573,
                          0.1071223444980307,
                          0.12169631840610398,
                          0.10799375527364315,
                          0.08891920904892901,
                          0.09137469427374044,
                          0.10782048420697761,
                          0.08367461778550947,
                          0.09433474775301431],
                         [0.37311168210626267,
                          0.3663635873717586,
                          0.08770534902477986,
                          0.10196157925578501,
                          0.08645820049607099,
                          0.08610007295040967,
                          0.11097952828759905,
                          0.09023714597198819,
                          0.11903422245574213,
                          0.11911566856954305],
                         [0.37162181157560475,
                          0.4348822077154349,
                          0.09721379254596253,
                          0.0657954752642099,
                          0.1063628958769765,
                          0.1110570226619687,
                          0.09875184373088158,
                          0.10261826554757145,
                          0.10662058200948864,
                          0.09940085312342523],
                         [0.38134245184816074,
                          0.3909714745422767,
                          0.09046467511068791,
                          0.0980196046768684,
                          0.06120293083598937,
                          0.0920800483072338,
                          0.09684197663593784,
                          0.12106677304777845,
                          0.10319472473582614,
                          0.12158921186291842],
                         [0.3868775194118231,
                          0.3994835567563718,
                          0.04262315295958379,
                          0.1201215101721787,
                          0.08028206105418542,
                          0.1409106483112831,
                          0.12352163900391279,
                          0.13034765689776337,
                          0.09701000433579299,
                          0.06585034048706093],
                         [0.3711442808393615,
                          0.43379946349840226,
                          0.08375611660955772,
                          0.07760186829638409,
                          0.10411581335468756,
                          0.07527653749955145,
                          0.09595988087112753,
                          0.10535594444545222,
                          0.11444962565804873,
                          0.1099425669104658],
                         [0.3642448235406567,
                          0.3866922339776437,
                          0.11098223405602797,
                          0.06142456974748034,
                          0.11305431691704373,
                          0.1192544086374223,
                          0.10783995167797868,
                          0.120141629871259,
                          0.1060632898675574,
                          0.07150310129116076],
                         [0.3914922908687648,
                          0.4149489463926993,
                          0.05666206161660588,
                          0.07009659836801592,
                          0.12339376072320091,
                          0.045953524211783586,
                          0.07165885339020515,
                          0.1658668237362571,
                          0.09179280908335384,
                          0.07781496270220892]]},
            {'activation': 'sigmoid',
             'bias': [-0.03485792330148268,
                      0.028092959479360267,
                      0.0070870183682971,
                      -0.01361686657480158,
                      0.018207930779229102],
             'name': 'output',
             'neurons': [],
             'num_neurons': 5,
             'weights': [[0.06960819903081239,
                          0.08987110086319361,
                          0.09296595069616977,
                          0.058776749311009326,
                          0.10558741186324894,
                          0.13412675304381944,
                          0.12104092606714532,
                          0.10007476480938796],
                         [0.0780156967912735,
                          0.08601351595775841,
                          0.06794625489131331,
                          0.14890431599741086,
                          0.08647042849487929,
                          0.08594561623042746,
                          0.08280096307024261,
                          0.17108154708528645],
                         [0.13203006557369432,
                          0.07020488517153885,
                          0.11690852034700529,
                          0.09367186337237042,
                          0.08800794550363754,
                          0.11489719683603099,
                          0.14852199268673785,
                          0.09025117133769935],
                         [0.12159109373835089,
                          0.06716375461169706,
                          0.11887971465507444,
                          0.07359466719505127,
                          0.14148031973217667,
                          0.09593003581340655,
                          0.10169330279561041,
                          0.10313194767436513],
                         [0.11984977404209358,
                          0.0794476480420746,
                          0.1248836554028249,
                          0.06548494754727174,
                          0.1632618582183755,
                          0.11043883838555528,
                          0.10391367229203949,
                          0.11175765645276457],
                         [0.09407734199755748,
                          0.09774436770643914,
                          0.13558752701486718,
                          0.09976924142249789,
                          0.05978033429419156,
                          0.1104666927225433,
                          0.05884030691700197,
                          0.11606578126698897]]}]}
{'generation': 84,
 'inputs': [],
 'layers': [{'activation': 'sigmoid',
             'bias': [0.02739151166601817,
                      -0.01125052182001002,
                      0.008643460613193477,
                      -0.03504304672053627,
                      0.023135180205804365,
                      -0.03144001262199498,
                      0.022120825920380487,
                      -0.026813819524203725],
             'name': 'input',
             'neurons': [<gameplay.Neuron object at 0x7fa3c7dd8860>,
                         <gameplay.Neuron object at 0x7fa3c7dd8828>,
                         <gameplay.Neuron object at 0x7fa3c7dd8240>,
                         <gameplay.Neuron object at 0x7fa3c7dd8b00>,
                         <gameplay.Neuron object at 0x7fa3c7dd8ba8>,
                         <gameplay.Neuron object at 0x7fa3c7dd8b38>,
                         <gameplay.Neuron object at 0x7fa3c7dd8c88>,
                         <gameplay.Neuron object at 0x7fa3c7dd8c50>],
             'num_neurons': 8,
             'weights': [[0.36042791532430807,
                          0.4200780730933573,
                          0.1071223444980307,
                          0.12169631840610398,
                          0.10799375527364315,
                          0.08891920904892901,
                          0.09137469427374044,
                          0.10782048420697761,
                          0.08367461778550947,
                          0.09433474775301431],
                         [0.37311168210626267,
                          0.3663635873717586,
                          0.08770534902477986,
                          0.10196157925578501,
                          0.08645820049607099,
                          0.08610007295040967,
                          0.11097952828759905,
                          0.09023714597198819,
                          0.11903422245574213,
                          0.11911566856954305],
                         [0.37162181157560475,
                          0.4348822077154349,
                          0.09721379254596253,
                          0.0657954752642099,
                          0.1063628958769765,
                          0.1110570226619687,
                          0.09875184373088158,
                          0.10261826554757145,
                          0.10662058200948864,
                          0.09940085312342523],
                         [0.38134245184816074,
                          0.3909714745422767,
                          0.09046467511068791,
                          0.0980196046768684,
                          0.06120293083598937,
                          0.0920800483072338,
                          0.09684197663593784,
                          0.12106677304777845,
                          0.10319472473582614,
                          0.12158921186291842],
                         [0.3868775194118231,
                          0.3994835567563718,
                          0.04262315295958379,
                          0.1201215101721787,
                          0.08028206105418542,
                          0.1409106483112831,
                          0.12352163900391279,
                          0.13034765689776337,
                          0.09701000433579299,
                          0.06585034048706093],
                         [0.3711442808393615,
                          0.43379946349840226,
                          0.08375611660955772,
                          0.07760186829638409,
                          0.10411581335468756,
                          0.07527653749955145,
                          0.09595988087112753,
                          0.10535594444545222,
                          0.11444962565804873,
                          0.1099425669104658],
                         [0.3642448235406567,
                          0.3866922339776437,
                          0.11098223405602797,
                          0.06142456974748034,
                          0.11305431691704373,
                          0.1192544086374223,
                          0.10783995167797868,
                          0.120141629871259,
                          0.1060632898675574,
                          0.07150310129116076],
                         [0.3914922908687648,
                          0.4149489463926993,
                          0.05666206161660588,
                          0.07009659836801592,
                          0.12339376072320091,
                          0.045953524211783586,
                          0.07165885339020515,
                          0.1658668237362571,
                          0.09179280908335384,
                          0.07781496270220892]]},
            {'activation': 'sigmoid',
             'bias': [-0.03485792330148268,
                      0.028092959479360267,
                      0.0070870183682971,
                      -0.01361686657480158,
                      0.018207930779229102],
             'name': 'output',
             'neurons': [<gameplay.Neuron object at 0x7fa3c7dd8cc0>,
                         <gameplay.Neuron object at 0x7fa3c7dd8cf8>,
                         <gameplay.Neuron object at 0x7fa3c7dd8d68>,
                         <gameplay.Neuron object at 0x7fa3c7dd8d30>,
                         <gameplay.Neuron object at 0x7fa3c7dd8da0>],
             'num_neurons': 5,
             'weights': [[0.06960819903081239,
                          0.08987110086319361,
                          0.09296595069616977,
                          0.058776749311009326,
                          0.10558741186324894,
                          0.13412675304381944,
                          0.12104092606714532,
                          0.10007476480938796],
                         [0.0780156967912735,
                          0.08601351595775841,
                          0.06794625489131331,
                          0.14890431599741086,
                          0.08647042849487929,
                          0.08594561623042746,
                          0.08280096307024261,
                          0.17108154708528645],
                         [0.13203006557369432,
                          0.07020488517153885,
                          0.11690852034700529,
                          0.09367186337237042,
                          0.08800794550363754,
                          0.11489719683603099,
                          0.14852199268673785,
                          0.09025117133769935],
                         [0.12159109373835089,
                          0.06716375461169706,
                          0.11887971465507444,
                          0.07359466719505127,
                          0.14148031973217667,
                          0.09593003581340655,
                          0.10169330279561041,
                          0.10313194767436513],
                         [0.11984977404209358,
                          0.0794476480420746,
                          0.1248836554028249,
                          0.06548494754727174,
                          0.1632618582183755,
                          0.11043883838555528,
                          0.10391367229203949,
                          0.11175765645276457],
                         [0.09407734199755748,
                          0.09774436770643914,
                          0.13558752701486718,
                          0.09976924142249789,
                          0.05978033429419156,
                          0.1104666927225433,
                          0.05884030691700197,
                          0.11606578126698897]]}]}
load_tensorflow_graph: path = tensorflow/mario-model-simple-2019-07-17/frozen_inference_graph.pb
object_detection_graph = <tensorflow.python.framework.ops.Graph object at 0x7fa3c7dd8e48>
Doing start sequence
Sleeping one second
sending start
sending empty
Found black world screen for the second time. exiting.



Seconds left: 360
Moves to the right: 68
