pygame 1.9.6
Hello from the pygame community. https://www.pygame.org/contribute.html
Loading neural net from gameplay_neural_nets/3/8.nn
net = {'generation': 3,
 'inputs': [],
 'layers': [{'activation': 'sigmoid',
             'bias': [0.008531878455061865,
                      0.008996469567148902,
                      0.0013892388340421228,
                      -0.004085202916666244,
                      0,
                      0.009205538311593145,
                      0,
                      -0.0076424191009286345],
             'name': 'input',
             'neurons': [],
             'num_neurons': 8,
             'weights': [[0.5,
                          0.5,
                          0.5,
                          0.5068991773937941,
                          0.5,
                          0.4974684784990042,
                          0.5,
                          0.5,
                          0.4859598258304622,
                          0.5143642073861727],
                         [0.5,
                          0.5,
                          0.5,
                          0.5,
                          0.5,
                          0.500854199582054,
                          0.5,
                          0.49768300665178733,
                          0.5,
                          0.5],
                         [0.5022099031354434,
                          0.49461914673390706,
                          0.5022547232483636,
                          0.505325106554117,
                          0.49356492432012644,
                          0.5,
                          0.49556095025731883,
                          0.49816552437220174,
                          0.4975432749826968,
                          0.5],
                         [0.496382188748108,
                          0.5,
                          0.5,
                          0.504823516770948,
                          0.4943514640984786,
                          0.5015254704289719,
                          0.4924194947284149,
                          0.4915957612438329,
                          0.5096315652554698,
                          0.5],
                         [0.507256440878209,
                          0.48124710277725113,
                          0.5,
                          0.49888031706673047,
                          0.4974890186847802,
                          0.5,
                          0.5033148083149526,
                          0.49461998518930184,
                          0.4981897541781169,
                          0.5032879115395116],
                         [0.5,
                          0.5,
                          0.5,
                          0.4928781833627939,
                          0.49860956558149727,
                          0.49433261121130134,
                          0.5,
                          0.5,
                          0.49838701883750774,
                          0.5],
                         [0.5,
                          0.5,
                          0.5,
                          0.49148151761569264,
                          0.5,
                          0.5,
                          0.498191407567349,
                          0.5000844892133292,
                          0.5,
                          0.5],
                         [0.5,
                          0.5,
                          0.49086624788697997,
                          0.5041986659700641,
                          0.5,
                          0.5,
                          0.49575432784018053,
                          0.5036347100090477,
                          0.5,
                          0.49316625869398967]]},
            {'activation': 'sigmoid',
             'bias': [0,
                      0,
                      -0.0014377248793668047,
                      -0.001175118915431015,
                      0,
                      -0.007936604358919006],
             'name': 'hidden1',
             'neurons': [],
             'num_neurons': 6,
             'weights': [[0.4916465005865546,
                          0.4990388907770697,
                          0.4982078256108695,
                          0.5057412334704614,
                          0.4979145035472168,
                          0.5083986553455694,
                          0.5,
                          0.5],
                         [0.5,
                          0.5,
                          0.501598626409793,
                          0.5,
                          0.5035067361784848,
                          0.4906229675818142,
                          0.4942071522554389,
                          0.500723041997148],
                         [0.5099966457928844,
                          0.49416366751664553,
                          0.5,
                          0.4975578318190324,
                          0.5007520903482955,
                          0.5028286704461025,
                          0.508427417700931,
                          0.4993113298719212],
                         [0.5037793428917383,
                          0.5,
                          0.5,
                          0.5078722823053987,
                          0.5042530472749415,
                          0.4992117896567888,
                          0.5,
                          0.5061563794237653],
                         [0.5,
                          0.4962402938995281,
                          0.5,
                          0.49803016078054185,
                          0.5,
                          0.5095927285537423,
                          0.5,
                          0.5070342232182096],
                         [0.504641284853416,
                          0.5,
                          0.49571038413293067,
                          0.498238598212412,
                          0.4911104060953678,
                          0.5030638255317631,
                          0.5,
                          0.4850713811471016],
                         [0.5,
                          0.49752852826684685,
                          0.5,
                          0.5155292046675377,
                          0.5,
                          0.5034401647046259,
                          0.5,
                          0.4949296546975887],
                         [0.4907038353102097,
                          0.49112459818211,
                          0.5024290461769427,
                          0.5027070729535806,
                          0.4907973046921086,
                          0.4958328249531159,
                          0.49548984315418426,
                          0.5]]},
            {'activation': 'sigmoid',
             'bias': [-0.005154931219010093,
                      0.0018653674646937554,
                      0.0038855268390685397,
                      0,
                      0.005245655031620413],
             'name': 'output',
             'neurons': [],
             'num_neurons': 5,
             'weights': [[0.4937550394982917,
                          0.5081378553800956,
                          0.5077899987674629,
                          0.5012538355904408,
                          0.49472746499841824,
                          0.5],
                         [0.5,
                          0.5044791344699837,
                          0.5,
                          0.5000202262942445,
                          0.5007632872402664,
                          0.4919312371202133],
                         [0.5, 0.5, 0.5, 0.5019621353213205, 0.5, 0.5],
                         [0.5018233831917092,
                          0.5,
                          0.5,
                          0.5055115481273383,
                          0.4927670408957416,
                          0.500204617496284],
                         [0.5010019135509687,
                          0.49337871398640404,
                          0.5086587584296756,
                          0.49169962430466313,
                          0.5067197127884675,
                          0.49772928529877136],
                         [0.4994830639347145,
                          0.5025787020739312,
                          0.510347109399764,
                          0.49162436650459335,
                          0.5045434333877115,
                          0.49270644009494563]]}]}
{'generation': 3,
 'inputs': [],
 'layers': [{'activation': 'sigmoid',
             'bias': [0.008531878455061865,
                      0.008996469567148902,
                      0.0013892388340421228,
                      -0.004085202916666244,
                      0,
                      0.009205538311593145,
                      0,
                      -0.0076424191009286345],
             'name': 'input',
             'neurons': [<gameplay.Neuron object at 0x7f1e5f7c3828>,
                         <gameplay.Neuron object at 0x7f1e5f7c37f0>,
                         <gameplay.Neuron object at 0x7f1e5f7c3208>,
                         <gameplay.Neuron object at 0x7f1e5f7c3b38>,
                         <gameplay.Neuron object at 0x7f1e5f7c3be0>,
                         <gameplay.Neuron object at 0x7f1e5f7c3b70>,
                         <gameplay.Neuron object at 0x7f1e5f7c3cc0>,
                         <gameplay.Neuron object at 0x7f1e5f7c3e10>],
             'num_neurons': 8,
             'weights': [[0.5,
                          0.5,
                          0.5,
                          0.5068991773937941,
                          0.5,
                          0.4974684784990042,
                          0.5,
                          0.5,
                          0.4859598258304622,
                          0.5143642073861727],
                         [0.5,
                          0.5,
                          0.5,
                          0.5,
                          0.5,
                          0.500854199582054,
                          0.5,
                          0.49768300665178733,
                          0.5,
                          0.5],
                         [0.5022099031354434,
                          0.49461914673390706,
                          0.5022547232483636,
                          0.505325106554117,
                          0.49356492432012644,
                          0.5,
                          0.49556095025731883,
                          0.49816552437220174,
                          0.4975432749826968,
                          0.5],
                         [0.496382188748108,
                          0.5,
                          0.5,
                          0.504823516770948,
                          0.4943514640984786,
                          0.5015254704289719,
                          0.4924194947284149,
                          0.4915957612438329,
                          0.5096315652554698,
                          0.5],
                         [0.507256440878209,
                          0.48124710277725113,
                          0.5,
                          0.49888031706673047,
                          0.4974890186847802,
                          0.5,
                          0.5033148083149526,
                          0.49461998518930184,
                          0.4981897541781169,
                          0.5032879115395116],
                         [0.5,
                          0.5,
                          0.5,
                          0.4928781833627939,
                          0.49860956558149727,
                          0.49433261121130134,
                          0.5,
                          0.5,
                          0.49838701883750774,
                          0.5],
                         [0.5,
                          0.5,
                          0.5,
                          0.49148151761569264,
                          0.5,
                          0.5,
                          0.498191407567349,
                          0.5000844892133292,
                          0.5,
                          0.5],
                         [0.5,
                          0.5,
                          0.49086624788697997,
                          0.5041986659700641,
                          0.5,
                          0.5,
                          0.49575432784018053,
                          0.5036347100090477,
                          0.5,
                          0.49316625869398967]]},
            {'activation': 'sigmoid',
             'bias': [0,
                      0,
                      -0.0014377248793668047,
                      -0.001175118915431015,
                      0,
                      -0.007936604358919006],
             'name': 'hidden1',
             'neurons': [<gameplay.Neuron object at 0x7f1e5f7c3c50>,
                         <gameplay.Neuron object at 0x7f1e5f7c3d68>,
                         <gameplay.Neuron object at 0x7f1e5f7c3c18>,
                         <gameplay.Neuron object at 0x7f1e5f7c3dd8>,
                         <gameplay.Neuron object at 0x7f1e5f7c3eb8>,
                         <gameplay.Neuron object at 0x7f1e5f7c3f28>],
             'num_neurons': 6,
             'weights': [[0.4916465005865546,
                          0.4990388907770697,
                          0.4982078256108695,
                          0.5057412334704614,
                          0.4979145035472168,
                          0.5083986553455694,
                          0.5,
                          0.5],
                         [0.5,
                          0.5,
                          0.501598626409793,
                          0.5,
                          0.5035067361784848,
                          0.4906229675818142,
                          0.4942071522554389,
                          0.500723041997148],
                         [0.5099966457928844,
                          0.49416366751664553,
                          0.5,
                          0.4975578318190324,
                          0.5007520903482955,
                          0.5028286704461025,
                          0.508427417700931,
                          0.4993113298719212],
                         [0.5037793428917383,
                          0.5,
                          0.5,
                          0.5078722823053987,
                          0.5042530472749415,
                          0.4992117896567888,
                          0.5,
                          0.5061563794237653],
                         [0.5,
                          0.4962402938995281,
                          0.5,
                          0.49803016078054185,
                          0.5,
                          0.5095927285537423,
                          0.5,
                          0.5070342232182096],
                         [0.504641284853416,
                          0.5,
                          0.49571038413293067,
                          0.498238598212412,
                          0.4911104060953678,
                          0.5030638255317631,
                          0.5,
                          0.4850713811471016],
                         [0.5,
                          0.49752852826684685,
                          0.5,
                          0.5155292046675377,
                          0.5,
                          0.5034401647046259,
                          0.5,
                          0.4949296546975887],
                         [0.4907038353102097,
                          0.49112459818211,
                          0.5024290461769427,
                          0.5027070729535806,
                          0.4907973046921086,
                          0.4958328249531159,
                          0.49548984315418426,
                          0.5]]},
            {'activation': 'sigmoid',
             'bias': [-0.005154931219010093,
                      0.0018653674646937554,
                      0.0038855268390685397,
                      0,
                      0.005245655031620413],
             'name': 'output',
             'neurons': [<gameplay.Neuron object at 0x7f1e5f7c3f60>,
                         <gameplay.Neuron object at 0x7f1e5f7c3f98>,
                         <gameplay.Neuron object at 0x7f1e5f7c3cf8>,
                         <gameplay.Neuron object at 0x7f1e5f7c3fd0>,
                         <gameplay.Neuron object at 0x7f1e5f7c3e80>],
             'num_neurons': 5,
             'weights': [[0.4937550394982917,
                          0.5081378553800956,
                          0.5077899987674629,
                          0.5012538355904408,
                          0.49472746499841824,
                          0.5],
                         [0.5,
                          0.5044791344699837,
                          0.5,
                          0.5000202262942445,
                          0.5007632872402664,
                          0.4919312371202133],
                         [0.5, 0.5, 0.5, 0.5019621353213205, 0.5, 0.5],
                         [0.5018233831917092,
                          0.5,
                          0.5,
                          0.5055115481273383,
                          0.4927670408957416,
                          0.500204617496284],
                         [0.5010019135509687,
                          0.49337871398640404,
                          0.5086587584296756,
                          0.49169962430466313,
                          0.5067197127884675,
                          0.49772928529877136],
                         [0.4994830639347145,
                          0.5025787020739312,
                          0.510347109399764,
                          0.49162436650459335,
                          0.5045434333877115,
                          0.49270644009494563]]}]}
load_tensorflow_graph: path = tensorflow/mario-model-simple-2019-07-17/frozen_inference_graph.pb
object_detection_graph = <tensorflow.python.framework.ops.Graph object at 0x7f1e5f7c3da0>
Doing start sequence
Sleeping one second
sending start
sending empty
Found black world screen for the second time. exiting.



Seconds left: 393
Moves to the right: 28
frame count: 83
time start:  1567859835.6415117,   time_now: 1567859843.188137
