pygame 1.9.6
Hello from the pygame community. https://www.pygame.org/contribute.html
Loading neural net from gameplay_neural_nets/3/9.nn
net = {'generation': 3,
 'inputs': [],
 'layers': [{'activation': 'sigmoid',
             'bias': [-0.008458717901580313,
                      0.008996469567148902,
                      -0.0018902796335730637,
                      -0.012302151884025966,
                      0.008910811560231552,
                      0.009205538311593145,
                      0,
                      -0.0076424191009286345],
             'name': 'input',
             'neurons': [],
             'num_neurons': 8,
             'weights': [[0.5017581322209733,
                          0.5,
                          0.5,
                          0.5068991773937941,
                          0.5,
                          0.4974684784990042,
                          0.49170149683567366,
                          0.49496262458550555,
                          0.4897779248135543,
                          0.5070772071537727],
                         [0.4941547555422234,
                          0.5,
                          0.5,
                          0.5,
                          0.5,
                          0.5,
                          0.5,
                          0.5,
                          0.5077904099063664,
                          0.5],
                         [0.5072164192742026,
                          0.4871054923333574,
                          0.4914426127503876,
                          0.5102476344185448,
                          0.49356492432012644,
                          0.5049624875995758,
                          0.4968874360220168,
                          0.5099809949489015,
                          0.5095631639040561,
                          0.5],
                         [0.5013610544583827,
                          0.5,
                          0.5029933383998919,
                          0.5,
                          0.4943514640984786,
                          0.5015254704289719,
                          0.5060677730511411,
                          0.48980875337521734,
                          0.5012877160275119,
                          0.5],
                         [0.5,
                          0.4906218962380317,
                          0.4980181638425729,
                          0.5016822435700939,
                          0.48540891377360823,
                          0.5089010373351343,
                          0.5033148083149526,
                          0.5047495010509814,
                          0.4988244677181611,
                          0.5098062950312137],
                         [0.5,
                          0.49719449487647993,
                          0.5,
                          0.4985937427994469,
                          0.5024335231329626,
                          0.48779226500173156,
                          0.49492217843877845,
                          0.5,
                          0.5,
                          0.5],
                         [0.49362573897910234,
                          0.5,
                          0.4976832274935082,
                          0.5,
                          0.5,
                          0.49000945624189335,
                          0.49514097929357787,
                          0.5,
                          0.509655772281134,
                          0.5007147177157883],
                         [0.5038376404268303,
                          0.5088476922875934,
                          0.5,
                          0.5070211263946639,
                          0.5054609407976979,
                          0.5053332803137304,
                          0.49575432784018053,
                          0.5103569790249017,
                          0.5,
                          0.49316625869398967]]},
            {'activation': 'sigmoid',
             'bias': [0,
                      0,
                      -0.007398661776241759,
                      0.004751867776586729,
                      0.008651430297321917,
                      -0.007936604358919006],
             'name': 'hidden1',
             'neurons': [],
             'num_neurons': 6,
             'weights': [[0.4916465005865546,
                          0.4990388907770697,
                          0.5,
                          0.5057412334704614,
                          0.5,
                          0.5098249110252884,
                          0.5,
                          0.5],
                         [0.5,
                          0.49072772675823206,
                          0.5032277362781474,
                          0.4936070405482467,
                          0.49603509711224253,
                          0.4906229675818142,
                          0.4942071522554389,
                          0.500723041997148],
                         [0.5006924567934151,
                          0.49416366751664553,
                          0.5,
                          0.4975578318190324,
                          0.5007520903482955,
                          0.5028286704461025,
                          0.5054827831317128,
                          0.4990075012886087],
                         [0.5037793428917383,
                          0.49606473537168516,
                          0.5,
                          0.49349351764347676,
                          0.49128027757971593,
                          0.4992117896567888,
                          0.5052510660947733,
                          0.5061563794237653],
                         [0.5,
                          0.5048961361356135,
                          0.5,
                          0.4988298947362742,
                          0.5,
                          0.5095927285537423,
                          0.5,
                          0.4933891199054554],
                         [0.502594466914371,
                          0.5,
                          0.49571038413293067,
                          0.4978179451012345,
                          0.5,
                          0.4941297693738746,
                          0.5,
                          0.4814645062016104],
                         [0.5,
                          0.5,
                          0.5,
                          0.5118147987118975,
                          0.5018324815138177,
                          0.49891161758157254,
                          0.5,
                          0.4949296546975887],
                         [0.5,
                          0.48939821737670036,
                          0.5,
                          0.5084886126965115,
                          0.5,
                          0.5,
                          0.5,
                          0.5]]},
            {'activation': 'sigmoid',
             'bias': [-0.014227997290608243,
                      0.0019176317964036578,
                      0.0050556182055881615,
                      0,
                      0],
             'name': 'output',
             'neurons': [],
             'num_neurons': 5,
             'weights': [[0.4942566548403354,
                          0.5143012635038446,
                          0.5077899987674629,
                          0.49719989462044084,
                          0.49192826719920596,
                          0.5],
                         [0.4985463898950917,
                          0.49877963141561693,
                          0.5,
                          0.5059884658591908,
                          0.5,
                          0.5],
                         [0.5, 0.5, 0.5, 0.5, 0.5, 0.5],
                         [0.4925144026919587,
                          0.5,
                          0.4929346928886081,
                          0.4998828472360829,
                          0.506597326519507,
                          0.5],
                         [0.5001710176086119,
                          0.5,
                          0.5086587584296756,
                          0.5,
                          0.49942964513399746,
                          0.49995513980248224],
                         [0.4994830639347145,
                          0.5024328056426908,
                          0.5078142973049921,
                          0.4902925629777208,
                          0.5,
                          0.5]]}]}
{'generation': 3,
 'inputs': [],
 'layers': [{'activation': 'sigmoid',
             'bias': [-0.008458717901580313,
                      0.008996469567148902,
                      -0.0018902796335730637,
                      -0.012302151884025966,
                      0.008910811560231552,
                      0.009205538311593145,
                      0,
                      -0.0076424191009286345],
             'name': 'input',
             'neurons': [<gameplay.Neuron object at 0x7f2069869828>,
                         <gameplay.Neuron object at 0x7f20698697f0>,
                         <gameplay.Neuron object at 0x7f2069869208>,
                         <gameplay.Neuron object at 0x7f2069869b38>,
                         <gameplay.Neuron object at 0x7f2069869be0>,
                         <gameplay.Neuron object at 0x7f2069869b70>,
                         <gameplay.Neuron object at 0x7f2069869c50>,
                         <gameplay.Neuron object at 0x7f2069869e10>],
             'num_neurons': 8,
             'weights': [[0.5017581322209733,
                          0.5,
                          0.5,
                          0.5068991773937941,
                          0.5,
                          0.4974684784990042,
                          0.49170149683567366,
                          0.49496262458550555,
                          0.4897779248135543,
                          0.5070772071537727],
                         [0.4941547555422234,
                          0.5,
                          0.5,
                          0.5,
                          0.5,
                          0.5,
                          0.5,
                          0.5,
                          0.5077904099063664,
                          0.5],
                         [0.5072164192742026,
                          0.4871054923333574,
                          0.4914426127503876,
                          0.5102476344185448,
                          0.49356492432012644,
                          0.5049624875995758,
                          0.4968874360220168,
                          0.5099809949489015,
                          0.5095631639040561,
                          0.5],
                         [0.5013610544583827,
                          0.5,
                          0.5029933383998919,
                          0.5,
                          0.4943514640984786,
                          0.5015254704289719,
                          0.5060677730511411,
                          0.48980875337521734,
                          0.5012877160275119,
                          0.5],
                         [0.5,
                          0.4906218962380317,
                          0.4980181638425729,
                          0.5016822435700939,
                          0.48540891377360823,
                          0.5089010373351343,
                          0.5033148083149526,
                          0.5047495010509814,
                          0.4988244677181611,
                          0.5098062950312137],
                         [0.5,
                          0.49719449487647993,
                          0.5,
                          0.4985937427994469,
                          0.5024335231329626,
                          0.48779226500173156,
                          0.49492217843877845,
                          0.5,
                          0.5,
                          0.5],
                         [0.49362573897910234,
                          0.5,
                          0.4976832274935082,
                          0.5,
                          0.5,
                          0.49000945624189335,
                          0.49514097929357787,
                          0.5,
                          0.509655772281134,
                          0.5007147177157883],
                         [0.5038376404268303,
                          0.5088476922875934,
                          0.5,
                          0.5070211263946639,
                          0.5054609407976979,
                          0.5053332803137304,
                          0.49575432784018053,
                          0.5103569790249017,
                          0.5,
                          0.49316625869398967]]},
            {'activation': 'sigmoid',
             'bias': [0,
                      0,
                      -0.007398661776241759,
                      0.004751867776586729,
                      0.008651430297321917,
                      -0.007936604358919006],
             'name': 'hidden1',
             'neurons': [<gameplay.Neuron object at 0x7f2069869da0>,
                         <gameplay.Neuron object at 0x7f2069869cc0>,
                         <gameplay.Neuron object at 0x7f2069869e48>,
                         <gameplay.Neuron object at 0x7f2069869eb8>,
                         <gameplay.Neuron object at 0x7f2069869c88>,
                         <gameplay.Neuron object at 0x7f2069869e80>],
             'num_neurons': 6,
             'weights': [[0.4916465005865546,
                          0.4990388907770697,
                          0.5,
                          0.5057412334704614,
                          0.5,
                          0.5098249110252884,
                          0.5,
                          0.5],
                         [0.5,
                          0.49072772675823206,
                          0.5032277362781474,
                          0.4936070405482467,
                          0.49603509711224253,
                          0.4906229675818142,
                          0.4942071522554389,
                          0.500723041997148],
                         [0.5006924567934151,
                          0.49416366751664553,
                          0.5,
                          0.4975578318190324,
                          0.5007520903482955,
                          0.5028286704461025,
                          0.5054827831317128,
                          0.4990075012886087],
                         [0.5037793428917383,
                          0.49606473537168516,
                          0.5,
                          0.49349351764347676,
                          0.49128027757971593,
                          0.4992117896567888,
                          0.5052510660947733,
                          0.5061563794237653],
                         [0.5,
                          0.5048961361356135,
                          0.5,
                          0.4988298947362742,
                          0.5,
                          0.5095927285537423,
                          0.5,
                          0.4933891199054554],
                         [0.502594466914371,
                          0.5,
                          0.49571038413293067,
                          0.4978179451012345,
                          0.5,
                          0.4941297693738746,
                          0.5,
                          0.4814645062016104],
                         [0.5,
                          0.5,
                          0.5,
                          0.5118147987118975,
                          0.5018324815138177,
                          0.49891161758157254,
                          0.5,
                          0.4949296546975887],
                         [0.5,
                          0.48939821737670036,
                          0.5,
                          0.5084886126965115,
                          0.5,
                          0.5,
                          0.5,
                          0.5]]},
            {'activation': 'sigmoid',
             'bias': [-0.014227997290608243,
                      0.0019176317964036578,
                      0.0050556182055881615,
                      0,
                      0],
             'name': 'output',
             'neurons': [<gameplay.Neuron object at 0x7f2069869f98>,
                         <gameplay.Neuron object at 0x7f2069869f28>,
                         <gameplay.Neuron object at 0x7f2069869f60>,
                         <gameplay.Neuron object at 0x7f2069869c18>,
                         <gameplay.Neuron object at 0x7f2069869fd0>],
             'num_neurons': 5,
             'weights': [[0.4942566548403354,
                          0.5143012635038446,
                          0.5077899987674629,
                          0.49719989462044084,
                          0.49192826719920596,
                          0.5],
                         [0.4985463898950917,
                          0.49877963141561693,
                          0.5,
                          0.5059884658591908,
                          0.5,
                          0.5],
                         [0.5, 0.5, 0.5, 0.5, 0.5, 0.5],
                         [0.4925144026919587,
                          0.5,
                          0.4929346928886081,
                          0.4998828472360829,
                          0.506597326519507,
                          0.5],
                         [0.5001710176086119,
                          0.5,
                          0.5086587584296756,
                          0.5,
                          0.49942964513399746,
                          0.49995513980248224],
                         [0.4994830639347145,
                          0.5024328056426908,
                          0.5078142973049921,
                          0.4902925629777208,
                          0.5,
                          0.5]]}]}
load_tensorflow_graph: path = tensorflow/mario-model-simple-2019-07-17/frozen_inference_graph.pb
object_detection_graph = <tensorflow.python.framework.ops.Graph object at 0x7f2069869cf8>
Doing start sequence
Sleeping one second
sending start
sending empty
Found black world screen for the second time. exiting.



Seconds left: 348
Moves to the right: 139
frame count: 213
time start:  1567859848.8318772,   time_now: 1567859871.0609138
