pygame 1.9.6
Hello from the pygame community. https://www.pygame.org/contribute.html
Loading neural net from gameplay_neural_nets/116/10.nn
net = {'generation': 105,
 'inputs': [],
 'layers': [{'activation': 'sigmoid',
             'bias': [0.014002930923923015,
                      -0.01290151648973928,
                      -0.016200499753435023,
                      -0.030611970892930215,
                      -0.00298974978118635,
                      -0.03573575703967746,
                      0.028155978780749602,
                      -0.02259687482793915],
             'name': 'input',
             'neurons': [],
             'num_neurons': 8,
             'weights': [[0.35869254236922116,
                          0.4308689038616817,
                          0.08518418235382132,
                          0.11175120023384624,
                          0.08103452998639407,
                          0.08654421345683624,
                          0.08500577714948238,
                          0.08557977409400938,
                          0.0709765212339877,
                          0.0888662581785871],
                         [0.3857699807719605,
                          0.36712653918671007,
                          0.1013737808193397,
                          0.09468704677817714,
                          0.11671814695722788,
                          0.06776803980593167,
                          0.11977832019174098,
                          0.09443388228553376,
                          0.11974836764972073,
                          0.12125305066884827],
                         [0.3740456616886317,
                          0.4333970938853744,
                          0.10467145089508323,
                          0.05787175788376005,
                          0.11320214560036602,
                          0.10227233458009129,
                          0.10125154496606487,
                          0.10409492041597183,
                          0.0906296682925628,
                          0.0965491683647293],
                         [0.3706592482060806,
                          0.38882784269314746,
                          0.10503273467970903,
                          0.12281078320977776,
                          0.049084950266517775,
                          0.08000811232262955,
                          0.08542609755137781,
                          0.1245042740005227,
                          0.10451931451468546,
                          0.1186257685313882],
                         [0.3988987719471317,
                          0.3877260014635799,
                          0.06485599074908754,
                          0.12241535411531271,
                          0.0896645973596474,
                          0.14675366955218982,
                          0.10464492519511459,
                          0.13075193073026353,
                          0.09368060703094092,
                          0.06168235724813953],
                         [0.3616041114711977,
                          0.438071972261865,
                          0.0770253976038218,
                          0.07607241547253614,
                          0.11251233047453384,
                          0.0667892725335323,
                          0.11236012416333883,
                          0.11353821870184941,
                          0.10626899913401278,
                          0.11148293533311597],
                         [0.3636552005088008,
                          0.3868664310889058,
                          0.11886449203761841,
                          0.045138100723891884,
                          0.10467079623202713,
                          0.12844783082430056,
                          0.08424672871684638,
                          0.1124831685899509,
                          0.10390412630269891,
                          0.0831481661316244],
                         [0.3938906849327437,
                          0.4321468941891477,
                          0.048778761536630855,
                          0.0744025392877791,
                          0.12444303488493524,
                          0.032480272213411904,
                          0.06872558405104792,
                          0.15013864563052992,
                          0.10771701136731757,
                          0.07454054407642743]]},
            {'activation': 'sigmoid',
             'bias': [-0.01750548841765276,
                      0.04658872817170994,
                      -0.014583560889731652,
                      -0.0037735805985442874,
                      0.02665064247586818],
             'name': 'output',
             'neurons': [],
             'num_neurons': 5,
             'weights': [[0.061485262392024106,
                          0.10515128576451471,
                          0.09620091138450931,
                          0.05161485760767517,
                          0.11401222106988845,
                          0.1496095124048059,
                          0.13344058372170586,
                          0.11336426880518544],
                         [0.06098895021771707,
                          0.07633049308243198,
                          0.06706793731591605,
                          0.15489714591357978,
                          0.10004019934963843,
                          0.08562265323980282,
                          0.06511593864468747,
                          0.19428958572718116],
                         [0.12006897049777131,
                          0.07860939563508651,
                          0.10321100730647847,
                          0.08731028562369138,
                          0.09764979957227517,
                          0.1103516795012253,
                          0.13070507184538468,
                          0.08609468703761536],
                         [0.11651676520609965,
                          0.06946949025875607,
                          0.12831389272973412,
                          0.06170335398524664,
                          0.15380175538616625,
                          0.10046502094379775,
                          0.10030303412796684,
                          0.09527714895077144],
                         [0.09836596324591419,
                          0.09299649833889498,
                          0.1398692494117401,
                          0.049717022173449366,
                          0.16239688199890265,
                          0.10275955169259254,
                          0.10019810603511745,
                          0.11319455816684276],
                         [0.09297807065420045,
                          0.11320670434388105,
                          0.15654051823546103,
                          0.10621707507723468,
                          0.05351978159571033,
                          0.11778278964789135,
                          0.06011381087306079,
                          0.11805428017839364]]}]}
{'generation': 105,
 'inputs': [],
 'layers': [{'activation': 'sigmoid',
             'bias': [0.014002930923923015,
                      -0.01290151648973928,
                      -0.016200499753435023,
                      -0.030611970892930215,
                      -0.00298974978118635,
                      -0.03573575703967746,
                      0.028155978780749602,
                      -0.02259687482793915],
             'name': 'input',
             'neurons': [<gameplay.Neuron object at 0x7fd52aa3f898>,
                         <gameplay.Neuron object at 0x7fd52aa3f860>,
                         <gameplay.Neuron object at 0x7fd52aa3f278>,
                         <gameplay.Neuron object at 0x7fd52aa3fb38>,
                         <gameplay.Neuron object at 0x7fd52aa3fbe0>,
                         <gameplay.Neuron object at 0x7fd52aa3fb70>,
                         <gameplay.Neuron object at 0x7fd52aa3fcc0>,
                         <gameplay.Neuron object at 0x7fd52aa3fc88>],
             'num_neurons': 8,
             'weights': [[0.35869254236922116,
                          0.4308689038616817,
                          0.08518418235382132,
                          0.11175120023384624,
                          0.08103452998639407,
                          0.08654421345683624,
                          0.08500577714948238,
                          0.08557977409400938,
                          0.0709765212339877,
                          0.0888662581785871],
                         [0.3857699807719605,
                          0.36712653918671007,
                          0.1013737808193397,
                          0.09468704677817714,
                          0.11671814695722788,
                          0.06776803980593167,
                          0.11977832019174098,
                          0.09443388228553376,
                          0.11974836764972073,
                          0.12125305066884827],
                         [0.3740456616886317,
                          0.4333970938853744,
                          0.10467145089508323,
                          0.05787175788376005,
                          0.11320214560036602,
                          0.10227233458009129,
                          0.10125154496606487,
                          0.10409492041597183,
                          0.0906296682925628,
                          0.0965491683647293],
                         [0.3706592482060806,
                          0.38882784269314746,
                          0.10503273467970903,
                          0.12281078320977776,
                          0.049084950266517775,
                          0.08000811232262955,
                          0.08542609755137781,
                          0.1245042740005227,
                          0.10451931451468546,
                          0.1186257685313882],
                         [0.3988987719471317,
                          0.3877260014635799,
                          0.06485599074908754,
                          0.12241535411531271,
                          0.0896645973596474,
                          0.14675366955218982,
                          0.10464492519511459,
                          0.13075193073026353,
                          0.09368060703094092,
                          0.06168235724813953],
                         [0.3616041114711977,
                          0.438071972261865,
                          0.0770253976038218,
                          0.07607241547253614,
                          0.11251233047453384,
                          0.0667892725335323,
                          0.11236012416333883,
                          0.11353821870184941,
                          0.10626899913401278,
                          0.11148293533311597],
                         [0.3636552005088008,
                          0.3868664310889058,
                          0.11886449203761841,
                          0.045138100723891884,
                          0.10467079623202713,
                          0.12844783082430056,
                          0.08424672871684638,
                          0.1124831685899509,
                          0.10390412630269891,
                          0.0831481661316244],
                         [0.3938906849327437,
                          0.4321468941891477,
                          0.048778761536630855,
                          0.0744025392877791,
                          0.12444303488493524,
                          0.032480272213411904,
                          0.06872558405104792,
                          0.15013864563052992,
                          0.10771701136731757,
                          0.07454054407642743]]},
            {'activation': 'sigmoid',
             'bias': [-0.01750548841765276,
                      0.04658872817170994,
                      -0.014583560889731652,
                      -0.0037735805985442874,
                      0.02665064247586818],
             'name': 'output',
             'neurons': [<gameplay.Neuron object at 0x7fd52aa3fcf8>,
                         <gameplay.Neuron object at 0x7fd52aa3fd30>,
                         <gameplay.Neuron object at 0x7fd52aa3fda0>,
                         <gameplay.Neuron object at 0x7fd52aa3fd68>,
                         <gameplay.Neuron object at 0x7fd52aa3fdd8>],
             'num_neurons': 5,
             'weights': [[0.061485262392024106,
                          0.10515128576451471,
                          0.09620091138450931,
                          0.05161485760767517,
                          0.11401222106988845,
                          0.1496095124048059,
                          0.13344058372170586,
                          0.11336426880518544],
                         [0.06098895021771707,
                          0.07633049308243198,
                          0.06706793731591605,
                          0.15489714591357978,
                          0.10004019934963843,
                          0.08562265323980282,
                          0.06511593864468747,
                          0.19428958572718116],
                         [0.12006897049777131,
                          0.07860939563508651,
                          0.10321100730647847,
                          0.08731028562369138,
                          0.09764979957227517,
                          0.1103516795012253,
                          0.13070507184538468,
                          0.08609468703761536],
                         [0.11651676520609965,
                          0.06946949025875607,
                          0.12831389272973412,
                          0.06170335398524664,
                          0.15380175538616625,
                          0.10046502094379775,
                          0.10030303412796684,
                          0.09527714895077144],
                         [0.09836596324591419,
                          0.09299649833889498,
                          0.1398692494117401,
                          0.049717022173449366,
                          0.16239688199890265,
                          0.10275955169259254,
                          0.10019810603511745,
                          0.11319455816684276],
                         [0.09297807065420045,
                          0.11320670434388105,
                          0.15654051823546103,
                          0.10621707507723468,
                          0.05351978159571033,
                          0.11778278964789135,
                          0.06011381087306079,
                          0.11805428017839364]]}]}
load_tensorflow_graph: path = tensorflow/mario-model-simple-2019-07-17/frozen_inference_graph.pb
object_detection_graph = <tensorflow.python.framework.ops.Graph object at 0x7fd52aa3fe80>
Doing start sequence
Sleeping one second
sending start
sending empty
Found black world screen for the second time. exiting.



Seconds left: 377
Moves to the right: 43
