pygame 1.9.6
Hello from the pygame community. https://www.pygame.org/contribute.html
Loading neural net from gameplay_neural_nets/116/9.nn
net = {'generation': 105,
 'inputs': [],
 'layers': [{'activation': 'sigmoid',
             'bias': [0.014002930923923015,
                      -0.01290151648973928,
                      -0.008402601158671353,
                      -0.030611970892930215,
                      -0.00298974978118635,
                      -0.03573575703967746,
                      0.028155978780749602,
                      -0.020339080122636265],
             'name': 'input',
             'neurons': [],
             'num_neurons': 8,
             'weights': [[0.35869254236922116,
                          0.4308689038616817,
                          0.08518418235382132,
                          0.11175120023384624,
                          0.08103452998639407,
                          0.08490711962556334,
                          0.08500577714948238,
                          0.07806696464646123,
                          0.0743281800313066,
                          0.0888662581785871],
                         [0.3857699807719605,
                          0.36712653918671007,
                          0.09568602043334913,
                          0.09468704677817714,
                          0.11671814695722788,
                          0.07371110122997655,
                          0.111736032359159,
                          0.1025437194868417,
                          0.11974836764972073,
                          0.12233312230148613],
                         [0.3740456616886317,
                          0.4419339286530557,
                          0.10467145089508323,
                          0.06263897071304382,
                          0.11520872473502536,
                          0.10141902101611253,
                          0.10125154496606487,
                          0.10409492041597183,
                          0.09977931625652403,
                          0.08658736158495847],
                         [0.37663208482520205,
                          0.38882784269314746,
                          0.10503273467970903,
                          0.11507128007153118,
                          0.049084950266517775,
                          0.08000811232262955,
                          0.08542609755137781,
                          0.1245042740005227,
                          0.11162771648177443,
                          0.12498587358657326],
                         [0.3988987719471317,
                          0.3877260014635799,
                          0.05773853692108936,
                          0.12241535411531271,
                          0.08154703039452046,
                          0.14675366955218982,
                          0.10464492519511459,
                          0.13075193073026353,
                          0.09701000433579299,
                          0.06168235724813953],
                         [0.3666090967543541,
                          0.438071972261865,
                          0.0770253976038218,
                          0.07607241547253614,
                          0.11285828305158668,
                          0.0667892725335323,
                          0.10982644365866263,
                          0.11065570342917413,
                          0.11420703360190687,
                          0.11148293533311597],
                         [0.3636552005088008,
                          0.3868664310889058,
                          0.11886449203761841,
                          0.045138100723891884,
                          0.10467079623202713,
                          0.12844783082430056,
                          0.08424672871684638,
                          0.1108945672607745,
                          0.10390412630269891,
                          0.0831481661316244],
                         [0.3938906849327437,
                          0.4321468941891477,
                          0.048778761536630855,
                          0.06980870049859848,
                          0.12444303488493524,
                          0.02449047206068819,
                          0.0692093294949778,
                          0.15013864563052992,
                          0.10771701136731757,
                          0.07255449931167354]]},
            {'activation': 'sigmoid',
             'bias': [-0.02501436140972795,
                      0.050871712969926625,
                      -0.014583560889731652,
                      -0.007367541691029797,
                      0.028112730261886577],
             'name': 'output',
             'neurons': [],
             'num_neurons': 5,
             'weights': [[0.061485262392024106,
                          0.10515128576451471,
                          0.09620091138450931,
                          0.05161485760767517,
                          0.11401222106988845,
                          0.1496095124048059,
                          0.13344058372170586,
                          0.11336426880518544],
                         [0.06098895021771707,
                          0.08081361881513995,
                          0.06706793731591605,
                          0.15489714591357978,
                          0.10004019934963843,
                          0.08362596296021209,
                          0.07179224570284669,
                          0.19428958572718116],
                         [0.12847324800115523,
                          0.07939152959986268,
                          0.10321100730647847,
                          0.09338819236639379,
                          0.09764979957227517,
                          0.1103516795012253,
                          0.13070507184538468,
                          0.08609468703761536],
                         [0.11897945365822804,
                          0.06946949025875607,
                          0.12831389272973412,
                          0.06170335398524664,
                          0.14627744330744094,
                          0.10046502094379775,
                          0.10030303412796684,
                          0.09460995930869122],
                         [0.09836596324591419,
                          0.09784938115035947,
                          0.13327002470115373,
                          0.049717022173449366,
                          0.16239688199890265,
                          0.10275955169259254,
                          0.10019810603511745,
                          0.11319455816684276],
                         [0.09297807065420045,
                          0.111238183091099,
                          0.1478714444336094,
                          0.10621707507723468,
                          0.04579085363794645,
                          0.10929293468105987,
                          0.06011381087306079,
                          0.11080416240610697]]}]}
{'generation': 105,
 'inputs': [],
 'layers': [{'activation': 'sigmoid',
             'bias': [0.014002930923923015,
                      -0.01290151648973928,
                      -0.008402601158671353,
                      -0.030611970892930215,
                      -0.00298974978118635,
                      -0.03573575703967746,
                      0.028155978780749602,
                      -0.020339080122636265],
             'name': 'input',
             'neurons': [<gameplay.Neuron object at 0x7f3ff732c860>,
                         <gameplay.Neuron object at 0x7f3ff732c828>,
                         <gameplay.Neuron object at 0x7f3ff732c240>,
                         <gameplay.Neuron object at 0x7f3ff732cb00>,
                         <gameplay.Neuron object at 0x7f3ff732cba8>,
                         <gameplay.Neuron object at 0x7f3ff732cb38>,
                         <gameplay.Neuron object at 0x7f3ff732cc88>,
                         <gameplay.Neuron object at 0x7f3ff732cc50>],
             'num_neurons': 8,
             'weights': [[0.35869254236922116,
                          0.4308689038616817,
                          0.08518418235382132,
                          0.11175120023384624,
                          0.08103452998639407,
                          0.08490711962556334,
                          0.08500577714948238,
                          0.07806696464646123,
                          0.0743281800313066,
                          0.0888662581785871],
                         [0.3857699807719605,
                          0.36712653918671007,
                          0.09568602043334913,
                          0.09468704677817714,
                          0.11671814695722788,
                          0.07371110122997655,
                          0.111736032359159,
                          0.1025437194868417,
                          0.11974836764972073,
                          0.12233312230148613],
                         [0.3740456616886317,
                          0.4419339286530557,
                          0.10467145089508323,
                          0.06263897071304382,
                          0.11520872473502536,
                          0.10141902101611253,
                          0.10125154496606487,
                          0.10409492041597183,
                          0.09977931625652403,
                          0.08658736158495847],
                         [0.37663208482520205,
                          0.38882784269314746,
                          0.10503273467970903,
                          0.11507128007153118,
                          0.049084950266517775,
                          0.08000811232262955,
                          0.08542609755137781,
                          0.1245042740005227,
                          0.11162771648177443,
                          0.12498587358657326],
                         [0.3988987719471317,
                          0.3877260014635799,
                          0.05773853692108936,
                          0.12241535411531271,
                          0.08154703039452046,
                          0.14675366955218982,
                          0.10464492519511459,
                          0.13075193073026353,
                          0.09701000433579299,
                          0.06168235724813953],
                         [0.3666090967543541,
                          0.438071972261865,
                          0.0770253976038218,
                          0.07607241547253614,
                          0.11285828305158668,
                          0.0667892725335323,
                          0.10982644365866263,
                          0.11065570342917413,
                          0.11420703360190687,
                          0.11148293533311597],
                         [0.3636552005088008,
                          0.3868664310889058,
                          0.11886449203761841,
                          0.045138100723891884,
                          0.10467079623202713,
                          0.12844783082430056,
                          0.08424672871684638,
                          0.1108945672607745,
                          0.10390412630269891,
                          0.0831481661316244],
                         [0.3938906849327437,
                          0.4321468941891477,
                          0.048778761536630855,
                          0.06980870049859848,
                          0.12444303488493524,
                          0.02449047206068819,
                          0.0692093294949778,
                          0.15013864563052992,
                          0.10771701136731757,
                          0.07255449931167354]]},
            {'activation': 'sigmoid',
             'bias': [-0.02501436140972795,
                      0.050871712969926625,
                      -0.014583560889731652,
                      -0.007367541691029797,
                      0.028112730261886577],
             'name': 'output',
             'neurons': [<gameplay.Neuron object at 0x7f3ff732ccc0>,
                         <gameplay.Neuron object at 0x7f3ff732ccf8>,
                         <gameplay.Neuron object at 0x7f3ff732cd68>,
                         <gameplay.Neuron object at 0x7f3ff732cd30>,
                         <gameplay.Neuron object at 0x7f3ff732cda0>],
             'num_neurons': 5,
             'weights': [[0.061485262392024106,
                          0.10515128576451471,
                          0.09620091138450931,
                          0.05161485760767517,
                          0.11401222106988845,
                          0.1496095124048059,
                          0.13344058372170586,
                          0.11336426880518544],
                         [0.06098895021771707,
                          0.08081361881513995,
                          0.06706793731591605,
                          0.15489714591357978,
                          0.10004019934963843,
                          0.08362596296021209,
                          0.07179224570284669,
                          0.19428958572718116],
                         [0.12847324800115523,
                          0.07939152959986268,
                          0.10321100730647847,
                          0.09338819236639379,
                          0.09764979957227517,
                          0.1103516795012253,
                          0.13070507184538468,
                          0.08609468703761536],
                         [0.11897945365822804,
                          0.06946949025875607,
                          0.12831389272973412,
                          0.06170335398524664,
                          0.14627744330744094,
                          0.10046502094379775,
                          0.10030303412796684,
                          0.09460995930869122],
                         [0.09836596324591419,
                          0.09784938115035947,
                          0.13327002470115373,
                          0.049717022173449366,
                          0.16239688199890265,
                          0.10275955169259254,
                          0.10019810603511745,
                          0.11319455816684276],
                         [0.09297807065420045,
                          0.111238183091099,
                          0.1478714444336094,
                          0.10621707507723468,
                          0.04579085363794645,
                          0.10929293468105987,
                          0.06011381087306079,
                          0.11080416240610697]]}]}
load_tensorflow_graph: path = tensorflow/mario-model-simple-2019-07-17/frozen_inference_graph.pb
object_detection_graph = <tensorflow.python.framework.ops.Graph object at 0x7f3ff732ce48>
Doing start sequence
Sleeping one second
sending start
sending empty
Found black world screen for the second time. exiting.



Seconds left: 393
Moves to the right: 19
