pygame 1.9.6
Hello from the pygame community. https://www.pygame.org/contribute.html
Loading neural net from gameplay_neural_nets/143/9.nn
net = {'generation': 130,
 'inputs': [],
 'layers': [{'activation': 'sigmoid',
             'bias': [0.0035685625674536023,
                      -0.03695397948324532,
                      0.014652513200644987,
                      0.0018150772418407488,
                      -0.0075035825069803865,
                      -0.03777281968197551,
                      0.02656048907284523,
                      -0.0047689670783668085],
             'name': 'input',
             'neurons': [],
             'num_neurons': 8,
             'weights': [[0.34836768204504126,
                          0.42357125659517453,
                          0.07904261913927237,
                          0.1295978757558446,
                          0.08939929056549595,
                          0.08400502821827097,
                          0.08261593658045595,
                          0.06606525468401798,
                          0.08596195910865406,
                          0.060993687068295714],
                         [0.39364503796967976,
                          0.3632336745284413,
                          0.08003706491738749,
                          0.11455497147510806,
                          0.12015032349132965,
                          0.06509606798296264,
                          0.10132371988446842,
                          0.08734695395090859,
                          0.11479614059697636,
                          0.1268919874280637],
                         [0.3602728312841037,
                          0.4253348210317096,
                          0.07284279715098158,
                          0.05028748866294949,
                          0.11164722853597175,
                          0.10213110318608333,
                          0.09153726561524994,
                          0.11841909795119378,
                          0.10046045647382139,
                          0.08260400274359034],
                         [0.36390445900026,
                          0.41318261713600873,
                          0.09939310672959265,
                          0.11349050662182546,
                          0.03707535140271303,
                          0.06182707148928525,
                          0.06666130048034051,
                          0.11963963270158184,
                          0.11955313235284591,
                          0.11027141756069879],
                         [0.41214092784013356,
                          0.3889955225544886,
                          0.0512768841311955,
                          0.13082829352240471,
                          0.10058435719242109,
                          0.15435980610485614,
                          0.1319153932694075,
                          0.12736968620956363,
                          0.07830688233600744,
                          0.07099626253049786],
                         [0.3665325406543138,
                          0.42868141814390953,
                          0.06251480622517884,
                          0.0814585615780268,
                          0.11247624878106897,
                          0.07421974915626416,
                          0.11111450345201623,
                          0.0922210477337744,
                          0.11086739581567537,
                          0.09092159751391848],
                         [0.37643377660690486,
                          0.3590614768391864,
                          0.1147047763753678,
                          0.044010145488475406,
                          0.09567487747093348,
                          0.10495741388371432,
                          0.09511030487759917,
                          0.09714809552218573,
                          0.10152731222612382,
                          0.055559700107684074],
                         [0.39110934676339343,
                          0.4206604479464894,
                          0.07118121763022904,
                          0.09041180510823804,
                          0.11085375911839611,
                          0.05151871881762457,
                          0.08574323679581329,
                          0.16496488793890557,
                          0.10062306401028584,
                          0.06426613852955089]]},
            {'activation': 'sigmoid',
             'bias': [-0.011407662444291809,
                      0.0618935993757471,
                      0.0054275552260502555,
                      -0.01099603950497649,
                      0.010797829289921346],
             'name': 'output',
             'neurons': [],
             'num_neurons': 5,
             'weights': [[0.045248364982849607,
                          0.11054016554229758,
                          0.09331811082626872,
                          0.03908138890053055,
                          0.12845835223790478,
                          0.15013948651287648,
                          0.12384641479844274,
                          0.12512218894644825],
                         [0.04528130127435432,
                          0.07106978224756552,
                          0.07495765798276238,
                          0.14536302629954342,
                          0.12257291264999046,
                          0.06875961454065194,
                          0.05078243035476515,
                          0.17885271102751127],
                         [0.11653892295397923,
                          0.10693802750816116,
                          0.11009351010725928,
                          0.08200808012233701,
                          0.059733994543472536,
                          0.1137737488314505,
                          0.13247521231439877,
                          0.09636190819349874],
                         [0.10814888245562983,
                          0.06240865652958953,
                          0.14201972472850524,
                          0.07449068882491963,
                          0.1639676127219113,
                          0.09124428675194618,
                          0.08886955680330108,
                          0.10153064974859724],
                         [0.1376199002637347,
                          0.08590225917107588,
                          0.15174392650207008,
                          0.03440890329979029,
                          0.17603521100344632,
                          0.10233022867897504,
                          0.10514062584616327,
                          0.07243192465044845],
                         [0.08267253058212877,
                          0.13788233288827365,
                          0.1413083703546184,
                          0.10128109382101369,
                          0.054301935464265844,
                          0.10239633735220374,
                          0.05673346016625421,
                          0.12261918802535454]]}]}
{'generation': 130,
 'inputs': [],
 'layers': [{'activation': 'sigmoid',
             'bias': [0.0035685625674536023,
                      -0.03695397948324532,
                      0.014652513200644987,
                      0.0018150772418407488,
                      -0.0075035825069803865,
                      -0.03777281968197551,
                      0.02656048907284523,
                      -0.0047689670783668085],
             'name': 'input',
             'neurons': [<gameplay.Neuron object at 0x7fc7a67cb860>,
                         <gameplay.Neuron object at 0x7fc7a67cb828>,
                         <gameplay.Neuron object at 0x7fc7a67cb240>,
                         <gameplay.Neuron object at 0x7fc7a67cbb00>,
                         <gameplay.Neuron object at 0x7fc7a67cbba8>,
                         <gameplay.Neuron object at 0x7fc7a67cbb38>,
                         <gameplay.Neuron object at 0x7fc7a67cbc88>,
                         <gameplay.Neuron object at 0x7fc7a67cbc50>],
             'num_neurons': 8,
             'weights': [[0.34836768204504126,
                          0.42357125659517453,
                          0.07904261913927237,
                          0.1295978757558446,
                          0.08939929056549595,
                          0.08400502821827097,
                          0.08261593658045595,
                          0.06606525468401798,
                          0.08596195910865406,
                          0.060993687068295714],
                         [0.39364503796967976,
                          0.3632336745284413,
                          0.08003706491738749,
                          0.11455497147510806,
                          0.12015032349132965,
                          0.06509606798296264,
                          0.10132371988446842,
                          0.08734695395090859,
                          0.11479614059697636,
                          0.1268919874280637],
                         [0.3602728312841037,
                          0.4253348210317096,
                          0.07284279715098158,
                          0.05028748866294949,
                          0.11164722853597175,
                          0.10213110318608333,
                          0.09153726561524994,
                          0.11841909795119378,
                          0.10046045647382139,
                          0.08260400274359034],
                         [0.36390445900026,
                          0.41318261713600873,
                          0.09939310672959265,
                          0.11349050662182546,
                          0.03707535140271303,
                          0.06182707148928525,
                          0.06666130048034051,
                          0.11963963270158184,
                          0.11955313235284591,
                          0.11027141756069879],
                         [0.41214092784013356,
                          0.3889955225544886,
                          0.0512768841311955,
                          0.13082829352240471,
                          0.10058435719242109,
                          0.15435980610485614,
                          0.1319153932694075,
                          0.12736968620956363,
                          0.07830688233600744,
                          0.07099626253049786],
                         [0.3665325406543138,
                          0.42868141814390953,
                          0.06251480622517884,
                          0.0814585615780268,
                          0.11247624878106897,
                          0.07421974915626416,
                          0.11111450345201623,
                          0.0922210477337744,
                          0.11086739581567537,
                          0.09092159751391848],
                         [0.37643377660690486,
                          0.3590614768391864,
                          0.1147047763753678,
                          0.044010145488475406,
                          0.09567487747093348,
                          0.10495741388371432,
                          0.09511030487759917,
                          0.09714809552218573,
                          0.10152731222612382,
                          0.055559700107684074],
                         [0.39110934676339343,
                          0.4206604479464894,
                          0.07118121763022904,
                          0.09041180510823804,
                          0.11085375911839611,
                          0.05151871881762457,
                          0.08574323679581329,
                          0.16496488793890557,
                          0.10062306401028584,
                          0.06426613852955089]]},
            {'activation': 'sigmoid',
             'bias': [-0.011407662444291809,
                      0.0618935993757471,
                      0.0054275552260502555,
                      -0.01099603950497649,
                      0.010797829289921346],
             'name': 'output',
             'neurons': [<gameplay.Neuron object at 0x7fc7a67cbcc0>,
                         <gameplay.Neuron object at 0x7fc7a67cbcf8>,
                         <gameplay.Neuron object at 0x7fc7a67cbd68>,
                         <gameplay.Neuron object at 0x7fc7a67cbd30>,
                         <gameplay.Neuron object at 0x7fc7a67cbda0>],
             'num_neurons': 5,
             'weights': [[0.045248364982849607,
                          0.11054016554229758,
                          0.09331811082626872,
                          0.03908138890053055,
                          0.12845835223790478,
                          0.15013948651287648,
                          0.12384641479844274,
                          0.12512218894644825],
                         [0.04528130127435432,
                          0.07106978224756552,
                          0.07495765798276238,
                          0.14536302629954342,
                          0.12257291264999046,
                          0.06875961454065194,
                          0.05078243035476515,
                          0.17885271102751127],
                         [0.11653892295397923,
                          0.10693802750816116,
                          0.11009351010725928,
                          0.08200808012233701,
                          0.059733994543472536,
                          0.1137737488314505,
                          0.13247521231439877,
                          0.09636190819349874],
                         [0.10814888245562983,
                          0.06240865652958953,
                          0.14201972472850524,
                          0.07449068882491963,
                          0.1639676127219113,
                          0.09124428675194618,
                          0.08886955680330108,
                          0.10153064974859724],
                         [0.1376199002637347,
                          0.08590225917107588,
                          0.15174392650207008,
                          0.03440890329979029,
                          0.17603521100344632,
                          0.10233022867897504,
                          0.10514062584616327,
                          0.07243192465044845],
                         [0.08267253058212877,
                          0.13788233288827365,
                          0.1413083703546184,
                          0.10128109382101369,
                          0.054301935464265844,
                          0.10239633735220374,
                          0.05673346016625421,
                          0.12261918802535454]]}]}
load_tensorflow_graph: path = tensorflow/mario-model-simple-2019-07-17/frozen_inference_graph.pb
object_detection_graph = <tensorflow.python.framework.ops.Graph object at 0x7fc7a67cbe48>
Doing start sequence
Sleeping one second
sending start
sending empty
Found black world screen for the second time. exiting.



Seconds left: 361
Moves to the right: 67
