pygame 1.9.6
Hello from the pygame community. https://www.pygame.org/contribute.html
Loading neural net from gameplay_neural_nets/112/10.nn
net = {'generation': 101,
 'inputs': [],
 'layers': [{'activation': 'sigmoid',
             'bias': [0.014665949298698223,
                      0.00023435648202907444,
                      -0.004039332416363416,
                      -0.02037558909339895,
                      -0.00298974978118635,
                      -0.03573575703967746,
                      0.021128072483104915,
                      -0.0117605824372572],
             'name': 'input',
             'neurons': [],
             'num_neurons': 8,
             'weights': [[0.35869254236922116,
                          0.43707952770635294,
                          0.08199057473957408,
                          0.1069232144945411,
                          0.08372582995360335,
                          0.07892412616237551,
                          0.08835719234936686,
                          0.09364129610537605,
                          0.08594903904480018,
                          0.08549184729551211],
                         [0.37875946674816413,
                          0.36712653918671007,
                          0.09568602043334913,
                          0.10196157925578501,
                          0.11671814695722788,
                          0.06776803980593167,
                          0.12166205106474982,
                          0.09372365474596842,
                          0.11974836764972073,
                          0.12233312230148613],
                         [0.38627495588962246,
                          0.427167253908773,
                          0.09796238148835341,
                          0.05939546581886905,
                          0.11595611066463439,
                          0.09962881665980489,
                          0.10125154496606487,
                          0.10093012742119306,
                          0.0906296682925628,
                          0.09606020836252593],
                         [0.38342374402310947,
                          0.38882784269314746,
                          0.10503273467970903,
                          0.12281078320977776,
                          0.05307343711614948,
                          0.08951502435445118,
                          0.08600082604585138,
                          0.1195386870287537,
                          0.11633275788163455,
                          0.12810262751406884],
                         [0.4013459146213683,
                          0.3877260014635799,
                          0.06485599074908754,
                          0.12241535411531271,
                          0.0896645973596474,
                          0.14675366955218982,
                          0.1043063699133368,
                          0.1354895079154646,
                          0.09701000433579299,
                          0.06529812063999893],
                         [0.3742946502690349,
                          0.438071972261865,
                          0.08250472410555885,
                          0.0786423747970614,
                          0.11032223461271354,
                          0.0667892725335323,
                          0.10030290615343368,
                          0.10864352768765334,
                          0.11712508714507104,
                          0.10600055718224553],
                         [0.3636552005088008,
                          0.3774048596452009,
                          0.11886449203761841,
                          0.04937117113606713,
                          0.10467079623202713,
                          0.12844783082430056,
                          0.08424672871684638,
                          0.11715599429861955,
                          0.10591386053818622,
                          0.0831481661316244],
                         [0.3938906849327437,
                          0.42531704018862243,
                          0.048778761536630855,
                          0.06490269121254978,
                          0.12162467941084301,
                          0.04361500088601931,
                          0.0692093294949778,
                          0.15013864563052992,
                          0.0953745175131851,
                          0.061825324966829256]]},
            {'activation': 'sigmoid',
             'bias': [-0.019754222932578364,
                      0.04658872817170994,
                      -0.006914877027944526,
                      -0.0012948143103029778,
                      0.02665064247586818],
             'name': 'output',
             'neurons': [],
             'num_neurons': 5,
             'weights': [[0.061485262392024106,
                          0.10481107935210278,
                          0.09589673341385271,
                          0.0485900862976385,
                          0.10504896563801387,
                          0.13919284376915964,
                          0.13344058372170586,
                          0.11008559596657581],
                         [0.06756022829148015,
                          0.08081361881513995,
                          0.05019338285442172,
                          0.15983090771711336,
                          0.09146581013012871,
                          0.08087871931385976,
                          0.07179224570284669,
                          0.19428958572718116],
                         [0.12330268807301034,
                          0.07939152959986268,
                          0.10321100730647847,
                          0.09612275867408629,
                          0.10047084527658766,
                          0.11210814336695574,
                          0.12928232249513597,
                          0.08607809557644264],
                         [0.11651676520609965,
                          0.06592459631154385,
                          0.11909018328628884,
                          0.05396087929338965,
                          0.14836537080011541,
                          0.10046502094379775,
                          0.10030303412796684,
                          0.09527714895077144],
                         [0.11653576663191165,
                          0.11510917437148706,
                          0.1374313497794432,
                          0.04420916381210521,
                          0.16239688199890265,
                          0.10431825456747772,
                          0.10415548372622321,
                          0.12516092526729303],
                         [0.09464728193191727,
                          0.10955749126880743,
                          0.14176326988086166,
                          0.09902850187623326,
                          0.05288623669833441,
                          0.11099907015318916,
                          0.05590117532400381,
                          0.1112316023837283]]}]}
{'generation': 101,
 'inputs': [],
 'layers': [{'activation': 'sigmoid',
             'bias': [0.014665949298698223,
                      0.00023435648202907444,
                      -0.004039332416363416,
                      -0.02037558909339895,
                      -0.00298974978118635,
                      -0.03573575703967746,
                      0.021128072483104915,
                      -0.0117605824372572],
             'name': 'input',
             'neurons': [<gameplay.Neuron object at 0x7f8cda14d7f0>,
                         <gameplay.Neuron object at 0x7f8cda14d7b8>,
                         <gameplay.Neuron object at 0x7f8cda14d1d0>,
                         <gameplay.Neuron object at 0x7f8cda14da90>,
                         <gameplay.Neuron object at 0x7f8cda14db38>,
                         <gameplay.Neuron object at 0x7f8cda14dac8>,
                         <gameplay.Neuron object at 0x7f8cda14dc18>,
                         <gameplay.Neuron object at 0x7f8cda14dbe0>],
             'num_neurons': 8,
             'weights': [[0.35869254236922116,
                          0.43707952770635294,
                          0.08199057473957408,
                          0.1069232144945411,
                          0.08372582995360335,
                          0.07892412616237551,
                          0.08835719234936686,
                          0.09364129610537605,
                          0.08594903904480018,
                          0.08549184729551211],
                         [0.37875946674816413,
                          0.36712653918671007,
                          0.09568602043334913,
                          0.10196157925578501,
                          0.11671814695722788,
                          0.06776803980593167,
                          0.12166205106474982,
                          0.09372365474596842,
                          0.11974836764972073,
                          0.12233312230148613],
                         [0.38627495588962246,
                          0.427167253908773,
                          0.09796238148835341,
                          0.05939546581886905,
                          0.11595611066463439,
                          0.09962881665980489,
                          0.10125154496606487,
                          0.10093012742119306,
                          0.0906296682925628,
                          0.09606020836252593],
                         [0.38342374402310947,
                          0.38882784269314746,
                          0.10503273467970903,
                          0.12281078320977776,
                          0.05307343711614948,
                          0.08951502435445118,
                          0.08600082604585138,
                          0.1195386870287537,
                          0.11633275788163455,
                          0.12810262751406884],
                         [0.4013459146213683,
                          0.3877260014635799,
                          0.06485599074908754,
                          0.12241535411531271,
                          0.0896645973596474,
                          0.14675366955218982,
                          0.1043063699133368,
                          0.1354895079154646,
                          0.09701000433579299,
                          0.06529812063999893],
                         [0.3742946502690349,
                          0.438071972261865,
                          0.08250472410555885,
                          0.0786423747970614,
                          0.11032223461271354,
                          0.0667892725335323,
                          0.10030290615343368,
                          0.10864352768765334,
                          0.11712508714507104,
                          0.10600055718224553],
                         [0.3636552005088008,
                          0.3774048596452009,
                          0.11886449203761841,
                          0.04937117113606713,
                          0.10467079623202713,
                          0.12844783082430056,
                          0.08424672871684638,
                          0.11715599429861955,
                          0.10591386053818622,
                          0.0831481661316244],
                         [0.3938906849327437,
                          0.42531704018862243,
                          0.048778761536630855,
                          0.06490269121254978,
                          0.12162467941084301,
                          0.04361500088601931,
                          0.0692093294949778,
                          0.15013864563052992,
                          0.0953745175131851,
                          0.061825324966829256]]},
            {'activation': 'sigmoid',
             'bias': [-0.019754222932578364,
                      0.04658872817170994,
                      -0.006914877027944526,
                      -0.0012948143103029778,
                      0.02665064247586818],
             'name': 'output',
             'neurons': [<gameplay.Neuron object at 0x7f8cda14dc50>,
                         <gameplay.Neuron object at 0x7f8cda14dc88>,
                         <gameplay.Neuron object at 0x7f8cda14dcf8>,
                         <gameplay.Neuron object at 0x7f8cda14dcc0>,
                         <gameplay.Neuron object at 0x7f8cda14dd30>],
             'num_neurons': 5,
             'weights': [[0.061485262392024106,
                          0.10481107935210278,
                          0.09589673341385271,
                          0.0485900862976385,
                          0.10504896563801387,
                          0.13919284376915964,
                          0.13344058372170586,
                          0.11008559596657581],
                         [0.06756022829148015,
                          0.08081361881513995,
                          0.05019338285442172,
                          0.15983090771711336,
                          0.09146581013012871,
                          0.08087871931385976,
                          0.07179224570284669,
                          0.19428958572718116],
                         [0.12330268807301034,
                          0.07939152959986268,
                          0.10321100730647847,
                          0.09612275867408629,
                          0.10047084527658766,
                          0.11210814336695574,
                          0.12928232249513597,
                          0.08607809557644264],
                         [0.11651676520609965,
                          0.06592459631154385,
                          0.11909018328628884,
                          0.05396087929338965,
                          0.14836537080011541,
                          0.10046502094379775,
                          0.10030303412796684,
                          0.09527714895077144],
                         [0.11653576663191165,
                          0.11510917437148706,
                          0.1374313497794432,
                          0.04420916381210521,
                          0.16239688199890265,
                          0.10431825456747772,
                          0.10415548372622321,
                          0.12516092526729303],
                         [0.09464728193191727,
                          0.10955749126880743,
                          0.14176326988086166,
                          0.09902850187623326,
                          0.05288623669833441,
                          0.11099907015318916,
                          0.05590117532400381,
                          0.1112316023837283]]}]}
load_tensorflow_graph: path = tensorflow/mario-model-simple-2019-07-17/frozen_inference_graph.pb
object_detection_graph = <tensorflow.python.framework.ops.Graph object at 0x7f8cda14ddd8>
Doing start sequence
Sleeping one second
sending start
sending empty
Found black world screen for the second time. exiting.



Seconds left: 393
Moves to the right: 21
