pygame 1.9.6
Hello from the pygame community. https://www.pygame.org/contribute.html
Loading neural net from gameplay_neural_nets/81/6.nn
net = {'generation': 72,
 'inputs': [],
 'layers': [{'activation': 'sigmoid',
             'bias': [0.014223972279709098,
                      -0.013930688324724346,
                      0.008367185966642706,
                      -0.026014786389917964,
                      0.01907590366049438,
                      -0.03049979023630337,
                      0.017129214279151886,
                      -0.02010834727445579],
             'name': 'input',
             'neurons': [],
             'num_neurons': 8,
             'weights': [[0.3708967084536553,
                          0.4200780730933573,
                          0.11014596949411727,
                          0.13083091156104096,
                          0.10799375527364315,
                          0.08838013343134699,
                          0.08511505127444652,
                          0.10965315148297751,
                          0.08367461778550947,
                          0.09220460103650965],
                         [0.3761679046827182,
                          0.3813118925950652,
                          0.1010887052872574,
                          0.10303935582787935,
                          0.08500775020349619,
                          0.08778997664540447,
                          0.11267561650739795,
                          0.09678779674033725,
                          0.10379646298848591,
                          0.11093074137876278],
                         [0.36134996658758894,
                          0.44420665401352993,
                          0.09217373404389959,
                          0.0660342897308739,
                          0.10974787246084639,
                          0.10882278974165667,
                          0.09681547473086602,
                          0.10064670858233024,
                          0.11211859829840118,
                          0.09138782068620988],
                         [0.3976061247933509,
                          0.3953510655574351,
                          0.09582527123056694,
                          0.10707471823502339,
                          0.06775521415564113,
                          0.10588489475465926,
                          0.10061033605817662,
                          0.1184444791129682,
                          0.09832978603734031,
                          0.11433970069176255],
                         [0.3798029535821368,
                          0.40353751628988366,
                          0.048309294074893025,
                          0.12381782419096615,
                          0.09225885288209006,
                          0.12982363990725287,
                          0.11167165987067776,
                          0.12410121266748039,
                          0.09579751824589308,
                          0.0691214511651125],
                         [0.36819532777982406,
                          0.4099560658714259,
                          0.08067663938349048,
                          0.10597253080983675,
                          0.10341679032456567,
                          0.08782023125683257,
                          0.10008190810250849,
                          0.11473653666489962,
                          0.13101366789600657,
                          0.11376112499500643],
                         [0.37036213058568557,
                          0.3856233772694175,
                          0.1212117135879099,
                          0.05442770815527058,
                          0.11305431691704373,
                          0.09166621607143773,
                          0.09595563819391953,
                          0.12093390850593377,
                          0.10830473866926625,
                          0.05325378998261279],
                         [0.40122493100517626,
                          0.41671445543153196,
                          0.0750006626016055,
                          0.07009659836801592,
                          0.12097767289258765,
                          0.041841462129016994,
                          0.0549132006708322,
                          0.14646598266274283,
                          0.09083526120787355,
                          0.08809740000342847]]},
            {'activation': 'sigmoid',
             'bias': [-0.018785206945570544,
                      0.034222790271430506,
                      0.0070870183682971,
                      -0.017083692345172236,
                      0.013684949165425404],
             'name': 'output',
             'neurons': [],
             'num_neurons': 5,
             'weights': [[0.06960819903081239,
                          0.0878001858456932,
                          0.10299681641026906,
                          0.07103842073453046,
                          0.09754979564617723,
                          0.13161787676031084,
                          0.12684197988306606,
                          0.08353534539231536],
                         [0.07394962870711684,
                          0.07528502525608402,
                          0.06816279325348852,
                          0.15338791275383887,
                          0.0768295096615311,
                          0.0851170753985076,
                          0.08709115719437216,
                          0.16442333780439963],
                         [0.10372209480420222,
                          0.07150735430592707,
                          0.11841337213323844,
                          0.09440831500338859,
                          0.09227168034215352,
                          0.10942819438555958,
                          0.1404126935444548,
                          0.08193393813096676],
                         [0.09695589555223258,
                          0.07532128581288351,
                          0.10997122557317374,
                          0.06778847567871392,
                          0.12462206792070002,
                          0.10671101580408555,
                          0.10550967686213421,
                          0.10352156077045946],
                         [0.11296992008275403,
                          0.10274009038934995,
                          0.130895566675704,
                          0.06052304545577799,
                          0.16843599216786284,
                          0.09866661041151557,
                          0.10720131316363186,
                          0.09529505400580614],
                         [0.10830828999344363,
                          0.10555566791455695,
                          0.1293333796553477,
                          0.09187037775153288,
                          0.07300361472307641,
                          0.10100587560831599,
                          0.058879202173045375,
                          0.11075325303282627]]}]}
{'generation': 72,
 'inputs': [],
 'layers': [{'activation': 'sigmoid',
             'bias': [0.014223972279709098,
                      -0.013930688324724346,
                      0.008367185966642706,
                      -0.026014786389917964,
                      0.01907590366049438,
                      -0.03049979023630337,
                      0.017129214279151886,
                      -0.02010834727445579],
             'name': 'input',
             'neurons': [<gameplay.Neuron object at 0x7f4ba2e4d898>,
                         <gameplay.Neuron object at 0x7f4ba2e4d860>,
                         <gameplay.Neuron object at 0x7f4ba2e4d278>,
                         <gameplay.Neuron object at 0x7f4ba2e4db38>,
                         <gameplay.Neuron object at 0x7f4ba2e4dbe0>,
                         <gameplay.Neuron object at 0x7f4ba2e4db70>,
                         <gameplay.Neuron object at 0x7f4ba2e4dcc0>,
                         <gameplay.Neuron object at 0x7f4ba2e4dc88>],
             'num_neurons': 8,
             'weights': [[0.3708967084536553,
                          0.4200780730933573,
                          0.11014596949411727,
                          0.13083091156104096,
                          0.10799375527364315,
                          0.08838013343134699,
                          0.08511505127444652,
                          0.10965315148297751,
                          0.08367461778550947,
                          0.09220460103650965],
                         [0.3761679046827182,
                          0.3813118925950652,
                          0.1010887052872574,
                          0.10303935582787935,
                          0.08500775020349619,
                          0.08778997664540447,
                          0.11267561650739795,
                          0.09678779674033725,
                          0.10379646298848591,
                          0.11093074137876278],
                         [0.36134996658758894,
                          0.44420665401352993,
                          0.09217373404389959,
                          0.0660342897308739,
                          0.10974787246084639,
                          0.10882278974165667,
                          0.09681547473086602,
                          0.10064670858233024,
                          0.11211859829840118,
                          0.09138782068620988],
                         [0.3976061247933509,
                          0.3953510655574351,
                          0.09582527123056694,
                          0.10707471823502339,
                          0.06775521415564113,
                          0.10588489475465926,
                          0.10061033605817662,
                          0.1184444791129682,
                          0.09832978603734031,
                          0.11433970069176255],
                         [0.3798029535821368,
                          0.40353751628988366,
                          0.048309294074893025,
                          0.12381782419096615,
                          0.09225885288209006,
                          0.12982363990725287,
                          0.11167165987067776,
                          0.12410121266748039,
                          0.09579751824589308,
                          0.0691214511651125],
                         [0.36819532777982406,
                          0.4099560658714259,
                          0.08067663938349048,
                          0.10597253080983675,
                          0.10341679032456567,
                          0.08782023125683257,
                          0.10008190810250849,
                          0.11473653666489962,
                          0.13101366789600657,
                          0.11376112499500643],
                         [0.37036213058568557,
                          0.3856233772694175,
                          0.1212117135879099,
                          0.05442770815527058,
                          0.11305431691704373,
                          0.09166621607143773,
                          0.09595563819391953,
                          0.12093390850593377,
                          0.10830473866926625,
                          0.05325378998261279],
                         [0.40122493100517626,
                          0.41671445543153196,
                          0.0750006626016055,
                          0.07009659836801592,
                          0.12097767289258765,
                          0.041841462129016994,
                          0.0549132006708322,
                          0.14646598266274283,
                          0.09083526120787355,
                          0.08809740000342847]]},
            {'activation': 'sigmoid',
             'bias': [-0.018785206945570544,
                      0.034222790271430506,
                      0.0070870183682971,
                      -0.017083692345172236,
                      0.013684949165425404],
             'name': 'output',
             'neurons': [<gameplay.Neuron object at 0x7f4ba2e4dcf8>,
                         <gameplay.Neuron object at 0x7f4ba2e4dd30>,
                         <gameplay.Neuron object at 0x7f4ba2e4dda0>,
                         <gameplay.Neuron object at 0x7f4ba2e4dd68>,
                         <gameplay.Neuron object at 0x7f4ba2e4ddd8>],
             'num_neurons': 5,
             'weights': [[0.06960819903081239,
                          0.0878001858456932,
                          0.10299681641026906,
                          0.07103842073453046,
                          0.09754979564617723,
                          0.13161787676031084,
                          0.12684197988306606,
                          0.08353534539231536],
                         [0.07394962870711684,
                          0.07528502525608402,
                          0.06816279325348852,
                          0.15338791275383887,
                          0.0768295096615311,
                          0.0851170753985076,
                          0.08709115719437216,
                          0.16442333780439963],
                         [0.10372209480420222,
                          0.07150735430592707,
                          0.11841337213323844,
                          0.09440831500338859,
                          0.09227168034215352,
                          0.10942819438555958,
                          0.1404126935444548,
                          0.08193393813096676],
                         [0.09695589555223258,
                          0.07532128581288351,
                          0.10997122557317374,
                          0.06778847567871392,
                          0.12462206792070002,
                          0.10671101580408555,
                          0.10550967686213421,
                          0.10352156077045946],
                         [0.11296992008275403,
                          0.10274009038934995,
                          0.130895566675704,
                          0.06052304545577799,
                          0.16843599216786284,
                          0.09866661041151557,
                          0.10720131316363186,
                          0.09529505400580614],
                         [0.10830828999344363,
                          0.10555566791455695,
                          0.1293333796553477,
                          0.09187037775153288,
                          0.07300361472307641,
                          0.10100587560831599,
                          0.058879202173045375,
                          0.11075325303282627]]}]}
load_tensorflow_graph: path = tensorflow/mario-model-simple-2019-07-17/frozen_inference_graph.pb
object_detection_graph = <tensorflow.python.framework.ops.Graph object at 0x7f4ba2e4de80>
Doing start sequence
Sleeping one second
sending start
sending empty
Found black world screen for the second time. exiting.



Seconds left: 393
Moves to the right: 19
