pygame 1.9.6
Hello from the pygame community. https://www.pygame.org/contribute.html
Loading neural net from gameplay_neural_nets/167/3.nn
net = {'generation': 151,
 'inputs': [],
 'layers': [{'activation': 'sigmoid',
             'bias': [0.024987834515660383,
                      -0.053455113570889674,
                      -0.0009015796948714282,
                      0.0036880092940045186,
                      -0.016965991794147123,
                      -0.036281221686273825,
                      -0.005856147836474216,
                      0.005318828697959785],
             'name': 'input',
             'neurons': [],
             'num_neurons': 8,
             'weights': [[0.35843454708989614,
                          0.41879387968861187,
                          0.09268685268481208,
                          0.14338782563116617,
                          0.08344422700076852,
                          0.0894161478688795,
                          0.03744950176206328,
                          0.08675067162670357,
                          0.09081864900756481,
                          0.06684554284682417],
                         [0.383571771706282,
                          0.3712706194598135,
                          0.07893639769205937,
                          0.12778401468361592,
                          0.15041373469939429,
                          0.07169756019386596,
                          0.11874921774128622,
                          0.09980569730233411,
                          0.09097250223784391,
                          0.10469924158202344],
                         [0.33850386430138724,
                          0.4443894851415328,
                          0.056341692349687694,
                          0.044493312038566754,
                          0.09722245126761786,
                          0.11150117651463899,
                          0.08381423062412927,
                          0.11665124182574421,
                          0.09221092764787348,
                          0.07372666811925066],
                         [0.38284381739657936,
                          0.4097069403035108,
                          0.10661591493162417,
                          0.10641287740833219,
                          0.06193961671095799,
                          0.0835689966037748,
                          0.062440714174185376,
                          0.1392095702392629,
                          0.12425180239343976,
                          0.13748195741295866],
                         [0.42351050761561343,
                          0.41278460662222566,
                          0.05518796011950035,
                          0.11426583663743997,
                          0.10245439941462949,
                          0.1370378005159596,
                          0.13651346848069718,
                          0.14044728425549288,
                          0.07388788465700027,
                          0.07426044381916888],
                         [0.3740945471203852,
                          0.4114481500002684,
                          0.056493904192044184,
                          0.08321836319174807,
                          0.06421573192712207,
                          0.07622853231032482,
                          0.10225759006218478,
                          0.08849059247731061,
                          0.13039529225211988,
                          0.10461073178790271],
                         [0.3480404542158206,
                          0.3849122296270036,
                          0.12081691996103056,
                          0.08263645318009108,
                          0.12289536591408863,
                          0.11705638340293656,
                          0.1135617042944186,
                          0.0871076562773371,
                          0.1164352568353599,
                          0.045529842079861556],
                         [0.3701417070676669,
                          0.4157759439399581,
                          0.06347970212640275,
                          0.06328030784612147,
                          0.13204205952745027,
                          0.05599894540453272,
                          0.0720340202746852,
                          0.14013504380471156,
                          0.12049966447757977,
                          0.0810512656933095]]},
            {'activation': 'sigmoid',
             'bias': [-0.03362657952131981,
                      0.10094413045183813,
                      -0.00727123829064422,
                      -0.0006231823778376326,
                      -0.008687059363480923],
             'name': 'output',
             'neurons': [],
             'num_neurons': 5,
             'weights': [[0.03440374105818814,
                          0.08423102842769307,
                          0.08135637919495554,
                          0.03725365489853763,
                          0.1186563457557979,
                          0.14961466112988703,
                          0.11840371209144196,
                          0.1355758399424124],
                         [0.04179837184352518,
                          0.06110478206433972,
                          0.08935862254282563,
                          0.1535859701210253,
                          0.12668129346488333,
                          0.047341301772321875,
                          0.04828623163689563,
                          0.14536605646010253],
                         [0.13034242962136558,
                          0.09252303407057696,
                          0.09034609301524589,
                          0.059268127473069865,
                          0.050045125074905,
                          0.10830617378218364,
                          0.1322298864029305,
                          0.08429349533519388],
                         [0.07266267317607993,
                          0.08034758974712927,
                          0.1571563135219079,
                          0.055758392827382916,
                          0.16303020293435289,
                          0.08222790199080669,
                          0.07195691584618046,
                          0.08119508805250786],
                         [0.13682088948994353,
                          0.09593727380199561,
                          0.14615506728381258,
                          0.0428533030563544,
                          0.20398152063434066,
                          0.12598066125948768,
                          0.05878584302883303,
                          0.1085526538380108],
                         [0.0870274706722318,
                          0.12633590320003346,
                          0.13785182940366067,
                          0.09639037504733614,
                          0.020599498710865367,
                          0.12698658928009832,
                          0.05702963825677095,
                          0.1426707703543172]]}]}
{'generation': 151,
 'inputs': [],
 'layers': [{'activation': 'sigmoid',
             'bias': [0.024987834515660383,
                      -0.053455113570889674,
                      -0.0009015796948714282,
                      0.0036880092940045186,
                      -0.016965991794147123,
                      -0.036281221686273825,
                      -0.005856147836474216,
                      0.005318828697959785],
             'name': 'input',
             'neurons': [<gameplay.Neuron object at 0x7fba853f4898>,
                         <gameplay.Neuron object at 0x7fba853f4860>,
                         <gameplay.Neuron object at 0x7fba853f4278>,
                         <gameplay.Neuron object at 0x7fba853f4b38>,
                         <gameplay.Neuron object at 0x7fba853f4be0>,
                         <gameplay.Neuron object at 0x7fba853f4b70>,
                         <gameplay.Neuron object at 0x7fba853f4cc0>,
                         <gameplay.Neuron object at 0x7fba853f4c88>],
             'num_neurons': 8,
             'weights': [[0.35843454708989614,
                          0.41879387968861187,
                          0.09268685268481208,
                          0.14338782563116617,
                          0.08344422700076852,
                          0.0894161478688795,
                          0.03744950176206328,
                          0.08675067162670357,
                          0.09081864900756481,
                          0.06684554284682417],
                         [0.383571771706282,
                          0.3712706194598135,
                          0.07893639769205937,
                          0.12778401468361592,
                          0.15041373469939429,
                          0.07169756019386596,
                          0.11874921774128622,
                          0.09980569730233411,
                          0.09097250223784391,
                          0.10469924158202344],
                         [0.33850386430138724,
                          0.4443894851415328,
                          0.056341692349687694,
                          0.044493312038566754,
                          0.09722245126761786,
                          0.11150117651463899,
                          0.08381423062412927,
                          0.11665124182574421,
                          0.09221092764787348,
                          0.07372666811925066],
                         [0.38284381739657936,
                          0.4097069403035108,
                          0.10661591493162417,
                          0.10641287740833219,
                          0.06193961671095799,
                          0.0835689966037748,
                          0.062440714174185376,
                          0.1392095702392629,
                          0.12425180239343976,
                          0.13748195741295866],
                         [0.42351050761561343,
                          0.41278460662222566,
                          0.05518796011950035,
                          0.11426583663743997,
                          0.10245439941462949,
                          0.1370378005159596,
                          0.13651346848069718,
                          0.14044728425549288,
                          0.07388788465700027,
                          0.07426044381916888],
                         [0.3740945471203852,
                          0.4114481500002684,
                          0.056493904192044184,
                          0.08321836319174807,
                          0.06421573192712207,
                          0.07622853231032482,
                          0.10225759006218478,
                          0.08849059247731061,
                          0.13039529225211988,
                          0.10461073178790271],
                         [0.3480404542158206,
                          0.3849122296270036,
                          0.12081691996103056,
                          0.08263645318009108,
                          0.12289536591408863,
                          0.11705638340293656,
                          0.1135617042944186,
                          0.0871076562773371,
                          0.1164352568353599,
                          0.045529842079861556],
                         [0.3701417070676669,
                          0.4157759439399581,
                          0.06347970212640275,
                          0.06328030784612147,
                          0.13204205952745027,
                          0.05599894540453272,
                          0.0720340202746852,
                          0.14013504380471156,
                          0.12049966447757977,
                          0.0810512656933095]]},
            {'activation': 'sigmoid',
             'bias': [-0.03362657952131981,
                      0.10094413045183813,
                      -0.00727123829064422,
                      -0.0006231823778376326,
                      -0.008687059363480923],
             'name': 'output',
             'neurons': [<gameplay.Neuron object at 0x7fba853f4cf8>,
                         <gameplay.Neuron object at 0x7fba853f4d30>,
                         <gameplay.Neuron object at 0x7fba853f4da0>,
                         <gameplay.Neuron object at 0x7fba853f4d68>,
                         <gameplay.Neuron object at 0x7fba853f4dd8>],
             'num_neurons': 5,
             'weights': [[0.03440374105818814,
                          0.08423102842769307,
                          0.08135637919495554,
                          0.03725365489853763,
                          0.1186563457557979,
                          0.14961466112988703,
                          0.11840371209144196,
                          0.1355758399424124],
                         [0.04179837184352518,
                          0.06110478206433972,
                          0.08935862254282563,
                          0.1535859701210253,
                          0.12668129346488333,
                          0.047341301772321875,
                          0.04828623163689563,
                          0.14536605646010253],
                         [0.13034242962136558,
                          0.09252303407057696,
                          0.09034609301524589,
                          0.059268127473069865,
                          0.050045125074905,
                          0.10830617378218364,
                          0.1322298864029305,
                          0.08429349533519388],
                         [0.07266267317607993,
                          0.08034758974712927,
                          0.1571563135219079,
                          0.055758392827382916,
                          0.16303020293435289,
                          0.08222790199080669,
                          0.07195691584618046,
                          0.08119508805250786],
                         [0.13682088948994353,
                          0.09593727380199561,
                          0.14615506728381258,
                          0.0428533030563544,
                          0.20398152063434066,
                          0.12598066125948768,
                          0.05878584302883303,
                          0.1085526538380108],
                         [0.0870274706722318,
                          0.12633590320003346,
                          0.13785182940366067,
                          0.09639037504733614,
                          0.020599498710865367,
                          0.12698658928009832,
                          0.05702963825677095,
                          0.1426707703543172]]}]}
load_tensorflow_graph: path = tensorflow/mario-model-simple-2019-07-17/frozen_inference_graph.pb
object_detection_graph = <tensorflow.python.framework.ops.Graph object at 0x7fba853f4e80>
Doing start sequence
Sleeping one second
sending start
sending empty
Found black world screen for the second time. exiting.



Seconds left: 381
Moves to the right: 40
