pygame 1.9.6
Hello from the pygame community. https://www.pygame.org/contribute.html
Loading neural net from gameplay_neural_nets/50/2.nn
net = {'generation': 46,
 'inputs': [],
 'layers': [{'activation': 'sigmoid',
             'bias': [0.013670123489995746,
                      -0.012543362226338572,
                      0.01097224907351475,
                      -0.008755880381194998,
                      0.019348844965115377,
                      -0.012511802436276047,
                      0.010179661769484812,
                      -0.01912482327039372],
             'name': 'input',
             'neurons': [],
             'num_neurons': 8,
             'weights': [[0.37101212072528283,
                          0.3990496864275512,
                          0.11367905117774481,
                          0.11520379111013022,
                          0.11906588086890994,
                          0.08534467234255624,
                          0.10848693915859309,
                          0.10920513728028905,
                          0.09636676164833241,
                          0.07612432253438063],
                         [0.3792702311918261,
                          0.416757895373356,
                          0.11192044102746287,
                          0.09082610913938109,
                          0.10344357488685309,
                          0.07718271509244648,
                          0.1053342369266809,
                          0.08541267450404148,
                          0.09907819530117636,
                          0.1025971340542194],
                         [0.37071834277910376,
                          0.430267690315151,
                          0.10715861943282924,
                          0.08426027752010365,
                          0.09999645761885402,
                          0.11163590711965411,
                          0.08130292351978678,
                          0.08773938769225821,
                          0.10868677069095971,
                          0.09984700770535737],
                         [0.4015978332285206,
                          0.39076038479174535,
                          0.09798901331429248,
                          0.10172814782543246,
                          0.08132156818277043,
                          0.08990806460572101,
                          0.10382941578869904,
                          0.12176052103842123,
                          0.06666944723247897,
                          0.09743405179056981],
                         [0.36715791356753674,
                          0.40435225746812137,
                          0.08736315470113909,
                          0.11484941984663492,
                          0.08072340063444283,
                          0.10512130460214514,
                          0.09849080459137141,
                          0.13039399291048734,
                          0.08567525787364846,
                          0.0844540951980827],
                         [0.3589819629628623,
                          0.39807878944037844,
                          0.06541246290235747,
                          0.0913405702018893,
                          0.11753102523327016,
                          0.10562606604779917,
                          0.10519670558428089,
                          0.11047902880804243,
                          0.11681729438073263,
                          0.11834023514267575],
                         [0.40368269207573193,
                          0.379890913128577,
                          0.11088106335812509,
                          0.06730459135707961,
                          0.11635210990932539,
                          0.09069431516051549,
                          0.0936382607700845,
                          0.11171548869429986,
                          0.1063531261342224,
                          0.056702093890922595],
                         [0.4053114463630824,
                          0.41195231646149716,
                          0.10270694767325271,
                          0.05973627247936651,
                          0.1224284357494545,
                          0.08285191932348457,
                          0.08494853798721885,
                          0.14493790832335657,
                          0.07714636740398062,
                          0.08880029805001541]]},
            {'activation': 'sigmoid',
             'bias': [-0.02499224964442276,
                      0.02410623024835997,
                      0.018570012566143497,
                      0.025132302757422002,
                      0.02490165103823419],
             'name': 'output',
             'neurons': [],
             'num_neurons': 5,
             'weights': [[0.09232173723295155,
                          0.08226350403338348,
                          0.0993150554304193,
                          0.08103251020757687,
                          0.10360039760191674,
                          0.12663702436313326,
                          0.13273956700247963,
                          0.09168090788446434],
                         [0.07451416363672851,
                          0.06661327018570785,
                          0.07182078629601216,
                          0.13455295092042394,
                          0.09804297293709183,
                          0.10132597004223891,
                          0.08742002860614398,
                          0.14091621707284321],
                         [0.10456987891272918,
                          0.08795838561289683,
                          0.12013690577680396,
                          0.09627263480633302,
                          0.08703801127029198,
                          0.10822203862273302,
                          0.11765036713609547,
                          0.10145009653363694],
                         [0.09912156523519003,
                          0.0683856798300832,
                          0.10982576805839336,
                          0.0917071779903168,
                          0.12227341555332427,
                          0.11265421584575003,
                          0.11416602777594251,
                          0.09987963484130377],
                         [0.11457711913722968,
                          0.09549210411285011,
                          0.13876758129621106,
                          0.07863474826733274,
                          0.1361534802722199,
                          0.10721187621434639,
                          0.09724682263958392,
                          0.10385825443541027],
                         [0.09778857631027933,
                          0.10455025401804537,
                          0.12699945328604478,
                          0.09705680169658021,
                          0.07641502247331756,
                          0.12919589253349226,
                          0.09441103272832918,
                          0.10866017566377487]]}]}
{'generation': 46,
 'inputs': [],
 'layers': [{'activation': 'sigmoid',
             'bias': [0.013670123489995746,
                      -0.012543362226338572,
                      0.01097224907351475,
                      -0.008755880381194998,
                      0.019348844965115377,
                      -0.012511802436276047,
                      0.010179661769484812,
                      -0.01912482327039372],
             'name': 'input',
             'neurons': [<gameplay.Neuron object at 0x7f9fb9aaf860>,
                         <gameplay.Neuron object at 0x7f9fb9aaf828>,
                         <gameplay.Neuron object at 0x7f9fb9aaf240>,
                         <gameplay.Neuron object at 0x7f9fb9aafb00>,
                         <gameplay.Neuron object at 0x7f9fb9aafba8>,
                         <gameplay.Neuron object at 0x7f9fb9aafb38>,
                         <gameplay.Neuron object at 0x7f9fb9aafc88>,
                         <gameplay.Neuron object at 0x7f9fb9aafc50>],
             'num_neurons': 8,
             'weights': [[0.37101212072528283,
                          0.3990496864275512,
                          0.11367905117774481,
                          0.11520379111013022,
                          0.11906588086890994,
                          0.08534467234255624,
                          0.10848693915859309,
                          0.10920513728028905,
                          0.09636676164833241,
                          0.07612432253438063],
                         [0.3792702311918261,
                          0.416757895373356,
                          0.11192044102746287,
                          0.09082610913938109,
                          0.10344357488685309,
                          0.07718271509244648,
                          0.1053342369266809,
                          0.08541267450404148,
                          0.09907819530117636,
                          0.1025971340542194],
                         [0.37071834277910376,
                          0.430267690315151,
                          0.10715861943282924,
                          0.08426027752010365,
                          0.09999645761885402,
                          0.11163590711965411,
                          0.08130292351978678,
                          0.08773938769225821,
                          0.10868677069095971,
                          0.09984700770535737],
                         [0.4015978332285206,
                          0.39076038479174535,
                          0.09798901331429248,
                          0.10172814782543246,
                          0.08132156818277043,
                          0.08990806460572101,
                          0.10382941578869904,
                          0.12176052103842123,
                          0.06666944723247897,
                          0.09743405179056981],
                         [0.36715791356753674,
                          0.40435225746812137,
                          0.08736315470113909,
                          0.11484941984663492,
                          0.08072340063444283,
                          0.10512130460214514,
                          0.09849080459137141,
                          0.13039399291048734,
                          0.08567525787364846,
                          0.0844540951980827],
                         [0.3589819629628623,
                          0.39807878944037844,
                          0.06541246290235747,
                          0.0913405702018893,
                          0.11753102523327016,
                          0.10562606604779917,
                          0.10519670558428089,
                          0.11047902880804243,
                          0.11681729438073263,
                          0.11834023514267575],
                         [0.40368269207573193,
                          0.379890913128577,
                          0.11088106335812509,
                          0.06730459135707961,
                          0.11635210990932539,
                          0.09069431516051549,
                          0.0936382607700845,
                          0.11171548869429986,
                          0.1063531261342224,
                          0.056702093890922595],
                         [0.4053114463630824,
                          0.41195231646149716,
                          0.10270694767325271,
                          0.05973627247936651,
                          0.1224284357494545,
                          0.08285191932348457,
                          0.08494853798721885,
                          0.14493790832335657,
                          0.07714636740398062,
                          0.08880029805001541]]},
            {'activation': 'sigmoid',
             'bias': [-0.02499224964442276,
                      0.02410623024835997,
                      0.018570012566143497,
                      0.025132302757422002,
                      0.02490165103823419],
             'name': 'output',
             'neurons': [<gameplay.Neuron object at 0x7f9fb9aafcc0>,
                         <gameplay.Neuron object at 0x7f9fb9aafcf8>,
                         <gameplay.Neuron object at 0x7f9fb9aafd68>,
                         <gameplay.Neuron object at 0x7f9fb9aafd30>,
                         <gameplay.Neuron object at 0x7f9fb9aafda0>],
             'num_neurons': 5,
             'weights': [[0.09232173723295155,
                          0.08226350403338348,
                          0.0993150554304193,
                          0.08103251020757687,
                          0.10360039760191674,
                          0.12663702436313326,
                          0.13273956700247963,
                          0.09168090788446434],
                         [0.07451416363672851,
                          0.06661327018570785,
                          0.07182078629601216,
                          0.13455295092042394,
                          0.09804297293709183,
                          0.10132597004223891,
                          0.08742002860614398,
                          0.14091621707284321],
                         [0.10456987891272918,
                          0.08795838561289683,
                          0.12013690577680396,
                          0.09627263480633302,
                          0.08703801127029198,
                          0.10822203862273302,
                          0.11765036713609547,
                          0.10145009653363694],
                         [0.09912156523519003,
                          0.0683856798300832,
                          0.10982576805839336,
                          0.0917071779903168,
                          0.12227341555332427,
                          0.11265421584575003,
                          0.11416602777594251,
                          0.09987963484130377],
                         [0.11457711913722968,
                          0.09549210411285011,
                          0.13876758129621106,
                          0.07863474826733274,
                          0.1361534802722199,
                          0.10721187621434639,
                          0.09724682263958392,
                          0.10385825443541027],
                         [0.09778857631027933,
                          0.10455025401804537,
                          0.12699945328604478,
                          0.09705680169658021,
                          0.07641502247331756,
                          0.12919589253349226,
                          0.09441103272832918,
                          0.10866017566377487]]}]}
load_tensorflow_graph: path = tensorflow/mario-model-simple-2019-07-17/frozen_inference_graph.pb
object_detection_graph = <tensorflow.python.framework.ops.Graph object at 0x7f9fb9aafe48>
Doing start sequence
Sleeping one second
sending start
sending empty
Found black world screen for the second time. exiting.



Seconds left: 393
Moves to the right: 19
