pygame 1.9.6
Hello from the pygame community. https://www.pygame.org/contribute.html
Loading neural net from gameplay_neural_nets/129/10.nn
net = {'generation': 116,
 'inputs': [],
 'layers': [{'activation': 'sigmoid',
             'bias': [0.014002930923923015,
                      -0.01816049095466407,
                      -0.024674928141566386,
                      -0.024670038765291884,
                      -0.007237816071428914,
                      -0.04792374872250078,
                      0.020617261878761183,
                      -0.018881282136913126],
             'name': 'input',
             'neurons': [],
             'num_neurons': 8,
             'weights': [[0.35338314997233916,
                          0.4247469609808902,
                          0.07356484927786981,
                          0.10958785347832194,
                          0.07546077138814102,
                          0.09558844297969323,
                          0.07771001174137943,
                          0.08557977409400938,
                          0.06837053530405016,
                          0.07526891073412527],
                         [0.3922188185420525,
                          0.36876634081968573,
                          0.09043727428871559,
                          0.08784845757067425,
                          0.12127356020329375,
                          0.04567447202359336,
                          0.11897680563583114,
                          0.10177875463669488,
                          0.13414354633233977,
                          0.1270958699705767],
                         [0.3777650659151616,
                          0.4307050021388867,
                          0.08902245873561447,
                          0.05787175788376005,
                          0.11836762524356781,
                          0.09991443282169533,
                          0.10039728543469544,
                          0.11308541060053874,
                          0.08113365496398414,
                          0.0837055205964655],
                         [0.3610199532520729,
                          0.39377018038444156,
                          0.10419780176734246,
                          0.12882490771435157,
                          0.056373070337701094,
                          0.06989026920818787,
                          0.07744173293642118,
                          0.13433717908262371,
                          0.11069959235697766,
                          0.11825381385864774],
                         [0.4014837456460254,
                          0.38885299650643634,
                          0.04940913106648262,
                          0.12447198049511957,
                          0.09823745794930412,
                          0.15576089506634846,
                          0.10823865910086028,
                          0.13648216382546516,
                          0.08402568794170345,
                          0.0630995123126669],
                         [0.36655090487330094,
                          0.4364653907234142,
                          0.08163901327775863,
                          0.0629994543718569,
                          0.11670592428546712,
                          0.0667892725335323,
                          0.1167290716470887,
                          0.11388150057112287,
                          0.10923178188613414,
                          0.10400500020367526],
                         [0.36872746363684783,
                          0.38146846131496853,
                          0.1084634396402165,
                          0.040476402339666276,
                          0.09331736255186307,
                          0.12361708303661384,
                          0.10343145632759916,
                          0.09374804346421209,
                          0.11277696884072606,
                          0.06783701731681378],
                         [0.3702110891949366,
                          0.43381045521799927,
                          0.056148738029830864,
                          0.07609057187177873,
                          0.13255597170849384,
                          0.04131739086063242,
                          0.08763540324406538,
                          0.15949300650059303,
                          0.10468960611390787,
                          0.0600386736701146]]},
            {'activation': 'sigmoid',
             'bias': [-0.012080783098758022,
                      0.05168937354925282,
                      -0.012785908575190338,
                      -0.007625219877415374,
                      0.018529385001976803],
             'name': 'output',
             'neurons': [],
             'num_neurons': 5,
             'weights': [[0.06015381002113892,
                          0.11632449090922087,
                          0.10545104731538146,
                          0.04652800206124144,
                          0.11725983046236589,
                          0.1425040847712208,
                          0.12526590411842203,
                          0.1108436316670416],
                         [0.06366652154621648,
                          0.06326463614227767,
                          0.06675035610571661,
                          0.1540556571955539,
                          0.10004019934963843,
                          0.08562265323980282,
                          0.06871289179273773,
                          0.18780096421258985],
                         [0.12006897049777131,
                          0.08313657335406736,
                          0.11109573620861589,
                          0.07916441085219428,
                          0.09156508475873178,
                          0.1103516795012253,
                          0.1425808687141444,
                          0.08235886308769488],
                         [0.11994124430691755,
                          0.07242201947191611,
                          0.13802509976249008,
                          0.05959125942552958,
                          0.1547946721081572,
                          0.10013274073367363,
                          0.09727070691225294,
                          0.10082848724933617],
                         [0.11596891318785062,
                          0.09320732791612732,
                          0.14216575292685285,
                          0.037136465589216974,
                          0.16297528412510737,
                          0.10684767695057323,
                          0.09763681166349293,
                          0.09310061382982357],
                         [0.08790596853309073,
                          0.12481657691297803,
                          0.1335576054487295,
                          0.11001599511694339,
                          0.06608270448852158,
                          0.10047104087124623,
                          0.06785884204943855,
                          0.11080416240610697]]}]}
{'generation': 116,
 'inputs': [],
 'layers': [{'activation': 'sigmoid',
             'bias': [0.014002930923923015,
                      -0.01816049095466407,
                      -0.024674928141566386,
                      -0.024670038765291884,
                      -0.007237816071428914,
                      -0.04792374872250078,
                      0.020617261878761183,
                      -0.018881282136913126],
             'name': 'input',
             'neurons': [<gameplay.Neuron object at 0x7f0ad8e08828>,
                         <gameplay.Neuron object at 0x7f0ad8e087f0>,
                         <gameplay.Neuron object at 0x7f0ad8e08208>,
                         <gameplay.Neuron object at 0x7f0ad8e08ac8>,
                         <gameplay.Neuron object at 0x7f0ad8e08b70>,
                         <gameplay.Neuron object at 0x7f0ad8e08b00>,
                         <gameplay.Neuron object at 0x7f0ad8e08c50>,
                         <gameplay.Neuron object at 0x7f0ad8e08c18>],
             'num_neurons': 8,
             'weights': [[0.35338314997233916,
                          0.4247469609808902,
                          0.07356484927786981,
                          0.10958785347832194,
                          0.07546077138814102,
                          0.09558844297969323,
                          0.07771001174137943,
                          0.08557977409400938,
                          0.06837053530405016,
                          0.07526891073412527],
                         [0.3922188185420525,
                          0.36876634081968573,
                          0.09043727428871559,
                          0.08784845757067425,
                          0.12127356020329375,
                          0.04567447202359336,
                          0.11897680563583114,
                          0.10177875463669488,
                          0.13414354633233977,
                          0.1270958699705767],
                         [0.3777650659151616,
                          0.4307050021388867,
                          0.08902245873561447,
                          0.05787175788376005,
                          0.11836762524356781,
                          0.09991443282169533,
                          0.10039728543469544,
                          0.11308541060053874,
                          0.08113365496398414,
                          0.0837055205964655],
                         [0.3610199532520729,
                          0.39377018038444156,
                          0.10419780176734246,
                          0.12882490771435157,
                          0.056373070337701094,
                          0.06989026920818787,
                          0.07744173293642118,
                          0.13433717908262371,
                          0.11069959235697766,
                          0.11825381385864774],
                         [0.4014837456460254,
                          0.38885299650643634,
                          0.04940913106648262,
                          0.12447198049511957,
                          0.09823745794930412,
                          0.15576089506634846,
                          0.10823865910086028,
                          0.13648216382546516,
                          0.08402568794170345,
                          0.0630995123126669],
                         [0.36655090487330094,
                          0.4364653907234142,
                          0.08163901327775863,
                          0.0629994543718569,
                          0.11670592428546712,
                          0.0667892725335323,
                          0.1167290716470887,
                          0.11388150057112287,
                          0.10923178188613414,
                          0.10400500020367526],
                         [0.36872746363684783,
                          0.38146846131496853,
                          0.1084634396402165,
                          0.040476402339666276,
                          0.09331736255186307,
                          0.12361708303661384,
                          0.10343145632759916,
                          0.09374804346421209,
                          0.11277696884072606,
                          0.06783701731681378],
                         [0.3702110891949366,
                          0.43381045521799927,
                          0.056148738029830864,
                          0.07609057187177873,
                          0.13255597170849384,
                          0.04131739086063242,
                          0.08763540324406538,
                          0.15949300650059303,
                          0.10468960611390787,
                          0.0600386736701146]]},
            {'activation': 'sigmoid',
             'bias': [-0.012080783098758022,
                      0.05168937354925282,
                      -0.012785908575190338,
                      -0.007625219877415374,
                      0.018529385001976803],
             'name': 'output',
             'neurons': [<gameplay.Neuron object at 0x7f0ad8e08c88>,
                         <gameplay.Neuron object at 0x7f0ad8e08cc0>,
                         <gameplay.Neuron object at 0x7f0ad8e08d30>,
                         <gameplay.Neuron object at 0x7f0ad8e08cf8>,
                         <gameplay.Neuron object at 0x7f0ad8e08d68>],
             'num_neurons': 5,
             'weights': [[0.06015381002113892,
                          0.11632449090922087,
                          0.10545104731538146,
                          0.04652800206124144,
                          0.11725983046236589,
                          0.1425040847712208,
                          0.12526590411842203,
                          0.1108436316670416],
                         [0.06366652154621648,
                          0.06326463614227767,
                          0.06675035610571661,
                          0.1540556571955539,
                          0.10004019934963843,
                          0.08562265323980282,
                          0.06871289179273773,
                          0.18780096421258985],
                         [0.12006897049777131,
                          0.08313657335406736,
                          0.11109573620861589,
                          0.07916441085219428,
                          0.09156508475873178,
                          0.1103516795012253,
                          0.1425808687141444,
                          0.08235886308769488],
                         [0.11994124430691755,
                          0.07242201947191611,
                          0.13802509976249008,
                          0.05959125942552958,
                          0.1547946721081572,
                          0.10013274073367363,
                          0.09727070691225294,
                          0.10082848724933617],
                         [0.11596891318785062,
                          0.09320732791612732,
                          0.14216575292685285,
                          0.037136465589216974,
                          0.16297528412510737,
                          0.10684767695057323,
                          0.09763681166349293,
                          0.09310061382982357],
                         [0.08790596853309073,
                          0.12481657691297803,
                          0.1335576054487295,
                          0.11001599511694339,
                          0.06608270448852158,
                          0.10047104087124623,
                          0.06785884204943855,
                          0.11080416240610697]]}]}
load_tensorflow_graph: path = tensorflow/mario-model-simple-2019-07-17/frozen_inference_graph.pb
object_detection_graph = <tensorflow.python.framework.ops.Graph object at 0x7f0ad8e08e10>
Doing start sequence
Sleeping one second
sending start
sending empty
Found black world screen for the second time. exiting.



Seconds left: 393
Moves to the right: 19
