pygame 1.9.6
Hello from the pygame community. https://www.pygame.org/contribute.html
Loading neural net from gameplay_neural_nets/129/4.nn
net = {'generation': 116,
 'inputs': [],
 'layers': [{'activation': 'sigmoid',
             'bias': [0.005810584878831336,
                      -0.01816049095466407,
                      -0.024674928141566386,
                      -0.024670038765291884,
                      -0.007226457575068391,
                      -0.04792374872250078,
                      0.020617261878761183,
                      -0.018881282136913126],
             'name': 'input',
             'neurons': [],
             'num_neurons': 8,
             'weights': [[0.35482369760978116,
                          0.4247469609808902,
                          0.06583373242338007,
                          0.10958785347832194,
                          0.07810667398621801,
                          0.09558844297969323,
                          0.07771001174137943,
                          0.08557977409400938,
                          0.06837053530405016,
                          0.07526891073412527],
                         [0.3922188185420525,
                          0.36876634081968573,
                          0.09043727428871559,
                          0.0867395242114686,
                          0.12127356020329375,
                          0.05385054948113968,
                          0.11897680563583114,
                          0.10177875463669488,
                          0.13309817044166614,
                          0.12280872764831653],
                         [0.3776127481580761,
                          0.4307050021388867,
                          0.08902245873561447,
                          0.05787175788376005,
                          0.11836762524356781,
                          0.10126286204032957,
                          0.10039728543469544,
                          0.11308541060053874,
                          0.08113365496398414,
                          0.0837055205964655],
                         [0.3610199532520729,
                          0.39377018038444156,
                          0.095480077307458,
                          0.12882490771435157,
                          0.056373070337701094,
                          0.06989026920818787,
                          0.08336496041271238,
                          0.13433717908262371,
                          0.11069959235697766,
                          0.11825381385864774],
                         [0.4014837456460254,
                          0.3877260014635799,
                          0.04940913106648262,
                          0.13339281018039692,
                          0.09896289350159382,
                          0.15576089506634846,
                          0.10905095388410523,
                          0.13648216382546516,
                          0.09176051186563909,
                          0.06922155500164963],
                         [0.36655090487330094,
                          0.4364653907234142,
                          0.07606646110344013,
                          0.0629994543718569,
                          0.11670592428546712,
                          0.0667892725335323,
                          0.1167290716470887,
                          0.11388150057112287,
                          0.10923178188613414,
                          0.10400500020367526],
                         [0.36872746363684783,
                          0.3832793678316326,
                          0.11656999998313254,
                          0.042520765331317455,
                          0.09331736255186307,
                          0.12361708303661384,
                          0.09623124445229499,
                          0.09374804346421209,
                          0.11277696884072606,
                          0.06783701731681378],
                         [0.3788985893429025,
                          0.4313116757577451,
                          0.05502588054835495,
                          0.07609057187177873,
                          0.13255597170849384,
                          0.04131739086063242,
                          0.09354143798584844,
                          0.155054624741087,
                          0.10468960611390787,
                          0.0600386736701146]]},
            {'activation': 'sigmoid',
             'bias': [-0.021467917436725645,
                      0.05168937354925282,
                      -0.012785908575190338,
                      -0.007625219877415374,
                      0.018529385001976803],
             'name': 'output',
             'neurons': [],
             'num_neurons': 5,
             'weights': [[0.06015381002113892,
                          0.12191519436950475,
                          0.10545104731538146,
                          0.04652800206124144,
                          0.1167746685883199,
                          0.14254582387122963,
                          0.13344058372170586,
                          0.11306255736909959],
                         [0.06366652154621648,
                          0.06326463614227767,
                          0.06426399022147344,
                          0.1540556571955539,
                          0.10004019934963843,
                          0.08562265323980282,
                          0.07179224570284669,
                          0.18780096421258985],
                         [0.12006897049777131,
                          0.08840216704873544,
                          0.11109573620861589,
                          0.07916441085219428,
                          0.09156508475873178,
                          0.1103516795012253,
                          0.1425808687141444,
                          0.07551125309235347],
                         [0.11994124430691755,
                          0.07931501084087333,
                          0.13784288881485726,
                          0.05959125942552958,
                          0.15944773735932724,
                          0.10013274073367363,
                          0.09727070691225294,
                          0.09854632700593863],
                         [0.11596891318785062,
                          0.09320732791612732,
                          0.14216575292685285,
                          0.04066414493079476,
                          0.16471632972399639,
                          0.10684767695057323,
                          0.09717259520674139,
                          0.098064208560217],
                         [0.07952612221008347,
                          0.12481657691297803,
                          0.1335576054487295,
                          0.11001599511694339,
                          0.06608270448852158,
                          0.10812902642468579,
                          0.06785884204943855,
                          0.11080416240610697]]}]}
{'generation': 116,
 'inputs': [],
 'layers': [{'activation': 'sigmoid',
             'bias': [0.005810584878831336,
                      -0.01816049095466407,
                      -0.024674928141566386,
                      -0.024670038765291884,
                      -0.007226457575068391,
                      -0.04792374872250078,
                      0.020617261878761183,
                      -0.018881282136913126],
             'name': 'input',
             'neurons': [<gameplay.Neuron object at 0x7f65fef55860>,
                         <gameplay.Neuron object at 0x7f65fef55828>,
                         <gameplay.Neuron object at 0x7f65fef55240>,
                         <gameplay.Neuron object at 0x7f65fef55b00>,
                         <gameplay.Neuron object at 0x7f65fef55ba8>,
                         <gameplay.Neuron object at 0x7f65fef55b38>,
                         <gameplay.Neuron object at 0x7f65fef55c88>,
                         <gameplay.Neuron object at 0x7f65fef55c50>],
             'num_neurons': 8,
             'weights': [[0.35482369760978116,
                          0.4247469609808902,
                          0.06583373242338007,
                          0.10958785347832194,
                          0.07810667398621801,
                          0.09558844297969323,
                          0.07771001174137943,
                          0.08557977409400938,
                          0.06837053530405016,
                          0.07526891073412527],
                         [0.3922188185420525,
                          0.36876634081968573,
                          0.09043727428871559,
                          0.0867395242114686,
                          0.12127356020329375,
                          0.05385054948113968,
                          0.11897680563583114,
                          0.10177875463669488,
                          0.13309817044166614,
                          0.12280872764831653],
                         [0.3776127481580761,
                          0.4307050021388867,
                          0.08902245873561447,
                          0.05787175788376005,
                          0.11836762524356781,
                          0.10126286204032957,
                          0.10039728543469544,
                          0.11308541060053874,
                          0.08113365496398414,
                          0.0837055205964655],
                         [0.3610199532520729,
                          0.39377018038444156,
                          0.095480077307458,
                          0.12882490771435157,
                          0.056373070337701094,
                          0.06989026920818787,
                          0.08336496041271238,
                          0.13433717908262371,
                          0.11069959235697766,
                          0.11825381385864774],
                         [0.4014837456460254,
                          0.3877260014635799,
                          0.04940913106648262,
                          0.13339281018039692,
                          0.09896289350159382,
                          0.15576089506634846,
                          0.10905095388410523,
                          0.13648216382546516,
                          0.09176051186563909,
                          0.06922155500164963],
                         [0.36655090487330094,
                          0.4364653907234142,
                          0.07606646110344013,
                          0.0629994543718569,
                          0.11670592428546712,
                          0.0667892725335323,
                          0.1167290716470887,
                          0.11388150057112287,
                          0.10923178188613414,
                          0.10400500020367526],
                         [0.36872746363684783,
                          0.3832793678316326,
                          0.11656999998313254,
                          0.042520765331317455,
                          0.09331736255186307,
                          0.12361708303661384,
                          0.09623124445229499,
                          0.09374804346421209,
                          0.11277696884072606,
                          0.06783701731681378],
                         [0.3788985893429025,
                          0.4313116757577451,
                          0.05502588054835495,
                          0.07609057187177873,
                          0.13255597170849384,
                          0.04131739086063242,
                          0.09354143798584844,
                          0.155054624741087,
                          0.10468960611390787,
                          0.0600386736701146]]},
            {'activation': 'sigmoid',
             'bias': [-0.021467917436725645,
                      0.05168937354925282,
                      -0.012785908575190338,
                      -0.007625219877415374,
                      0.018529385001976803],
             'name': 'output',
             'neurons': [<gameplay.Neuron object at 0x7f65fef55cc0>,
                         <gameplay.Neuron object at 0x7f65fef55cf8>,
                         <gameplay.Neuron object at 0x7f65fef55d68>,
                         <gameplay.Neuron object at 0x7f65fef55d30>,
                         <gameplay.Neuron object at 0x7f65fef55da0>],
             'num_neurons': 5,
             'weights': [[0.06015381002113892,
                          0.12191519436950475,
                          0.10545104731538146,
                          0.04652800206124144,
                          0.1167746685883199,
                          0.14254582387122963,
                          0.13344058372170586,
                          0.11306255736909959],
                         [0.06366652154621648,
                          0.06326463614227767,
                          0.06426399022147344,
                          0.1540556571955539,
                          0.10004019934963843,
                          0.08562265323980282,
                          0.07179224570284669,
                          0.18780096421258985],
                         [0.12006897049777131,
                          0.08840216704873544,
                          0.11109573620861589,
                          0.07916441085219428,
                          0.09156508475873178,
                          0.1103516795012253,
                          0.1425808687141444,
                          0.07551125309235347],
                         [0.11994124430691755,
                          0.07931501084087333,
                          0.13784288881485726,
                          0.05959125942552958,
                          0.15944773735932724,
                          0.10013274073367363,
                          0.09727070691225294,
                          0.09854632700593863],
                         [0.11596891318785062,
                          0.09320732791612732,
                          0.14216575292685285,
                          0.04066414493079476,
                          0.16471632972399639,
                          0.10684767695057323,
                          0.09717259520674139,
                          0.098064208560217],
                         [0.07952612221008347,
                          0.12481657691297803,
                          0.1335576054487295,
                          0.11001599511694339,
                          0.06608270448852158,
                          0.10812902642468579,
                          0.06785884204943855,
                          0.11080416240610697]]}]}
load_tensorflow_graph: path = tensorflow/mario-model-simple-2019-07-17/frozen_inference_graph.pb
object_detection_graph = <tensorflow.python.framework.ops.Graph object at 0x7f65fef55e48>
Doing start sequence
Sleeping one second
sending start
sending empty
Found black world screen for the second time. exiting.



Seconds left: 393
Moves to the right: 19
