pygame 1.9.6
Hello from the pygame community. https://www.pygame.org/contribute.html
Loading neural net from gameplay_neural_nets/129/5.nn
net = {'generation': 116,
 'inputs': [],
 'layers': [{'activation': 'sigmoid',
             'bias': [0.014002930923923015,
                      -0.01816049095466407,
                      -0.0305524440214808,
                      -0.024670038765291884,
                      -0.0019493746661577611,
                      -0.04792374872250078,
                      0.011564517303039135,
                      -0.023256628861058393],
             'name': 'input',
             'neurons': [],
             'num_neurons': 8,
             'weights': [[0.3581780714413241,
                          0.4247469609808902,
                          0.07356484927786981,
                          0.10958785347832194,
                          0.07546077138814102,
                          0.09558844297969323,
                          0.07079748853644975,
                          0.08557977409400938,
                          0.06837053530405016,
                          0.07526891073412527],
                         [0.3922188185420525,
                          0.36841693132201275,
                          0.09837836172476283,
                          0.09338254973950705,
                          0.12127356020329375,
                          0.05385054948113968,
                          0.11897680563583114,
                          0.10177875463669488,
                          0.13414354633233977,
                          0.12280872764831653],
                         [0.3833401888380731,
                          0.4307050021388867,
                          0.08902245873561447,
                          0.05787175788376005,
                          0.11836762524356781,
                          0.10126286204032957,
                          0.10039728543469544,
                          0.11308541060053874,
                          0.08113365496398414,
                          0.0837055205964655],
                         [0.3610199532520729,
                          0.391584461285399,
                          0.095480077307458,
                          0.12882490771435157,
                          0.056373070337701094,
                          0.06989026920818787,
                          0.08217322301687822,
                          0.13433717908262371,
                          0.11069959235697766,
                          0.11825381385864774],
                         [0.4014837456460254,
                          0.3877260014635799,
                          0.04940913106648262,
                          0.12447198049511957,
                          0.09896289350159382,
                          0.1465807720802335,
                          0.10905095388410523,
                          0.13648216382546516,
                          0.08514827614160946,
                          0.06910785560814393],
                         [0.36655090487330094,
                          0.4364653907234142,
                          0.08163901327775863,
                          0.0629994543718569,
                          0.11670592428546712,
                          0.0667892725335323,
                          0.1167290716470887,
                          0.11388150057112287,
                          0.10923178188613414,
                          0.10400500020367526],
                         [0.36872746363684783,
                          0.38146846131496853,
                          0.11656999998313254,
                          0.040476402339666276,
                          0.09331736255186307,
                          0.12361708303661384,
                          0.09623124445229499,
                          0.08537951278561609,
                          0.11277696884072606,
                          0.06350111982213096],
                         [0.3788985893429025,
                          0.4246480733945073,
                          0.04720261321665169,
                          0.07609057187177873,
                          0.13255597170849384,
                          0.04131739086063242,
                          0.08763540324406538,
                          0.15949300650059303,
                          0.10468960611390787,
                          0.0600386736701146]]},
            {'activation': 'sigmoid',
             'bias': [-0.022620049871378806,
                      0.05168937354925282,
                      -0.012785908575190338,
                      -0.0011838458159442386,
                      0.018529385001976803],
             'name': 'output',
             'neurons': [],
             'num_neurons': 5,
             'weights': [[0.0641417353430357,
                          0.11632449090922087,
                          0.11402767141851936,
                          0.054813078689929066,
                          0.11725983046236589,
                          0.14254582387122963,
                          0.13344058372170586,
                          0.10346051984879587],
                         [0.06625746619320433,
                          0.06326463614227767,
                          0.06675035610571661,
                          0.1540556571955539,
                          0.10004019934963843,
                          0.08562265323980282,
                          0.07179224570284669,
                          0.18780096421258985],
                         [0.12006897049777131,
                          0.08006727519465728,
                          0.10633740100751983,
                          0.08628680495094686,
                          0.09156508475873178,
                          0.1103516795012253,
                          0.1425808687141444,
                          0.08235886308769488],
                         [0.11994124430691755,
                          0.07773868260971259,
                          0.13802509976249008,
                          0.05959125942552958,
                          0.15893354871884358,
                          0.10760424506211251,
                          0.09727070691225294,
                          0.10082848724933617],
                         [0.1121670304393752,
                          0.09320732791612732,
                          0.14216575292685285,
                          0.037136465589216974,
                          0.16551715818297602,
                          0.10684767695057323,
                          0.09763681166349293,
                          0.098064208560217],
                         [0.07952612221008347,
                          0.12481657691297803,
                          0.1335576054487295,
                          0.11001599511694339,
                          0.06608270448852158,
                          0.10047104087124623,
                          0.06785884204943855,
                          0.11080416240610697]]}]}
{'generation': 116,
 'inputs': [],
 'layers': [{'activation': 'sigmoid',
             'bias': [0.014002930923923015,
                      -0.01816049095466407,
                      -0.0305524440214808,
                      -0.024670038765291884,
                      -0.0019493746661577611,
                      -0.04792374872250078,
                      0.011564517303039135,
                      -0.023256628861058393],
             'name': 'input',
             'neurons': [<gameplay.Neuron object at 0x7fb84973a7f0>,
                         <gameplay.Neuron object at 0x7fb84973a7b8>,
                         <gameplay.Neuron object at 0x7fb84973a1d0>,
                         <gameplay.Neuron object at 0x7fb84973aa90>,
                         <gameplay.Neuron object at 0x7fb84973ab38>,
                         <gameplay.Neuron object at 0x7fb84973aac8>,
                         <gameplay.Neuron object at 0x7fb84973ac18>,
                         <gameplay.Neuron object at 0x7fb84973abe0>],
             'num_neurons': 8,
             'weights': [[0.3581780714413241,
                          0.4247469609808902,
                          0.07356484927786981,
                          0.10958785347832194,
                          0.07546077138814102,
                          0.09558844297969323,
                          0.07079748853644975,
                          0.08557977409400938,
                          0.06837053530405016,
                          0.07526891073412527],
                         [0.3922188185420525,
                          0.36841693132201275,
                          0.09837836172476283,
                          0.09338254973950705,
                          0.12127356020329375,
                          0.05385054948113968,
                          0.11897680563583114,
                          0.10177875463669488,
                          0.13414354633233977,
                          0.12280872764831653],
                         [0.3833401888380731,
                          0.4307050021388867,
                          0.08902245873561447,
                          0.05787175788376005,
                          0.11836762524356781,
                          0.10126286204032957,
                          0.10039728543469544,
                          0.11308541060053874,
                          0.08113365496398414,
                          0.0837055205964655],
                         [0.3610199532520729,
                          0.391584461285399,
                          0.095480077307458,
                          0.12882490771435157,
                          0.056373070337701094,
                          0.06989026920818787,
                          0.08217322301687822,
                          0.13433717908262371,
                          0.11069959235697766,
                          0.11825381385864774],
                         [0.4014837456460254,
                          0.3877260014635799,
                          0.04940913106648262,
                          0.12447198049511957,
                          0.09896289350159382,
                          0.1465807720802335,
                          0.10905095388410523,
                          0.13648216382546516,
                          0.08514827614160946,
                          0.06910785560814393],
                         [0.36655090487330094,
                          0.4364653907234142,
                          0.08163901327775863,
                          0.0629994543718569,
                          0.11670592428546712,
                          0.0667892725335323,
                          0.1167290716470887,
                          0.11388150057112287,
                          0.10923178188613414,
                          0.10400500020367526],
                         [0.36872746363684783,
                          0.38146846131496853,
                          0.11656999998313254,
                          0.040476402339666276,
                          0.09331736255186307,
                          0.12361708303661384,
                          0.09623124445229499,
                          0.08537951278561609,
                          0.11277696884072606,
                          0.06350111982213096],
                         [0.3788985893429025,
                          0.4246480733945073,
                          0.04720261321665169,
                          0.07609057187177873,
                          0.13255597170849384,
                          0.04131739086063242,
                          0.08763540324406538,
                          0.15949300650059303,
                          0.10468960611390787,
                          0.0600386736701146]]},
            {'activation': 'sigmoid',
             'bias': [-0.022620049871378806,
                      0.05168937354925282,
                      -0.012785908575190338,
                      -0.0011838458159442386,
                      0.018529385001976803],
             'name': 'output',
             'neurons': [<gameplay.Neuron object at 0x7fb84973ac50>,
                         <gameplay.Neuron object at 0x7fb84973ac88>,
                         <gameplay.Neuron object at 0x7fb84973acf8>,
                         <gameplay.Neuron object at 0x7fb84973acc0>,
                         <gameplay.Neuron object at 0x7fb84973ad30>],
             'num_neurons': 5,
             'weights': [[0.0641417353430357,
                          0.11632449090922087,
                          0.11402767141851936,
                          0.054813078689929066,
                          0.11725983046236589,
                          0.14254582387122963,
                          0.13344058372170586,
                          0.10346051984879587],
                         [0.06625746619320433,
                          0.06326463614227767,
                          0.06675035610571661,
                          0.1540556571955539,
                          0.10004019934963843,
                          0.08562265323980282,
                          0.07179224570284669,
                          0.18780096421258985],
                         [0.12006897049777131,
                          0.08006727519465728,
                          0.10633740100751983,
                          0.08628680495094686,
                          0.09156508475873178,
                          0.1103516795012253,
                          0.1425808687141444,
                          0.08235886308769488],
                         [0.11994124430691755,
                          0.07773868260971259,
                          0.13802509976249008,
                          0.05959125942552958,
                          0.15893354871884358,
                          0.10760424506211251,
                          0.09727070691225294,
                          0.10082848724933617],
                         [0.1121670304393752,
                          0.09320732791612732,
                          0.14216575292685285,
                          0.037136465589216974,
                          0.16551715818297602,
                          0.10684767695057323,
                          0.09763681166349293,
                          0.098064208560217],
                         [0.07952612221008347,
                          0.12481657691297803,
                          0.1335576054487295,
                          0.11001599511694339,
                          0.06608270448852158,
                          0.10047104087124623,
                          0.06785884204943855,
                          0.11080416240610697]]}]}
load_tensorflow_graph: path = tensorflow/mario-model-simple-2019-07-17/frozen_inference_graph.pb
object_detection_graph = <tensorflow.python.framework.ops.Graph object at 0x7fb84973add8>
Doing start sequence
Sleeping one second
sending start
sending empty
Found black world screen for the second time. exiting.



Seconds left: 393
Moves to the right: 17
