pygame 1.9.6
Hello from the pygame community. https://www.pygame.org/contribute.html
Loading neural net from gameplay_neural_nets/129/8.nn
net = {'generation': 116,
 'inputs': [],
 'layers': [{'activation': 'sigmoid',
             'bias': [0.00570955922875859,
                      -0.01816049095466407,
                      -0.024674928141566386,
                      -0.024670038765291884,
                      -0.004756142359964634,
                      -0.04792374872250078,
                      0.020617261878761183,
                      -0.018881282136913126],
             'name': 'input',
             'neurons': [],
             'num_neurons': 8,
             'weights': [[0.35338314997233916,
                          0.4247469609808902,
                          0.07356484927786981,
                          0.10958785347832194,
                          0.07546077138814102,
                          0.09558844297969323,
                          0.07771001174137943,
                          0.08557977409400938,
                          0.06837053530405016,
                          0.07526891073412527],
                         [0.3922188185420525,
                          0.36876634081968573,
                          0.09043727428871559,
                          0.09338254973950705,
                          0.12127356020329375,
                          0.05385054948113968,
                          0.11897680563583114,
                          0.10177875463669488,
                          0.13414354633233977,
                          0.12233457116797344],
                         [0.38434880093883533,
                          0.4307050021388867,
                          0.08902245873561447,
                          0.05787175788376005,
                          0.10962807739744351,
                          0.10126286204032957,
                          0.10039728543469544,
                          0.11636039891895486,
                          0.08113365496398414,
                          0.0837055205964655],
                         [0.3610199532520729,
                          0.39377018038444156,
                          0.09966960485619711,
                          0.12882490771435157,
                          0.056373070337701094,
                          0.06989026920818787,
                          0.08217322301687822,
                          0.13433717908262371,
                          0.11069959235697766,
                          0.11825381385864774],
                         [0.4014837456460254,
                          0.3877260014635799,
                          0.04940913106648262,
                          0.12447198049511957,
                          0.09896289350159382,
                          0.15576089506634846,
                          0.1139797927851354,
                          0.13648216382546516,
                          0.08402568794170345,
                          0.0630995123126669],
                         [0.36655090487330094,
                          0.4363835743183239,
                          0.08163901327775863,
                          0.0629994543718569,
                          0.11670592428546712,
                          0.07467010069217538,
                          0.1167290716470887,
                          0.11388150057112287,
                          0.10923178188613414,
                          0.10400500020367526],
                         [0.36872746363684783,
                          0.38146846131496853,
                          0.11656999998313254,
                          0.040476402339666276,
                          0.09331736255186307,
                          0.12361708303661384,
                          0.09623124445229499,
                          0.09374804346421209,
                          0.10389387674966016,
                          0.06783701731681378],
                         [0.3788985893429025,
                          0.43381045521799927,
                          0.056148738029830864,
                          0.07609057187177873,
                          0.13255597170849384,
                          0.046814592358861665,
                          0.08763540324406538,
                          0.15949300650059303,
                          0.09784495232091747,
                          0.06334627949415603]]},
            {'activation': 'sigmoid',
             'bias': [-0.021467917436725645,
                      0.05168937354925282,
                      -0.012785908575190338,
                      -0.007625219877415374,
                      0.018529385001976803],
             'name': 'output',
             'neurons': [],
             'num_neurons': 5,
             'weights': [[0.06015381002113892,
                          0.11923380942668707,
                          0.10545104731538146,
                          0.04652800206124144,
                          0.11725983046236589,
                          0.14254582387122963,
                          0.13344058372170586,
                          0.11306255736909959],
                         [0.06366652154621648,
                          0.06326463614227767,
                          0.06675035610571661,
                          0.1540556571955539,
                          0.10004019934963843,
                          0.08837824549452629,
                          0.07179224570284669,
                          0.18780096421258985],
                         [0.12006897049777131,
                          0.08840216704873544,
                          0.11109573620861589,
                          0.07916441085219428,
                          0.09156508475873178,
                          0.10456657286230653,
                          0.1425808687141444,
                          0.08235886308769488],
                         [0.11994124430691755,
                          0.07147110509589057,
                          0.13802509976249008,
                          0.05959125942552958,
                          0.15944773735932724,
                          0.10013274073367363,
                          0.09727070691225294,
                          0.10547880907156178],
                         [0.12594983572256307,
                          0.08893263468526505,
                          0.14216575292685285,
                          0.037136465589216974,
                          0.16297528412510737,
                          0.10684767695057323,
                          0.09629455899696396,
                          0.098064208560217],
                         [0.07952612221008347,
                          0.12931081351240806,
                          0.1335576054487295,
                          0.11001599511694339,
                          0.06608270448852158,
                          0.10047104087124623,
                          0.06785884204943855,
                          0.10359523016345612]]}]}
{'generation': 116,
 'inputs': [],
 'layers': [{'activation': 'sigmoid',
             'bias': [0.00570955922875859,
                      -0.01816049095466407,
                      -0.024674928141566386,
                      -0.024670038765291884,
                      -0.004756142359964634,
                      -0.04792374872250078,
                      0.020617261878761183,
                      -0.018881282136913126],
             'name': 'input',
             'neurons': [<gameplay.Neuron object at 0x7f34be925860>,
                         <gameplay.Neuron object at 0x7f34be925828>,
                         <gameplay.Neuron object at 0x7f34be925240>,
                         <gameplay.Neuron object at 0x7f34be925b00>,
                         <gameplay.Neuron object at 0x7f34be925ba8>,
                         <gameplay.Neuron object at 0x7f34be925b38>,
                         <gameplay.Neuron object at 0x7f34be925c88>,
                         <gameplay.Neuron object at 0x7f34be925c50>],
             'num_neurons': 8,
             'weights': [[0.35338314997233916,
                          0.4247469609808902,
                          0.07356484927786981,
                          0.10958785347832194,
                          0.07546077138814102,
                          0.09558844297969323,
                          0.07771001174137943,
                          0.08557977409400938,
                          0.06837053530405016,
                          0.07526891073412527],
                         [0.3922188185420525,
                          0.36876634081968573,
                          0.09043727428871559,
                          0.09338254973950705,
                          0.12127356020329375,
                          0.05385054948113968,
                          0.11897680563583114,
                          0.10177875463669488,
                          0.13414354633233977,
                          0.12233457116797344],
                         [0.38434880093883533,
                          0.4307050021388867,
                          0.08902245873561447,
                          0.05787175788376005,
                          0.10962807739744351,
                          0.10126286204032957,
                          0.10039728543469544,
                          0.11636039891895486,
                          0.08113365496398414,
                          0.0837055205964655],
                         [0.3610199532520729,
                          0.39377018038444156,
                          0.09966960485619711,
                          0.12882490771435157,
                          0.056373070337701094,
                          0.06989026920818787,
                          0.08217322301687822,
                          0.13433717908262371,
                          0.11069959235697766,
                          0.11825381385864774],
                         [0.4014837456460254,
                          0.3877260014635799,
                          0.04940913106648262,
                          0.12447198049511957,
                          0.09896289350159382,
                          0.15576089506634846,
                          0.1139797927851354,
                          0.13648216382546516,
                          0.08402568794170345,
                          0.0630995123126669],
                         [0.36655090487330094,
                          0.4363835743183239,
                          0.08163901327775863,
                          0.0629994543718569,
                          0.11670592428546712,
                          0.07467010069217538,
                          0.1167290716470887,
                          0.11388150057112287,
                          0.10923178188613414,
                          0.10400500020367526],
                         [0.36872746363684783,
                          0.38146846131496853,
                          0.11656999998313254,
                          0.040476402339666276,
                          0.09331736255186307,
                          0.12361708303661384,
                          0.09623124445229499,
                          0.09374804346421209,
                          0.10389387674966016,
                          0.06783701731681378],
                         [0.3788985893429025,
                          0.43381045521799927,
                          0.056148738029830864,
                          0.07609057187177873,
                          0.13255597170849384,
                          0.046814592358861665,
                          0.08763540324406538,
                          0.15949300650059303,
                          0.09784495232091747,
                          0.06334627949415603]]},
            {'activation': 'sigmoid',
             'bias': [-0.021467917436725645,
                      0.05168937354925282,
                      -0.012785908575190338,
                      -0.007625219877415374,
                      0.018529385001976803],
             'name': 'output',
             'neurons': [<gameplay.Neuron object at 0x7f34be925cc0>,
                         <gameplay.Neuron object at 0x7f34be925cf8>,
                         <gameplay.Neuron object at 0x7f34be925d68>,
                         <gameplay.Neuron object at 0x7f34be925d30>,
                         <gameplay.Neuron object at 0x7f34be925da0>],
             'num_neurons': 5,
             'weights': [[0.06015381002113892,
                          0.11923380942668707,
                          0.10545104731538146,
                          0.04652800206124144,
                          0.11725983046236589,
                          0.14254582387122963,
                          0.13344058372170586,
                          0.11306255736909959],
                         [0.06366652154621648,
                          0.06326463614227767,
                          0.06675035610571661,
                          0.1540556571955539,
                          0.10004019934963843,
                          0.08837824549452629,
                          0.07179224570284669,
                          0.18780096421258985],
                         [0.12006897049777131,
                          0.08840216704873544,
                          0.11109573620861589,
                          0.07916441085219428,
                          0.09156508475873178,
                          0.10456657286230653,
                          0.1425808687141444,
                          0.08235886308769488],
                         [0.11994124430691755,
                          0.07147110509589057,
                          0.13802509976249008,
                          0.05959125942552958,
                          0.15944773735932724,
                          0.10013274073367363,
                          0.09727070691225294,
                          0.10547880907156178],
                         [0.12594983572256307,
                          0.08893263468526505,
                          0.14216575292685285,
                          0.037136465589216974,
                          0.16297528412510737,
                          0.10684767695057323,
                          0.09629455899696396,
                          0.098064208560217],
                         [0.07952612221008347,
                          0.12931081351240806,
                          0.1335576054487295,
                          0.11001599511694339,
                          0.06608270448852158,
                          0.10047104087124623,
                          0.06785884204943855,
                          0.10359523016345612]]}]}
load_tensorflow_graph: path = tensorflow/mario-model-simple-2019-07-17/frozen_inference_graph.pb
object_detection_graph = <tensorflow.python.framework.ops.Graph object at 0x7f34be925e48>
Doing start sequence
Sleeping one second
sending start
sending empty
Found black world screen for the second time. exiting.



Seconds left: 377
Moves to the right: 44
