pygame 1.9.6
Hello from the pygame community. https://www.pygame.org/contribute.html
Loading neural net from gameplay_neural_nets/76/3.nn
net = {'generation': 69,
 'inputs': [],
 'layers': [{'activation': 'sigmoid',
             'bias': [0.009367757814443087,
                      -0.011623252662639536,
                      0.008367185966642706,
                      -0.027307551068131222,
                      0.009001956511799483,
                      -0.03049979023630337,
                      0.011328972498525066,
                      -0.016934179868047065],
             'name': 'input',
             'neurons': [],
             'num_neurons': 8,
             'weights': [[0.36864694503210343,
                          0.4153702171296975,
                          0.11155712369234323,
                          0.13083091156104096,
                          0.10799375527364315,
                          0.09471026191122296,
                          0.10005644466592625,
                          0.10965315148297751,
                          0.08250158651494664,
                          0.0998560950810327],
                         [0.3825790546903861,
                          0.3813118925950652,
                          0.0991597988823857,
                          0.11115499468737042,
                          0.08887572410565157,
                          0.08778997664540447,
                          0.10533679026976715,
                          0.09678779674033725,
                          0.1102326705804538,
                          0.11928466830233064],
                         [0.37265911603633284,
                          0.43429709545002015,
                          0.08247944090157779,
                          0.07583754825847726,
                          0.11518353202805891,
                          0.10304213040719644,
                          0.10483330204101142,
                          0.10074638543382188,
                          0.11999042642244442,
                          0.09138782068620988],
                         [0.3945242392807699,
                          0.4055208418941509,
                          0.09952210532441028,
                          0.11414864135008918,
                          0.06775521415564113,
                          0.10588489475465926,
                          0.09080255198934047,
                          0.1184444791129682,
                          0.0827226989311767,
                          0.11433970069176255],
                         [0.3797435589483498,
                          0.394836521314859,
                          0.048309294074893025,
                          0.1262740981049703,
                          0.08947114636363285,
                          0.12982363990725287,
                          0.11167165987067776,
                          0.12410121266748039,
                          0.09579751824589308,
                          0.0691214511651125],
                         [0.3560217857701195,
                          0.4099560658714259,
                          0.08348061509803195,
                          0.10597253080983675,
                          0.10733891452937994,
                          0.0793948127136725,
                          0.10333416314394865,
                          0.11473653666489962,
                          0.12159803670227769,
                          0.10550091103958262],
                         [0.3796070285075073,
                          0.379073466806708,
                          0.11951122271341312,
                          0.05442770815527058,
                          0.11903850441003717,
                          0.09166621607143773,
                          0.0918621461683314,
                          0.1323605298252404,
                          0.10281027226606428,
                          0.06916068891913048],
                         [0.40122493100517626,
                          0.4148260687526146,
                          0.0750006626016055,
                          0.07833474708604399,
                          0.10634069079073452,
                          0.059704159495900515,
                          0.06011518785126331,
                          0.15183000435268978,
                          0.09083526120787355,
                          0.08641037371128725]]},
            {'activation': 'sigmoid',
             'bias': [-0.010479955157336027,
                      0.03982642209741709,
                      0.0070870183682971,
                      -0.01361686657480158,
                      0.018581627989594382],
             'name': 'output',
             'neurons': [],
             'num_neurons': 5,
             'weights': [[0.0735886197779419,
                          0.0878001858456932,
                          0.09988645398016695,
                          0.07049958208910756,
                          0.09754979564617723,
                          0.13034142847838046,
                          0.12684197988306606,
                          0.09209341137534363],
                         [0.061706186772750984,
                          0.08089746280550308,
                          0.06715919989396471,
                          0.14755848690712828,
                          0.08310404439825728,
                          0.0793170560891941,
                          0.08428747728793164,
                          0.16867628890067007],
                         [0.10372209480420222,
                          0.06709368994132538,
                          0.12123522645591026,
                          0.09440831500338859,
                          0.09692459063154832,
                          0.10639357448400007,
                          0.13981570566457574,
                          0.08193393813096676],
                         [0.11497794441854366,
                          0.07578655703856736,
                          0.11138179037405646,
                          0.06778847567871392,
                          0.12462206792070002,
                          0.10224533062672927,
                          0.10550967686213421,
                          0.11099463277410813],
                         [0.11296992008275403,
                          0.11220347408099464,
                          0.13189076304663866,
                          0.06447732863136724,
                          0.1616963453752478,
                          0.1157377114729365,
                          0.09614296876500801,
                          0.09529505400580614],
                         [0.10830828999344363,
                          0.11802023685139723,
                          0.13099833022435764,
                          0.0977556725559137,
                          0.07616346267597177,
                          0.11018563645301602,
                          0.07864347625817235,
                          0.105613998343036]]}]}
{'generation': 69,
 'inputs': [],
 'layers': [{'activation': 'sigmoid',
             'bias': [0.009367757814443087,
                      -0.011623252662639536,
                      0.008367185966642706,
                      -0.027307551068131222,
                      0.009001956511799483,
                      -0.03049979023630337,
                      0.011328972498525066,
                      -0.016934179868047065],
             'name': 'input',
             'neurons': [<gameplay.Neuron object at 0x7f2b92bca7f0>,
                         <gameplay.Neuron object at 0x7f2b92bca7b8>,
                         <gameplay.Neuron object at 0x7f2b92bca1d0>,
                         <gameplay.Neuron object at 0x7f2b92bcaa90>,
                         <gameplay.Neuron object at 0x7f2b92bcab38>,
                         <gameplay.Neuron object at 0x7f2b92bcaac8>,
                         <gameplay.Neuron object at 0x7f2b92bcac18>,
                         <gameplay.Neuron object at 0x7f2b92bcabe0>],
             'num_neurons': 8,
             'weights': [[0.36864694503210343,
                          0.4153702171296975,
                          0.11155712369234323,
                          0.13083091156104096,
                          0.10799375527364315,
                          0.09471026191122296,
                          0.10005644466592625,
                          0.10965315148297751,
                          0.08250158651494664,
                          0.0998560950810327],
                         [0.3825790546903861,
                          0.3813118925950652,
                          0.0991597988823857,
                          0.11115499468737042,
                          0.08887572410565157,
                          0.08778997664540447,
                          0.10533679026976715,
                          0.09678779674033725,
                          0.1102326705804538,
                          0.11928466830233064],
                         [0.37265911603633284,
                          0.43429709545002015,
                          0.08247944090157779,
                          0.07583754825847726,
                          0.11518353202805891,
                          0.10304213040719644,
                          0.10483330204101142,
                          0.10074638543382188,
                          0.11999042642244442,
                          0.09138782068620988],
                         [0.3945242392807699,
                          0.4055208418941509,
                          0.09952210532441028,
                          0.11414864135008918,
                          0.06775521415564113,
                          0.10588489475465926,
                          0.09080255198934047,
                          0.1184444791129682,
                          0.0827226989311767,
                          0.11433970069176255],
                         [0.3797435589483498,
                          0.394836521314859,
                          0.048309294074893025,
                          0.1262740981049703,
                          0.08947114636363285,
                          0.12982363990725287,
                          0.11167165987067776,
                          0.12410121266748039,
                          0.09579751824589308,
                          0.0691214511651125],
                         [0.3560217857701195,
                          0.4099560658714259,
                          0.08348061509803195,
                          0.10597253080983675,
                          0.10733891452937994,
                          0.0793948127136725,
                          0.10333416314394865,
                          0.11473653666489962,
                          0.12159803670227769,
                          0.10550091103958262],
                         [0.3796070285075073,
                          0.379073466806708,
                          0.11951122271341312,
                          0.05442770815527058,
                          0.11903850441003717,
                          0.09166621607143773,
                          0.0918621461683314,
                          0.1323605298252404,
                          0.10281027226606428,
                          0.06916068891913048],
                         [0.40122493100517626,
                          0.4148260687526146,
                          0.0750006626016055,
                          0.07833474708604399,
                          0.10634069079073452,
                          0.059704159495900515,
                          0.06011518785126331,
                          0.15183000435268978,
                          0.09083526120787355,
                          0.08641037371128725]]},
            {'activation': 'sigmoid',
             'bias': [-0.010479955157336027,
                      0.03982642209741709,
                      0.0070870183682971,
                      -0.01361686657480158,
                      0.018581627989594382],
             'name': 'output',
             'neurons': [<gameplay.Neuron object at 0x7f2b92bcac50>,
                         <gameplay.Neuron object at 0x7f2b92bcac88>,
                         <gameplay.Neuron object at 0x7f2b92bcacf8>,
                         <gameplay.Neuron object at 0x7f2b92bcacc0>,
                         <gameplay.Neuron object at 0x7f2b92bcad30>],
             'num_neurons': 5,
             'weights': [[0.0735886197779419,
                          0.0878001858456932,
                          0.09988645398016695,
                          0.07049958208910756,
                          0.09754979564617723,
                          0.13034142847838046,
                          0.12684197988306606,
                          0.09209341137534363],
                         [0.061706186772750984,
                          0.08089746280550308,
                          0.06715919989396471,
                          0.14755848690712828,
                          0.08310404439825728,
                          0.0793170560891941,
                          0.08428747728793164,
                          0.16867628890067007],
                         [0.10372209480420222,
                          0.06709368994132538,
                          0.12123522645591026,
                          0.09440831500338859,
                          0.09692459063154832,
                          0.10639357448400007,
                          0.13981570566457574,
                          0.08193393813096676],
                         [0.11497794441854366,
                          0.07578655703856736,
                          0.11138179037405646,
                          0.06778847567871392,
                          0.12462206792070002,
                          0.10224533062672927,
                          0.10550967686213421,
                          0.11099463277410813],
                         [0.11296992008275403,
                          0.11220347408099464,
                          0.13189076304663866,
                          0.06447732863136724,
                          0.1616963453752478,
                          0.1157377114729365,
                          0.09614296876500801,
                          0.09529505400580614],
                         [0.10830828999344363,
                          0.11802023685139723,
                          0.13099833022435764,
                          0.0977556725559137,
                          0.07616346267597177,
                          0.11018563645301602,
                          0.07864347625817235,
                          0.105613998343036]]}]}
load_tensorflow_graph: path = tensorflow/mario-model-simple-2019-07-17/frozen_inference_graph.pb
object_detection_graph = <tensorflow.python.framework.ops.Graph object at 0x7f2b92bcadd8>
Doing start sequence
Sleeping one second
sending start
sending empty
Found black world screen for the second time. exiting.



Seconds left: 392
Moves to the right: 18
