pygame 1.9.6
Hello from the pygame community. https://www.pygame.org/contribute.html
Loading neural net from gameplay_neural_nets/56/10.nn
net = {'generation': 49,
 'inputs': [],
 'layers': [{'activation': 'sigmoid',
             'bias': [-0.029500712558095797,
                      0.03896427437401137,
                      -0.03958987003848802,
                      0.00022855483710893833,
                      -0.01848949934909938,
                      0.016962047097549518,
                      -0.014906270396798642,
                      -0.024507142471300182],
             'name': 'input',
             'neurons': [],
             'num_neurons': 8,
             'weights': [[0.4452590827355029,
                          0.5056301231134823,
                          0.5111945238627931,
                          0.45348727588246035,
                          0.5018925540263984,
                          0.4795540779338953,
                          0.5268429231115213,
                          0.48860431083864275,
                          0.49636953642833004,
                          0.5391196572286502],
                         [0.48230696541492973,
                          0.5005466947743554,
                          0.5306524162199278,
                          0.5080322850562655,
                          0.5082916521705815,
                          0.5039335299018288,
                          0.472865666670649,
                          0.4669457459757446,
                          0.5280018883751686,
                          0.5228299094682601],
                         [0.556938141855952,
                          0.4959193941539474,
                          0.49431850537243194,
                          0.47889384498743887,
                          0.46901400485930184,
                          0.508312497124986,
                          0.5081612659301384,
                          0.46812891357750136,
                          0.4594979785261501,
                          0.4999815084047657],
                         [0.502373780269203,
                          0.47306152814924507,
                          0.4896405529512809,
                          0.4273754899408447,
                          0.4785806546018823,
                          0.5262207700026904,
                          0.5045806875464638,
                          0.4761420484868073,
                          0.5127885602158024,
                          0.5116661866059876],
                         [0.5017583555240919,
                          0.4966506125288961,
                          0.5254422873321413,
                          0.47079662355672536,
                          0.517730433522892,
                          0.498967202175657,
                          0.5160702257205132,
                          0.4930648766378571,
                          0.508048994047834,
                          0.5411188541557895],
                         [0.49955743368887945,
                          0.5028413899261832,
                          0.4894755259234696,
                          0.5284430019514875,
                          0.4928859536927031,
                          0.4714379264098361,
                          0.5476496069337311,
                          0.45399046795339704,
                          0.5013120503278053,
                          0.4477837549350023],
                         [0.5479387701963148,
                          0.5073334380281987,
                          0.5157009414152592,
                          0.4985558140381506,
                          0.5129477692752152,
                          0.48702580600461604,
                          0.5374113172105216,
                          0.49495269072115355,
                          0.5158470234102429,
                          0.5083965799425747],
                         [0.5016207572207878,
                          0.4888541439820731,
                          0.48920079937448785,
                          0.5591316985866369,
                          0.5046784705542539,
                          0.492189161350438,
                          0.4472642473839436,
                          0.47454665985811917,
                          0.478413792033721,
                          0.47924849495815774]]},
            {'activation': 'sigmoid',
             'bias': [-0.029815861360783274,
                      -0.008209122264165787,
                      -0.044158241110593174,
                      -0.0015066557785058058,
                      0.012921605825576922,
                      -0.04151740854864752],
             'name': 'hidden1',
             'neurons': [],
             'num_neurons': 6,
             'weights': [[0.49563399787424434,
                          0.47660011974343225,
                          0.5278671475765312,
                          0.502035449792675,
                          0.5372337023691818,
                          0.4699323623158085,
                          0.534638800493019,
                          0.49298143880970446],
                         [0.5247150961398026,
                          0.55024409644422,
                          0.5147866124763995,
                          0.45844172423551605,
                          0.46216998871475484,
                          0.5272622580838779,
                          0.4663839980960157,
                          0.51039134619428],
                         [0.499249725086195,
                          0.5132444971008129,
                          0.5108191842513758,
                          0.5259744480197911,
                          0.5424381423493218,
                          0.5490557414747237,
                          0.5288873719557192,
                          0.5283160325423055],
                         [0.5036798431835199,
                          0.49949668454536383,
                          0.4805624575759456,
                          0.4969990354095305,
                          0.46880367146719476,
                          0.4932461649421547,
                          0.5073250876916084,
                          0.5054568573167564],
                         [0.4749352035153549,
                          0.5604414538283964,
                          0.5089096365108704,
                          0.4745718078625943,
                          0.5004679995987972,
                          0.48910858480729297,
                          0.5147872129442129,
                          0.5077798763480829],
                         [0.448971936233917,
                          0.49595514075873337,
                          0.48967127033819197,
                          0.4794282764764188,
                          0.46288719820699015,
                          0.4872619655046435,
                          0.4864418732657217,
                          0.5117249659210923],
                         [0.4766843375963927,
                          0.485197049529416,
                          0.5295071404434282,
                          0.5276737105384623,
                          0.4838847461490183,
                          0.49264380973040106,
                          0.5372615744180093,
                          0.4969528816550698],
                         [0.5048140492215567,
                          0.5466757331239935,
                          0.4990582082436509,
                          0.5062942937482141,
                          0.5343491654200789,
                          0.49742546334325566,
                          0.4882112215249,
                          0.48198170333847495]]},
            {'activation': 'sigmoid',
             'bias': [-0.018134697191837336,
                      0.025947940498617206,
                      -0.00942331279103059,
                      0.02212883616124111,
                      0.02540281949208218],
             'name': 'output',
             'neurons': [],
             'num_neurons': 5,
             'weights': [[0.4691924812573148,
                          0.4955708162101452,
                          0.529859989137473,
                          0.501168549529551,
                          0.4955119832006649,
                          0.4875977733010799],
                         [0.5171217449729231,
                          0.5230847849086783,
                          0.4555852297563881,
                          0.4900768193540586,
                          0.5110413573182895,
                          0.4919663210458625],
                         [0.5012296524813457,
                          0.5054437752025043,
                          0.46136685464925153,
                          0.5109077700725541,
                          0.5331823685827951,
                          0.4822338764237393],
                         [0.5041363360290609,
                          0.4761157756413906,
                          0.5139728875807213,
                          0.49175142319403164,
                          0.49685294409708103,
                          0.5011015663412756],
                         [0.5157783228209175,
                          0.5206234366432408,
                          0.4544231882935235,
                          0.5416744624862123,
                          0.5063422080852643,
                          0.49482551343013165],
                         [0.4976820413196255,
                          0.5082058289569249,
                          0.5020813856751831,
                          0.47204333330270926,
                          0.4850574510746235,
                          0.4631927987718901]]}]}
{'generation': 49,
 'inputs': [],
 'layers': [{'activation': 'sigmoid',
             'bias': [-0.029500712558095797,
                      0.03896427437401137,
                      -0.03958987003848802,
                      0.00022855483710893833,
                      -0.01848949934909938,
                      0.016962047097549518,
                      -0.014906270396798642,
                      -0.024507142471300182],
             'name': 'input',
             'neurons': [<gameplay.Neuron object at 0x7fc7cc54f828>,
                         <gameplay.Neuron object at 0x7fc7cc54f7f0>,
                         <gameplay.Neuron object at 0x7fc7cc54f208>,
                         <gameplay.Neuron object at 0x7fc7cc54fb38>,
                         <gameplay.Neuron object at 0x7fc7cc54fbe0>,
                         <gameplay.Neuron object at 0x7fc7cc54fb70>,
                         <gameplay.Neuron object at 0x7fc7cc54fc88>,
                         <gameplay.Neuron object at 0x7fc7cc54fcc0>],
             'num_neurons': 8,
             'weights': [[0.4452590827355029,
                          0.5056301231134823,
                          0.5111945238627931,
                          0.45348727588246035,
                          0.5018925540263984,
                          0.4795540779338953,
                          0.5268429231115213,
                          0.48860431083864275,
                          0.49636953642833004,
                          0.5391196572286502],
                         [0.48230696541492973,
                          0.5005466947743554,
                          0.5306524162199278,
                          0.5080322850562655,
                          0.5082916521705815,
                          0.5039335299018288,
                          0.472865666670649,
                          0.4669457459757446,
                          0.5280018883751686,
                          0.5228299094682601],
                         [0.556938141855952,
                          0.4959193941539474,
                          0.49431850537243194,
                          0.47889384498743887,
                          0.46901400485930184,
                          0.508312497124986,
                          0.5081612659301384,
                          0.46812891357750136,
                          0.4594979785261501,
                          0.4999815084047657],
                         [0.502373780269203,
                          0.47306152814924507,
                          0.4896405529512809,
                          0.4273754899408447,
                          0.4785806546018823,
                          0.5262207700026904,
                          0.5045806875464638,
                          0.4761420484868073,
                          0.5127885602158024,
                          0.5116661866059876],
                         [0.5017583555240919,
                          0.4966506125288961,
                          0.5254422873321413,
                          0.47079662355672536,
                          0.517730433522892,
                          0.498967202175657,
                          0.5160702257205132,
                          0.4930648766378571,
                          0.508048994047834,
                          0.5411188541557895],
                         [0.49955743368887945,
                          0.5028413899261832,
                          0.4894755259234696,
                          0.5284430019514875,
                          0.4928859536927031,
                          0.4714379264098361,
                          0.5476496069337311,
                          0.45399046795339704,
                          0.5013120503278053,
                          0.4477837549350023],
                         [0.5479387701963148,
                          0.5073334380281987,
                          0.5157009414152592,
                          0.4985558140381506,
                          0.5129477692752152,
                          0.48702580600461604,
                          0.5374113172105216,
                          0.49495269072115355,
                          0.5158470234102429,
                          0.5083965799425747],
                         [0.5016207572207878,
                          0.4888541439820731,
                          0.48920079937448785,
                          0.5591316985866369,
                          0.5046784705542539,
                          0.492189161350438,
                          0.4472642473839436,
                          0.47454665985811917,
                          0.478413792033721,
                          0.47924849495815774]]},
            {'activation': 'sigmoid',
             'bias': [-0.029815861360783274,
                      -0.008209122264165787,
                      -0.044158241110593174,
                      -0.0015066557785058058,
                      0.012921605825576922,
                      -0.04151740854864752],
             'name': 'hidden1',
             'neurons': [<gameplay.Neuron object at 0x7fc7cc54fcf8>,
                         <gameplay.Neuron object at 0x7fc7cc54fd30>,
                         <gameplay.Neuron object at 0x7fc7cc54fda0>,
                         <gameplay.Neuron object at 0x7fc7cc54fd68>,
                         <gameplay.Neuron object at 0x7fc7cc54fdd8>,
                         <gameplay.Neuron object at 0x7fc7cc54fe48>],
             'num_neurons': 6,
             'weights': [[0.49563399787424434,
                          0.47660011974343225,
                          0.5278671475765312,
                          0.502035449792675,
                          0.5372337023691818,
                          0.4699323623158085,
                          0.534638800493019,
                          0.49298143880970446],
                         [0.5247150961398026,
                          0.55024409644422,
                          0.5147866124763995,
                          0.45844172423551605,
                          0.46216998871475484,
                          0.5272622580838779,
                          0.4663839980960157,
                          0.51039134619428],
                         [0.499249725086195,
                          0.5132444971008129,
                          0.5108191842513758,
                          0.5259744480197911,
                          0.5424381423493218,
                          0.5490557414747237,
                          0.5288873719557192,
                          0.5283160325423055],
                         [0.5036798431835199,
                          0.49949668454536383,
                          0.4805624575759456,
                          0.4969990354095305,
                          0.46880367146719476,
                          0.4932461649421547,
                          0.5073250876916084,
                          0.5054568573167564],
                         [0.4749352035153549,
                          0.5604414538283964,
                          0.5089096365108704,
                          0.4745718078625943,
                          0.5004679995987972,
                          0.48910858480729297,
                          0.5147872129442129,
                          0.5077798763480829],
                         [0.448971936233917,
                          0.49595514075873337,
                          0.48967127033819197,
                          0.4794282764764188,
                          0.46288719820699015,
                          0.4872619655046435,
                          0.4864418732657217,
                          0.5117249659210923],
                         [0.4766843375963927,
                          0.485197049529416,
                          0.5295071404434282,
                          0.5276737105384623,
                          0.4838847461490183,
                          0.49264380973040106,
                          0.5372615744180093,
                          0.4969528816550698],
                         [0.5048140492215567,
                          0.5466757331239935,
                          0.4990582082436509,
                          0.5062942937482141,
                          0.5343491654200789,
                          0.49742546334325566,
                          0.4882112215249,
                          0.48198170333847495]]},
            {'activation': 'sigmoid',
             'bias': [-0.018134697191837336,
                      0.025947940498617206,
                      -0.00942331279103059,
                      0.02212883616124111,
                      0.02540281949208218],
             'name': 'output',
             'neurons': [<gameplay.Neuron object at 0x7fc7cc54fe10>,
                         <gameplay.Neuron object at 0x7fc7cc54fe80>,
                         <gameplay.Neuron object at 0x7fc7cc54fba8>,
                         <gameplay.Neuron object at 0x7fc7cc54fc18>,
                         <gameplay.Neuron object at 0x7fc7cc54fc50>],
             'num_neurons': 5,
             'weights': [[0.4691924812573148,
                          0.4955708162101452,
                          0.529859989137473,
                          0.501168549529551,
                          0.4955119832006649,
                          0.4875977733010799],
                         [0.5171217449729231,
                          0.5230847849086783,
                          0.4555852297563881,
                          0.4900768193540586,
                          0.5110413573182895,
                          0.4919663210458625],
                         [0.5012296524813457,
                          0.5054437752025043,
                          0.46136685464925153,
                          0.5109077700725541,
                          0.5331823685827951,
                          0.4822338764237393],
                         [0.5041363360290609,
                          0.4761157756413906,
                          0.5139728875807213,
                          0.49175142319403164,
                          0.49685294409708103,
                          0.5011015663412756],
                         [0.5157783228209175,
                          0.5206234366432408,
                          0.4544231882935235,
                          0.5416744624862123,
                          0.5063422080852643,
                          0.49482551343013165],
                         [0.4976820413196255,
                          0.5082058289569249,
                          0.5020813856751831,
                          0.47204333330270926,
                          0.4850574510746235,
                          0.4631927987718901]]}]}
load_tensorflow_graph: path = tensorflow/mario-model-simple-2019-07-17/frozen_inference_graph.pb
object_detection_graph = <tensorflow.python.framework.ops.Graph object at 0x7fc7cc54ff98>
Doing start sequence
Sleeping one second
sending start
sending empty
Found black world screen for the second time. exiting.



Seconds left: 320
Moves to the right: 186
frame count: 308
time start:  1568171047.9611464,   time_now: 1568171079.4665687
