pygame 1.9.6
Hello from the pygame community. https://www.pygame.org/contribute.html
Loading neural net from gameplay_neural_nets/56/7.nn
net = {'generation': 49,
 'inputs': [],
 'layers': [{'activation': 'sigmoid',
             'bias': [-0.03893880597146142,
                      0.03896427437401137,
                      -0.03670322673148121,
                      0.008830204617960418,
                      -0.01848949934909938,
                      0.02330380114573479,
                      -0.014906270396798642,
                      -0.02296570832403857],
             'name': 'input',
             'neurons': [],
             'num_neurons': 8,
             'weights': [[0.4452590827355029,
                          0.5056301231134823,
                          0.5058376372395436,
                          0.4559650274011345,
                          0.5018925540263984,
                          0.4762298594145384,
                          0.5268429231115213,
                          0.4816474820626957,
                          0.49636953642833004,
                          0.5363163256523864],
                         [0.4848079949324829,
                          0.49310349259086234,
                          0.5306524162199278,
                          0.5080322850562655,
                          0.5082916521705815,
                          0.4894923270955924,
                          0.472865666670649,
                          0.4669457459757446,
                          0.5369438852767575,
                          0.5203899443793235],
                         [0.556938141855952,
                          0.4959193941539474,
                          0.49431850537243194,
                          0.4700415931450053,
                          0.46901400485930184,
                          0.5012798529975614,
                          0.5081612659301384,
                          0.4693544725466758,
                          0.45805535123038976,
                          0.4999815084047657],
                         [0.5114886046256206,
                          0.47306152814924507,
                          0.4802414175385069,
                          0.4195499911214587,
                          0.4777227428731677,
                          0.5347868456054754,
                          0.5030047615532377,
                          0.4742022120749751,
                          0.5080615727774469,
                          0.5056975758596904],
                         [0.5017583555240919,
                          0.49667142330859826,
                          0.5213379816087802,
                          0.47079662355672536,
                          0.5107647148215732,
                          0.49781213186115675,
                          0.5160702257205132,
                          0.5025817149916815,
                          0.508048994047834,
                          0.5411188541557895],
                         [0.49955743368887945,
                          0.5028413899261832,
                          0.48383284606720295,
                          0.5284430019514875,
                          0.4866669148087521,
                          0.4714379264098361,
                          0.5493659542987614,
                          0.45399046795339704,
                          0.5081455221546516,
                          0.4477837549350023],
                         [0.5544495073464994,
                          0.505796445672796,
                          0.5132783273114165,
                          0.4949695545458015,
                          0.5043554343541224,
                          0.4901871315488116,
                          0.5374113172105216,
                          0.49495269072115355,
                          0.5108681117266562,
                          0.5040973263573418],
                         [0.5090717359690022,
                          0.4888541439820731,
                          0.48153882177956914,
                          0.5600044596317686,
                          0.5057743728589469,
                          0.49221186184501636,
                          0.4472642473839436,
                          0.47454665985811917,
                          0.4751381624810342,
                          0.4796880374595874]]},
            {'activation': 'sigmoid',
             'bias': [-0.023075562020035405,
                      -0.008000845600972467,
                      -0.04547268706613354,
                      -0.0015066557785058058,
                      0.01271028508282178,
                      -0.04151740854864752],
             'name': 'hidden1',
             'neurons': [],
             'num_neurons': 6,
             'weights': [[0.49563399787424434,
                          0.47660011974343225,
                          0.526213087499222,
                          0.4932318183045357,
                          0.5292212853609973,
                          0.4739449112245457,
                          0.5444229284243682,
                          0.49249152286162284],
                         [0.5247150961398026,
                          0.5378841895829212,
                          0.5195023408266494,
                          0.4668110352888241,
                          0.4569231581826318,
                          0.508834357204157,
                          0.4663839980960157,
                          0.51039134619428],
                         [0.5123824795469109,
                          0.5126464648222973,
                          0.5108191842513758,
                          0.5294951030527517,
                          0.5287290532756397,
                          0.5437592352674594,
                          0.5288873719557192,
                          0.5347379610635394],
                         [0.5192926353830083,
                          0.5034953036065886,
                          0.4805624575759456,
                          0.48972404778071216,
                          0.46880367146719476,
                          0.4991967682016346,
                          0.49030360244191123,
                          0.5054568573167564],
                         [0.4778580572578169,
                          0.5508417278065731,
                          0.49931911162987624,
                          0.47851648587312623,
                          0.5090464491475735,
                          0.48910858480729297,
                          0.5177425191818289,
                          0.5077798763480829],
                         [0.446959837595217,
                          0.4957228459638428,
                          0.4843092381300454,
                          0.4794282764764188,
                          0.4501802306772862,
                          0.4910057830630132,
                          0.4934621465616172,
                          0.5033704375524867],
                         [0.47302108870052695,
                          0.485197049529416,
                          0.5235886730928653,
                          0.5276737105384623,
                          0.47653114404281,
                          0.49264380973040106,
                          0.5405908570999567,
                          0.4788830067857348],
                         [0.5170794116496883,
                          0.5401919024434451,
                          0.4956328139386255,
                          0.5062942937482141,
                          0.5343491654200789,
                          0.5068674760863788,
                          0.4882112215249,
                          0.48198170333847495]]},
            {'activation': 'sigmoid',
             'bias': [-0.006148767857420526,
                      0.027109895694653635,
                      -0.00942331279103059,
                      0.02429156036001879,
                      0.019873707545220654],
             'name': 'output',
             'neurons': [],
             'num_neurons': 5,
             'weights': [[0.47569872083484044,
                          0.4941008894771545,
                          0.5271352991335457,
                          0.5025923486891202,
                          0.49141252404722324,
                          0.4908077406724411],
                         [0.5232599331832917,
                          0.5146553856584003,
                          0.4491375815630032,
                          0.49416745051014116,
                          0.5207704926423087,
                          0.4854540716820138],
                         [0.5046913081360042,
                          0.5134564498074362,
                          0.4700922419374524,
                          0.5122328625153945,
                          0.5331823685827951,
                          0.48099870643118564],
                         [0.4952558309144868,
                          0.4761157756413906,
                          0.5050037749092491,
                          0.5008139839216419,
                          0.49685294409708103,
                          0.49394121089375176],
                         [0.5184733169265198,
                          0.5112418292816102,
                          0.4629925207070347,
                          0.5416744624862123,
                          0.501241367540486,
                          0.48798173842709597],
                         [0.49766633709731345,
                          0.5082058289569249,
                          0.49727700273260145,
                          0.4808617732235631,
                          0.4850574510746235,
                          0.4678567836001532]]}]}
{'generation': 49,
 'inputs': [],
 'layers': [{'activation': 'sigmoid',
             'bias': [-0.03893880597146142,
                      0.03896427437401137,
                      -0.03670322673148121,
                      0.008830204617960418,
                      -0.01848949934909938,
                      0.02330380114573479,
                      -0.014906270396798642,
                      -0.02296570832403857],
             'name': 'input',
             'neurons': [<gameplay.Neuron object at 0x7fcd71823828>,
                         <gameplay.Neuron object at 0x7fcd718237f0>,
                         <gameplay.Neuron object at 0x7fcd71823208>,
                         <gameplay.Neuron object at 0x7fcd71823b38>,
                         <gameplay.Neuron object at 0x7fcd71823be0>,
                         <gameplay.Neuron object at 0x7fcd71823b70>,
                         <gameplay.Neuron object at 0x7fcd71823c88>,
                         <gameplay.Neuron object at 0x7fcd71823cc0>],
             'num_neurons': 8,
             'weights': [[0.4452590827355029,
                          0.5056301231134823,
                          0.5058376372395436,
                          0.4559650274011345,
                          0.5018925540263984,
                          0.4762298594145384,
                          0.5268429231115213,
                          0.4816474820626957,
                          0.49636953642833004,
                          0.5363163256523864],
                         [0.4848079949324829,
                          0.49310349259086234,
                          0.5306524162199278,
                          0.5080322850562655,
                          0.5082916521705815,
                          0.4894923270955924,
                          0.472865666670649,
                          0.4669457459757446,
                          0.5369438852767575,
                          0.5203899443793235],
                         [0.556938141855952,
                          0.4959193941539474,
                          0.49431850537243194,
                          0.4700415931450053,
                          0.46901400485930184,
                          0.5012798529975614,
                          0.5081612659301384,
                          0.4693544725466758,
                          0.45805535123038976,
                          0.4999815084047657],
                         [0.5114886046256206,
                          0.47306152814924507,
                          0.4802414175385069,
                          0.4195499911214587,
                          0.4777227428731677,
                          0.5347868456054754,
                          0.5030047615532377,
                          0.4742022120749751,
                          0.5080615727774469,
                          0.5056975758596904],
                         [0.5017583555240919,
                          0.49667142330859826,
                          0.5213379816087802,
                          0.47079662355672536,
                          0.5107647148215732,
                          0.49781213186115675,
                          0.5160702257205132,
                          0.5025817149916815,
                          0.508048994047834,
                          0.5411188541557895],
                         [0.49955743368887945,
                          0.5028413899261832,
                          0.48383284606720295,
                          0.5284430019514875,
                          0.4866669148087521,
                          0.4714379264098361,
                          0.5493659542987614,
                          0.45399046795339704,
                          0.5081455221546516,
                          0.4477837549350023],
                         [0.5544495073464994,
                          0.505796445672796,
                          0.5132783273114165,
                          0.4949695545458015,
                          0.5043554343541224,
                          0.4901871315488116,
                          0.5374113172105216,
                          0.49495269072115355,
                          0.5108681117266562,
                          0.5040973263573418],
                         [0.5090717359690022,
                          0.4888541439820731,
                          0.48153882177956914,
                          0.5600044596317686,
                          0.5057743728589469,
                          0.49221186184501636,
                          0.4472642473839436,
                          0.47454665985811917,
                          0.4751381624810342,
                          0.4796880374595874]]},
            {'activation': 'sigmoid',
             'bias': [-0.023075562020035405,
                      -0.008000845600972467,
                      -0.04547268706613354,
                      -0.0015066557785058058,
                      0.01271028508282178,
                      -0.04151740854864752],
             'name': 'hidden1',
             'neurons': [<gameplay.Neuron object at 0x7fcd71823cf8>,
                         <gameplay.Neuron object at 0x7fcd71823d30>,
                         <gameplay.Neuron object at 0x7fcd71823da0>,
                         <gameplay.Neuron object at 0x7fcd71823d68>,
                         <gameplay.Neuron object at 0x7fcd71823dd8>,
                         <gameplay.Neuron object at 0x7fcd71823e48>],
             'num_neurons': 6,
             'weights': [[0.49563399787424434,
                          0.47660011974343225,
                          0.526213087499222,
                          0.4932318183045357,
                          0.5292212853609973,
                          0.4739449112245457,
                          0.5444229284243682,
                          0.49249152286162284],
                         [0.5247150961398026,
                          0.5378841895829212,
                          0.5195023408266494,
                          0.4668110352888241,
                          0.4569231581826318,
                          0.508834357204157,
                          0.4663839980960157,
                          0.51039134619428],
                         [0.5123824795469109,
                          0.5126464648222973,
                          0.5108191842513758,
                          0.5294951030527517,
                          0.5287290532756397,
                          0.5437592352674594,
                          0.5288873719557192,
                          0.5347379610635394],
                         [0.5192926353830083,
                          0.5034953036065886,
                          0.4805624575759456,
                          0.48972404778071216,
                          0.46880367146719476,
                          0.4991967682016346,
                          0.49030360244191123,
                          0.5054568573167564],
                         [0.4778580572578169,
                          0.5508417278065731,
                          0.49931911162987624,
                          0.47851648587312623,
                          0.5090464491475735,
                          0.48910858480729297,
                          0.5177425191818289,
                          0.5077798763480829],
                         [0.446959837595217,
                          0.4957228459638428,
                          0.4843092381300454,
                          0.4794282764764188,
                          0.4501802306772862,
                          0.4910057830630132,
                          0.4934621465616172,
                          0.5033704375524867],
                         [0.47302108870052695,
                          0.485197049529416,
                          0.5235886730928653,
                          0.5276737105384623,
                          0.47653114404281,
                          0.49264380973040106,
                          0.5405908570999567,
                          0.4788830067857348],
                         [0.5170794116496883,
                          0.5401919024434451,
                          0.4956328139386255,
                          0.5062942937482141,
                          0.5343491654200789,
                          0.5068674760863788,
                          0.4882112215249,
                          0.48198170333847495]]},
            {'activation': 'sigmoid',
             'bias': [-0.006148767857420526,
                      0.027109895694653635,
                      -0.00942331279103059,
                      0.02429156036001879,
                      0.019873707545220654],
             'name': 'output',
             'neurons': [<gameplay.Neuron object at 0x7fcd71823e10>,
                         <gameplay.Neuron object at 0x7fcd71823e80>,
                         <gameplay.Neuron object at 0x7fcd71823ba8>,
                         <gameplay.Neuron object at 0x7fcd71823c18>,
                         <gameplay.Neuron object at 0x7fcd71823c50>],
             'num_neurons': 5,
             'weights': [[0.47569872083484044,
                          0.4941008894771545,
                          0.5271352991335457,
                          0.5025923486891202,
                          0.49141252404722324,
                          0.4908077406724411],
                         [0.5232599331832917,
                          0.5146553856584003,
                          0.4491375815630032,
                          0.49416745051014116,
                          0.5207704926423087,
                          0.4854540716820138],
                         [0.5046913081360042,
                          0.5134564498074362,
                          0.4700922419374524,
                          0.5122328625153945,
                          0.5331823685827951,
                          0.48099870643118564],
                         [0.4952558309144868,
                          0.4761157756413906,
                          0.5050037749092491,
                          0.5008139839216419,
                          0.49685294409708103,
                          0.49394121089375176],
                         [0.5184733169265198,
                          0.5112418292816102,
                          0.4629925207070347,
                          0.5416744624862123,
                          0.501241367540486,
                          0.48798173842709597],
                         [0.49766633709731345,
                          0.5082058289569249,
                          0.49727700273260145,
                          0.4808617732235631,
                          0.4850574510746235,
                          0.4678567836001532]]}]}
load_tensorflow_graph: path = tensorflow/mario-model-simple-2019-07-17/frozen_inference_graph.pb
object_detection_graph = <tensorflow.python.framework.ops.Graph object at 0x7fcd71823f98>
Doing start sequence
Sleeping one second
sending start
sending empty
Found black world screen for the second time. exiting.



Seconds left: 350
Moves to the right: 127
frame count: 209
time start:  1568171339.4371715,   time_now: 1568171361.3354409
