pygame 1.9.6
Hello from the pygame community. https://www.pygame.org/contribute.html
Loading neural net from gameplay_neural_nets/115/6.nn
net = {'generation': 104,
 'inputs': [],
 'layers': [{'activation': 'sigmoid',
             'bias': [0.019349299132985918,
                      -0.0055359717705834345,
                      -0.00814866619300175,
                      -0.030611970892930215,
                      -0.00298974978118635,
                      -0.03211365153120421,
                      0.028155978780749602,
                      -0.02164877700416728],
             'name': 'input',
             'neurons': [],
             'num_neurons': 8,
             'weights': [[0.35869254236922116,
                          0.4308689038616817,
                          0.08093316855596866,
                          0.11466133058440764,
                          0.08709008147980933,
                          0.07892412616237551,
                          0.08500577714948238,
                          0.09550301391706414,
                          0.0743281800313066,
                          0.08666610221352684],
                         [0.3857699807719605,
                          0.36712653918671007,
                          0.10062520375686108,
                          0.09468704677817714,
                          0.11671814695722788,
                          0.06776803980593167,
                          0.11977832019174098,
                          0.09372365474596842,
                          0.11974836764972073,
                          0.12233312230148613],
                         [0.3740456616886317,
                          0.42801712531338265,
                          0.10467145089508323,
                          0.05787175788376005,
                          0.11203263474146158,
                          0.10143260121839563,
                          0.10125154496606487,
                          0.09495618248554474,
                          0.09112882760830615,
                          0.08658736158495847],
                         [0.38342374402310947,
                          0.38566646455216885,
                          0.10503273467970903,
                          0.12281078320977776,
                          0.049084950266517775,
                          0.08951502435445118,
                          0.08542609755137781,
                          0.12042434080392544,
                          0.10850360243070674,
                          0.11491975013713612],
                         [0.3988987719471317,
                          0.3877260014635799,
                          0.055503896082617576,
                          0.12241535411531271,
                          0.0896645973596474,
                          0.14675366955218982,
                          0.10464492519511459,
                          0.13075193073026353,
                          0.09701000433579299,
                          0.06813210591231444],
                         [0.3742946502690349,
                          0.438071972261865,
                          0.0770253976038218,
                          0.06800601353843858,
                          0.11032223461271354,
                          0.0667892725335323,
                          0.10982644365866263,
                          0.11065570342917413,
                          0.11420703360190687,
                          0.11148293533311597],
                         [0.3636552005088008,
                          0.3881937965517866,
                          0.11886449203761841,
                          0.04601142131748985,
                          0.10467079623202713,
                          0.12844783082430056,
                          0.07829604542868125,
                          0.1124831685899509,
                          0.10390412630269891,
                          0.0831481661316244],
                         [0.3938906849327437,
                          0.4303642588951402,
                          0.04758384822709928,
                          0.06928345773564293,
                          0.1175965891594673,
                          0.035144953720531495,
                          0.0692093294949778,
                          0.15088878867048286,
                          0.10771701136731757,
                          0.07962220659101925]]},
            {'activation': 'sigmoid',
             'bias': [-0.01750548841765276,
                      0.04658872817170994,
                      -0.014583560889731652,
                      -0.0037735805985442874,
                      0.035273548175427626],
             'name': 'output',
             'neurons': [],
             'num_neurons': 5,
             'weights': [[0.061485262392024106,
                          0.09700647915706584,
                          0.09589673341385271,
                          0.05354527776957699,
                          0.11401222106988845,
                          0.1496095124048059,
                          0.13344058372170586,
                          0.11336426880518544],
                         [0.06098895021771707,
                          0.08081361881513995,
                          0.05941157588552852,
                          0.15489714591357978,
                          0.10004019934963843,
                          0.08562265323980282,
                          0.07179224570284669,
                          0.19428958572718116],
                         [0.12006897049777131,
                          0.07939152959986268,
                          0.10321100730647847,
                          0.08731028562369138,
                          0.09764979957227517,
                          0.1103516795012253,
                          0.13070507184538468,
                          0.08607809557644264],
                         [0.11651676520609965,
                          0.06592459631154385,
                          0.11909018328628884,
                          0.06170335398524664,
                          0.1439397490279797,
                          0.10046502094379775,
                          0.10030303412796684,
                          0.09527714895077144],
                         [0.10835475553652255,
                          0.10529166186531029,
                          0.1435603626503949,
                          0.059512647712622956,
                          0.16239688199890265,
                          0.10431825456747772,
                          0.10415548372622321,
                          0.11319455816684276],
                         [0.09297807065420045,
                          0.11320670434388105,
                          0.14702905330361626,
                          0.10621707507723468,
                          0.05529503412183091,
                          0.11143807473214308,
                          0.06309157348708813,
                          0.11080416240610697]]}]}
{'generation': 104,
 'inputs': [],
 'layers': [{'activation': 'sigmoid',
             'bias': [0.019349299132985918,
                      -0.0055359717705834345,
                      -0.00814866619300175,
                      -0.030611970892930215,
                      -0.00298974978118635,
                      -0.03211365153120421,
                      0.028155978780749602,
                      -0.02164877700416728],
             'name': 'input',
             'neurons': [<gameplay.Neuron object at 0x7fd2d2ba8860>,
                         <gameplay.Neuron object at 0x7fd2d2ba8828>,
                         <gameplay.Neuron object at 0x7fd2d2ba8240>,
                         <gameplay.Neuron object at 0x7fd2d2ba8b00>,
                         <gameplay.Neuron object at 0x7fd2d2ba8ba8>,
                         <gameplay.Neuron object at 0x7fd2d2ba8b38>,
                         <gameplay.Neuron object at 0x7fd2d2ba8c88>,
                         <gameplay.Neuron object at 0x7fd2d2ba8c50>],
             'num_neurons': 8,
             'weights': [[0.35869254236922116,
                          0.4308689038616817,
                          0.08093316855596866,
                          0.11466133058440764,
                          0.08709008147980933,
                          0.07892412616237551,
                          0.08500577714948238,
                          0.09550301391706414,
                          0.0743281800313066,
                          0.08666610221352684],
                         [0.3857699807719605,
                          0.36712653918671007,
                          0.10062520375686108,
                          0.09468704677817714,
                          0.11671814695722788,
                          0.06776803980593167,
                          0.11977832019174098,
                          0.09372365474596842,
                          0.11974836764972073,
                          0.12233312230148613],
                         [0.3740456616886317,
                          0.42801712531338265,
                          0.10467145089508323,
                          0.05787175788376005,
                          0.11203263474146158,
                          0.10143260121839563,
                          0.10125154496606487,
                          0.09495618248554474,
                          0.09112882760830615,
                          0.08658736158495847],
                         [0.38342374402310947,
                          0.38566646455216885,
                          0.10503273467970903,
                          0.12281078320977776,
                          0.049084950266517775,
                          0.08951502435445118,
                          0.08542609755137781,
                          0.12042434080392544,
                          0.10850360243070674,
                          0.11491975013713612],
                         [0.3988987719471317,
                          0.3877260014635799,
                          0.055503896082617576,
                          0.12241535411531271,
                          0.0896645973596474,
                          0.14675366955218982,
                          0.10464492519511459,
                          0.13075193073026353,
                          0.09701000433579299,
                          0.06813210591231444],
                         [0.3742946502690349,
                          0.438071972261865,
                          0.0770253976038218,
                          0.06800601353843858,
                          0.11032223461271354,
                          0.0667892725335323,
                          0.10982644365866263,
                          0.11065570342917413,
                          0.11420703360190687,
                          0.11148293533311597],
                         [0.3636552005088008,
                          0.3881937965517866,
                          0.11886449203761841,
                          0.04601142131748985,
                          0.10467079623202713,
                          0.12844783082430056,
                          0.07829604542868125,
                          0.1124831685899509,
                          0.10390412630269891,
                          0.0831481661316244],
                         [0.3938906849327437,
                          0.4303642588951402,
                          0.04758384822709928,
                          0.06928345773564293,
                          0.1175965891594673,
                          0.035144953720531495,
                          0.0692093294949778,
                          0.15088878867048286,
                          0.10771701136731757,
                          0.07962220659101925]]},
            {'activation': 'sigmoid',
             'bias': [-0.01750548841765276,
                      0.04658872817170994,
                      -0.014583560889731652,
                      -0.0037735805985442874,
                      0.035273548175427626],
             'name': 'output',
             'neurons': [<gameplay.Neuron object at 0x7fd2d2ba8cc0>,
                         <gameplay.Neuron object at 0x7fd2d2ba8cf8>,
                         <gameplay.Neuron object at 0x7fd2d2ba8d68>,
                         <gameplay.Neuron object at 0x7fd2d2ba8d30>,
                         <gameplay.Neuron object at 0x7fd2d2ba8da0>],
             'num_neurons': 5,
             'weights': [[0.061485262392024106,
                          0.09700647915706584,
                          0.09589673341385271,
                          0.05354527776957699,
                          0.11401222106988845,
                          0.1496095124048059,
                          0.13344058372170586,
                          0.11336426880518544],
                         [0.06098895021771707,
                          0.08081361881513995,
                          0.05941157588552852,
                          0.15489714591357978,
                          0.10004019934963843,
                          0.08562265323980282,
                          0.07179224570284669,
                          0.19428958572718116],
                         [0.12006897049777131,
                          0.07939152959986268,
                          0.10321100730647847,
                          0.08731028562369138,
                          0.09764979957227517,
                          0.1103516795012253,
                          0.13070507184538468,
                          0.08607809557644264],
                         [0.11651676520609965,
                          0.06592459631154385,
                          0.11909018328628884,
                          0.06170335398524664,
                          0.1439397490279797,
                          0.10046502094379775,
                          0.10030303412796684,
                          0.09527714895077144],
                         [0.10835475553652255,
                          0.10529166186531029,
                          0.1435603626503949,
                          0.059512647712622956,
                          0.16239688199890265,
                          0.10431825456747772,
                          0.10415548372622321,
                          0.11319455816684276],
                         [0.09297807065420045,
                          0.11320670434388105,
                          0.14702905330361626,
                          0.10621707507723468,
                          0.05529503412183091,
                          0.11143807473214308,
                          0.06309157348708813,
                          0.11080416240610697]]}]}
load_tensorflow_graph: path = tensorflow/mario-model-simple-2019-07-17/frozen_inference_graph.pb
object_detection_graph = <tensorflow.python.framework.ops.Graph object at 0x7fd2d2ba8e48>
Doing start sequence
Sleeping one second
sending start
sending empty
Found black world screen for the second time. exiting.



Seconds left: 378
Moves to the right: 44
