pygame 1.9.6
Hello from the pygame community. https://www.pygame.org/contribute.html
Loading neural net from gameplay_neural_nets/16/5.nn
net = {'generation': 16,
 'inputs': [],
 'layers': [{'activation': 'sigmoid',
             'bias': [0.008788867556188436,
                      -0.014579965170566579,
                      -0.004234735054415932,
                      0.0026448434062773946,
                      0.007888755761114252,
                      -0.015025926586654432,
                      0.012071942749992239,
                      -0.01225505929621189],
             'name': 'input',
             'neurons': [],
             'num_neurons': 8,
             'weights': [[0.4,
                          0.3979721525257428,
                          0.0991941936516616,
                          0.12329645446436713,
                          0.10826327472067612,
                          0.10473179797021634,
                          0.09927693251538688,
                          0.11545805241985443,
                          0.1,
                          0.09247566236529518],
                         [0.40010753041017727,
                          0.40045051556158445,
                          0.10981996518391353,
                          0.12000116986427277,
                          0.0913395348567488,
                          0.08843333110198419,
                          0.07899124741057231,
                          0.1,
                          0.10877690892505557,
                          0.09721385356532268],
                         [0.3909415533528498,
                          0.39532762771495716,
                          0.10776935392155083,
                          0.08743665915094613,
                          0.08901637645323376,
                          0.10610549528477634,
                          0.09201216806328216,
                          0.0840351053479608,
                          0.11246262187939236,
                          0.09148749279667028],
                         [0.38666480529641806,
                          0.3962626504567643,
                          0.10120700858436271,
                          0.09857520265287188,
                          0.0829547578113145,
                          0.08993417854088748,
                          0.101322153881779,
                          0.09952073924213906,
                          0.08523464877713409,
                          0.10067342888090156],
                         [0.3869768906939251,
                          0.40996198699334424,
                          0.08874684542912104,
                          0.10499728954480246,
                          0.09952432369825522,
                          0.07949390812592418,
                          0.10262408918152495,
                          0.1212928451812894,
                          0.08786646501860057,
                          0.09583150280570539],
                         [0.39095867514701566,
                          0.3868187485063343,
                          0.0946512386655427,
                          0.09064055551310508,
                          0.11914215847374766,
                          0.08380890650929478,
                          0.11609806335879105,
                          0.10162622498949837,
                          0.10628371949084191,
                          0.11906693319230287],
                         [0.38839228802557585,
                          0.3955275075957854,
                          0.1041339027979705,
                          0.08343776133590675,
                          0.1,
                          0.09555187764338981,
                          0.10690273685440584,
                          0.10827324540166504,
                          0.09292977473633135,
                          0.07428808185708308],
                         [0.4,
                          0.40300765421138174,
                          0.10584785174439208,
                          0.07905678399992497,
                          0.11568682578279518,
                          0.09153484203711276,
                          0.09428931009663823,
                          0.10943041606657977,
                          0.08945816334449042,
                          0.09878584747290932]]},
            {'activation': 'sigmoid',
             'bias': [-0.01475850316474268,
                      0.027349434081256903,
                      0.0003747021955754874,
                      0.017984728016261702,
                      0.033327749282301526],
             'name': 'output',
             'neurons': [],
             'num_neurons': 5,
             'weights': [[0.09461851104683569,
                          0.09923468143894024,
                          0.09930670529193865,
                          0.09671316671497204,
                          0.10753639386939859,
                          0.10495494717214666,
                          0.10575131642523092,
                          0.09163424108547294],
                         [0.09435554024157171,
                          0.0993539381640231,
                          0.08548903458078408,
                          0.12149465449243095,
                          0.10377200674171469,
                          0.09915372565542122,
                          0.08638331968719884,
                          0.11815144188829846],
                         [0.12409575541448284,
                          0.09889272548289736,
                          0.11834624627606677,
                          0.10462388637492942,
                          0.10279428922533837,
                          0.10192375533268361,
                          0.09485580699046811,
                          0.10431996792049897],
                         [0.0939315240068717,
                          0.08219025033156374,
                          0.10577388993988827,
                          0.10976301172305658,
                          0.09802137992338396,
                          0.10649857271877244,
                          0.1,
                          0.10776991906341764],
                         [0.11486400117422743,
                          0.09265961873929551,
                          0.11761904628379326,
                          0.0798060988460265,
                          0.12007302313231136,
                          0.09218868914694997,
                          0.12646930532071515,
                          0.09488056394278967],
                         [0.08961267221962482,
                          0.10081081916771138,
                          0.10942050808231914,
                          0.1,
                          0.09707092179892753,
                          0.1117005681666436,
                          0.10627561556396342,
                          0.0897039386245516]]}]}
{'generation': 16,
 'inputs': [],
 'layers': [{'activation': 'sigmoid',
             'bias': [0.008788867556188436,
                      -0.014579965170566579,
                      -0.004234735054415932,
                      0.0026448434062773946,
                      0.007888755761114252,
                      -0.015025926586654432,
                      0.012071942749992239,
                      -0.01225505929621189],
             'name': 'input',
             'neurons': [<gameplay.Neuron object at 0x7f6d93056860>,
                         <gameplay.Neuron object at 0x7f6d93056278>,
                         <gameplay.Neuron object at 0x7f6d93056208>,
                         <gameplay.Neuron object at 0x7f6d93056b00>,
                         <gameplay.Neuron object at 0x7f6d93056ba8>,
                         <gameplay.Neuron object at 0x7f6d93056b38>,
                         <gameplay.Neuron object at 0x7f6d93056c88>,
                         <gameplay.Neuron object at 0x7f6d93056cc0>],
             'num_neurons': 8,
             'weights': [[0.4,
                          0.3979721525257428,
                          0.0991941936516616,
                          0.12329645446436713,
                          0.10826327472067612,
                          0.10473179797021634,
                          0.09927693251538688,
                          0.11545805241985443,
                          0.1,
                          0.09247566236529518],
                         [0.40010753041017727,
                          0.40045051556158445,
                          0.10981996518391353,
                          0.12000116986427277,
                          0.0913395348567488,
                          0.08843333110198419,
                          0.07899124741057231,
                          0.1,
                          0.10877690892505557,
                          0.09721385356532268],
                         [0.3909415533528498,
                          0.39532762771495716,
                          0.10776935392155083,
                          0.08743665915094613,
                          0.08901637645323376,
                          0.10610549528477634,
                          0.09201216806328216,
                          0.0840351053479608,
                          0.11246262187939236,
                          0.09148749279667028],
                         [0.38666480529641806,
                          0.3962626504567643,
                          0.10120700858436271,
                          0.09857520265287188,
                          0.0829547578113145,
                          0.08993417854088748,
                          0.101322153881779,
                          0.09952073924213906,
                          0.08523464877713409,
                          0.10067342888090156],
                         [0.3869768906939251,
                          0.40996198699334424,
                          0.08874684542912104,
                          0.10499728954480246,
                          0.09952432369825522,
                          0.07949390812592418,
                          0.10262408918152495,
                          0.1212928451812894,
                          0.08786646501860057,
                          0.09583150280570539],
                         [0.39095867514701566,
                          0.3868187485063343,
                          0.0946512386655427,
                          0.09064055551310508,
                          0.11914215847374766,
                          0.08380890650929478,
                          0.11609806335879105,
                          0.10162622498949837,
                          0.10628371949084191,
                          0.11906693319230287],
                         [0.38839228802557585,
                          0.3955275075957854,
                          0.1041339027979705,
                          0.08343776133590675,
                          0.1,
                          0.09555187764338981,
                          0.10690273685440584,
                          0.10827324540166504,
                          0.09292977473633135,
                          0.07428808185708308],
                         [0.4,
                          0.40300765421138174,
                          0.10584785174439208,
                          0.07905678399992497,
                          0.11568682578279518,
                          0.09153484203711276,
                          0.09428931009663823,
                          0.10943041606657977,
                          0.08945816334449042,
                          0.09878584747290932]]},
            {'activation': 'sigmoid',
             'bias': [-0.01475850316474268,
                      0.027349434081256903,
                      0.0003747021955754874,
                      0.017984728016261702,
                      0.033327749282301526],
             'name': 'output',
             'neurons': [<gameplay.Neuron object at 0x7f6d93056c50>,
                         <gameplay.Neuron object at 0x7f6d93056cf8>,
                         <gameplay.Neuron object at 0x7f6d93056d68>,
                         <gameplay.Neuron object at 0x7f6d93056dd8>,
                         <gameplay.Neuron object at 0x7f6d93056da0>],
             'num_neurons': 5,
             'weights': [[0.09461851104683569,
                          0.09923468143894024,
                          0.09930670529193865,
                          0.09671316671497204,
                          0.10753639386939859,
                          0.10495494717214666,
                          0.10575131642523092,
                          0.09163424108547294],
                         [0.09435554024157171,
                          0.0993539381640231,
                          0.08548903458078408,
                          0.12149465449243095,
                          0.10377200674171469,
                          0.09915372565542122,
                          0.08638331968719884,
                          0.11815144188829846],
                         [0.12409575541448284,
                          0.09889272548289736,
                          0.11834624627606677,
                          0.10462388637492942,
                          0.10279428922533837,
                          0.10192375533268361,
                          0.09485580699046811,
                          0.10431996792049897],
                         [0.0939315240068717,
                          0.08219025033156374,
                          0.10577388993988827,
                          0.10976301172305658,
                          0.09802137992338396,
                          0.10649857271877244,
                          0.1,
                          0.10776991906341764],
                         [0.11486400117422743,
                          0.09265961873929551,
                          0.11761904628379326,
                          0.0798060988460265,
                          0.12007302313231136,
                          0.09218868914694997,
                          0.12646930532071515,
                          0.09488056394278967],
                         [0.08961267221962482,
                          0.10081081916771138,
                          0.10942050808231914,
                          0.1,
                          0.09707092179892753,
                          0.1117005681666436,
                          0.10627561556396342,
                          0.0897039386245516]]}]}
load_tensorflow_graph: path = tensorflow/mario-model-simple-2019-07-17/frozen_inference_graph.pb
object_detection_graph = <tensorflow.python.framework.ops.Graph object at 0x7f6d93056ef0>
Doing start sequence
Sleeping one second
sending start
sending empty
Found black world screen for the second time. exiting.



Seconds left: 359
Moves to the right: 108
