pygame 1.9.6
Hello from the pygame community. https://www.pygame.org/contribute.html
Loading neural net from gameplay_neural_nets/11/4.nn
net = {'generation': 9,
 'inputs': [],
 'layers': [{'activation': 'sigmoid',
             'bias': [-0.007016687520921037,
                      0.017647134451109176,
                      -0.004887755955403999,
                      -0.007722143521328174,
                      0.008388891805504802,
                      0.025250280962092475,
                      -0.008850128654932272,
                      -0.0208055908074717],
             'name': 'input',
             'neurons': [],
             'num_neurons': 8,
             'weights': [[0.4843438673458569,
                          0.49472043571358776,
                          0.4943883914401795,
                          0.512470278204688,
                          0.4910094779582794,
                          0.4913389147645737,
                          0.5029882428260176,
                          0.4941154565231982,
                          0.4831264414308314,
                          0.5085435837864268],
                         [0.5016630433070808,
                          0.5096539398192095,
                          0.5094553698733391,
                          0.49344483556561397,
                          0.5249298282212569,
                          0.49730062004194076,
                          0.48133304108956565,
                          0.4846946098517111,
                          0.49516050092568636,
                          0.5119202704325306],
                         [0.518022084227558,
                          0.4898080825059501,
                          0.48705789656229737,
                          0.49638918522395536,
                          0.4793322081801439,
                          0.5016879034846929,
                          0.5040413534910814,
                          0.4979423738279781,
                          0.49836000090128574,
                          0.4871793744221195],
                         [0.5181501846546888,
                          0.4991978158148426,
                          0.5097152402351647,
                          0.5066976021189231,
                          0.4820080283226388,
                          0.5002005322270529,
                          0.4999883180220672,
                          0.4854503665860552,
                          0.5103294563112971,
                          0.5036736688172337],
                         [0.5,
                          0.4945395673247989,
                          0.4958862791982167,
                          0.4996109911581611,
                          0.48735966073664194,
                          0.4896172868899983,
                          0.5041005622088833,
                          0.5036152465333187,
                          0.5028091205014034,
                          0.5176869633013104],
                         [0.4919949833493986,
                          0.5111641416808063,
                          0.4908411789293778,
                          0.5035668490866838,
                          0.4972560758415472,
                          0.49667655348863027,
                          0.5194166033460739,
                          0.4921372932737329,
                          0.5,
                          0.4921321642201524],
                         [0.5,
                          0.5134780334793643,
                          0.5111158673553857,
                          0.5094319196219108,
                          0.490143528638554,
                          0.49854624032895634,
                          0.49514097929357787,
                          0.5051289289689277,
                          0.5100788018770671,
                          0.49718263733640533],
                         [0.489234870767659,
                          0.5256389179310984,
                          0.4733315759948811,
                          0.5041986659700641,
                          0.49785190314598005,
                          0.49658329096185677,
                          0.4880485628797823,
                          0.4973937628863974,
                          0.4908156795200672,
                          0.49734268613746757]]},
            {'activation': 'sigmoid',
             'bias': [-0.007988238939885303,
                      -0.0014471334049653683,
                      -0.02369282364591319,
                      0.007959871865368971,
                      0.00021421814239235698,
                      -0.012120754374919718],
             'name': 'hidden1',
             'neurons': [],
             'num_neurons': 6,
             'weights': [[0.4991645927071461,
                          0.4838678445204521,
                          0.5041752579265667,
                          0.5099233384332459,
                          0.5108562359236908,
                          0.5097375652247425,
                          0.5125005130992624,
                          0.5],
                         [0.4989788082422926,
                          0.5144855456869748,
                          0.4921103784507463,
                          0.5118064164958959,
                          0.485293372125874,
                          0.4960548128183403,
                          0.48767458347753,
                          0.5011559389266594],
                         [0.50470628955049,
                          0.4937207876460075,
                          0.504695418712824,
                          0.5074400082689721,
                          0.51058563129085,
                          0.5078858381174083,
                          0.5058222453511223,
                          0.5014570766058709],
                         [0.5058911292742433,
                          0.4936032324109684,
                          0.5094319983480977,
                          0.4961877838416535,
                          0.502767402726662,
                          0.4976134361779025,
                          0.5009617349480209,
                          0.4993655492437229],
                         [0.4974562107189643,
                          0.5161923761170584,
                          0.49383454425737666,
                          0.4913295764073096,
                          0.5037235829349439,
                          0.5237448240671829,
                          0.49140935413816705,
                          0.4988512833941319],
                         [0.4942853373872531,
                          0.4905181093417647,
                          0.49281978995525066,
                          0.4978179451012345,
                          0.5043514113986207,
                          0.4935285924603218,
                          0.4907856007708332,
                          0.48172103489719204],
                         [0.5039002001147147,
                          0.49620763958533926,
                          0.51316116398967,
                          0.5261640895143304,
                          0.4865195530532485,
                          0.49149331433786464,
                          0.5033955650089575,
                          0.4904954682966308],
                         [0.5101770210291449,
                          0.4964734596711639,
                          0.5005961976795945,
                          0.5050213177908993,
                          0.4991626052453494,
                          0.49901424645039644,
                          0.48281613284149427,
                          0.4970996716347528]]},
            {'activation': 'sigmoid',
             'bias': [-0.013322104580714146,
                      0.009145194597157272,
                      0.0032578707757526847,
                      -0.005744386229696769,
                      0.006841307994572835],
             'name': 'output',
             'neurons': [],
             'num_neurons': 5,
             'weights': [[0.4694124345819833,
                          0.5046241385036281,
                          0.5159419871166312,
                          0.5006366593572784,
                          0.492189747054384,
                          0.4948138827315414],
                         [0.5071718690869209,
                          0.5094870687265234,
                          0.4944512072332268,
                          0.4985003959192794,
                          0.4995609715275566,
                          0.49070247607911477],
                         [0.5090077654159493,
                          0.5052021455446943,
                          0.5088802245651964,
                          0.4836731118055261,
                          0.5033419902943063,
                          0.5044262833703742],
                         [0.5033658052408164,
                          0.4920325072539198,
                          0.5018027460665859,
                          0.4998828472360829,
                          0.5,
                          0.4909596055118129],
                         [0.5146891981122864,
                          0.5015883121365913,
                          0.5084366538432867,
                          0.4978415805446797,
                          0.5127998093475074,
                          0.5078392339557641],
                         [0.48972354893993153,
                          0.5159144798123996,
                          0.50976382648668,
                          0.4790202155411258,
                          0.48254034600169887,
                          0.49286386100527146]]}]}
{'generation': 9,
 'inputs': [],
 'layers': [{'activation': 'sigmoid',
             'bias': [-0.007016687520921037,
                      0.017647134451109176,
                      -0.004887755955403999,
                      -0.007722143521328174,
                      0.008388891805504802,
                      0.025250280962092475,
                      -0.008850128654932272,
                      -0.0208055908074717],
             'name': 'input',
             'neurons': [<gameplay.Neuron object at 0x7fe3b8488860>,
                         <gameplay.Neuron object at 0x7fe3b8488828>,
                         <gameplay.Neuron object at 0x7fe3b8488240>,
                         <gameplay.Neuron object at 0x7fe3b8488b70>,
                         <gameplay.Neuron object at 0x7fe3b8488c18>,
                         <gameplay.Neuron object at 0x7fe3b8488ba8>,
                         <gameplay.Neuron object at 0x7fe3b8488cf8>,
                         <gameplay.Neuron object at 0x7fe3b8488cc0>],
             'num_neurons': 8,
             'weights': [[0.4843438673458569,
                          0.49472043571358776,
                          0.4943883914401795,
                          0.512470278204688,
                          0.4910094779582794,
                          0.4913389147645737,
                          0.5029882428260176,
                          0.4941154565231982,
                          0.4831264414308314,
                          0.5085435837864268],
                         [0.5016630433070808,
                          0.5096539398192095,
                          0.5094553698733391,
                          0.49344483556561397,
                          0.5249298282212569,
                          0.49730062004194076,
                          0.48133304108956565,
                          0.4846946098517111,
                          0.49516050092568636,
                          0.5119202704325306],
                         [0.518022084227558,
                          0.4898080825059501,
                          0.48705789656229737,
                          0.49638918522395536,
                          0.4793322081801439,
                          0.5016879034846929,
                          0.5040413534910814,
                          0.4979423738279781,
                          0.49836000090128574,
                          0.4871793744221195],
                         [0.5181501846546888,
                          0.4991978158148426,
                          0.5097152402351647,
                          0.5066976021189231,
                          0.4820080283226388,
                          0.5002005322270529,
                          0.4999883180220672,
                          0.4854503665860552,
                          0.5103294563112971,
                          0.5036736688172337],
                         [0.5,
                          0.4945395673247989,
                          0.4958862791982167,
                          0.4996109911581611,
                          0.48735966073664194,
                          0.4896172868899983,
                          0.5041005622088833,
                          0.5036152465333187,
                          0.5028091205014034,
                          0.5176869633013104],
                         [0.4919949833493986,
                          0.5111641416808063,
                          0.4908411789293778,
                          0.5035668490866838,
                          0.4972560758415472,
                          0.49667655348863027,
                          0.5194166033460739,
                          0.4921372932737329,
                          0.5,
                          0.4921321642201524],
                         [0.5,
                          0.5134780334793643,
                          0.5111158673553857,
                          0.5094319196219108,
                          0.490143528638554,
                          0.49854624032895634,
                          0.49514097929357787,
                          0.5051289289689277,
                          0.5100788018770671,
                          0.49718263733640533],
                         [0.489234870767659,
                          0.5256389179310984,
                          0.4733315759948811,
                          0.5041986659700641,
                          0.49785190314598005,
                          0.49658329096185677,
                          0.4880485628797823,
                          0.4973937628863974,
                          0.4908156795200672,
                          0.49734268613746757]]},
            {'activation': 'sigmoid',
             'bias': [-0.007988238939885303,
                      -0.0014471334049653683,
                      -0.02369282364591319,
                      0.007959871865368971,
                      0.00021421814239235698,
                      -0.012120754374919718],
             'name': 'hidden1',
             'neurons': [<gameplay.Neuron object at 0x7fe3b8488d30>,
                         <gameplay.Neuron object at 0x7fe3b8488d68>,
                         <gameplay.Neuron object at 0x7fe3b8488e10>,
                         <gameplay.Neuron object at 0x7fe3b8488dd8>,
                         <gameplay.Neuron object at 0x7fe3b8488e48>,
                         <gameplay.Neuron object at 0x7fe3b8488e80>],
             'num_neurons': 6,
             'weights': [[0.4991645927071461,
                          0.4838678445204521,
                          0.5041752579265667,
                          0.5099233384332459,
                          0.5108562359236908,
                          0.5097375652247425,
                          0.5125005130992624,
                          0.5],
                         [0.4989788082422926,
                          0.5144855456869748,
                          0.4921103784507463,
                          0.5118064164958959,
                          0.485293372125874,
                          0.4960548128183403,
                          0.48767458347753,
                          0.5011559389266594],
                         [0.50470628955049,
                          0.4937207876460075,
                          0.504695418712824,
                          0.5074400082689721,
                          0.51058563129085,
                          0.5078858381174083,
                          0.5058222453511223,
                          0.5014570766058709],
                         [0.5058911292742433,
                          0.4936032324109684,
                          0.5094319983480977,
                          0.4961877838416535,
                          0.502767402726662,
                          0.4976134361779025,
                          0.5009617349480209,
                          0.4993655492437229],
                         [0.4974562107189643,
                          0.5161923761170584,
                          0.49383454425737666,
                          0.4913295764073096,
                          0.5037235829349439,
                          0.5237448240671829,
                          0.49140935413816705,
                          0.4988512833941319],
                         [0.4942853373872531,
                          0.4905181093417647,
                          0.49281978995525066,
                          0.4978179451012345,
                          0.5043514113986207,
                          0.4935285924603218,
                          0.4907856007708332,
                          0.48172103489719204],
                         [0.5039002001147147,
                          0.49620763958533926,
                          0.51316116398967,
                          0.5261640895143304,
                          0.4865195530532485,
                          0.49149331433786464,
                          0.5033955650089575,
                          0.4904954682966308],
                         [0.5101770210291449,
                          0.4964734596711639,
                          0.5005961976795945,
                          0.5050213177908993,
                          0.4991626052453494,
                          0.49901424645039644,
                          0.48281613284149427,
                          0.4970996716347528]]},
            {'activation': 'sigmoid',
             'bias': [-0.013322104580714146,
                      0.009145194597157272,
                      0.0032578707757526847,
                      -0.005744386229696769,
                      0.006841307994572835],
             'name': 'output',
             'neurons': [<gameplay.Neuron object at 0x7fe3b8488da0>,
                         <gameplay.Neuron object at 0x7fe3b8488ef0>,
                         <gameplay.Neuron object at 0x7fe3b8488f60>,
                         <gameplay.Neuron object at 0x7fe3b8488f28>,
                         <gameplay.Neuron object at 0x7fe3b8488eb8>],
             'num_neurons': 5,
             'weights': [[0.4694124345819833,
                          0.5046241385036281,
                          0.5159419871166312,
                          0.5006366593572784,
                          0.492189747054384,
                          0.4948138827315414],
                         [0.5071718690869209,
                          0.5094870687265234,
                          0.4944512072332268,
                          0.4985003959192794,
                          0.4995609715275566,
                          0.49070247607911477],
                         [0.5090077654159493,
                          0.5052021455446943,
                          0.5088802245651964,
                          0.4836731118055261,
                          0.5033419902943063,
                          0.5044262833703742],
                         [0.5033658052408164,
                          0.4920325072539198,
                          0.5018027460665859,
                          0.4998828472360829,
                          0.5,
                          0.4909596055118129],
                         [0.5146891981122864,
                          0.5015883121365913,
                          0.5084366538432867,
                          0.4978415805446797,
                          0.5127998093475074,
                          0.5078392339557641],
                         [0.48972354893993153,
                          0.5159144798123996,
                          0.50976382648668,
                          0.4790202155411258,
                          0.48254034600169887,
                          0.49286386100527146]]}]}
load_tensorflow_graph: path = tensorflow/mario-model-simple-2019-07-17/frozen_inference_graph.pb
object_detection_graph = <tensorflow.python.framework.ops.Graph object at 0x7fe3b8488c88>
Doing start sequence
Sleeping one second
sending start
sending empty
Found black world screen for the second time. exiting.



Seconds left: 333
Moves to the right: 181
frame count: 257
time start:  1568157593.1080782,   time_now: 1568157620.4349592
