pygame 1.9.6
Hello from the pygame community. https://www.pygame.org/contribute.html
Loading neural net from gameplay_neural_nets/72/7.nn
net = {'generation': 66,
 'inputs': [],
 'layers': [{'activation': 'sigmoid',
             'bias': [0.0069923579450875155,
                      -0.013930688324724346,
                      0.01954582317496152,
                      -0.027307551068131222,
                      0.02445377347509896,
                      -0.02513947017519861,
                      0.010179661769484812,
                      -0.01825241854424193],
             'name': 'input',
             'neurons': [],
             'num_neurons': 8,
             'weights': [[0.3782371725580961,
                          0.40498246202876254,
                          0.11809138201765065,
                          0.13083091156104096,
                          0.10986724301567748,
                          0.08838013343134699,
                          0.10005644466592625,
                          0.11011966026813513,
                          0.08913577210904858,
                          0.0998560950810327],
                         [0.3819343397102716,
                          0.3813118925950652,
                          0.0991597988823857,
                          0.10326363356032722,
                          0.08683831263673676,
                          0.08610263078793642,
                          0.10533679026976715,
                          0.09529853646463965,
                          0.10379646298848591,
                          0.12633613883098738],
                         [0.3746483131508168,
                          0.4299724268228036,
                          0.09604158459898728,
                          0.07583754825847726,
                          0.10974787246084639,
                          0.10882278974165667,
                          0.09681547473086602,
                          0.09078666389001082,
                          0.11999042642244442,
                          0.09138782068620988],
                         [0.407034497807641,
                          0.4045737424131309,
                          0.09952210532441028,
                          0.10008795916261823,
                          0.06775521415564113,
                          0.10588489475465926,
                          0.10061033605817662,
                          0.11335697494955965,
                          0.07395573572681069,
                          0.11433970069176255],
                         [0.3797435589483498,
                          0.394836521314859,
                          0.05537179039838335,
                          0.1298090899882025,
                          0.09145653348118633,
                          0.13423070237243126,
                          0.1104521207548373,
                          0.13055631133010928,
                          0.09579751824589308,
                          0.0691214511651125],
                         [0.3560217857701195,
                          0.40209630103782074,
                          0.07731728415403012,
                          0.10144614335273709,
                          0.10733891452937994,
                          0.08432255240018294,
                          0.10008190810250849,
                          0.11473653666489962,
                          0.12159803670227769,
                          0.11376112499500643],
                         [0.3896272469334242,
                          0.379073466806708,
                          0.11951122271341312,
                          0.060048847593603384,
                          0.10808227398413073,
                          0.09166621607143773,
                          0.0918621461683314,
                          0.13030044943189123,
                          0.09097490133254281,
                          0.07614165441979051],
                         [0.3982623694302202,
                          0.4148260687526146,
                          0.07038206488713694,
                          0.07009659836801592,
                          0.11359265697218932,
                          0.059704159495900515,
                          0.06775918806966912,
                          0.14679836321733616,
                          0.09796241229517441,
                          0.07959372707429826]]},
            {'activation': 'sigmoid',
             'bias': [-0.023753015856169967,
                      0.03499142522956221,
                      0.008536859559638814,
                      0.0028733441444067868,
                      0.020586403528812518],
             'name': 'output',
             'neurons': [],
             'num_neurons': 5,
             'weights': [[0.08259558690733602,
                          0.0878001858456932,
                          0.10512316091695909,
                          0.06708883454587451,
                          0.09754979564617723,
                          0.13034142847838046,
                          0.1298731390755356,
                          0.09087194228710689],
                         [0.07878815850897002,
                          0.08564757308523616,
                          0.06799552732066153,
                          0.13948819443689936,
                          0.0768295096615311,
                          0.0851170753985076,
                          0.07876843198502714,
                          0.1442979299061896],
                         [0.10372209480420222,
                          0.07650295522288146,
                          0.12212068272496449,
                          0.08551566622652577,
                          0.09692459063154832,
                          0.10639357448400007,
                          0.1434060420087114,
                          0.08664891535331427],
                         [0.09929797652435603,
                          0.06648676519954373,
                          0.1159264796113307,
                          0.06778847567871392,
                          0.12557827718898384,
                          0.1088677999788013,
                          0.10550967686213421,
                          0.1020879918144671],
                         [0.11296992008275403,
                          0.10548427580337127,
                          0.12436141743827384,
                          0.06805661040273576,
                          0.15821696877417477,
                          0.11304534094129036,
                          0.10740723719093831,
                          0.08362527700491276],
                         [0.10830828999344363,
                          0.11894769327454063,
                          0.13214105821107056,
                          0.09208118992277374,
                          0.07300361472307641,
                          0.11159366770563749,
                          0.08420849466261708,
                          0.10890981631934211]]}]}
{'generation': 66,
 'inputs': [],
 'layers': [{'activation': 'sigmoid',
             'bias': [0.0069923579450875155,
                      -0.013930688324724346,
                      0.01954582317496152,
                      -0.027307551068131222,
                      0.02445377347509896,
                      -0.02513947017519861,
                      0.010179661769484812,
                      -0.01825241854424193],
             'name': 'input',
             'neurons': [<gameplay.Neuron object at 0x7f665ef27860>,
                         <gameplay.Neuron object at 0x7f665ef27828>,
                         <gameplay.Neuron object at 0x7f665ef27240>,
                         <gameplay.Neuron object at 0x7f665ef27b00>,
                         <gameplay.Neuron object at 0x7f665ef27ba8>,
                         <gameplay.Neuron object at 0x7f665ef27b38>,
                         <gameplay.Neuron object at 0x7f665ef27c88>,
                         <gameplay.Neuron object at 0x7f665ef27c50>],
             'num_neurons': 8,
             'weights': [[0.3782371725580961,
                          0.40498246202876254,
                          0.11809138201765065,
                          0.13083091156104096,
                          0.10986724301567748,
                          0.08838013343134699,
                          0.10005644466592625,
                          0.11011966026813513,
                          0.08913577210904858,
                          0.0998560950810327],
                         [0.3819343397102716,
                          0.3813118925950652,
                          0.0991597988823857,
                          0.10326363356032722,
                          0.08683831263673676,
                          0.08610263078793642,
                          0.10533679026976715,
                          0.09529853646463965,
                          0.10379646298848591,
                          0.12633613883098738],
                         [0.3746483131508168,
                          0.4299724268228036,
                          0.09604158459898728,
                          0.07583754825847726,
                          0.10974787246084639,
                          0.10882278974165667,
                          0.09681547473086602,
                          0.09078666389001082,
                          0.11999042642244442,
                          0.09138782068620988],
                         [0.407034497807641,
                          0.4045737424131309,
                          0.09952210532441028,
                          0.10008795916261823,
                          0.06775521415564113,
                          0.10588489475465926,
                          0.10061033605817662,
                          0.11335697494955965,
                          0.07395573572681069,
                          0.11433970069176255],
                         [0.3797435589483498,
                          0.394836521314859,
                          0.05537179039838335,
                          0.1298090899882025,
                          0.09145653348118633,
                          0.13423070237243126,
                          0.1104521207548373,
                          0.13055631133010928,
                          0.09579751824589308,
                          0.0691214511651125],
                         [0.3560217857701195,
                          0.40209630103782074,
                          0.07731728415403012,
                          0.10144614335273709,
                          0.10733891452937994,
                          0.08432255240018294,
                          0.10008190810250849,
                          0.11473653666489962,
                          0.12159803670227769,
                          0.11376112499500643],
                         [0.3896272469334242,
                          0.379073466806708,
                          0.11951122271341312,
                          0.060048847593603384,
                          0.10808227398413073,
                          0.09166621607143773,
                          0.0918621461683314,
                          0.13030044943189123,
                          0.09097490133254281,
                          0.07614165441979051],
                         [0.3982623694302202,
                          0.4148260687526146,
                          0.07038206488713694,
                          0.07009659836801592,
                          0.11359265697218932,
                          0.059704159495900515,
                          0.06775918806966912,
                          0.14679836321733616,
                          0.09796241229517441,
                          0.07959372707429826]]},
            {'activation': 'sigmoid',
             'bias': [-0.023753015856169967,
                      0.03499142522956221,
                      0.008536859559638814,
                      0.0028733441444067868,
                      0.020586403528812518],
             'name': 'output',
             'neurons': [<gameplay.Neuron object at 0x7f665ef27cc0>,
                         <gameplay.Neuron object at 0x7f665ef27cf8>,
                         <gameplay.Neuron object at 0x7f665ef27d68>,
                         <gameplay.Neuron object at 0x7f665ef27d30>,
                         <gameplay.Neuron object at 0x7f665ef27da0>],
             'num_neurons': 5,
             'weights': [[0.08259558690733602,
                          0.0878001858456932,
                          0.10512316091695909,
                          0.06708883454587451,
                          0.09754979564617723,
                          0.13034142847838046,
                          0.1298731390755356,
                          0.09087194228710689],
                         [0.07878815850897002,
                          0.08564757308523616,
                          0.06799552732066153,
                          0.13948819443689936,
                          0.0768295096615311,
                          0.0851170753985076,
                          0.07876843198502714,
                          0.1442979299061896],
                         [0.10372209480420222,
                          0.07650295522288146,
                          0.12212068272496449,
                          0.08551566622652577,
                          0.09692459063154832,
                          0.10639357448400007,
                          0.1434060420087114,
                          0.08664891535331427],
                         [0.09929797652435603,
                          0.06648676519954373,
                          0.1159264796113307,
                          0.06778847567871392,
                          0.12557827718898384,
                          0.1088677999788013,
                          0.10550967686213421,
                          0.1020879918144671],
                         [0.11296992008275403,
                          0.10548427580337127,
                          0.12436141743827384,
                          0.06805661040273576,
                          0.15821696877417477,
                          0.11304534094129036,
                          0.10740723719093831,
                          0.08362527700491276],
                         [0.10830828999344363,
                          0.11894769327454063,
                          0.13214105821107056,
                          0.09208118992277374,
                          0.07300361472307641,
                          0.11159366770563749,
                          0.08420849466261708,
                          0.10890981631934211]]}]}
load_tensorflow_graph: path = tensorflow/mario-model-simple-2019-07-17/frozen_inference_graph.pb
object_detection_graph = <tensorflow.python.framework.ops.Graph object at 0x7f665ef27e48>
Doing start sequence
Sleeping one second
sending start
sending empty
Found black world screen for the second time. exiting.



Seconds left: 378
Moves to the right: 49
