pygame 1.9.6
Hello from the pygame community. https://www.pygame.org/contribute.html
Loading neural net from gameplay_neural_nets/25/2.nn
net = {'generation': 21,
 'inputs': [],
 'layers': [{'activation': 'sigmoid',
             'bias': [-0.021464475821169633,
                      0.048036466134242554,
                      -0.009800740348325914,
                      -0.006136984100726939,
                      0.01871737314093156,
                      0.01444144655230759,
                      -0.006203366430446819,
                      -0.026887280770260598],
             'name': 'input',
             'neurons': [],
             'num_neurons': 8,
             'weights': [[0.4540828517057,
                          0.48281536393101426,
                          0.4869692291367686,
                          0.5222530517082301,
                          0.4983304869328614,
                          0.4664063594791266,
                          0.5003933177418592,
                          0.4901140836157876,
                          0.4964387873449632,
                          0.5244266916198312],
                         [0.4949166325762044,
                          0.5007246040220523,
                          0.5185158508721054,
                          0.4969371703657194,
                          0.5314090343900192,
                          0.48315248646516284,
                          0.48682129884639774,
                          0.47326335223428534,
                          0.5230796254476564,
                          0.5151157520769494],
                         [0.5303402485552701,
                          0.5022684713452394,
                          0.5002338778142793,
                          0.49839889699329376,
                          0.4551561588762055,
                          0.49934553566971973,
                          0.5141590709064743,
                          0.48030765864427505,
                          0.503195507924144,
                          0.49533007131581075],
                         [0.511325212923192,
                          0.498199506513984,
                          0.49862194757781797,
                          0.4497328792926435,
                          0.48004418979642666,
                          0.5043188876328192,
                          0.5136983434857734,
                          0.49618347334264107,
                          0.5115356776262108,
                          0.5239638784259881],
                         [0.48714065304769016,
                          0.5155744029820556,
                          0.4976309384671609,
                          0.5044735395200749,
                          0.48925365534577475,
                          0.4777373417893239,
                          0.51278035988485,
                          0.5051468394528642,
                          0.5159514717093189,
                          0.5238011859798034],
                         [0.48929558948044977,
                          0.5288678910265134,
                          0.49191349240953874,
                          0.5032685812670424,
                          0.5035424632683984,
                          0.5133372519121823,
                          0.5282122930170549,
                          0.47443205905844876,
                          0.5148303592493968,
                          0.45842079747343856],
                         [0.5147885073007312,
                          0.49679475887667773,
                          0.5229768030199321,
                          0.529102530942099,
                          0.4888229207590094,
                          0.48820119164443243,
                          0.5118587443089152,
                          0.5037978004735851,
                          0.5048938767522773,
                          0.49918147815509883],
                         [0.47180752206133136,
                          0.5158405083081792,
                          0.49143047185356215,
                          0.5008667462458213,
                          0.5101466321472033,
                          0.512052643640734,
                          0.47942824028684317,
                          0.4952566151087845,
                          0.4878853760549559,
                          0.4881718505063023]]},
            {'activation': 'sigmoid',
             'bias': [-0.010654669710704969,
                      -0.012390458700847888,
                      -0.03377444762549421,
                      0.009370786552596325,
                      -0.012891952101503068,
                      -0.056805656682742484],
             'name': 'hidden1',
             'neurons': [],
             'num_neurons': 6,
             'weights': [[0.49304832295679474,
                          0.46355262916855994,
                          0.4920969553745677,
                          0.4876857932731981,
                          0.5074357592945421,
                          0.4933377039522577,
                          0.5070656968008459,
                          0.5024708925203605],
                         [0.49487892728358723,
                          0.5042374785470182,
                          0.5160833975049758,
                          0.5054700130388352,
                          0.47707257175658785,
                          0.5067845650295192,
                          0.46952073885488343,
                          0.5081448892702951],
                         [0.5064972896289903,
                          0.5100940097849994,
                          0.515593141077407,
                          0.5165397697932741,
                          0.5192053422282149,
                          0.5327805441680319,
                          0.5070271757918428,
                          0.5211051849619112],
                         [0.5186451037247082,
                          0.5026629066835722,
                          0.5034544591271476,
                          0.4944397335853354,
                          0.4968412915938441,
                          0.5066966030555919,
                          0.4811992109897466,
                          0.5055652350409987],
                         [0.4860351600065501,
                          0.5419111463257108,
                          0.489136337432464,
                          0.5010286363904388,
                          0.48800546579803733,
                          0.5330550869021794,
                          0.5118915880568037,
                          0.4908192961068611],
                         [0.48704575352464785,
                          0.48169052553217107,
                          0.490453162079246,
                          0.47581040091998594,
                          0.48373757587625676,
                          0.4832581870199676,
                          0.47230705352074637,
                          0.48464408935967423],
                         [0.49462251987543426,
                          0.46710079399914056,
                          0.5262882282633186,
                          0.5277862978839144,
                          0.48908192021163854,
                          0.4992536766671357,
                          0.5332832213066746,
                          0.48022178778628366],
                         [0.5169666634215132,
                          0.49455063503867425,
                          0.4755128427968229,
                          0.521161662214843,
                          0.5263497548197672,
                          0.48792924139098465,
                          0.487215439818374,
                          0.48081013477469425]]},
            {'activation': 'sigmoid',
             'bias': [-0.02159856059088871,
                      0.02494742176808048,
                      0.012012776909136415,
                      -0.0035966416308225654,
                      0.02065522790747787],
             'name': 'output',
             'neurons': [],
             'num_neurons': 5,
             'weights': [[0.47647155222261445,
                          0.49608850396660514,
                          0.5163164704585212,
                          0.49464142657233284,
                          0.48310563401330514,
                          0.48980721846962455],
                         [0.5317818044347963,
                          0.5191726014436133,
                          0.4741256446304675,
                          0.500207905011306,
                          0.4989337141951759,
                          0.48604479728981065],
                         [0.5263693350058284,
                          0.5067609710433345,
                          0.5112554408612479,
                          0.4917970757510009,
                          0.5073273492182091,
                          0.49692937539415666],
                         [0.505990498017625,
                          0.4768838183417367,
                          0.5207568766463342,
                          0.5034738655687394,
                          0.49148627793324606,
                          0.48225170997378586],
                         [0.5123316314870426,
                          0.5254950524500773,
                          0.5055601320528288,
                          0.5155391464631417,
                          0.4991625589866391,
                          0.4989883029709158],
                         [0.48354094736338,
                          0.515560170144082,
                          0.5065579408738462,
                          0.47923094127703403,
                          0.4817264159878173,
                          0.4930156967729654]]}]}
{'generation': 21,
 'inputs': [],
 'layers': [{'activation': 'sigmoid',
             'bias': [-0.021464475821169633,
                      0.048036466134242554,
                      -0.009800740348325914,
                      -0.006136984100726939,
                      0.01871737314093156,
                      0.01444144655230759,
                      -0.006203366430446819,
                      -0.026887280770260598],
             'name': 'input',
             'neurons': [<gameplay.Neuron object at 0x7f9c32d42828>,
                         <gameplay.Neuron object at 0x7f9c32d427f0>,
                         <gameplay.Neuron object at 0x7f9c32d42240>,
                         <gameplay.Neuron object at 0x7f9c32d42b38>,
                         <gameplay.Neuron object at 0x7f9c32d42be0>,
                         <gameplay.Neuron object at 0x7f9c32d42b70>,
                         <gameplay.Neuron object at 0x7f9c32d42c88>,
                         <gameplay.Neuron object at 0x7f9c32d42cc0>],
             'num_neurons': 8,
             'weights': [[0.4540828517057,
                          0.48281536393101426,
                          0.4869692291367686,
                          0.5222530517082301,
                          0.4983304869328614,
                          0.4664063594791266,
                          0.5003933177418592,
                          0.4901140836157876,
                          0.4964387873449632,
                          0.5244266916198312],
                         [0.4949166325762044,
                          0.5007246040220523,
                          0.5185158508721054,
                          0.4969371703657194,
                          0.5314090343900192,
                          0.48315248646516284,
                          0.48682129884639774,
                          0.47326335223428534,
                          0.5230796254476564,
                          0.5151157520769494],
                         [0.5303402485552701,
                          0.5022684713452394,
                          0.5002338778142793,
                          0.49839889699329376,
                          0.4551561588762055,
                          0.49934553566971973,
                          0.5141590709064743,
                          0.48030765864427505,
                          0.503195507924144,
                          0.49533007131581075],
                         [0.511325212923192,
                          0.498199506513984,
                          0.49862194757781797,
                          0.4497328792926435,
                          0.48004418979642666,
                          0.5043188876328192,
                          0.5136983434857734,
                          0.49618347334264107,
                          0.5115356776262108,
                          0.5239638784259881],
                         [0.48714065304769016,
                          0.5155744029820556,
                          0.4976309384671609,
                          0.5044735395200749,
                          0.48925365534577475,
                          0.4777373417893239,
                          0.51278035988485,
                          0.5051468394528642,
                          0.5159514717093189,
                          0.5238011859798034],
                         [0.48929558948044977,
                          0.5288678910265134,
                          0.49191349240953874,
                          0.5032685812670424,
                          0.5035424632683984,
                          0.5133372519121823,
                          0.5282122930170549,
                          0.47443205905844876,
                          0.5148303592493968,
                          0.45842079747343856],
                         [0.5147885073007312,
                          0.49679475887667773,
                          0.5229768030199321,
                          0.529102530942099,
                          0.4888229207590094,
                          0.48820119164443243,
                          0.5118587443089152,
                          0.5037978004735851,
                          0.5048938767522773,
                          0.49918147815509883],
                         [0.47180752206133136,
                          0.5158405083081792,
                          0.49143047185356215,
                          0.5008667462458213,
                          0.5101466321472033,
                          0.512052643640734,
                          0.47942824028684317,
                          0.4952566151087845,
                          0.4878853760549559,
                          0.4881718505063023]]},
            {'activation': 'sigmoid',
             'bias': [-0.010654669710704969,
                      -0.012390458700847888,
                      -0.03377444762549421,
                      0.009370786552596325,
                      -0.012891952101503068,
                      -0.056805656682742484],
             'name': 'hidden1',
             'neurons': [<gameplay.Neuron object at 0x7f9c32d42cf8>,
                         <gameplay.Neuron object at 0x7f9c32d42d30>,
                         <gameplay.Neuron object at 0x7f9c32d42da0>,
                         <gameplay.Neuron object at 0x7f9c32d42d68>,
                         <gameplay.Neuron object at 0x7f9c32d42dd8>,
                         <gameplay.Neuron object at 0x7f9c32d42e48>],
             'num_neurons': 6,
             'weights': [[0.49304832295679474,
                          0.46355262916855994,
                          0.4920969553745677,
                          0.4876857932731981,
                          0.5074357592945421,
                          0.4933377039522577,
                          0.5070656968008459,
                          0.5024708925203605],
                         [0.49487892728358723,
                          0.5042374785470182,
                          0.5160833975049758,
                          0.5054700130388352,
                          0.47707257175658785,
                          0.5067845650295192,
                          0.46952073885488343,
                          0.5081448892702951],
                         [0.5064972896289903,
                          0.5100940097849994,
                          0.515593141077407,
                          0.5165397697932741,
                          0.5192053422282149,
                          0.5327805441680319,
                          0.5070271757918428,
                          0.5211051849619112],
                         [0.5186451037247082,
                          0.5026629066835722,
                          0.5034544591271476,
                          0.4944397335853354,
                          0.4968412915938441,
                          0.5066966030555919,
                          0.4811992109897466,
                          0.5055652350409987],
                         [0.4860351600065501,
                          0.5419111463257108,
                          0.489136337432464,
                          0.5010286363904388,
                          0.48800546579803733,
                          0.5330550869021794,
                          0.5118915880568037,
                          0.4908192961068611],
                         [0.48704575352464785,
                          0.48169052553217107,
                          0.490453162079246,
                          0.47581040091998594,
                          0.48373757587625676,
                          0.4832581870199676,
                          0.47230705352074637,
                          0.48464408935967423],
                         [0.49462251987543426,
                          0.46710079399914056,
                          0.5262882282633186,
                          0.5277862978839144,
                          0.48908192021163854,
                          0.4992536766671357,
                          0.5332832213066746,
                          0.48022178778628366],
                         [0.5169666634215132,
                          0.49455063503867425,
                          0.4755128427968229,
                          0.521161662214843,
                          0.5263497548197672,
                          0.48792924139098465,
                          0.487215439818374,
                          0.48081013477469425]]},
            {'activation': 'sigmoid',
             'bias': [-0.02159856059088871,
                      0.02494742176808048,
                      0.012012776909136415,
                      -0.0035966416308225654,
                      0.02065522790747787],
             'name': 'output',
             'neurons': [<gameplay.Neuron object at 0x7f9c32d42e10>,
                         <gameplay.Neuron object at 0x7f9c32d42e80>,
                         <gameplay.Neuron object at 0x7f9c32d42ba8>,
                         <gameplay.Neuron object at 0x7f9c32d42c18>,
                         <gameplay.Neuron object at 0x7f9c32d42c50>],
             'num_neurons': 5,
             'weights': [[0.47647155222261445,
                          0.49608850396660514,
                          0.5163164704585212,
                          0.49464142657233284,
                          0.48310563401330514,
                          0.48980721846962455],
                         [0.5317818044347963,
                          0.5191726014436133,
                          0.4741256446304675,
                          0.500207905011306,
                          0.4989337141951759,
                          0.48604479728981065],
                         [0.5263693350058284,
                          0.5067609710433345,
                          0.5112554408612479,
                          0.4917970757510009,
                          0.5073273492182091,
                          0.49692937539415666],
                         [0.505990498017625,
                          0.4768838183417367,
                          0.5207568766463342,
                          0.5034738655687394,
                          0.49148627793324606,
                          0.48225170997378586],
                         [0.5123316314870426,
                          0.5254950524500773,
                          0.5055601320528288,
                          0.5155391464631417,
                          0.4991625589866391,
                          0.4989883029709158],
                         [0.48354094736338,
                          0.515560170144082,
                          0.5065579408738462,
                          0.47923094127703403,
                          0.4817264159878173,
                          0.4930156967729654]]}]}
load_tensorflow_graph: path = tensorflow/mario-model-simple-2019-07-17/frozen_inference_graph.pb
object_detection_graph = <tensorflow.python.framework.ops.Graph object at 0x7f9c32d42f98>
Doing start sequence
Sleeping one second
sending start
sending empty
Found black world screen for the second time. exiting.



Seconds left: 360
Moves to the right: 102
frame count: 175
time start:  1568161501.8344657,   time_now: 1568161520.2207627
