pygame 1.9.6
Hello from the pygame community. https://www.pygame.org/contribute.html
Loading neural net from gameplay_neural_nets/12/3.nn
net = {'generation': 10,
 'inputs': [],
 'layers': [{'activation': 'sigmoid',
             'bias': [0.0012683153379887653,
                      0.025576671128254576,
                      -0.004887755955403999,
                      -0.007722143521328174,
                      0.0016590558881378337,
                      0.025250280962092475,
                      -0.0056109867190105595,
                      -0.0208055908074717],
             'name': 'input',
             'neurons': [],
             'num_neurons': 8,
             'weights': [[0.47700290164916914,
                          0.49472043571358776,
                          0.4943883914401795,
                          0.512470278204688,
                          0.4910094779582794,
                          0.4913389147645737,
                          0.4964519154908584,
                          0.4941154565231982,
                          0.4831264414308314,
                          0.5018974050585698],
                         [0.5016630433070808,
                          0.5195841305707964,
                          0.507268062142372,
                          0.49344483556561397,
                          0.5249298282212569,
                          0.49730062004194076,
                          0.48010345560491363,
                          0.4846946098517111,
                          0.49516050092568636,
                          0.5119202704325306],
                         [0.5153904262259434,
                          0.4890394156803656,
                          0.48705789656229737,
                          0.494355348461795,
                          0.4793322081801439,
                          0.5016879034846929,
                          0.5040413534910814,
                          0.5057266226218099,
                          0.49836000090128574,
                          0.4871793744221195],
                         [0.5188399228798497,
                          0.4991978158148426,
                          0.5097152402351647,
                          0.5129791776552111,
                          0.4833587194681814,
                          0.5002005322270529,
                          0.4999883180220672,
                          0.4793980765163832,
                          0.5103294563112971,
                          0.5036736688172337],
                         [0.5086584677472991,
                          0.5045226687658707,
                          0.49211198552845664,
                          0.4902630524056105,
                          0.48735966073664194,
                          0.4896172868899983,
                          0.5041005622088833,
                          0.5073086967612586,
                          0.5028091205014034,
                          0.5176869633013104],
                         [0.4919949833493986,
                          0.5111641416808063,
                          0.4908411789293778,
                          0.5035668490866838,
                          0.4972560758415472,
                          0.49491501946457994,
                          0.5194166033460739,
                          0.4996282686508102,
                          0.49546511193789733,
                          0.4921321642201524],
                         [0.5,
                          0.5212055744444535,
                          0.5111158673553857,
                          0.5094319196219108,
                          0.49922822850676213,
                          0.5065419383503418,
                          0.49514097929357787,
                          0.5051289289689277,
                          0.5139633571300973,
                          0.5019928995940842],
                         [0.4867890949019076,
                          0.5247044324091589,
                          0.4705386148883964,
                          0.4992018059168203,
                          0.49785190314598005,
                          0.49658329096185677,
                          0.4880485628797823,
                          0.4973937628863974,
                          0.4908156795200672,
                          0.49734268613746757]]},
            {'activation': 'sigmoid',
             'bias': [-0.007988238939885303,
                      -0.0014471334049653683,
                      -0.02369282364591319,
                      0.009261567267941143,
                      -0.007036832377429088,
                      -0.012120754374919718],
             'name': 'hidden1',
             'neurons': [],
             'num_neurons': 6,
             'weights': [[0.4991645927071461,
                          0.4927369353520493,
                          0.5032617003866728,
                          0.5161895135701976,
                          0.5108562359236908,
                          0.5097375652247425,
                          0.5125005130992624,
                          0.5091402522154543],
                         [0.4939821035592063,
                          0.5144855456869748,
                          0.49266942449016804,
                          0.5191457963595222,
                          0.49476199823969613,
                          0.4920754087130559,
                          0.4794691173228434,
                          0.49348710488778497],
                         [0.50470628955049,
                          0.4937207876460075,
                          0.504695418712824,
                          0.5074400082689721,
                          0.5026719073477268,
                          0.5037661022775834,
                          0.5049630957846315,
                          0.5014570766058709],
                         [0.49845960978289877,
                          0.4936032324109684,
                          0.5094319983480977,
                          0.4961877838416535,
                          0.502767402726662,
                          0.4976134361779025,
                          0.5009617349480209,
                          0.49366060015348107],
                         [0.4974562107189643,
                          0.5161923761170584,
                          0.49383454425737666,
                          0.49114227363079693,
                          0.5037235829349439,
                          0.5237448240671829,
                          0.49140935413816705,
                          0.5083779626574734],
                         [0.49975134726847725,
                          0.4905181093417647,
                          0.5015833174999428,
                          0.48941571630436975,
                          0.5043514113986207,
                          0.4935285924603218,
                          0.4907856007708332,
                          0.48172103489719204],
                         [0.5039002001147147,
                          0.49620763958533926,
                          0.51316116398967,
                          0.5261640895143304,
                          0.4865195530532485,
                          0.49149331433786464,
                          0.5010309912064771,
                          0.482686391528115],
                         [0.5101770210291449,
                          0.49238782337549186,
                          0.5005961976795945,
                          0.5046322938885413,
                          0.4991626052453494,
                          0.49901424645039644,
                          0.47521540295870696,
                          0.4970996716347528]]},
            {'activation': 'sigmoid',
             'bias': [-0.013322104580714146,
                      0.0051645371947083175,
                      0.010405130548969022,
                      -0.005744386229696769,
                      0.006841307994572835],
             'name': 'output',
             'neurons': [],
             'num_neurons': 5,
             'weights': [[0.4694124345819833,
                          0.5046241385036281,
                          0.5180074049764845,
                          0.49825750667586083,
                          0.492189747054384,
                          0.4885834979616777],
                         [0.5071718690869209,
                          0.5094870687265234,
                          0.4944512072332268,
                          0.4985003959192794,
                          0.4995609715275566,
                          0.49070247607911477],
                         [0.5090077654159493,
                          0.5052021455446943,
                          0.5088802245651964,
                          0.47430221673988393,
                          0.5033419902943063,
                          0.5044262833703742],
                         [0.49466779664812327,
                          0.4972725349285906,
                          0.5018027460665859,
                          0.4998828472360829,
                          0.49015898325596935,
                          0.4980723404722126],
                         [0.5205954772224795,
                          0.5114047227922875,
                          0.5017870675316595,
                          0.5075509637609548,
                          0.5112875490529648,
                          0.5078392339557641],
                         [0.48972354893993153,
                          0.522845415926031,
                          0.50976382648668,
                          0.4790202155411258,
                          0.4770119387677165,
                          0.48933999976783]]}]}
{'generation': 10,
 'inputs': [],
 'layers': [{'activation': 'sigmoid',
             'bias': [0.0012683153379887653,
                      0.025576671128254576,
                      -0.004887755955403999,
                      -0.007722143521328174,
                      0.0016590558881378337,
                      0.025250280962092475,
                      -0.0056109867190105595,
                      -0.0208055908074717],
             'name': 'input',
             'neurons': [<gameplay.Neuron object at 0x7ffa399ed828>,
                         <gameplay.Neuron object at 0x7ffa399ed7f0>,
                         <gameplay.Neuron object at 0x7ffa399ed208>,
                         <gameplay.Neuron object at 0x7ffa399edb38>,
                         <gameplay.Neuron object at 0x7ffa399edbe0>,
                         <gameplay.Neuron object at 0x7ffa399edb70>,
                         <gameplay.Neuron object at 0x7ffa399edcc0>,
                         <gameplay.Neuron object at 0x7ffa399edc88>],
             'num_neurons': 8,
             'weights': [[0.47700290164916914,
                          0.49472043571358776,
                          0.4943883914401795,
                          0.512470278204688,
                          0.4910094779582794,
                          0.4913389147645737,
                          0.4964519154908584,
                          0.4941154565231982,
                          0.4831264414308314,
                          0.5018974050585698],
                         [0.5016630433070808,
                          0.5195841305707964,
                          0.507268062142372,
                          0.49344483556561397,
                          0.5249298282212569,
                          0.49730062004194076,
                          0.48010345560491363,
                          0.4846946098517111,
                          0.49516050092568636,
                          0.5119202704325306],
                         [0.5153904262259434,
                          0.4890394156803656,
                          0.48705789656229737,
                          0.494355348461795,
                          0.4793322081801439,
                          0.5016879034846929,
                          0.5040413534910814,
                          0.5057266226218099,
                          0.49836000090128574,
                          0.4871793744221195],
                         [0.5188399228798497,
                          0.4991978158148426,
                          0.5097152402351647,
                          0.5129791776552111,
                          0.4833587194681814,
                          0.5002005322270529,
                          0.4999883180220672,
                          0.4793980765163832,
                          0.5103294563112971,
                          0.5036736688172337],
                         [0.5086584677472991,
                          0.5045226687658707,
                          0.49211198552845664,
                          0.4902630524056105,
                          0.48735966073664194,
                          0.4896172868899983,
                          0.5041005622088833,
                          0.5073086967612586,
                          0.5028091205014034,
                          0.5176869633013104],
                         [0.4919949833493986,
                          0.5111641416808063,
                          0.4908411789293778,
                          0.5035668490866838,
                          0.4972560758415472,
                          0.49491501946457994,
                          0.5194166033460739,
                          0.4996282686508102,
                          0.49546511193789733,
                          0.4921321642201524],
                         [0.5,
                          0.5212055744444535,
                          0.5111158673553857,
                          0.5094319196219108,
                          0.49922822850676213,
                          0.5065419383503418,
                          0.49514097929357787,
                          0.5051289289689277,
                          0.5139633571300973,
                          0.5019928995940842],
                         [0.4867890949019076,
                          0.5247044324091589,
                          0.4705386148883964,
                          0.4992018059168203,
                          0.49785190314598005,
                          0.49658329096185677,
                          0.4880485628797823,
                          0.4973937628863974,
                          0.4908156795200672,
                          0.49734268613746757]]},
            {'activation': 'sigmoid',
             'bias': [-0.007988238939885303,
                      -0.0014471334049653683,
                      -0.02369282364591319,
                      0.009261567267941143,
                      -0.007036832377429088,
                      -0.012120754374919718],
             'name': 'hidden1',
             'neurons': [<gameplay.Neuron object at 0x7ffa399edcf8>,
                         <gameplay.Neuron object at 0x7ffa399edd30>,
                         <gameplay.Neuron object at 0x7ffa399eddd8>,
                         <gameplay.Neuron object at 0x7ffa399edda0>,
                         <gameplay.Neuron object at 0x7ffa399edd68>,
                         <gameplay.Neuron object at 0x7ffa399ede10>],
             'num_neurons': 6,
             'weights': [[0.4991645927071461,
                          0.4927369353520493,
                          0.5032617003866728,
                          0.5161895135701976,
                          0.5108562359236908,
                          0.5097375652247425,
                          0.5125005130992624,
                          0.5091402522154543],
                         [0.4939821035592063,
                          0.5144855456869748,
                          0.49266942449016804,
                          0.5191457963595222,
                          0.49476199823969613,
                          0.4920754087130559,
                          0.4794691173228434,
                          0.49348710488778497],
                         [0.50470628955049,
                          0.4937207876460075,
                          0.504695418712824,
                          0.5074400082689721,
                          0.5026719073477268,
                          0.5037661022775834,
                          0.5049630957846315,
                          0.5014570766058709],
                         [0.49845960978289877,
                          0.4936032324109684,
                          0.5094319983480977,
                          0.4961877838416535,
                          0.502767402726662,
                          0.4976134361779025,
                          0.5009617349480209,
                          0.49366060015348107],
                         [0.4974562107189643,
                          0.5161923761170584,
                          0.49383454425737666,
                          0.49114227363079693,
                          0.5037235829349439,
                          0.5237448240671829,
                          0.49140935413816705,
                          0.5083779626574734],
                         [0.49975134726847725,
                          0.4905181093417647,
                          0.5015833174999428,
                          0.48941571630436975,
                          0.5043514113986207,
                          0.4935285924603218,
                          0.4907856007708332,
                          0.48172103489719204],
                         [0.5039002001147147,
                          0.49620763958533926,
                          0.51316116398967,
                          0.5261640895143304,
                          0.4865195530532485,
                          0.49149331433786464,
                          0.5010309912064771,
                          0.482686391528115],
                         [0.5101770210291449,
                          0.49238782337549186,
                          0.5005961976795945,
                          0.5046322938885413,
                          0.4991626052453494,
                          0.49901424645039644,
                          0.47521540295870696,
                          0.4970996716347528]]},
            {'activation': 'sigmoid',
             'bias': [-0.013322104580714146,
                      0.0051645371947083175,
                      0.010405130548969022,
                      -0.005744386229696769,
                      0.006841307994572835],
             'name': 'output',
             'neurons': [<gameplay.Neuron object at 0x7ffa399ede80>,
                         <gameplay.Neuron object at 0x7ffa399ede48>,
                         <gameplay.Neuron object at 0x7ffa399edeb8>,
                         <gameplay.Neuron object at 0x7ffa399edba8>,
                         <gameplay.Neuron object at 0x7ffa399edc18>],
             'num_neurons': 5,
             'weights': [[0.4694124345819833,
                          0.5046241385036281,
                          0.5180074049764845,
                          0.49825750667586083,
                          0.492189747054384,
                          0.4885834979616777],
                         [0.5071718690869209,
                          0.5094870687265234,
                          0.4944512072332268,
                          0.4985003959192794,
                          0.4995609715275566,
                          0.49070247607911477],
                         [0.5090077654159493,
                          0.5052021455446943,
                          0.5088802245651964,
                          0.47430221673988393,
                          0.5033419902943063,
                          0.5044262833703742],
                         [0.49466779664812327,
                          0.4972725349285906,
                          0.5018027460665859,
                          0.4998828472360829,
                          0.49015898325596935,
                          0.4980723404722126],
                         [0.5205954772224795,
                          0.5114047227922875,
                          0.5017870675316595,
                          0.5075509637609548,
                          0.5112875490529648,
                          0.5078392339557641],
                         [0.48972354893993153,
                          0.522845415926031,
                          0.50976382648668,
                          0.4790202155411258,
                          0.4770119387677165,
                          0.48933999976783]]}]}
load_tensorflow_graph: path = tensorflow/mario-model-simple-2019-07-17/frozen_inference_graph.pb
object_detection_graph = <tensorflow.python.framework.ops.Graph object at 0x7ffa399edf98>
Doing start sequence
Sleeping one second
sending start
sending empty
Found black world screen for the second time. exiting.



Seconds left: 380
Moves to the right: 61
frame count: 106
time start:  1568157859.86114,   time_now: 1568157871.3764017
