pygame 1.9.6
Hello from the pygame community. https://www.pygame.org/contribute.html
Loading neural net from gameplay_neural_nets/12/8.nn
net = {'generation': 10,
 'inputs': [],
 'layers': [{'activation': 'sigmoid',
             'bias': [-0.007406718673865214,
                      0.017647134451109176,
                      -0.004887755955403999,
                      -0.016767385112721987,
                      0.008388891805504802,
                      0.020609578981378874,
                      -0.011593177885081355,
                      -0.01335869122248255],
             'name': 'input',
             'neurons': [],
             'num_neurons': 8,
             'weights': [[0.48285422879968887,
                          0.4853189425604753,
                          0.4914478344102124,
                          0.512470278204688,
                          0.4910094779582794,
                          0.4913389147645737,
                          0.5029882428260176,
                          0.4883356853722722,
                          0.48736463815549,
                          0.5139348974738396],
                         [0.4945098514776831,
                          0.5096539398192095,
                          0.5094553698733391,
                          0.4862672734484667,
                          0.5249298282212569,
                          0.49730062004194076,
                          0.4822814691665846,
                          0.47649349552995623,
                          0.49516050092568636,
                          0.5119202704325306],
                         [0.518022084227558,
                          0.4898080825059501,
                          0.4873196487403988,
                          0.49638918522395536,
                          0.4793322081801439,
                          0.498082136099939,
                          0.5040413534910814,
                          0.4979423738279781,
                          0.49836000090128574,
                          0.47892050181569734],
                         [0.5181501846546888,
                          0.4991978158148426,
                          0.5097152402351647,
                          0.5049124494163533,
                          0.4914355645036008,
                          0.5002005322270529,
                          0.4999883180220672,
                          0.4854503665860552,
                          0.5103294563112971,
                          0.5009089767274261],
                         [0.5059560852821644,
                          0.4945395673247989,
                          0.4958862791982167,
                          0.4996109911581611,
                          0.49436201892219794,
                          0.4936202472747098,
                          0.5041005622088833,
                          0.5036152465333187,
                          0.5088079598155398,
                          0.5176869633013104],
                         [0.48880927661962614,
                          0.5111641416808063,
                          0.4908411789293778,
                          0.4947019039726555,
                          0.4972560758415472,
                          0.49667655348863027,
                          0.5194166033460739,
                          0.4921372932737329,
                          0.5,
                          0.492208873936348],
                         [0.5,
                          0.5134780334793643,
                          0.5035588651150221,
                          0.5094319196219108,
                          0.490143528638554,
                          0.48978075968388557,
                          0.49514097929357787,
                          0.49786291593057747,
                          0.5004580339979949,
                          0.49718263733640533],
                         [0.489234870767659,
                          0.5256389179310984,
                          0.4733315759948811,
                          0.5041986659700641,
                          0.49785190314598005,
                          0.49658329096185677,
                          0.49607887944229123,
                          0.4973937628863974,
                          0.4908156795200672,
                          0.4891881006067406]]},
            {'activation': 'sigmoid',
             'bias': [-0.007988238939885303,
                      -0.0014471334049653683,
                      -0.02369282364591319,
                      0.007959871865368971,
                      0.00021421814239235698,
                      -0.012120754374919718],
             'name': 'hidden1',
             'neurons': [],
             'num_neurons': 6,
             'weights': [[0.5087898880065657,
                          0.4838678445204521,
                          0.5070933194486178,
                          0.5099233384332459,
                          0.5124955210642,
                          0.5097375652247425,
                          0.5125005130992624,
                          0.509618688883876],
                         [0.4989788082422926,
                          0.5087652373541035,
                          0.4921103784507463,
                          0.5118064164958959,
                          0.485293372125874,
                          0.4960548128183403,
                          0.4788672276412559,
                          0.5011559389266594],
                         [0.50470628955049,
                          0.4937207876460075,
                          0.504695418712824,
                          0.502777200194683,
                          0.5148159886020428,
                          0.5078858381174083,
                          0.5153154513737233,
                          0.4944616944454072],
                         [0.5058911292742433,
                          0.4840514665702182,
                          0.5094319983480977,
                          0.4961877838416535,
                          0.502767402726662,
                          0.4976134361779025,
                          0.5009617349480209,
                          0.4993655492437229],
                         [0.4974562107189643,
                          0.5161923761170584,
                          0.4983434179606341,
                          0.4913295764073096,
                          0.4977331758112462,
                          0.5237448240671829,
                          0.49140935413816705,
                          0.5019800245635527],
                         [0.4950609565774409,
                          0.4905181093417647,
                          0.49281978995525066,
                          0.4978179451012345,
                          0.5043514113986207,
                          0.49970763175046756,
                          0.4825113121416507,
                          0.4791090500699084],
                         [0.509442958284796,
                          0.49620763958533926,
                          0.5093378286344364,
                          0.5172262325865985,
                          0.4865195530532485,
                          0.49149331433786464,
                          0.49447916429582706,
                          0.48948204228553216],
                         [0.5064789514773711,
                          0.4917800397468361,
                          0.5005961976795945,
                          0.5050213177908993,
                          0.4991626052453494,
                          0.4964149141915903,
                          0.48281613284149427,
                          0.4970996716347528]]},
            {'activation': 'sigmoid',
             'bias': [-0.013322104580714146,
                      0.015015869751553303,
                      -0.0021401031153696426,
                      -0.0037001836920499843,
                      -0.001217542626073733],
             'name': 'output',
             'neurons': [],
             'num_neurons': 5,
             'weights': [[0.4694124345819833,
                          0.4958163052907736,
                          0.5118916887649905,
                          0.495272781395885,
                          0.492189747054384,
                          0.4948138827315414],
                         [0.5071718690869209,
                          0.51523875626213,
                          0.48493183795126066,
                          0.5013183715672777,
                          0.5033325641827575,
                          0.49070247607911477],
                         [0.5012371137481424,
                          0.5052021455446943,
                          0.5088802245651964,
                          0.4836731118055261,
                          0.5089092022027956,
                          0.5044262833703742],
                         [0.4954803664177388,
                          0.4835949210172638,
                          0.49546902108445007,
                          0.4998828472360829,
                          0.4926523699306067,
                          0.4870370491313953],
                         [0.515459783314554,
                          0.49630583425337366,
                          0.5089630584123401,
                          0.4978415805446797,
                          0.5127998093475074,
                          0.5078392339557641],
                         [0.4857774828005618,
                          0.5076056408903195,
                          0.50976382648668,
                          0.4693948103426332,
                          0.4865832744903545,
                          0.49400003892780564]]}]}
{'generation': 10,
 'inputs': [],
 'layers': [{'activation': 'sigmoid',
             'bias': [-0.007406718673865214,
                      0.017647134451109176,
                      -0.004887755955403999,
                      -0.016767385112721987,
                      0.008388891805504802,
                      0.020609578981378874,
                      -0.011593177885081355,
                      -0.01335869122248255],
             'name': 'input',
             'neurons': [<gameplay.Neuron object at 0x7fba4d554860>,
                         <gameplay.Neuron object at 0x7fba4d554828>,
                         <gameplay.Neuron object at 0x7fba4d554240>,
                         <gameplay.Neuron object at 0x7fba4d554b70>,
                         <gameplay.Neuron object at 0x7fba4d554c18>,
                         <gameplay.Neuron object at 0x7fba4d554ba8>,
                         <gameplay.Neuron object at 0x7fba4d554cc0>,
                         <gameplay.Neuron object at 0x7fba4d554cf8>],
             'num_neurons': 8,
             'weights': [[0.48285422879968887,
                          0.4853189425604753,
                          0.4914478344102124,
                          0.512470278204688,
                          0.4910094779582794,
                          0.4913389147645737,
                          0.5029882428260176,
                          0.4883356853722722,
                          0.48736463815549,
                          0.5139348974738396],
                         [0.4945098514776831,
                          0.5096539398192095,
                          0.5094553698733391,
                          0.4862672734484667,
                          0.5249298282212569,
                          0.49730062004194076,
                          0.4822814691665846,
                          0.47649349552995623,
                          0.49516050092568636,
                          0.5119202704325306],
                         [0.518022084227558,
                          0.4898080825059501,
                          0.4873196487403988,
                          0.49638918522395536,
                          0.4793322081801439,
                          0.498082136099939,
                          0.5040413534910814,
                          0.4979423738279781,
                          0.49836000090128574,
                          0.47892050181569734],
                         [0.5181501846546888,
                          0.4991978158148426,
                          0.5097152402351647,
                          0.5049124494163533,
                          0.4914355645036008,
                          0.5002005322270529,
                          0.4999883180220672,
                          0.4854503665860552,
                          0.5103294563112971,
                          0.5009089767274261],
                         [0.5059560852821644,
                          0.4945395673247989,
                          0.4958862791982167,
                          0.4996109911581611,
                          0.49436201892219794,
                          0.4936202472747098,
                          0.5041005622088833,
                          0.5036152465333187,
                          0.5088079598155398,
                          0.5176869633013104],
                         [0.48880927661962614,
                          0.5111641416808063,
                          0.4908411789293778,
                          0.4947019039726555,
                          0.4972560758415472,
                          0.49667655348863027,
                          0.5194166033460739,
                          0.4921372932737329,
                          0.5,
                          0.492208873936348],
                         [0.5,
                          0.5134780334793643,
                          0.5035588651150221,
                          0.5094319196219108,
                          0.490143528638554,
                          0.48978075968388557,
                          0.49514097929357787,
                          0.49786291593057747,
                          0.5004580339979949,
                          0.49718263733640533],
                         [0.489234870767659,
                          0.5256389179310984,
                          0.4733315759948811,
                          0.5041986659700641,
                          0.49785190314598005,
                          0.49658329096185677,
                          0.49607887944229123,
                          0.4973937628863974,
                          0.4908156795200672,
                          0.4891881006067406]]},
            {'activation': 'sigmoid',
             'bias': [-0.007988238939885303,
                      -0.0014471334049653683,
                      -0.02369282364591319,
                      0.007959871865368971,
                      0.00021421814239235698,
                      -0.012120754374919718],
             'name': 'hidden1',
             'neurons': [<gameplay.Neuron object at 0x7fba4d554d30>,
                         <gameplay.Neuron object at 0x7fba4d554d68>,
                         <gameplay.Neuron object at 0x7fba4d554dd8>,
                         <gameplay.Neuron object at 0x7fba4d554e10>,
                         <gameplay.Neuron object at 0x7fba4d554e48>,
                         <gameplay.Neuron object at 0x7fba4d554da0>],
             'num_neurons': 6,
             'weights': [[0.5087898880065657,
                          0.4838678445204521,
                          0.5070933194486178,
                          0.5099233384332459,
                          0.5124955210642,
                          0.5097375652247425,
                          0.5125005130992624,
                          0.509618688883876],
                         [0.4989788082422926,
                          0.5087652373541035,
                          0.4921103784507463,
                          0.5118064164958959,
                          0.485293372125874,
                          0.4960548128183403,
                          0.4788672276412559,
                          0.5011559389266594],
                         [0.50470628955049,
                          0.4937207876460075,
                          0.504695418712824,
                          0.502777200194683,
                          0.5148159886020428,
                          0.5078858381174083,
                          0.5153154513737233,
                          0.4944616944454072],
                         [0.5058911292742433,
                          0.4840514665702182,
                          0.5094319983480977,
                          0.4961877838416535,
                          0.502767402726662,
                          0.4976134361779025,
                          0.5009617349480209,
                          0.4993655492437229],
                         [0.4974562107189643,
                          0.5161923761170584,
                          0.4983434179606341,
                          0.4913295764073096,
                          0.4977331758112462,
                          0.5237448240671829,
                          0.49140935413816705,
                          0.5019800245635527],
                         [0.4950609565774409,
                          0.4905181093417647,
                          0.49281978995525066,
                          0.4978179451012345,
                          0.5043514113986207,
                          0.49970763175046756,
                          0.4825113121416507,
                          0.4791090500699084],
                         [0.509442958284796,
                          0.49620763958533926,
                          0.5093378286344364,
                          0.5172262325865985,
                          0.4865195530532485,
                          0.49149331433786464,
                          0.49447916429582706,
                          0.48948204228553216],
                         [0.5064789514773711,
                          0.4917800397468361,
                          0.5005961976795945,
                          0.5050213177908993,
                          0.4991626052453494,
                          0.4964149141915903,
                          0.48281613284149427,
                          0.4970996716347528]]},
            {'activation': 'sigmoid',
             'bias': [-0.013322104580714146,
                      0.015015869751553303,
                      -0.0021401031153696426,
                      -0.0037001836920499843,
                      -0.001217542626073733],
             'name': 'output',
             'neurons': [<gameplay.Neuron object at 0x7fba4d554e80>,
                         <gameplay.Neuron object at 0x7fba4d554ef0>,
                         <gameplay.Neuron object at 0x7fba4d554eb8>,
                         <gameplay.Neuron object at 0x7fba4d554f28>,
                         <gameplay.Neuron object at 0x7fba4d554be0>],
             'num_neurons': 5,
             'weights': [[0.4694124345819833,
                          0.4958163052907736,
                          0.5118916887649905,
                          0.495272781395885,
                          0.492189747054384,
                          0.4948138827315414],
                         [0.5071718690869209,
                          0.51523875626213,
                          0.48493183795126066,
                          0.5013183715672777,
                          0.5033325641827575,
                          0.49070247607911477],
                         [0.5012371137481424,
                          0.5052021455446943,
                          0.5088802245651964,
                          0.4836731118055261,
                          0.5089092022027956,
                          0.5044262833703742],
                         [0.4954803664177388,
                          0.4835949210172638,
                          0.49546902108445007,
                          0.4998828472360829,
                          0.4926523699306067,
                          0.4870370491313953],
                         [0.515459783314554,
                          0.49630583425337366,
                          0.5089630584123401,
                          0.4978415805446797,
                          0.5127998093475074,
                          0.5078392339557641],
                         [0.4857774828005618,
                          0.5076056408903195,
                          0.50976382648668,
                          0.4693948103426332,
                          0.4865832744903545,
                          0.49400003892780564]]}]}
load_tensorflow_graph: path = tensorflow/mario-model-simple-2019-07-17/frozen_inference_graph.pb
object_detection_graph = <tensorflow.python.framework.ops.Graph object at 0x7fba4d554f98>
Doing start sequence
Sleeping one second
sending start
sending empty
Found black world screen for the second time. exiting.



Seconds left: 353
Moves to the right: 130
frame count: 201
time start:  1568157976.6565387,   time_now: 1568157997.8398015
