pygame 1.9.6
Hello from the pygame community. https://www.pygame.org/contribute.html
Loading neural net from gameplay_neural_nets/35/5.nn
net = {'generation': 32,
 'inputs': [],
 'layers': [{'activation': 'sigmoid',
             'bias': [0.013286240755475331,
                      -0.01408404301686297,
                      0.026652392304535838,
                      -0.0010781216887651877,
                      0.015185485374939002,
                      -0.014525606259422792,
                      -0.00012595130449229858,
                      -0.01283130316578516],
             'name': 'input',
             'neurons': [],
             'num_neurons': 8,
             'weights': [[0.39744198678345594,
                          0.39915228431221184,
                          0.11123082505282403,
                          0.13041080028685575,
                          0.11060525551048858,
                          0.10176409823484872,
                          0.09927693251538688,
                          0.1101843625109507,
                          0.09058112721044344,
                          0.08902783464650264],
                         [0.3782120539962031,
                          0.41252058913681783,
                          0.11126014130653558,
                          0.10851290477774478,
                          0.09683999516451428,
                          0.07956625577109637,
                          0.0924313516224412,
                          0.0938680953945878,
                          0.10764735152001183,
                          0.09903176851961762],
                         [0.377329242412098,
                          0.41541084256983773,
                          0.10056302355931095,
                          0.08615219630980298,
                          0.07865820259851906,
                          0.10581995148662926,
                          0.08020195267443664,
                          0.0893290990366733,
                          0.103910022143476,
                          0.10374885522982455],
                         [0.3903513992131665,
                          0.380326521082941,
                          0.09213054042074044,
                          0.11663337998979233,
                          0.07516332581478538,
                          0.10924544506489063,
                          0.0991039721537552,
                          0.10099485479844296,
                          0.08107662228595156,
                          0.11138049500549342],
                         [0.38593766412229175,
                          0.4013214244535427,
                          0.08076354882126553,
                          0.1078400806246059,
                          0.08359613247699975,
                          0.09688914813025389,
                          0.10165938614929614,
                          0.13314326173062022,
                          0.0871205878029499,
                          0.097932241528712],
                         [0.3612429855567344,
                          0.39760321274872484,
                          0.07921418894183782,
                          0.094107319001367,
                          0.12054008499779947,
                          0.10517264918992898,
                          0.11494634476403928,
                          0.1065536698552624,
                          0.0993295786876636,
                          0.1207824193639299],
                         [0.3843771809859968,
                          0.38587344852909633,
                          0.11373982109123561,
                          0.07590696235467764,
                          0.10434167793446812,
                          0.0983795072978506,
                          0.09626529947977688,
                          0.11305334460726758,
                          0.10004288410985794,
                          0.060502544044331315],
                         [0.40457669310596933,
                          0.41209444165261117,
                          0.10253917075093871,
                          0.0704963309168618,
                          0.13285253624479917,
                          0.09188473034231569,
                          0.08946557061311265,
                          0.1406137516891056,
                          0.07844046542155761,
                          0.09801523254110076]]},
            {'activation': 'sigmoid',
             'bias': [-0.015439042317928475,
                      0.012554539602976644,
                      0.015279229488855859,
                      0.018109792559988493,
                      0.026107497731937213],
             'name': 'output',
             'neurons': [],
             'num_neurons': 5,
             'weights': [[0.08611673884853713,
                          0.0924356343273541,
                          0.09531115065017996,
                          0.08103251020757687,
                          0.11355318742194843,
                          0.10305649779706344,
                          0.11775721149959656,
                          0.09207646128942425],
                         [0.07197867765120992,
                          0.10762351539349552,
                          0.09386071331753246,
                          0.11962450868168062,
                          0.09551084214899386,
                          0.09866076477295929,
                          0.0775783369258331,
                          0.11896215370319888],
                         [0.11607265872286374,
                          0.09041943633956702,
                          0.11539023011291016,
                          0.10610955203913078,
                          0.09686526019437498,
                          0.10192375533268361,
                          0.09582694669568265,
                          0.1056657271794289],
                         [0.09952950469322945,
                          0.07116140734205778,
                          0.105262764586802,
                          0.09291954673016468,
                          0.10901801769684269,
                          0.11112692177310088,
                          0.10160356398452929,
                          0.09479378490203565],
                         [0.10560712802424177,
                          0.08826088385258653,
                          0.12935120848606724,
                          0.0723335466594549,
                          0.14430036847255295,
                          0.10186497657832047,
                          0.1006087082102936,
                          0.1003020240689332],
                         [0.09765290461804034,
                          0.0958746779909629,
                          0.12751369184267755,
                          0.09235505845470399,
                          0.08380237947544197,
                          0.12795348722239736,
                          0.09496826881047908,
                          0.08693485357292521]]}]}
{'generation': 32,
 'inputs': [],
 'layers': [{'activation': 'sigmoid',
             'bias': [0.013286240755475331,
                      -0.01408404301686297,
                      0.026652392304535838,
                      -0.0010781216887651877,
                      0.015185485374939002,
                      -0.014525606259422792,
                      -0.00012595130449229858,
                      -0.01283130316578516],
             'name': 'input',
             'neurons': [<gameplay.Neuron object at 0x7f22110a4898>,
                         <gameplay.Neuron object at 0x7f22110a4860>,
                         <gameplay.Neuron object at 0x7f22110a4278>,
                         <gameplay.Neuron object at 0x7f22110a4b38>,
                         <gameplay.Neuron object at 0x7f22110a4be0>,
                         <gameplay.Neuron object at 0x7f22110a4b70>,
                         <gameplay.Neuron object at 0x7f22110a4cc0>,
                         <gameplay.Neuron object at 0x7f22110a4c88>],
             'num_neurons': 8,
             'weights': [[0.39744198678345594,
                          0.39915228431221184,
                          0.11123082505282403,
                          0.13041080028685575,
                          0.11060525551048858,
                          0.10176409823484872,
                          0.09927693251538688,
                          0.1101843625109507,
                          0.09058112721044344,
                          0.08902783464650264],
                         [0.3782120539962031,
                          0.41252058913681783,
                          0.11126014130653558,
                          0.10851290477774478,
                          0.09683999516451428,
                          0.07956625577109637,
                          0.0924313516224412,
                          0.0938680953945878,
                          0.10764735152001183,
                          0.09903176851961762],
                         [0.377329242412098,
                          0.41541084256983773,
                          0.10056302355931095,
                          0.08615219630980298,
                          0.07865820259851906,
                          0.10581995148662926,
                          0.08020195267443664,
                          0.0893290990366733,
                          0.103910022143476,
                          0.10374885522982455],
                         [0.3903513992131665,
                          0.380326521082941,
                          0.09213054042074044,
                          0.11663337998979233,
                          0.07516332581478538,
                          0.10924544506489063,
                          0.0991039721537552,
                          0.10099485479844296,
                          0.08107662228595156,
                          0.11138049500549342],
                         [0.38593766412229175,
                          0.4013214244535427,
                          0.08076354882126553,
                          0.1078400806246059,
                          0.08359613247699975,
                          0.09688914813025389,
                          0.10165938614929614,
                          0.13314326173062022,
                          0.0871205878029499,
                          0.097932241528712],
                         [0.3612429855567344,
                          0.39760321274872484,
                          0.07921418894183782,
                          0.094107319001367,
                          0.12054008499779947,
                          0.10517264918992898,
                          0.11494634476403928,
                          0.1065536698552624,
                          0.0993295786876636,
                          0.1207824193639299],
                         [0.3843771809859968,
                          0.38587344852909633,
                          0.11373982109123561,
                          0.07590696235467764,
                          0.10434167793446812,
                          0.0983795072978506,
                          0.09626529947977688,
                          0.11305334460726758,
                          0.10004288410985794,
                          0.060502544044331315],
                         [0.40457669310596933,
                          0.41209444165261117,
                          0.10253917075093871,
                          0.0704963309168618,
                          0.13285253624479917,
                          0.09188473034231569,
                          0.08946557061311265,
                          0.1406137516891056,
                          0.07844046542155761,
                          0.09801523254110076]]},
            {'activation': 'sigmoid',
             'bias': [-0.015439042317928475,
                      0.012554539602976644,
                      0.015279229488855859,
                      0.018109792559988493,
                      0.026107497731937213],
             'name': 'output',
             'neurons': [<gameplay.Neuron object at 0x7f22110a4cf8>,
                         <gameplay.Neuron object at 0x7f22110a4d30>,
                         <gameplay.Neuron object at 0x7f22110a4da0>,
                         <gameplay.Neuron object at 0x7f22110a4d68>,
                         <gameplay.Neuron object at 0x7f22110a4dd8>],
             'num_neurons': 5,
             'weights': [[0.08611673884853713,
                          0.0924356343273541,
                          0.09531115065017996,
                          0.08103251020757687,
                          0.11355318742194843,
                          0.10305649779706344,
                          0.11775721149959656,
                          0.09207646128942425],
                         [0.07197867765120992,
                          0.10762351539349552,
                          0.09386071331753246,
                          0.11962450868168062,
                          0.09551084214899386,
                          0.09866076477295929,
                          0.0775783369258331,
                          0.11896215370319888],
                         [0.11607265872286374,
                          0.09041943633956702,
                          0.11539023011291016,
                          0.10610955203913078,
                          0.09686526019437498,
                          0.10192375533268361,
                          0.09582694669568265,
                          0.1056657271794289],
                         [0.09952950469322945,
                          0.07116140734205778,
                          0.105262764586802,
                          0.09291954673016468,
                          0.10901801769684269,
                          0.11112692177310088,
                          0.10160356398452929,
                          0.09479378490203565],
                         [0.10560712802424177,
                          0.08826088385258653,
                          0.12935120848606724,
                          0.0723335466594549,
                          0.14430036847255295,
                          0.10186497657832047,
                          0.1006087082102936,
                          0.1003020240689332],
                         [0.09765290461804034,
                          0.0958746779909629,
                          0.12751369184267755,
                          0.09235505845470399,
                          0.08380237947544197,
                          0.12795348722239736,
                          0.09496826881047908,
                          0.08693485357292521]]}]}
load_tensorflow_graph: path = tensorflow/mario-model-simple-2019-07-17/frozen_inference_graph.pb
object_detection_graph = <tensorflow.python.framework.ops.Graph object at 0x7f22110a4e80>
Doing start sequence
Sleeping one second
sending start
sending empty
Found black world screen for the second time. exiting.



Seconds left: 366
Moves to the right: 83
