pygame 1.9.6
Hello from the pygame community. https://www.pygame.org/contribute.html
Loading neural net from gameplay_neural_nets/50/10.nn
net = {'generation': 44,
 'inputs': [],
 'layers': [{'activation': 'sigmoid',
             'bias': [-0.024565492773589645,
                      0.04873142883433001,
                      -0.030635440356373562,
                      0.019287319360285382,
                      0.0022994911670161516,
                      0.016962047097549518,
                      -0.014906270396798642,
                      -0.01400136859449279],
             'name': 'input',
             'neurons': [],
             'num_neurons': 8,
             'weights': [[0.42903437339024525,
                          0.4865959698475989,
                          0.5082421933045381,
                          0.4711657619777854,
                          0.493499941624966,
                          0.46692405710332674,
                          0.517720967525541,
                          0.4909023691291382,
                          0.48360265590259655,
                          0.5442554109809007],
                         [0.4726141466531243,
                          0.49310349259086234,
                          0.5157109577377672,
                          0.5214905243531616,
                          0.5055128664759633,
                          0.4968223133107663,
                          0.4738681166373953,
                          0.46435562660586416,
                          0.518777456162811,
                          0.5210016505153573],
                         [0.5363070554931026,
                          0.5160831888329889,
                          0.4949313271727085,
                          0.4700415931450053,
                          0.45008105338046583,
                          0.485501093068082,
                          0.522618410913167,
                          0.4600205032264278,
                          0.47767913429794173,
                          0.5000925613328344],
                         [0.505071156162864,
                          0.48751698990148984,
                          0.4901317341254387,
                          0.426981238813185,
                          0.47059081486411286,
                          0.5221131860991324,
                          0.5035915783001959,
                          0.46502166370280074,
                          0.5048604337988877,
                          0.5056975758596904],
                         [0.4907590398470497,
                          0.5014181318079446,
                          0.5371761695917354,
                          0.4730538504401688,
                          0.5216936767795118,
                          0.5014399727338157,
                          0.5200943773153305,
                          0.509486505740301,
                          0.5072249519636223,
                          0.5426088571770857],
                         [0.4880016653992532,
                          0.5124986065631827,
                          0.47930027969025135,
                          0.5360348041463583,
                          0.4930690839718037,
                          0.4642066932933252,
                          0.5476496069337311,
                          0.4679597205940508,
                          0.5136138204938774,
                          0.44797881925092314],
                         [0.5304930685910346,
                          0.4978311854610818,
                          0.514673524512243,
                          0.4940145321663394,
                          0.5103562433482507,
                          0.489726560650574,
                          0.5282710859174803,
                          0.4879547294769429,
                          0.5279488343607709,
                          0.5041794135146878],
                         [0.4927198832972826,
                          0.5004756284613531,
                          0.4975035225226765,
                          0.5654527149232936,
                          0.49854573464614094,
                          0.4917719476161062,
                          0.4552976314629508,
                          0.4787081477630426,
                          0.48281430960598887,
                          0.47183963054100025]]},
            {'activation': 'sigmoid',
             'bias': [-0.02537983208938053,
                      -0.0003520453820505774,
                      -0.02581349961826545,
                      0.007949273721070526,
                      0.013561107280051011,
                      -0.0409737134455974],
             'name': 'hidden1',
             'neurons': [],
             'num_neurons': 6,
             'weights': [[0.48556462776459103,
                          0.4739804986668434,
                          0.5091746471337937,
                          0.48508177511271994,
                          0.5350509661643817,
                          0.47942150148241724,
                          0.528793727774076,
                          0.5089444112056184],
                         [0.5190169482889252,
                          0.538870096352323,
                          0.5113735116184983,
                          0.4793729707645741,
                          0.45988699634608626,
                          0.5211442459552813,
                          0.45930474062022886,
                          0.5064082523445094],
                         [0.5123885944847195,
                          0.5155204129693396,
                          0.5339789732408023,
                          0.5148422308578064,
                          0.5435983440903949,
                          0.5301224484704246,
                          0.5281714636952038,
                          0.5283160325423055],
                         [0.5098291474077568,
                          0.5018305058602619,
                          0.4840416082110749,
                          0.49094069344267244,
                          0.4804615439986139,
                          0.4991967682016346,
                          0.479836826879764,
                          0.5026848880246],
                         [0.4766517468392541,
                          0.560434014745425,
                          0.5073860346112674,
                          0.4912504949938239,
                          0.5082090388964787,
                          0.4916177114962463,
                          0.5193549516434637,
                          0.5144363035248561],
                         [0.4619640740399899,
                          0.5006543905958779,
                          0.5054725446083839,
                          0.4610281200623127,
                          0.47519396449993795,
                          0.49060583113306455,
                          0.4935508467639644,
                          0.5028502706355179],
                         [0.4838560850411347,
                          0.48667143057473444,
                          0.5341862155993167,
                          0.5169099858405356,
                          0.4838847461490183,
                          0.5069073872778879,
                          0.5344980538745452,
                          0.48817284171489367],
                         [0.5242071331095522,
                          0.5346189117087939,
                          0.493657741628892,
                          0.5090905166304803,
                          0.5237629534519779,
                          0.49742546334325566,
                          0.48682956157591345,
                          0.48690166488201425]]},
            {'activation': 'sigmoid',
             'bias': [-0.021690016989876937,
                      0.01506367647755199,
                      -0.007786031920155861,
                      0.022877020974160056,
                      0.027240018136274934],
             'name': 'output',
             'neurons': [],
             'num_neurons': 5,
             'weights': [[0.48841338707338017,
                          0.48944275536738807,
                          0.5093640214931362,
                          0.5038655968904361,
                          0.4918633576649887,
                          0.5051071612703187],
                         [0.5133100025924899,
                          0.5064832485551035,
                          0.45047027903890097,
                          0.4836504917872265,
                          0.5242639561404742,
                          0.4979947903753176],
                         [0.5123405405388617,
                          0.5035046003790541,
                          0.4622304069926844,
                          0.5043598155225912,
                          0.521037717222089,
                          0.4822338764237393],
                         [0.49780214272730605,
                          0.4838500161475654,
                          0.5050037749092491,
                          0.48974945286910004,
                          0.49685294409708103,
                          0.5068895734976705],
                         [0.5187745708866742,
                          0.5082773366141278,
                          0.4567960429099007,
                          0.5391259776556342,
                          0.5002601932890856,
                          0.48665003702649384],
                         [0.5064158317977263,
                          0.5060072482013994,
                          0.49956582048111564,
                          0.4773455292743224,
                          0.4937977726720177,
                          0.47472951906404165]]}]}
{'generation': 44,
 'inputs': [],
 'layers': [{'activation': 'sigmoid',
             'bias': [-0.024565492773589645,
                      0.04873142883433001,
                      -0.030635440356373562,
                      0.019287319360285382,
                      0.0022994911670161516,
                      0.016962047097549518,
                      -0.014906270396798642,
                      -0.01400136859449279],
             'name': 'input',
             'neurons': [<gameplay.Neuron object at 0x7f2bd492a828>,
                         <gameplay.Neuron object at 0x7f2bd492a7f0>,
                         <gameplay.Neuron object at 0x7f2bd492a208>,
                         <gameplay.Neuron object at 0x7f2bd492ab38>,
                         <gameplay.Neuron object at 0x7f2bd492abe0>,
                         <gameplay.Neuron object at 0x7f2bd492ab70>,
                         <gameplay.Neuron object at 0x7f2bd492ac88>,
                         <gameplay.Neuron object at 0x7f2bd492acc0>],
             'num_neurons': 8,
             'weights': [[0.42903437339024525,
                          0.4865959698475989,
                          0.5082421933045381,
                          0.4711657619777854,
                          0.493499941624966,
                          0.46692405710332674,
                          0.517720967525541,
                          0.4909023691291382,
                          0.48360265590259655,
                          0.5442554109809007],
                         [0.4726141466531243,
                          0.49310349259086234,
                          0.5157109577377672,
                          0.5214905243531616,
                          0.5055128664759633,
                          0.4968223133107663,
                          0.4738681166373953,
                          0.46435562660586416,
                          0.518777456162811,
                          0.5210016505153573],
                         [0.5363070554931026,
                          0.5160831888329889,
                          0.4949313271727085,
                          0.4700415931450053,
                          0.45008105338046583,
                          0.485501093068082,
                          0.522618410913167,
                          0.4600205032264278,
                          0.47767913429794173,
                          0.5000925613328344],
                         [0.505071156162864,
                          0.48751698990148984,
                          0.4901317341254387,
                          0.426981238813185,
                          0.47059081486411286,
                          0.5221131860991324,
                          0.5035915783001959,
                          0.46502166370280074,
                          0.5048604337988877,
                          0.5056975758596904],
                         [0.4907590398470497,
                          0.5014181318079446,
                          0.5371761695917354,
                          0.4730538504401688,
                          0.5216936767795118,
                          0.5014399727338157,
                          0.5200943773153305,
                          0.509486505740301,
                          0.5072249519636223,
                          0.5426088571770857],
                         [0.4880016653992532,
                          0.5124986065631827,
                          0.47930027969025135,
                          0.5360348041463583,
                          0.4930690839718037,
                          0.4642066932933252,
                          0.5476496069337311,
                          0.4679597205940508,
                          0.5136138204938774,
                          0.44797881925092314],
                         [0.5304930685910346,
                          0.4978311854610818,
                          0.514673524512243,
                          0.4940145321663394,
                          0.5103562433482507,
                          0.489726560650574,
                          0.5282710859174803,
                          0.4879547294769429,
                          0.5279488343607709,
                          0.5041794135146878],
                         [0.4927198832972826,
                          0.5004756284613531,
                          0.4975035225226765,
                          0.5654527149232936,
                          0.49854573464614094,
                          0.4917719476161062,
                          0.4552976314629508,
                          0.4787081477630426,
                          0.48281430960598887,
                          0.47183963054100025]]},
            {'activation': 'sigmoid',
             'bias': [-0.02537983208938053,
                      -0.0003520453820505774,
                      -0.02581349961826545,
                      0.007949273721070526,
                      0.013561107280051011,
                      -0.0409737134455974],
             'name': 'hidden1',
             'neurons': [<gameplay.Neuron object at 0x7f2bd492acf8>,
                         <gameplay.Neuron object at 0x7f2bd492ad30>,
                         <gameplay.Neuron object at 0x7f2bd492ada0>,
                         <gameplay.Neuron object at 0x7f2bd492ad68>,
                         <gameplay.Neuron object at 0x7f2bd492add8>,
                         <gameplay.Neuron object at 0x7f2bd492ae48>],
             'num_neurons': 6,
             'weights': [[0.48556462776459103,
                          0.4739804986668434,
                          0.5091746471337937,
                          0.48508177511271994,
                          0.5350509661643817,
                          0.47942150148241724,
                          0.528793727774076,
                          0.5089444112056184],
                         [0.5190169482889252,
                          0.538870096352323,
                          0.5113735116184983,
                          0.4793729707645741,
                          0.45988699634608626,
                          0.5211442459552813,
                          0.45930474062022886,
                          0.5064082523445094],
                         [0.5123885944847195,
                          0.5155204129693396,
                          0.5339789732408023,
                          0.5148422308578064,
                          0.5435983440903949,
                          0.5301224484704246,
                          0.5281714636952038,
                          0.5283160325423055],
                         [0.5098291474077568,
                          0.5018305058602619,
                          0.4840416082110749,
                          0.49094069344267244,
                          0.4804615439986139,
                          0.4991967682016346,
                          0.479836826879764,
                          0.5026848880246],
                         [0.4766517468392541,
                          0.560434014745425,
                          0.5073860346112674,
                          0.4912504949938239,
                          0.5082090388964787,
                          0.4916177114962463,
                          0.5193549516434637,
                          0.5144363035248561],
                         [0.4619640740399899,
                          0.5006543905958779,
                          0.5054725446083839,
                          0.4610281200623127,
                          0.47519396449993795,
                          0.49060583113306455,
                          0.4935508467639644,
                          0.5028502706355179],
                         [0.4838560850411347,
                          0.48667143057473444,
                          0.5341862155993167,
                          0.5169099858405356,
                          0.4838847461490183,
                          0.5069073872778879,
                          0.5344980538745452,
                          0.48817284171489367],
                         [0.5242071331095522,
                          0.5346189117087939,
                          0.493657741628892,
                          0.5090905166304803,
                          0.5237629534519779,
                          0.49742546334325566,
                          0.48682956157591345,
                          0.48690166488201425]]},
            {'activation': 'sigmoid',
             'bias': [-0.021690016989876937,
                      0.01506367647755199,
                      -0.007786031920155861,
                      0.022877020974160056,
                      0.027240018136274934],
             'name': 'output',
             'neurons': [<gameplay.Neuron object at 0x7f2bd492ae10>,
                         <gameplay.Neuron object at 0x7f2bd492ae80>,
                         <gameplay.Neuron object at 0x7f2bd492aba8>,
                         <gameplay.Neuron object at 0x7f2bd492ac18>,
                         <gameplay.Neuron object at 0x7f2bd492ac50>],
             'num_neurons': 5,
             'weights': [[0.48841338707338017,
                          0.48944275536738807,
                          0.5093640214931362,
                          0.5038655968904361,
                          0.4918633576649887,
                          0.5051071612703187],
                         [0.5133100025924899,
                          0.5064832485551035,
                          0.45047027903890097,
                          0.4836504917872265,
                          0.5242639561404742,
                          0.4979947903753176],
                         [0.5123405405388617,
                          0.5035046003790541,
                          0.4622304069926844,
                          0.5043598155225912,
                          0.521037717222089,
                          0.4822338764237393],
                         [0.49780214272730605,
                          0.4838500161475654,
                          0.5050037749092491,
                          0.48974945286910004,
                          0.49685294409708103,
                          0.5068895734976705],
                         [0.5187745708866742,
                          0.5082773366141278,
                          0.4567960429099007,
                          0.5391259776556342,
                          0.5002601932890856,
                          0.48665003702649384],
                         [0.5064158317977263,
                          0.5060072482013994,
                          0.49956582048111564,
                          0.4773455292743224,
                          0.4937977726720177,
                          0.47472951906404165]]}]}
load_tensorflow_graph: path = tensorflow/mario-model-simple-2019-07-17/frozen_inference_graph.pb
object_detection_graph = <tensorflow.python.framework.ops.Graph object at 0x7f2bd492af98>
Doing start sequence
Sleeping one second
sending start
sending empty
Found black world screen for the second time. exiting.



Seconds left: 364
Moves to the right: 81
frame count: 158
time start:  1568169169.0041077,   time_now: 1568169185.859411
