pygame 1.9.6
Hello from the pygame community. https://www.pygame.org/contribute.html
Loading neural net from gameplay_neural_nets/52/1.nn
net = {'generation': 45,
 'inputs': [],
 'layers': [{'activation': 'sigmoid',
             'bias': [-0.02199924666004826,
                      0.03761942177375142,
                      -0.03417175358791942,
                      0.016369928668405045,
                      -0.006365034410192448,
                      0.016962047097549518,
                      -0.014906270396798642,
                      -0.019931283433810915],
             'name': 'input',
             'neurons': [],
             'num_neurons': 8,
             'weights': [[0.4364338480095806,
                          0.49067640558414416,
                          0.5058376372395436,
                          0.46209586705707706,
                          0.49819974699289876,
                          0.46692405710332674,
                          0.5259477342110679,
                          0.4922673140597912,
                          0.48539942013276494,
                          0.5287565444090281],
                         [0.47192455102702213,
                          0.49310349259086234,
                          0.5315843680593613,
                          0.524602913679515,
                          0.5055128664759633,
                          0.4938907032329041,
                          0.4738681166373953,
                          0.4669457459757446,
                          0.5281190431822547,
                          0.5213324617130373],
                         [0.5434457154609363,
                          0.5119972491970085,
                          0.48629325124356626,
                          0.4700415931450053,
                          0.4592034943447428,
                          0.49285459789586156,
                          0.522618410913167,
                          0.4693544725466758,
                          0.4700136425802678,
                          0.4999815084047657],
                         [0.5047134595427811,
                          0.4785785148915763,
                          0.4894765431104344,
                          0.426981238813185,
                          0.47059081486411286,
                          0.5317993055350901,
                          0.5068757182450926,
                          0.4742022120749751,
                          0.5127885602158024,
                          0.5056975758596904],
                         [0.497691435345332,
                          0.4966506125288961,
                          0.5296863070092944,
                          0.47798155861304303,
                          0.5107647148215732,
                          0.5014399727338157,
                          0.5160702257205132,
                          0.5011060680036271,
                          0.495417082023194,
                          0.5426088571770857],
                         [0.492835077177279,
                          0.5124986065631827,
                          0.4841232365099727,
                          0.5446291238170701,
                          0.4990475766204746,
                          0.4714379264098361,
                          0.5476496069337311,
                          0.4679597205940508,
                          0.5087719614187042,
                          0.45070375839917415],
                         [0.5304930685910346,
                          0.4978311854610818,
                          0.5096580568624528,
                          0.49133668516542744,
                          0.5103562433482507,
                          0.49006288892588434,
                          0.5260444773813969,
                          0.49531845747908315,
                          0.5182595195689287,
                          0.49880435884066626],
                         [0.5007069136637113,
                          0.5004756284613531,
                          0.48153882177956914,
                          0.5572654635396042,
                          0.49854573464614094,
                          0.4892848871133102,
                          0.45286869961742615,
                          0.4787081477630426,
                          0.4812865879111777,
                          0.47183963054100025]]},
            {'activation': 'sigmoid',
             'bias': [-0.028138428940362906,
                      -0.008000845600972467,
                      -0.028326809965693856,
                      -0.0015066557785058058,
                      0.01271028508282178,
                      -0.0409737134455974],
             'name': 'hidden1',
             'neurons': [],
             'num_neurons': 6,
             'weights': [[0.4914879946049747,
                          0.4814288611337479,
                          0.5179295771379083,
                          0.4926421777713775,
                          0.544578160715007,
                          0.4832518876750681,
                          0.5304019171467584,
                          0.5002371281375428],
                         [0.5247150961398026,
                          0.538870096352323,
                          0.5048823158518679,
                          0.4736517038193762,
                          0.46874288225016303,
                          0.5211442459552813,
                          0.4663839980960157,
                          0.5064082523445094],
                         [0.5123885944847195,
                          0.5132444971008129,
                          0.5258154865237297,
                          0.5185028035347276,
                          0.5372946961404255,
                          0.5315574160452916,
                          0.5281714636952038,
                          0.5283160325423055],
                         [0.5098291474077568,
                          0.49451416381251617,
                          0.4805624575759456,
                          0.4901567062080074,
                          0.466867516728251,
                          0.4991967682016346,
                          0.4898400722289232,
                          0.509478981190574],
                         [0.4664866739901402,
                          0.5489077243840267,
                          0.5074934893339825,
                          0.48569742079542444,
                          0.5046824858038872,
                          0.48910858480729297,
                          0.5194828500162784,
                          0.5204310946914801],
                         [0.45978106258453066,
                          0.4963249664720442,
                          0.4947077877432845,
                          0.4633088081484905,
                          0.4662351592462068,
                          0.48599572010037867,
                          0.4864418732657217,
                          0.5028502706355179],
                         [0.4766843375963927,
                          0.4851118241973752,
                          0.5349267508318157,
                          0.5184466258082181,
                          0.4838847461490183,
                          0.504817526946906,
                          0.5344980538745452,
                          0.48817284171489367],
                         [0.5200812831086331,
                          0.5385741950618843,
                          0.4969567101956826,
                          0.5036999188793099,
                          0.5350269986275775,
                          0.49742546334325566,
                          0.4882112215249,
                          0.48198170333847495]]},
            {'activation': 'sigmoid',
             'bias': [-0.017645486673091383,
                      0.017573867950443238,
                      -0.011470436379886064,
                      0.022877020974160056,
                      0.019873707545220654],
             'name': 'output',
             'neurons': [],
             'num_neurons': 5,
             'weights': [[0.48338872963578067,
                          0.48944275536738807,
                          0.5223491471300388,
                          0.501168549529551,
                          0.503902684697091,
                          0.5051071612703187],
                         [0.5129474008635706,
                          0.508950806891053,
                          0.45247816981929584,
                          0.4900768193540586,
                          0.5287942443880775,
                          0.4919663210458625],
                         [0.5090966577556159,
                          0.511114174080192,
                          0.46748683773474026,
                          0.5032728890156304,
                          0.5364880454090675,
                          0.4822338764237393],
                         [0.5001100850775048,
                          0.4761157756413906,
                          0.5050037749092491,
                          0.47526081212362303,
                          0.49685294409708103,
                          0.5023739545572316],
                         [0.5187745708866742,
                          0.5112418292816102,
                          0.45343267103060975,
                          0.5432252552139746,
                          0.501241367540486,
                          0.4884989141904639],
                         [0.49963096661267875,
                          0.4999581529443497,
                          0.4999108657282417,
                          0.48318987472527436,
                          0.4937977726720177,
                          0.46268290598172507]]}]}
{'generation': 45,
 'inputs': [],
 'layers': [{'activation': 'sigmoid',
             'bias': [-0.02199924666004826,
                      0.03761942177375142,
                      -0.03417175358791942,
                      0.016369928668405045,
                      -0.006365034410192448,
                      0.016962047097549518,
                      -0.014906270396798642,
                      -0.019931283433810915],
             'name': 'input',
             'neurons': [<gameplay.Neuron object at 0x7fc14222f828>,
                         <gameplay.Neuron object at 0x7fc14222f7f0>,
                         <gameplay.Neuron object at 0x7fc14222f208>,
                         <gameplay.Neuron object at 0x7fc14222fb38>,
                         <gameplay.Neuron object at 0x7fc14222fbe0>,
                         <gameplay.Neuron object at 0x7fc14222fb70>,
                         <gameplay.Neuron object at 0x7fc14222fc88>,
                         <gameplay.Neuron object at 0x7fc14222fcc0>],
             'num_neurons': 8,
             'weights': [[0.4364338480095806,
                          0.49067640558414416,
                          0.5058376372395436,
                          0.46209586705707706,
                          0.49819974699289876,
                          0.46692405710332674,
                          0.5259477342110679,
                          0.4922673140597912,
                          0.48539942013276494,
                          0.5287565444090281],
                         [0.47192455102702213,
                          0.49310349259086234,
                          0.5315843680593613,
                          0.524602913679515,
                          0.5055128664759633,
                          0.4938907032329041,
                          0.4738681166373953,
                          0.4669457459757446,
                          0.5281190431822547,
                          0.5213324617130373],
                         [0.5434457154609363,
                          0.5119972491970085,
                          0.48629325124356626,
                          0.4700415931450053,
                          0.4592034943447428,
                          0.49285459789586156,
                          0.522618410913167,
                          0.4693544725466758,
                          0.4700136425802678,
                          0.4999815084047657],
                         [0.5047134595427811,
                          0.4785785148915763,
                          0.4894765431104344,
                          0.426981238813185,
                          0.47059081486411286,
                          0.5317993055350901,
                          0.5068757182450926,
                          0.4742022120749751,
                          0.5127885602158024,
                          0.5056975758596904],
                         [0.497691435345332,
                          0.4966506125288961,
                          0.5296863070092944,
                          0.47798155861304303,
                          0.5107647148215732,
                          0.5014399727338157,
                          0.5160702257205132,
                          0.5011060680036271,
                          0.495417082023194,
                          0.5426088571770857],
                         [0.492835077177279,
                          0.5124986065631827,
                          0.4841232365099727,
                          0.5446291238170701,
                          0.4990475766204746,
                          0.4714379264098361,
                          0.5476496069337311,
                          0.4679597205940508,
                          0.5087719614187042,
                          0.45070375839917415],
                         [0.5304930685910346,
                          0.4978311854610818,
                          0.5096580568624528,
                          0.49133668516542744,
                          0.5103562433482507,
                          0.49006288892588434,
                          0.5260444773813969,
                          0.49531845747908315,
                          0.5182595195689287,
                          0.49880435884066626],
                         [0.5007069136637113,
                          0.5004756284613531,
                          0.48153882177956914,
                          0.5572654635396042,
                          0.49854573464614094,
                          0.4892848871133102,
                          0.45286869961742615,
                          0.4787081477630426,
                          0.4812865879111777,
                          0.47183963054100025]]},
            {'activation': 'sigmoid',
             'bias': [-0.028138428940362906,
                      -0.008000845600972467,
                      -0.028326809965693856,
                      -0.0015066557785058058,
                      0.01271028508282178,
                      -0.0409737134455974],
             'name': 'hidden1',
             'neurons': [<gameplay.Neuron object at 0x7fc14222fcf8>,
                         <gameplay.Neuron object at 0x7fc14222fd30>,
                         <gameplay.Neuron object at 0x7fc14222fda0>,
                         <gameplay.Neuron object at 0x7fc14222fd68>,
                         <gameplay.Neuron object at 0x7fc14222fdd8>,
                         <gameplay.Neuron object at 0x7fc14222fe48>],
             'num_neurons': 6,
             'weights': [[0.4914879946049747,
                          0.4814288611337479,
                          0.5179295771379083,
                          0.4926421777713775,
                          0.544578160715007,
                          0.4832518876750681,
                          0.5304019171467584,
                          0.5002371281375428],
                         [0.5247150961398026,
                          0.538870096352323,
                          0.5048823158518679,
                          0.4736517038193762,
                          0.46874288225016303,
                          0.5211442459552813,
                          0.4663839980960157,
                          0.5064082523445094],
                         [0.5123885944847195,
                          0.5132444971008129,
                          0.5258154865237297,
                          0.5185028035347276,
                          0.5372946961404255,
                          0.5315574160452916,
                          0.5281714636952038,
                          0.5283160325423055],
                         [0.5098291474077568,
                          0.49451416381251617,
                          0.4805624575759456,
                          0.4901567062080074,
                          0.466867516728251,
                          0.4991967682016346,
                          0.4898400722289232,
                          0.509478981190574],
                         [0.4664866739901402,
                          0.5489077243840267,
                          0.5074934893339825,
                          0.48569742079542444,
                          0.5046824858038872,
                          0.48910858480729297,
                          0.5194828500162784,
                          0.5204310946914801],
                         [0.45978106258453066,
                          0.4963249664720442,
                          0.4947077877432845,
                          0.4633088081484905,
                          0.4662351592462068,
                          0.48599572010037867,
                          0.4864418732657217,
                          0.5028502706355179],
                         [0.4766843375963927,
                          0.4851118241973752,
                          0.5349267508318157,
                          0.5184466258082181,
                          0.4838847461490183,
                          0.504817526946906,
                          0.5344980538745452,
                          0.48817284171489367],
                         [0.5200812831086331,
                          0.5385741950618843,
                          0.4969567101956826,
                          0.5036999188793099,
                          0.5350269986275775,
                          0.49742546334325566,
                          0.4882112215249,
                          0.48198170333847495]]},
            {'activation': 'sigmoid',
             'bias': [-0.017645486673091383,
                      0.017573867950443238,
                      -0.011470436379886064,
                      0.022877020974160056,
                      0.019873707545220654],
             'name': 'output',
             'neurons': [<gameplay.Neuron object at 0x7fc14222fe10>,
                         <gameplay.Neuron object at 0x7fc14222fe80>,
                         <gameplay.Neuron object at 0x7fc14222fba8>,
                         <gameplay.Neuron object at 0x7fc14222fc18>,
                         <gameplay.Neuron object at 0x7fc14222fc50>],
             'num_neurons': 5,
             'weights': [[0.48338872963578067,
                          0.48944275536738807,
                          0.5223491471300388,
                          0.501168549529551,
                          0.503902684697091,
                          0.5051071612703187],
                         [0.5129474008635706,
                          0.508950806891053,
                          0.45247816981929584,
                          0.4900768193540586,
                          0.5287942443880775,
                          0.4919663210458625],
                         [0.5090966577556159,
                          0.511114174080192,
                          0.46748683773474026,
                          0.5032728890156304,
                          0.5364880454090675,
                          0.4822338764237393],
                         [0.5001100850775048,
                          0.4761157756413906,
                          0.5050037749092491,
                          0.47526081212362303,
                          0.49685294409708103,
                          0.5023739545572316],
                         [0.5187745708866742,
                          0.5112418292816102,
                          0.45343267103060975,
                          0.5432252552139746,
                          0.501241367540486,
                          0.4884989141904639],
                         [0.49963096661267875,
                          0.4999581529443497,
                          0.4999108657282417,
                          0.48318987472527436,
                          0.4937977726720177,
                          0.46268290598172507]]}]}
load_tensorflow_graph: path = tensorflow/mario-model-simple-2019-07-17/frozen_inference_graph.pb
object_detection_graph = <tensorflow.python.framework.ops.Graph object at 0x7fc14222ff98>
Doing start sequence
Sleeping one second
sending start
sending empty
Found black world screen for the second time. exiting.



Seconds left: 333
Moves to the right: 177
frame count: 262
time start:  1568169711.9520566,   time_now: 1568169739.2832277
