pygame 1.9.6
Hello from the pygame community. https://www.pygame.org/contribute.html
Loading neural net from gameplay_neural_nets/52/4.nn
net = {'generation': 45,
 'inputs': [],
 'layers': [{'activation': 'sigmoid',
             'bias': [-0.018235702169667724,
                      0.041262136138528305,
                      -0.04356924891979412,
                      0.016369928668405045,
                      0.0022994911670161516,
                      0.0194913175092119,
                      -0.023941807917076834,
                      -0.016189175503370977],
             'name': 'input',
             'neurons': [],
             'num_neurons': 8,
             'weights': [[0.42903437339024525,
                          0.5003005500506583,
                          0.5029658060397438,
                          0.4737554547912732,
                          0.4963580164154374,
                          0.47644055893456544,
                          0.5259477342110679,
                          0.48169165600453145,
                          0.47586072292383313,
                          0.5230502620249547],
                         [0.4771135727263727,
                          0.5008897873172597,
                          0.5254957284520491,
                          0.524602913679515,
                          0.5055128664759633,
                          0.5037067091388362,
                          0.48230586196265507,
                          0.4669457459757446,
                          0.5119359648286359,
                          0.5210016505153573],
                         [0.5484368415887312,
                          0.5212678098938026,
                          0.49087388743703025,
                          0.4768341001024248,
                          0.4592034943447428,
                          0.49285459789586156,
                          0.522618410913167,
                          0.4693544725466758,
                          0.47594316773431394,
                          0.5036327991505964],
                         [0.5120123280412203,
                          0.4785785148915763,
                          0.4894765431104344,
                          0.4299926937058287,
                          0.47059081486411286,
                          0.5230042148843108,
                          0.5076587729111947,
                          0.46502166370280074,
                          0.5127885602158024,
                          0.5088583912794005],
                         [0.48941711964744805,
                          0.5036379781960705,
                          0.5296863070092944,
                          0.4834631604367971,
                          0.5166568229460402,
                          0.5014399727338157,
                          0.5138707768919112,
                          0.4970837204475353,
                          0.5100314016274691,
                          0.5376976250121918],
                         [0.49047878470978307,
                          0.5124986065631827,
                          0.47878403183564244,
                          0.5446291238170701,
                          0.507492717916642,
                          0.4669561279876536,
                          0.545854819926313,
                          0.4679597205940508,
                          0.5110216522979129,
                          0.44747014297594245],
                         [0.5304930685910346,
                          0.4978311854610818,
                          0.5066784653782462,
                          0.4970210249580033,
                          0.5103562433482507,
                          0.48278691752504244,
                          0.5287953780730935,
                          0.49531845747908315,
                          0.5182595195689287,
                          0.5050582832468323],
                         [0.5007069136637113,
                          0.5092625032050533,
                          0.4863544787645004,
                          0.5663505503728478,
                          0.49854573464614094,
                          0.4879981347965328,
                          0.45286869961742615,
                          0.4787081477630426,
                          0.4812865879111777,
                          0.47183963054100025]]},
            {'activation': 'sigmoid',
             'bias': [-0.030637270943440785,
                      -0.008000845600972467,
                      -0.02581349961826545,
                      0.0032312117860201755,
                      -0.005058997742150562,
                      -0.0409737134455974],
             'name': 'hidden1',
             'neurons': [],
             'num_neurons': 6,
             'weights': [[0.4914879946049747,
                          0.4858133402201454,
                          0.5161360193098344,
                          0.48367142784994527,
                          0.5350509661643817,
                          0.4832518876750681,
                          0.5304019171467584,
                          0.5089444112056184],
                         [0.5267172341587574,
                          0.538870096352323,
                          0.5173405250503645,
                          0.49039599247250937,
                          0.46434243562319816,
                          0.5245410260906673,
                          0.4668632698134014,
                          0.5064082523445094],
                         [0.5123885944847195,
                          0.5132444971008129,
                          0.5397578126122681,
                          0.5185028035347276,
                          0.5463153178740272,
                          0.5315574160452916,
                          0.5345431623938616,
                          0.5283160325423055],
                         [0.5091717609575138,
                          0.49451416381251617,
                          0.4840416082110749,
                          0.48873217619509474,
                          0.48085374234982053,
                          0.49264235482615015,
                          0.4898400722289232,
                          0.509478981190574],
                         [0.4664866739901402,
                          0.5544141523376704,
                          0.5001077813948461,
                          0.49194104303619096,
                          0.504887012265213,
                          0.4802221586056358,
                          0.525201338857201,
                          0.5204310946914801],
                         [0.4525468844122383,
                          0.5017352412644663,
                          0.49642720285778574,
                          0.4633088081484905,
                          0.46732694635032623,
                          0.5046694330984309,
                          0.4864418732657217,
                          0.5028502706355179],
                         [0.4838560850411347,
                          0.48724362237500163,
                          0.5349267508318157,
                          0.5264395939619962,
                          0.4838847461490183,
                          0.504817526946906,
                          0.5344980538745452,
                          0.48817284171489367],
                         [0.5200812831086331,
                          0.5346189117087939,
                          0.493657741628892,
                          0.5095739271946133,
                          0.530956755055032,
                          0.49318001250211957,
                          0.4988643629630122,
                          0.49076084171479745]]},
            {'activation': 'sigmoid',
             'bias': [-0.01586055848462497,
                      0.012487121975361306,
                      -0.011470436379886064,
                      0.022877020974160056,
                      0.019873707545220654],
             'name': 'output',
             'neurons': [],
             'num_neurons': 5,
             'weights': [[0.47942729294741276,
                          0.48944275536738807,
                          0.5130270976092665,
                          0.5038655968904361,
                          0.5138691421024388,
                          0.5051071612703187],
                         [0.5133100025924899,
                          0.508950806891053,
                          0.44574044230376725,
                          0.49886739468759683,
                          0.5287942443880775,
                          0.4979947903753176],
                         [0.5123405405388617,
                          0.511114174080192,
                          0.4679312604289625,
                          0.5032728890156304,
                          0.5298518470163119,
                          0.4807897654535347],
                         [0.5081888748872713,
                          0.4850466299409937,
                          0.5050037749092491,
                          0.47721127766237526,
                          0.4925477094808502,
                          0.5019084265472648],
                         [0.5187745708866742,
                          0.5060027469742893,
                          0.4632379484996051,
                          0.5432252552139746,
                          0.502812545307477,
                          0.48113293317774075],
                         [0.5062386969819124,
                          0.5159274974658891,
                          0.4999108657282417,
                          0.48318987472527436,
                          0.4937977726720177,
                          0.4669943005860735]]}]}
{'generation': 45,
 'inputs': [],
 'layers': [{'activation': 'sigmoid',
             'bias': [-0.018235702169667724,
                      0.041262136138528305,
                      -0.04356924891979412,
                      0.016369928668405045,
                      0.0022994911670161516,
                      0.0194913175092119,
                      -0.023941807917076834,
                      -0.016189175503370977],
             'name': 'input',
             'neurons': [<gameplay.Neuron object at 0x7fc0660ff7b8>,
                         <gameplay.Neuron object at 0x7fc0660ff780>,
                         <gameplay.Neuron object at 0x7fc0660ff198>,
                         <gameplay.Neuron object at 0x7fc0660ffac8>,
                         <gameplay.Neuron object at 0x7fc0660ffb70>,
                         <gameplay.Neuron object at 0x7fc0660ffb00>,
                         <gameplay.Neuron object at 0x7fc0660ffc18>,
                         <gameplay.Neuron object at 0x7fc0660ffc50>],
             'num_neurons': 8,
             'weights': [[0.42903437339024525,
                          0.5003005500506583,
                          0.5029658060397438,
                          0.4737554547912732,
                          0.4963580164154374,
                          0.47644055893456544,
                          0.5259477342110679,
                          0.48169165600453145,
                          0.47586072292383313,
                          0.5230502620249547],
                         [0.4771135727263727,
                          0.5008897873172597,
                          0.5254957284520491,
                          0.524602913679515,
                          0.5055128664759633,
                          0.5037067091388362,
                          0.48230586196265507,
                          0.4669457459757446,
                          0.5119359648286359,
                          0.5210016505153573],
                         [0.5484368415887312,
                          0.5212678098938026,
                          0.49087388743703025,
                          0.4768341001024248,
                          0.4592034943447428,
                          0.49285459789586156,
                          0.522618410913167,
                          0.4693544725466758,
                          0.47594316773431394,
                          0.5036327991505964],
                         [0.5120123280412203,
                          0.4785785148915763,
                          0.4894765431104344,
                          0.4299926937058287,
                          0.47059081486411286,
                          0.5230042148843108,
                          0.5076587729111947,
                          0.46502166370280074,
                          0.5127885602158024,
                          0.5088583912794005],
                         [0.48941711964744805,
                          0.5036379781960705,
                          0.5296863070092944,
                          0.4834631604367971,
                          0.5166568229460402,
                          0.5014399727338157,
                          0.5138707768919112,
                          0.4970837204475353,
                          0.5100314016274691,
                          0.5376976250121918],
                         [0.49047878470978307,
                          0.5124986065631827,
                          0.47878403183564244,
                          0.5446291238170701,
                          0.507492717916642,
                          0.4669561279876536,
                          0.545854819926313,
                          0.4679597205940508,
                          0.5110216522979129,
                          0.44747014297594245],
                         [0.5304930685910346,
                          0.4978311854610818,
                          0.5066784653782462,
                          0.4970210249580033,
                          0.5103562433482507,
                          0.48278691752504244,
                          0.5287953780730935,
                          0.49531845747908315,
                          0.5182595195689287,
                          0.5050582832468323],
                         [0.5007069136637113,
                          0.5092625032050533,
                          0.4863544787645004,
                          0.5663505503728478,
                          0.49854573464614094,
                          0.4879981347965328,
                          0.45286869961742615,
                          0.4787081477630426,
                          0.4812865879111777,
                          0.47183963054100025]]},
            {'activation': 'sigmoid',
             'bias': [-0.030637270943440785,
                      -0.008000845600972467,
                      -0.02581349961826545,
                      0.0032312117860201755,
                      -0.005058997742150562,
                      -0.0409737134455974],
             'name': 'hidden1',
             'neurons': [<gameplay.Neuron object at 0x7fc0660ffc88>,
                         <gameplay.Neuron object at 0x7fc0660ffcc0>,
                         <gameplay.Neuron object at 0x7fc0660ffd30>,
                         <gameplay.Neuron object at 0x7fc0660ffcf8>,
                         <gameplay.Neuron object at 0x7fc0660ffd68>,
                         <gameplay.Neuron object at 0x7fc0660ffdd8>],
             'num_neurons': 6,
             'weights': [[0.4914879946049747,
                          0.4858133402201454,
                          0.5161360193098344,
                          0.48367142784994527,
                          0.5350509661643817,
                          0.4832518876750681,
                          0.5304019171467584,
                          0.5089444112056184],
                         [0.5267172341587574,
                          0.538870096352323,
                          0.5173405250503645,
                          0.49039599247250937,
                          0.46434243562319816,
                          0.5245410260906673,
                          0.4668632698134014,
                          0.5064082523445094],
                         [0.5123885944847195,
                          0.5132444971008129,
                          0.5397578126122681,
                          0.5185028035347276,
                          0.5463153178740272,
                          0.5315574160452916,
                          0.5345431623938616,
                          0.5283160325423055],
                         [0.5091717609575138,
                          0.49451416381251617,
                          0.4840416082110749,
                          0.48873217619509474,
                          0.48085374234982053,
                          0.49264235482615015,
                          0.4898400722289232,
                          0.509478981190574],
                         [0.4664866739901402,
                          0.5544141523376704,
                          0.5001077813948461,
                          0.49194104303619096,
                          0.504887012265213,
                          0.4802221586056358,
                          0.525201338857201,
                          0.5204310946914801],
                         [0.4525468844122383,
                          0.5017352412644663,
                          0.49642720285778574,
                          0.4633088081484905,
                          0.46732694635032623,
                          0.5046694330984309,
                          0.4864418732657217,
                          0.5028502706355179],
                         [0.4838560850411347,
                          0.48724362237500163,
                          0.5349267508318157,
                          0.5264395939619962,
                          0.4838847461490183,
                          0.504817526946906,
                          0.5344980538745452,
                          0.48817284171489367],
                         [0.5200812831086331,
                          0.5346189117087939,
                          0.493657741628892,
                          0.5095739271946133,
                          0.530956755055032,
                          0.49318001250211957,
                          0.4988643629630122,
                          0.49076084171479745]]},
            {'activation': 'sigmoid',
             'bias': [-0.01586055848462497,
                      0.012487121975361306,
                      -0.011470436379886064,
                      0.022877020974160056,
                      0.019873707545220654],
             'name': 'output',
             'neurons': [<gameplay.Neuron object at 0x7fc0660ffda0>,
                         <gameplay.Neuron object at 0x7fc0660ffe10>,
                         <gameplay.Neuron object at 0x7fc0660ffb38>,
                         <gameplay.Neuron object at 0x7fc0660ffba8>,
                         <gameplay.Neuron object at 0x7fc0660ffbe0>],
             'num_neurons': 5,
             'weights': [[0.47942729294741276,
                          0.48944275536738807,
                          0.5130270976092665,
                          0.5038655968904361,
                          0.5138691421024388,
                          0.5051071612703187],
                         [0.5133100025924899,
                          0.508950806891053,
                          0.44574044230376725,
                          0.49886739468759683,
                          0.5287942443880775,
                          0.4979947903753176],
                         [0.5123405405388617,
                          0.511114174080192,
                          0.4679312604289625,
                          0.5032728890156304,
                          0.5298518470163119,
                          0.4807897654535347],
                         [0.5081888748872713,
                          0.4850466299409937,
                          0.5050037749092491,
                          0.47721127766237526,
                          0.4925477094808502,
                          0.5019084265472648],
                         [0.5187745708866742,
                          0.5060027469742893,
                          0.4632379484996051,
                          0.5432252552139746,
                          0.502812545307477,
                          0.48113293317774075],
                         [0.5062386969819124,
                          0.5159274974658891,
                          0.4999108657282417,
                          0.48318987472527436,
                          0.4937977726720177,
                          0.4669943005860735]]}]}
load_tensorflow_graph: path = tensorflow/mario-model-simple-2019-07-17/frozen_inference_graph.pb
object_detection_graph = <tensorflow.python.framework.ops.Graph object at 0x7fc0660fff28>
Doing start sequence
Sleeping one second
sending start
sending empty
Found black world screen for the second time. exiting.



Seconds left: 363
Moves to the right: 97
frame count: 165
time start:  1568169795.3426087,   time_now: 1568169812.9568377
