pygame 1.9.6
Hello from the pygame community. https://www.pygame.org/contribute.html
Loading neural net from gameplay_neural_nets/1/8.nn
net = {'generation': 2,
 'inputs': [],
 'layers': [{'activation': 'sigmoid',
             'bias': [0,
                      0,
                      0.006700449456689539,
                      -0.007350401004125948,
                      0,
                      0.006319019880635749,
                      0,
                      0],
             'name': 'input',
             'neurons': [],
             'num_neurons': 8,
             'weights': [[0.5054980887474673,
                          0.5,
                          0.49591150165972814,
                          0.5,
                          0.5,
                          0.5063902058604786,
                          0.5,
                          0.5,
                          0.5,
                          0.5],
                         [0.5,
                          0.5,
                          0.5,
                          0.4912411488470439,
                          0.5061560118999333,
                          0.5,
                          0.49842969345742827,
                          0.5,
                          0.5,
                          0.5075316535074775],
                         [0.5,
                          0.5,
                          0.5,
                          0.5,
                          0.5,
                          0.49298223312234724,
                          0.5,
                          0.4969780969237297,
                          0.5043362953898114,
                          0.5089710968922329],
                         [0.5,
                          0.5,
                          0.5086188875596991,
                          0.4901128952650041,
                          0.5,
                          0.5,
                          0.4978252672646236,
                          0.5,
                          0.5066727870640837,
                          0.5059907899666665],
                         [0.49905757454657246,
                          0.5,
                          0.5,
                          0.5,
                          0.5,
                          0.5,
                          0.5,
                          0.5,
                          0.4921882597178378,
                          0.4928870692517447],
                         [0.4951177556958994,
                          0.5089826914532931,
                          0.5,
                          0.5,
                          0.5,
                          0.5,
                          0.5001042930124598,
                          0.49497963733127825,
                          0.5,
                          0.5],
                         [0.5025881154956003,
                          0.5,
                          0.5015560698420517,
                          0.5090826097218489,
                          0.5,
                          0.49801624058243776,
                          0.49253139808942137,
                          0.5000878488729077,
                          0.5,
                          0.5],
                         [0.49366165393553246,
                          0.49183234348371113,
                          0.5,
                          0.5,
                          0.5,
                          0.509143597124169,
                          0.5080276944880846,
                          0.49313773175263476,
                          0.5,
                          0.498552988623273]]},
            {'activation': 'sigmoid',
             'bias': [0,
                      0,
                      -0.003530869240643564,
                      0.004575621898868796,
                      -0.0020989167993420276,
                      -0.0028024440010223214],
             'name': 'hidden1',
             'neurons': [],
             'num_neurons': 6,
             'weights': [[0.5,
                          0.5,
                          0.49935295265929025,
                          0.4959488495495492,
                          0.49075741901180325,
                          0.4952189371734699,
                          0.49850724962445964,
                          0.5],
                         [0.5,
                          0.49948696128973963,
                          0.5016832885058385,
                          0.5,
                          0.5068686297914679,
                          0.5,
                          0.5,
                          0.5],
                         [0.5084115120517124,
                          0.5,
                          0.5,
                          0.5,
                          0.5,
                          0.5,
                          0.5,
                          0.5],
                         [0.5,
                          0.5,
                          0.5,
                          0.5,
                          0.5,
                          0.5,
                          0.4935413707954612,
                          0.5],
                         [0.49548006985020077,
                          0.4977158514264408,
                          0.4922644150528519,
                          0.5,
                          0.5080786105450126,
                          0.5,
                          0.5,
                          0.5],
                         [0.5,
                          0.4985332576226466,
                          0.4958347491125525,
                          0.5,
                          0.5,
                          0.5,
                          0.4945242005105931,
                          0.5],
                         [0.5,
                          0.5,
                          0.5012164987062872,
                          0.5032731425810103,
                          0.5,
                          0.5,
                          0.5,
                          0.5],
                         [0.5,
                          0.4956716772047707,
                          0.5,
                          0.5,
                          0.5,
                          0.5,
                          0.5,
                          0.5]]},
            {'activation': 'sigmoid',
             'bias': [0.0018311119174836427, 0, 0.012319376213595325, 0, 0],
             'name': 'output',
             'neurons': [],
             'num_neurons': 5,
             'weights': [[0.5,
                          0.5,
                          0.505051807246397,
                          0.5,
                          0.5,
                          0.4992350357068044],
                         [0.49779880863094184,
                          0.5,
                          0.49956468420357647,
                          0.5,
                          0.5013661068398357,
                          0.4989274934691545],
                         [0.4904636769743304,
                          0.5,
                          0.5,
                          0.5068055250637183,
                          0.5,
                          0.5],
                         [0.4907066601703305,
                          0.4907045398863549,
                          0.5036953310674089,
                          0.5,
                          0.5093214448704869,
                          0.5],
                         [0.5,
                          0.5,
                          0.5045395852435277,
                          0.49960988734480544,
                          0.4932686922543425,
                          0.5],
                         [0.49526468691448505,
                          0.5088523062734981,
                          0.5,
                          0.5,
                          0.5049158148396172,
                          0.5]]}]}
{'generation': 2,
 'inputs': [],
 'layers': [{'activation': 'sigmoid',
             'bias': [0,
                      0,
                      0.006700449456689539,
                      -0.007350401004125948,
                      0,
                      0.006319019880635749,
                      0,
                      0],
             'name': 'input',
             'neurons': [<gameplay.Neuron object at 0x7fd411668860>,
                         <gameplay.Neuron object at 0x7fd411668828>,
                         <gameplay.Neuron object at 0x7fd411668240>,
                         <gameplay.Neuron object at 0x7fd411668b70>,
                         <gameplay.Neuron object at 0x7fd411668c18>,
                         <gameplay.Neuron object at 0x7fd411668ba8>,
                         <gameplay.Neuron object at 0x7fd411668eb8>,
                         <gameplay.Neuron object at 0x7fd411668c50>],
             'num_neurons': 8,
             'weights': [[0.5054980887474673,
                          0.5,
                          0.49591150165972814,
                          0.5,
                          0.5,
                          0.5063902058604786,
                          0.5,
                          0.5,
                          0.5,
                          0.5],
                         [0.5,
                          0.5,
                          0.5,
                          0.4912411488470439,
                          0.5061560118999333,
                          0.5,
                          0.49842969345742827,
                          0.5,
                          0.5,
                          0.5075316535074775],
                         [0.5,
                          0.5,
                          0.5,
                          0.5,
                          0.5,
                          0.49298223312234724,
                          0.5,
                          0.4969780969237297,
                          0.5043362953898114,
                          0.5089710968922329],
                         [0.5,
                          0.5,
                          0.5086188875596991,
                          0.4901128952650041,
                          0.5,
                          0.5,
                          0.4978252672646236,
                          0.5,
                          0.5066727870640837,
                          0.5059907899666665],
                         [0.49905757454657246,
                          0.5,
                          0.5,
                          0.5,
                          0.5,
                          0.5,
                          0.5,
                          0.5,
                          0.4921882597178378,
                          0.4928870692517447],
                         [0.4951177556958994,
                          0.5089826914532931,
                          0.5,
                          0.5,
                          0.5,
                          0.5,
                          0.5001042930124598,
                          0.49497963733127825,
                          0.5,
                          0.5],
                         [0.5025881154956003,
                          0.5,
                          0.5015560698420517,
                          0.5090826097218489,
                          0.5,
                          0.49801624058243776,
                          0.49253139808942137,
                          0.5000878488729077,
                          0.5,
                          0.5],
                         [0.49366165393553246,
                          0.49183234348371113,
                          0.5,
                          0.5,
                          0.5,
                          0.509143597124169,
                          0.5080276944880846,
                          0.49313773175263476,
                          0.5,
                          0.498552988623273]]},
            {'activation': 'sigmoid',
             'bias': [0,
                      0,
                      -0.003530869240643564,
                      0.004575621898868796,
                      -0.0020989167993420276,
                      -0.0028024440010223214],
             'name': 'hidden1',
             'neurons': [<gameplay.Neuron object at 0x7fd411668d68>,
                         <gameplay.Neuron object at 0x7fd411668e10>,
                         <gameplay.Neuron object at 0x7fd411668cc0>,
                         <gameplay.Neuron object at 0x7fd411668da0>,
                         <gameplay.Neuron object at 0x7fd411668d30>,
                         <gameplay.Neuron object at 0x7fd411668e80>],
             'num_neurons': 6,
             'weights': [[0.5,
                          0.5,
                          0.49935295265929025,
                          0.4959488495495492,
                          0.49075741901180325,
                          0.4952189371734699,
                          0.49850724962445964,
                          0.5],
                         [0.5,
                          0.49948696128973963,
                          0.5016832885058385,
                          0.5,
                          0.5068686297914679,
                          0.5,
                          0.5,
                          0.5],
                         [0.5084115120517124,
                          0.5,
                          0.5,
                          0.5,
                          0.5,
                          0.5,
                          0.5,
                          0.5],
                         [0.5,
                          0.5,
                          0.5,
                          0.5,
                          0.5,
                          0.5,
                          0.4935413707954612,
                          0.5],
                         [0.49548006985020077,
                          0.4977158514264408,
                          0.4922644150528519,
                          0.5,
                          0.5080786105450126,
                          0.5,
                          0.5,
                          0.5],
                         [0.5,
                          0.4985332576226466,
                          0.4958347491125525,
                          0.5,
                          0.5,
                          0.5,
                          0.4945242005105931,
                          0.5],
                         [0.5,
                          0.5,
                          0.5012164987062872,
                          0.5032731425810103,
                          0.5,
                          0.5,
                          0.5,
                          0.5],
                         [0.5,
                          0.4956716772047707,
                          0.5,
                          0.5,
                          0.5,
                          0.5,
                          0.5,
                          0.5]]},
            {'activation': 'sigmoid',
             'bias': [0.0018311119174836427, 0, 0.012319376213595325, 0, 0],
             'name': 'output',
             'neurons': [<gameplay.Neuron object at 0x7fd411668c88>,
                         <gameplay.Neuron object at 0x7fd411668fd0>,
                         <gameplay.Neuron object at 0x7fd411668f28>,
                         <gameplay.Neuron object at 0x7fd411668ef0>,
                         <gameplay.Neuron object at 0x7fd411668f60>],
             'num_neurons': 5,
             'weights': [[0.5,
                          0.5,
                          0.505051807246397,
                          0.5,
                          0.5,
                          0.4992350357068044],
                         [0.49779880863094184,
                          0.5,
                          0.49956468420357647,
                          0.5,
                          0.5013661068398357,
                          0.4989274934691545],
                         [0.4904636769743304,
                          0.5,
                          0.5,
                          0.5068055250637183,
                          0.5,
                          0.5],
                         [0.4907066601703305,
                          0.4907045398863549,
                          0.5036953310674089,
                          0.5,
                          0.5093214448704869,
                          0.5],
                         [0.5,
                          0.5,
                          0.5045395852435277,
                          0.49960988734480544,
                          0.4932686922543425,
                          0.5],
                         [0.49526468691448505,
                          0.5088523062734981,
                          0.5,
                          0.5,
                          0.5049158148396172,
                          0.5]]}]}
load_tensorflow_graph: path = tensorflow/mario-model-simple-2019-07-17/frozen_inference_graph.pb
object_detection_graph = <tensorflow.python.framework.ops.Graph object at 0x7fd411668dd8>
Doing start sequence
Sleeping one second
sending start
sending empty
Found black world screen for the second time. exiting.



Seconds left: 393
Moves to the right: 28
frame count: 80
time start:  1567859431.0895295,   time_now: 1567859438.4159815
