pygame 1.9.6
Hello from the pygame community. https://www.pygame.org/contribute.html
Loading neural net from gameplay_neural_nets/97/1.nn
net = {'generation': 87,
 'inputs': [],
 'layers': [{'activation': 'sigmoid',
             'bias': [0.02739151166601817,
                      -0.005869450952365726,
                      0.017275541454598364,
                      -0.017526668032046153,
                      0.013196778870193167,
                      -0.03828904284724147,
                      0.017129214279151886,
                      -0.030475670812412755],
             'name': 'input',
             'neurons': [],
             'num_neurons': 8,
             'weights': [[0.36042791532430807,
                          0.41891453586153776,
                          0.1071223444980307,
                          0.12980124900112436,
                          0.10799375527364315,
                          0.07892412616237551,
                          0.08541881289645405,
                          0.10972623915577752,
                          0.08367461778550947,
                          0.09433474775301431],
                         [0.3668139938239183,
                          0.3663635873717586,
                          0.09633213866730309,
                          0.10196157925578501,
                          0.09508657960077416,
                          0.08610007295040967,
                          0.11097952828759905,
                          0.09023714597198819,
                          0.11752545876820303,
                          0.11911566856954305],
                         [0.37569200820395127,
                          0.4348822077154349,
                          0.09721379254596253,
                          0.0657954752642099,
                          0.1063628958769765,
                          0.09544981996500065,
                          0.09710382475812865,
                          0.10261826554757145,
                          0.09667140485461513,
                          0.0973216539812249],
                         [0.38342374402310947,
                          0.3923068721303395,
                          0.09426531937625361,
                          0.107621526929297,
                          0.05822530155410655,
                          0.08936681734783973,
                          0.09848741373636449,
                          0.12785862444674284,
                          0.1095844592187643,
                          0.12158921186291842],
                         [0.396735932840525,
                          0.3951741600278526,
                          0.04262315295958379,
                          0.12771992093849321,
                          0.08967806387427313,
                          0.1409106483112831,
                          0.12365046167564814,
                          0.13034765689776337,
                          0.09701000433579299,
                          0.07451005828988147],
                         [0.37178137521912535,
                          0.4297280348155157,
                          0.08815003970692364,
                          0.08111914116841845,
                          0.1066706368163414,
                          0.0661228072344726,
                          0.09595988087112753,
                          0.10519093996161469,
                          0.11444962565804873,
                          0.11632201548032677],
                         [0.3642448235406567,
                          0.38108806651502414,
                          0.11098223405602797,
                          0.04935605925558887,
                          0.11305431691704373,
                          0.1192544086374223,
                          0.10247361516325315,
                          0.120141629871259,
                          0.1060632898675574,
                          0.07875091356178092],
                         [0.3914922908687648,
                          0.4149489463926993,
                          0.05817323627200885,
                          0.0704113218992043,
                          0.1150260897248194,
                          0.036791730260013825,
                          0.07165885339020515,
                          0.1658668237362571,
                          0.09179280908335384,
                          0.07781496270220892]]},
            {'activation': 'sigmoid',
             'bias': [-0.029839462640639722,
                      0.027537716541312734,
                      -0.007263059159937094,
                      -0.01361686657480158,
                      0.0196384504412708],
             'name': 'output',
             'neurons': [],
             'num_neurons': 5,
             'weights': [[0.07389549615168972,
                          0.08769354338994434,
                          0.09182403813112619,
                          0.06500318136725292,
                          0.10558741186324894,
                          0.13748668236465977,
                          0.11484570656473825,
                          0.10989627372216132],
                         [0.07053586671387271,
                          0.08761878532767776,
                          0.06794625489131331,
                          0.14890431599741086,
                          0.09139258756380192,
                          0.08416171048038587,
                          0.07053928965457498,
                          0.16721622314657353],
                         [0.13203006557369432,
                          0.07708880792165251,
                          0.12370820475973675,
                          0.09406258898548261,
                          0.08800794550363754,
                          0.10431094452114478,
                          0.1392063320084525,
                          0.09294779424773263],
                         [0.12159109373835089,
                          0.06716375461169706,
                          0.11887971465507444,
                          0.06646183110498395,
                          0.1559656036958813,
                          0.10476129767083883,
                          0.10169330279561041,
                          0.09329779120743262],
                         [0.11984977404209358,
                          0.08890887234478717,
                          0.11964851465080033,
                          0.05825519923013281,
                          0.15832793763296465,
                          0.11436363784801476,
                          0.09781998271205265,
                          0.10446737375521414],
                         [0.09407734199755748,
                          0.10039656201912864,
                          0.142156481688636,
                          0.09399778748189112,
                          0.05978033429419156,
                          0.1104666927225433,
                          0.051766853981309965,
                          0.10937520540287991]]}]}
{'generation': 87,
 'inputs': [],
 'layers': [{'activation': 'sigmoid',
             'bias': [0.02739151166601817,
                      -0.005869450952365726,
                      0.017275541454598364,
                      -0.017526668032046153,
                      0.013196778870193167,
                      -0.03828904284724147,
                      0.017129214279151886,
                      -0.030475670812412755],
             'name': 'input',
             'neurons': [<gameplay.Neuron object at 0x7f73cc7c6860>,
                         <gameplay.Neuron object at 0x7f73cc7c6828>,
                         <gameplay.Neuron object at 0x7f73cc7c6240>,
                         <gameplay.Neuron object at 0x7f73cc7c6b00>,
                         <gameplay.Neuron object at 0x7f73cc7c6ba8>,
                         <gameplay.Neuron object at 0x7f73cc7c6b38>,
                         <gameplay.Neuron object at 0x7f73cc7c6c88>,
                         <gameplay.Neuron object at 0x7f73cc7c6c50>],
             'num_neurons': 8,
             'weights': [[0.36042791532430807,
                          0.41891453586153776,
                          0.1071223444980307,
                          0.12980124900112436,
                          0.10799375527364315,
                          0.07892412616237551,
                          0.08541881289645405,
                          0.10972623915577752,
                          0.08367461778550947,
                          0.09433474775301431],
                         [0.3668139938239183,
                          0.3663635873717586,
                          0.09633213866730309,
                          0.10196157925578501,
                          0.09508657960077416,
                          0.08610007295040967,
                          0.11097952828759905,
                          0.09023714597198819,
                          0.11752545876820303,
                          0.11911566856954305],
                         [0.37569200820395127,
                          0.4348822077154349,
                          0.09721379254596253,
                          0.0657954752642099,
                          0.1063628958769765,
                          0.09544981996500065,
                          0.09710382475812865,
                          0.10261826554757145,
                          0.09667140485461513,
                          0.0973216539812249],
                         [0.38342374402310947,
                          0.3923068721303395,
                          0.09426531937625361,
                          0.107621526929297,
                          0.05822530155410655,
                          0.08936681734783973,
                          0.09848741373636449,
                          0.12785862444674284,
                          0.1095844592187643,
                          0.12158921186291842],
                         [0.396735932840525,
                          0.3951741600278526,
                          0.04262315295958379,
                          0.12771992093849321,
                          0.08967806387427313,
                          0.1409106483112831,
                          0.12365046167564814,
                          0.13034765689776337,
                          0.09701000433579299,
                          0.07451005828988147],
                         [0.37178137521912535,
                          0.4297280348155157,
                          0.08815003970692364,
                          0.08111914116841845,
                          0.1066706368163414,
                          0.0661228072344726,
                          0.09595988087112753,
                          0.10519093996161469,
                          0.11444962565804873,
                          0.11632201548032677],
                         [0.3642448235406567,
                          0.38108806651502414,
                          0.11098223405602797,
                          0.04935605925558887,
                          0.11305431691704373,
                          0.1192544086374223,
                          0.10247361516325315,
                          0.120141629871259,
                          0.1060632898675574,
                          0.07875091356178092],
                         [0.3914922908687648,
                          0.4149489463926993,
                          0.05817323627200885,
                          0.0704113218992043,
                          0.1150260897248194,
                          0.036791730260013825,
                          0.07165885339020515,
                          0.1658668237362571,
                          0.09179280908335384,
                          0.07781496270220892]]},
            {'activation': 'sigmoid',
             'bias': [-0.029839462640639722,
                      0.027537716541312734,
                      -0.007263059159937094,
                      -0.01361686657480158,
                      0.0196384504412708],
             'name': 'output',
             'neurons': [<gameplay.Neuron object at 0x7f73cc7c6cc0>,
                         <gameplay.Neuron object at 0x7f73cc7c6cf8>,
                         <gameplay.Neuron object at 0x7f73cc7c6d68>,
                         <gameplay.Neuron object at 0x7f73cc7c6d30>,
                         <gameplay.Neuron object at 0x7f73cc7c6da0>],
             'num_neurons': 5,
             'weights': [[0.07389549615168972,
                          0.08769354338994434,
                          0.09182403813112619,
                          0.06500318136725292,
                          0.10558741186324894,
                          0.13748668236465977,
                          0.11484570656473825,
                          0.10989627372216132],
                         [0.07053586671387271,
                          0.08761878532767776,
                          0.06794625489131331,
                          0.14890431599741086,
                          0.09139258756380192,
                          0.08416171048038587,
                          0.07053928965457498,
                          0.16721622314657353],
                         [0.13203006557369432,
                          0.07708880792165251,
                          0.12370820475973675,
                          0.09406258898548261,
                          0.08800794550363754,
                          0.10431094452114478,
                          0.1392063320084525,
                          0.09294779424773263],
                         [0.12159109373835089,
                          0.06716375461169706,
                          0.11887971465507444,
                          0.06646183110498395,
                          0.1559656036958813,
                          0.10476129767083883,
                          0.10169330279561041,
                          0.09329779120743262],
                         [0.11984977404209358,
                          0.08890887234478717,
                          0.11964851465080033,
                          0.05825519923013281,
                          0.15832793763296465,
                          0.11436363784801476,
                          0.09781998271205265,
                          0.10446737375521414],
                         [0.09407734199755748,
                          0.10039656201912864,
                          0.142156481688636,
                          0.09399778748189112,
                          0.05978033429419156,
                          0.1104666927225433,
                          0.051766853981309965,
                          0.10937520540287991]]}]}
load_tensorflow_graph: path = tensorflow/mario-model-simple-2019-07-17/frozen_inference_graph.pb
object_detection_graph = <tensorflow.python.framework.ops.Graph object at 0x7f73cc7c6e48>
Doing start sequence
Sleeping one second
sending start
sending empty
Found black world screen for the second time. exiting.



Seconds left: 392
Moves to the right: 20
