pygame 1.9.6
Hello from the pygame community. https://www.pygame.org/contribute.html
Loading neural net from gameplay_neural_nets/97/3.nn
net = {'generation': 87,
 'inputs': [],
 'layers': [{'activation': 'sigmoid',
             'bias': [0.02739151166601817,
                      -0.005869450952365726,
                      0.017275541454598364,
                      -0.02696564037351088,
                      0.013196778870193167,
                      -0.03144001262199498,
                      0.017129214279151886,
                      -0.030475670812412755],
             'name': 'input',
             'neurons': [],
             'num_neurons': 8,
             'weights': [[0.36042791532430807,
                          0.41891453586153776,
                          0.11219250403482542,
                          0.12980124900112436,
                          0.10799375527364315,
                          0.07892412616237551,
                          0.08242445147401856,
                          0.11142200568174004,
                          0.08367461778550947,
                          0.09433474775301431],
                         [0.37311168210626267,
                          0.3663635873717586,
                          0.09633213866730309,
                          0.10196157925578501,
                          0.09410696855346294,
                          0.08610007295040967,
                          0.11097952828759905,
                          0.09023714597198819,
                          0.11752545876820303,
                          0.12232594826453108],
                         [0.37569200820395127,
                          0.4348822077154349,
                          0.09721379254596253,
                          0.06920869452371581,
                          0.1063628958769765,
                          0.09964851796829946,
                          0.09710382475812865,
                          0.10261826554757145,
                          0.09667140485461513,
                          0.10040236699763776],
                         [0.38342374402310947,
                          0.3923068721303395,
                          0.09866055035000257,
                          0.107621526929297,
                          0.05822530155410655,
                          0.08936681734783973,
                          0.09848741373636449,
                          0.13135072799767405,
                          0.1095844592187643,
                          0.12158921186291842],
                         [0.396735932840525,
                          0.3951741600278526,
                          0.04262315295958379,
                          0.12771992093849321,
                          0.08967806387427313,
                          0.1409106483112831,
                          0.12365046167564814,
                          0.13034765689776337,
                          0.09701000433579299,
                          0.07451005828988147],
                         [0.37178137521912535,
                          0.4297280348155157,
                          0.08815003970692364,
                          0.0856713443704177,
                          0.1066706368163414,
                          0.05911727337827866,
                          0.10164800537903784,
                          0.10519093996161469,
                          0.11444962565804873,
                          0.11481204914579898],
                         [0.3642448235406567,
                          0.38010087614166127,
                          0.11098223405602797,
                          0.04935605925558887,
                          0.11305431691704373,
                          0.1192544086374223,
                          0.1022436395973232,
                          0.120141629871259,
                          0.1060632898675574,
                          0.07875091356178092],
                         [0.3914922908687648,
                          0.4149489463926993,
                          0.05817323627200885,
                          0.0704113218992043,
                          0.1150260897248194,
                          0.030639085703275226,
                          0.07165885339020515,
                          0.1658668237362571,
                          0.09179280908335384,
                          0.07781496270220892]]},
            {'activation': 'sigmoid',
             'bias': [-0.029839462640639722,
                      0.027537716541312734,
                      -0.007263059159937094,
                      -0.01361686657480158,
                      0.0196384504412708],
             'name': 'output',
             'neurons': [],
             'num_neurons': 5,
             'weights': [[0.06960819903081239,
                          0.08769354338994434,
                          0.09296595069616977,
                          0.050438200511388843,
                          0.10558741186324894,
                          0.13412675304381944,
                          0.12248707787161042,
                          0.10989627372216132],
                         [0.06107201028993403,
                          0.08601351595775841,
                          0.06794625489131331,
                          0.14890431599741086,
                          0.09139258756380192,
                          0.08594561623042746,
                          0.07660989876081176,
                          0.17575057930140534],
                         [0.13203006557369432,
                          0.0756492992252487,
                          0.12612009052185233,
                          0.09590693726973358,
                          0.09561335970620731,
                          0.10431094452114478,
                          0.1392063320084525,
                          0.09294779424773263],
                         [0.12159109373835089,
                          0.06716375461169706,
                          0.11887971465507444,
                          0.06646183110498395,
                          0.15237239722650658,
                          0.10476129767083883,
                          0.10169330279561041,
                          0.09329779120743262],
                         [0.11984977404209358,
                          0.08890887234478717,
                          0.11964851465080033,
                          0.05825519923013281,
                          0.1632618582183755,
                          0.11436363784801476,
                          0.09781998271205265,
                          0.10446737375521414],
                         [0.09369730113891368,
                          0.09766105762768361,
                          0.142156481688636,
                          0.0983862575654929,
                          0.0511738774751203,
                          0.1104666927225433,
                          0.042165254819434284,
                          0.10937520540287991]]}]}
{'generation': 87,
 'inputs': [],
 'layers': [{'activation': 'sigmoid',
             'bias': [0.02739151166601817,
                      -0.005869450952365726,
                      0.017275541454598364,
                      -0.02696564037351088,
                      0.013196778870193167,
                      -0.03144001262199498,
                      0.017129214279151886,
                      -0.030475670812412755],
             'name': 'input',
             'neurons': [<gameplay.Neuron object at 0x7efd684a5860>,
                         <gameplay.Neuron object at 0x7efd684a5828>,
                         <gameplay.Neuron object at 0x7efd684a5240>,
                         <gameplay.Neuron object at 0x7efd684a5b00>,
                         <gameplay.Neuron object at 0x7efd684a5ba8>,
                         <gameplay.Neuron object at 0x7efd684a5b38>,
                         <gameplay.Neuron object at 0x7efd684a5c88>,
                         <gameplay.Neuron object at 0x7efd684a5c50>],
             'num_neurons': 8,
             'weights': [[0.36042791532430807,
                          0.41891453586153776,
                          0.11219250403482542,
                          0.12980124900112436,
                          0.10799375527364315,
                          0.07892412616237551,
                          0.08242445147401856,
                          0.11142200568174004,
                          0.08367461778550947,
                          0.09433474775301431],
                         [0.37311168210626267,
                          0.3663635873717586,
                          0.09633213866730309,
                          0.10196157925578501,
                          0.09410696855346294,
                          0.08610007295040967,
                          0.11097952828759905,
                          0.09023714597198819,
                          0.11752545876820303,
                          0.12232594826453108],
                         [0.37569200820395127,
                          0.4348822077154349,
                          0.09721379254596253,
                          0.06920869452371581,
                          0.1063628958769765,
                          0.09964851796829946,
                          0.09710382475812865,
                          0.10261826554757145,
                          0.09667140485461513,
                          0.10040236699763776],
                         [0.38342374402310947,
                          0.3923068721303395,
                          0.09866055035000257,
                          0.107621526929297,
                          0.05822530155410655,
                          0.08936681734783973,
                          0.09848741373636449,
                          0.13135072799767405,
                          0.1095844592187643,
                          0.12158921186291842],
                         [0.396735932840525,
                          0.3951741600278526,
                          0.04262315295958379,
                          0.12771992093849321,
                          0.08967806387427313,
                          0.1409106483112831,
                          0.12365046167564814,
                          0.13034765689776337,
                          0.09701000433579299,
                          0.07451005828988147],
                         [0.37178137521912535,
                          0.4297280348155157,
                          0.08815003970692364,
                          0.0856713443704177,
                          0.1066706368163414,
                          0.05911727337827866,
                          0.10164800537903784,
                          0.10519093996161469,
                          0.11444962565804873,
                          0.11481204914579898],
                         [0.3642448235406567,
                          0.38010087614166127,
                          0.11098223405602797,
                          0.04935605925558887,
                          0.11305431691704373,
                          0.1192544086374223,
                          0.1022436395973232,
                          0.120141629871259,
                          0.1060632898675574,
                          0.07875091356178092],
                         [0.3914922908687648,
                          0.4149489463926993,
                          0.05817323627200885,
                          0.0704113218992043,
                          0.1150260897248194,
                          0.030639085703275226,
                          0.07165885339020515,
                          0.1658668237362571,
                          0.09179280908335384,
                          0.07781496270220892]]},
            {'activation': 'sigmoid',
             'bias': [-0.029839462640639722,
                      0.027537716541312734,
                      -0.007263059159937094,
                      -0.01361686657480158,
                      0.0196384504412708],
             'name': 'output',
             'neurons': [<gameplay.Neuron object at 0x7efd684a5cc0>,
                         <gameplay.Neuron object at 0x7efd684a5cf8>,
                         <gameplay.Neuron object at 0x7efd684a5d68>,
                         <gameplay.Neuron object at 0x7efd684a5d30>,
                         <gameplay.Neuron object at 0x7efd684a5da0>],
             'num_neurons': 5,
             'weights': [[0.06960819903081239,
                          0.08769354338994434,
                          0.09296595069616977,
                          0.050438200511388843,
                          0.10558741186324894,
                          0.13412675304381944,
                          0.12248707787161042,
                          0.10989627372216132],
                         [0.06107201028993403,
                          0.08601351595775841,
                          0.06794625489131331,
                          0.14890431599741086,
                          0.09139258756380192,
                          0.08594561623042746,
                          0.07660989876081176,
                          0.17575057930140534],
                         [0.13203006557369432,
                          0.0756492992252487,
                          0.12612009052185233,
                          0.09590693726973358,
                          0.09561335970620731,
                          0.10431094452114478,
                          0.1392063320084525,
                          0.09294779424773263],
                         [0.12159109373835089,
                          0.06716375461169706,
                          0.11887971465507444,
                          0.06646183110498395,
                          0.15237239722650658,
                          0.10476129767083883,
                          0.10169330279561041,
                          0.09329779120743262],
                         [0.11984977404209358,
                          0.08890887234478717,
                          0.11964851465080033,
                          0.05825519923013281,
                          0.1632618582183755,
                          0.11436363784801476,
                          0.09781998271205265,
                          0.10446737375521414],
                         [0.09369730113891368,
                          0.09766105762768361,
                          0.142156481688636,
                          0.0983862575654929,
                          0.0511738774751203,
                          0.1104666927225433,
                          0.042165254819434284,
                          0.10937520540287991]]}]}
load_tensorflow_graph: path = tensorflow/mario-model-simple-2019-07-17/frozen_inference_graph.pb
object_detection_graph = <tensorflow.python.framework.ops.Graph object at 0x7efd684a5e48>
Doing start sequence
Sleeping one second
sending start
sending empty
Found black world screen for the second time. exiting.



Seconds left: 365
Moves to the right: 66
