pygame 1.9.6
Hello from the pygame community. https://www.pygame.org/contribute.html
Loading neural net from gameplay_neural_nets/97/4.nn
net = {'generation': 87,
 'inputs': [],
 'layers': [{'activation': 'sigmoid',
             'bias': [0.02739151166601817,
                      -0.005869450952365726,
                      0.017275541454598364,
                      -0.02696564037351088,
                      0.013196778870193167,
                      -0.03144001262199498,
                      0.017129214279151886,
                      -0.030475670812412755],
             'name': 'input',
             'neurons': [],
             'num_neurons': 8,
             'weights': [[0.36042791532430807,
                          0.41891453586153776,
                          0.1071223444980307,
                          0.12462573142214167,
                          0.11700023429254142,
                          0.07892412616237551,
                          0.08541881289645405,
                          0.11142200568174004,
                          0.08367461778550947,
                          0.09433474775301431],
                         [0.3811882307856681,
                          0.37265553540633817,
                          0.09633213866730309,
                          0.10868893650040043,
                          0.09593402990041969,
                          0.082425719774349,
                          0.11097952828759905,
                          0.09023714597198819,
                          0.11752545876820303,
                          0.11911566856954305],
                         [0.37569200820395127,
                          0.4348822077154349,
                          0.09721379254596253,
                          0.0657954752642099,
                          0.1063628958769765,
                          0.09964851796829946,
                          0.09710382475812865,
                          0.10261826554757145,
                          0.09667140485461513,
                          0.0973216539812249],
                         [0.38342374402310947,
                          0.3923068721303395,
                          0.08357996112633806,
                          0.107621526929297,
                          0.05822530155410655,
                          0.08836972199946916,
                          0.09848741373636449,
                          0.1326060701928725,
                          0.1095844592187643,
                          0.12158921186291842],
                         [0.396735932840525,
                          0.3951741600278526,
                          0.04262315295958379,
                          0.12771992093849321,
                          0.08967806387427313,
                          0.1409106483112831,
                          0.12153493000149351,
                          0.13034765689776337,
                          0.09701000433579299,
                          0.07451005828988147],
                         [0.37178137521912535,
                          0.4297280348155157,
                          0.09195924777428852,
                          0.0856713443704177,
                          0.11136917039933451,
                          0.0661228072344726,
                          0.09595988087112753,
                          0.10519093996161469,
                          0.11444962565804873,
                          0.11222021049651627],
                         [0.3642448235406567,
                          0.38108806651502414,
                          0.11098223405602797,
                          0.04935605925558887,
                          0.11305431691704373,
                          0.1192544086374223,
                          0.1022436395973232,
                          0.11369099807290478,
                          0.1060632898675574,
                          0.07875091356178092],
                         [0.3914922908687648,
                          0.4149489463926993,
                          0.05817323627200885,
                          0.0704113218992043,
                          0.1150260897248194,
                          0.036791730260013825,
                          0.07165885339020515,
                          0.15983500545609455,
                          0.09471666318515941,
                          0.07781496270220892]]},
            {'activation': 'sigmoid',
             'bias': [-0.029839462640639722,
                      0.022373446612718645,
                      -0.00901944070616679,
                      -0.01361686657480158,
                      0.0196384504412708],
             'name': 'output',
             'neurons': [],
             'num_neurons': 5,
             'weights': [[0.06960819903081239,
                          0.08769354338994434,
                          0.09296595069616977,
                          0.058776749311009326,
                          0.10558741186324894,
                          0.13412675304381944,
                          0.12248707787161042,
                          0.10989627372216132],
                         [0.058037498758021354,
                          0.08601351595775841,
                          0.06794625489131331,
                          0.14890431599741086,
                          0.09311061966795227,
                          0.08594561623042746,
                          0.07660989876081176,
                          0.17406954580342496],
                         [0.13203006557369432,
                          0.0756492992252487,
                          0.12370820475973675,
                          0.0998252988835409,
                          0.08591686443296744,
                          0.10431094452114478,
                          0.1392063320084525,
                          0.09294779424773263],
                         [0.12159109373835089,
                          0.06716375461169706,
                          0.11727670791124742,
                          0.06646183110498395,
                          0.15237239722650658,
                          0.10476129767083883,
                          0.10169330279561041,
                          0.09329779120743262],
                         [0.12401947400724411,
                          0.08890887234478717,
                          0.11964851465080033,
                          0.05825519923013281,
                          0.154501531162231,
                          0.11436363784801476,
                          0.10141386769592706,
                          0.10446737375521414],
                         [0.09407734199755748,
                          0.10039656201912864,
                          0.142156481688636,
                          0.0983862575654929,
                          0.05978033429419156,
                          0.1197455331578786,
                          0.051766853981309965,
                          0.10937520540287991]]}]}
{'generation': 87,
 'inputs': [],
 'layers': [{'activation': 'sigmoid',
             'bias': [0.02739151166601817,
                      -0.005869450952365726,
                      0.017275541454598364,
                      -0.02696564037351088,
                      0.013196778870193167,
                      -0.03144001262199498,
                      0.017129214279151886,
                      -0.030475670812412755],
             'name': 'input',
             'neurons': [<gameplay.Neuron object at 0x7f7f02911898>,
                         <gameplay.Neuron object at 0x7f7f02911860>,
                         <gameplay.Neuron object at 0x7f7f02911278>,
                         <gameplay.Neuron object at 0x7f7f02911b38>,
                         <gameplay.Neuron object at 0x7f7f02911be0>,
                         <gameplay.Neuron object at 0x7f7f02911b70>,
                         <gameplay.Neuron object at 0x7f7f02911cc0>,
                         <gameplay.Neuron object at 0x7f7f02911c88>],
             'num_neurons': 8,
             'weights': [[0.36042791532430807,
                          0.41891453586153776,
                          0.1071223444980307,
                          0.12462573142214167,
                          0.11700023429254142,
                          0.07892412616237551,
                          0.08541881289645405,
                          0.11142200568174004,
                          0.08367461778550947,
                          0.09433474775301431],
                         [0.3811882307856681,
                          0.37265553540633817,
                          0.09633213866730309,
                          0.10868893650040043,
                          0.09593402990041969,
                          0.082425719774349,
                          0.11097952828759905,
                          0.09023714597198819,
                          0.11752545876820303,
                          0.11911566856954305],
                         [0.37569200820395127,
                          0.4348822077154349,
                          0.09721379254596253,
                          0.0657954752642099,
                          0.1063628958769765,
                          0.09964851796829946,
                          0.09710382475812865,
                          0.10261826554757145,
                          0.09667140485461513,
                          0.0973216539812249],
                         [0.38342374402310947,
                          0.3923068721303395,
                          0.08357996112633806,
                          0.107621526929297,
                          0.05822530155410655,
                          0.08836972199946916,
                          0.09848741373636449,
                          0.1326060701928725,
                          0.1095844592187643,
                          0.12158921186291842],
                         [0.396735932840525,
                          0.3951741600278526,
                          0.04262315295958379,
                          0.12771992093849321,
                          0.08967806387427313,
                          0.1409106483112831,
                          0.12153493000149351,
                          0.13034765689776337,
                          0.09701000433579299,
                          0.07451005828988147],
                         [0.37178137521912535,
                          0.4297280348155157,
                          0.09195924777428852,
                          0.0856713443704177,
                          0.11136917039933451,
                          0.0661228072344726,
                          0.09595988087112753,
                          0.10519093996161469,
                          0.11444962565804873,
                          0.11222021049651627],
                         [0.3642448235406567,
                          0.38108806651502414,
                          0.11098223405602797,
                          0.04935605925558887,
                          0.11305431691704373,
                          0.1192544086374223,
                          0.1022436395973232,
                          0.11369099807290478,
                          0.1060632898675574,
                          0.07875091356178092],
                         [0.3914922908687648,
                          0.4149489463926993,
                          0.05817323627200885,
                          0.0704113218992043,
                          0.1150260897248194,
                          0.036791730260013825,
                          0.07165885339020515,
                          0.15983500545609455,
                          0.09471666318515941,
                          0.07781496270220892]]},
            {'activation': 'sigmoid',
             'bias': [-0.029839462640639722,
                      0.022373446612718645,
                      -0.00901944070616679,
                      -0.01361686657480158,
                      0.0196384504412708],
             'name': 'output',
             'neurons': [<gameplay.Neuron object at 0x7f7f02911cf8>,
                         <gameplay.Neuron object at 0x7f7f02911d30>,
                         <gameplay.Neuron object at 0x7f7f02911da0>,
                         <gameplay.Neuron object at 0x7f7f02911d68>,
                         <gameplay.Neuron object at 0x7f7f02911dd8>],
             'num_neurons': 5,
             'weights': [[0.06960819903081239,
                          0.08769354338994434,
                          0.09296595069616977,
                          0.058776749311009326,
                          0.10558741186324894,
                          0.13412675304381944,
                          0.12248707787161042,
                          0.10989627372216132],
                         [0.058037498758021354,
                          0.08601351595775841,
                          0.06794625489131331,
                          0.14890431599741086,
                          0.09311061966795227,
                          0.08594561623042746,
                          0.07660989876081176,
                          0.17406954580342496],
                         [0.13203006557369432,
                          0.0756492992252487,
                          0.12370820475973675,
                          0.0998252988835409,
                          0.08591686443296744,
                          0.10431094452114478,
                          0.1392063320084525,
                          0.09294779424773263],
                         [0.12159109373835089,
                          0.06716375461169706,
                          0.11727670791124742,
                          0.06646183110498395,
                          0.15237239722650658,
                          0.10476129767083883,
                          0.10169330279561041,
                          0.09329779120743262],
                         [0.12401947400724411,
                          0.08890887234478717,
                          0.11964851465080033,
                          0.05825519923013281,
                          0.154501531162231,
                          0.11436363784801476,
                          0.10141386769592706,
                          0.10446737375521414],
                         [0.09407734199755748,
                          0.10039656201912864,
                          0.142156481688636,
                          0.0983862575654929,
                          0.05978033429419156,
                          0.1197455331578786,
                          0.051766853981309965,
                          0.10937520540287991]]}]}
load_tensorflow_graph: path = tensorflow/mario-model-simple-2019-07-17/frozen_inference_graph.pb
object_detection_graph = <tensorflow.python.framework.ops.Graph object at 0x7f7f02911e80>
Doing start sequence
Sleeping one second
sending start
sending empty
Found black world screen for the second time. exiting.



Seconds left: 393
Moves to the right: 17
