pygame 1.9.6
Hello from the pygame community. https://www.pygame.org/contribute.html
Loading neural net from gameplay_neural_nets/13/9.nn
net = {'generation': 10,
 'inputs': [],
 'layers': [{'activation': 'sigmoid',
             'bias': [0.00255651202518964,
                      0.017647134451109176,
                      -0.004887755955403999,
                      -0.007722143521328174,
                      0.008388891805504802,
                      0.025250280962092475,
                      -0.008850128654932272,
                      -0.0208055908074717],
             'name': 'input',
             'neurons': [],
             'num_neurons': 8,
             'weights': [[0.4843438673458569,
                          0.49472043571358776,
                          0.4943883914401795,
                          0.5192008078916645,
                          0.48575036117535664,
                          0.4913389147645737,
                          0.5088032162724174,
                          0.4941154565231982,
                          0.48638336251275655,
                          0.5085435837864268],
                         [0.49453627096483416,
                          0.5120251192937603,
                          0.5094553698733391,
                          0.4837749645800763,
                          0.5249298282212569,
                          0.49730062004194076,
                          0.48133304108956565,
                          0.4846946098517111,
                          0.49516050092568636,
                          0.5119202704325306],
                         [0.518022084227558,
                          0.4898080825059501,
                          0.48705789656229737,
                          0.4933547013990544,
                          0.4793322081801439,
                          0.4998795917351266,
                          0.5066684446100642,
                          0.4979423738279781,
                          0.5025580864532448,
                          0.4871793744221195],
                         [0.5271598638565994,
                          0.49409023408922836,
                          0.5097152402351647,
                          0.5066976021189231,
                          0.4820080283226388,
                          0.5002005322270529,
                          0.4999883180220672,
                          0.48322949897375966,
                          0.5085243614391315,
                          0.5113672138857213],
                         [0.5,
                          0.4945395673247989,
                          0.4958862791982167,
                          0.4919358186483827,
                          0.4917743368657384,
                          0.4896172868899983,
                          0.5041005622088833,
                          0.5036152465333187,
                          0.4975150067090851,
                          0.5176869633013104],
                         [0.4919949833493986,
                          0.5196935384066259,
                          0.48125253712493704,
                          0.4962853861997171,
                          0.4922210661667046,
                          0.5019301484947635,
                          0.5194166033460739,
                          0.4921372932737329,
                          0.4904037252276235,
                          0.4921321642201524],
                         [0.5066027972887538,
                          0.5214235994806835,
                          0.518005608587677,
                          0.5094319196219108,
                          0.49633153455431295,
                          0.49854624032895634,
                          0.49514097929357787,
                          0.5051289289689277,
                          0.5100788018770671,
                          0.5069476209040386],
                         [0.489234870767659,
                          0.5256389179310984,
                          0.4733315759948811,
                          0.5041986659700641,
                          0.49785190314598005,
                          0.4962297345502547,
                          0.49024843500328136,
                          0.4973937628863974,
                          0.4973603755247538,
                          0.49734268613746757]]},
            {'activation': 'sigmoid',
             'bias': [-0.01381741393375964,
                      -0.0014471334049653683,
                      -0.03104347249242625,
                      0.007959871865368971,
                      0.007472104635134284,
                      -0.016341698543474413],
             'name': 'hidden1',
             'neurons': [],
             'num_neurons': 6,
             'weights': [[0.4997554961113951,
                          0.47862232214904665,
                          0.5041752579265667,
                          0.5099233384332459,
                          0.5039614369726945,
                          0.5172068253336567,
                          0.5071799559427855,
                          0.4998942859248533],
                         [0.494153080920399,
                          0.5144855456869748,
                          0.4831368370698372,
                          0.5118064164958959,
                          0.485293372125874,
                          0.4960548128183403,
                          0.48767458347753,
                          0.5011990275459677],
                         [0.50470628955049,
                          0.4983146715734503,
                          0.504695418712824,
                          0.5074400082689721,
                          0.51058563129085,
                          0.513317601672887,
                          0.5058222453511223,
                          0.4947960930732662],
                         [0.5027447072023065,
                          0.4936032324109684,
                          0.5063245662171958,
                          0.4961877838416535,
                          0.502767402726662,
                          0.4884005999852287,
                          0.5009617349480209,
                          0.4993655492437229],
                         [0.49520868451235434,
                          0.5203491286839351,
                          0.49383454425737666,
                          0.4913295764073096,
                          0.5039789613865853,
                          0.5237448240671829,
                          0.49140935413816705,
                          0.4988512833941319],
                         [0.4942853373872531,
                          0.48185977204589564,
                          0.49281978995525066,
                          0.4978179451012345,
                          0.4957223199701535,
                          0.4880460709967705,
                          0.4909172741957792,
                          0.48172103489719204],
                         [0.5035532182785865,
                          0.49620763958533926,
                          0.508536770276132,
                          0.5261640895143304,
                          0.4859364389184203,
                          0.49149331433786464,
                          0.5108696852697565,
                          0.4904954682966308],
                         [0.5106568846605297,
                          0.4974301071304599,
                          0.5005961976795945,
                          0.5052285006090451,
                          0.4991626052453494,
                          0.5082938101045402,
                          0.48281613284149427,
                          0.4949224800484832]]},
            {'activation': 'sigmoid',
             'bias': [-0.013322104580714146,
                      0.009145194597157272,
                      0.000715986989882917,
                      -0.005744386229696769,
                      0.006841307994572835],
             'name': 'output',
             'neurons': [],
             'num_neurons': 5,
             'weights': [[0.46909211588242267,
                          0.5046241385036281,
                          0.5159419871166312,
                          0.5006366593572784,
                          0.48300761363815353,
                          0.4948138827315414],
                         [0.5079111419428359,
                          0.5048930918290585,
                          0.4944512072332268,
                          0.4985003959192794,
                          0.4995609715275566,
                          0.49988739348716504],
                         [0.5090077654159493,
                          0.5052021455446943,
                          0.5088802245651964,
                          0.4836731118055261,
                          0.49917572191366005,
                          0.5044262833703742],
                         [0.5033658052408164,
                          0.5011726924834077,
                          0.5018027460665859,
                          0.5079278001488522,
                          0.4944110761074108,
                          0.4909596055118129],
                         [0.5146891981122864,
                          0.502033833465124,
                          0.5084366538432867,
                          0.5055881496156276,
                          0.5127998093475074,
                          0.5134253403395134],
                         [0.4973331975296196,
                          0.5215267911281483,
                          0.517557439811126,
                          0.4790202155411258,
                          0.48254034600169887,
                          0.49286386100527146]]}]}
{'generation': 10,
 'inputs': [],
 'layers': [{'activation': 'sigmoid',
             'bias': [0.00255651202518964,
                      0.017647134451109176,
                      -0.004887755955403999,
                      -0.007722143521328174,
                      0.008388891805504802,
                      0.025250280962092475,
                      -0.008850128654932272,
                      -0.0208055908074717],
             'name': 'input',
             'neurons': [<gameplay.Neuron object at 0x7f71ea28d828>,
                         <gameplay.Neuron object at 0x7f71ea28d7f0>,
                         <gameplay.Neuron object at 0x7f71ea28d208>,
                         <gameplay.Neuron object at 0x7f71ea28db38>,
                         <gameplay.Neuron object at 0x7f71ea28dbe0>,
                         <gameplay.Neuron object at 0x7f71ea28db70>,
                         <gameplay.Neuron object at 0x7f71ea28dcc0>,
                         <gameplay.Neuron object at 0x7f71ea28dc88>],
             'num_neurons': 8,
             'weights': [[0.4843438673458569,
                          0.49472043571358776,
                          0.4943883914401795,
                          0.5192008078916645,
                          0.48575036117535664,
                          0.4913389147645737,
                          0.5088032162724174,
                          0.4941154565231982,
                          0.48638336251275655,
                          0.5085435837864268],
                         [0.49453627096483416,
                          0.5120251192937603,
                          0.5094553698733391,
                          0.4837749645800763,
                          0.5249298282212569,
                          0.49730062004194076,
                          0.48133304108956565,
                          0.4846946098517111,
                          0.49516050092568636,
                          0.5119202704325306],
                         [0.518022084227558,
                          0.4898080825059501,
                          0.48705789656229737,
                          0.4933547013990544,
                          0.4793322081801439,
                          0.4998795917351266,
                          0.5066684446100642,
                          0.4979423738279781,
                          0.5025580864532448,
                          0.4871793744221195],
                         [0.5271598638565994,
                          0.49409023408922836,
                          0.5097152402351647,
                          0.5066976021189231,
                          0.4820080283226388,
                          0.5002005322270529,
                          0.4999883180220672,
                          0.48322949897375966,
                          0.5085243614391315,
                          0.5113672138857213],
                         [0.5,
                          0.4945395673247989,
                          0.4958862791982167,
                          0.4919358186483827,
                          0.4917743368657384,
                          0.4896172868899983,
                          0.5041005622088833,
                          0.5036152465333187,
                          0.4975150067090851,
                          0.5176869633013104],
                         [0.4919949833493986,
                          0.5196935384066259,
                          0.48125253712493704,
                          0.4962853861997171,
                          0.4922210661667046,
                          0.5019301484947635,
                          0.5194166033460739,
                          0.4921372932737329,
                          0.4904037252276235,
                          0.4921321642201524],
                         [0.5066027972887538,
                          0.5214235994806835,
                          0.518005608587677,
                          0.5094319196219108,
                          0.49633153455431295,
                          0.49854624032895634,
                          0.49514097929357787,
                          0.5051289289689277,
                          0.5100788018770671,
                          0.5069476209040386],
                         [0.489234870767659,
                          0.5256389179310984,
                          0.4733315759948811,
                          0.5041986659700641,
                          0.49785190314598005,
                          0.4962297345502547,
                          0.49024843500328136,
                          0.4973937628863974,
                          0.4973603755247538,
                          0.49734268613746757]]},
            {'activation': 'sigmoid',
             'bias': [-0.01381741393375964,
                      -0.0014471334049653683,
                      -0.03104347249242625,
                      0.007959871865368971,
                      0.007472104635134284,
                      -0.016341698543474413],
             'name': 'hidden1',
             'neurons': [<gameplay.Neuron object at 0x7f71ea28dcf8>,
                         <gameplay.Neuron object at 0x7f71ea28dd30>,
                         <gameplay.Neuron object at 0x7f71ea28ddd8>,
                         <gameplay.Neuron object at 0x7f71ea28dda0>,
                         <gameplay.Neuron object at 0x7f71ea28dd68>,
                         <gameplay.Neuron object at 0x7f71ea28de10>],
             'num_neurons': 6,
             'weights': [[0.4997554961113951,
                          0.47862232214904665,
                          0.5041752579265667,
                          0.5099233384332459,
                          0.5039614369726945,
                          0.5172068253336567,
                          0.5071799559427855,
                          0.4998942859248533],
                         [0.494153080920399,
                          0.5144855456869748,
                          0.4831368370698372,
                          0.5118064164958959,
                          0.485293372125874,
                          0.4960548128183403,
                          0.48767458347753,
                          0.5011990275459677],
                         [0.50470628955049,
                          0.4983146715734503,
                          0.504695418712824,
                          0.5074400082689721,
                          0.51058563129085,
                          0.513317601672887,
                          0.5058222453511223,
                          0.4947960930732662],
                         [0.5027447072023065,
                          0.4936032324109684,
                          0.5063245662171958,
                          0.4961877838416535,
                          0.502767402726662,
                          0.4884005999852287,
                          0.5009617349480209,
                          0.4993655492437229],
                         [0.49520868451235434,
                          0.5203491286839351,
                          0.49383454425737666,
                          0.4913295764073096,
                          0.5039789613865853,
                          0.5237448240671829,
                          0.49140935413816705,
                          0.4988512833941319],
                         [0.4942853373872531,
                          0.48185977204589564,
                          0.49281978995525066,
                          0.4978179451012345,
                          0.4957223199701535,
                          0.4880460709967705,
                          0.4909172741957792,
                          0.48172103489719204],
                         [0.5035532182785865,
                          0.49620763958533926,
                          0.508536770276132,
                          0.5261640895143304,
                          0.4859364389184203,
                          0.49149331433786464,
                          0.5108696852697565,
                          0.4904954682966308],
                         [0.5106568846605297,
                          0.4974301071304599,
                          0.5005961976795945,
                          0.5052285006090451,
                          0.4991626052453494,
                          0.5082938101045402,
                          0.48281613284149427,
                          0.4949224800484832]]},
            {'activation': 'sigmoid',
             'bias': [-0.013322104580714146,
                      0.009145194597157272,
                      0.000715986989882917,
                      -0.005744386229696769,
                      0.006841307994572835],
             'name': 'output',
             'neurons': [<gameplay.Neuron object at 0x7f71ea28de80>,
                         <gameplay.Neuron object at 0x7f71ea28de48>,
                         <gameplay.Neuron object at 0x7f71ea28deb8>,
                         <gameplay.Neuron object at 0x7f71ea28dba8>,
                         <gameplay.Neuron object at 0x7f71ea28dc18>],
             'num_neurons': 5,
             'weights': [[0.46909211588242267,
                          0.5046241385036281,
                          0.5159419871166312,
                          0.5006366593572784,
                          0.48300761363815353,
                          0.4948138827315414],
                         [0.5079111419428359,
                          0.5048930918290585,
                          0.4944512072332268,
                          0.4985003959192794,
                          0.4995609715275566,
                          0.49988739348716504],
                         [0.5090077654159493,
                          0.5052021455446943,
                          0.5088802245651964,
                          0.4836731118055261,
                          0.49917572191366005,
                          0.5044262833703742],
                         [0.5033658052408164,
                          0.5011726924834077,
                          0.5018027460665859,
                          0.5079278001488522,
                          0.4944110761074108,
                          0.4909596055118129],
                         [0.5146891981122864,
                          0.502033833465124,
                          0.5084366538432867,
                          0.5055881496156276,
                          0.5127998093475074,
                          0.5134253403395134],
                         [0.4973331975296196,
                          0.5215267911281483,
                          0.517557439811126,
                          0.4790202155411258,
                          0.48254034600169887,
                          0.49286386100527146]]}]}
load_tensorflow_graph: path = tensorflow/mario-model-simple-2019-07-17/frozen_inference_graph.pb
object_detection_graph = <tensorflow.python.framework.ops.Graph object at 0x7f71ea28df98>
Doing start sequence
Sleeping one second
sending start
sending empty
Found black world screen for the second time. exiting.



Seconds left: 369
Moves to the right: 102
frame count: 148
time start:  1568158266.9607115,   time_now: 1568158282.664663
