pygame 1.9.6
Hello from the pygame community. https://www.pygame.org/contribute.html
Loading neural net from gameplay_neural_nets/109/4.nn
net = {'generation': 98,
 'inputs': [],
 'layers': [{'activation': 'sigmoid',
             'bias': [0.019349299132985918,
                      0.0002749286100292344,
                      -0.0008170338509090125,
                      -0.025941150572471445,
                      0.0003643092426878578,
                      -0.02771226122312182,
                      0.021128072483104915,
                      -0.024466454626312695],
             'name': 'input',
             'neurons': [],
             'num_neurons': 8,
             'weights': [[0.3710587709846191,
                          0.4182432007943007,
                          0.0862964366038981,
                          0.11175120023384624,
                          0.09011345951613485,
                          0.07892412616237551,
                          0.08500577714948238,
                          0.10543249703084984,
                          0.08594903904480018,
                          0.0691663018055477],
                         [0.37875946674816413,
                          0.36712653918671007,
                          0.08654292704752561,
                          0.10196157925578501,
                          0.11643160586560525,
                          0.06776803980593167,
                          0.11977832019174098,
                          0.09072544211533198,
                          0.11974836764972073,
                          0.10961181993662941],
                         [0.38079075272154805,
                          0.42838404273816866,
                          0.10014114767791232,
                          0.05563381488942613,
                          0.1137551564731217,
                          0.10905340860857017,
                          0.10541690400003936,
                          0.10631741812016013,
                          0.0906296682925628,
                          0.07796628709156354],
                         [0.38342374402310947,
                          0.38882784269314746,
                          0.10447317212335513,
                          0.11309398304423605,
                          0.03855481585281093,
                          0.08951502435445118,
                          0.097148675787541,
                          0.12838043707822278,
                          0.11447131407105443,
                          0.12308311876374439],
                         [0.4013459146213683,
                          0.3877260014635799,
                          0.0652043235072546,
                          0.11481063619671425,
                          0.0833798711813055,
                          0.1440521802037339,
                          0.1139798325544163,
                          0.1354895079154646,
                          0.09701000433579299,
                          0.07588789949878397],
                         [0.3742946502690349,
                          0.438071972261865,
                          0.08250472410555885,
                          0.08472146252318279,
                          0.11455542432374614,
                          0.06378520893920538,
                          0.08964900281284806,
                          0.10304201122702882,
                          0.11444962565804873,
                          0.10291054980665387],
                         [0.3636552005088008,
                          0.3774048596452009,
                          0.11884873449804383,
                          0.05315522782088633,
                          0.10028801705746507,
                          0.12844783082430056,
                          0.08917180148193558,
                          0.12486334565291403,
                          0.0980677201402556,
                          0.0831481661316244],
                         [0.39509367073926555,
                          0.42115517708373545,
                          0.048778761536630855,
                          0.07314494772664337,
                          0.1222207840911247,
                          0.03967109944627043,
                          0.07304502092549114,
                          0.13931420804797146,
                          0.08981054472615733,
                          0.06829092908260581]]},
            {'activation': 'sigmoid',
             'bias': [-0.019754222932578364,
                      0.04658872817170994,
                      0.006694648088886859,
                      -0.00831004731542329,
                      0.018690488560390295],
             'name': 'output',
             'neurons': [],
             'num_neurons': 5,
             'weights': [[0.061485262392024106,
                          0.10039039354947757,
                          0.09625111898664619,
                          0.05862289155458935,
                          0.09795078449448444,
                          0.14382607260931196,
                          0.13030659898863065,
                          0.10205648088442935],
                         [0.07406491049045623,
                          0.08380235255458127,
                          0.05600624260220268,
                          0.15592526114975094,
                          0.08166279098909987,
                          0.07762217776536487,
                          0.07179224570284669,
                          0.17541642485557465],
                         [0.12330268807301034,
                          0.07939152959986268,
                          0.11092340686386289,
                          0.08715276107856317,
                          0.10047084527658766,
                          0.11210814336695574,
                          0.14435148089258043,
                          0.08607809557644264],
                         [0.11651676520609965,
                          0.05909731386666654,
                          0.11887971465507444,
                          0.053478328210866684,
                          0.15412087184665668,
                          0.0990060147914815,
                          0.10030303412796684,
                          0.08431011458101209],
                         [0.11653576663191165,
                          0.10488461086516816,
                          0.12501039008548354,
                          0.04420916381210521,
                          0.16239688199890265,
                          0.10222166912069511,
                          0.0975717451631799,
                          0.11938994508762951],
                         [0.09257855482587217,
                          0.11207870747709386,
                          0.14176326988086166,
                          0.0894181675307573,
                          0.06295566704154917,
                          0.11099907015318916,
                          0.04940874856693815,
                          0.10838323341789258]]}]}
{'generation': 98,
 'inputs': [],
 'layers': [{'activation': 'sigmoid',
             'bias': [0.019349299132985918,
                      0.0002749286100292344,
                      -0.0008170338509090125,
                      -0.025941150572471445,
                      0.0003643092426878578,
                      -0.02771226122312182,
                      0.021128072483104915,
                      -0.024466454626312695],
             'name': 'input',
             'neurons': [<gameplay.Neuron object at 0x7ff6fb5e8860>,
                         <gameplay.Neuron object at 0x7ff6fb5e8828>,
                         <gameplay.Neuron object at 0x7ff6fb5e8240>,
                         <gameplay.Neuron object at 0x7ff6fb5e8b00>,
                         <gameplay.Neuron object at 0x7ff6fb5e8ba8>,
                         <gameplay.Neuron object at 0x7ff6fb5e8b38>,
                         <gameplay.Neuron object at 0x7ff6fb5e8c88>,
                         <gameplay.Neuron object at 0x7ff6fb5e8c50>],
             'num_neurons': 8,
             'weights': [[0.3710587709846191,
                          0.4182432007943007,
                          0.0862964366038981,
                          0.11175120023384624,
                          0.09011345951613485,
                          0.07892412616237551,
                          0.08500577714948238,
                          0.10543249703084984,
                          0.08594903904480018,
                          0.0691663018055477],
                         [0.37875946674816413,
                          0.36712653918671007,
                          0.08654292704752561,
                          0.10196157925578501,
                          0.11643160586560525,
                          0.06776803980593167,
                          0.11977832019174098,
                          0.09072544211533198,
                          0.11974836764972073,
                          0.10961181993662941],
                         [0.38079075272154805,
                          0.42838404273816866,
                          0.10014114767791232,
                          0.05563381488942613,
                          0.1137551564731217,
                          0.10905340860857017,
                          0.10541690400003936,
                          0.10631741812016013,
                          0.0906296682925628,
                          0.07796628709156354],
                         [0.38342374402310947,
                          0.38882784269314746,
                          0.10447317212335513,
                          0.11309398304423605,
                          0.03855481585281093,
                          0.08951502435445118,
                          0.097148675787541,
                          0.12838043707822278,
                          0.11447131407105443,
                          0.12308311876374439],
                         [0.4013459146213683,
                          0.3877260014635799,
                          0.0652043235072546,
                          0.11481063619671425,
                          0.0833798711813055,
                          0.1440521802037339,
                          0.1139798325544163,
                          0.1354895079154646,
                          0.09701000433579299,
                          0.07588789949878397],
                         [0.3742946502690349,
                          0.438071972261865,
                          0.08250472410555885,
                          0.08472146252318279,
                          0.11455542432374614,
                          0.06378520893920538,
                          0.08964900281284806,
                          0.10304201122702882,
                          0.11444962565804873,
                          0.10291054980665387],
                         [0.3636552005088008,
                          0.3774048596452009,
                          0.11884873449804383,
                          0.05315522782088633,
                          0.10028801705746507,
                          0.12844783082430056,
                          0.08917180148193558,
                          0.12486334565291403,
                          0.0980677201402556,
                          0.0831481661316244],
                         [0.39509367073926555,
                          0.42115517708373545,
                          0.048778761536630855,
                          0.07314494772664337,
                          0.1222207840911247,
                          0.03967109944627043,
                          0.07304502092549114,
                          0.13931420804797146,
                          0.08981054472615733,
                          0.06829092908260581]]},
            {'activation': 'sigmoid',
             'bias': [-0.019754222932578364,
                      0.04658872817170994,
                      0.006694648088886859,
                      -0.00831004731542329,
                      0.018690488560390295],
             'name': 'output',
             'neurons': [<gameplay.Neuron object at 0x7ff6fb5e8cc0>,
                         <gameplay.Neuron object at 0x7ff6fb5e8cf8>,
                         <gameplay.Neuron object at 0x7ff6fb5e8d68>,
                         <gameplay.Neuron object at 0x7ff6fb5e8d30>,
                         <gameplay.Neuron object at 0x7ff6fb5e8da0>],
             'num_neurons': 5,
             'weights': [[0.061485262392024106,
                          0.10039039354947757,
                          0.09625111898664619,
                          0.05862289155458935,
                          0.09795078449448444,
                          0.14382607260931196,
                          0.13030659898863065,
                          0.10205648088442935],
                         [0.07406491049045623,
                          0.08380235255458127,
                          0.05600624260220268,
                          0.15592526114975094,
                          0.08166279098909987,
                          0.07762217776536487,
                          0.07179224570284669,
                          0.17541642485557465],
                         [0.12330268807301034,
                          0.07939152959986268,
                          0.11092340686386289,
                          0.08715276107856317,
                          0.10047084527658766,
                          0.11210814336695574,
                          0.14435148089258043,
                          0.08607809557644264],
                         [0.11651676520609965,
                          0.05909731386666654,
                          0.11887971465507444,
                          0.053478328210866684,
                          0.15412087184665668,
                          0.0990060147914815,
                          0.10030303412796684,
                          0.08431011458101209],
                         [0.11653576663191165,
                          0.10488461086516816,
                          0.12501039008548354,
                          0.04420916381210521,
                          0.16239688199890265,
                          0.10222166912069511,
                          0.0975717451631799,
                          0.11938994508762951],
                         [0.09257855482587217,
                          0.11207870747709386,
                          0.14176326988086166,
                          0.0894181675307573,
                          0.06295566704154917,
                          0.11099907015318916,
                          0.04940874856693815,
                          0.10838323341789258]]}]}
load_tensorflow_graph: path = tensorflow/mario-model-simple-2019-07-17/frozen_inference_graph.pb
object_detection_graph = <tensorflow.python.framework.ops.Graph object at 0x7ff6fb5e8e48>
Doing start sequence
Sleeping one second
sending start
sending empty
Found black world screen for the second time. exiting.



Seconds left: 393
Moves to the right: 19
