pygame 1.9.6
Hello from the pygame community. https://www.pygame.org/contribute.html
Loading neural net from gameplay_neural_nets/26/10.nn
net = {'generation': 23,
 'inputs': [],
 'layers': [{'activation': 'sigmoid',
             'bias': [0.008440509205919433,
                      -0.017929575134907887,
                      0.017622767744729803,
                      -0.002656683760996776,
                      0.007888755761114252,
                      0.001763108286649018,
                      0.005337483701720103,
                      -0.011876233881449845],
             'name': 'input',
             'neurons': [],
             'num_neurons': 8,
             'weights': [[0.3885968687430272,
                          0.3922462988416447,
                          0.10488358769578804,
                          0.1295062650838014,
                          0.1130764572043444,
                          0.09741016118256116,
                          0.09927693251538688,
                          0.11993442322404027,
                          0.09118187245312684,
                          0.091379207616289],
                         [0.39213757914597164,
                          0.40951051813985656,
                          0.10637555818898971,
                          0.10774403774264663,
                          0.08834689561286092,
                          0.09503939164584817,
                          0.08457633837900747,
                          0.097919449599516,
                          0.10877690892505557,
                          0.08786178127747796],
                         [0.3789540358785402,
                          0.40213250384394017,
                          0.10600888976569657,
                          0.08134717308780602,
                          0.0796786746757851,
                          0.11535592459341439,
                          0.08020195267443664,
                          0.07785472051142803,
                          0.11227221321839925,
                          0.0970473628837594],
                         [0.39164624014073895,
                          0.3838678581413248,
                          0.10120700858436271,
                          0.10522209055980758,
                          0.08516020431749578,
                          0.10059805060544635,
                          0.10539097095615377,
                          0.10602320787582997,
                          0.07992061912113552,
                          0.11198736845542553],
                         [0.39373218400875776,
                          0.4110375174220652,
                          0.0870508990525315,
                          0.10807913784172274,
                          0.09878794502176681,
                          0.09455699169767752,
                          0.09813358648736722,
                          0.12744596649871398,
                          0.09323974537742219,
                          0.08944992767938852],
                         [0.3725471919500973,
                          0.39022067790703496,
                          0.08324230858501548,
                          0.09887544088641974,
                          0.11476143899099042,
                          0.09895050469418572,
                          0.116335821329896,
                          0.1071416042390736,
                          0.10096621750041836,
                          0.1207824193639299],
                         [0.3930132538230828,
                          0.3955275075957854,
                          0.09951305834172094,
                          0.0868396679625848,
                          0.09344556614847202,
                          0.09021526055559372,
                          0.10937468505304036,
                          0.1173306796513422,
                          0.09292977473633135,
                          0.06836680220365524],
                         [0.39351453071161707,
                          0.40208151084987154,
                          0.08870642459942239,
                          0.07863099090884451,
                          0.11505794258928496,
                          0.09188473034231569,
                          0.08857685596329752,
                          0.11809857530415126,
                          0.08644278334724848,
                          0.09801523254110076]]},
            {'activation': 'sigmoid',
             'bias': [-0.013060687597308758,
                      0.026677911888882716,
                      -0.009419426294402247,
                      0.020678863499463553,
                      0.029096202575469278],
             'name': 'output',
             'neurons': [],
             'num_neurons': 5,
             'weights': [[0.09461851104683569,
                          0.09049436082419263,
                          0.10374702237960297,
                          0.07700971982234041,
                          0.10777954970983834,
                          0.10923160828508602,
                          0.11596178540957015,
                          0.09627546362695125],
                         [0.08175682019834517,
                          0.10762351539349552,
                          0.0926595995548227,
                          0.12038636393810127,
                          0.10339172368923705,
                          0.09292514994145537,
                          0.08512297593061162,
                          0.12284550935894413],
                         [0.11214454157917636,
                          0.0824604922011027,
                          0.1083681013742307,
                          0.10250316360774417,
                          0.10133122054180298,
                          0.10192375533268361,
                          0.09400524134016315,
                          0.11113048467268744],
                         [0.09952950469322945,
                          0.07509238001842343,
                          0.11040385656609371,
                          0.09886993172631577,
                          0.09802137992338396,
                          0.10739851754438534,
                          0.10546228003789072,
                          0.104353654517388],
                         [0.11289598755405456,
                          0.09983638728728304,
                          0.11776945665178537,
                          0.0798060988460265,
                          0.13702571944775072,
                          0.08822627462358176,
                          0.10710448537993955,
                          0.10401113649967941],
                         [0.10537206140162972,
                          0.08519609347419752,
                          0.11951471940168452,
                          0.09806516181908313,
                          0.08767231348401511,
                          0.12129301635283886,
                          0.10627561556396342,
                          0.10216221256260787]]}]}
{'generation': 23,
 'inputs': [],
 'layers': [{'activation': 'sigmoid',
             'bias': [0.008440509205919433,
                      -0.017929575134907887,
                      0.017622767744729803,
                      -0.002656683760996776,
                      0.007888755761114252,
                      0.001763108286649018,
                      0.005337483701720103,
                      -0.011876233881449845],
             'name': 'input',
             'neurons': [<gameplay.Neuron object at 0x7f2d9abda898>,
                         <gameplay.Neuron object at 0x7f2d9abda860>,
                         <gameplay.Neuron object at 0x7f2d9abda278>,
                         <gameplay.Neuron object at 0x7f2d9abdab38>,
                         <gameplay.Neuron object at 0x7f2d9abdabe0>,
                         <gameplay.Neuron object at 0x7f2d9abdab70>,
                         <gameplay.Neuron object at 0x7f2d9abdacc0>,
                         <gameplay.Neuron object at 0x7f2d9abdac88>],
             'num_neurons': 8,
             'weights': [[0.3885968687430272,
                          0.3922462988416447,
                          0.10488358769578804,
                          0.1295062650838014,
                          0.1130764572043444,
                          0.09741016118256116,
                          0.09927693251538688,
                          0.11993442322404027,
                          0.09118187245312684,
                          0.091379207616289],
                         [0.39213757914597164,
                          0.40951051813985656,
                          0.10637555818898971,
                          0.10774403774264663,
                          0.08834689561286092,
                          0.09503939164584817,
                          0.08457633837900747,
                          0.097919449599516,
                          0.10877690892505557,
                          0.08786178127747796],
                         [0.3789540358785402,
                          0.40213250384394017,
                          0.10600888976569657,
                          0.08134717308780602,
                          0.0796786746757851,
                          0.11535592459341439,
                          0.08020195267443664,
                          0.07785472051142803,
                          0.11227221321839925,
                          0.0970473628837594],
                         [0.39164624014073895,
                          0.3838678581413248,
                          0.10120700858436271,
                          0.10522209055980758,
                          0.08516020431749578,
                          0.10059805060544635,
                          0.10539097095615377,
                          0.10602320787582997,
                          0.07992061912113552,
                          0.11198736845542553],
                         [0.39373218400875776,
                          0.4110375174220652,
                          0.0870508990525315,
                          0.10807913784172274,
                          0.09878794502176681,
                          0.09455699169767752,
                          0.09813358648736722,
                          0.12744596649871398,
                          0.09323974537742219,
                          0.08944992767938852],
                         [0.3725471919500973,
                          0.39022067790703496,
                          0.08324230858501548,
                          0.09887544088641974,
                          0.11476143899099042,
                          0.09895050469418572,
                          0.116335821329896,
                          0.1071416042390736,
                          0.10096621750041836,
                          0.1207824193639299],
                         [0.3930132538230828,
                          0.3955275075957854,
                          0.09951305834172094,
                          0.0868396679625848,
                          0.09344556614847202,
                          0.09021526055559372,
                          0.10937468505304036,
                          0.1173306796513422,
                          0.09292977473633135,
                          0.06836680220365524],
                         [0.39351453071161707,
                          0.40208151084987154,
                          0.08870642459942239,
                          0.07863099090884451,
                          0.11505794258928496,
                          0.09188473034231569,
                          0.08857685596329752,
                          0.11809857530415126,
                          0.08644278334724848,
                          0.09801523254110076]]},
            {'activation': 'sigmoid',
             'bias': [-0.013060687597308758,
                      0.026677911888882716,
                      -0.009419426294402247,
                      0.020678863499463553,
                      0.029096202575469278],
             'name': 'output',
             'neurons': [<gameplay.Neuron object at 0x7f2d9abdacf8>,
                         <gameplay.Neuron object at 0x7f2d9abdad30>,
                         <gameplay.Neuron object at 0x7f2d9abdada0>,
                         <gameplay.Neuron object at 0x7f2d9abdad68>,
                         <gameplay.Neuron object at 0x7f2d9abdadd8>],
             'num_neurons': 5,
             'weights': [[0.09461851104683569,
                          0.09049436082419263,
                          0.10374702237960297,
                          0.07700971982234041,
                          0.10777954970983834,
                          0.10923160828508602,
                          0.11596178540957015,
                          0.09627546362695125],
                         [0.08175682019834517,
                          0.10762351539349552,
                          0.0926595995548227,
                          0.12038636393810127,
                          0.10339172368923705,
                          0.09292514994145537,
                          0.08512297593061162,
                          0.12284550935894413],
                         [0.11214454157917636,
                          0.0824604922011027,
                          0.1083681013742307,
                          0.10250316360774417,
                          0.10133122054180298,
                          0.10192375533268361,
                          0.09400524134016315,
                          0.11113048467268744],
                         [0.09952950469322945,
                          0.07509238001842343,
                          0.11040385656609371,
                          0.09886993172631577,
                          0.09802137992338396,
                          0.10739851754438534,
                          0.10546228003789072,
                          0.104353654517388],
                         [0.11289598755405456,
                          0.09983638728728304,
                          0.11776945665178537,
                          0.0798060988460265,
                          0.13702571944775072,
                          0.08822627462358176,
                          0.10710448537993955,
                          0.10401113649967941],
                         [0.10537206140162972,
                          0.08519609347419752,
                          0.11951471940168452,
                          0.09806516181908313,
                          0.08767231348401511,
                          0.12129301635283886,
                          0.10627561556396342,
                          0.10216221256260787]]}]}
load_tensorflow_graph: path = tensorflow/mario-model-simple-2019-07-17/frozen_inference_graph.pb
object_detection_graph = <tensorflow.python.framework.ops.Graph object at 0x7f2d9abdae80>
Doing start sequence
Sleeping one second
sending start
sending empty
Found black world screen for the second time. exiting.



Seconds left: 393
Moves to the right: 21
