pygame 1.9.6
Hello from the pygame community. https://www.pygame.org/contribute.html
Loading neural net from gameplay_neural_nets/68/6.nn
net = {'generation': 59,
 'inputs': [],
 'layers': [{'activation': 'sigmoid',
             'bias': [-0.03669853639312928,
                      0.04389373109896535,
                      -0.02811624688744483,
                      0.005635516277477399,
                      0.008712556375775057,
                      -0.01075061429397031,
                      0.003028642000791046,
                      -0.024649957616149604],
             'name': 'input',
             'neurons': [],
             'num_neurons': 8,
             'weights': [[0.43341993937381096,
                          0.5059385880866497,
                          0.5180832901234135,
                          0.46948289670828713,
                          0.5018925540263984,
                          0.48602367326645074,
                          0.5349124744563638,
                          0.489628320800484,
                          0.49802269891607137,
                          0.5452869854926077],
                         [0.45650397196927667,
                          0.49632696079761257,
                          0.5383175834193583,
                          0.5166076152411089,
                          0.500114618225647,
                          0.4796806640536602,
                          0.47070679476918326,
                          0.483246470717707,
                          0.5303263810469961,
                          0.5140645350757231],
                         [0.5489665875937831,
                          0.48394100793156697,
                          0.49571604006257863,
                          0.49765151692314785,
                          0.49244375299966836,
                          0.5248821466357749,
                          0.49303747447639834,
                          0.48729752418827105,
                          0.46516310013682294,
                          0.49216647220228205],
                         [0.5151947505271692,
                          0.4697060711523361,
                          0.511612150497949,
                          0.4243195857022379,
                          0.44172431054889333,
                          0.5445718194694559,
                          0.5067011286494968,
                          0.48734419343724034,
                          0.532544122894479,
                          0.5123595010553069],
                         [0.48934268519067553,
                          0.4949365311680642,
                          0.5007614624120224,
                          0.44216469372839345,
                          0.5320503129581768,
                          0.5031703163293998,
                          0.5083577845203838,
                          0.4926137496905777,
                          0.47794611571359247,
                          0.5411774268166452],
                         [0.49528110904565015,
                          0.5045106378963101,
                          0.5015513856542808,
                          0.5378680398085124,
                          0.48532921067196527,
                          0.4640713363964909,
                          0.5463839258530926,
                          0.4511593114924218,
                          0.5079708872777159,
                          0.4317461622077047],
                         [0.5545562257453829,
                          0.4847686568587009,
                          0.4889611477937012,
                          0.5189880540504218,
                          0.5040557519852964,
                          0.49050335213538504,
                          0.5462894271299054,
                          0.48284120538551484,
                          0.4999897152755872,
                          0.4956455984404496],
                         [0.5121433891597376,
                          0.49149872626449226,
                          0.5313536331025657,
                          0.5537555221864721,
                          0.5004080443279642,
                          0.47637669385719156,
                          0.44056418437543443,
                          0.4663369528381518,
                          0.4987023143663864,
                          0.47162094247914677]]},
            {'activation': 'sigmoid',
             'bias': [-0.031259833334729176,
                      -0.009024992546677988,
                      -0.03430404266488558,
                      0.003945750429527807,
                      0.008005532278280615,
                      -0.04060860277745413],
             'name': 'hidden1',
             'neurons': [],
             'num_neurons': 6,
             'weights': [[0.4873108282886859,
                          0.4916483731728397,
                          0.5296256269076408,
                          0.48898011464975677,
                          0.5231739618409522,
                          0.4964475541008184,
                          0.5446659772695556,
                          0.48208622977365656],
                         [0.5403201499903856,
                          0.5605110717362993,
                          0.5317527548128289,
                          0.46589475523973833,
                          0.4519184862674812,
                          0.5269996826145096,
                          0.47409837321052256,
                          0.5088758584816054],
                         [0.49853823052112395,
                          0.5115139710656104,
                          0.5011610585520331,
                          0.5383152598517872,
                          0.5633933914451064,
                          0.5545373359504089,
                          0.5434251754312309,
                          0.5552195162494775],
                         [0.5229639334843262,
                          0.4949920664524142,
                          0.48637755028968516,
                          0.5112161348237294,
                          0.464281873410198,
                          0.4919092107592062,
                          0.4949522547152285,
                          0.5228699565534367],
                         [0.4843143673597547,
                          0.5692358518405051,
                          0.5088424584349098,
                          0.47400938918969876,
                          0.5072871220489004,
                          0.49119587116020835,
                          0.5211452940640168,
                          0.4964437803886595],
                         [0.448971936233917,
                          0.520056632116599,
                          0.49853959024454436,
                          0.48278911604610314,
                          0.4540991736885965,
                          0.47971282186122505,
                          0.4713167349800936,
                          0.5112112133910297],
                         [0.4763844130443536,
                          0.4915493622893338,
                          0.5147637937918882,
                          0.525751505130916,
                          0.4637184476923881,
                          0.48941619652043994,
                          0.5483801360588456,
                          0.49610709873886993],
                         [0.5029002977673059,
                          0.5529194270670643,
                          0.49134636981618895,
                          0.5225182042993783,
                          0.5275863692918255,
                          0.4814137846661899,
                          0.5012519505061792,
                          0.47616057165504416]]},
            {'activation': 'sigmoid',
             'bias': [-0.022290272375492547,
                      0.018791403020104472,
                      -0.013212460060812626,
                      0.021208372185963477,
                      0.029625442257974005],
             'name': 'output',
             'neurons': [],
             'num_neurons': 5,
             'weights': [[0.46376514537953295,
                          0.49410738792515174,
                          0.5443658901156468,
                          0.5021514129220007,
                          0.49032392200634656,
                          0.49101788238580985],
                         [0.5327131311560979,
                          0.5185107056784095,
                          0.470950129624483,
                          0.5031313140849437,
                          0.49221850841813436,
                          0.479433501625957],
                         [0.508838318980195,
                          0.5158286988793681,
                          0.45878085757411896,
                          0.5128724015625126,
                          0.543012031718274,
                          0.4742650779923402],
                         [0.5109813305632516,
                          0.47172677312616473,
                          0.50525918187252,
                          0.49507838054262265,
                          0.4815250726242555,
                          0.49054068336575035],
                         [0.4997630679606101,
                          0.5152804043182225,
                          0.4694277454529881,
                          0.5452992365638066,
                          0.5002749363701317,
                          0.4899197110057936],
                         [0.5199721736629813,
                          0.5075976201455985,
                          0.4926961840839021,
                          0.4701129509978622,
                          0.4818877161327448,
                          0.46158289874304304]]}]}
{'generation': 59,
 'inputs': [],
 'layers': [{'activation': 'sigmoid',
             'bias': [-0.03669853639312928,
                      0.04389373109896535,
                      -0.02811624688744483,
                      0.005635516277477399,
                      0.008712556375775057,
                      -0.01075061429397031,
                      0.003028642000791046,
                      -0.024649957616149604],
             'name': 'input',
             'neurons': [<gameplay.Neuron object at 0x7fd8b1c0d828>,
                         <gameplay.Neuron object at 0x7fd8b1c0d7f0>,
                         <gameplay.Neuron object at 0x7fd8b1c0d208>,
                         <gameplay.Neuron object at 0x7fd8b1c0db38>,
                         <gameplay.Neuron object at 0x7fd8b1c0dbe0>,
                         <gameplay.Neuron object at 0x7fd8b1c0db70>,
                         <gameplay.Neuron object at 0x7fd8b1c0dc88>,
                         <gameplay.Neuron object at 0x7fd8b1c0dcc0>],
             'num_neurons': 8,
             'weights': [[0.43341993937381096,
                          0.5059385880866497,
                          0.5180832901234135,
                          0.46948289670828713,
                          0.5018925540263984,
                          0.48602367326645074,
                          0.5349124744563638,
                          0.489628320800484,
                          0.49802269891607137,
                          0.5452869854926077],
                         [0.45650397196927667,
                          0.49632696079761257,
                          0.5383175834193583,
                          0.5166076152411089,
                          0.500114618225647,
                          0.4796806640536602,
                          0.47070679476918326,
                          0.483246470717707,
                          0.5303263810469961,
                          0.5140645350757231],
                         [0.5489665875937831,
                          0.48394100793156697,
                          0.49571604006257863,
                          0.49765151692314785,
                          0.49244375299966836,
                          0.5248821466357749,
                          0.49303747447639834,
                          0.48729752418827105,
                          0.46516310013682294,
                          0.49216647220228205],
                         [0.5151947505271692,
                          0.4697060711523361,
                          0.511612150497949,
                          0.4243195857022379,
                          0.44172431054889333,
                          0.5445718194694559,
                          0.5067011286494968,
                          0.48734419343724034,
                          0.532544122894479,
                          0.5123595010553069],
                         [0.48934268519067553,
                          0.4949365311680642,
                          0.5007614624120224,
                          0.44216469372839345,
                          0.5320503129581768,
                          0.5031703163293998,
                          0.5083577845203838,
                          0.4926137496905777,
                          0.47794611571359247,
                          0.5411774268166452],
                         [0.49528110904565015,
                          0.5045106378963101,
                          0.5015513856542808,
                          0.5378680398085124,
                          0.48532921067196527,
                          0.4640713363964909,
                          0.5463839258530926,
                          0.4511593114924218,
                          0.5079708872777159,
                          0.4317461622077047],
                         [0.5545562257453829,
                          0.4847686568587009,
                          0.4889611477937012,
                          0.5189880540504218,
                          0.5040557519852964,
                          0.49050335213538504,
                          0.5462894271299054,
                          0.48284120538551484,
                          0.4999897152755872,
                          0.4956455984404496],
                         [0.5121433891597376,
                          0.49149872626449226,
                          0.5313536331025657,
                          0.5537555221864721,
                          0.5004080443279642,
                          0.47637669385719156,
                          0.44056418437543443,
                          0.4663369528381518,
                          0.4987023143663864,
                          0.47162094247914677]]},
            {'activation': 'sigmoid',
             'bias': [-0.031259833334729176,
                      -0.009024992546677988,
                      -0.03430404266488558,
                      0.003945750429527807,
                      0.008005532278280615,
                      -0.04060860277745413],
             'name': 'hidden1',
             'neurons': [<gameplay.Neuron object at 0x7fd8b1c0dcf8>,
                         <gameplay.Neuron object at 0x7fd8b1c0dd30>,
                         <gameplay.Neuron object at 0x7fd8b1c0dda0>,
                         <gameplay.Neuron object at 0x7fd8b1c0dd68>,
                         <gameplay.Neuron object at 0x7fd8b1c0ddd8>,
                         <gameplay.Neuron object at 0x7fd8b1c0de48>],
             'num_neurons': 6,
             'weights': [[0.4873108282886859,
                          0.4916483731728397,
                          0.5296256269076408,
                          0.48898011464975677,
                          0.5231739618409522,
                          0.4964475541008184,
                          0.5446659772695556,
                          0.48208622977365656],
                         [0.5403201499903856,
                          0.5605110717362993,
                          0.5317527548128289,
                          0.46589475523973833,
                          0.4519184862674812,
                          0.5269996826145096,
                          0.47409837321052256,
                          0.5088758584816054],
                         [0.49853823052112395,
                          0.5115139710656104,
                          0.5011610585520331,
                          0.5383152598517872,
                          0.5633933914451064,
                          0.5545373359504089,
                          0.5434251754312309,
                          0.5552195162494775],
                         [0.5229639334843262,
                          0.4949920664524142,
                          0.48637755028968516,
                          0.5112161348237294,
                          0.464281873410198,
                          0.4919092107592062,
                          0.4949522547152285,
                          0.5228699565534367],
                         [0.4843143673597547,
                          0.5692358518405051,
                          0.5088424584349098,
                          0.47400938918969876,
                          0.5072871220489004,
                          0.49119587116020835,
                          0.5211452940640168,
                          0.4964437803886595],
                         [0.448971936233917,
                          0.520056632116599,
                          0.49853959024454436,
                          0.48278911604610314,
                          0.4540991736885965,
                          0.47971282186122505,
                          0.4713167349800936,
                          0.5112112133910297],
                         [0.4763844130443536,
                          0.4915493622893338,
                          0.5147637937918882,
                          0.525751505130916,
                          0.4637184476923881,
                          0.48941619652043994,
                          0.5483801360588456,
                          0.49610709873886993],
                         [0.5029002977673059,
                          0.5529194270670643,
                          0.49134636981618895,
                          0.5225182042993783,
                          0.5275863692918255,
                          0.4814137846661899,
                          0.5012519505061792,
                          0.47616057165504416]]},
            {'activation': 'sigmoid',
             'bias': [-0.022290272375492547,
                      0.018791403020104472,
                      -0.013212460060812626,
                      0.021208372185963477,
                      0.029625442257974005],
             'name': 'output',
             'neurons': [<gameplay.Neuron object at 0x7fd8b1c0de10>,
                         <gameplay.Neuron object at 0x7fd8b1c0de80>,
                         <gameplay.Neuron object at 0x7fd8b1c0dba8>,
                         <gameplay.Neuron object at 0x7fd8b1c0dc18>,
                         <gameplay.Neuron object at 0x7fd8b1c0dc50>],
             'num_neurons': 5,
             'weights': [[0.46376514537953295,
                          0.49410738792515174,
                          0.5443658901156468,
                          0.5021514129220007,
                          0.49032392200634656,
                          0.49101788238580985],
                         [0.5327131311560979,
                          0.5185107056784095,
                          0.470950129624483,
                          0.5031313140849437,
                          0.49221850841813436,
                          0.479433501625957],
                         [0.508838318980195,
                          0.5158286988793681,
                          0.45878085757411896,
                          0.5128724015625126,
                          0.543012031718274,
                          0.4742650779923402],
                         [0.5109813305632516,
                          0.47172677312616473,
                          0.50525918187252,
                          0.49507838054262265,
                          0.4815250726242555,
                          0.49054068336575035],
                         [0.4997630679606101,
                          0.5152804043182225,
                          0.4694277454529881,
                          0.5452992365638066,
                          0.5002749363701317,
                          0.4899197110057936],
                         [0.5199721736629813,
                          0.5075976201455985,
                          0.4926961840839021,
                          0.4701129509978622,
                          0.4818877161327448,
                          0.46158289874304304]]}]}
load_tensorflow_graph: path = tensorflow/mario-model-simple-2019-07-17/frozen_inference_graph.pb
object_detection_graph = <tensorflow.python.framework.ops.Graph object at 0x7fd8b1c0df98>
Doing start sequence
Sleeping one second
sending start
sending empty
Found black world screen for the second time. exiting.



Seconds left: 359
Moves to the right: 104
frame count: 178
time start:  1568175904.5963318,   time_now: 1568175923.6205504
