pygame 1.9.6
Hello from the pygame community. https://www.pygame.org/contribute.html
Loading neural net from gameplay_neural_nets/65/4.nn
net = {'generation': 57,
 'inputs': [],
 'layers': [{'activation': 'sigmoid',
             'bias': [-0.040781777997706374,
                      0.039402250157672965,
                      -0.03235043182577991,
                      -0.003989557499551726,
                      0.009500493471122634,
                      -0.01075061429397031,
                      0.0024604102042862196,
                      -0.038270874128191905],
             'name': 'input',
             'neurons': [],
             'num_neurons': 8,
             'weights': [[0.4329528268679502,
                          0.5127099712586655,
                          0.5041702248883488,
                          0.46948289670828713,
                          0.5018925540263984,
                          0.4840916271515108,
                          0.5418200831678215,
                          0.489628320800484,
                          0.5004847822444158,
                          0.5437377912219986],
                         [0.4618233803177399,
                          0.4950513337513965,
                          0.5301622483023941,
                          0.5088361507449214,
                          0.5126173860615558,
                          0.485857772965829,
                          0.4709424170914573,
                          0.47000099513422744,
                          0.526901612042596,
                          0.5140645350757231],
                         [0.5459538149917107,
                          0.4813767778023424,
                          0.49493725453194765,
                          0.4883534595661274,
                          0.49136946004201015,
                          0.5145839696874629,
                          0.5011323457853455,
                          0.48054761246395206,
                          0.47752849685991866,
                          0.4952141949578484],
                         [0.5049613889231295,
                          0.477417215146043,
                          0.5047706435325315,
                          0.4243195857022379,
                          0.44783684460750356,
                          0.5378912483995566,
                          0.513661374403896,
                          0.4798437965973403,
                          0.5175312208244952,
                          0.5123595010553069],
                         [0.494346479292115,
                          0.4891489484260869,
                          0.5007614624120224,
                          0.4676863873480396,
                          0.525988361284059,
                          0.4990754591992529,
                          0.5122277208730281,
                          0.48324287479182193,
                          0.4943365057785768,
                          0.5321971291431159],
                         [0.4934089549966304,
                          0.5024890001037775,
                          0.5036152168846928,
                          0.5278391230675772,
                          0.4790473637053382,
                          0.4615827381739678,
                          0.5561864727153053,
                          0.449295055928814,
                          0.4976950730287622,
                          0.4317461622077047],
                         [0.5452519988977573,
                          0.4844638276246898,
                          0.4977759051525679,
                          0.5096148115779077,
                          0.5117988680265876,
                          0.49598885698054895,
                          0.5472503763310985,
                          0.4763131733992487,
                          0.5187908866148576,
                          0.4953898013876583],
                         [0.5112957709808836,
                          0.5000905437963821,
                          0.5220473461275763,
                          0.5537555221864721,
                          0.49991347230413635,
                          0.4733699687677012,
                          0.4472642473839436,
                          0.47167189699789813,
                          0.48316031826716294,
                          0.4813345810802148]]},
            {'activation': 'sigmoid',
             'bias': [-0.028307832089281528,
                      -0.016724874571010857,
                      -0.04972923130742635,
                      0.003945750429527807,
                      0.005552756040438183,
                      -0.04303580801743632],
             'name': 'hidden1',
             'neurons': [],
             'num_neurons': 6,
             'weights': [[0.48649390837961165,
                          0.47621674466557207,
                          0.5296256269076408,
                          0.4960409997519624,
                          0.5231739618409522,
                          0.4836778751552937,
                          0.5380148054329356,
                          0.48208622977365656],
                         [0.5319923164047448,
                          0.5628022097779081,
                          0.5317527548128289,
                          0.4663510907368047,
                          0.44089417532502256,
                          0.5269996826145096,
                          0.4749528142420135,
                          0.5055885460336746],
                         [0.49853823052112395,
                          0.5115139710656104,
                          0.4972954843380473,
                          0.5406092357292943,
                          0.5526341232101377,
                          0.5539987042885647,
                          0.5434251754312309,
                          0.5462314088827692],
                         [0.5115465673359143,
                          0.5091429540212815,
                          0.48637755028968516,
                          0.5094835584362855,
                          0.45768267813379093,
                          0.48940140110018765,
                          0.5141624697107506,
                          0.527905176047428],
                         [0.4752382025170709,
                          0.5768453343521933,
                          0.5017031365790111,
                          0.47857756345310626,
                          0.5167578375743004,
                          0.49838228740363494,
                          0.5174048189672756,
                          0.5110960368794296],
                         [0.448971936233917,
                          0.5255343073301937,
                          0.4898480775412544,
                          0.47660861691265155,
                          0.44768135143722004,
                          0.47971282186122505,
                          0.4691973903349464,
                          0.5024907900984771],
                         [0.47172121900258607,
                          0.48688540273169895,
                          0.5209168349986314,
                          0.5193171736713577,
                          0.4550320790778055,
                          0.48175101771143647,
                          0.5446218313720945,
                          0.49610709873886993],
                         [0.5069030660795435,
                          0.5529194270670643,
                          0.4971388935843773,
                          0.5213667936801726,
                          0.5258405885718282,
                          0.4874683699023089,
                          0.49378027140744934,
                          0.478476055199431]]},
            {'activation': 'sigmoid',
             'bias': [-0.027618690285702935,
                      0.026071794437471735,
                      -0.004670857503725768,
                      0.015588035480706195,
                      0.026239529997675266],
             'name': 'output',
             'neurons': [],
             'num_neurons': 5,
             'weights': [[0.4666463468076528,
                          0.49410738792515174,
                          0.5368878990183553,
                          0.4870468927902608,
                          0.4995837610943485,
                          0.49802702020177964],
                         [0.5253517179487402,
                          0.5185107056784095,
                          0.4739471735765715,
                          0.5044759662191315,
                          0.49666217883315833,
                          0.4896746451406824],
                         [0.5078002183072561,
                          0.5040473196838079,
                          0.4634469082239366,
                          0.5200280880354923,
                          0.5392944250138023,
                          0.47850440635441355],
                         [0.5109813305632516,
                          0.4770361716070665,
                          0.5006871769390241,
                          0.48714364586404985,
                          0.4820788506026604,
                          0.48567880262949276],
                         [0.49622692563503595,
                          0.5152804043182225,
                          0.4694277454529881,
                          0.5461342240191511,
                          0.5002749363701317,
                          0.4899197110057936],
                         [0.5153921683106206,
                          0.5165548696424156,
                          0.4928721987394136,
                          0.4678319930939345,
                          0.49049862468155037,
                          0.46268636223572895]]}]}
{'generation': 57,
 'inputs': [],
 'layers': [{'activation': 'sigmoid',
             'bias': [-0.040781777997706374,
                      0.039402250157672965,
                      -0.03235043182577991,
                      -0.003989557499551726,
                      0.009500493471122634,
                      -0.01075061429397031,
                      0.0024604102042862196,
                      -0.038270874128191905],
             'name': 'input',
             'neurons': [<gameplay.Neuron object at 0x7fa5f0f427f0>,
                         <gameplay.Neuron object at 0x7fa5f0f427b8>,
                         <gameplay.Neuron object at 0x7fa5f0f421d0>,
                         <gameplay.Neuron object at 0x7fa5f0f42b00>,
                         <gameplay.Neuron object at 0x7fa5f0f42ba8>,
                         <gameplay.Neuron object at 0x7fa5f0f42b38>,
                         <gameplay.Neuron object at 0x7fa5f0f42c50>,
                         <gameplay.Neuron object at 0x7fa5f0f42c88>],
             'num_neurons': 8,
             'weights': [[0.4329528268679502,
                          0.5127099712586655,
                          0.5041702248883488,
                          0.46948289670828713,
                          0.5018925540263984,
                          0.4840916271515108,
                          0.5418200831678215,
                          0.489628320800484,
                          0.5004847822444158,
                          0.5437377912219986],
                         [0.4618233803177399,
                          0.4950513337513965,
                          0.5301622483023941,
                          0.5088361507449214,
                          0.5126173860615558,
                          0.485857772965829,
                          0.4709424170914573,
                          0.47000099513422744,
                          0.526901612042596,
                          0.5140645350757231],
                         [0.5459538149917107,
                          0.4813767778023424,
                          0.49493725453194765,
                          0.4883534595661274,
                          0.49136946004201015,
                          0.5145839696874629,
                          0.5011323457853455,
                          0.48054761246395206,
                          0.47752849685991866,
                          0.4952141949578484],
                         [0.5049613889231295,
                          0.477417215146043,
                          0.5047706435325315,
                          0.4243195857022379,
                          0.44783684460750356,
                          0.5378912483995566,
                          0.513661374403896,
                          0.4798437965973403,
                          0.5175312208244952,
                          0.5123595010553069],
                         [0.494346479292115,
                          0.4891489484260869,
                          0.5007614624120224,
                          0.4676863873480396,
                          0.525988361284059,
                          0.4990754591992529,
                          0.5122277208730281,
                          0.48324287479182193,
                          0.4943365057785768,
                          0.5321971291431159],
                         [0.4934089549966304,
                          0.5024890001037775,
                          0.5036152168846928,
                          0.5278391230675772,
                          0.4790473637053382,
                          0.4615827381739678,
                          0.5561864727153053,
                          0.449295055928814,
                          0.4976950730287622,
                          0.4317461622077047],
                         [0.5452519988977573,
                          0.4844638276246898,
                          0.4977759051525679,
                          0.5096148115779077,
                          0.5117988680265876,
                          0.49598885698054895,
                          0.5472503763310985,
                          0.4763131733992487,
                          0.5187908866148576,
                          0.4953898013876583],
                         [0.5112957709808836,
                          0.5000905437963821,
                          0.5220473461275763,
                          0.5537555221864721,
                          0.49991347230413635,
                          0.4733699687677012,
                          0.4472642473839436,
                          0.47167189699789813,
                          0.48316031826716294,
                          0.4813345810802148]]},
            {'activation': 'sigmoid',
             'bias': [-0.028307832089281528,
                      -0.016724874571010857,
                      -0.04972923130742635,
                      0.003945750429527807,
                      0.005552756040438183,
                      -0.04303580801743632],
             'name': 'hidden1',
             'neurons': [<gameplay.Neuron object at 0x7fa5f0f42cc0>,
                         <gameplay.Neuron object at 0x7fa5f0f42cf8>,
                         <gameplay.Neuron object at 0x7fa5f0f42d68>,
                         <gameplay.Neuron object at 0x7fa5f0f42d30>,
                         <gameplay.Neuron object at 0x7fa5f0f42da0>,
                         <gameplay.Neuron object at 0x7fa5f0f42e10>],
             'num_neurons': 6,
             'weights': [[0.48649390837961165,
                          0.47621674466557207,
                          0.5296256269076408,
                          0.4960409997519624,
                          0.5231739618409522,
                          0.4836778751552937,
                          0.5380148054329356,
                          0.48208622977365656],
                         [0.5319923164047448,
                          0.5628022097779081,
                          0.5317527548128289,
                          0.4663510907368047,
                          0.44089417532502256,
                          0.5269996826145096,
                          0.4749528142420135,
                          0.5055885460336746],
                         [0.49853823052112395,
                          0.5115139710656104,
                          0.4972954843380473,
                          0.5406092357292943,
                          0.5526341232101377,
                          0.5539987042885647,
                          0.5434251754312309,
                          0.5462314088827692],
                         [0.5115465673359143,
                          0.5091429540212815,
                          0.48637755028968516,
                          0.5094835584362855,
                          0.45768267813379093,
                          0.48940140110018765,
                          0.5141624697107506,
                          0.527905176047428],
                         [0.4752382025170709,
                          0.5768453343521933,
                          0.5017031365790111,
                          0.47857756345310626,
                          0.5167578375743004,
                          0.49838228740363494,
                          0.5174048189672756,
                          0.5110960368794296],
                         [0.448971936233917,
                          0.5255343073301937,
                          0.4898480775412544,
                          0.47660861691265155,
                          0.44768135143722004,
                          0.47971282186122505,
                          0.4691973903349464,
                          0.5024907900984771],
                         [0.47172121900258607,
                          0.48688540273169895,
                          0.5209168349986314,
                          0.5193171736713577,
                          0.4550320790778055,
                          0.48175101771143647,
                          0.5446218313720945,
                          0.49610709873886993],
                         [0.5069030660795435,
                          0.5529194270670643,
                          0.4971388935843773,
                          0.5213667936801726,
                          0.5258405885718282,
                          0.4874683699023089,
                          0.49378027140744934,
                          0.478476055199431]]},
            {'activation': 'sigmoid',
             'bias': [-0.027618690285702935,
                      0.026071794437471735,
                      -0.004670857503725768,
                      0.015588035480706195,
                      0.026239529997675266],
             'name': 'output',
             'neurons': [<gameplay.Neuron object at 0x7fa5f0f42dd8>,
                         <gameplay.Neuron object at 0x7fa5f0f42e48>,
                         <gameplay.Neuron object at 0x7fa5f0f42b70>,
                         <gameplay.Neuron object at 0x7fa5f0f42be0>,
                         <gameplay.Neuron object at 0x7fa5f0f42c18>],
             'num_neurons': 5,
             'weights': [[0.4666463468076528,
                          0.49410738792515174,
                          0.5368878990183553,
                          0.4870468927902608,
                          0.4995837610943485,
                          0.49802702020177964],
                         [0.5253517179487402,
                          0.5185107056784095,
                          0.4739471735765715,
                          0.5044759662191315,
                          0.49666217883315833,
                          0.4896746451406824],
                         [0.5078002183072561,
                          0.5040473196838079,
                          0.4634469082239366,
                          0.5200280880354923,
                          0.5392944250138023,
                          0.47850440635441355],
                         [0.5109813305632516,
                          0.4770361716070665,
                          0.5006871769390241,
                          0.48714364586404985,
                          0.4820788506026604,
                          0.48567880262949276],
                         [0.49622692563503595,
                          0.5152804043182225,
                          0.4694277454529881,
                          0.5461342240191511,
                          0.5002749363701317,
                          0.4899197110057936],
                         [0.5153921683106206,
                          0.5165548696424156,
                          0.4928721987394136,
                          0.4678319930939345,
                          0.49049862468155037,
                          0.46268636223572895]]}]}
load_tensorflow_graph: path = tensorflow/mario-model-simple-2019-07-17/frozen_inference_graph.pb
object_detection_graph = <tensorflow.python.framework.ops.Graph object at 0x7fa5f0f42f60>
Doing start sequence
Sleeping one second
sending start
sending empty
Found black world screen for the second time. exiting.



Seconds left: 352
Moves to the right: 107
frame count: 201
time start:  1568174657.0557954,   time_now: 1568174678.2624736
