pygame 1.9.6
Hello from the pygame community. https://www.pygame.org/contribute.html
Loading neural net from gameplay_neural_nets/76/1.nn
net = {'generation': 67,
 'inputs': [],
 'layers': [{'activation': 'sigmoid',
             'bias': [-0.04502837678058646,
                      0.027986107926642356,
                      -0.03374365663840934,
                      -0.009766423536031703,
                      0.004055374097730065,
                      0.01712202806063657,
                      0.006803958772218669,
                      -0.035385690871300855],
             'name': 'input',
             'neurons': [],
             'num_neurons': 8,
             'weights': [[0.4302776458079158,
                          0.5146280013502684,
                          0.5084905037283557,
                          0.4797660264494152,
                          0.4999532906978869,
                          0.49055082884616885,
                          0.5303108332356624,
                          0.4951450748799686,
                          0.49579460472950326,
                          0.5446061631192548],
                         [0.4408019523683525,
                          0.49224603933602057,
                          0.5218728897017656,
                          0.4998588903000553,
                          0.4978836749376368,
                          0.4760251336673919,
                          0.48646086460345134,
                          0.473455128261119,
                          0.5201989947504378,
                          0.5140563580344226],
                         [0.5616640001362982,
                          0.4841525923443401,
                          0.49800704910541527,
                          0.4905157207277969,
                          0.48820927947256265,
                          0.5096163836071935,
                          0.5079398054522192,
                          0.4864202685778076,
                          0.46856627654350697,
                          0.5097304506217584],
                         [0.5128259697145884,
                          0.4771256848807401,
                          0.5018933605866936,
                          0.4026330206294245,
                          0.4477765687106702,
                          0.5328275974023475,
                          0.5127581767975687,
                          0.48276185200571126,
                          0.5266794724163313,
                          0.5127117838153425],
                         [0.48456086999063286,
                          0.48821342318837374,
                          0.5071234422658143,
                          0.42337951658514383,
                          0.5220388497062449,
                          0.5042519435787891,
                          0.5175547441391217,
                          0.48184018119846583,
                          0.48361767253900295,
                          0.546004159290739],
                         [0.491231855593154,
                          0.4975197314972251,
                          0.4933717476922241,
                          0.5423724891444073,
                          0.48923333201713454,
                          0.4702211702181542,
                          0.5696208899821089,
                          0.46369028637127696,
                          0.47705241287944666,
                          0.43007144479975046],
                         [0.5318372345501827,
                          0.48962661831560245,
                          0.4928969773712368,
                          0.517086649916662,
                          0.5011633043110851,
                          0.4962414654699383,
                          0.5280022537418299,
                          0.4702063810050146,
                          0.49080472267284175,
                          0.501257965996105],
                         [0.49090887815955575,
                          0.48503880292568524,
                          0.5313536331025657,
                          0.5432311389300244,
                          0.4981550510595572,
                          0.48233981449060226,
                          0.44230891619773327,
                          0.4889531970867792,
                          0.4865426739573048,
                          0.47162094247914677]]},
            {'activation': 'sigmoid',
             'bias': [-0.02743014743233336,
                      -0.044843981440506546,
                      -0.059366949240925726,
                      -0.005809947789211517,
                      0.006014221589061324,
                      -0.039626199995731706],
             'name': 'hidden1',
             'neurons': [],
             'num_neurons': 6,
             'weights': [[0.5006069079532133,
                          0.48987375476684253,
                          0.5360016843492359,
                          0.5001304983764608,
                          0.5062277345783648,
                          0.48603605726007487,
                          0.5543000355814255,
                          0.49812009358610365],
                         [0.5394968179459334,
                          0.5348796844423184,
                          0.5451232059075327,
                          0.44716166839549876,
                          0.4419961591549853,
                          0.5289254060386862,
                          0.4600506797674527,
                          0.5050805743080214],
                         [0.4911166483997475,
                          0.48311656574225104,
                          0.5128469322584313,
                          0.5416885931726291,
                          0.5426678850465911,
                          0.5384249876059968,
                          0.5344169136703535,
                          0.5656784036475218],
                         [0.5294580248262993,
                          0.4904623444698436,
                          0.4808854695398284,
                          0.5092575494684544,
                          0.454143872949117,
                          0.48821188993759895,
                          0.5196446824213291,
                          0.5395015038934958],
                         [0.5123275748385318,
                          0.5672855889679388,
                          0.5218793962918559,
                          0.4824849043598124,
                          0.5116766390761482,
                          0.4941917188549449,
                          0.5229866371122439,
                          0.49841844135936825],
                         [0.415715566530679,
                          0.5310830369514052,
                          0.4763411398804129,
                          0.48496539818524087,
                          0.4296961190619321,
                          0.4741497690261337,
                          0.4866665565667295,
                          0.4966167212318148],
                         [0.4907270859987376,
                          0.4763719698575466,
                          0.5167431175755851,
                          0.5493865659995384,
                          0.4694036873259912,
                          0.4980628402646934,
                          0.5369176077753922,
                          0.5072034469702982],
                         [0.4943685281071486,
                          0.5507439808984582,
                          0.4959077898224084,
                          0.5118484328778764,
                          0.5124431694741112,
                          0.4867893362531091,
                          0.4782281360568303,
                          0.45874050334539407]]},
            {'activation': 'sigmoid',
             'bias': [-0.038242103423335325,
                      0.040197223296552606,
                      -0.01693220625548887,
                      0.011450564952555446,
                      0.03255071299615919],
             'name': 'output',
             'neurons': [],
             'num_neurons': 5,
             'weights': [[0.43890641850143325,
                          0.4754924682644424,
                          0.5238077241626811,
                          0.5015108998162527,
                          0.4950396038324355,
                          0.5122934930099604],
                         [0.5331820653428213,
                          0.524645425055338,
                          0.4591471709657318,
                          0.5131431882736487,
                          0.4808089460937353,
                          0.49306935845518],
                         [0.5169477729319093,
                          0.5175680376179383,
                          0.45494169146110025,
                          0.5084728934079876,
                          0.5289949356867134,
                          0.46657124633474484],
                         [0.5026931368794146,
                          0.4753404457210084,
                          0.5092483185851913,
                          0.49665158280791005,
                          0.48101808962759895,
                          0.4916450969258672],
                         [0.48268016779787093,
                          0.511489596757739,
                          0.4652951252967993,
                          0.5464968852612762,
                          0.5096018288921165,
                          0.47796828349558595],
                         [0.5157118812008877,
                          0.525930663883005,
                          0.49448915403793076,
                          0.4701286051516599,
                          0.4860701052062498,
                          0.4613501767224749]]}]}
{'generation': 67,
 'inputs': [],
 'layers': [{'activation': 'sigmoid',
             'bias': [-0.04502837678058646,
                      0.027986107926642356,
                      -0.03374365663840934,
                      -0.009766423536031703,
                      0.004055374097730065,
                      0.01712202806063657,
                      0.006803958772218669,
                      -0.035385690871300855],
             'name': 'input',
             'neurons': [<gameplay.Neuron object at 0x7f4466b448d0>,
                         <gameplay.Neuron object at 0x7f4466b44898>,
                         <gameplay.Neuron object at 0x7f4466b442b0>,
                         <gameplay.Neuron object at 0x7f4466b44be0>,
                         <gameplay.Neuron object at 0x7f4466b44c88>,
                         <gameplay.Neuron object at 0x7f4466b44c18>,
                         <gameplay.Neuron object at 0x7f4466b44d30>,
                         <gameplay.Neuron object at 0x7f4466b44d68>],
             'num_neurons': 8,
             'weights': [[0.4302776458079158,
                          0.5146280013502684,
                          0.5084905037283557,
                          0.4797660264494152,
                          0.4999532906978869,
                          0.49055082884616885,
                          0.5303108332356624,
                          0.4951450748799686,
                          0.49579460472950326,
                          0.5446061631192548],
                         [0.4408019523683525,
                          0.49224603933602057,
                          0.5218728897017656,
                          0.4998588903000553,
                          0.4978836749376368,
                          0.4760251336673919,
                          0.48646086460345134,
                          0.473455128261119,
                          0.5201989947504378,
                          0.5140563580344226],
                         [0.5616640001362982,
                          0.4841525923443401,
                          0.49800704910541527,
                          0.4905157207277969,
                          0.48820927947256265,
                          0.5096163836071935,
                          0.5079398054522192,
                          0.4864202685778076,
                          0.46856627654350697,
                          0.5097304506217584],
                         [0.5128259697145884,
                          0.4771256848807401,
                          0.5018933605866936,
                          0.4026330206294245,
                          0.4477765687106702,
                          0.5328275974023475,
                          0.5127581767975687,
                          0.48276185200571126,
                          0.5266794724163313,
                          0.5127117838153425],
                         [0.48456086999063286,
                          0.48821342318837374,
                          0.5071234422658143,
                          0.42337951658514383,
                          0.5220388497062449,
                          0.5042519435787891,
                          0.5175547441391217,
                          0.48184018119846583,
                          0.48361767253900295,
                          0.546004159290739],
                         [0.491231855593154,
                          0.4975197314972251,
                          0.4933717476922241,
                          0.5423724891444073,
                          0.48923333201713454,
                          0.4702211702181542,
                          0.5696208899821089,
                          0.46369028637127696,
                          0.47705241287944666,
                          0.43007144479975046],
                         [0.5318372345501827,
                          0.48962661831560245,
                          0.4928969773712368,
                          0.517086649916662,
                          0.5011633043110851,
                          0.4962414654699383,
                          0.5280022537418299,
                          0.4702063810050146,
                          0.49080472267284175,
                          0.501257965996105],
                         [0.49090887815955575,
                          0.48503880292568524,
                          0.5313536331025657,
                          0.5432311389300244,
                          0.4981550510595572,
                          0.48233981449060226,
                          0.44230891619773327,
                          0.4889531970867792,
                          0.4865426739573048,
                          0.47162094247914677]]},
            {'activation': 'sigmoid',
             'bias': [-0.02743014743233336,
                      -0.044843981440506546,
                      -0.059366949240925726,
                      -0.005809947789211517,
                      0.006014221589061324,
                      -0.039626199995731706],
             'name': 'hidden1',
             'neurons': [<gameplay.Neuron object at 0x7f4466b44da0>,
                         <gameplay.Neuron object at 0x7f4466b44dd8>,
                         <gameplay.Neuron object at 0x7f4466b44e48>,
                         <gameplay.Neuron object at 0x7f4466b44e10>,
                         <gameplay.Neuron object at 0x7f4466b44e80>,
                         <gameplay.Neuron object at 0x7f4466b44ef0>],
             'num_neurons': 6,
             'weights': [[0.5006069079532133,
                          0.48987375476684253,
                          0.5360016843492359,
                          0.5001304983764608,
                          0.5062277345783648,
                          0.48603605726007487,
                          0.5543000355814255,
                          0.49812009358610365],
                         [0.5394968179459334,
                          0.5348796844423184,
                          0.5451232059075327,
                          0.44716166839549876,
                          0.4419961591549853,
                          0.5289254060386862,
                          0.4600506797674527,
                          0.5050805743080214],
                         [0.4911166483997475,
                          0.48311656574225104,
                          0.5128469322584313,
                          0.5416885931726291,
                          0.5426678850465911,
                          0.5384249876059968,
                          0.5344169136703535,
                          0.5656784036475218],
                         [0.5294580248262993,
                          0.4904623444698436,
                          0.4808854695398284,
                          0.5092575494684544,
                          0.454143872949117,
                          0.48821188993759895,
                          0.5196446824213291,
                          0.5395015038934958],
                         [0.5123275748385318,
                          0.5672855889679388,
                          0.5218793962918559,
                          0.4824849043598124,
                          0.5116766390761482,
                          0.4941917188549449,
                          0.5229866371122439,
                          0.49841844135936825],
                         [0.415715566530679,
                          0.5310830369514052,
                          0.4763411398804129,
                          0.48496539818524087,
                          0.4296961190619321,
                          0.4741497690261337,
                          0.4866665565667295,
                          0.4966167212318148],
                         [0.4907270859987376,
                          0.4763719698575466,
                          0.5167431175755851,
                          0.5493865659995384,
                          0.4694036873259912,
                          0.4980628402646934,
                          0.5369176077753922,
                          0.5072034469702982],
                         [0.4943685281071486,
                          0.5507439808984582,
                          0.4959077898224084,
                          0.5118484328778764,
                          0.5124431694741112,
                          0.4867893362531091,
                          0.4782281360568303,
                          0.45874050334539407]]},
            {'activation': 'sigmoid',
             'bias': [-0.038242103423335325,
                      0.040197223296552606,
                      -0.01693220625548887,
                      0.011450564952555446,
                      0.03255071299615919],
             'name': 'output',
             'neurons': [<gameplay.Neuron object at 0x7f4466b44eb8>,
                         <gameplay.Neuron object at 0x7f4466b44f28>,
                         <gameplay.Neuron object at 0x7f4466b44c50>,
                         <gameplay.Neuron object at 0x7f4466b44cc0>,
                         <gameplay.Neuron object at 0x7f4466b44cf8>],
             'num_neurons': 5,
             'weights': [[0.43890641850143325,
                          0.4754924682644424,
                          0.5238077241626811,
                          0.5015108998162527,
                          0.4950396038324355,
                          0.5122934930099604],
                         [0.5331820653428213,
                          0.524645425055338,
                          0.4591471709657318,
                          0.5131431882736487,
                          0.4808089460937353,
                          0.49306935845518],
                         [0.5169477729319093,
                          0.5175680376179383,
                          0.45494169146110025,
                          0.5084728934079876,
                          0.5289949356867134,
                          0.46657124633474484],
                         [0.5026931368794146,
                          0.4753404457210084,
                          0.5092483185851913,
                          0.49665158280791005,
                          0.48101808962759895,
                          0.4916450969258672],
                         [0.48268016779787093,
                          0.511489596757739,
                          0.4652951252967993,
                          0.5464968852612762,
                          0.5096018288921165,
                          0.47796828349558595],
                         [0.5157118812008877,
                          0.525930663883005,
                          0.49448915403793076,
                          0.4701286051516599,
                          0.4860701052062498,
                          0.4613501767224749]]}]}
load_tensorflow_graph: path = tensorflow/mario-model-simple-2019-07-17/frozen_inference_graph.pb
object_detection_graph = <tensorflow.python.framework.ops.Graph object at 0x7f4466b44f98>
Doing start sequence
Sleeping one second
sending start
sending empty
Found black world screen for the second time. exiting.



Seconds left: 1
Moves to the right: 5
frame count: 1590
time start:  1568179376.5325425,   time_now: 1568179516.6519368
