pygame 1.9.6
Hello from the pygame community. https://www.pygame.org/contribute.html
Loading neural net from gameplay_neural_nets/76/4.nn
net = {'generation': 67,
 'inputs': [],
 'layers': [{'activation': 'sigmoid',
             'bias': [-0.04502837678058646,
                      0.03797274532799682,
                      -0.03459980388686975,
                      -0.00462293781796033,
                      0.011895954150908473,
                      0.009111040609898084,
                      0.009602414042773896,
                      -0.035385690871300855],
             'name': 'input',
             'neurons': [],
             'num_neurons': 8,
             'weights': [[0.42450939234105356,
                          0.5075723592248527,
                          0.5092558034518967,
                          0.4845085815659693,
                          0.4999532906978869,
                          0.4869768739910338,
                          0.5205563561987663,
                          0.4951450748799686,
                          0.5041390726362325,
                          0.5446061631192548],
                         [0.44789710529219595,
                          0.4824175463735771,
                          0.52430135084446,
                          0.4998588903000553,
                          0.4978836749376368,
                          0.4760251336673919,
                          0.4877622136235179,
                          0.473455128261119,
                          0.5201989947504378,
                          0.5140645350757231],
                         [0.5616640001362982,
                          0.48178263853884157,
                          0.49800704910541527,
                          0.4888463750065221,
                          0.48820927947256265,
                          0.5231622247042533,
                          0.5079398054522192,
                          0.48792912391652044,
                          0.4651558942488653,
                          0.5119875347734552],
                         [0.5083556418715038,
                          0.4771256848807401,
                          0.4985986243914347,
                          0.40515706366317966,
                          0.4477765687106702,
                          0.5328275974023475,
                          0.5052126143706568,
                          0.47351178640218256,
                          0.5274108494410965,
                          0.5127117838153425],
                         [0.48456086999063286,
                          0.49243889831764037,
                          0.497992463229432,
                          0.418329595802373,
                          0.523735029793503,
                          0.5132355807474567,
                          0.5198669677190689,
                          0.4803925792633755,
                          0.48361767253900295,
                          0.5420705873175059],
                         [0.491231855593154,
                          0.5036852621428258,
                          0.4933717476922241,
                          0.5423724891444073,
                          0.48312048143938596,
                          0.4643002737396971,
                          0.5696208899821089,
                          0.4663060269742281,
                          0.46901810763393553,
                          0.43007144479975046],
                         [0.5318372345501827,
                          0.48962661831560245,
                          0.48038189542462245,
                          0.517086649916662,
                          0.5011633043110851,
                          0.4962414654699383,
                          0.5280022537418299,
                          0.4702063810050146,
                          0.49080085338508994,
                          0.501257965996105],
                         [0.4899642983298333,
                          0.4937010398170707,
                          0.5398874936186957,
                          0.5432311389300244,
                          0.4981550510595572,
                          0.48233981449060226,
                          0.44927690684331,
                          0.4889531970867792,
                          0.4942935092688708,
                          0.46460768217648435]]},
            {'activation': 'sigmoid',
             'bias': [-0.02743014743233336,
                      -0.03181836814558693,
                      -0.0664131461175943,
                      -0.009182260511463081,
                      0.010178074471136467,
                      -0.039626199995731706],
             'name': 'hidden1',
             'neurons': [],
             'num_neurons': 6,
             'weights': [[0.5006069079532133,
                          0.4972324441488873,
                          0.5378469188221733,
                          0.4961057612245951,
                          0.5066662920354412,
                          0.4833317811002964,
                          0.5543000355814255,
                          0.49274313718703555],
                         [0.5419916410820182,
                          0.5329694827467354,
                          0.5451232059075327,
                          0.43187148409627635,
                          0.44951457644999815,
                          0.5376872036048282,
                          0.4566938480915048,
                          0.5050805743080214],
                         [0.4945719692287344,
                          0.4727662559862957,
                          0.5128469322584313,
                          0.5416885931726291,
                          0.5426678850465911,
                          0.5413310211581952,
                          0.53983644080855,
                          0.5561974904215321],
                         [0.539267542895071,
                          0.4904623444698436,
                          0.49047966346325994,
                          0.5032119626473385,
                          0.454143872949117,
                          0.48821188993759895,
                          0.5245592725142791,
                          0.5404513375159442],
                         [0.5141569087392985,
                          0.5672855889679388,
                          0.5218793962918559,
                          0.4824849043598124,
                          0.5116766390761482,
                          0.4974978460741795,
                          0.5229866371122439,
                          0.4951252971694305],
                         [0.4244956764529567,
                          0.5246354653358866,
                          0.4806708356025147,
                          0.4867452610214971,
                          0.4296961190619321,
                          0.47546484173366743,
                          0.48210219381129804,
                          0.5031665406637268],
                         [0.49176684231185075,
                          0.4763719698575466,
                          0.5301452396577415,
                          0.5459860090970722,
                          0.4623850731615771,
                          0.4980628402646934,
                          0.5298463760254295,
                          0.5072034469702982],
                         [0.503395737283967,
                          0.5448462482757616,
                          0.48992612842154437,
                          0.5123108881789761,
                          0.5112670139282434,
                          0.4867893362531091,
                          0.4782281360568303,
                          0.45874050334539407]]},
            {'activation': 'sigmoid',
             'bias': [-0.02841737099867004,
                      0.03783781885644394,
                      -0.01693220625548887,
                      0.014404862778908982,
                      0.03962344121207001],
             'name': 'output',
             'neurons': [],
             'num_neurons': 5,
             'weights': [[0.4487610140433911,
                          0.4754924682644424,
                          0.5328685824581788,
                          0.5021349197201217,
                          0.5005344377108581,
                          0.5122934930099604],
                         [0.5260373471754054,
                          0.5325056560934318,
                          0.45488922938887455,
                          0.521240910935429,
                          0.4808089460937353,
                          0.4834224646913003],
                         [0.5122201886315266,
                          0.5273638036211503,
                          0.453358865676017,
                          0.5113635988672955,
                          0.5295079917111891,
                          0.46657124633474484],
                         [0.5042212957144939,
                          0.4753404457210084,
                          0.5092483185851913,
                          0.49561284143785866,
                          0.48397969664493246,
                          0.4916450969258672],
                         [0.4812783710624193,
                          0.5170610956185098,
                          0.4631443253197357,
                          0.5464968852612762,
                          0.5146947090491858,
                          0.4804849519429112],
                         [0.5131129603405659,
                          0.525930663883005,
                          0.5012919577733358,
                          0.4701286051516599,
                          0.4830587301885405,
                          0.4613501767224749]]}]}
{'generation': 67,
 'inputs': [],
 'layers': [{'activation': 'sigmoid',
             'bias': [-0.04502837678058646,
                      0.03797274532799682,
                      -0.03459980388686975,
                      -0.00462293781796033,
                      0.011895954150908473,
                      0.009111040609898084,
                      0.009602414042773896,
                      -0.035385690871300855],
             'name': 'input',
             'neurons': [<gameplay.Neuron object at 0x7fb5e25108d0>,
                         <gameplay.Neuron object at 0x7fb5e2510898>,
                         <gameplay.Neuron object at 0x7fb5e25102b0>,
                         <gameplay.Neuron object at 0x7fb5e2510be0>,
                         <gameplay.Neuron object at 0x7fb5e2510c88>,
                         <gameplay.Neuron object at 0x7fb5e2510c18>,
                         <gameplay.Neuron object at 0x7fb5e2510d30>,
                         <gameplay.Neuron object at 0x7fb5e2510d68>],
             'num_neurons': 8,
             'weights': [[0.42450939234105356,
                          0.5075723592248527,
                          0.5092558034518967,
                          0.4845085815659693,
                          0.4999532906978869,
                          0.4869768739910338,
                          0.5205563561987663,
                          0.4951450748799686,
                          0.5041390726362325,
                          0.5446061631192548],
                         [0.44789710529219595,
                          0.4824175463735771,
                          0.52430135084446,
                          0.4998588903000553,
                          0.4978836749376368,
                          0.4760251336673919,
                          0.4877622136235179,
                          0.473455128261119,
                          0.5201989947504378,
                          0.5140645350757231],
                         [0.5616640001362982,
                          0.48178263853884157,
                          0.49800704910541527,
                          0.4888463750065221,
                          0.48820927947256265,
                          0.5231622247042533,
                          0.5079398054522192,
                          0.48792912391652044,
                          0.4651558942488653,
                          0.5119875347734552],
                         [0.5083556418715038,
                          0.4771256848807401,
                          0.4985986243914347,
                          0.40515706366317966,
                          0.4477765687106702,
                          0.5328275974023475,
                          0.5052126143706568,
                          0.47351178640218256,
                          0.5274108494410965,
                          0.5127117838153425],
                         [0.48456086999063286,
                          0.49243889831764037,
                          0.497992463229432,
                          0.418329595802373,
                          0.523735029793503,
                          0.5132355807474567,
                          0.5198669677190689,
                          0.4803925792633755,
                          0.48361767253900295,
                          0.5420705873175059],
                         [0.491231855593154,
                          0.5036852621428258,
                          0.4933717476922241,
                          0.5423724891444073,
                          0.48312048143938596,
                          0.4643002737396971,
                          0.5696208899821089,
                          0.4663060269742281,
                          0.46901810763393553,
                          0.43007144479975046],
                         [0.5318372345501827,
                          0.48962661831560245,
                          0.48038189542462245,
                          0.517086649916662,
                          0.5011633043110851,
                          0.4962414654699383,
                          0.5280022537418299,
                          0.4702063810050146,
                          0.49080085338508994,
                          0.501257965996105],
                         [0.4899642983298333,
                          0.4937010398170707,
                          0.5398874936186957,
                          0.5432311389300244,
                          0.4981550510595572,
                          0.48233981449060226,
                          0.44927690684331,
                          0.4889531970867792,
                          0.4942935092688708,
                          0.46460768217648435]]},
            {'activation': 'sigmoid',
             'bias': [-0.02743014743233336,
                      -0.03181836814558693,
                      -0.0664131461175943,
                      -0.009182260511463081,
                      0.010178074471136467,
                      -0.039626199995731706],
             'name': 'hidden1',
             'neurons': [<gameplay.Neuron object at 0x7fb5e2510da0>,
                         <gameplay.Neuron object at 0x7fb5e2510dd8>,
                         <gameplay.Neuron object at 0x7fb5e2510e48>,
                         <gameplay.Neuron object at 0x7fb5e2510e10>,
                         <gameplay.Neuron object at 0x7fb5e2510e80>,
                         <gameplay.Neuron object at 0x7fb5e2510ef0>],
             'num_neurons': 6,
             'weights': [[0.5006069079532133,
                          0.4972324441488873,
                          0.5378469188221733,
                          0.4961057612245951,
                          0.5066662920354412,
                          0.4833317811002964,
                          0.5543000355814255,
                          0.49274313718703555],
                         [0.5419916410820182,
                          0.5329694827467354,
                          0.5451232059075327,
                          0.43187148409627635,
                          0.44951457644999815,
                          0.5376872036048282,
                          0.4566938480915048,
                          0.5050805743080214],
                         [0.4945719692287344,
                          0.4727662559862957,
                          0.5128469322584313,
                          0.5416885931726291,
                          0.5426678850465911,
                          0.5413310211581952,
                          0.53983644080855,
                          0.5561974904215321],
                         [0.539267542895071,
                          0.4904623444698436,
                          0.49047966346325994,
                          0.5032119626473385,
                          0.454143872949117,
                          0.48821188993759895,
                          0.5245592725142791,
                          0.5404513375159442],
                         [0.5141569087392985,
                          0.5672855889679388,
                          0.5218793962918559,
                          0.4824849043598124,
                          0.5116766390761482,
                          0.4974978460741795,
                          0.5229866371122439,
                          0.4951252971694305],
                         [0.4244956764529567,
                          0.5246354653358866,
                          0.4806708356025147,
                          0.4867452610214971,
                          0.4296961190619321,
                          0.47546484173366743,
                          0.48210219381129804,
                          0.5031665406637268],
                         [0.49176684231185075,
                          0.4763719698575466,
                          0.5301452396577415,
                          0.5459860090970722,
                          0.4623850731615771,
                          0.4980628402646934,
                          0.5298463760254295,
                          0.5072034469702982],
                         [0.503395737283967,
                          0.5448462482757616,
                          0.48992612842154437,
                          0.5123108881789761,
                          0.5112670139282434,
                          0.4867893362531091,
                          0.4782281360568303,
                          0.45874050334539407]]},
            {'activation': 'sigmoid',
             'bias': [-0.02841737099867004,
                      0.03783781885644394,
                      -0.01693220625548887,
                      0.014404862778908982,
                      0.03962344121207001],
             'name': 'output',
             'neurons': [<gameplay.Neuron object at 0x7fb5e2510eb8>,
                         <gameplay.Neuron object at 0x7fb5e2510f28>,
                         <gameplay.Neuron object at 0x7fb5e2510c50>,
                         <gameplay.Neuron object at 0x7fb5e2510cc0>,
                         <gameplay.Neuron object at 0x7fb5e2510cf8>],
             'num_neurons': 5,
             'weights': [[0.4487610140433911,
                          0.4754924682644424,
                          0.5328685824581788,
                          0.5021349197201217,
                          0.5005344377108581,
                          0.5122934930099604],
                         [0.5260373471754054,
                          0.5325056560934318,
                          0.45488922938887455,
                          0.521240910935429,
                          0.4808089460937353,
                          0.4834224646913003],
                         [0.5122201886315266,
                          0.5273638036211503,
                          0.453358865676017,
                          0.5113635988672955,
                          0.5295079917111891,
                          0.46657124633474484],
                         [0.5042212957144939,
                          0.4753404457210084,
                          0.5092483185851913,
                          0.49561284143785866,
                          0.48397969664493246,
                          0.4916450969258672],
                         [0.4812783710624193,
                          0.5170610956185098,
                          0.4631443253197357,
                          0.5464968852612762,
                          0.5146947090491858,
                          0.4804849519429112],
                         [0.5131129603405659,
                          0.525930663883005,
                          0.5012919577733358,
                          0.4701286051516599,
                          0.4830587301885405,
                          0.4613501767224749]]}]}
load_tensorflow_graph: path = tensorflow/mario-model-simple-2019-07-17/frozen_inference_graph.pb
object_detection_graph = <tensorflow.python.framework.ops.Graph object at 0x7fb5e2510f98>
Doing start sequence
Sleeping one second
sending start
sending empty
Found black world screen for the second time. exiting.



Seconds left: 379
Moves to the right: 60
frame count: 109
time start:  1568179567.4377224,   time_now: 1568179579.205591
