pygame 1.9.6
Hello from the pygame community. https://www.pygame.org/contribute.html
Loading neural net from gameplay_neural_nets/76/7.nn
net = {'generation': 67,
 'inputs': [],
 'layers': [{'activation': 'sigmoid',
             'bias': [-0.04502837678058646,
                      0.030772289460200542,
                      -0.029531068593197526,
                      -0.014200957370002699,
                      0.004055374097730065,
                      0.012012339882734431,
                      -0.001695279412177851,
                      -0.0369703535237826],
             'name': 'input',
             'neurons': [],
             'num_neurons': 8,
             'weights': [[0.41697349902279457,
                          0.5075723592248527,
                          0.5139221818197468,
                          0.48335488854419345,
                          0.4999532906978869,
                          0.49055082884616885,
                          0.5286214516018096,
                          0.4951450748799686,
                          0.4996083050699601,
                          0.5446061631192548],
                         [0.45761197700242345,
                          0.4765441886128785,
                          0.517028840107388,
                          0.4998588903000553,
                          0.4960219593628966,
                          0.4760251336673919,
                          0.483581016188014,
                          0.4762490482956653,
                          0.5201989947504378,
                          0.5140645350757231],
                         [0.5638098871771251,
                          0.48669734001176984,
                          0.49800704910541527,
                          0.4997134111749334,
                          0.4960239632611476,
                          0.5135974486152778,
                          0.5105014286976204,
                          0.4875202431816218,
                          0.46856627654350697,
                          0.5075659560261301],
                         [0.5056746445448594,
                          0.4771256848807401,
                          0.5077650657315577,
                          0.3957416294200266,
                          0.4477765687106702,
                          0.5424250168005997,
                          0.5213247386459254,
                          0.4867183174341051,
                          0.5217072725346407,
                          0.5127117838153425],
                         [0.48456086999063286,
                          0.49243889831764037,
                          0.4939517122601106,
                          0.4152531866126823,
                          0.5215462613184358,
                          0.5042519435787891,
                          0.5169821472286891,
                          0.4745820424272842,
                          0.48361767253900295,
                          0.546004159290739],
                         [0.4814435948595269,
                          0.4967605251805617,
                          0.5007507889619276,
                          0.5495460208839101,
                          0.48923333201713454,
                          0.4643002737396971,
                          0.5696208899821089,
                          0.4663060269742281,
                          0.4861028810005417,
                          0.4267775232529328],
                         [0.5318372345501827,
                          0.48962661831560245,
                          0.4880099436582099,
                          0.5175758205911118,
                          0.5011633043110851,
                          0.49819755869654087,
                          0.5230199432295567,
                          0.47048352419172174,
                          0.4961454041175775,
                          0.501257965996105],
                         [0.4886663076904246,
                          0.4788072762807122,
                          0.5313536331025657,
                          0.5432311389300244,
                          0.4981550510595572,
                          0.48233981449060226,
                          0.44927690684331,
                          0.4835727953394785,
                          0.4942935092688708,
                          0.47162094247914677]]},
            {'activation': 'sigmoid',
             'bias': [-0.03221105232007357,
                      -0.033122948172390344,
                      -0.059366949240925726,
                      -0.012177905151472034,
                      0.006014221589061324,
                      -0.039626199995731706],
             'name': 'hidden1',
             'neurons': [],
             'num_neurons': 6,
             'weights': [[0.5039647388821095,
                          0.48987375476684253,
                          0.5360016843492359,
                          0.5001304983764608,
                          0.4978021788885996,
                          0.48603605726007487,
                          0.5568432450020625,
                          0.49479359891534014],
                         [0.5419916410820182,
                          0.5446399428296501,
                          0.5402547262307456,
                          0.44069647207182255,
                          0.4442786027966976,
                          0.5446356831804694,
                          0.45699113486313847,
                          0.4951615357673789],
                         [0.4877224572309824,
                          0.4820114851169862,
                          0.5195731813781307,
                          0.5333217594587061,
                          0.5428463603730574,
                          0.5310624755538068,
                          0.5344169136703535,
                          0.5561974904215321],
                         [0.5294580248262993,
                          0.4904623444698436,
                          0.4808854695398284,
                          0.5092575494684544,
                          0.454143872949117,
                          0.48821188993759895,
                          0.5247943576472485,
                          0.5344333555685341],
                         [0.5195232671382092,
                          0.563822870367454,
                          0.527552337777505,
                          0.4824849043598124,
                          0.5052420715258222,
                          0.4941917188549449,
                          0.5229866371122439,
                          0.49841844135936825],
                         [0.4244956764529567,
                          0.5246354653358866,
                          0.4806708356025147,
                          0.48298943329699473,
                          0.4296961190619321,
                          0.4741497690261337,
                          0.48210219381129804,
                          0.49495681058540403],
                         [0.4907270859987376,
                          0.4763719698575466,
                          0.5168707651327689,
                          0.5396340204768941,
                          0.4534058625053257,
                          0.49941470606250143,
                          0.5369176077753922,
                          0.5097777753114858],
                         [0.5018780909774186,
                          0.5511617080820189,
                          0.4959077898224084,
                          0.5123108881789761,
                          0.5112670139282434,
                          0.4846169273156718,
                          0.4782281360568303,
                          0.4684003353520266]]},
            {'activation': 'sigmoid',
             'bias': [-0.03498215168707371,
                      0.03783781885644394,
                      -0.009234582459355425,
                      0.013348019472918792,
                      0.03535394274126115],
             'name': 'output',
             'neurons': [],
             'num_neurons': 5,
             'weights': [[0.4487610140433911,
                          0.4754924682644424,
                          0.5290926381207346,
                          0.5021349197201217,
                          0.48556097848546526,
                          0.5209440217650069],
                         [0.5303449807727819,
                          0.5245556503336748,
                          0.45488922938887455,
                          0.5131431882736487,
                          0.4808089460937353,
                          0.4901486312892134],
                         [0.5146282978196278,
                          0.5175680376179383,
                          0.453358865676017,
                          0.5113635988672955,
                          0.5295079917111891,
                          0.46171354546311927],
                         [0.5086826062949938,
                          0.4753404457210084,
                          0.5092483185851913,
                          0.5042395963887882,
                          0.48397969664493246,
                          0.4916450969258672],
                         [0.47556152074735447,
                          0.5170610956185098,
                          0.4617719232002894,
                          0.538267888312398,
                          0.5146947090491858,
                          0.4804849519429112],
                         [0.5122053771006709,
                          0.5161985267131353,
                          0.49448915403793076,
                          0.4610789279728025,
                          0.4900276838691791,
                          0.462814452993044]]}]}
{'generation': 67,
 'inputs': [],
 'layers': [{'activation': 'sigmoid',
             'bias': [-0.04502837678058646,
                      0.030772289460200542,
                      -0.029531068593197526,
                      -0.014200957370002699,
                      0.004055374097730065,
                      0.012012339882734431,
                      -0.001695279412177851,
                      -0.0369703535237826],
             'name': 'input',
             'neurons': [<gameplay.Neuron object at 0x7f9875e10908>,
                         <gameplay.Neuron object at 0x7f9875e108d0>,
                         <gameplay.Neuron object at 0x7f9875e102e8>,
                         <gameplay.Neuron object at 0x7f9875e10c18>,
                         <gameplay.Neuron object at 0x7f9875e10cc0>,
                         <gameplay.Neuron object at 0x7f9875e10c50>,
                         <gameplay.Neuron object at 0x7f9875e10d68>,
                         <gameplay.Neuron object at 0x7f9875e10da0>],
             'num_neurons': 8,
             'weights': [[0.41697349902279457,
                          0.5075723592248527,
                          0.5139221818197468,
                          0.48335488854419345,
                          0.4999532906978869,
                          0.49055082884616885,
                          0.5286214516018096,
                          0.4951450748799686,
                          0.4996083050699601,
                          0.5446061631192548],
                         [0.45761197700242345,
                          0.4765441886128785,
                          0.517028840107388,
                          0.4998588903000553,
                          0.4960219593628966,
                          0.4760251336673919,
                          0.483581016188014,
                          0.4762490482956653,
                          0.5201989947504378,
                          0.5140645350757231],
                         [0.5638098871771251,
                          0.48669734001176984,
                          0.49800704910541527,
                          0.4997134111749334,
                          0.4960239632611476,
                          0.5135974486152778,
                          0.5105014286976204,
                          0.4875202431816218,
                          0.46856627654350697,
                          0.5075659560261301],
                         [0.5056746445448594,
                          0.4771256848807401,
                          0.5077650657315577,
                          0.3957416294200266,
                          0.4477765687106702,
                          0.5424250168005997,
                          0.5213247386459254,
                          0.4867183174341051,
                          0.5217072725346407,
                          0.5127117838153425],
                         [0.48456086999063286,
                          0.49243889831764037,
                          0.4939517122601106,
                          0.4152531866126823,
                          0.5215462613184358,
                          0.5042519435787891,
                          0.5169821472286891,
                          0.4745820424272842,
                          0.48361767253900295,
                          0.546004159290739],
                         [0.4814435948595269,
                          0.4967605251805617,
                          0.5007507889619276,
                          0.5495460208839101,
                          0.48923333201713454,
                          0.4643002737396971,
                          0.5696208899821089,
                          0.4663060269742281,
                          0.4861028810005417,
                          0.4267775232529328],
                         [0.5318372345501827,
                          0.48962661831560245,
                          0.4880099436582099,
                          0.5175758205911118,
                          0.5011633043110851,
                          0.49819755869654087,
                          0.5230199432295567,
                          0.47048352419172174,
                          0.4961454041175775,
                          0.501257965996105],
                         [0.4886663076904246,
                          0.4788072762807122,
                          0.5313536331025657,
                          0.5432311389300244,
                          0.4981550510595572,
                          0.48233981449060226,
                          0.44927690684331,
                          0.4835727953394785,
                          0.4942935092688708,
                          0.47162094247914677]]},
            {'activation': 'sigmoid',
             'bias': [-0.03221105232007357,
                      -0.033122948172390344,
                      -0.059366949240925726,
                      -0.012177905151472034,
                      0.006014221589061324,
                      -0.039626199995731706],
             'name': 'hidden1',
             'neurons': [<gameplay.Neuron object at 0x7f9875e10dd8>,
                         <gameplay.Neuron object at 0x7f9875e10e10>,
                         <gameplay.Neuron object at 0x7f9875e10e80>,
                         <gameplay.Neuron object at 0x7f9875e10e48>,
                         <gameplay.Neuron object at 0x7f9875e10eb8>,
                         <gameplay.Neuron object at 0x7f9875e10f28>],
             'num_neurons': 6,
             'weights': [[0.5039647388821095,
                          0.48987375476684253,
                          0.5360016843492359,
                          0.5001304983764608,
                          0.4978021788885996,
                          0.48603605726007487,
                          0.5568432450020625,
                          0.49479359891534014],
                         [0.5419916410820182,
                          0.5446399428296501,
                          0.5402547262307456,
                          0.44069647207182255,
                          0.4442786027966976,
                          0.5446356831804694,
                          0.45699113486313847,
                          0.4951615357673789],
                         [0.4877224572309824,
                          0.4820114851169862,
                          0.5195731813781307,
                          0.5333217594587061,
                          0.5428463603730574,
                          0.5310624755538068,
                          0.5344169136703535,
                          0.5561974904215321],
                         [0.5294580248262993,
                          0.4904623444698436,
                          0.4808854695398284,
                          0.5092575494684544,
                          0.454143872949117,
                          0.48821188993759895,
                          0.5247943576472485,
                          0.5344333555685341],
                         [0.5195232671382092,
                          0.563822870367454,
                          0.527552337777505,
                          0.4824849043598124,
                          0.5052420715258222,
                          0.4941917188549449,
                          0.5229866371122439,
                          0.49841844135936825],
                         [0.4244956764529567,
                          0.5246354653358866,
                          0.4806708356025147,
                          0.48298943329699473,
                          0.4296961190619321,
                          0.4741497690261337,
                          0.48210219381129804,
                          0.49495681058540403],
                         [0.4907270859987376,
                          0.4763719698575466,
                          0.5168707651327689,
                          0.5396340204768941,
                          0.4534058625053257,
                          0.49941470606250143,
                          0.5369176077753922,
                          0.5097777753114858],
                         [0.5018780909774186,
                          0.5511617080820189,
                          0.4959077898224084,
                          0.5123108881789761,
                          0.5112670139282434,
                          0.4846169273156718,
                          0.4782281360568303,
                          0.4684003353520266]]},
            {'activation': 'sigmoid',
             'bias': [-0.03498215168707371,
                      0.03783781885644394,
                      -0.009234582459355425,
                      0.013348019472918792,
                      0.03535394274126115],
             'name': 'output',
             'neurons': [<gameplay.Neuron object at 0x7f9875e10ef0>,
                         <gameplay.Neuron object at 0x7f9875e10f60>,
                         <gameplay.Neuron object at 0x7f9875e10c88>,
                         <gameplay.Neuron object at 0x7f9875e10cf8>,
                         <gameplay.Neuron object at 0x7f9875e10d30>],
             'num_neurons': 5,
             'weights': [[0.4487610140433911,
                          0.4754924682644424,
                          0.5290926381207346,
                          0.5021349197201217,
                          0.48556097848546526,
                          0.5209440217650069],
                         [0.5303449807727819,
                          0.5245556503336748,
                          0.45488922938887455,
                          0.5131431882736487,
                          0.4808089460937353,
                          0.4901486312892134],
                         [0.5146282978196278,
                          0.5175680376179383,
                          0.453358865676017,
                          0.5113635988672955,
                          0.5295079917111891,
                          0.46171354546311927],
                         [0.5086826062949938,
                          0.4753404457210084,
                          0.5092483185851913,
                          0.5042395963887882,
                          0.48397969664493246,
                          0.4916450969258672],
                         [0.47556152074735447,
                          0.5170610956185098,
                          0.4617719232002894,
                          0.538267888312398,
                          0.5146947090491858,
                          0.4804849519429112],
                         [0.5122053771006709,
                          0.5161985267131353,
                          0.49448915403793076,
                          0.4610789279728025,
                          0.4900276838691791,
                          0.462814452993044]]}]}
load_tensorflow_graph: path = tensorflow/mario-model-simple-2019-07-17/frozen_inference_graph.pb
object_detection_graph = <tensorflow.python.framework.ops.Graph object at 0x7f9875e10fd0>
Doing start sequence
Sleeping one second
sending start
sending empty



Seconds left: 392
Moves to the right: 2
frame count: 46
time start:  1568179625.5595222,   time_now: 1568179630.1164515
