pygame 1.9.6
Hello from the pygame community. https://www.pygame.org/contribute.html
Loading neural net from gameplay_neural_nets/37/4.nn
net = {'generation': 34,
 'inputs': [],
 'layers': [{'activation': 'sigmoid',
             'bias': [0.006177440847843378,
                      -0.01408404301686297,
                      0.026652392304535838,
                      -0.004146926546201288,
                      0.015185485374939002,
                      -0.014525606259422792,
                      0.004628371962889599,
                      -0.01994900760557706],
             'name': 'input',
             'neurons': [],
             'num_neurons': 8,
             'weights': [[0.39075337122071974,
                          0.3986811774774795,
                          0.11283614961486181,
                          0.12334407961157301,
                          0.12119596134884533,
                          0.09429603111580546,
                          0.10323014013938539,
                          0.10777001197515,
                          0.09058112721044344,
                          0.08902783464650264],
                         [0.3782120539962031,
                          0.415773359399872,
                          0.11126014130653558,
                          0.10851290477774478,
                          0.09535347793263815,
                          0.07785099965806559,
                          0.09805581193117294,
                          0.0938680953945878,
                          0.10764735152001183,
                          0.10168537096409232],
                         [0.377329242412098,
                          0.4159726593285774,
                          0.10056302355931095,
                          0.09322938185997967,
                          0.09174212153035197,
                          0.10581995148662926,
                          0.08020195267443664,
                          0.09854609623907379,
                          0.11095766652848915,
                          0.09132296065593243],
                         [0.3903513992131665,
                          0.37545748123434874,
                          0.09213054042074044,
                          0.10860664870391926,
                          0.07864974343936335,
                          0.11002425893422182,
                          0.0991039721537552,
                          0.10099485479844296,
                          0.07657976005569916,
                          0.11948617820503278],
                         [0.38593766412229175,
                          0.4013214244535427,
                          0.08076354882126553,
                          0.12454560774450119,
                          0.08497377731351392,
                          0.10493697765721005,
                          0.10058182666172572,
                          0.13314326173062022,
                          0.09290630251585262,
                          0.09201536183366997],
                         [0.36413220665160534,
                          0.39760321274872484,
                          0.06976464735469387,
                          0.09120217476645041,
                          0.1219262946200923,
                          0.10517264918992898,
                          0.11494634476403928,
                          0.1065536698552624,
                          0.10530075807912255,
                          0.12718676917563934],
                         [0.3868386849938264,
                          0.3881398843305048,
                          0.10733478230651632,
                          0.057850973763987235,
                          0.10094066703679473,
                          0.0983795072978506,
                          0.09644639470630224,
                          0.11305334460726758,
                          0.10004288410985794,
                          0.06402612755439203],
                         [0.40457669310596933,
                          0.40324460986349775,
                          0.10253917075093871,
                          0.0704963309168618,
                          0.1259880648564764,
                          0.0789946057602328,
                          0.08961941387991283,
                          0.13302412966072666,
                          0.08391230074873497,
                          0.09801523254110076]]},
            {'activation': 'sigmoid',
             'bias': [-0.021978791252266823,
                      0.018104158478976097,
                      0.0218713111481897,
                      0.019454847222002605,
                      0.026107497731937213],
             'name': 'output',
             'neurons': [],
             'num_neurons': 5,
             'weights': [[0.07768268722965103,
                          0.09629070810358899,
                          0.08838095747510878,
                          0.0849100066982954,
                          0.11364053780214146,
                          0.11606262415458378,
                          0.1297912365078297,
                          0.09207646128942425],
                         [0.08083517528805864,
                          0.11675017991473655,
                          0.09386071331753246,
                          0.118837248194299,
                          0.10207499833151355,
                          0.09647171780885672,
                          0.08742002860614398,
                          0.11896215370319888],
                         [0.11941596327753172,
                          0.08323799728621932,
                          0.1201109105801917,
                          0.10250316360774417,
                          0.09686526019437498,
                          0.10192375533268361,
                          0.10261679664857914,
                          0.10207025144587403],
                         [0.09952950469322945,
                          0.07116140734205778,
                          0.10923563782568012,
                          0.09291954673016468,
                          0.11038898401483653,
                          0.1207738346117136,
                          0.1078740364181683,
                          0.09479378490203565],
                         [0.10560712802424177,
                          0.08826088385258653,
                          0.13428567524365617,
                          0.07656661876185233,
                          0.14045250065355971,
                          0.10186497657832047,
                          0.1006087082102936,
                          0.1003020240689332],
                         [0.09275959924903146,
                          0.0958746779909629,
                          0.12382232852564415,
                          0.08337725388604221,
                          0.07510050457980293,
                          0.12795348722239736,
                          0.102472813212858,
                          0.09141654422151994]]}]}
{'generation': 34,
 'inputs': [],
 'layers': [{'activation': 'sigmoid',
             'bias': [0.006177440847843378,
                      -0.01408404301686297,
                      0.026652392304535838,
                      -0.004146926546201288,
                      0.015185485374939002,
                      -0.014525606259422792,
                      0.004628371962889599,
                      -0.01994900760557706],
             'name': 'input',
             'neurons': [<gameplay.Neuron object at 0x7f5336f17898>,
                         <gameplay.Neuron object at 0x7f5336f17860>,
                         <gameplay.Neuron object at 0x7f5336f17278>,
                         <gameplay.Neuron object at 0x7f5336f17b38>,
                         <gameplay.Neuron object at 0x7f5336f17be0>,
                         <gameplay.Neuron object at 0x7f5336f17b70>,
                         <gameplay.Neuron object at 0x7f5336f17cc0>,
                         <gameplay.Neuron object at 0x7f5336f17c88>],
             'num_neurons': 8,
             'weights': [[0.39075337122071974,
                          0.3986811774774795,
                          0.11283614961486181,
                          0.12334407961157301,
                          0.12119596134884533,
                          0.09429603111580546,
                          0.10323014013938539,
                          0.10777001197515,
                          0.09058112721044344,
                          0.08902783464650264],
                         [0.3782120539962031,
                          0.415773359399872,
                          0.11126014130653558,
                          0.10851290477774478,
                          0.09535347793263815,
                          0.07785099965806559,
                          0.09805581193117294,
                          0.0938680953945878,
                          0.10764735152001183,
                          0.10168537096409232],
                         [0.377329242412098,
                          0.4159726593285774,
                          0.10056302355931095,
                          0.09322938185997967,
                          0.09174212153035197,
                          0.10581995148662926,
                          0.08020195267443664,
                          0.09854609623907379,
                          0.11095766652848915,
                          0.09132296065593243],
                         [0.3903513992131665,
                          0.37545748123434874,
                          0.09213054042074044,
                          0.10860664870391926,
                          0.07864974343936335,
                          0.11002425893422182,
                          0.0991039721537552,
                          0.10099485479844296,
                          0.07657976005569916,
                          0.11948617820503278],
                         [0.38593766412229175,
                          0.4013214244535427,
                          0.08076354882126553,
                          0.12454560774450119,
                          0.08497377731351392,
                          0.10493697765721005,
                          0.10058182666172572,
                          0.13314326173062022,
                          0.09290630251585262,
                          0.09201536183366997],
                         [0.36413220665160534,
                          0.39760321274872484,
                          0.06976464735469387,
                          0.09120217476645041,
                          0.1219262946200923,
                          0.10517264918992898,
                          0.11494634476403928,
                          0.1065536698552624,
                          0.10530075807912255,
                          0.12718676917563934],
                         [0.3868386849938264,
                          0.3881398843305048,
                          0.10733478230651632,
                          0.057850973763987235,
                          0.10094066703679473,
                          0.0983795072978506,
                          0.09644639470630224,
                          0.11305334460726758,
                          0.10004288410985794,
                          0.06402612755439203],
                         [0.40457669310596933,
                          0.40324460986349775,
                          0.10253917075093871,
                          0.0704963309168618,
                          0.1259880648564764,
                          0.0789946057602328,
                          0.08961941387991283,
                          0.13302412966072666,
                          0.08391230074873497,
                          0.09801523254110076]]},
            {'activation': 'sigmoid',
             'bias': [-0.021978791252266823,
                      0.018104158478976097,
                      0.0218713111481897,
                      0.019454847222002605,
                      0.026107497731937213],
             'name': 'output',
             'neurons': [<gameplay.Neuron object at 0x7f5336f17cf8>,
                         <gameplay.Neuron object at 0x7f5336f17d30>,
                         <gameplay.Neuron object at 0x7f5336f17da0>,
                         <gameplay.Neuron object at 0x7f5336f17d68>,
                         <gameplay.Neuron object at 0x7f5336f17dd8>],
             'num_neurons': 5,
             'weights': [[0.07768268722965103,
                          0.09629070810358899,
                          0.08838095747510878,
                          0.0849100066982954,
                          0.11364053780214146,
                          0.11606262415458378,
                          0.1297912365078297,
                          0.09207646128942425],
                         [0.08083517528805864,
                          0.11675017991473655,
                          0.09386071331753246,
                          0.118837248194299,
                          0.10207499833151355,
                          0.09647171780885672,
                          0.08742002860614398,
                          0.11896215370319888],
                         [0.11941596327753172,
                          0.08323799728621932,
                          0.1201109105801917,
                          0.10250316360774417,
                          0.09686526019437498,
                          0.10192375533268361,
                          0.10261679664857914,
                          0.10207025144587403],
                         [0.09952950469322945,
                          0.07116140734205778,
                          0.10923563782568012,
                          0.09291954673016468,
                          0.11038898401483653,
                          0.1207738346117136,
                          0.1078740364181683,
                          0.09479378490203565],
                         [0.10560712802424177,
                          0.08826088385258653,
                          0.13428567524365617,
                          0.07656661876185233,
                          0.14045250065355971,
                          0.10186497657832047,
                          0.1006087082102936,
                          0.1003020240689332],
                         [0.09275959924903146,
                          0.0958746779909629,
                          0.12382232852564415,
                          0.08337725388604221,
                          0.07510050457980293,
                          0.12795348722239736,
                          0.102472813212858,
                          0.09141654422151994]]}]}
load_tensorflow_graph: path = tensorflow/mario-model-simple-2019-07-17/frozen_inference_graph.pb
object_detection_graph = <tensorflow.python.framework.ops.Graph object at 0x7f5336f17e80>
Doing start sequence
Sleeping one second
sending start
sending empty
Found black world screen for the second time. exiting.



Seconds left: 393
Moves to the right: 21
