pygame 1.9.6
Hello from the pygame community. https://www.pygame.org/contribute.html
Loading neural net from gameplay_neural_nets/37/8.nn
net = {'generation': 34,
 'inputs': [],
 'layers': [{'activation': 'sigmoid',
             'bias': [0.006177440847843378,
                      -0.01408404301686297,
                      0.026652392304535838,
                      -0.004146926546201288,
                      0.015185485374939002,
                      -0.014525606259422792,
                      0.004628371962889599,
                      -0.015585841926630635],
             'name': 'input',
             'neurons': [],
             'num_neurons': 8,
             'weights': [[0.39075337122071974,
                          0.3986811774774795,
                          0.11283614961486181,
                          0.11409108831723641,
                          0.11871281305286391,
                          0.09429603111580546,
                          0.10323014013938539,
                          0.10852872649189017,
                          0.09682933099977563,
                          0.08902783464650264],
                         [0.3782120539962031,
                          0.4247730338819593,
                          0.11126014130653558,
                          0.10851290477774478,
                          0.09683999516451428,
                          0.08619303551400208,
                          0.0924313516224412,
                          0.08453522016739481,
                          0.10764735152001183,
                          0.10168537096409232],
                         [0.377329242412098,
                          0.4159726593285774,
                          0.10056302355931095,
                          0.09322938185997967,
                          0.09174212153035197,
                          0.10581995148662926,
                          0.08020195267443664,
                          0.10850237762804199,
                          0.11802002693262671,
                          0.09132296065593243],
                         [0.39022689783597153,
                          0.37545748123434874,
                          0.09213054042074044,
                          0.10860664870391926,
                          0.07864974343936335,
                          0.10924544506489063,
                          0.0991039721537552,
                          0.10099485479844296,
                          0.07992061912113552,
                          0.11948617820503278],
                         [0.38593766412229175,
                          0.4013214244535427,
                          0.08941849346479835,
                          0.12454560774450119,
                          0.08497377731351392,
                          0.10493697765721005,
                          0.10165938614929614,
                          0.13314326173062022,
                          0.09290630251585262,
                          0.09201536183366997],
                         [0.36413220665160534,
                          0.39760321274872484,
                          0.06976464735469387,
                          0.09120217476645041,
                          0.12025676718389168,
                          0.10517264918992898,
                          0.11494634476403928,
                          0.11126889000278667,
                          0.0993295786876636,
                          0.11719074158386232],
                         [0.3868386849938264,
                          0.3881398843305048,
                          0.11088106335812509,
                          0.06648785168241145,
                          0.10434167793446812,
                          0.0983795072978506,
                          0.08739837330658705,
                          0.11305334460726758,
                          0.10054758647928472,
                          0.06402612755439203],
                         [0.40457669310596933,
                          0.40324460986349775,
                          0.10253917075093871,
                          0.0704963309168618,
                          0.1259880648564764,
                          0.0789946057602328,
                          0.08946557061311265,
                          0.1368329754313085,
                          0.08391230074873497,
                          0.09801523254110076]]},
            {'activation': 'sigmoid',
             'bias': [-0.021978791252266823,
                      0.018104158478976097,
                      0.015279229488855859,
                      0.019454847222002605,
                      0.026107497731937213],
             'name': 'output',
             'neurons': [],
             'num_neurons': 5,
             'weights': [[0.08611673884853713,
                          0.08857014599575233,
                          0.08838095747510878,
                          0.08103251020757687,
                          0.11364053780214146,
                          0.11606262415458378,
                          0.1277241481467467,
                          0.09207646128942425],
                         [0.0783017294030907,
                          0.10762351539349552,
                          0.09386071331753246,
                          0.11962450868168062,
                          0.10207499833151355,
                          0.09866076477295929,
                          0.08742002860614398,
                          0.11896215370319888],
                         [0.11941596327753172,
                          0.09041943633956702,
                          0.1201109105801917,
                          0.09482611266078378,
                          0.09686526019437498,
                          0.10192375533268361,
                          0.10261679664857914,
                          0.10207025144587403],
                         [0.095999881732543,
                          0.07116140734205778,
                          0.10923563782568012,
                          0.09291954673016468,
                          0.11038898401483653,
                          0.1207738346117136,
                          0.09897728533646957,
                          0.08737386514007973],
                         [0.10855499561200871,
                          0.08826088385258653,
                          0.13428567524365617,
                          0.0723335466594549,
                          0.14045250065355971,
                          0.10186497657832047,
                          0.1006087082102936,
                          0.1003020240689332],
                         [0.09275959924903146,
                          0.09743591172352149,
                          0.11680001635889249,
                          0.08337725388604221,
                          0.07510050457980293,
                          0.12795348722239736,
                          0.102472813212858,
                          0.09141654422151994]]}]}
{'generation': 34,
 'inputs': [],
 'layers': [{'activation': 'sigmoid',
             'bias': [0.006177440847843378,
                      -0.01408404301686297,
                      0.026652392304535838,
                      -0.004146926546201288,
                      0.015185485374939002,
                      -0.014525606259422792,
                      0.004628371962889599,
                      -0.015585841926630635],
             'name': 'input',
             'neurons': [<gameplay.Neuron object at 0x7fdfdef80860>,
                         <gameplay.Neuron object at 0x7fdfdef80828>,
                         <gameplay.Neuron object at 0x7fdfdef80240>,
                         <gameplay.Neuron object at 0x7fdfdef80b00>,
                         <gameplay.Neuron object at 0x7fdfdef80ba8>,
                         <gameplay.Neuron object at 0x7fdfdef80b38>,
                         <gameplay.Neuron object at 0x7fdfdef80c88>,
                         <gameplay.Neuron object at 0x7fdfdef80c50>],
             'num_neurons': 8,
             'weights': [[0.39075337122071974,
                          0.3986811774774795,
                          0.11283614961486181,
                          0.11409108831723641,
                          0.11871281305286391,
                          0.09429603111580546,
                          0.10323014013938539,
                          0.10852872649189017,
                          0.09682933099977563,
                          0.08902783464650264],
                         [0.3782120539962031,
                          0.4247730338819593,
                          0.11126014130653558,
                          0.10851290477774478,
                          0.09683999516451428,
                          0.08619303551400208,
                          0.0924313516224412,
                          0.08453522016739481,
                          0.10764735152001183,
                          0.10168537096409232],
                         [0.377329242412098,
                          0.4159726593285774,
                          0.10056302355931095,
                          0.09322938185997967,
                          0.09174212153035197,
                          0.10581995148662926,
                          0.08020195267443664,
                          0.10850237762804199,
                          0.11802002693262671,
                          0.09132296065593243],
                         [0.39022689783597153,
                          0.37545748123434874,
                          0.09213054042074044,
                          0.10860664870391926,
                          0.07864974343936335,
                          0.10924544506489063,
                          0.0991039721537552,
                          0.10099485479844296,
                          0.07992061912113552,
                          0.11948617820503278],
                         [0.38593766412229175,
                          0.4013214244535427,
                          0.08941849346479835,
                          0.12454560774450119,
                          0.08497377731351392,
                          0.10493697765721005,
                          0.10165938614929614,
                          0.13314326173062022,
                          0.09290630251585262,
                          0.09201536183366997],
                         [0.36413220665160534,
                          0.39760321274872484,
                          0.06976464735469387,
                          0.09120217476645041,
                          0.12025676718389168,
                          0.10517264918992898,
                          0.11494634476403928,
                          0.11126889000278667,
                          0.0993295786876636,
                          0.11719074158386232],
                         [0.3868386849938264,
                          0.3881398843305048,
                          0.11088106335812509,
                          0.06648785168241145,
                          0.10434167793446812,
                          0.0983795072978506,
                          0.08739837330658705,
                          0.11305334460726758,
                          0.10054758647928472,
                          0.06402612755439203],
                         [0.40457669310596933,
                          0.40324460986349775,
                          0.10253917075093871,
                          0.0704963309168618,
                          0.1259880648564764,
                          0.0789946057602328,
                          0.08946557061311265,
                          0.1368329754313085,
                          0.08391230074873497,
                          0.09801523254110076]]},
            {'activation': 'sigmoid',
             'bias': [-0.021978791252266823,
                      0.018104158478976097,
                      0.015279229488855859,
                      0.019454847222002605,
                      0.026107497731937213],
             'name': 'output',
             'neurons': [<gameplay.Neuron object at 0x7fdfdef80cc0>,
                         <gameplay.Neuron object at 0x7fdfdef80cf8>,
                         <gameplay.Neuron object at 0x7fdfdef80d68>,
                         <gameplay.Neuron object at 0x7fdfdef80d30>,
                         <gameplay.Neuron object at 0x7fdfdef80da0>],
             'num_neurons': 5,
             'weights': [[0.08611673884853713,
                          0.08857014599575233,
                          0.08838095747510878,
                          0.08103251020757687,
                          0.11364053780214146,
                          0.11606262415458378,
                          0.1277241481467467,
                          0.09207646128942425],
                         [0.0783017294030907,
                          0.10762351539349552,
                          0.09386071331753246,
                          0.11962450868168062,
                          0.10207499833151355,
                          0.09866076477295929,
                          0.08742002860614398,
                          0.11896215370319888],
                         [0.11941596327753172,
                          0.09041943633956702,
                          0.1201109105801917,
                          0.09482611266078378,
                          0.09686526019437498,
                          0.10192375533268361,
                          0.10261679664857914,
                          0.10207025144587403],
                         [0.095999881732543,
                          0.07116140734205778,
                          0.10923563782568012,
                          0.09291954673016468,
                          0.11038898401483653,
                          0.1207738346117136,
                          0.09897728533646957,
                          0.08737386514007973],
                         [0.10855499561200871,
                          0.08826088385258653,
                          0.13428567524365617,
                          0.0723335466594549,
                          0.14045250065355971,
                          0.10186497657832047,
                          0.1006087082102936,
                          0.1003020240689332],
                         [0.09275959924903146,
                          0.09743591172352149,
                          0.11680001635889249,
                          0.08337725388604221,
                          0.07510050457980293,
                          0.12795348722239736,
                          0.102472813212858,
                          0.09141654422151994]]}]}
load_tensorflow_graph: path = tensorflow/mario-model-simple-2019-07-17/frozen_inference_graph.pb
object_detection_graph = <tensorflow.python.framework.ops.Graph object at 0x7fdfdef80e48>
Doing start sequence
Sleeping one second
sending start
sending empty
Found black world screen for the second time. exiting.



Seconds left: 380
Moves to the right: 41
