pygame 1.9.6
Hello from the pygame community. https://www.pygame.org/contribute.html
Loading neural net from gameplay_neural_nets/71/10.nn
net = {'generation': 62,
 'inputs': [],
 'layers': [{'activation': 'sigmoid',
             'bias': [-0.035747969692816045,
                      0.029948730995417137,
                      -0.031059185352223496,
                      -0.009766423536031703,
                      0.015047528991488413,
                      -0.01075061429397031,
                      0.01196383189917997,
                      -0.042205180817604215],
             'name': 'input',
             'neurons': [],
             'num_neurons': 8,
             'weights': [[0.4278925035796906,
                          0.5148318135833192,
                          0.5154088663921331,
                          0.47313398387798494,
                          0.5064924464993703,
                          0.48149341212467794,
                          0.5358441786507754,
                          0.4836312229461395,
                          0.5074472723086033,
                          0.5443859385179529],
                         [0.4536599001820913,
                          0.4960749477706859,
                          0.533383548860519,
                          0.4995224743691489,
                          0.49212997075708853,
                          0.4743294791596994,
                          0.48215097801123,
                          0.473455128261119,
                          0.5317077955226567,
                          0.5140645350757231],
                         [0.5570098272735137,
                          0.49681887356148646,
                          0.5087495985106025,
                          0.49765151692314785,
                          0.4787175270930063,
                          0.5084332119869689,
                          0.5004236384295493,
                          0.4774668707426934,
                          0.45606250590286157,
                          0.49216647220228205],
                         [0.5083556418715038,
                          0.4697060711523361,
                          0.5151188071851153,
                          0.42027225184144634,
                          0.4425225631441877,
                          0.5484221152400626,
                          0.5127581767975687,
                          0.48734419343724034,
                          0.5254795773249704,
                          0.5222908127887106],
                         [0.48934268519067553,
                          0.49356084362457436,
                          0.5077888580200469,
                          0.448040518940948,
                          0.5289679018093597,
                          0.5050702527452384,
                          0.5083577845203838,
                          0.48831024922847277,
                          0.4777784612375948,
                          0.527253879510273],
                         [0.4920853296985354,
                          0.5074745400552495,
                          0.502616933735526,
                          0.5391538162314523,
                          0.483194715945394,
                          0.4640713363964909,
                          0.5596642665577146,
                          0.4511593114924218,
                          0.4975061295163069,
                          0.43442479067361883],
                         [0.5445283971439213,
                          0.48279790786194576,
                          0.49133271717286503,
                          0.5165282127103756,
                          0.5073613604218412,
                          0.48349069379853765,
                          0.5378371934785876,
                          0.47177203715174815,
                          0.4985685946695539,
                          0.48982450242534625],
                         [0.5087869449150471,
                          0.49148459172346504,
                          0.5313536331025657,
                          0.5557121702816606,
                          0.49293149456822527,
                          0.4778826278506752,
                          0.45788260152375154,
                          0.4762099015010278,
                          0.5105393931881167,
                          0.46637234888810203]]},
            {'activation': 'sigmoid',
             'bias': [-0.023735047270567883,
                      -0.025720642369645233,
                      -0.04817956423109055,
                      -0.003216305219310366,
                      -0.004780593157767123,
                      -0.045996444174730096],
             'name': 'hidden1',
             'neurons': [],
             'num_neurons': 6,
             'weights': [[0.4873108282886859,
                          0.5001125381193047,
                          0.5283798000615133,
                          0.4935836928417104,
                          0.5186457737100597,
                          0.49667218582878897,
                          0.5405250046814275,
                          0.4873800305990501],
                         [0.5403201499903856,
                          0.5504772067812389,
                          0.5431366263614189,
                          0.44768273619257387,
                          0.4519184862674812,
                          0.5503889831034146,
                          0.4650524652670984,
                          0.4978819918218876],
                         [0.5039275163739099,
                          0.4989280746639061,
                          0.513858506176365,
                          0.5483690962201541,
                          0.5448227239408358,
                          0.5418199008871268,
                          0.5445725569383074,
                          0.5421968152728666],
                         [0.521074698460122,
                          0.5157408696866383,
                          0.478768186770614,
                          0.5048035775159762,
                          0.4603142133361022,
                          0.49339717098164976,
                          0.5045324990468592,
                          0.5314781177281915],
                         [0.499991103987075,
                          0.5648209505234669,
                          0.5164173092478718,
                          0.48190073787068305,
                          0.5104813713416821,
                          0.4818095527797783,
                          0.5341655541369096,
                          0.4964437803886595],
                         [0.4428412941977346,
                          0.520056632116599,
                          0.4861263605294861,
                          0.4760746825764159,
                          0.43549532316657946,
                          0.4786197844574698,
                          0.49091862410798737,
                          0.502921195408837],
                         [0.48364121288075707,
                          0.4920239174057069,
                          0.5260908888100353,
                          0.5297850515985832,
                          0.45378392184554056,
                          0.48936505179148077,
                          0.5535456875643634,
                          0.5077077936100198],
                         [0.5029002977673059,
                          0.5575308293331879,
                          0.4983260354851704,
                          0.5137369888408877,
                          0.5205042042366692,
                          0.4766771978196303,
                          0.4840285894269867,
                          0.47502287164072726]]},
            {'activation': 'sigmoid',
             'bias': [-0.019194391698281396,
                      0.039829447386092016,
                      -0.016896693607750708,
                      0.01583592964339345,
                      0.02817271496353318],
             'name': 'output',
             'neurons': [],
             'num_neurons': 5,
             'weights': [[0.46376514537953295,
                          0.49684109529276954,
                          0.5478311469093504,
                          0.4980545154511903,
                          0.4865072368357084,
                          0.505930468357334],
                         [0.5327131311560979,
                          0.5242578187366933,
                          0.470950129624483,
                          0.5125026916181191,
                          0.48131323592473346,
                          0.47688950012582704],
                         [0.5110581817907034,
                          0.5085716521690669,
                          0.468301506409083,
                          0.5117448084641619,
                          0.5359053765587222,
                          0.4671698775284717],
                         [0.5052789628375408,
                          0.4733537788320799,
                          0.5139224626117298,
                          0.4974874825242191,
                          0.47376631461587276,
                          0.4916450969258672],
                         [0.49525956681753003,
                          0.5152804043182225,
                          0.46260584393813303,
                          0.5483896218449914,
                          0.5044009769033789,
                          0.4899197110057936],
                         [0.512450789809861,
                          0.5194673027311439,
                          0.5008131867649926,
                          0.4701286051516599,
                          0.48240175084599324,
                          0.4765915932872643]]}]}
{'generation': 62,
 'inputs': [],
 'layers': [{'activation': 'sigmoid',
             'bias': [-0.035747969692816045,
                      0.029948730995417137,
                      -0.031059185352223496,
                      -0.009766423536031703,
                      0.015047528991488413,
                      -0.01075061429397031,
                      0.01196383189917997,
                      -0.042205180817604215],
             'name': 'input',
             'neurons': [<gameplay.Neuron object at 0x7fac791ed828>,
                         <gameplay.Neuron object at 0x7fac791ed7f0>,
                         <gameplay.Neuron object at 0x7fac791ed208>,
                         <gameplay.Neuron object at 0x7fac791edb38>,
                         <gameplay.Neuron object at 0x7fac791edbe0>,
                         <gameplay.Neuron object at 0x7fac791edb70>,
                         <gameplay.Neuron object at 0x7fac791edc88>,
                         <gameplay.Neuron object at 0x7fac791edcc0>],
             'num_neurons': 8,
             'weights': [[0.4278925035796906,
                          0.5148318135833192,
                          0.5154088663921331,
                          0.47313398387798494,
                          0.5064924464993703,
                          0.48149341212467794,
                          0.5358441786507754,
                          0.4836312229461395,
                          0.5074472723086033,
                          0.5443859385179529],
                         [0.4536599001820913,
                          0.4960749477706859,
                          0.533383548860519,
                          0.4995224743691489,
                          0.49212997075708853,
                          0.4743294791596994,
                          0.48215097801123,
                          0.473455128261119,
                          0.5317077955226567,
                          0.5140645350757231],
                         [0.5570098272735137,
                          0.49681887356148646,
                          0.5087495985106025,
                          0.49765151692314785,
                          0.4787175270930063,
                          0.5084332119869689,
                          0.5004236384295493,
                          0.4774668707426934,
                          0.45606250590286157,
                          0.49216647220228205],
                         [0.5083556418715038,
                          0.4697060711523361,
                          0.5151188071851153,
                          0.42027225184144634,
                          0.4425225631441877,
                          0.5484221152400626,
                          0.5127581767975687,
                          0.48734419343724034,
                          0.5254795773249704,
                          0.5222908127887106],
                         [0.48934268519067553,
                          0.49356084362457436,
                          0.5077888580200469,
                          0.448040518940948,
                          0.5289679018093597,
                          0.5050702527452384,
                          0.5083577845203838,
                          0.48831024922847277,
                          0.4777784612375948,
                          0.527253879510273],
                         [0.4920853296985354,
                          0.5074745400552495,
                          0.502616933735526,
                          0.5391538162314523,
                          0.483194715945394,
                          0.4640713363964909,
                          0.5596642665577146,
                          0.4511593114924218,
                          0.4975061295163069,
                          0.43442479067361883],
                         [0.5445283971439213,
                          0.48279790786194576,
                          0.49133271717286503,
                          0.5165282127103756,
                          0.5073613604218412,
                          0.48349069379853765,
                          0.5378371934785876,
                          0.47177203715174815,
                          0.4985685946695539,
                          0.48982450242534625],
                         [0.5087869449150471,
                          0.49148459172346504,
                          0.5313536331025657,
                          0.5557121702816606,
                          0.49293149456822527,
                          0.4778826278506752,
                          0.45788260152375154,
                          0.4762099015010278,
                          0.5105393931881167,
                          0.46637234888810203]]},
            {'activation': 'sigmoid',
             'bias': [-0.023735047270567883,
                      -0.025720642369645233,
                      -0.04817956423109055,
                      -0.003216305219310366,
                      -0.004780593157767123,
                      -0.045996444174730096],
             'name': 'hidden1',
             'neurons': [<gameplay.Neuron object at 0x7fac791edcf8>,
                         <gameplay.Neuron object at 0x7fac791edd30>,
                         <gameplay.Neuron object at 0x7fac791edda0>,
                         <gameplay.Neuron object at 0x7fac791edd68>,
                         <gameplay.Neuron object at 0x7fac791eddd8>,
                         <gameplay.Neuron object at 0x7fac791ede48>],
             'num_neurons': 6,
             'weights': [[0.4873108282886859,
                          0.5001125381193047,
                          0.5283798000615133,
                          0.4935836928417104,
                          0.5186457737100597,
                          0.49667218582878897,
                          0.5405250046814275,
                          0.4873800305990501],
                         [0.5403201499903856,
                          0.5504772067812389,
                          0.5431366263614189,
                          0.44768273619257387,
                          0.4519184862674812,
                          0.5503889831034146,
                          0.4650524652670984,
                          0.4978819918218876],
                         [0.5039275163739099,
                          0.4989280746639061,
                          0.513858506176365,
                          0.5483690962201541,
                          0.5448227239408358,
                          0.5418199008871268,
                          0.5445725569383074,
                          0.5421968152728666],
                         [0.521074698460122,
                          0.5157408696866383,
                          0.478768186770614,
                          0.5048035775159762,
                          0.4603142133361022,
                          0.49339717098164976,
                          0.5045324990468592,
                          0.5314781177281915],
                         [0.499991103987075,
                          0.5648209505234669,
                          0.5164173092478718,
                          0.48190073787068305,
                          0.5104813713416821,
                          0.4818095527797783,
                          0.5341655541369096,
                          0.4964437803886595],
                         [0.4428412941977346,
                          0.520056632116599,
                          0.4861263605294861,
                          0.4760746825764159,
                          0.43549532316657946,
                          0.4786197844574698,
                          0.49091862410798737,
                          0.502921195408837],
                         [0.48364121288075707,
                          0.4920239174057069,
                          0.5260908888100353,
                          0.5297850515985832,
                          0.45378392184554056,
                          0.48936505179148077,
                          0.5535456875643634,
                          0.5077077936100198],
                         [0.5029002977673059,
                          0.5575308293331879,
                          0.4983260354851704,
                          0.5137369888408877,
                          0.5205042042366692,
                          0.4766771978196303,
                          0.4840285894269867,
                          0.47502287164072726]]},
            {'activation': 'sigmoid',
             'bias': [-0.019194391698281396,
                      0.039829447386092016,
                      -0.016896693607750708,
                      0.01583592964339345,
                      0.02817271496353318],
             'name': 'output',
             'neurons': [<gameplay.Neuron object at 0x7fac791ede10>,
                         <gameplay.Neuron object at 0x7fac791ede80>,
                         <gameplay.Neuron object at 0x7fac791edba8>,
                         <gameplay.Neuron object at 0x7fac791edc18>,
                         <gameplay.Neuron object at 0x7fac791edc50>],
             'num_neurons': 5,
             'weights': [[0.46376514537953295,
                          0.49684109529276954,
                          0.5478311469093504,
                          0.4980545154511903,
                          0.4865072368357084,
                          0.505930468357334],
                         [0.5327131311560979,
                          0.5242578187366933,
                          0.470950129624483,
                          0.5125026916181191,
                          0.48131323592473346,
                          0.47688950012582704],
                         [0.5110581817907034,
                          0.5085716521690669,
                          0.468301506409083,
                          0.5117448084641619,
                          0.5359053765587222,
                          0.4671698775284717],
                         [0.5052789628375408,
                          0.4733537788320799,
                          0.5139224626117298,
                          0.4974874825242191,
                          0.47376631461587276,
                          0.4916450969258672],
                         [0.49525956681753003,
                          0.5152804043182225,
                          0.46260584393813303,
                          0.5483896218449914,
                          0.5044009769033789,
                          0.4899197110057936],
                         [0.512450789809861,
                          0.5194673027311439,
                          0.5008131867649926,
                          0.4701286051516599,
                          0.48240175084599324,
                          0.4765915932872643]]}]}
load_tensorflow_graph: path = tensorflow/mario-model-simple-2019-07-17/frozen_inference_graph.pb
object_detection_graph = <tensorflow.python.framework.ops.Graph object at 0x7fac791edf98>
Doing start sequence
Sleeping one second
sending start
sending empty
Found black world screen for the second time. exiting.



Seconds left: 379
Moves to the right: 62
frame count: 110
time start:  1568176599.4290872,   time_now: 1568176611.2692025
