pygame 1.9.6
Hello from the pygame community. https://www.pygame.org/contribute.html
Loading neural net from gameplay_neural_nets/138/7.nn
net = {'generation': 125,
 'inputs': [],
 'layers': [{'activation': 'sigmoid',
             'bias': [0.0044924637821788255,
                      -0.025099318616479488,
                      -0.011402382220435646,
                      -0.010988120152637353,
                      0.0032030394569602955,
                      -0.04446499219373323,
                      0.014836377944583517,
                      -0.012509840504787697],
             'name': 'input',
             'neurons': [],
             'num_neurons': 8,
             'weights': [[0.3573470282251425,
                          0.4308212969951502,
                          0.07904261913927237,
                          0.1162589480073508,
                          0.08559815061843955,
                          0.08609123096856697,
                          0.09157284171175889,
                          0.07957088969593379,
                          0.08596195910865406,
                          0.0661720977153436],
                         [0.3878543199422362,
                          0.36971298991230894,
                          0.08865416277640237,
                          0.09326692835255297,
                          0.12015032349132965,
                          0.055763060466500904,
                          0.11839348043016372,
                          0.09805787946555898,
                          0.12206853074259642,
                          0.12134337013228574],
                         [0.3692135597915581,
                          0.4377781134119893,
                          0.07936660718710054,
                          0.0517717144423574,
                          0.11164722853597175,
                          0.11232510950212442,
                          0.09180725884475374,
                          0.1183763675971684,
                          0.08907094556547505,
                          0.07973818348995189],
                         [0.3547388375864611,
                          0.4156184899017284,
                          0.09147941053195308,
                          0.11855846345143745,
                          0.06344171056254734,
                          0.07456766396855069,
                          0.07918342011540012,
                          0.12434035109268972,
                          0.12707918848745814,
                          0.10646565053124678],
                         [0.41214092784013356,
                          0.390225220199377,
                          0.053057700046365716,
                          0.1166132231251194,
                          0.09896289350159382,
                          0.1532596384609381,
                          0.13133031807829598,
                          0.13491535289733414,
                          0.07590619360143742,
                          0.0668580459951501],
                         [0.36506816082030613,
                          0.4296262769917205,
                          0.0635403366830637,
                          0.0669065707262461,
                          0.10614818157571312,
                          0.07175659184825037,
                          0.1167290716470887,
                          0.10116432559161606,
                          0.11897350281506823,
                          0.10533775795586123],
                         [0.37286416738450967,
                          0.3736535346413176,
                          0.11824340839953858,
                          0.041798216056636306,
                          0.09825394996152426,
                          0.11383384487203582,
                          0.08936753603543675,
                          0.09984929955738216,
                          0.10877234335051299,
                          0.051523126717835585],
                         [0.3801443088208712,
                          0.4183667700456578,
                          0.06154827609390583,
                          0.0821901849573157,
                          0.12403646633691838,
                          0.04397859064725269,
                          0.0875334859447637,
                          0.14625725245755458,
                          0.09888046044224026,
                          0.07290920605855934]]},
            {'activation': 'sigmoid',
             'bias': [-0.026487641790086242,
                      0.05541509519359157,
                      -0.00013454231676348662,
                      -0.005233019065005302,
                      0.01494230048709062],
             'name': 'output',
             'neurons': [],
             'num_neurons': 5,
             'weights': [[0.04768422382776778,
                          0.10751365719868244,
                          0.10545104731538146,
                          0.035574210798368484,
                          0.12640482888973198,
                          0.1509296029929048,
                          0.13057463575578676,
                          0.11942254319039695],
                         [0.06078097026842275,
                          0.07671258447562174,
                          0.07063418618198175,
                          0.15006494605054824,
                          0.11577605026170988,
                          0.08558214895347036,
                          0.08087208318738487,
                          0.18216988329030942],
                         [0.1216272953110598,
                          0.08628714411363214,
                          0.11109573620861589,
                          0.07707949084273549,
                          0.0788820082871235,
                          0.11078687845706685,
                          0.1328215266863781,
                          0.07729157901394673],
                         [0.10142299009874853,
                          0.06861457368325304,
                          0.14695546867863626,
                          0.06665289760201384,
                          0.15377991824499498,
                          0.09202677208864378,
                          0.0940329434196238,
                          0.11193394641362941],
                         [0.13090460206673565,
                          0.07195619844024799,
                          0.14935004022298337,
                          0.037136465589216974,
                          0.18746726074815928,
                          0.10772524493712904,
                          0.0952320626226658,
                          0.08044782188826662],
                         [0.0830619189802088,
                          0.12822760445565437,
                          0.141610154487134,
                          0.09162767851420642,
                          0.062352425227317695,
                          0.10085772689475657,
                          0.07044942065703366,
                          0.1030817085144734]]}]}
{'generation': 125,
 'inputs': [],
 'layers': [{'activation': 'sigmoid',
             'bias': [0.0044924637821788255,
                      -0.025099318616479488,
                      -0.011402382220435646,
                      -0.010988120152637353,
                      0.0032030394569602955,
                      -0.04446499219373323,
                      0.014836377944583517,
                      -0.012509840504787697],
             'name': 'input',
             'neurons': [<gameplay.Neuron object at 0x7fbd76a7d860>,
                         <gameplay.Neuron object at 0x7fbd76a7d828>,
                         <gameplay.Neuron object at 0x7fbd76a7d240>,
                         <gameplay.Neuron object at 0x7fbd76a7db00>,
                         <gameplay.Neuron object at 0x7fbd76a7dba8>,
                         <gameplay.Neuron object at 0x7fbd76a7db38>,
                         <gameplay.Neuron object at 0x7fbd76a7dc88>,
                         <gameplay.Neuron object at 0x7fbd76a7dc50>],
             'num_neurons': 8,
             'weights': [[0.3573470282251425,
                          0.4308212969951502,
                          0.07904261913927237,
                          0.1162589480073508,
                          0.08559815061843955,
                          0.08609123096856697,
                          0.09157284171175889,
                          0.07957088969593379,
                          0.08596195910865406,
                          0.0661720977153436],
                         [0.3878543199422362,
                          0.36971298991230894,
                          0.08865416277640237,
                          0.09326692835255297,
                          0.12015032349132965,
                          0.055763060466500904,
                          0.11839348043016372,
                          0.09805787946555898,
                          0.12206853074259642,
                          0.12134337013228574],
                         [0.3692135597915581,
                          0.4377781134119893,
                          0.07936660718710054,
                          0.0517717144423574,
                          0.11164722853597175,
                          0.11232510950212442,
                          0.09180725884475374,
                          0.1183763675971684,
                          0.08907094556547505,
                          0.07973818348995189],
                         [0.3547388375864611,
                          0.4156184899017284,
                          0.09147941053195308,
                          0.11855846345143745,
                          0.06344171056254734,
                          0.07456766396855069,
                          0.07918342011540012,
                          0.12434035109268972,
                          0.12707918848745814,
                          0.10646565053124678],
                         [0.41214092784013356,
                          0.390225220199377,
                          0.053057700046365716,
                          0.1166132231251194,
                          0.09896289350159382,
                          0.1532596384609381,
                          0.13133031807829598,
                          0.13491535289733414,
                          0.07590619360143742,
                          0.0668580459951501],
                         [0.36506816082030613,
                          0.4296262769917205,
                          0.0635403366830637,
                          0.0669065707262461,
                          0.10614818157571312,
                          0.07175659184825037,
                          0.1167290716470887,
                          0.10116432559161606,
                          0.11897350281506823,
                          0.10533775795586123],
                         [0.37286416738450967,
                          0.3736535346413176,
                          0.11824340839953858,
                          0.041798216056636306,
                          0.09825394996152426,
                          0.11383384487203582,
                          0.08936753603543675,
                          0.09984929955738216,
                          0.10877234335051299,
                          0.051523126717835585],
                         [0.3801443088208712,
                          0.4183667700456578,
                          0.06154827609390583,
                          0.0821901849573157,
                          0.12403646633691838,
                          0.04397859064725269,
                          0.0875334859447637,
                          0.14625725245755458,
                          0.09888046044224026,
                          0.07290920605855934]]},
            {'activation': 'sigmoid',
             'bias': [-0.026487641790086242,
                      0.05541509519359157,
                      -0.00013454231676348662,
                      -0.005233019065005302,
                      0.01494230048709062],
             'name': 'output',
             'neurons': [<gameplay.Neuron object at 0x7fbd76a7dcc0>,
                         <gameplay.Neuron object at 0x7fbd76a7dcf8>,
                         <gameplay.Neuron object at 0x7fbd76a7dd68>,
                         <gameplay.Neuron object at 0x7fbd76a7dd30>,
                         <gameplay.Neuron object at 0x7fbd76a7dda0>],
             'num_neurons': 5,
             'weights': [[0.04768422382776778,
                          0.10751365719868244,
                          0.10545104731538146,
                          0.035574210798368484,
                          0.12640482888973198,
                          0.1509296029929048,
                          0.13057463575578676,
                          0.11942254319039695],
                         [0.06078097026842275,
                          0.07671258447562174,
                          0.07063418618198175,
                          0.15006494605054824,
                          0.11577605026170988,
                          0.08558214895347036,
                          0.08087208318738487,
                          0.18216988329030942],
                         [0.1216272953110598,
                          0.08628714411363214,
                          0.11109573620861589,
                          0.07707949084273549,
                          0.0788820082871235,
                          0.11078687845706685,
                          0.1328215266863781,
                          0.07729157901394673],
                         [0.10142299009874853,
                          0.06861457368325304,
                          0.14695546867863626,
                          0.06665289760201384,
                          0.15377991824499498,
                          0.09202677208864378,
                          0.0940329434196238,
                          0.11193394641362941],
                         [0.13090460206673565,
                          0.07195619844024799,
                          0.14935004022298337,
                          0.037136465589216974,
                          0.18746726074815928,
                          0.10772524493712904,
                          0.0952320626226658,
                          0.08044782188826662],
                         [0.0830619189802088,
                          0.12822760445565437,
                          0.141610154487134,
                          0.09162767851420642,
                          0.062352425227317695,
                          0.10085772689475657,
                          0.07044942065703366,
                          0.1030817085144734]]}]}
load_tensorflow_graph: path = tensorflow/mario-model-simple-2019-07-17/frozen_inference_graph.pb
object_detection_graph = <tensorflow.python.framework.ops.Graph object at 0x7fbd76a7de48>
Doing start sequence
Sleeping one second
sending start
sending empty



Seconds left: 341
Moves to the right: 1
