pygame 1.9.6
Hello from the pygame community. https://www.pygame.org/contribute.html
Loading neural net from gameplay_neural_nets/147/7.nn
net = {'generation': 134,
 'inputs': [],
 'layers': [{'activation': 'sigmoid',
             'bias': [0.011962684344455759,
                      -0.03331068436755456,
                      0.003860297437377971,
                      0.008371310946748495,
                      0.0026364617516690426,
                      -0.030371973615200158,
                      0.014632405035802865,
                      -0.008691644407677567],
             'name': 'input',
             'neurons': [],
             'num_neurons': 8,
             'weights': [[0.3642836685136753,
                          0.43395464295332253,
                          0.07904261913927237,
                          0.1367742661367705,
                          0.07080873554337261,
                          0.07495237696492404,
                          0.08385834753169498,
                          0.07239960004072431,
                          0.07655612229719011,
                          0.04833300684382985],
                         [0.38818996428813196,
                          0.3628935862711652,
                          0.08865416277640237,
                          0.1093811105373496,
                          0.12461482375532949,
                          0.045198275885991485,
                          0.10058118294886507,
                          0.08730044927925884,
                          0.09517715882318988,
                          0.12176110747238572],
                         [0.36229533700502004,
                          0.4295516940774367,
                          0.059970812108306654,
                          0.053465390279401205,
                          0.1018569530420833,
                          0.11551322054268107,
                          0.08116220758487891,
                          0.11498883081404473,
                          0.1038039252088612,
                          0.08295431973393916],
                         [0.37900681381890966,
                          0.412206309995723,
                          0.0996091953247918,
                          0.10810661624467362,
                          0.05113926212886891,
                          0.05437927312187313,
                          0.06874724830599548,
                          0.12478190687685076,
                          0.1272341559444699,
                          0.12463377124776825],
                         [0.41991947512542865,
                          0.4016522644122119,
                          0.04100084553748581,
                          0.12720374686377037,
                          0.09075337325305442,
                          0.15853275708182588,
                          0.13767310170569325,
                          0.11946206246501839,
                          0.08730058544764432,
                          0.07727648547851276],
                         [0.3507682453743429,
                          0.42868141814390953,
                          0.0755279562557472,
                          0.09551625613663557,
                          0.11006469677745856,
                          0.07302808695940217,
                          0.10949647404603131,
                          0.08938289699005593,
                          0.12252298095051588,
                          0.09871449460507145],
                         [0.37643377660690486,
                          0.3719214552803173,
                          0.11796082015265609,
                          0.06700952933803246,
                          0.1050237929135516,
                          0.09700605563645605,
                          0.09846723360583319,
                          0.08087038190576927,
                          0.10432902080273303,
                          0.05497344489734087],
                         [0.4017693342258758,
                          0.4208904397025865,
                          0.0718038264411563,
                          0.07218953548836796,
                          0.11450323159252966,
                          0.044338124268312996,
                          0.08439983749751218,
                          0.16728622626032935,
                          0.09006036723749591,
                          0.06948304771479707]]},
            {'activation': 'sigmoid',
             'bias': [-0.0019931092037008616,
                      0.0840939687431258,
                      0.002569595186434818,
                      -0.0062729194338801645,
                      0.009112912142055353],
             'name': 'output',
             'neurons': [],
             'num_neurons': 5,
             'weights': [[0.054974827764877325,
                          0.10454364121821276,
                          0.08763395955498784,
                          0.035684540604887655,
                          0.13541068310682716,
                          0.14150261771376021,
                          0.13267018796547633,
                          0.1199471009089922],
                         [0.04276771756253722,
                          0.07106978224756552,
                          0.09042935410532271,
                          0.15789744003942074,
                          0.11804186283507655,
                          0.07440760737342059,
                          0.05401505147875067,
                          0.17546419793879678],
                         [0.12251010945293121,
                          0.10616353775892441,
                          0.11113622159858036,
                          0.08466115786818854,
                          0.05480436271015699,
                          0.11186790579390592,
                          0.12995818241871432,
                          0.09069276279635437],
                         [0.09518817425673193,
                          0.06240865652958953,
                          0.151205379018159,
                          0.06952365537588015,
                          0.17080520016930079,
                          0.09919678680074796,
                          0.07433332573316803,
                          0.08753346210476236],
                         [0.14300741083971347,
                          0.09564074007565232,
                          0.14307472791358342,
                          0.03775454113443038,
                          0.1739123907568696,
                          0.09351040580344368,
                          0.09057819308512921,
                          0.1052901145869789],
                         [0.0877688306418678,
                          0.13330240226002055,
                          0.14443921278689975,
                          0.0981364827615904,
                          0.05592486701757199,
                          0.10768862796097492,
                          0.0671049270719973,
                          0.1257768695663928]]}]}
{'generation': 134,
 'inputs': [],
 'layers': [{'activation': 'sigmoid',
             'bias': [0.011962684344455759,
                      -0.03331068436755456,
                      0.003860297437377971,
                      0.008371310946748495,
                      0.0026364617516690426,
                      -0.030371973615200158,
                      0.014632405035802865,
                      -0.008691644407677567],
             'name': 'input',
             'neurons': [<gameplay.Neuron object at 0x7f4109800828>,
                         <gameplay.Neuron object at 0x7f41098007f0>,
                         <gameplay.Neuron object at 0x7f4109800208>,
                         <gameplay.Neuron object at 0x7f4109800ac8>,
                         <gameplay.Neuron object at 0x7f4109800b70>,
                         <gameplay.Neuron object at 0x7f4109800b00>,
                         <gameplay.Neuron object at 0x7f4109800c50>,
                         <gameplay.Neuron object at 0x7f4109800c18>],
             'num_neurons': 8,
             'weights': [[0.3642836685136753,
                          0.43395464295332253,
                          0.07904261913927237,
                          0.1367742661367705,
                          0.07080873554337261,
                          0.07495237696492404,
                          0.08385834753169498,
                          0.07239960004072431,
                          0.07655612229719011,
                          0.04833300684382985],
                         [0.38818996428813196,
                          0.3628935862711652,
                          0.08865416277640237,
                          0.1093811105373496,
                          0.12461482375532949,
                          0.045198275885991485,
                          0.10058118294886507,
                          0.08730044927925884,
                          0.09517715882318988,
                          0.12176110747238572],
                         [0.36229533700502004,
                          0.4295516940774367,
                          0.059970812108306654,
                          0.053465390279401205,
                          0.1018569530420833,
                          0.11551322054268107,
                          0.08116220758487891,
                          0.11498883081404473,
                          0.1038039252088612,
                          0.08295431973393916],
                         [0.37900681381890966,
                          0.412206309995723,
                          0.0996091953247918,
                          0.10810661624467362,
                          0.05113926212886891,
                          0.05437927312187313,
                          0.06874724830599548,
                          0.12478190687685076,
                          0.1272341559444699,
                          0.12463377124776825],
                         [0.41991947512542865,
                          0.4016522644122119,
                          0.04100084553748581,
                          0.12720374686377037,
                          0.09075337325305442,
                          0.15853275708182588,
                          0.13767310170569325,
                          0.11946206246501839,
                          0.08730058544764432,
                          0.07727648547851276],
                         [0.3507682453743429,
                          0.42868141814390953,
                          0.0755279562557472,
                          0.09551625613663557,
                          0.11006469677745856,
                          0.07302808695940217,
                          0.10949647404603131,
                          0.08938289699005593,
                          0.12252298095051588,
                          0.09871449460507145],
                         [0.37643377660690486,
                          0.3719214552803173,
                          0.11796082015265609,
                          0.06700952933803246,
                          0.1050237929135516,
                          0.09700605563645605,
                          0.09846723360583319,
                          0.08087038190576927,
                          0.10432902080273303,
                          0.05497344489734087],
                         [0.4017693342258758,
                          0.4208904397025865,
                          0.0718038264411563,
                          0.07218953548836796,
                          0.11450323159252966,
                          0.044338124268312996,
                          0.08439983749751218,
                          0.16728622626032935,
                          0.09006036723749591,
                          0.06948304771479707]]},
            {'activation': 'sigmoid',
             'bias': [-0.0019931092037008616,
                      0.0840939687431258,
                      0.002569595186434818,
                      -0.0062729194338801645,
                      0.009112912142055353],
             'name': 'output',
             'neurons': [<gameplay.Neuron object at 0x7f4109800c88>,
                         <gameplay.Neuron object at 0x7f4109800cc0>,
                         <gameplay.Neuron object at 0x7f4109800d30>,
                         <gameplay.Neuron object at 0x7f4109800cf8>,
                         <gameplay.Neuron object at 0x7f4109800d68>],
             'num_neurons': 5,
             'weights': [[0.054974827764877325,
                          0.10454364121821276,
                          0.08763395955498784,
                          0.035684540604887655,
                          0.13541068310682716,
                          0.14150261771376021,
                          0.13267018796547633,
                          0.1199471009089922],
                         [0.04276771756253722,
                          0.07106978224756552,
                          0.09042935410532271,
                          0.15789744003942074,
                          0.11804186283507655,
                          0.07440760737342059,
                          0.05401505147875067,
                          0.17546419793879678],
                         [0.12251010945293121,
                          0.10616353775892441,
                          0.11113622159858036,
                          0.08466115786818854,
                          0.05480436271015699,
                          0.11186790579390592,
                          0.12995818241871432,
                          0.09069276279635437],
                         [0.09518817425673193,
                          0.06240865652958953,
                          0.151205379018159,
                          0.06952365537588015,
                          0.17080520016930079,
                          0.09919678680074796,
                          0.07433332573316803,
                          0.08753346210476236],
                         [0.14300741083971347,
                          0.09564074007565232,
                          0.14307472791358342,
                          0.03775454113443038,
                          0.1739123907568696,
                          0.09351040580344368,
                          0.09057819308512921,
                          0.1052901145869789],
                         [0.0877688306418678,
                          0.13330240226002055,
                          0.14443921278689975,
                          0.0981364827615904,
                          0.05592486701757199,
                          0.10768862796097492,
                          0.0671049270719973,
                          0.1257768695663928]]}]}
load_tensorflow_graph: path = tensorflow/mario-model-simple-2019-07-17/frozen_inference_graph.pb
object_detection_graph = <tensorflow.python.framework.ops.Graph object at 0x7f4109800e10>
Doing start sequence
Sleeping one second
sending start
sending empty
Found black world screen for the second time. exiting.



Seconds left: 380
Moves to the right: 13
