pygame 1.9.6
Hello from the pygame community. https://www.pygame.org/contribute.html
Loading neural net from gameplay_neural_nets/147/9.nn
net = {'generation': 134,
 'inputs': [],
 'layers': [{'activation': 'sigmoid',
             'bias': [0.011962684344455759,
                      -0.04537271201896564,
                      0.006650311484008225,
                      0.009372107809884102,
                      -0.004696015424355529,
                      -0.030371973615200158,
                      0.023726778278120288,
                      -0.008691644407677567],
             'name': 'input',
             'neurons': [],
             'num_neurons': 8,
             'weights': [[0.3734878628760563,
                          0.43395464295332253,
                          0.07904261913927237,
                          0.14196355173863173,
                          0.06968070189438738,
                          0.07495237696492404,
                          0.07901137860501248,
                          0.07239960004072431,
                          0.08068999271485884,
                          0.04833300684382985],
                         [0.38818996428813196,
                          0.36455069001087104,
                          0.08865416277640237,
                          0.11572455217339167,
                          0.12461482375532949,
                          0.04412480944985682,
                          0.10058118294886507,
                          0.09527504231463484,
                          0.10321192398122378,
                          0.12176110747238572],
                         [0.35650599835342006,
                          0.42244363562158443,
                          0.05498314356090191,
                          0.046126920158538434,
                          0.0953291879153633,
                          0.11277176772516688,
                          0.08116220758487891,
                          0.11498883081404473,
                          0.10252593992123794,
                          0.07586303785399985],
                         [0.37759229991924403,
                          0.4083315564245179,
                          0.09479905856346897,
                          0.10810661624467362,
                          0.05113926212886891,
                          0.05437927312187313,
                          0.07096135240243524,
                          0.13400123036063866,
                          0.13221947226639313,
                          0.12463377124776825],
                         [0.41738187437723656,
                          0.4016522644122119,
                          0.04100084553748581,
                          0.12160457042321986,
                          0.0855736409516597,
                          0.15043102571031244,
                          0.13767310170569325,
                          0.11380144941673997,
                          0.07830688233600744,
                          0.07584635289175873],
                         [0.3494063052513115,
                          0.42868141814390953,
                          0.0755279562557472,
                          0.09266786022647086,
                          0.115513427022393,
                          0.07302808695940217,
                          0.10949647404603131,
                          0.09586627332851688,
                          0.12252298095051588,
                          0.1004936978669805],
                         [0.37643377660690486,
                          0.36208814342547224,
                          0.11826759275376807,
                          0.06700952933803246,
                          0.10843289296388534,
                          0.0972148182089894,
                          0.10453026938002578,
                          0.07708922212106743,
                          0.1094663777458816,
                          0.05497344489734087],
                         [0.3928638272809488,
                          0.4208904397025865,
                          0.06580715075785892,
                          0.08005828149608832,
                          0.11450323159252966,
                          0.042141165565939796,
                          0.07328664738283004,
                          0.17198994123621944,
                          0.09965324512855749,
                          0.06987670065817433]]},
            {'activation': 'sigmoid',
             'bias': [-0.02025811937646268,
                      0.07685893908299421,
                      -0.010751273357703943,
                      -0.0062729194338801645,
                      0.006147603647880609],
             'name': 'output',
             'neurons': [],
             'num_neurons': 5,
             'weights': [[0.04684131085321301,
                          0.10454364121821276,
                          0.08763395955498784,
                          0.037561027022553796,
                          0.13030970111280699,
                          0.1423341216422746,
                          0.13267018796547633,
                          0.1199471009089922],
                         [0.04276771756253722,
                          0.07106978224756552,
                          0.08928120031041174,
                          0.1579282373992593,
                          0.11818829682539195,
                          0.06446930314329022,
                          0.05401505147875067,
                          0.17546419793879678],
                         [0.12634458641987228,
                          0.10815695978744423,
                          0.10768664017527003,
                          0.09154957221532395,
                          0.05480436271015699,
                          0.11186790579390592,
                          0.12995818241871432,
                          0.09069276279635437],
                         [0.09138760754537123,
                          0.06990741157243235,
                          0.151205379018159,
                          0.06952365537588015,
                          0.1630686916679953,
                          0.09919678680074796,
                          0.08999056523418816,
                          0.09709225923994348],
                         [0.14581204825314392,
                          0.09564074007565232,
                          0.14307472791358342,
                          0.02167425602912922,
                          0.1779731130549348,
                          0.10588212132435809,
                          0.09777602142618429,
                          0.09869008543693572],
                         [0.0877688306418678,
                          0.13976966842675767,
                          0.15132825534689798,
                          0.09776169145786343,
                          0.05592486701757199,
                          0.10768862796097492,
                          0.0671049270719973,
                          0.1257768695663928]]}]}
{'generation': 134,
 'inputs': [],
 'layers': [{'activation': 'sigmoid',
             'bias': [0.011962684344455759,
                      -0.04537271201896564,
                      0.006650311484008225,
                      0.009372107809884102,
                      -0.004696015424355529,
                      -0.030371973615200158,
                      0.023726778278120288,
                      -0.008691644407677567],
             'name': 'input',
             'neurons': [<gameplay.Neuron object at 0x7efc61dd4898>,
                         <gameplay.Neuron object at 0x7efc61dd4860>,
                         <gameplay.Neuron object at 0x7efc61dd4278>,
                         <gameplay.Neuron object at 0x7efc61dd4b38>,
                         <gameplay.Neuron object at 0x7efc61dd4be0>,
                         <gameplay.Neuron object at 0x7efc61dd4b70>,
                         <gameplay.Neuron object at 0x7efc61dd4cc0>,
                         <gameplay.Neuron object at 0x7efc61dd4c88>],
             'num_neurons': 8,
             'weights': [[0.3734878628760563,
                          0.43395464295332253,
                          0.07904261913927237,
                          0.14196355173863173,
                          0.06968070189438738,
                          0.07495237696492404,
                          0.07901137860501248,
                          0.07239960004072431,
                          0.08068999271485884,
                          0.04833300684382985],
                         [0.38818996428813196,
                          0.36455069001087104,
                          0.08865416277640237,
                          0.11572455217339167,
                          0.12461482375532949,
                          0.04412480944985682,
                          0.10058118294886507,
                          0.09527504231463484,
                          0.10321192398122378,
                          0.12176110747238572],
                         [0.35650599835342006,
                          0.42244363562158443,
                          0.05498314356090191,
                          0.046126920158538434,
                          0.0953291879153633,
                          0.11277176772516688,
                          0.08116220758487891,
                          0.11498883081404473,
                          0.10252593992123794,
                          0.07586303785399985],
                         [0.37759229991924403,
                          0.4083315564245179,
                          0.09479905856346897,
                          0.10810661624467362,
                          0.05113926212886891,
                          0.05437927312187313,
                          0.07096135240243524,
                          0.13400123036063866,
                          0.13221947226639313,
                          0.12463377124776825],
                         [0.41738187437723656,
                          0.4016522644122119,
                          0.04100084553748581,
                          0.12160457042321986,
                          0.0855736409516597,
                          0.15043102571031244,
                          0.13767310170569325,
                          0.11380144941673997,
                          0.07830688233600744,
                          0.07584635289175873],
                         [0.3494063052513115,
                          0.42868141814390953,
                          0.0755279562557472,
                          0.09266786022647086,
                          0.115513427022393,
                          0.07302808695940217,
                          0.10949647404603131,
                          0.09586627332851688,
                          0.12252298095051588,
                          0.1004936978669805],
                         [0.37643377660690486,
                          0.36208814342547224,
                          0.11826759275376807,
                          0.06700952933803246,
                          0.10843289296388534,
                          0.0972148182089894,
                          0.10453026938002578,
                          0.07708922212106743,
                          0.1094663777458816,
                          0.05497344489734087],
                         [0.3928638272809488,
                          0.4208904397025865,
                          0.06580715075785892,
                          0.08005828149608832,
                          0.11450323159252966,
                          0.042141165565939796,
                          0.07328664738283004,
                          0.17198994123621944,
                          0.09965324512855749,
                          0.06987670065817433]]},
            {'activation': 'sigmoid',
             'bias': [-0.02025811937646268,
                      0.07685893908299421,
                      -0.010751273357703943,
                      -0.0062729194338801645,
                      0.006147603647880609],
             'name': 'output',
             'neurons': [<gameplay.Neuron object at 0x7efc61dd4cf8>,
                         <gameplay.Neuron object at 0x7efc61dd4d30>,
                         <gameplay.Neuron object at 0x7efc61dd4da0>,
                         <gameplay.Neuron object at 0x7efc61dd4d68>,
                         <gameplay.Neuron object at 0x7efc61dd4dd8>],
             'num_neurons': 5,
             'weights': [[0.04684131085321301,
                          0.10454364121821276,
                          0.08763395955498784,
                          0.037561027022553796,
                          0.13030970111280699,
                          0.1423341216422746,
                          0.13267018796547633,
                          0.1199471009089922],
                         [0.04276771756253722,
                          0.07106978224756552,
                          0.08928120031041174,
                          0.1579282373992593,
                          0.11818829682539195,
                          0.06446930314329022,
                          0.05401505147875067,
                          0.17546419793879678],
                         [0.12634458641987228,
                          0.10815695978744423,
                          0.10768664017527003,
                          0.09154957221532395,
                          0.05480436271015699,
                          0.11186790579390592,
                          0.12995818241871432,
                          0.09069276279635437],
                         [0.09138760754537123,
                          0.06990741157243235,
                          0.151205379018159,
                          0.06952365537588015,
                          0.1630686916679953,
                          0.09919678680074796,
                          0.08999056523418816,
                          0.09709225923994348],
                         [0.14581204825314392,
                          0.09564074007565232,
                          0.14307472791358342,
                          0.02167425602912922,
                          0.1779731130549348,
                          0.10588212132435809,
                          0.09777602142618429,
                          0.09869008543693572],
                         [0.0877688306418678,
                          0.13976966842675767,
                          0.15132825534689798,
                          0.09776169145786343,
                          0.05592486701757199,
                          0.10768862796097492,
                          0.0671049270719973,
                          0.1257768695663928]]}]}
load_tensorflow_graph: path = tensorflow/mario-model-simple-2019-07-17/frozen_inference_graph.pb
object_detection_graph = <tensorflow.python.framework.ops.Graph object at 0x7efc61dd4e80>
Doing start sequence
Sleeping one second
sending start
sending empty
Found black world screen for the second time. exiting.



Seconds left: 366
Moves to the right: 63
