pygame 1.9.6
Hello from the pygame community. https://www.pygame.org/contribute.html
Loading neural net from gameplay_neural_nets/70/6.nn
net = {'generation': 65,
 'inputs': [],
 'layers': [{'activation': 'sigmoid',
             'bias': [0.024790649538297543,
                      -0.013930688324724346,
                      0.016069495287792786,
                      -0.027307551068131222,
                      0.023298539470344014,
                      -0.03049979023630337,
                      0.010179661769484812,
                      -0.01825241854424193],
             'name': 'input',
             'neurons': [],
             'num_neurons': 8,
             'weights': [[0.3705843541901567,
                          0.4017935277054537,
                          0.11676151775750487,
                          0.13156897760372505,
                          0.10986724301567748,
                          0.08838013343134699,
                          0.10005644466592625,
                          0.11011966026813513,
                          0.08913577210904858,
                          0.09373107117111262],
                         [0.37116556093048936,
                          0.3813118925950652,
                          0.1009651541464267,
                          0.10326363356032722,
                          0.08683831263673676,
                          0.08610263078793642,
                          0.10533679026976715,
                          0.09668180461675177,
                          0.10379646298848591,
                          0.11928466830233064],
                         [0.36713667210378503,
                          0.43429709545002015,
                          0.09604158459898728,
                          0.07645848290586998,
                          0.10974787246084639,
                          0.10882278974165667,
                          0.10239943879351047,
                          0.09078666389001082,
                          0.11999042642244442,
                          0.09138782068620988],
                         [0.407034497807641,
                          0.4055208418941509,
                          0.10012969522030396,
                          0.10008795916261823,
                          0.07771573577773914,
                          0.10588489475465926,
                          0.0955862093694325,
                          0.11335697494955965,
                          0.07395573572681069,
                          0.11433970069176255],
                         [0.3839498860887671,
                          0.3907748599097444,
                          0.05537179039838335,
                          0.1262740981049703,
                          0.09145653348118633,
                          0.12587247975683438,
                          0.11070648851969843,
                          0.13055631133010928,
                          0.10575278311250802,
                          0.0691214511651125],
                         [0.3560217857701195,
                          0.40209630103782074,
                          0.06941733760729996,
                          0.10383665713907003,
                          0.10733891452937994,
                          0.08432255240018294,
                          0.10008190810250849,
                          0.10606574879177122,
                          0.11678754657978935,
                          0.11376112499500643],
                         [0.38103497097801065,
                          0.379073466806708,
                          0.11951122271341312,
                          0.060048847593603384,
                          0.10808227398413073,
                          0.08679392250814724,
                          0.0918621461683314,
                          0.13030044943189123,
                          0.09789284928002874,
                          0.07614165441979051],
                         [0.4058201457449793,
                          0.4148260687526146,
                          0.07038206488713694,
                          0.07009659836801592,
                          0.11359265697218932,
                          0.06967876880865481,
                          0.06734883016829181,
                          0.14646598266274283,
                          0.09449764474532227,
                          0.08395835706650763]]},
            {'activation': 'sigmoid',
             'bias': [-0.018785206945570544,
                      0.03636214437978173,
                      0.008536859559638814,
                      0.0001611459296618368,
                      0.017212635054055594],
             'name': 'output',
             'neurons': [],
             'num_neurons': 5,
             'weights': [[0.08071618060502517,
                          0.0878001858456932,
                          0.10512316091695909,
                          0.05844542665354922,
                          0.1074113351979329,
                          0.13034142847838046,
                          0.13034773377342562,
                          0.07994916064916063],
                         [0.07878815850897002,
                          0.08089746280550308,
                          0.06799552732066153,
                          0.13948819443689936,
                          0.0768295096615311,
                          0.0851170753985076,
                          0.08244679507078832,
                          0.15153693657984763],
                         [0.10372209480420222,
                          0.07650295522288146,
                          0.12123522645591026,
                          0.0993866578200418,
                          0.10003320465984088,
                          0.10639357448400007,
                          0.13504703538887158,
                          0.07883805572129263],
                         [0.09487119247563255,
                          0.0579612650743825,
                          0.1159264796113307,
                          0.0665138088200468,
                          0.11009191403862303,
                          0.11021322541165157,
                          0.10095503436043772,
                          0.09824309778567049],
                         [0.12180655918229509,
                          0.10548427580337127,
                          0.11664663539619274,
                          0.06805661040273576,
                          0.16139954960043573,
                          0.11304534094129036,
                          0.10740723719093831,
                          0.09170927788042978],
                         [0.10830828999344363,
                          0.11802023685139723,
                          0.13214105821107056,
                          0.09758211604432361,
                          0.07300361472307641,
                          0.11159366770563749,
                          0.08098212058220519,
                          0.11337091637729696]]}]}
{'generation': 65,
 'inputs': [],
 'layers': [{'activation': 'sigmoid',
             'bias': [0.024790649538297543,
                      -0.013930688324724346,
                      0.016069495287792786,
                      -0.027307551068131222,
                      0.023298539470344014,
                      -0.03049979023630337,
                      0.010179661769484812,
                      -0.01825241854424193],
             'name': 'input',
             'neurons': [<gameplay.Neuron object at 0x7f19f80cc860>,
                         <gameplay.Neuron object at 0x7f19f80cc828>,
                         <gameplay.Neuron object at 0x7f19f80cc240>,
                         <gameplay.Neuron object at 0x7f19f80ccb00>,
                         <gameplay.Neuron object at 0x7f19f80ccba8>,
                         <gameplay.Neuron object at 0x7f19f80ccb38>,
                         <gameplay.Neuron object at 0x7f19f80ccc88>,
                         <gameplay.Neuron object at 0x7f19f80ccc50>],
             'num_neurons': 8,
             'weights': [[0.3705843541901567,
                          0.4017935277054537,
                          0.11676151775750487,
                          0.13156897760372505,
                          0.10986724301567748,
                          0.08838013343134699,
                          0.10005644466592625,
                          0.11011966026813513,
                          0.08913577210904858,
                          0.09373107117111262],
                         [0.37116556093048936,
                          0.3813118925950652,
                          0.1009651541464267,
                          0.10326363356032722,
                          0.08683831263673676,
                          0.08610263078793642,
                          0.10533679026976715,
                          0.09668180461675177,
                          0.10379646298848591,
                          0.11928466830233064],
                         [0.36713667210378503,
                          0.43429709545002015,
                          0.09604158459898728,
                          0.07645848290586998,
                          0.10974787246084639,
                          0.10882278974165667,
                          0.10239943879351047,
                          0.09078666389001082,
                          0.11999042642244442,
                          0.09138782068620988],
                         [0.407034497807641,
                          0.4055208418941509,
                          0.10012969522030396,
                          0.10008795916261823,
                          0.07771573577773914,
                          0.10588489475465926,
                          0.0955862093694325,
                          0.11335697494955965,
                          0.07395573572681069,
                          0.11433970069176255],
                         [0.3839498860887671,
                          0.3907748599097444,
                          0.05537179039838335,
                          0.1262740981049703,
                          0.09145653348118633,
                          0.12587247975683438,
                          0.11070648851969843,
                          0.13055631133010928,
                          0.10575278311250802,
                          0.0691214511651125],
                         [0.3560217857701195,
                          0.40209630103782074,
                          0.06941733760729996,
                          0.10383665713907003,
                          0.10733891452937994,
                          0.08432255240018294,
                          0.10008190810250849,
                          0.10606574879177122,
                          0.11678754657978935,
                          0.11376112499500643],
                         [0.38103497097801065,
                          0.379073466806708,
                          0.11951122271341312,
                          0.060048847593603384,
                          0.10808227398413073,
                          0.08679392250814724,
                          0.0918621461683314,
                          0.13030044943189123,
                          0.09789284928002874,
                          0.07614165441979051],
                         [0.4058201457449793,
                          0.4148260687526146,
                          0.07038206488713694,
                          0.07009659836801592,
                          0.11359265697218932,
                          0.06967876880865481,
                          0.06734883016829181,
                          0.14646598266274283,
                          0.09449764474532227,
                          0.08395835706650763]]},
            {'activation': 'sigmoid',
             'bias': [-0.018785206945570544,
                      0.03636214437978173,
                      0.008536859559638814,
                      0.0001611459296618368,
                      0.017212635054055594],
             'name': 'output',
             'neurons': [<gameplay.Neuron object at 0x7f19f80cccc0>,
                         <gameplay.Neuron object at 0x7f19f80cccf8>,
                         <gameplay.Neuron object at 0x7f19f80ccd68>,
                         <gameplay.Neuron object at 0x7f19f80ccd30>,
                         <gameplay.Neuron object at 0x7f19f80ccda0>],
             'num_neurons': 5,
             'weights': [[0.08071618060502517,
                          0.0878001858456932,
                          0.10512316091695909,
                          0.05844542665354922,
                          0.1074113351979329,
                          0.13034142847838046,
                          0.13034773377342562,
                          0.07994916064916063],
                         [0.07878815850897002,
                          0.08089746280550308,
                          0.06799552732066153,
                          0.13948819443689936,
                          0.0768295096615311,
                          0.0851170753985076,
                          0.08244679507078832,
                          0.15153693657984763],
                         [0.10372209480420222,
                          0.07650295522288146,
                          0.12123522645591026,
                          0.0993866578200418,
                          0.10003320465984088,
                          0.10639357448400007,
                          0.13504703538887158,
                          0.07883805572129263],
                         [0.09487119247563255,
                          0.0579612650743825,
                          0.1159264796113307,
                          0.0665138088200468,
                          0.11009191403862303,
                          0.11021322541165157,
                          0.10095503436043772,
                          0.09824309778567049],
                         [0.12180655918229509,
                          0.10548427580337127,
                          0.11664663539619274,
                          0.06805661040273576,
                          0.16139954960043573,
                          0.11304534094129036,
                          0.10740723719093831,
                          0.09170927788042978],
                         [0.10830828999344363,
                          0.11802023685139723,
                          0.13214105821107056,
                          0.09758211604432361,
                          0.07300361472307641,
                          0.11159366770563749,
                          0.08098212058220519,
                          0.11337091637729696]]}]}
load_tensorflow_graph: path = tensorflow/mario-model-simple-2019-07-17/frozen_inference_graph.pb
object_detection_graph = <tensorflow.python.framework.ops.Graph object at 0x7f19f80cce48>
Doing start sequence
Sleeping one second
sending start
sending empty
Found black world screen for the second time. exiting.



Seconds left: 393
Moves to the right: 18
