pygame 1.9.6
Hello from the pygame community. https://www.pygame.org/contribute.html
Loading neural net from gameplay_neural_nets/5/5.nn
net = {'generation': 5,
 'inputs': [],
 'layers': [{'activation': 'sigmoid',
             'bias': [-0.010422571950913706,
                      -0.0004170911877654001,
                      0,
                      0,
                      0.004888078756257779,
                      0,
                      0.006541715476758778,
                      -0.012100146026538023],
             'name': 'input',
             'neurons': [],
             'num_neurons': 8,
             'weights': [[0.3976850140899425,
                          0.39418627610505097,
                          0.09601867246327989,
                          0.100121642705019,
                          0.10504155723370198,
                          0.1,
                          0.1,
                          0.1098150298409026,
                          0.1,
                          0.09391059401150056],
                         [0.40561860621046303,
                          0.3905008273423473,
                          0.1,
                          0.10567373559341782,
                          0.10080450664653193,
                          0.1,
                          0.09587851863578778,
                          0.09390763639600318,
                          0.1,
                          0.10465701681033127],
                         [0.39245812382956374,
                          0.3956878510420801,
                          0.10776935392155083,
                          0.1,
                          0.1,
                          0.1,
                          0.10213650268784141,
                          0.1,
                          0.09490300271421835,
                          0.096812082157432],
                         [0.3949341432438977,
                          0.40261746278409954,
                          0.10950997349007319,
                          0.1,
                          0.09817400230810155,
                          0.10467348995142504,
                          0.10891062211121945,
                          0.1,
                          0.1,
                          0.1],
                         [0.39080674638184465,
                          0.4,
                          0.08843255155228796,
                          0.10097172832100565,
                          0.09227202208067195,
                          0.1,
                          0.10807635442845241,
                          0.10823442591250318,
                          0.1,
                          0.10826551506098712],
                         [0.39343079343664417,
                          0.39148539213571354,
                          0.1,
                          0.0922682140413111,
                          0.0983509678417237,
                          0.1,
                          0.09220852012968293,
                          0.1,
                          0.09774896735253817,
                          0.1],
                         [0.39294251562471993,
                          0.4,
                          0.1010915664847581,
                          0.09889643660965731,
                          0.1,
                          0.1,
                          0.1,
                          0.10852979836866897,
                          0.10559905117812794,
                          0.0832201651688179],
                         [0.4,
                          0.39760199228793885,
                          0.09422723520788007,
                          0.1,
                          0.10730825953404619,
                          0.09153484203711276,
                          0.10280883137582973,
                          0.1078275211309241,
                          0.1,
                          0.1]]},
            {'activation': 'sigmoid',
             'bias': [-0.0005545652416517628,
                      0,
                      -0.008540179579825533,
                      0.009249805347502785,
                      0.033327749282301526],
             'name': 'output',
             'neurons': [],
             'num_neurons': 5,
             'weights': [[0.1,
                          0.09923468143894024,
                          0.1,
                          0.09363146876795364,
                          0.0923790701647779,
                          0.10286661708778896,
                          0.10575131642523092,
                          0.10553954051802365],
                         [0.10403495388733222,
                          0.09408715680259894,
                          0.1,
                          0.1,
                          0.10028270658478115,
                          0.1,
                          0.09671572217402033,
                          0.0947505130755659],
                         [0.11,
                          0.11,
                          0.11834624627606677,
                          0.09626322764491668,
                          0.09551402928099281,
                          0.09253981167082462,
                          0.09485580699046811,
                          0.1],
                         [0.09353911524209221,
                          0.1,
                          0.10718801195840084,
                          0.1,
                          0.1,
                          0.1,
                          0.1,
                          0.1],
                         [0.1,
                          0.09265961873929551,
                          0.1,
                          0.08912278576395796,
                          0.10334863137549806,
                          0.09698245033221332,
                          0.10747606019676906,
                          0.1],
                         [0.09687840812873763,
                          0.1,
                          0.10207912654009865,
                          0.1,
                          0.1,
                          0.1085164613839294,
                          0.1,
                          0.09926114510029396]]}]}
{'generation': 5,
 'inputs': [],
 'layers': [{'activation': 'sigmoid',
             'bias': [-0.010422571950913706,
                      -0.0004170911877654001,
                      0,
                      0,
                      0.004888078756257779,
                      0,
                      0.006541715476758778,
                      -0.012100146026538023],
             'name': 'input',
             'neurons': [<gameplay.Neuron object at 0x7f4c5a4ff860>,
                         <gameplay.Neuron object at 0x7f4c5a4ff828>,
                         <gameplay.Neuron object at 0x7f4c5a4ff240>,
                         <gameplay.Neuron object at 0x7f4c5a4ffb00>,
                         <gameplay.Neuron object at 0x7f4c5a4ffba8>,
                         <gameplay.Neuron object at 0x7f4c5a4ffb38>,
                         <gameplay.Neuron object at 0x7f4c5a4ffd68>,
                         <gameplay.Neuron object at 0x7f4c5a4ffc88>],
             'num_neurons': 8,
             'weights': [[0.3976850140899425,
                          0.39418627610505097,
                          0.09601867246327989,
                          0.100121642705019,
                          0.10504155723370198,
                          0.1,
                          0.1,
                          0.1098150298409026,
                          0.1,
                          0.09391059401150056],
                         [0.40561860621046303,
                          0.3905008273423473,
                          0.1,
                          0.10567373559341782,
                          0.10080450664653193,
                          0.1,
                          0.09587851863578778,
                          0.09390763639600318,
                          0.1,
                          0.10465701681033127],
                         [0.39245812382956374,
                          0.3956878510420801,
                          0.10776935392155083,
                          0.1,
                          0.1,
                          0.1,
                          0.10213650268784141,
                          0.1,
                          0.09490300271421835,
                          0.096812082157432],
                         [0.3949341432438977,
                          0.40261746278409954,
                          0.10950997349007319,
                          0.1,
                          0.09817400230810155,
                          0.10467348995142504,
                          0.10891062211121945,
                          0.1,
                          0.1,
                          0.1],
                         [0.39080674638184465,
                          0.4,
                          0.08843255155228796,
                          0.10097172832100565,
                          0.09227202208067195,
                          0.1,
                          0.10807635442845241,
                          0.10823442591250318,
                          0.1,
                          0.10826551506098712],
                         [0.39343079343664417,
                          0.39148539213571354,
                          0.1,
                          0.0922682140413111,
                          0.0983509678417237,
                          0.1,
                          0.09220852012968293,
                          0.1,
                          0.09774896735253817,
                          0.1],
                         [0.39294251562471993,
                          0.4,
                          0.1010915664847581,
                          0.09889643660965731,
                          0.1,
                          0.1,
                          0.1,
                          0.10852979836866897,
                          0.10559905117812794,
                          0.0832201651688179],
                         [0.4,
                          0.39760199228793885,
                          0.09422723520788007,
                          0.1,
                          0.10730825953404619,
                          0.09153484203711276,
                          0.10280883137582973,
                          0.1078275211309241,
                          0.1,
                          0.1]]},
            {'activation': 'sigmoid',
             'bias': [-0.0005545652416517628,
                      0,
                      -0.008540179579825533,
                      0.009249805347502785,
                      0.033327749282301526],
             'name': 'output',
             'neurons': [<gameplay.Neuron object at 0x7f4c5a4ffc50>,
                         <gameplay.Neuron object at 0x7f4c5a4ffda0>,
                         <gameplay.Neuron object at 0x7f4c5a4ffc18>,
                         <gameplay.Neuron object at 0x7f4c5a4ffcc0>,
                         <gameplay.Neuron object at 0x7f4c5a4ffe10>],
             'num_neurons': 5,
             'weights': [[0.1,
                          0.09923468143894024,
                          0.1,
                          0.09363146876795364,
                          0.0923790701647779,
                          0.10286661708778896,
                          0.10575131642523092,
                          0.10553954051802365],
                         [0.10403495388733222,
                          0.09408715680259894,
                          0.1,
                          0.1,
                          0.10028270658478115,
                          0.1,
                          0.09671572217402033,
                          0.0947505130755659],
                         [0.11,
                          0.11,
                          0.11834624627606677,
                          0.09626322764491668,
                          0.09551402928099281,
                          0.09253981167082462,
                          0.09485580699046811,
                          0.1],
                         [0.09353911524209221,
                          0.1,
                          0.10718801195840084,
                          0.1,
                          0.1,
                          0.1,
                          0.1,
                          0.1],
                         [0.1,
                          0.09265961873929551,
                          0.1,
                          0.08912278576395796,
                          0.10334863137549806,
                          0.09698245033221332,
                          0.10747606019676906,
                          0.1],
                         [0.09687840812873763,
                          0.1,
                          0.10207912654009865,
                          0.1,
                          0.1,
                          0.1085164613839294,
                          0.1,
                          0.09926114510029396]]}]}
load_tensorflow_graph: path = tensorflow/mario-model-simple-2019-07-17/frozen_inference_graph.pb
object_detection_graph = <tensorflow.python.framework.ops.Graph object at 0x7f4c5a4ffb70>
Doing start sequence
Sleeping one second
sending start
sending empty
Found black world screen for the second time. exiting.



Seconds left: 393
Moves to the right: 21
