pygame 1.9.6
Hello from the pygame community. https://www.pygame.org/contribute.html
Loading neural net from gameplay_neural_nets/39/4.nn
net = {'generation': 34,
 'inputs': [],
 'layers': [{'activation': 'sigmoid',
             'bias': [-0.019025141703095393,
                      0.042546372539958646,
                      -0.03876395394793747,
                      -0.016565917088229805,
                      0.01237281654615218,
                      0.026302676827099136,
                      -0.01634347224311205,
                      -0.010085842489191367],
             'name': 'input',
             'neurons': [],
             'num_neurons': 8,
             'weights': [[0.44394179049108856,
                          0.49051091143550857,
                          0.5023170400695982,
                          0.48356738712030134,
                          0.4991764605527584,
                          0.47344325403873044,
                          0.5049675819255365,
                          0.4953232963323835,
                          0.5033528024583566,
                          0.5393242917877498],
                         [0.4886101212935193,
                          0.4791731361123836,
                          0.52046670472523,
                          0.5158510931431061,
                          0.5173113243167696,
                          0.4938914314567137,
                          0.4752213836081502,
                          0.45341920955648296,
                          0.5215555769471175,
                          0.5271336181689632],
                         [0.5346062157759432,
                          0.5049374039764933,
                          0.5010907283240738,
                          0.4991184417286965,
                          0.467059008500031,
                          0.4914143472060778,
                          0.5178461188499149,
                          0.47499535247949093,
                          0.4805753577264202,
                          0.5205403581140091],
                         [0.5049683861499688,
                          0.48841267456170623,
                          0.4961049276692937,
                          0.4564441800078816,
                          0.4614227161765194,
                          0.4994157341717086,
                          0.5207488265168546,
                          0.46342459242701683,
                          0.50133702784003,
                          0.5125313412479682],
                         [0.4954505022859413,
                          0.5207636347735806,
                          0.4924986669337188,
                          0.49591643358330173,
                          0.5079855569999945,
                          0.5077511665127462,
                          0.5250631849775728,
                          0.5013602217494018,
                          0.506527540086573,
                          0.5253452108455982],
                         [0.47223007267674866,
                          0.5215604631869697,
                          0.49004311259673694,
                          0.5264520209688985,
                          0.5166070304739422,
                          0.4777533129659564,
                          0.5515448463262028,
                          0.47731944732875486,
                          0.509711138797115,
                          0.4532398212797208],
                         [0.5462595943831176,
                          0.5113612342888847,
                          0.530849095160191,
                          0.512243065023253,
                          0.49676609268563043,
                          0.4916050911574467,
                          0.5131825207520319,
                          0.5138381290156228,
                          0.5100260541105166,
                          0.4848760397684614],
                         [0.4902228760405339,
                          0.5103180924350713,
                          0.5115536675183194,
                          0.5427080623454663,
                          0.5052537063140962,
                          0.5057227963507558,
                          0.473638864652328,
                          0.48507053766055697,
                          0.4618648355564215,
                          0.4976039742275183]]},
            {'activation': 'sigmoid',
             'bias': [-0.02915012213434749,
                      -0.0043936208426165885,
                      -0.029782089665544624,
                      0.0098924621431258,
                      -0.008239648282560066,
                      -0.042625512317291815],
             'name': 'hidden1',
             'neurons': [],
             'num_neurons': 6,
             'weights': [[0.5071107705603924,
                          0.4881922424105573,
                          0.5004751218271279,
                          0.470336534344392,
                          0.5205377868302256,
                          0.4915017293331813,
                          0.49341200363262605,
                          0.5186954307671588],
                         [0.5143281138552623,
                          0.5242777352607438,
                          0.5162304583990216,
                          0.5166400905398096,
                          0.446572355325525,
                          0.5214087583124952,
                          0.4685285111220381,
                          0.5064082523445094],
                         [0.5027175870266161,
                          0.5156331042293997,
                          0.5294817215620352,
                          0.5179531886934367,
                          0.5308553730413454,
                          0.5211534355757277,
                          0.5263140199650106,
                          0.5170385484220209],
                         [0.5220798120520159,
                          0.4848064891535629,
                          0.4940863947482101,
                          0.5016358116272535,
                          0.4857676532990499,
                          0.5155872772271868,
                          0.467548643580075,
                          0.5090218323920465],
                         [0.48018394351131316,
                          0.5502363893996206,
                          0.5034090050879406,
                          0.5029477588106207,
                          0.4906563258479516,
                          0.5114148304854608,
                          0.5085298512488953,
                          0.5000774017687282],
                         [0.47575101770480605,
                          0.47312340817716225,
                          0.48780140843936426,
                          0.47768341948968734,
                          0.47660879451203697,
                          0.4761900486686305,
                          0.47230705352074637,
                          0.5064248916765506],
                         [0.4847342673677745,
                          0.47895657547127884,
                          0.5171758464157836,
                          0.498997615455061,
                          0.4809454650009313,
                          0.49481061644907354,
                          0.5394995747731408,
                          0.4858533279470775],
                         [0.5071760989986633,
                          0.5195203980444292,
                          0.4892061304643721,
                          0.5197836194363453,
                          0.5144605235027601,
                          0.4664555747169444,
                          0.4883909303097125,
                          0.48532470721818205]]},
            {'activation': 'sigmoid',
             'bias': [-0.01244833109323601,
                      0.0051011355147067994,
                      -0.003032834427655129,
                      0.005322424079952134,
                      0.032849455796788586],
             'name': 'output',
             'neurons': [],
             'num_neurons': 5,
             'weights': [[0.47503243270198525,
                          0.4813122616323065,
                          0.5208893418998252,
                          0.490886409203714,
                          0.4942881136764814,
                          0.5076298946236437],
                         [0.5182670256568721,
                          0.5332229498954856,
                          0.4700396546199438,
                          0.5034679502092142,
                          0.5084675443102653,
                          0.5017078128587903],
                         [0.5070156305776856,
                          0.5023053684058721,
                          0.4925782266991932,
                          0.49652006215032873,
                          0.5208292189576885,
                          0.4927280540988786],
                         [0.4961955908758109,
                          0.47636340715245473,
                          0.522288267505734,
                          0.4901013588550113,
                          0.48383007782257986,
                          0.4882066506982745],
                         [0.5210582008686204,
                          0.5055625850211581,
                          0.48741472768410254,
                          0.5194434316004047,
                          0.5109518044387633,
                          0.48138908302479916],
                         [0.4924155814502468,
                          0.515560170144082,
                          0.5074267071806129,
                          0.4763193985853917,
                          0.4958600724843092,
                          0.4780219942346604]]}]}
{'generation': 34,
 'inputs': [],
 'layers': [{'activation': 'sigmoid',
             'bias': [-0.019025141703095393,
                      0.042546372539958646,
                      -0.03876395394793747,
                      -0.016565917088229805,
                      0.01237281654615218,
                      0.026302676827099136,
                      -0.01634347224311205,
                      -0.010085842489191367],
             'name': 'input',
             'neurons': [<gameplay.Neuron object at 0x7f1973c18860>,
                         <gameplay.Neuron object at 0x7f1973c18828>,
                         <gameplay.Neuron object at 0x7f1973c18240>,
                         <gameplay.Neuron object at 0x7f1973c18b70>,
                         <gameplay.Neuron object at 0x7f1973c18c18>,
                         <gameplay.Neuron object at 0x7f1973c18ba8>,
                         <gameplay.Neuron object at 0x7f1973c18cc0>,
                         <gameplay.Neuron object at 0x7f1973c18cf8>],
             'num_neurons': 8,
             'weights': [[0.44394179049108856,
                          0.49051091143550857,
                          0.5023170400695982,
                          0.48356738712030134,
                          0.4991764605527584,
                          0.47344325403873044,
                          0.5049675819255365,
                          0.4953232963323835,
                          0.5033528024583566,
                          0.5393242917877498],
                         [0.4886101212935193,
                          0.4791731361123836,
                          0.52046670472523,
                          0.5158510931431061,
                          0.5173113243167696,
                          0.4938914314567137,
                          0.4752213836081502,
                          0.45341920955648296,
                          0.5215555769471175,
                          0.5271336181689632],
                         [0.5346062157759432,
                          0.5049374039764933,
                          0.5010907283240738,
                          0.4991184417286965,
                          0.467059008500031,
                          0.4914143472060778,
                          0.5178461188499149,
                          0.47499535247949093,
                          0.4805753577264202,
                          0.5205403581140091],
                         [0.5049683861499688,
                          0.48841267456170623,
                          0.4961049276692937,
                          0.4564441800078816,
                          0.4614227161765194,
                          0.4994157341717086,
                          0.5207488265168546,
                          0.46342459242701683,
                          0.50133702784003,
                          0.5125313412479682],
                         [0.4954505022859413,
                          0.5207636347735806,
                          0.4924986669337188,
                          0.49591643358330173,
                          0.5079855569999945,
                          0.5077511665127462,
                          0.5250631849775728,
                          0.5013602217494018,
                          0.506527540086573,
                          0.5253452108455982],
                         [0.47223007267674866,
                          0.5215604631869697,
                          0.49004311259673694,
                          0.5264520209688985,
                          0.5166070304739422,
                          0.4777533129659564,
                          0.5515448463262028,
                          0.47731944732875486,
                          0.509711138797115,
                          0.4532398212797208],
                         [0.5462595943831176,
                          0.5113612342888847,
                          0.530849095160191,
                          0.512243065023253,
                          0.49676609268563043,
                          0.4916050911574467,
                          0.5131825207520319,
                          0.5138381290156228,
                          0.5100260541105166,
                          0.4848760397684614],
                         [0.4902228760405339,
                          0.5103180924350713,
                          0.5115536675183194,
                          0.5427080623454663,
                          0.5052537063140962,
                          0.5057227963507558,
                          0.473638864652328,
                          0.48507053766055697,
                          0.4618648355564215,
                          0.4976039742275183]]},
            {'activation': 'sigmoid',
             'bias': [-0.02915012213434749,
                      -0.0043936208426165885,
                      -0.029782089665544624,
                      0.0098924621431258,
                      -0.008239648282560066,
                      -0.042625512317291815],
             'name': 'hidden1',
             'neurons': [<gameplay.Neuron object at 0x7f1973c18d30>,
                         <gameplay.Neuron object at 0x7f1973c18d68>,
                         <gameplay.Neuron object at 0x7f1973c18dd8>,
                         <gameplay.Neuron object at 0x7f1973c18da0>,
                         <gameplay.Neuron object at 0x7f1973c18e10>,
                         <gameplay.Neuron object at 0x7f1973c18e80>],
             'num_neurons': 6,
             'weights': [[0.5071107705603924,
                          0.4881922424105573,
                          0.5004751218271279,
                          0.470336534344392,
                          0.5205377868302256,
                          0.4915017293331813,
                          0.49341200363262605,
                          0.5186954307671588],
                         [0.5143281138552623,
                          0.5242777352607438,
                          0.5162304583990216,
                          0.5166400905398096,
                          0.446572355325525,
                          0.5214087583124952,
                          0.4685285111220381,
                          0.5064082523445094],
                         [0.5027175870266161,
                          0.5156331042293997,
                          0.5294817215620352,
                          0.5179531886934367,
                          0.5308553730413454,
                          0.5211534355757277,
                          0.5263140199650106,
                          0.5170385484220209],
                         [0.5220798120520159,
                          0.4848064891535629,
                          0.4940863947482101,
                          0.5016358116272535,
                          0.4857676532990499,
                          0.5155872772271868,
                          0.467548643580075,
                          0.5090218323920465],
                         [0.48018394351131316,
                          0.5502363893996206,
                          0.5034090050879406,
                          0.5029477588106207,
                          0.4906563258479516,
                          0.5114148304854608,
                          0.5085298512488953,
                          0.5000774017687282],
                         [0.47575101770480605,
                          0.47312340817716225,
                          0.48780140843936426,
                          0.47768341948968734,
                          0.47660879451203697,
                          0.4761900486686305,
                          0.47230705352074637,
                          0.5064248916765506],
                         [0.4847342673677745,
                          0.47895657547127884,
                          0.5171758464157836,
                          0.498997615455061,
                          0.4809454650009313,
                          0.49481061644907354,
                          0.5394995747731408,
                          0.4858533279470775],
                         [0.5071760989986633,
                          0.5195203980444292,
                          0.4892061304643721,
                          0.5197836194363453,
                          0.5144605235027601,
                          0.4664555747169444,
                          0.4883909303097125,
                          0.48532470721818205]]},
            {'activation': 'sigmoid',
             'bias': [-0.01244833109323601,
                      0.0051011355147067994,
                      -0.003032834427655129,
                      0.005322424079952134,
                      0.032849455796788586],
             'name': 'output',
             'neurons': [<gameplay.Neuron object at 0x7f1973c18e48>,
                         <gameplay.Neuron object at 0x7f1973c18eb8>,
                         <gameplay.Neuron object at 0x7f1973c18be0>,
                         <gameplay.Neuron object at 0x7f1973c18c50>,
                         <gameplay.Neuron object at 0x7f1973c18c88>],
             'num_neurons': 5,
             'weights': [[0.47503243270198525,
                          0.4813122616323065,
                          0.5208893418998252,
                          0.490886409203714,
                          0.4942881136764814,
                          0.5076298946236437],
                         [0.5182670256568721,
                          0.5332229498954856,
                          0.4700396546199438,
                          0.5034679502092142,
                          0.5084675443102653,
                          0.5017078128587903],
                         [0.5070156305776856,
                          0.5023053684058721,
                          0.4925782266991932,
                          0.49652006215032873,
                          0.5208292189576885,
                          0.4927280540988786],
                         [0.4961955908758109,
                          0.47636340715245473,
                          0.522288267505734,
                          0.4901013588550113,
                          0.48383007782257986,
                          0.4882066506982745],
                         [0.5210582008686204,
                          0.5055625850211581,
                          0.48741472768410254,
                          0.5194434316004047,
                          0.5109518044387633,
                          0.48138908302479916],
                         [0.4924155814502468,
                          0.515560170144082,
                          0.5074267071806129,
                          0.4763193985853917,
                          0.4958600724843092,
                          0.4780219942346604]]}]}
load_tensorflow_graph: path = tensorflow/mario-model-simple-2019-07-17/frozen_inference_graph.pb
object_detection_graph = <tensorflow.python.framework.ops.Graph object at 0x7f1973c18f98>
Doing start sequence
Sleeping one second
sending start
sending empty
Found black world screen for the second time. exiting.



Seconds left: 379
Moves to the right: 61
frame count: 110
time start:  1568165854.7451837,   time_now: 1568165866.6101031
