pygame 1.9.6
Hello from the pygame community. https://www.pygame.org/contribute.html
Loading neural net from gameplay_neural_nets/27/1.nn
net = {'generation': 24,
 'inputs': [],
 'layers': [{'activation': 'sigmoid',
             'bias': [0.014313776864034485,
                      -0.008530890267187412,
                      0.026652392304535838,
                      -0.002656683760996776,
                      0.006936838592314936,
                      -0.014525606259422792,
                      0.012071942749992239,
                      -0.016502173541358755],
             'name': 'input',
             'neurons': [],
             'num_neurons': 8,
             'weights': [[0.3885968687430272,
                          0.3943662993440787,
                          0.10488358769578804,
                          0.13041080028685575,
                          0.1130764572043444,
                          0.09741016118256116,
                          0.09927693251538688,
                          0.11845684187472255,
                          0.0862496853868367,
                          0.09818783597474096],
                         [0.39213757914597164,
                          0.40951051813985656,
                          0.10637555818898971,
                          0.10375477978829717,
                          0.08834689561286092,
                          0.08825366116160384,
                          0.08457633837900747,
                          0.097919449599516,
                          0.10125194283769412,
                          0.09903176851961762],
                         [0.3894544844906073,
                          0.4033337084678397,
                          0.10600888976569657,
                          0.08134717308780602,
                          0.0796786746757851,
                          0.10581995148662926,
                          0.08020195267443664,
                          0.0840351053479608,
                          0.10791282884206169,
                          0.09661800530330267],
                         [0.39164624014073895,
                          0.3867972544127694,
                          0.10120700858436271,
                          0.10522209055980758,
                          0.08516020431749578,
                          0.10059805060544635,
                          0.09922253242889881,
                          0.10602320787582997,
                          0.07992061912113552,
                          0.11138049500549342],
                         [0.39373218400875776,
                          0.4094911707615584,
                          0.0870508990525315,
                          0.11382060304094535,
                          0.09914267240592457,
                          0.09455699169767752,
                          0.10744852399721408,
                          0.13314326173062022,
                          0.09323974537742219,
                          0.1053663293880215],
                         [0.3748429184827655,
                          0.39022067790703496,
                          0.08324230858501548,
                          0.09887544088641974,
                          0.11476143899099042,
                          0.09895050469418572,
                          0.116335821329896,
                          0.1071416042390736,
                          0.10096621750041836,
                          0.1207824193639299],
                         [0.3930132538230828,
                          0.3955275075957854,
                          0.09912192266979263,
                          0.0868396679625848,
                          0.09535615896489104,
                          0.0964970665404176,
                          0.10937468505304036,
                          0.1173306796513422,
                          0.10167087775076288,
                          0.06836680220365524],
                         [0.39752460020009905,
                          0.40208151084987154,
                          0.10605843417169598,
                          0.07863099090884451,
                          0.11505794258928496,
                          0.09188473034231569,
                          0.08857685596329752,
                          0.11809857530415126,
                          0.08644278334724848,
                          0.09801523254110076]]},
            {'activation': 'sigmoid',
             'bias': [-0.015439042317928475,
                      0.026777699303550857,
                      0.007177244432555118,
                      0.020678863499463553,
                      0.028719441341230473],
             'name': 'output',
             'neurons': [],
             'num_neurons': 5,
             'weights': [[0.09461851104683569,
                          0.08615832726136155,
                          0.09059294850928086,
                          0.07700971982234041,
                          0.11355318742194843,
                          0.11209363914433612,
                          0.10984356605970126,
                          0.08483278130873668],
                         [0.0824310272392286,
                          0.10762351539349552,
                          0.09518353875021791,
                          0.11901799609223648,
                          0.09570155117040774,
                          0.09506988252044059,
                          0.07531880902953571,
                          0.12284550935894413],
                         [0.11738527952638206,
                          0.0824604922011027,
                          0.1083681013742307,
                          0.10250316360774417,
                          0.10240549397500477,
                          0.10192375533268361,
                          0.09400524134016315,
                          0.1056657271794289],
                         [0.09952950469322945,
                          0.07509238001842343,
                          0.11040385656609371,
                          0.09886993172631577,
                          0.10170670620673695,
                          0.10739851754438534,
                          0.11899284296695466,
                          0.104353654517388],
                         [0.11289598755405456,
                          0.09265961873929551,
                          0.1271159598287277,
                          0.0798060988460265,
                          0.13713791379811058,
                          0.08783718418117098,
                          0.1006087082102936,
                          0.10401113649967941],
                         [0.10063055959040364,
                          0.08589529791341478,
                          0.11952044742812956,
                          0.10141324873719047,
                          0.08380237947544197,
                          0.12129301635283886,
                          0.10011649302346115,
                          0.09546937673557504]]}]}
{'generation': 24,
 'inputs': [],
 'layers': [{'activation': 'sigmoid',
             'bias': [0.014313776864034485,
                      -0.008530890267187412,
                      0.026652392304535838,
                      -0.002656683760996776,
                      0.006936838592314936,
                      -0.014525606259422792,
                      0.012071942749992239,
                      -0.016502173541358755],
             'name': 'input',
             'neurons': [<gameplay.Neuron object at 0x7ffa14bee860>,
                         <gameplay.Neuron object at 0x7ffa14bee828>,
                         <gameplay.Neuron object at 0x7ffa14bee240>,
                         <gameplay.Neuron object at 0x7ffa14beeb00>,
                         <gameplay.Neuron object at 0x7ffa14beeba8>,
                         <gameplay.Neuron object at 0x7ffa14beeb38>,
                         <gameplay.Neuron object at 0x7ffa14beec88>,
                         <gameplay.Neuron object at 0x7ffa14beec50>],
             'num_neurons': 8,
             'weights': [[0.3885968687430272,
                          0.3943662993440787,
                          0.10488358769578804,
                          0.13041080028685575,
                          0.1130764572043444,
                          0.09741016118256116,
                          0.09927693251538688,
                          0.11845684187472255,
                          0.0862496853868367,
                          0.09818783597474096],
                         [0.39213757914597164,
                          0.40951051813985656,
                          0.10637555818898971,
                          0.10375477978829717,
                          0.08834689561286092,
                          0.08825366116160384,
                          0.08457633837900747,
                          0.097919449599516,
                          0.10125194283769412,
                          0.09903176851961762],
                         [0.3894544844906073,
                          0.4033337084678397,
                          0.10600888976569657,
                          0.08134717308780602,
                          0.0796786746757851,
                          0.10581995148662926,
                          0.08020195267443664,
                          0.0840351053479608,
                          0.10791282884206169,
                          0.09661800530330267],
                         [0.39164624014073895,
                          0.3867972544127694,
                          0.10120700858436271,
                          0.10522209055980758,
                          0.08516020431749578,
                          0.10059805060544635,
                          0.09922253242889881,
                          0.10602320787582997,
                          0.07992061912113552,
                          0.11138049500549342],
                         [0.39373218400875776,
                          0.4094911707615584,
                          0.0870508990525315,
                          0.11382060304094535,
                          0.09914267240592457,
                          0.09455699169767752,
                          0.10744852399721408,
                          0.13314326173062022,
                          0.09323974537742219,
                          0.1053663293880215],
                         [0.3748429184827655,
                          0.39022067790703496,
                          0.08324230858501548,
                          0.09887544088641974,
                          0.11476143899099042,
                          0.09895050469418572,
                          0.116335821329896,
                          0.1071416042390736,
                          0.10096621750041836,
                          0.1207824193639299],
                         [0.3930132538230828,
                          0.3955275075957854,
                          0.09912192266979263,
                          0.0868396679625848,
                          0.09535615896489104,
                          0.0964970665404176,
                          0.10937468505304036,
                          0.1173306796513422,
                          0.10167087775076288,
                          0.06836680220365524],
                         [0.39752460020009905,
                          0.40208151084987154,
                          0.10605843417169598,
                          0.07863099090884451,
                          0.11505794258928496,
                          0.09188473034231569,
                          0.08857685596329752,
                          0.11809857530415126,
                          0.08644278334724848,
                          0.09801523254110076]]},
            {'activation': 'sigmoid',
             'bias': [-0.015439042317928475,
                      0.026777699303550857,
                      0.007177244432555118,
                      0.020678863499463553,
                      0.028719441341230473],
             'name': 'output',
             'neurons': [<gameplay.Neuron object at 0x7ffa14beecc0>,
                         <gameplay.Neuron object at 0x7ffa14beecf8>,
                         <gameplay.Neuron object at 0x7ffa14beed68>,
                         <gameplay.Neuron object at 0x7ffa14beed30>,
                         <gameplay.Neuron object at 0x7ffa14beeda0>],
             'num_neurons': 5,
             'weights': [[0.09461851104683569,
                          0.08615832726136155,
                          0.09059294850928086,
                          0.07700971982234041,
                          0.11355318742194843,
                          0.11209363914433612,
                          0.10984356605970126,
                          0.08483278130873668],
                         [0.0824310272392286,
                          0.10762351539349552,
                          0.09518353875021791,
                          0.11901799609223648,
                          0.09570155117040774,
                          0.09506988252044059,
                          0.07531880902953571,
                          0.12284550935894413],
                         [0.11738527952638206,
                          0.0824604922011027,
                          0.1083681013742307,
                          0.10250316360774417,
                          0.10240549397500477,
                          0.10192375533268361,
                          0.09400524134016315,
                          0.1056657271794289],
                         [0.09952950469322945,
                          0.07509238001842343,
                          0.11040385656609371,
                          0.09886993172631577,
                          0.10170670620673695,
                          0.10739851754438534,
                          0.11899284296695466,
                          0.104353654517388],
                         [0.11289598755405456,
                          0.09265961873929551,
                          0.1271159598287277,
                          0.0798060988460265,
                          0.13713791379811058,
                          0.08783718418117098,
                          0.1006087082102936,
                          0.10401113649967941],
                         [0.10063055959040364,
                          0.08589529791341478,
                          0.11952044742812956,
                          0.10141324873719047,
                          0.08380237947544197,
                          0.12129301635283886,
                          0.10011649302346115,
                          0.09546937673557504]]}]}
load_tensorflow_graph: path = tensorflow/mario-model-simple-2019-07-17/frozen_inference_graph.pb
object_detection_graph = <tensorflow.python.framework.ops.Graph object at 0x7ffa14beee48>
Doing start sequence
Sleeping one second
sending start
sending empty
Found black world screen for the second time. exiting.



Seconds left: 361
Moves to the right: 99
