pygame 1.9.6
Hello from the pygame community. https://www.pygame.org/contribute.html
Loading neural net from gameplay_neural_nets/9/1.nn
net = {'generation': 9,
 'inputs': [],
 'layers': [{'activation': 'sigmoid',
             'bias': [-0.0007370903062371495,
                      -0.010934292685250245,
                      0,
                      0.0026448434062773946,
                      0.007888755761114252,
                      0,
                      0.012071942749992239,
                      -0.015416730618174564],
             'name': 'input',
             'neurons': [],
             'num_neurons': 8,
             'weights': [[0.4,
                          0.3981827905488756,
                          0.09407776516453066,
                          0.10804926382505324,
                          0.09618449951360089,
                          0.09703533207956747,
                          0.1,
                          0.11459010322290378,
                          0.1,
                          0.09114232887709801],
                         [0.4037317389542557,
                          0.39250300675542477,
                          0.0982532813852298,
                          0.10567373559341782,
                          0.09901571957478762,
                          0.09429494500502893,
                          0.08455382724508617,
                          0.1,
                          0.10752457560996043,
                          0.10465701681033127],
                         [0.39245812382956374,
                          0.4033676735807197,
                          0.10846223097882499,
                          0.1,
                          0.09322260749603598,
                          0.10762138783468389,
                          0.09352307654395717,
                          0.0840351053479608,
                          0.11165542787827513,
                          0.10215122504433674],
                         [0.3885122535700598,
                          0.39750291247249464,
                          0.10120700858436271,
                          0.1,
                          0.0969642041097617,
                          0.09786458442306536,
                          0.10053094632227344,
                          0.10128470607326465,
                          0.08391504128877532,
                          0.09104155751948695],
                         [0.39266808257351626,
                          0.4,
                          0.08874684542912104,
                          0.10239388176930721,
                          0.09436207751394908,
                          0.1,
                          0.10807635442845241,
                          0.11430269106357976,
                          0.09411406153615058,
                          0.09583150280570539],
                         [0.3923799113381495,
                          0.3868187485063343,
                          0.10015725367940849,
                          0.0922682140413111,
                          0.10933313500276459,
                          0.1,
                          0.10909371902575818,
                          0.1056691890920323,
                          0.09165622004771228,
                          0.10735877436184715],
                         [0.39294251562471993,
                          0.3956136988501967,
                          0.10316949628156324,
                          0.08384415116657368,
                          0.1,
                          0.09345676195491504,
                          0.10115390308752437,
                          0.10943317192796809,
                          0.10681712991419305,
                          0.0764313104393298],
                         [0.4,
                          0.39211335783705953,
                          0.09422723520788007,
                          0.08470095576274962,
                          0.10730825953404619,
                          0.09984163942272528,
                          0.1,
                          0.11723398238752293,
                          0.08749807371716577,
                          0.09808563754451903]]},
            {'activation': 'sigmoid',
             'bias': [-0.004604306985109935,
                      0.02578716478675544,
                      -0.0017558132971131155,
                      0.009249805347502785,
                      0.033327749282301526],
             'name': 'output',
             'neurons': [],
             'num_neurons': 5,
             'weights': [[0.1,
                          0.09621185807410239,
                          0.10764152281821408,
                          0.0920926764469922,
                          0.0896306658516682,
                          0.10286661708778896,
                          0.10575131642523092,
                          0.10214185352313791],
                         [0.09435554024157171,
                          0.09825446206158318,
                          0.10184911974451158,
                          0.1,
                          0.10028270658478115,
                          0.1,
                          0.08880891691098215,
                          0.10110125102631333],
                         [0.11,
                          0.10832021178773169,
                          0.11834624627606677,
                          0.09626322764491668,
                          0.09551402928099281,
                          0.08451726523824538,
                          0.09485580699046811,
                          0.1],
                         [0.0939315240068717,
                          0.09360725785083421,
                          0.10718801195840084,
                          0.1,
                          0.09178145056658081,
                          0.09673326678276557,
                          0.1,
                          0.10776991906341764],
                         [0.10263953424849327,
                          0.08777826420535333,
                          0.10836788183189211,
                          0.0831684812229579,
                          0.10334863137549806,
                          0.09698245033221332,
                          0.11495274148092673,
                          0.10113698576608232],
                         [0.1,
                          0.1092066184730825,
                          0.10349095715771164,
                          0.1,
                          0.09707092179892753,
                          0.09209337271207363,
                          0.10631274777876128,
                          0.08152921762825432]]}]}
{'generation': 9,
 'inputs': [],
 'layers': [{'activation': 'sigmoid',
             'bias': [-0.0007370903062371495,
                      -0.010934292685250245,
                      0,
                      0.0026448434062773946,
                      0.007888755761114252,
                      0,
                      0.012071942749992239,
                      -0.015416730618174564],
             'name': 'input',
             'neurons': [<gameplay.Neuron object at 0x7f68ce88b860>,
                         <gameplay.Neuron object at 0x7f68ce88b828>,
                         <gameplay.Neuron object at 0x7f68ce88b240>,
                         <gameplay.Neuron object at 0x7f68ce88bb00>,
                         <gameplay.Neuron object at 0x7f68ce88bba8>,
                         <gameplay.Neuron object at 0x7f68ce88bb38>,
                         <gameplay.Neuron object at 0x7f68ce88bc18>,
                         <gameplay.Neuron object at 0x7f68ce88bcc0>],
             'num_neurons': 8,
             'weights': [[0.4,
                          0.3981827905488756,
                          0.09407776516453066,
                          0.10804926382505324,
                          0.09618449951360089,
                          0.09703533207956747,
                          0.1,
                          0.11459010322290378,
                          0.1,
                          0.09114232887709801],
                         [0.4037317389542557,
                          0.39250300675542477,
                          0.0982532813852298,
                          0.10567373559341782,
                          0.09901571957478762,
                          0.09429494500502893,
                          0.08455382724508617,
                          0.1,
                          0.10752457560996043,
                          0.10465701681033127],
                         [0.39245812382956374,
                          0.4033676735807197,
                          0.10846223097882499,
                          0.1,
                          0.09322260749603598,
                          0.10762138783468389,
                          0.09352307654395717,
                          0.0840351053479608,
                          0.11165542787827513,
                          0.10215122504433674],
                         [0.3885122535700598,
                          0.39750291247249464,
                          0.10120700858436271,
                          0.1,
                          0.0969642041097617,
                          0.09786458442306536,
                          0.10053094632227344,
                          0.10128470607326465,
                          0.08391504128877532,
                          0.09104155751948695],
                         [0.39266808257351626,
                          0.4,
                          0.08874684542912104,
                          0.10239388176930721,
                          0.09436207751394908,
                          0.1,
                          0.10807635442845241,
                          0.11430269106357976,
                          0.09411406153615058,
                          0.09583150280570539],
                         [0.3923799113381495,
                          0.3868187485063343,
                          0.10015725367940849,
                          0.0922682140413111,
                          0.10933313500276459,
                          0.1,
                          0.10909371902575818,
                          0.1056691890920323,
                          0.09165622004771228,
                          0.10735877436184715],
                         [0.39294251562471993,
                          0.3956136988501967,
                          0.10316949628156324,
                          0.08384415116657368,
                          0.1,
                          0.09345676195491504,
                          0.10115390308752437,
                          0.10943317192796809,
                          0.10681712991419305,
                          0.0764313104393298],
                         [0.4,
                          0.39211335783705953,
                          0.09422723520788007,
                          0.08470095576274962,
                          0.10730825953404619,
                          0.09984163942272528,
                          0.1,
                          0.11723398238752293,
                          0.08749807371716577,
                          0.09808563754451903]]},
            {'activation': 'sigmoid',
             'bias': [-0.004604306985109935,
                      0.02578716478675544,
                      -0.0017558132971131155,
                      0.009249805347502785,
                      0.033327749282301526],
             'name': 'output',
             'neurons': [<gameplay.Neuron object at 0x7f68ce88bd68>,
                         <gameplay.Neuron object at 0x7f68ce88bc88>,
                         <gameplay.Neuron object at 0x7f68ce88bcf8>,
                         <gameplay.Neuron object at 0x7f68ce88bd30>,
                         <gameplay.Neuron object at 0x7f68ce88be10>],
             'num_neurons': 5,
             'weights': [[0.1,
                          0.09621185807410239,
                          0.10764152281821408,
                          0.0920926764469922,
                          0.0896306658516682,
                          0.10286661708778896,
                          0.10575131642523092,
                          0.10214185352313791],
                         [0.09435554024157171,
                          0.09825446206158318,
                          0.10184911974451158,
                          0.1,
                          0.10028270658478115,
                          0.1,
                          0.08880891691098215,
                          0.10110125102631333],
                         [0.11,
                          0.10832021178773169,
                          0.11834624627606677,
                          0.09626322764491668,
                          0.09551402928099281,
                          0.08451726523824538,
                          0.09485580699046811,
                          0.1],
                         [0.0939315240068717,
                          0.09360725785083421,
                          0.10718801195840084,
                          0.1,
                          0.09178145056658081,
                          0.09673326678276557,
                          0.1,
                          0.10776991906341764],
                         [0.10263953424849327,
                          0.08777826420535333,
                          0.10836788183189211,
                          0.0831684812229579,
                          0.10334863137549806,
                          0.09698245033221332,
                          0.11495274148092673,
                          0.10113698576608232],
                         [0.1,
                          0.1092066184730825,
                          0.10349095715771164,
                          0.1,
                          0.09707092179892753,
                          0.09209337271207363,
                          0.10631274777876128,
                          0.08152921762825432]]}]}
load_tensorflow_graph: path = tensorflow/mario-model-simple-2019-07-17/frozen_inference_graph.pb
object_detection_graph = <tensorflow.python.framework.ops.Graph object at 0x7f68ce88be48>
Doing start sequence
Sleeping one second
sending start
sending empty
Found black world screen for the second time. exiting.



Seconds left: 393
Moves to the right: 19
