pygame 1.9.6
Hello from the pygame community. https://www.pygame.org/contribute.html
Loading neural net from gameplay_neural_nets/9/10.nn
net = {'generation': 9,
 'inputs': [],
 'layers': [{'activation': 'sigmoid',
             'bias': [-0.0007370903062371495,
                      -0.008014715387807906,
                      0.003860262632692726,
                      0.0026448434062773946,
                      0.007888755761114252,
                      0,
                      0.016577153602127172,
                      -0.019130359504605676],
             'name': 'input',
             'neurons': [],
             'num_neurons': 8,
             'weights': [[0.4,
                          0.3949214192209343,
                          0.09407776516453066,
                          0.10804926382505324,
                          0.09618449951360089,
                          0.10262148507661717,
                          0.09072997519617079,
                          0.11134133962978039,
                          0.1,
                          0.09082738920763563],
                         [0.4037317389542557,
                          0.39250300675542477,
                          0.0982532813852298,
                          0.10567373559341782,
                          0.09901571957478762,
                          0.09429494500502893,
                          0.09263885951014095,
                          0.1,
                          0.10752457560996043,
                          0.10465701681033127],
                         [0.39245812382956374,
                          0.4033676735807197,
                          0.09868156765000811,
                          0.1,
                          0.1,
                          0.10762138783468389,
                          0.09352307654395717,
                          0.0840351053479608,
                          0.11165542787827513,
                          0.10215122504433674],
                         [0.38666480529641806,
                          0.3962626504567643,
                          0.10386638025447861,
                          0.1,
                          0.0969642041097617,
                          0.09786458442306536,
                          0.1087995126055937,
                          0.10270714866759842,
                          0.08391504128877532,
                          0.1],
                         [0.39266808257351626,
                          0.4,
                          0.08874684542912104,
                          0.10097172832100565,
                          0.08649066606845562,
                          0.1,
                          0.10256114996454216,
                          0.11430269106357976,
                          0.09411406153615058,
                          0.09583150280570539],
                         [0.3923799113381495,
                          0.3786645571535111,
                          0.10015725367940849,
                          0.0922682140413111,
                          0.11707174358427676,
                          0.1,
                          0.10909371902575818,
                          0.1056691890920323,
                          0.1,
                          0.10511348510748421],
                         [0.4010489103794105,
                          0.4,
                          0.1010915664847581,
                          0.08343776133590675,
                          0.094751674217612,
                          0.09345676195491504,
                          0.10115390308752437,
                          0.1,
                          0.10681712991419305,
                          0.0764313104393298],
                         [0.4,
                          0.39211335783705953,
                          0.09422723520788007,
                          0.08729274112757894,
                          0.10730825953404619,
                          0.09153484203711276,
                          0.1,
                          0.11723398238752293,
                          0.08575625862848442,
                          0.09878584747290932]]},
            {'activation': 'sigmoid',
             'bias': [-0.004604306985109935,
                      0.017918124188509646,
                      -0.00963248538903333,
                      0.0029159782406955968,
                      0.033327749282301526],
             'name': 'output',
             'neurons': [],
             'num_neurons': 5,
             'weights': [[0.1,
                          0.09923468143894024,
                          0.10764152281821408,
                          0.0920926764469922,
                          0.094387737913763,
                          0.10286661708778896,
                          0.11371947761608045,
                          0.10214185352313791],
                         [0.10352215268391902,
                          0.09825446206158318,
                          0.10184911974451158,
                          0.1,
                          0.10008460299924107,
                          0.1,
                          0.0917965905650466,
                          0.10431936764698542],
                         [0.11,
                          0.09889272548289736,
                          0.11834624627606677,
                          0.09626322764491668,
                          0.09551402928099281,
                          0.08451726523824538,
                          0.09485580699046811,
                          0.1],
                         [0.0939315240068717,
                          0.1,
                          0.10718801195840084,
                          0.10534835252128989,
                          0.09178145056658081,
                          0.09673326678276557,
                          0.1,
                          0.10776991906341764],
                         [0.10756698861027185,
                          0.09265961873929551,
                          0.10836788183189211,
                          0.0831684812229579,
                          0.10334863137549806,
                          0.09698245033221332,
                          0.1181581974726286,
                          0.10113698576608232],
                         [0.1,
                          0.1092066184730825,
                          0.10596567739852962,
                          0.1,
                          0.09707092179892753,
                          0.09886580968723738,
                          0.1,
                          0.08152921762825432]]}]}
{'generation': 9,
 'inputs': [],
 'layers': [{'activation': 'sigmoid',
             'bias': [-0.0007370903062371495,
                      -0.008014715387807906,
                      0.003860262632692726,
                      0.0026448434062773946,
                      0.007888755761114252,
                      0,
                      0.016577153602127172,
                      -0.019130359504605676],
             'name': 'input',
             'neurons': [<gameplay.Neuron object at 0x7f9acbfa97f0>,
                         <gameplay.Neuron object at 0x7f9acbfa97b8>,
                         <gameplay.Neuron object at 0x7f9acbfa91d0>,
                         <gameplay.Neuron object at 0x7f9acbfa9a90>,
                         <gameplay.Neuron object at 0x7f9acbfa9b38>,
                         <gameplay.Neuron object at 0x7f9acbfa9ac8>,
                         <gameplay.Neuron object at 0x7f9acbfa9c88>,
                         <gameplay.Neuron object at 0x7f9acbfa9c18>],
             'num_neurons': 8,
             'weights': [[0.4,
                          0.3949214192209343,
                          0.09407776516453066,
                          0.10804926382505324,
                          0.09618449951360089,
                          0.10262148507661717,
                          0.09072997519617079,
                          0.11134133962978039,
                          0.1,
                          0.09082738920763563],
                         [0.4037317389542557,
                          0.39250300675542477,
                          0.0982532813852298,
                          0.10567373559341782,
                          0.09901571957478762,
                          0.09429494500502893,
                          0.09263885951014095,
                          0.1,
                          0.10752457560996043,
                          0.10465701681033127],
                         [0.39245812382956374,
                          0.4033676735807197,
                          0.09868156765000811,
                          0.1,
                          0.1,
                          0.10762138783468389,
                          0.09352307654395717,
                          0.0840351053479608,
                          0.11165542787827513,
                          0.10215122504433674],
                         [0.38666480529641806,
                          0.3962626504567643,
                          0.10386638025447861,
                          0.1,
                          0.0969642041097617,
                          0.09786458442306536,
                          0.1087995126055937,
                          0.10270714866759842,
                          0.08391504128877532,
                          0.1],
                         [0.39266808257351626,
                          0.4,
                          0.08874684542912104,
                          0.10097172832100565,
                          0.08649066606845562,
                          0.1,
                          0.10256114996454216,
                          0.11430269106357976,
                          0.09411406153615058,
                          0.09583150280570539],
                         [0.3923799113381495,
                          0.3786645571535111,
                          0.10015725367940849,
                          0.0922682140413111,
                          0.11707174358427676,
                          0.1,
                          0.10909371902575818,
                          0.1056691890920323,
                          0.1,
                          0.10511348510748421],
                         [0.4010489103794105,
                          0.4,
                          0.1010915664847581,
                          0.08343776133590675,
                          0.094751674217612,
                          0.09345676195491504,
                          0.10115390308752437,
                          0.1,
                          0.10681712991419305,
                          0.0764313104393298],
                         [0.4,
                          0.39211335783705953,
                          0.09422723520788007,
                          0.08729274112757894,
                          0.10730825953404619,
                          0.09153484203711276,
                          0.1,
                          0.11723398238752293,
                          0.08575625862848442,
                          0.09878584747290932]]},
            {'activation': 'sigmoid',
             'bias': [-0.004604306985109935,
                      0.017918124188509646,
                      -0.00963248538903333,
                      0.0029159782406955968,
                      0.033327749282301526],
             'name': 'output',
             'neurons': [<gameplay.Neuron object at 0x7f9acbfa9ba8>,
                         <gameplay.Neuron object at 0x7f9acbfa9c50>,
                         <gameplay.Neuron object at 0x7f9acbfa9cf8>,
                         <gameplay.Neuron object at 0x7f9acbfa9da0>,
                         <gameplay.Neuron object at 0x7f9acbfa9d30>],
             'num_neurons': 5,
             'weights': [[0.1,
                          0.09923468143894024,
                          0.10764152281821408,
                          0.0920926764469922,
                          0.094387737913763,
                          0.10286661708778896,
                          0.11371947761608045,
                          0.10214185352313791],
                         [0.10352215268391902,
                          0.09825446206158318,
                          0.10184911974451158,
                          0.1,
                          0.10008460299924107,
                          0.1,
                          0.0917965905650466,
                          0.10431936764698542],
                         [0.11,
                          0.09889272548289736,
                          0.11834624627606677,
                          0.09626322764491668,
                          0.09551402928099281,
                          0.08451726523824538,
                          0.09485580699046811,
                          0.1],
                         [0.0939315240068717,
                          0.1,
                          0.10718801195840084,
                          0.10534835252128989,
                          0.09178145056658081,
                          0.09673326678276557,
                          0.1,
                          0.10776991906341764],
                         [0.10756698861027185,
                          0.09265961873929551,
                          0.10836788183189211,
                          0.0831684812229579,
                          0.10334863137549806,
                          0.09698245033221332,
                          0.1181581974726286,
                          0.10113698576608232],
                         [0.1,
                          0.1092066184730825,
                          0.10596567739852962,
                          0.1,
                          0.09707092179892753,
                          0.09886580968723738,
                          0.1,
                          0.08152921762825432]]}]}
load_tensorflow_graph: path = tensorflow/mario-model-simple-2019-07-17/frozen_inference_graph.pb
object_detection_graph = <tensorflow.python.framework.ops.Graph object at 0x7f9acbfa9b00>
Doing start sequence
Sleeping one second
sending start
sending empty
Found black world screen for the second time. exiting.



Seconds left: 361
Moves to the right: 113
