pygame 1.9.6
Hello from the pygame community. https://www.pygame.org/contribute.html
Loading neural net from gameplay_neural_nets/9/3.nn
net = {'generation': 9,
 'inputs': [],
 'layers': [{'activation': 'sigmoid',
             'bias': [-0.0007370903062371495,
                      -0.008014715387807906,
                      0,
                      0.0026448434062773946,
                      0.007888755761114252,
                      -0.007558677016338887,
                      0.012071942749992239,
                      -0.01225505929621189],
             'name': 'input',
             'neurons': [],
             'num_neurons': 8,
             'weights': [[0.4,
                          0.3949214192209343,
                          0.09407776516453066,
                          0.10804926382505324,
                          0.09618449951360089,
                          0.10262148507661717,
                          0.1,
                          0.11134133962978039,
                          0.1,
                          0.09391059401150056],
                         [0.4037317389542557,
                          0.39250300675542477,
                          0.10673465516143665,
                          0.10006700908410304,
                          0.0925118253742318,
                          0.09429494500502893,
                          0.09263885951014095,
                          0.1,
                          0.1029684758077444,
                          0.10465701681033127],
                         [0.39245812382956374,
                          0.4033676735807197,
                          0.10776935392155083,
                          0.1,
                          0.10673633545059316,
                          0.10762138783468389,
                          0.09352307654395717,
                          0.0840351053479608,
                          0.11165542787827513,
                          0.10215122504433674],
                         [0.38666480529641806,
                          0.3962626504567643,
                          0.10120700858436271,
                          0.1,
                          0.0969642041097617,
                          0.09786458442306536,
                          0.10053094632227344,
                          0.10128470607326465,
                          0.08391504128877532,
                          0.1],
                         [0.38391895680935045,
                          0.4,
                          0.08874684542912104,
                          0.09930268601297783,
                          0.09034924854666869,
                          0.1,
                          0.10807635442845241,
                          0.11430269106357976,
                          0.09411406153615058,
                          0.09583150280570539],
                         [0.3923799113381495,
                          0.3868187485063343,
                          0.10015725367940849,
                          0.09253545384153045,
                          0.10933313500276459,
                          0.10553637531238974,
                          0.10909371902575818,
                          0.10157546688266876,
                          0.1,
                          0.10511348510748421],
                         [0.39294251562471993,
                          0.39116639706870787,
                          0.1010915664847581,
                          0.08343776133590675,
                          0.09793315158275626,
                          0.09345676195491504,
                          0.10115390308752437,
                          0.1,
                          0.09699484452726566,
                          0.0764313104393298],
                         [0.4,
                          0.39211335783705953,
                          0.10327289995429327,
                          0.08729274112757894,
                          0.10730825953404619,
                          0.09153484203711276,
                          0.09361647890431804,
                          0.11723398238752293,
                          0.08749807371716577,
                          0.09878584747290932]]},
            {'activation': 'sigmoid',
             'bias': [-0.004604306985109935,
                      0.017918124188509646,
                      -0.0017558132971131155,
                      0.009249805347502785,
                      0.033327749282301526],
             'name': 'output',
             'neurons': [],
             'num_neurons': 5,
             'weights': [[0.1,
                          0.09923468143894024,
                          0.10764152281821408,
                          0.10194471768606134,
                          0.09768785631245346,
                          0.10286661708778896,
                          0.11349572534569705,
                          0.10214185352313791],
                         [0.09435554024157171,
                          0.09825446206158318,
                          0.10184911974451158,
                          0.10194874698025744,
                          0.10028270658478115,
                          0.1,
                          0.0917965905650466,
                          0.10431936764698542],
                         [0.11,
                          0.09889272548289736,
                          0.11834624627606677,
                          0.09626322764491668,
                          0.09283740950351681,
                          0.08451726523824538,
                          0.09485580699046811,
                          0.10457954449674582],
                         [0.08610143079292307,
                          0.1,
                          0.10718801195840084,
                          0.1,
                          0.09178145056658081,
                          0.09673326678276557,
                          0.09264705979210588,
                          0.10776991906341764],
                         [0.10756698861027185,
                          0.09265961873929551,
                          0.10669101010636695,
                          0.0831684812229579,
                          0.10334863137549806,
                          0.09698245033221332,
                          0.11217416203105414,
                          0.10113698576608232],
                         [0.1,
                          0.11098708178160421,
                          0.10596567739852962,
                          0.1,
                          0.09707092179892753,
                          0.09886580968723738,
                          0.1,
                          0.08152921762825432]]}]}
{'generation': 9,
 'inputs': [],
 'layers': [{'activation': 'sigmoid',
             'bias': [-0.0007370903062371495,
                      -0.008014715387807906,
                      0,
                      0.0026448434062773946,
                      0.007888755761114252,
                      -0.007558677016338887,
                      0.012071942749992239,
                      -0.01225505929621189],
             'name': 'input',
             'neurons': [<gameplay.Neuron object at 0x7f7a361f4860>,
                         <gameplay.Neuron object at 0x7f7a361f4828>,
                         <gameplay.Neuron object at 0x7f7a361f4240>,
                         <gameplay.Neuron object at 0x7f7a361f4b00>,
                         <gameplay.Neuron object at 0x7f7a361f4ba8>,
                         <gameplay.Neuron object at 0x7f7a361f4b38>,
                         <gameplay.Neuron object at 0x7f7a361f4c18>,
                         <gameplay.Neuron object at 0x7f7a361f4d68>],
             'num_neurons': 8,
             'weights': [[0.4,
                          0.3949214192209343,
                          0.09407776516453066,
                          0.10804926382505324,
                          0.09618449951360089,
                          0.10262148507661717,
                          0.1,
                          0.11134133962978039,
                          0.1,
                          0.09391059401150056],
                         [0.4037317389542557,
                          0.39250300675542477,
                          0.10673465516143665,
                          0.10006700908410304,
                          0.0925118253742318,
                          0.09429494500502893,
                          0.09263885951014095,
                          0.1,
                          0.1029684758077444,
                          0.10465701681033127],
                         [0.39245812382956374,
                          0.4033676735807197,
                          0.10776935392155083,
                          0.1,
                          0.10673633545059316,
                          0.10762138783468389,
                          0.09352307654395717,
                          0.0840351053479608,
                          0.11165542787827513,
                          0.10215122504433674],
                         [0.38666480529641806,
                          0.3962626504567643,
                          0.10120700858436271,
                          0.1,
                          0.0969642041097617,
                          0.09786458442306536,
                          0.10053094632227344,
                          0.10128470607326465,
                          0.08391504128877532,
                          0.1],
                         [0.38391895680935045,
                          0.4,
                          0.08874684542912104,
                          0.09930268601297783,
                          0.09034924854666869,
                          0.1,
                          0.10807635442845241,
                          0.11430269106357976,
                          0.09411406153615058,
                          0.09583150280570539],
                         [0.3923799113381495,
                          0.3868187485063343,
                          0.10015725367940849,
                          0.09253545384153045,
                          0.10933313500276459,
                          0.10553637531238974,
                          0.10909371902575818,
                          0.10157546688266876,
                          0.1,
                          0.10511348510748421],
                         [0.39294251562471993,
                          0.39116639706870787,
                          0.1010915664847581,
                          0.08343776133590675,
                          0.09793315158275626,
                          0.09345676195491504,
                          0.10115390308752437,
                          0.1,
                          0.09699484452726566,
                          0.0764313104393298],
                         [0.4,
                          0.39211335783705953,
                          0.10327289995429327,
                          0.08729274112757894,
                          0.10730825953404619,
                          0.09153484203711276,
                          0.09361647890431804,
                          0.11723398238752293,
                          0.08749807371716577,
                          0.09878584747290932]]},
            {'activation': 'sigmoid',
             'bias': [-0.004604306985109935,
                      0.017918124188509646,
                      -0.0017558132971131155,
                      0.009249805347502785,
                      0.033327749282301526],
             'name': 'output',
             'neurons': [<gameplay.Neuron object at 0x7f7a361f4d30>,
                         <gameplay.Neuron object at 0x7f7a361f4cc0>,
                         <gameplay.Neuron object at 0x7f7a361f4c88>,
                         <gameplay.Neuron object at 0x7f7a361f4e48>,
                         <gameplay.Neuron object at 0x7f7a361f4da0>],
             'num_neurons': 5,
             'weights': [[0.1,
                          0.09923468143894024,
                          0.10764152281821408,
                          0.10194471768606134,
                          0.09768785631245346,
                          0.10286661708778896,
                          0.11349572534569705,
                          0.10214185352313791],
                         [0.09435554024157171,
                          0.09825446206158318,
                          0.10184911974451158,
                          0.10194874698025744,
                          0.10028270658478115,
                          0.1,
                          0.0917965905650466,
                          0.10431936764698542],
                         [0.11,
                          0.09889272548289736,
                          0.11834624627606677,
                          0.09626322764491668,
                          0.09283740950351681,
                          0.08451726523824538,
                          0.09485580699046811,
                          0.10457954449674582],
                         [0.08610143079292307,
                          0.1,
                          0.10718801195840084,
                          0.1,
                          0.09178145056658081,
                          0.09673326678276557,
                          0.09264705979210588,
                          0.10776991906341764],
                         [0.10756698861027185,
                          0.09265961873929551,
                          0.10669101010636695,
                          0.0831684812229579,
                          0.10334863137549806,
                          0.09698245033221332,
                          0.11217416203105414,
                          0.10113698576608232],
                         [0.1,
                          0.11098708178160421,
                          0.10596567739852962,
                          0.1,
                          0.09707092179892753,
                          0.09886580968723738,
                          0.1,
                          0.08152921762825432]]}]}
load_tensorflow_graph: path = tensorflow/mario-model-simple-2019-07-17/frozen_inference_graph.pb
object_detection_graph = <tensorflow.python.framework.ops.Graph object at 0x7f7a361f4f60>
Doing start sequence
Sleeping one second
sending start
sending empty
Found black world screen for the second time. exiting.



Seconds left: 379
Moves to the right: 42
