pygame 1.9.6
Hello from the pygame community. https://www.pygame.org/contribute.html
Loading neural net from gameplay_neural_nets/19/3.nn
net = {'generation': 15,
 'inputs': [],
 'layers': [{'activation': 'sigmoid',
             'bias': [-0.01919356342836432,
                      0.02951317391900839,
                      -0.014527966621034533,
                      -0.004907850001816273,
                      0.00994026600192969,
                      0.017558326149471507,
                      0.003582256043276378,
                      -0.02597675160828002],
             'name': 'input',
             'neurons': [],
             'num_neurons': 8,
             'weights': [[0.4727983652907113,
                          0.47957209942175366,
                          0.502218581726641,
                          0.5106604781012525,
                          0.49903012222096965,
                          0.47717828475394586,
                          0.5029882428260176,
                          0.49406596467005387,
                          0.4916026810018156,
                          0.5027744248604428],
                         [0.4935900425906127,
                          0.5093455406064228,
                          0.5159301162886379,
                          0.48474051344952646,
                          0.5168255386053331,
                          0.49730062004194076,
                          0.48937191845249045,
                          0.47934192820878235,
                          0.5107298704285048,
                          0.5204670299110113],
                         [0.5239970437468858,
                          0.4882995354276096,
                          0.5004612208462859,
                          0.4998575870526985,
                          0.4794628543801698,
                          0.49650406599228225,
                          0.5060832274168081,
                          0.48291710819596906,
                          0.5060047991305835,
                          0.4901143089586548],
                         [0.5260410755691471,
                          0.5068500160651088,
                          0.5110287739405968,
                          0.48526128296743654,
                          0.48318559506023545,
                          0.49096578339490715,
                          0.4999883180220672,
                          0.4924428414408823,
                          0.5273169075164671,
                          0.5162532934064203],
                         [0.500810236790567,
                          0.5109857520090961,
                          0.5026649467982728,
                          0.4963908324176986,
                          0.49799999375430576,
                          0.4795353713279772,
                          0.5100187453730898,
                          0.5181846308871618,
                          0.5143409431143284,
                          0.5331807283986272],
                         [0.48957180717471466,
                          0.5187291001852382,
                          0.4997413205697533,
                          0.501381618164465,
                          0.5068740557840961,
                          0.5115852171340217,
                          0.52970942349669,
                          0.47606576083214563,
                          0.510230849298879,
                          0.4834151913197766],
                         [0.4943187760203388,
                          0.5265121545250073,
                          0.5304351007960245,
                          0.5104974993503963,
                          0.4834504288763447,
                          0.49920902494276465,
                          0.5022101390675323,
                          0.5053443029733847,
                          0.506907370001139,
                          0.5057367182736885],
                         [0.4783306386427836,
                          0.5104326144130487,
                          0.48310675953568805,
                          0.5137703124032188,
                          0.5046505933847585,
                          0.48787397688893336,
                          0.49107141990764397,
                          0.4880987240548421,
                          0.485537168725207,
                          0.48089165187346833]]},
            {'activation': 'sigmoid',
             'bias': [-0.008311009875327303,
                      -0.012390458700847888,
                      -0.024792407247592914,
                      0.0052173351335964326,
                      -0.004439287361116847,
                      -0.025895121479119453],
             'name': 'hidden1',
             'neurons': [],
             'num_neurons': 6,
             'weights': [[0.48533790740222055,
                          0.46355262916855994,
                          0.5041752579265667,
                          0.4877923834176685,
                          0.5052276202350865,
                          0.5010695627934544,
                          0.5128193379147963,
                          0.5095397507180512],
                         [0.4933205047817098,
                          0.5163802482738097,
                          0.5080372528029871,
                          0.4997101683011105,
                          0.480427843260621,
                          0.5058663125684363,
                          0.48354314352158445,
                          0.4980580322845683],
                         [0.5064972896289903,
                          0.5202149294258965,
                          0.5018528898233674,
                          0.5026243852662204,
                          0.5281311177152237,
                          0.5168847802258525,
                          0.5058222453511223,
                          0.49943042621328526],
                         [0.520160997623267,
                          0.5028957461997338,
                          0.5034544591271476,
                          0.4960397186862436,
                          0.49692918573911116,
                          0.5055071620273023,
                          0.4880814887542755,
                          0.5055408032029827],
                         [0.4974562107189643,
                          0.5369765468947679,
                          0.5014205801573476,
                          0.49769950838878413,
                          0.4983116876455765,
                          0.5287916292955276,
                          0.4942081001626633,
                          0.49506238795700175],
                         [0.48171953881340696,
                          0.48468385129619573,
                          0.4970933486694078,
                          0.48535139159052776,
                          0.491498852605204,
                          0.47538861612538136,
                          0.47230705352074637,
                          0.47624190909018005],
                         [0.49193124016525835,
                          0.4924732287516319,
                          0.5150415783188877,
                          0.5290799065789229,
                          0.4819125020817476,
                          0.49149331433786464,
                          0.5164875546942526,
                          0.4769207910849329],
                         [0.5101770210291449,
                          0.5048664605755675,
                          0.49022293191584104,
                          0.521253682140536,
                          0.5207670196423907,
                          0.49416245237538164,
                          0.48281613284149427,
                          0.47274359343093364]]},
            {'activation': 'sigmoid',
             'bias': [-0.024340677597046022,
                      0.008534938720540654,
                      0.007766128702354516,
                      0.0019147468324234706,
                      0.006841307994572835],
             'name': 'output',
             'neurons': [],
             'num_neurons': 5,
             'weights': [[0.4758886739859172,
                          0.5020053090553924,
                          0.5024462596021247,
                          0.4936444945547796,
                          0.47576358487016923,
                          0.5077843734776729],
                         [0.5254443175483441,
                          0.5062871848719118,
                          0.5035081891582898,
                          0.49502226701432706,
                          0.5004110242631613,
                          0.48604479728981065],
                         [0.5135316888466482,
                          0.5084750880996871,
                          0.5041133175763942,
                          0.48388996603335926,
                          0.49900969573451515,
                          0.5044262833703742],
                         [0.505990498017625,
                          0.4854894807670853,
                          0.5210995048953452,
                          0.4950201947619602,
                          0.48523448185268214,
                          0.48415108980424354],
                         [0.5197958943109423,
                          0.5003166803023463,
                          0.5066193465196914,
                          0.5004848298306837,
                          0.503989756670426,
                          0.49847556766084966],
                         [0.48462744732794855,
                          0.5267909373124937,
                          0.5029066474307725,
                          0.48868537797651834,
                          0.47712262421893054,
                          0.48737192099378734]]}]}
{'generation': 15,
 'inputs': [],
 'layers': [{'activation': 'sigmoid',
             'bias': [-0.01919356342836432,
                      0.02951317391900839,
                      -0.014527966621034533,
                      -0.004907850001816273,
                      0.00994026600192969,
                      0.017558326149471507,
                      0.003582256043276378,
                      -0.02597675160828002],
             'name': 'input',
             'neurons': [<gameplay.Neuron object at 0x7f0147560828>,
                         <gameplay.Neuron object at 0x7f01475607f0>,
                         <gameplay.Neuron object at 0x7f0147560208>,
                         <gameplay.Neuron object at 0x7f0147560b38>,
                         <gameplay.Neuron object at 0x7f0147560be0>,
                         <gameplay.Neuron object at 0x7f0147560b70>,
                         <gameplay.Neuron object at 0x7f0147560c88>,
                         <gameplay.Neuron object at 0x7f0147560cc0>],
             'num_neurons': 8,
             'weights': [[0.4727983652907113,
                          0.47957209942175366,
                          0.502218581726641,
                          0.5106604781012525,
                          0.49903012222096965,
                          0.47717828475394586,
                          0.5029882428260176,
                          0.49406596467005387,
                          0.4916026810018156,
                          0.5027744248604428],
                         [0.4935900425906127,
                          0.5093455406064228,
                          0.5159301162886379,
                          0.48474051344952646,
                          0.5168255386053331,
                          0.49730062004194076,
                          0.48937191845249045,
                          0.47934192820878235,
                          0.5107298704285048,
                          0.5204670299110113],
                         [0.5239970437468858,
                          0.4882995354276096,
                          0.5004612208462859,
                          0.4998575870526985,
                          0.4794628543801698,
                          0.49650406599228225,
                          0.5060832274168081,
                          0.48291710819596906,
                          0.5060047991305835,
                          0.4901143089586548],
                         [0.5260410755691471,
                          0.5068500160651088,
                          0.5110287739405968,
                          0.48526128296743654,
                          0.48318559506023545,
                          0.49096578339490715,
                          0.4999883180220672,
                          0.4924428414408823,
                          0.5273169075164671,
                          0.5162532934064203],
                         [0.500810236790567,
                          0.5109857520090961,
                          0.5026649467982728,
                          0.4963908324176986,
                          0.49799999375430576,
                          0.4795353713279772,
                          0.5100187453730898,
                          0.5181846308871618,
                          0.5143409431143284,
                          0.5331807283986272],
                         [0.48957180717471466,
                          0.5187291001852382,
                          0.4997413205697533,
                          0.501381618164465,
                          0.5068740557840961,
                          0.5115852171340217,
                          0.52970942349669,
                          0.47606576083214563,
                          0.510230849298879,
                          0.4834151913197766],
                         [0.4943187760203388,
                          0.5265121545250073,
                          0.5304351007960245,
                          0.5104974993503963,
                          0.4834504288763447,
                          0.49920902494276465,
                          0.5022101390675323,
                          0.5053443029733847,
                          0.506907370001139,
                          0.5057367182736885],
                         [0.4783306386427836,
                          0.5104326144130487,
                          0.48310675953568805,
                          0.5137703124032188,
                          0.5046505933847585,
                          0.48787397688893336,
                          0.49107141990764397,
                          0.4880987240548421,
                          0.485537168725207,
                          0.48089165187346833]]},
            {'activation': 'sigmoid',
             'bias': [-0.008311009875327303,
                      -0.012390458700847888,
                      -0.024792407247592914,
                      0.0052173351335964326,
                      -0.004439287361116847,
                      -0.025895121479119453],
             'name': 'hidden1',
             'neurons': [<gameplay.Neuron object at 0x7f0147560cf8>,
                         <gameplay.Neuron object at 0x7f0147560d30>,
                         <gameplay.Neuron object at 0x7f0147560da0>,
                         <gameplay.Neuron object at 0x7f0147560d68>,
                         <gameplay.Neuron object at 0x7f0147560dd8>,
                         <gameplay.Neuron object at 0x7f0147560e48>],
             'num_neurons': 6,
             'weights': [[0.48533790740222055,
                          0.46355262916855994,
                          0.5041752579265667,
                          0.4877923834176685,
                          0.5052276202350865,
                          0.5010695627934544,
                          0.5128193379147963,
                          0.5095397507180512],
                         [0.4933205047817098,
                          0.5163802482738097,
                          0.5080372528029871,
                          0.4997101683011105,
                          0.480427843260621,
                          0.5058663125684363,
                          0.48354314352158445,
                          0.4980580322845683],
                         [0.5064972896289903,
                          0.5202149294258965,
                          0.5018528898233674,
                          0.5026243852662204,
                          0.5281311177152237,
                          0.5168847802258525,
                          0.5058222453511223,
                          0.49943042621328526],
                         [0.520160997623267,
                          0.5028957461997338,
                          0.5034544591271476,
                          0.4960397186862436,
                          0.49692918573911116,
                          0.5055071620273023,
                          0.4880814887542755,
                          0.5055408032029827],
                         [0.4974562107189643,
                          0.5369765468947679,
                          0.5014205801573476,
                          0.49769950838878413,
                          0.4983116876455765,
                          0.5287916292955276,
                          0.4942081001626633,
                          0.49506238795700175],
                         [0.48171953881340696,
                          0.48468385129619573,
                          0.4970933486694078,
                          0.48535139159052776,
                          0.491498852605204,
                          0.47538861612538136,
                          0.47230705352074637,
                          0.47624190909018005],
                         [0.49193124016525835,
                          0.4924732287516319,
                          0.5150415783188877,
                          0.5290799065789229,
                          0.4819125020817476,
                          0.49149331433786464,
                          0.5164875546942526,
                          0.4769207910849329],
                         [0.5101770210291449,
                          0.5048664605755675,
                          0.49022293191584104,
                          0.521253682140536,
                          0.5207670196423907,
                          0.49416245237538164,
                          0.48281613284149427,
                          0.47274359343093364]]},
            {'activation': 'sigmoid',
             'bias': [-0.024340677597046022,
                      0.008534938720540654,
                      0.007766128702354516,
                      0.0019147468324234706,
                      0.006841307994572835],
             'name': 'output',
             'neurons': [<gameplay.Neuron object at 0x7f0147560e10>,
                         <gameplay.Neuron object at 0x7f0147560e80>,
                         <gameplay.Neuron object at 0x7f0147560ba8>,
                         <gameplay.Neuron object at 0x7f0147560c18>,
                         <gameplay.Neuron object at 0x7f0147560c50>],
             'num_neurons': 5,
             'weights': [[0.4758886739859172,
                          0.5020053090553924,
                          0.5024462596021247,
                          0.4936444945547796,
                          0.47576358487016923,
                          0.5077843734776729],
                         [0.5254443175483441,
                          0.5062871848719118,
                          0.5035081891582898,
                          0.49502226701432706,
                          0.5004110242631613,
                          0.48604479728981065],
                         [0.5135316888466482,
                          0.5084750880996871,
                          0.5041133175763942,
                          0.48388996603335926,
                          0.49900969573451515,
                          0.5044262833703742],
                         [0.505990498017625,
                          0.4854894807670853,
                          0.5210995048953452,
                          0.4950201947619602,
                          0.48523448185268214,
                          0.48415108980424354],
                         [0.5197958943109423,
                          0.5003166803023463,
                          0.5066193465196914,
                          0.5004848298306837,
                          0.503989756670426,
                          0.49847556766084966],
                         [0.48462744732794855,
                          0.5267909373124937,
                          0.5029066474307725,
                          0.48868537797651834,
                          0.47712262421893054,
                          0.48737192099378734]]}]}
load_tensorflow_graph: path = tensorflow/mario-model-simple-2019-07-17/frozen_inference_graph.pb
object_detection_graph = <tensorflow.python.framework.ops.Graph object at 0x7f0147560f98>
Doing start sequence
Sleeping one second
sending start
sending empty
Found black world screen for the second time. exiting.



Seconds left: 368
Moves to the right: 63
frame count: 145
time start:  1568159800.1132047,   time_now: 1568159815.4704456
