pygame 1.9.6
Hello from the pygame community. https://www.pygame.org/contribute.html
Loading neural net from gameplay_neural_nets/19/4.nn
net = {'generation': 15,
 'inputs': [],
 'layers': [{'activation': 'sigmoid',
             'bias': [-0.01919356342836432,
                      0.02951317391900839,
                      -0.014527966621034533,
                      -0.007314013652240535,
                      0.01882708803093068,
                      0.027212364967699937,
                      0.003582256043276378,
                      -0.02597675160828002],
             'name': 'input',
             'neurons': [],
             'num_neurons': 8,
             'weights': [[0.4807230597170094,
                          0.47957209942175366,
                          0.48615431485804345,
                          0.5111654144702971,
                          0.49620718018305726,
                          0.47783984410644087,
                          0.5029882428260176,
                          0.49406596467005387,
                          0.48555661871968975,
                          0.5121976932425099],
                         [0.4931185986002909,
                          0.5093455406064228,
                          0.5159301162886379,
                          0.4936425488871158,
                          0.5136636691086353,
                          0.4966801390537935,
                          0.48937191845249045,
                          0.47934192820878235,
                          0.5064765834142807,
                          0.5171731104050046],
                         [0.5239970437468858,
                          0.4967531119912871,
                          0.508294029501787,
                          0.4998575870526985,
                          0.4698016773298543,
                          0.5064958064232196,
                          0.5060832274168081,
                          0.48291710819596906,
                          0.4993466577818312,
                          0.4901143089586548],
                         [0.5328058054358698,
                          0.5052024884396571,
                          0.5116827245681609,
                          0.4905809637878274,
                          0.47984538777489577,
                          0.5002005322270529,
                          0.4999883180220672,
                          0.4924428414408823,
                          0.5273169075164671,
                          0.5088103592068209],
                         [0.490410315959166,
                          0.5075899970863381,
                          0.5026649467982728,
                          0.4963908324176986,
                          0.49799999375430576,
                          0.4795353713279772,
                          0.5056132738878034,
                          0.5181846308871618,
                          0.509957231485043,
                          0.5242682705563539],
                         [0.49705766934810897,
                          0.5235433931402136,
                          0.49564196576059183,
                          0.49507539889093277,
                          0.5048860170624946,
                          0.5115852171340217,
                          0.5258083865094528,
                          0.4787559343811427,
                          0.510230849298879,
                          0.4834151913197766],
                         [0.504280522078457,
                          0.5182503393192924,
                          0.5295909085167815,
                          0.5198453308145345,
                          0.4880813079949469,
                          0.49920902494276465,
                          0.49513114787422613,
                          0.5053443029733847,
                          0.506907370001139,
                          0.49897115748066845],
                         [0.4783306386427836,
                          0.5111370474191232,
                          0.49214502914030445,
                          0.5155149254008136,
                          0.4984267068928649,
                          0.4998024646845792,
                          0.4855591811168293,
                          0.4880987240548421,
                          0.4833520828558973,
                          0.48089165187346833]]},
            {'activation': 'sigmoid',
             'bias': [-0.015009664142588797,
                      -0.012390458700847888,
                      -0.024799067317738534,
                      -0.004641162924597873,
                      -0.004439287361116847,
                      -0.025895121479119453],
             'name': 'hidden1',
             'neurons': [],
             'num_neurons': 6,
             'weights': [[0.48533790740222055,
                          0.4600215342356505,
                          0.5041752579265667,
                          0.48604192796375184,
                          0.5052276202350865,
                          0.5010695627934544,
                          0.5143484048067775,
                          0.5095397507180512],
                         [0.4933205047817098,
                          0.512868859111045,
                          0.5080372528029871,
                          0.5086029773632639,
                          0.480427843260621,
                          0.49698465888026505,
                          0.4793900348700521,
                          0.4980580322845683],
                         [0.5064972896289903,
                          0.5202149294258965,
                          0.5032370398349225,
                          0.5026243852662204,
                          0.5229961731493475,
                          0.5168847802258525,
                          0.5058222453511223,
                          0.49943042621328526],
                         [0.520160997623267,
                          0.5028957461997338,
                          0.5034544591271476,
                          0.4960397186862436,
                          0.49692918573911116,
                          0.5055071620273023,
                          0.48726579394345454,
                          0.5142267268540653],
                         [0.4974562107189643,
                          0.5425128737237066,
                          0.4965837692202448,
                          0.5019827877047586,
                          0.5001129033721327,
                          0.5225761652492865,
                          0.49317770592296595,
                          0.4893805704851983],
                         [0.48171953881340696,
                          0.49928040617127195,
                          0.4889176007621667,
                          0.48535139159052776,
                          0.5079393956475335,
                          0.47538861612538136,
                          0.47160014387461663,
                          0.47624190909018005],
                         [0.5005836754947122,
                          0.4924732287516319,
                          0.5150415783188877,
                          0.533093629947758,
                          0.4819125020817476,
                          0.49149331433786464,
                          0.5164875546942526,
                          0.4769207910849329],
                         [0.5101770210291449,
                          0.49773943779597873,
                          0.48287530429896486,
                          0.5282032518298739,
                          0.5063889655197332,
                          0.48531428615944955,
                          0.47975600346202846,
                          0.48027826346674246]]},
            {'activation': 'sigmoid',
             'bias': [-0.024340677597046022,
                      0.008756384509027654,
                      0.0004621274228777568,
                      0.0019147468324234706,
                      0.00811720398496797],
             'name': 'output',
             'neurons': [],
             'num_neurons': 5,
             'weights': [[0.4758886739859172,
                          0.5051734856953767,
                          0.5096820425783506,
                          0.49754346157270113,
                          0.47576358487016923,
                          0.49935653252926965],
                         [0.5254443175483441,
                          0.5124673448844668,
                          0.4975555858029473,
                          0.5036627113165636,
                          0.5070098096741372,
                          0.48604479728981065],
                         [0.5135316888466482,
                          0.5084750880996871,
                          0.4948111399516399,
                          0.48363002626142154,
                          0.49900969573451515,
                          0.5044262833703742],
                         [0.4973675404236276,
                          0.489157427332152,
                          0.5189640907230695,
                          0.4950201947619602,
                          0.485226321292482,
                          0.48415108980424354],
                         [0.5197958943109423,
                          0.49213498650371684,
                          0.5118590538456099,
                          0.49232767865853067,
                          0.5045943735492491,
                          0.5048580752068198],
                         [0.4906002171326736,
                          0.5267909373124937,
                          0.5029066474307725,
                          0.4850812753912678,
                          0.4757867684473724,
                          0.48737192099378734]]}]}
{'generation': 15,
 'inputs': [],
 'layers': [{'activation': 'sigmoid',
             'bias': [-0.01919356342836432,
                      0.02951317391900839,
                      -0.014527966621034533,
                      -0.007314013652240535,
                      0.01882708803093068,
                      0.027212364967699937,
                      0.003582256043276378,
                      -0.02597675160828002],
             'name': 'input',
             'neurons': [<gameplay.Neuron object at 0x7fa5dee65828>,
                         <gameplay.Neuron object at 0x7fa5dee657f0>,
                         <gameplay.Neuron object at 0x7fa5dee65208>,
                         <gameplay.Neuron object at 0x7fa5dee65b38>,
                         <gameplay.Neuron object at 0x7fa5dee65be0>,
                         <gameplay.Neuron object at 0x7fa5dee65b70>,
                         <gameplay.Neuron object at 0x7fa5dee65c88>,
                         <gameplay.Neuron object at 0x7fa5dee65cc0>],
             'num_neurons': 8,
             'weights': [[0.4807230597170094,
                          0.47957209942175366,
                          0.48615431485804345,
                          0.5111654144702971,
                          0.49620718018305726,
                          0.47783984410644087,
                          0.5029882428260176,
                          0.49406596467005387,
                          0.48555661871968975,
                          0.5121976932425099],
                         [0.4931185986002909,
                          0.5093455406064228,
                          0.5159301162886379,
                          0.4936425488871158,
                          0.5136636691086353,
                          0.4966801390537935,
                          0.48937191845249045,
                          0.47934192820878235,
                          0.5064765834142807,
                          0.5171731104050046],
                         [0.5239970437468858,
                          0.4967531119912871,
                          0.508294029501787,
                          0.4998575870526985,
                          0.4698016773298543,
                          0.5064958064232196,
                          0.5060832274168081,
                          0.48291710819596906,
                          0.4993466577818312,
                          0.4901143089586548],
                         [0.5328058054358698,
                          0.5052024884396571,
                          0.5116827245681609,
                          0.4905809637878274,
                          0.47984538777489577,
                          0.5002005322270529,
                          0.4999883180220672,
                          0.4924428414408823,
                          0.5273169075164671,
                          0.5088103592068209],
                         [0.490410315959166,
                          0.5075899970863381,
                          0.5026649467982728,
                          0.4963908324176986,
                          0.49799999375430576,
                          0.4795353713279772,
                          0.5056132738878034,
                          0.5181846308871618,
                          0.509957231485043,
                          0.5242682705563539],
                         [0.49705766934810897,
                          0.5235433931402136,
                          0.49564196576059183,
                          0.49507539889093277,
                          0.5048860170624946,
                          0.5115852171340217,
                          0.5258083865094528,
                          0.4787559343811427,
                          0.510230849298879,
                          0.4834151913197766],
                         [0.504280522078457,
                          0.5182503393192924,
                          0.5295909085167815,
                          0.5198453308145345,
                          0.4880813079949469,
                          0.49920902494276465,
                          0.49513114787422613,
                          0.5053443029733847,
                          0.506907370001139,
                          0.49897115748066845],
                         [0.4783306386427836,
                          0.5111370474191232,
                          0.49214502914030445,
                          0.5155149254008136,
                          0.4984267068928649,
                          0.4998024646845792,
                          0.4855591811168293,
                          0.4880987240548421,
                          0.4833520828558973,
                          0.48089165187346833]]},
            {'activation': 'sigmoid',
             'bias': [-0.015009664142588797,
                      -0.012390458700847888,
                      -0.024799067317738534,
                      -0.004641162924597873,
                      -0.004439287361116847,
                      -0.025895121479119453],
             'name': 'hidden1',
             'neurons': [<gameplay.Neuron object at 0x7fa5dee65cf8>,
                         <gameplay.Neuron object at 0x7fa5dee65d30>,
                         <gameplay.Neuron object at 0x7fa5dee65da0>,
                         <gameplay.Neuron object at 0x7fa5dee65d68>,
                         <gameplay.Neuron object at 0x7fa5dee65dd8>,
                         <gameplay.Neuron object at 0x7fa5dee65e48>],
             'num_neurons': 6,
             'weights': [[0.48533790740222055,
                          0.4600215342356505,
                          0.5041752579265667,
                          0.48604192796375184,
                          0.5052276202350865,
                          0.5010695627934544,
                          0.5143484048067775,
                          0.5095397507180512],
                         [0.4933205047817098,
                          0.512868859111045,
                          0.5080372528029871,
                          0.5086029773632639,
                          0.480427843260621,
                          0.49698465888026505,
                          0.4793900348700521,
                          0.4980580322845683],
                         [0.5064972896289903,
                          0.5202149294258965,
                          0.5032370398349225,
                          0.5026243852662204,
                          0.5229961731493475,
                          0.5168847802258525,
                          0.5058222453511223,
                          0.49943042621328526],
                         [0.520160997623267,
                          0.5028957461997338,
                          0.5034544591271476,
                          0.4960397186862436,
                          0.49692918573911116,
                          0.5055071620273023,
                          0.48726579394345454,
                          0.5142267268540653],
                         [0.4974562107189643,
                          0.5425128737237066,
                          0.4965837692202448,
                          0.5019827877047586,
                          0.5001129033721327,
                          0.5225761652492865,
                          0.49317770592296595,
                          0.4893805704851983],
                         [0.48171953881340696,
                          0.49928040617127195,
                          0.4889176007621667,
                          0.48535139159052776,
                          0.5079393956475335,
                          0.47538861612538136,
                          0.47160014387461663,
                          0.47624190909018005],
                         [0.5005836754947122,
                          0.4924732287516319,
                          0.5150415783188877,
                          0.533093629947758,
                          0.4819125020817476,
                          0.49149331433786464,
                          0.5164875546942526,
                          0.4769207910849329],
                         [0.5101770210291449,
                          0.49773943779597873,
                          0.48287530429896486,
                          0.5282032518298739,
                          0.5063889655197332,
                          0.48531428615944955,
                          0.47975600346202846,
                          0.48027826346674246]]},
            {'activation': 'sigmoid',
             'bias': [-0.024340677597046022,
                      0.008756384509027654,
                      0.0004621274228777568,
                      0.0019147468324234706,
                      0.00811720398496797],
             'name': 'output',
             'neurons': [<gameplay.Neuron object at 0x7fa5dee65e10>,
                         <gameplay.Neuron object at 0x7fa5dee65e80>,
                         <gameplay.Neuron object at 0x7fa5dee65ba8>,
                         <gameplay.Neuron object at 0x7fa5dee65c18>,
                         <gameplay.Neuron object at 0x7fa5dee65c50>],
             'num_neurons': 5,
             'weights': [[0.4758886739859172,
                          0.5051734856953767,
                          0.5096820425783506,
                          0.49754346157270113,
                          0.47576358487016923,
                          0.49935653252926965],
                         [0.5254443175483441,
                          0.5124673448844668,
                          0.4975555858029473,
                          0.5036627113165636,
                          0.5070098096741372,
                          0.48604479728981065],
                         [0.5135316888466482,
                          0.5084750880996871,
                          0.4948111399516399,
                          0.48363002626142154,
                          0.49900969573451515,
                          0.5044262833703742],
                         [0.4973675404236276,
                          0.489157427332152,
                          0.5189640907230695,
                          0.4950201947619602,
                          0.485226321292482,
                          0.48415108980424354],
                         [0.5197958943109423,
                          0.49213498650371684,
                          0.5118590538456099,
                          0.49232767865853067,
                          0.5045943735492491,
                          0.5048580752068198],
                         [0.4906002171326736,
                          0.5267909373124937,
                          0.5029066474307725,
                          0.4850812753912678,
                          0.4757867684473724,
                          0.48737192099378734]]}]}
load_tensorflow_graph: path = tensorflow/mario-model-simple-2019-07-17/frozen_inference_graph.pb
object_detection_graph = <tensorflow.python.framework.ops.Graph object at 0x7fa5dee65f98>
Doing start sequence
Sleeping one second
sending start
sending empty
Found black world screen for the second time. exiting.



Seconds left: 1
Moves to the right: 4
frame count: 1599
time start:  1568159821.1408513,   time_now: 1568159961.483836
