pygame 1.9.6
Hello from the pygame community. https://www.pygame.org/contribute.html
Loading neural net from gameplay_neural_nets/19/7.nn
net = {'generation': 15,
 'inputs': [],
 'layers': [{'activation': 'sigmoid',
             'bias': [-0.015735340595114035,
                      0.03790507158602861,
                      -0.016228695188912744,
                      -0.004907850001816273,
                      0.01882708803093068,
                      0.0200589674190305,
                      0.003582256043276378,
                      -0.03206446181262693],
             'name': 'input',
             'neurons': [],
             'num_neurons': 8,
             'weights': [[0.4727983652907113,
                          0.47661702063284833,
                          0.49244941346316845,
                          0.5106604781012525,
                          0.49620718018305726,
                          0.47717828475394586,
                          0.5093577604912484,
                          0.49406596467005387,
                          0.4930885013765764,
                          0.5121976932425099],
                         [0.4948373771336613,
                          0.5093455406064228,
                          0.5164002771238614,
                          0.4899838645588681,
                          0.5168255386053331,
                          0.49730062004194076,
                          0.48937191845249045,
                          0.4699491465166287,
                          0.5169583179174873,
                          0.5204670299110113],
                         [0.5210565657330999,
                          0.4967531119912871,
                          0.5004612208462859,
                          0.4998575870526985,
                          0.4698016773298543,
                          0.5064958064232196,
                          0.5141590709064743,
                          0.48291710819596906,
                          0.49980942079543716,
                          0.4901143089586548],
                         [0.5168365433542068,
                          0.5068500160651088,
                          0.5083731090320791,
                          0.48422434436591777,
                          0.4853174029144861,
                          0.5002005322270529,
                          0.4999883180220672,
                          0.4924428414408823,
                          0.5273169075164671,
                          0.5255225268037585],
                         [0.50256822632049,
                          0.5109857520090961,
                          0.5026649467982728,
                          0.5063167007477641,
                          0.49446896121923806,
                          0.4795353713279772,
                          0.5100187453730898,
                          0.5181846308871618,
                          0.5143409431143284,
                          0.5231553820785102],
                         [0.49541003458281696,
                          0.5187291001852382,
                          0.49623585132674836,
                          0.5080506311386955,
                          0.5048860170624946,
                          0.5115852171340217,
                          0.520267175132669,
                          0.48559710074453805,
                          0.510230849298879,
                          0.47611541128425516],
                         [0.5141502321895873,
                          0.5132736190129841,
                          0.5247457307428112,
                          0.5104974993503963,
                          0.4880813079949469,
                          0.49920902494276465,
                          0.5042139543729831,
                          0.5041148752738317,
                          0.506907370001139,
                          0.49918147815509883],
                         [0.4783306386427836,
                          0.5176765912802274,
                          0.48310675953568805,
                          0.5120916048304397,
                          0.5046505933847585,
                          0.49884493461575075,
                          0.4855591811168293,
                          0.4821362888190618,
                          0.47177195886730655,
                          0.48089165187346833]]},
            {'activation': 'sigmoid',
             'bias': [-0.00033392577337101534,
                      -0.012390458700847888,
                      -0.025338597043436887,
                      0.011041327456796682,
                      -0.004439287361116847,
                      -0.03413905325493097],
             'name': 'hidden1',
             'neurons': [],
             'num_neurons': 6,
             'weights': [[0.48533790740222055,
                          0.46355262916855994,
                          0.5041752579265667,
                          0.4913648085972553,
                          0.5052276202350865,
                          0.5002371353340551,
                          0.5045435395198404,
                          0.5020323836580055],
                         [0.4933205047817098,
                          0.5163802482738097,
                          0.5080372528029871,
                          0.502747325858754,
                          0.480427843260621,
                          0.5003897291645829,
                          0.48189926931405846,
                          0.4980580322845683],
                         [0.5064972896289903,
                          0.5202149294258965,
                          0.5007925910003523,
                          0.5026243852662204,
                          0.5173733617078481,
                          0.5168847802258525,
                          0.5105029675567458,
                          0.49943042621328526],
                         [0.520160997623267,
                          0.5028957461997338,
                          0.5034544591271476,
                          0.4960397186862436,
                          0.49692918573911116,
                          0.5055071620273023,
                          0.4898320825555524,
                          0.5055408032029827],
                         [0.4974562107189643,
                          0.5369765468947679,
                          0.4955684546539997,
                          0.5047809888130608,
                          0.5070803024829403,
                          0.5241015112684603,
                          0.5026828560373013,
                          0.49506238795700175],
                         [0.48399472810734784,
                          0.4851014391256663,
                          0.4967970570341226,
                          0.489570632491683,
                          0.49432476774678297,
                          0.47538861612538136,
                          0.47230705352074637,
                          0.47624190909018005],
                         [0.4969571702385311,
                          0.4924732287516319,
                          0.5241950764735995,
                          0.5240085970917427,
                          0.4819125020817476,
                          0.49862186683438653,
                          0.5164875546942526,
                          0.4759891644354784],
                         [0.5101770210291449,
                          0.49773943779597873,
                          0.48287530429896486,
                          0.521253682140536,
                          0.5119457632670869,
                          0.48896024901772295,
                          0.48271308991074596,
                          0.48027826346674246]]},
            {'activation': 'sigmoid',
             'bias': [-0.024340677597046022,
                      0.016114065837534657,
                      0.007766128702354516,
                      0.0019147468324234706,
                      0.009258069530614636],
             'name': 'output',
             'neurons': [],
             'num_neurons': 5,
             'weights': [[0.4758886739859172,
                          0.5020053090553924,
                          0.506502692890431,
                          0.5040919341670983,
                          0.47576358487016923,
                          0.4957844864147721],
                         [0.5317818044347963,
                          0.5062871848719118,
                          0.4944512072332268,
                          0.490844235003105,
                          0.5015386770815539,
                          0.48604479728981065],
                         [0.5223596827722369,
                          0.5148942990189582,
                          0.5041133175763942,
                          0.4897162150146533,
                          0.49900969573451515,
                          0.49903624573884414],
                         [0.505990498017625,
                          0.49323848631971307,
                          0.5189640907230695,
                          0.4950201947619602,
                          0.48523448185268214,
                          0.4779452698185334],
                         [0.5151098090346171,
                          0.5003166803023463,
                          0.5218815708833983,
                          0.5074262227702441,
                          0.503989756670426,
                          0.5048580752068198],
                         [0.4906002171326736,
                          0.5198532388215351,
                          0.49876728247266544,
                          0.4794499606426552,
                          0.4817264159878173,
                          0.48737192099378734]]}]}
{'generation': 15,
 'inputs': [],
 'layers': [{'activation': 'sigmoid',
             'bias': [-0.015735340595114035,
                      0.03790507158602861,
                      -0.016228695188912744,
                      -0.004907850001816273,
                      0.01882708803093068,
                      0.0200589674190305,
                      0.003582256043276378,
                      -0.03206446181262693],
             'name': 'input',
             'neurons': [<gameplay.Neuron object at 0x7f5adfeea860>,
                         <gameplay.Neuron object at 0x7f5adfeea828>,
                         <gameplay.Neuron object at 0x7f5adfeea240>,
                         <gameplay.Neuron object at 0x7f5adfeeab70>,
                         <gameplay.Neuron object at 0x7f5adfeeac18>,
                         <gameplay.Neuron object at 0x7f5adfeeaba8>,
                         <gameplay.Neuron object at 0x7f5adfeeacc0>,
                         <gameplay.Neuron object at 0x7f5adfeeacf8>],
             'num_neurons': 8,
             'weights': [[0.4727983652907113,
                          0.47661702063284833,
                          0.49244941346316845,
                          0.5106604781012525,
                          0.49620718018305726,
                          0.47717828475394586,
                          0.5093577604912484,
                          0.49406596467005387,
                          0.4930885013765764,
                          0.5121976932425099],
                         [0.4948373771336613,
                          0.5093455406064228,
                          0.5164002771238614,
                          0.4899838645588681,
                          0.5168255386053331,
                          0.49730062004194076,
                          0.48937191845249045,
                          0.4699491465166287,
                          0.5169583179174873,
                          0.5204670299110113],
                         [0.5210565657330999,
                          0.4967531119912871,
                          0.5004612208462859,
                          0.4998575870526985,
                          0.4698016773298543,
                          0.5064958064232196,
                          0.5141590709064743,
                          0.48291710819596906,
                          0.49980942079543716,
                          0.4901143089586548],
                         [0.5168365433542068,
                          0.5068500160651088,
                          0.5083731090320791,
                          0.48422434436591777,
                          0.4853174029144861,
                          0.5002005322270529,
                          0.4999883180220672,
                          0.4924428414408823,
                          0.5273169075164671,
                          0.5255225268037585],
                         [0.50256822632049,
                          0.5109857520090961,
                          0.5026649467982728,
                          0.5063167007477641,
                          0.49446896121923806,
                          0.4795353713279772,
                          0.5100187453730898,
                          0.5181846308871618,
                          0.5143409431143284,
                          0.5231553820785102],
                         [0.49541003458281696,
                          0.5187291001852382,
                          0.49623585132674836,
                          0.5080506311386955,
                          0.5048860170624946,
                          0.5115852171340217,
                          0.520267175132669,
                          0.48559710074453805,
                          0.510230849298879,
                          0.47611541128425516],
                         [0.5141502321895873,
                          0.5132736190129841,
                          0.5247457307428112,
                          0.5104974993503963,
                          0.4880813079949469,
                          0.49920902494276465,
                          0.5042139543729831,
                          0.5041148752738317,
                          0.506907370001139,
                          0.49918147815509883],
                         [0.4783306386427836,
                          0.5176765912802274,
                          0.48310675953568805,
                          0.5120916048304397,
                          0.5046505933847585,
                          0.49884493461575075,
                          0.4855591811168293,
                          0.4821362888190618,
                          0.47177195886730655,
                          0.48089165187346833]]},
            {'activation': 'sigmoid',
             'bias': [-0.00033392577337101534,
                      -0.012390458700847888,
                      -0.025338597043436887,
                      0.011041327456796682,
                      -0.004439287361116847,
                      -0.03413905325493097],
             'name': 'hidden1',
             'neurons': [<gameplay.Neuron object at 0x7f5adfeead30>,
                         <gameplay.Neuron object at 0x7f5adfeead68>,
                         <gameplay.Neuron object at 0x7f5adfeeadd8>,
                         <gameplay.Neuron object at 0x7f5adfeeada0>,
                         <gameplay.Neuron object at 0x7f5adfeeae10>,
                         <gameplay.Neuron object at 0x7f5adfeeae80>],
             'num_neurons': 6,
             'weights': [[0.48533790740222055,
                          0.46355262916855994,
                          0.5041752579265667,
                          0.4913648085972553,
                          0.5052276202350865,
                          0.5002371353340551,
                          0.5045435395198404,
                          0.5020323836580055],
                         [0.4933205047817098,
                          0.5163802482738097,
                          0.5080372528029871,
                          0.502747325858754,
                          0.480427843260621,
                          0.5003897291645829,
                          0.48189926931405846,
                          0.4980580322845683],
                         [0.5064972896289903,
                          0.5202149294258965,
                          0.5007925910003523,
                          0.5026243852662204,
                          0.5173733617078481,
                          0.5168847802258525,
                          0.5105029675567458,
                          0.49943042621328526],
                         [0.520160997623267,
                          0.5028957461997338,
                          0.5034544591271476,
                          0.4960397186862436,
                          0.49692918573911116,
                          0.5055071620273023,
                          0.4898320825555524,
                          0.5055408032029827],
                         [0.4974562107189643,
                          0.5369765468947679,
                          0.4955684546539997,
                          0.5047809888130608,
                          0.5070803024829403,
                          0.5241015112684603,
                          0.5026828560373013,
                          0.49506238795700175],
                         [0.48399472810734784,
                          0.4851014391256663,
                          0.4967970570341226,
                          0.489570632491683,
                          0.49432476774678297,
                          0.47538861612538136,
                          0.47230705352074637,
                          0.47624190909018005],
                         [0.4969571702385311,
                          0.4924732287516319,
                          0.5241950764735995,
                          0.5240085970917427,
                          0.4819125020817476,
                          0.49862186683438653,
                          0.5164875546942526,
                          0.4759891644354784],
                         [0.5101770210291449,
                          0.49773943779597873,
                          0.48287530429896486,
                          0.521253682140536,
                          0.5119457632670869,
                          0.48896024901772295,
                          0.48271308991074596,
                          0.48027826346674246]]},
            {'activation': 'sigmoid',
             'bias': [-0.024340677597046022,
                      0.016114065837534657,
                      0.007766128702354516,
                      0.0019147468324234706,
                      0.009258069530614636],
             'name': 'output',
             'neurons': [<gameplay.Neuron object at 0x7f5adfeeae48>,
                         <gameplay.Neuron object at 0x7f5adfeeaeb8>,
                         <gameplay.Neuron object at 0x7f5adfeeabe0>,
                         <gameplay.Neuron object at 0x7f5adfeeac50>,
                         <gameplay.Neuron object at 0x7f5adfeeac88>],
             'num_neurons': 5,
             'weights': [[0.4758886739859172,
                          0.5020053090553924,
                          0.506502692890431,
                          0.5040919341670983,
                          0.47576358487016923,
                          0.4957844864147721],
                         [0.5317818044347963,
                          0.5062871848719118,
                          0.4944512072332268,
                          0.490844235003105,
                          0.5015386770815539,
                          0.48604479728981065],
                         [0.5223596827722369,
                          0.5148942990189582,
                          0.5041133175763942,
                          0.4897162150146533,
                          0.49900969573451515,
                          0.49903624573884414],
                         [0.505990498017625,
                          0.49323848631971307,
                          0.5189640907230695,
                          0.4950201947619602,
                          0.48523448185268214,
                          0.4779452698185334],
                         [0.5151098090346171,
                          0.5003166803023463,
                          0.5218815708833983,
                          0.5074262227702441,
                          0.503989756670426,
                          0.5048580752068198],
                         [0.4906002171326736,
                          0.5198532388215351,
                          0.49876728247266544,
                          0.4794499606426552,
                          0.4817264159878173,
                          0.48737192099378734]]}]}
load_tensorflow_graph: path = tensorflow/mario-model-simple-2019-07-17/frozen_inference_graph.pb
object_detection_graph = <tensorflow.python.framework.ops.Graph object at 0x7f5adfeeaf98>
Doing start sequence
Sleeping one second
sending start
sending empty
Found black world screen for the second time. exiting.



Seconds left: 344
Moves to the right: 137
frame count: 225
time start:  1568160011.4328609,   time_now: 1568160034.9799683
