pygame 1.9.6
Hello from the pygame community. https://www.pygame.org/contribute.html
Loading neural net from gameplay_neural_nets/19/grand_father_2.nn
net = {'generation': 14,
 'inputs': [],
 'layers': [{'activation': 'sigmoid',
             'bias': [-0.01919356342836432,
                      0.02951317391900839,
                      -0.014527966621034533,
                      -0.004907850001816273,
                      0.01882708803093068,
                      0.017558326149471507,
                      0.003582256043276378,
                      -0.02597675160828002],
             'name': 'input',
             'neurons': [],
             'num_neurons': 8,
             'weights': [[0.4727983652907113,
                          0.47957209942175366,
                          0.49244941346316845,
                          0.5106604781012525,
                          0.49620718018305726,
                          0.47717828475394586,
                          0.5029882428260176,
                          0.49406596467005387,
                          0.4930885013765764,
                          0.5121976932425099],
                         [0.4931185986002909,
                          0.5093455406064228,
                          0.5159301162886379,
                          0.49280449151698164,
                          0.5168255386053331,
                          0.49730062004194076,
                          0.48937191845249045,
                          0.47934192820878235,
                          0.5107298704285048,
                          0.5204670299110113],
                         [0.5239970437468858,
                          0.4967531119912871,
                          0.5004612208462859,
                          0.4998575870526985,
                          0.4698016773298543,
                          0.5064958064232196,
                          0.5060832274168081,
                          0.48291710819596906,
                          0.49980942079543716,
                          0.4901143089586548],
                         [0.5260410755691471,
                          0.5068500160651088,
                          0.5083731090320791,
                          0.48526128296743654,
                          0.48318559506023545,
                          0.5002005322270529,
                          0.4999883180220672,
                          0.4924428414408823,
                          0.5273169075164671,
                          0.5162532934064203],
                         [0.4946603135856981,
                          0.5109857520090961,
                          0.5026649467982728,
                          0.4963908324176986,
                          0.49799999375430576,
                          0.4795353713279772,
                          0.5100187453730898,
                          0.5181846308871618,
                          0.5143409431143284,
                          0.5242682705563539],
                         [0.48957180717471466,
                          0.5187291001852382,
                          0.49623585132674836,
                          0.501381618164465,
                          0.5048860170624946,
                          0.5115852171340217,
                          0.520267175132669,
                          0.48559710074453805,
                          0.510230849298879,
                          0.4834151913197766],
                         [0.504280522078457,
                          0.5182503393192924,
                          0.5304351007960245,
                          0.5104974993503963,
                          0.4880813079949469,
                          0.49920902494276465,
                          0.5022101390675323,
                          0.5053443029733847,
                          0.506907370001139,
                          0.49918147815509883],
                         [0.4783306386427836,
                          0.5176765912802274,
                          0.48310675953568805,
                          0.5137703124032188,
                          0.5046505933847585,
                          0.49550950529740867,
                          0.4855591811168293,
                          0.4880987240548421,
                          0.476104823908918,
                          0.48089165187346833]]},
            {'activation': 'sigmoid',
             'bias': [-0.008311009875327303,
                      -0.012390458700847888,
                      -0.022598416043826057,
                      0.0052173351335964326,
                      -0.004439287361116847,
                      -0.025895121479119453],
             'name': 'hidden1',
             'neurons': [],
             'num_neurons': 6,
             'weights': [[0.48533790740222055,
                          0.46355262916855994,
                          0.5041752579265667,
                          0.4913648085972553,
                          0.5052276202350865,
                          0.5010695627934544,
                          0.5096966659854324,
                          0.5095397507180512],
                         [0.4933205047817098,
                          0.5163802482738097,
                          0.5080372528029871,
                          0.5086029773632639,
                          0.480427843260621,
                          0.49698465888026505,
                          0.48189926931405846,
                          0.4980580322845683],
                         [0.5064972896289903,
                          0.5202149294258965,
                          0.5083904615154775,
                          0.5026243852662204,
                          0.5229961731493475,
                          0.5168847802258525,
                          0.5058222453511223,
                          0.49943042621328526],
                         [0.520160997623267,
                          0.5028957461997338,
                          0.5034544591271476,
                          0.4960397186862436,
                          0.49692918573911116,
                          0.5055071620273023,
                          0.48726579394345454,
                          0.5055408032029827],
                         [0.4974562107189643,
                          0.5369765468947679,
                          0.5014205801573476,
                          0.49769950838878413,
                          0.5001129033721327,
                          0.524429814274451,
                          0.5026828560373013,
                          0.49506238795700175],
                         [0.48171953881340696,
                          0.49407601205552765,
                          0.4970933486694078,
                          0.48535139159052776,
                          0.49933995771620027,
                          0.47538861612538136,
                          0.47230705352074637,
                          0.47624190909018005],
                         [0.49698600637884893,
                          0.4924732287516319,
                          0.5150415783188877,
                          0.5240085970917427,
                          0.4819125020817476,
                          0.49149331433786464,
                          0.5164875546942526,
                          0.4769207910849329],
                         [0.5101770210291449,
                          0.49773943779597873,
                          0.48287530429896486,
                          0.521253682140536,
                          0.5119457632670869,
                          0.49416245237538164,
                          0.48281613284149427,
                          0.48027826346674246]]},
            {'activation': 'sigmoid',
             'bias': [-0.024340677597046022,
                      0.008756384509027654,
                      0.007766128702354516,
                      0.0019147468324234706,
                      0.006841307994572835],
             'name': 'output',
             'neurons': [],
             'num_neurons': 5,
             'weights': [[0.4758886739859172,
                          0.5020053090553924,
                          0.5096820425783506,
                          0.49754346157270113,
                          0.47576358487016923,
                          0.49935653252926965],
                         [0.5254443175483441,
                          0.5062871848719118,
                          0.4944512072332268,
                          0.49502226701432706,
                          0.5004110242631613,
                          0.48604479728981065],
                         [0.5135316888466482,
                          0.5084750880996871,
                          0.5041133175763942,
                          0.48363002626142154,
                          0.49900969573451515,
                          0.5044262833703742],
                         [0.505990498017625,
                          0.4854894807670853,
                          0.5189640907230695,
                          0.4950201947619602,
                          0.48523448185268214,
                          0.48415108980424354],
                         [0.5197958943109423,
                          0.5003166803023463,
                          0.5164419529330351,
                          0.5004848298306837,
                          0.503989756670426,
                          0.5048580752068198],
                         [0.4906002171326736,
                          0.5267909373124937,
                          0.5029066474307725,
                          0.4850812753912678,
                          0.4757867684473724,
                          0.48737192099378734]]}]}
{'generation': 14,
 'inputs': [],
 'layers': [{'activation': 'sigmoid',
             'bias': [-0.01919356342836432,
                      0.02951317391900839,
                      -0.014527966621034533,
                      -0.004907850001816273,
                      0.01882708803093068,
                      0.017558326149471507,
                      0.003582256043276378,
                      -0.02597675160828002],
             'name': 'input',
             'neurons': [<gameplay.Neuron object at 0x7f9332ba4860>,
                         <gameplay.Neuron object at 0x7f9332ba4828>,
                         <gameplay.Neuron object at 0x7f9332ba4240>,
                         <gameplay.Neuron object at 0x7f9332ba4b70>,
                         <gameplay.Neuron object at 0x7f9332ba4c18>,
                         <gameplay.Neuron object at 0x7f9332ba4ba8>,
                         <gameplay.Neuron object at 0x7f9332ba4cc0>,
                         <gameplay.Neuron object at 0x7f9332ba4cf8>],
             'num_neurons': 8,
             'weights': [[0.4727983652907113,
                          0.47957209942175366,
                          0.49244941346316845,
                          0.5106604781012525,
                          0.49620718018305726,
                          0.47717828475394586,
                          0.5029882428260176,
                          0.49406596467005387,
                          0.4930885013765764,
                          0.5121976932425099],
                         [0.4931185986002909,
                          0.5093455406064228,
                          0.5159301162886379,
                          0.49280449151698164,
                          0.5168255386053331,
                          0.49730062004194076,
                          0.48937191845249045,
                          0.47934192820878235,
                          0.5107298704285048,
                          0.5204670299110113],
                         [0.5239970437468858,
                          0.4967531119912871,
                          0.5004612208462859,
                          0.4998575870526985,
                          0.4698016773298543,
                          0.5064958064232196,
                          0.5060832274168081,
                          0.48291710819596906,
                          0.49980942079543716,
                          0.4901143089586548],
                         [0.5260410755691471,
                          0.5068500160651088,
                          0.5083731090320791,
                          0.48526128296743654,
                          0.48318559506023545,
                          0.5002005322270529,
                          0.4999883180220672,
                          0.4924428414408823,
                          0.5273169075164671,
                          0.5162532934064203],
                         [0.4946603135856981,
                          0.5109857520090961,
                          0.5026649467982728,
                          0.4963908324176986,
                          0.49799999375430576,
                          0.4795353713279772,
                          0.5100187453730898,
                          0.5181846308871618,
                          0.5143409431143284,
                          0.5242682705563539],
                         [0.48957180717471466,
                          0.5187291001852382,
                          0.49623585132674836,
                          0.501381618164465,
                          0.5048860170624946,
                          0.5115852171340217,
                          0.520267175132669,
                          0.48559710074453805,
                          0.510230849298879,
                          0.4834151913197766],
                         [0.504280522078457,
                          0.5182503393192924,
                          0.5304351007960245,
                          0.5104974993503963,
                          0.4880813079949469,
                          0.49920902494276465,
                          0.5022101390675323,
                          0.5053443029733847,
                          0.506907370001139,
                          0.49918147815509883],
                         [0.4783306386427836,
                          0.5176765912802274,
                          0.48310675953568805,
                          0.5137703124032188,
                          0.5046505933847585,
                          0.49550950529740867,
                          0.4855591811168293,
                          0.4880987240548421,
                          0.476104823908918,
                          0.48089165187346833]]},
            {'activation': 'sigmoid',
             'bias': [-0.008311009875327303,
                      -0.012390458700847888,
                      -0.022598416043826057,
                      0.0052173351335964326,
                      -0.004439287361116847,
                      -0.025895121479119453],
             'name': 'hidden1',
             'neurons': [<gameplay.Neuron object at 0x7f9332ba4d30>,
                         <gameplay.Neuron object at 0x7f9332ba4d68>,
                         <gameplay.Neuron object at 0x7f9332ba4dd8>,
                         <gameplay.Neuron object at 0x7f9332ba4da0>,
                         <gameplay.Neuron object at 0x7f9332ba4e10>,
                         <gameplay.Neuron object at 0x7f9332ba4e80>],
             'num_neurons': 6,
             'weights': [[0.48533790740222055,
                          0.46355262916855994,
                          0.5041752579265667,
                          0.4913648085972553,
                          0.5052276202350865,
                          0.5010695627934544,
                          0.5096966659854324,
                          0.5095397507180512],
                         [0.4933205047817098,
                          0.5163802482738097,
                          0.5080372528029871,
                          0.5086029773632639,
                          0.480427843260621,
                          0.49698465888026505,
                          0.48189926931405846,
                          0.4980580322845683],
                         [0.5064972896289903,
                          0.5202149294258965,
                          0.5083904615154775,
                          0.5026243852662204,
                          0.5229961731493475,
                          0.5168847802258525,
                          0.5058222453511223,
                          0.49943042621328526],
                         [0.520160997623267,
                          0.5028957461997338,
                          0.5034544591271476,
                          0.4960397186862436,
                          0.49692918573911116,
                          0.5055071620273023,
                          0.48726579394345454,
                          0.5055408032029827],
                         [0.4974562107189643,
                          0.5369765468947679,
                          0.5014205801573476,
                          0.49769950838878413,
                          0.5001129033721327,
                          0.524429814274451,
                          0.5026828560373013,
                          0.49506238795700175],
                         [0.48171953881340696,
                          0.49407601205552765,
                          0.4970933486694078,
                          0.48535139159052776,
                          0.49933995771620027,
                          0.47538861612538136,
                          0.47230705352074637,
                          0.47624190909018005],
                         [0.49698600637884893,
                          0.4924732287516319,
                          0.5150415783188877,
                          0.5240085970917427,
                          0.4819125020817476,
                          0.49149331433786464,
                          0.5164875546942526,
                          0.4769207910849329],
                         [0.5101770210291449,
                          0.49773943779597873,
                          0.48287530429896486,
                          0.521253682140536,
                          0.5119457632670869,
                          0.49416245237538164,
                          0.48281613284149427,
                          0.48027826346674246]]},
            {'activation': 'sigmoid',
             'bias': [-0.024340677597046022,
                      0.008756384509027654,
                      0.007766128702354516,
                      0.0019147468324234706,
                      0.006841307994572835],
             'name': 'output',
             'neurons': [<gameplay.Neuron object at 0x7f9332ba4e48>,
                         <gameplay.Neuron object at 0x7f9332ba4eb8>,
                         <gameplay.Neuron object at 0x7f9332ba4be0>,
                         <gameplay.Neuron object at 0x7f9332ba4c50>,
                         <gameplay.Neuron object at 0x7f9332ba4c88>],
             'num_neurons': 5,
             'weights': [[0.4758886739859172,
                          0.5020053090553924,
                          0.5096820425783506,
                          0.49754346157270113,
                          0.47576358487016923,
                          0.49935653252926965],
                         [0.5254443175483441,
                          0.5062871848719118,
                          0.4944512072332268,
                          0.49502226701432706,
                          0.5004110242631613,
                          0.48604479728981065],
                         [0.5135316888466482,
                          0.5084750880996871,
                          0.5041133175763942,
                          0.48363002626142154,
                          0.49900969573451515,
                          0.5044262833703742],
                         [0.505990498017625,
                          0.4854894807670853,
                          0.5189640907230695,
                          0.4950201947619602,
                          0.48523448185268214,
                          0.48415108980424354],
                         [0.5197958943109423,
                          0.5003166803023463,
                          0.5164419529330351,
                          0.5004848298306837,
                          0.503989756670426,
                          0.5048580752068198],
                         [0.4906002171326736,
                          0.5267909373124937,
                          0.5029066474307725,
                          0.4850812753912678,
                          0.4757867684473724,
                          0.48737192099378734]]}]}
load_tensorflow_graph: path = tensorflow/mario-model-simple-2019-07-17/frozen_inference_graph.pb
object_detection_graph = <tensorflow.python.framework.ops.Graph object at 0x7f9332ba4f98>
Doing start sequence
Sleeping one second
sending start
sending empty
Found black world screen for the second time. exiting.



Seconds left: 380
Moves to the right: 61
frame count: 110
time start:  1568160076.2722812,   time_now: 1568160087.9997296
