pygame 1.9.6
Hello from the pygame community. https://www.pygame.org/contribute.html
Loading neural net from gameplay_neural_nets/165/1.nn
net = {'generation': 149,
 'inputs': [],
 'layers': [{'activation': 'sigmoid',
             'bias': [0.02598416288464372,
                      -0.053455113570889674,
                      0.001433257442020608,
                      -0.0033663584599473795,
                      -0.014236445440396593,
                      -0.03043120248749711,
                      0.0007535849631715502,
                      -0.0029631306221542184],
             'name': 'input',
             'neurons': [],
             'num_neurons': 8,
             'weights': [[0.3596936021455905,
                          0.41350565814836954,
                          0.09450833609261482,
                          0.13925175145168647,
                          0.08344422700076852,
                          0.08700948306348058,
                          0.044576981121399545,
                          0.0930581573660724,
                          0.08582765477457423,
                          0.0709325597823662],
                         [0.383571771706282,
                          0.3559883770417932,
                          0.0884088468614729,
                          0.12778401468361592,
                          0.1369980596505991,
                          0.0781285324239017,
                          0.12148044688956239,
                          0.09980569730233411,
                          0.08011682531156149,
                          0.10469924158202344],
                         [0.33850386430138724,
                          0.44115571972872725,
                          0.06868853442182828,
                          0.04120425382014432,
                          0.09195083399054294,
                          0.11150117651463899,
                          0.0766307129582473,
                          0.11727676439679162,
                          0.10046182671444871,
                          0.06795022790270372],
                         [0.38284381739657936,
                          0.3944509763634407,
                          0.10213916129496929,
                          0.10484225946736847,
                          0.06914132650193182,
                          0.07647176084368655,
                          0.07198424128794235,
                          0.1392095702392629,
                          0.13096116223095353,
                          0.11995415042561744],
                         [0.4229314807228292,
                          0.40146686824320243,
                          0.0641271347249159,
                          0.11020100648132569,
                          0.10463216507964934,
                          0.15430320799923297,
                          0.13514673811992317,
                          0.13575501937916523,
                          0.0697659645341834,
                          0.06653763133884484],
                         [0.36599348197928716,
                          0.4114481500002684,
                          0.05904769131949135,
                          0.08572411349002093,
                          0.0702975320491383,
                          0.08606474806084573,
                          0.10140185921508185,
                          0.08386408482811666,
                          0.13039529225211988,
                          0.11272128733929981],
                         [0.34545529331000396,
                          0.3935023583609697,
                          0.11670566724656328,
                          0.07404565681830737,
                          0.11274101101104914,
                          0.12191799489750134,
                          0.11302049021082475,
                          0.0871076562773371,
                          0.1164352568353599,
                          0.045529842079861556],
                         [0.3737521861574365,
                          0.42864562509754217,
                          0.06088414713246995,
                          0.06607558923970275,
                          0.12564681266880226,
                          0.0512505441775041,
                          0.07573149526105209,
                          0.14013504380471156,
                          0.11748311132420897,
                          0.0810512656933095]]},
            {'activation': 'sigmoid',
             'bias': [-0.03362657952131981,
                      0.10094413045183813,
                      -0.015322675821711417,
                      -0.003985335383454025,
                      0.002349386922546854],
             'name': 'output',
             'neurons': [],
             'num_neurons': 5,
             'weights': [[0.02849158909719633,
                          0.08001522060753755,
                          0.06985982029900949,
                          0.03725365489853763,
                          0.1047218611189372,
                          0.1503816853767677,
                          0.12141539833596127,
                          0.11576082035217722],
                         [0.051177472671960586,
                          0.05658273931093628,
                          0.09071497939208695,
                          0.15150258610440906,
                          0.13244665328005717,
                          0.06122640748118084,
                          0.03817412274224843,
                          0.15998718074492574],
                         [0.1287460945906277,
                          0.10051683134350513,
                          0.09295627516065091,
                          0.06123725719028051,
                          0.04901479066660043,
                          0.11075697739313865,
                          0.1148348468949329,
                          0.08226969802579419],
                         [0.07991497361876362,
                          0.07367702366545201,
                          0.1547955185834361,
                          0.055758392827382916,
                          0.16303020293435289,
                          0.09279354216766993,
                          0.0641197490792163,
                          0.09634433215568457],
                         [0.12801491654436079,
                          0.0882259873356017,
                          0.14615506728381258,
                          0.045903522128803165,
                          0.19445808019962552,
                          0.11548956062042649,
                          0.07499907406077297,
                          0.108131395115535],
                         [0.08566381339985746,
                          0.12720851281997742,
                          0.13785182940366067,
                          0.09213264966491265,
                          0.02147095620860333,
                          0.12018278333209817,
                          0.06901162100598275,
                          0.1426707703543172]]}]}
{'generation': 149,
 'inputs': [],
 'layers': [{'activation': 'sigmoid',
             'bias': [0.02598416288464372,
                      -0.053455113570889674,
                      0.001433257442020608,
                      -0.0033663584599473795,
                      -0.014236445440396593,
                      -0.03043120248749711,
                      0.0007535849631715502,
                      -0.0029631306221542184],
             'name': 'input',
             'neurons': [<gameplay.Neuron object at 0x7faf16ea37f0>,
                         <gameplay.Neuron object at 0x7faf16ea37b8>,
                         <gameplay.Neuron object at 0x7faf16ea31d0>,
                         <gameplay.Neuron object at 0x7faf16ea3a90>,
                         <gameplay.Neuron object at 0x7faf16ea3b38>,
                         <gameplay.Neuron object at 0x7faf16ea3ac8>,
                         <gameplay.Neuron object at 0x7faf16ea3c18>,
                         <gameplay.Neuron object at 0x7faf16ea3be0>],
             'num_neurons': 8,
             'weights': [[0.3596936021455905,
                          0.41350565814836954,
                          0.09450833609261482,
                          0.13925175145168647,
                          0.08344422700076852,
                          0.08700948306348058,
                          0.044576981121399545,
                          0.0930581573660724,
                          0.08582765477457423,
                          0.0709325597823662],
                         [0.383571771706282,
                          0.3559883770417932,
                          0.0884088468614729,
                          0.12778401468361592,
                          0.1369980596505991,
                          0.0781285324239017,
                          0.12148044688956239,
                          0.09980569730233411,
                          0.08011682531156149,
                          0.10469924158202344],
                         [0.33850386430138724,
                          0.44115571972872725,
                          0.06868853442182828,
                          0.04120425382014432,
                          0.09195083399054294,
                          0.11150117651463899,
                          0.0766307129582473,
                          0.11727676439679162,
                          0.10046182671444871,
                          0.06795022790270372],
                         [0.38284381739657936,
                          0.3944509763634407,
                          0.10213916129496929,
                          0.10484225946736847,
                          0.06914132650193182,
                          0.07647176084368655,
                          0.07198424128794235,
                          0.1392095702392629,
                          0.13096116223095353,
                          0.11995415042561744],
                         [0.4229314807228292,
                          0.40146686824320243,
                          0.0641271347249159,
                          0.11020100648132569,
                          0.10463216507964934,
                          0.15430320799923297,
                          0.13514673811992317,
                          0.13575501937916523,
                          0.0697659645341834,
                          0.06653763133884484],
                         [0.36599348197928716,
                          0.4114481500002684,
                          0.05904769131949135,
                          0.08572411349002093,
                          0.0702975320491383,
                          0.08606474806084573,
                          0.10140185921508185,
                          0.08386408482811666,
                          0.13039529225211988,
                          0.11272128733929981],
                         [0.34545529331000396,
                          0.3935023583609697,
                          0.11670566724656328,
                          0.07404565681830737,
                          0.11274101101104914,
                          0.12191799489750134,
                          0.11302049021082475,
                          0.0871076562773371,
                          0.1164352568353599,
                          0.045529842079861556],
                         [0.3737521861574365,
                          0.42864562509754217,
                          0.06088414713246995,
                          0.06607558923970275,
                          0.12564681266880226,
                          0.0512505441775041,
                          0.07573149526105209,
                          0.14013504380471156,
                          0.11748311132420897,
                          0.0810512656933095]]},
            {'activation': 'sigmoid',
             'bias': [-0.03362657952131981,
                      0.10094413045183813,
                      -0.015322675821711417,
                      -0.003985335383454025,
                      0.002349386922546854],
             'name': 'output',
             'neurons': [<gameplay.Neuron object at 0x7faf16ea3c50>,
                         <gameplay.Neuron object at 0x7faf16ea3c88>,
                         <gameplay.Neuron object at 0x7faf16ea3cf8>,
                         <gameplay.Neuron object at 0x7faf16ea3cc0>,
                         <gameplay.Neuron object at 0x7faf16ea3d30>],
             'num_neurons': 5,
             'weights': [[0.02849158909719633,
                          0.08001522060753755,
                          0.06985982029900949,
                          0.03725365489853763,
                          0.1047218611189372,
                          0.1503816853767677,
                          0.12141539833596127,
                          0.11576082035217722],
                         [0.051177472671960586,
                          0.05658273931093628,
                          0.09071497939208695,
                          0.15150258610440906,
                          0.13244665328005717,
                          0.06122640748118084,
                          0.03817412274224843,
                          0.15998718074492574],
                         [0.1287460945906277,
                          0.10051683134350513,
                          0.09295627516065091,
                          0.06123725719028051,
                          0.04901479066660043,
                          0.11075697739313865,
                          0.1148348468949329,
                          0.08226969802579419],
                         [0.07991497361876362,
                          0.07367702366545201,
                          0.1547955185834361,
                          0.055758392827382916,
                          0.16303020293435289,
                          0.09279354216766993,
                          0.0641197490792163,
                          0.09634433215568457],
                         [0.12801491654436079,
                          0.0882259873356017,
                          0.14615506728381258,
                          0.045903522128803165,
                          0.19445808019962552,
                          0.11548956062042649,
                          0.07499907406077297,
                          0.108131395115535],
                         [0.08566381339985746,
                          0.12720851281997742,
                          0.13785182940366067,
                          0.09213264966491265,
                          0.02147095620860333,
                          0.12018278333209817,
                          0.06901162100598275,
                          0.1426707703543172]]}]}
load_tensorflow_graph: path = tensorflow/mario-model-simple-2019-07-17/frozen_inference_graph.pb
object_detection_graph = <tensorflow.python.framework.ops.Graph object at 0x7faf16ea3dd8>
Doing start sequence
Sleeping one second
sending start
sending empty
Found black world screen for the second time. exiting.



Seconds left: 367
Moves to the right: 64
