pygame 1.9.6
Hello from the pygame community. https://www.pygame.org/contribute.html
Loading neural net from gameplay_neural_nets/165/3.nn
net = {'generation': 149,
 'inputs': [],
 'layers': [{'activation': 'sigmoid',
             'bias': [0.02598416288464372,
                      -0.05478562855736266,
                      0.004464173596948949,
                      -0.0033663584599473795,
                      -0.014283356781596144,
                      -0.03043120248749711,
                      -0.006841123496180552,
                      0.005318828697959785],
             'name': 'input',
             'neurons': [],
             'num_neurons': 8,
             'weights': [[0.3756495118018432,
                          0.41350565814836954,
                          0.090123925536543,
                          0.13996212884163262,
                          0.08344422700076852,
                          0.08632551745243472,
                          0.039842920585171304,
                          0.08656434641216894,
                          0.10163090616130005,
                          0.06932031134792682],
                         [0.383571771706282,
                          0.3655850985238714,
                          0.08430149198650815,
                          0.12748251368571814,
                          0.13990504122262362,
                          0.0781285324239017,
                          0.11757166063493724,
                          0.09980569730233411,
                          0.08383119522733658,
                          0.10469924158202344],
                         [0.33850386430138724,
                          0.44115571972872725,
                          0.06159758162176719,
                          0.05101520976061791,
                          0.09195083399054294,
                          0.11910923842446242,
                          0.0766307129582473,
                          0.11727676439679162,
                          0.10563793443786443,
                          0.07294767389075445],
                         [0.38284381739657936,
                          0.39990074650567,
                          0.10213916129496929,
                          0.11226239095714957,
                          0.06777131991910754,
                          0.07832355247088729,
                          0.057254915693351525,
                          0.1392095702392629,
                          0.1390913565333301,
                          0.12564284489140654],
                         [0.4229314807228292,
                          0.40813981472963085,
                          0.0641271347249159,
                          0.11020100648132569,
                          0.10463216507964934,
                          0.15129151164284274,
                          0.14406470400516927,
                          0.13575501937916523,
                          0.06428041363204515,
                          0.06793968753473617],
                         [0.36599348197928716,
                          0.4114481500002684,
                          0.05904769131949135,
                          0.09377417080574885,
                          0.0702975320491383,
                          0.08606474806084573,
                          0.10140185921508185,
                          0.08736920792302845,
                          0.13039529225211988,
                          0.10914446064333956],
                         [0.3443007702224907,
                          0.3935023583609697,
                          0.12423708365913348,
                          0.07404565681830737,
                          0.10641337295701717,
                          0.11763789769594805,
                          0.1135617042944186,
                          0.0871076562773371,
                          0.1164352568353599,
                          0.044336603844837216],
                         [0.3821626272073776,
                          0.42864562509754217,
                          0.06088414713246995,
                          0.05719016605403205,
                          0.1223101654879722,
                          0.05431441556711607,
                          0.0855415999409862,
                          0.14013504380471156,
                          0.1271196864961196,
                          0.0810512656933095]]},
            {'activation': 'sigmoid',
             'bias': [-0.027078450510379076,
                      0.10094413045183813,
                      -0.024620373322356507,
                      0.004177189414897755,
                      0.0008719967124971523],
             'name': 'output',
             'neurons': [],
             'num_neurons': 5,
             'weights': [[0.04486968394388102,
                          0.0799715773480432,
                          0.07574359602244407,
                          0.03684904505047361,
                          0.11136590530780802,
                          0.1503816853767677,
                          0.12999477554311167,
                          0.1235560640880301],
                         [0.051177472671960586,
                          0.06952905097255116,
                          0.09071497939208695,
                          0.16647175148281318,
                          0.12921023779609628,
                          0.05988609429308478,
                          0.04198194356004008,
                          0.1647084469591391],
                         [0.13034242962136558,
                          0.10051683134350513,
                          0.08950574227538004,
                          0.05503334620797455,
                          0.04901479066660043,
                          0.11075697739313865,
                          0.12279361329366485,
                          0.08226969802579419],
                         [0.07991497361876362,
                          0.08354500363000188,
                          0.15449303819037385,
                          0.055758392827382916,
                          0.16303020293435289,
                          0.09279354216766993,
                          0.0641197490792163,
                          0.09608314028892945],
                         [0.13755375407227804,
                          0.0882259873356017,
                          0.14615506728381258,
                          0.045903522128803165,
                          0.19279610507109593,
                          0.12135221584931578,
                          0.0753803102510051,
                          0.108131395115535],
                         [0.08424198626257119,
                          0.12720851281997742,
                          0.13785182940366067,
                          0.0873598982519468,
                          0.02147095620860333,
                          0.11884128117738212,
                          0.06283494757715645,
                          0.13395477152540844]]}]}
{'generation': 149,
 'inputs': [],
 'layers': [{'activation': 'sigmoid',
             'bias': [0.02598416288464372,
                      -0.05478562855736266,
                      0.004464173596948949,
                      -0.0033663584599473795,
                      -0.014283356781596144,
                      -0.03043120248749711,
                      -0.006841123496180552,
                      0.005318828697959785],
             'name': 'input',
             'neurons': [<gameplay.Neuron object at 0x7f901c905860>,
                         <gameplay.Neuron object at 0x7f901c905828>,
                         <gameplay.Neuron object at 0x7f901c905240>,
                         <gameplay.Neuron object at 0x7f901c905b00>,
                         <gameplay.Neuron object at 0x7f901c905ba8>,
                         <gameplay.Neuron object at 0x7f901c905b38>,
                         <gameplay.Neuron object at 0x7f901c905c88>,
                         <gameplay.Neuron object at 0x7f901c905c50>],
             'num_neurons': 8,
             'weights': [[0.3756495118018432,
                          0.41350565814836954,
                          0.090123925536543,
                          0.13996212884163262,
                          0.08344422700076852,
                          0.08632551745243472,
                          0.039842920585171304,
                          0.08656434641216894,
                          0.10163090616130005,
                          0.06932031134792682],
                         [0.383571771706282,
                          0.3655850985238714,
                          0.08430149198650815,
                          0.12748251368571814,
                          0.13990504122262362,
                          0.0781285324239017,
                          0.11757166063493724,
                          0.09980569730233411,
                          0.08383119522733658,
                          0.10469924158202344],
                         [0.33850386430138724,
                          0.44115571972872725,
                          0.06159758162176719,
                          0.05101520976061791,
                          0.09195083399054294,
                          0.11910923842446242,
                          0.0766307129582473,
                          0.11727676439679162,
                          0.10563793443786443,
                          0.07294767389075445],
                         [0.38284381739657936,
                          0.39990074650567,
                          0.10213916129496929,
                          0.11226239095714957,
                          0.06777131991910754,
                          0.07832355247088729,
                          0.057254915693351525,
                          0.1392095702392629,
                          0.1390913565333301,
                          0.12564284489140654],
                         [0.4229314807228292,
                          0.40813981472963085,
                          0.0641271347249159,
                          0.11020100648132569,
                          0.10463216507964934,
                          0.15129151164284274,
                          0.14406470400516927,
                          0.13575501937916523,
                          0.06428041363204515,
                          0.06793968753473617],
                         [0.36599348197928716,
                          0.4114481500002684,
                          0.05904769131949135,
                          0.09377417080574885,
                          0.0702975320491383,
                          0.08606474806084573,
                          0.10140185921508185,
                          0.08736920792302845,
                          0.13039529225211988,
                          0.10914446064333956],
                         [0.3443007702224907,
                          0.3935023583609697,
                          0.12423708365913348,
                          0.07404565681830737,
                          0.10641337295701717,
                          0.11763789769594805,
                          0.1135617042944186,
                          0.0871076562773371,
                          0.1164352568353599,
                          0.044336603844837216],
                         [0.3821626272073776,
                          0.42864562509754217,
                          0.06088414713246995,
                          0.05719016605403205,
                          0.1223101654879722,
                          0.05431441556711607,
                          0.0855415999409862,
                          0.14013504380471156,
                          0.1271196864961196,
                          0.0810512656933095]]},
            {'activation': 'sigmoid',
             'bias': [-0.027078450510379076,
                      0.10094413045183813,
                      -0.024620373322356507,
                      0.004177189414897755,
                      0.0008719967124971523],
             'name': 'output',
             'neurons': [<gameplay.Neuron object at 0x7f901c905cc0>,
                         <gameplay.Neuron object at 0x7f901c905cf8>,
                         <gameplay.Neuron object at 0x7f901c905d68>,
                         <gameplay.Neuron object at 0x7f901c905d30>,
                         <gameplay.Neuron object at 0x7f901c905da0>],
             'num_neurons': 5,
             'weights': [[0.04486968394388102,
                          0.0799715773480432,
                          0.07574359602244407,
                          0.03684904505047361,
                          0.11136590530780802,
                          0.1503816853767677,
                          0.12999477554311167,
                          0.1235560640880301],
                         [0.051177472671960586,
                          0.06952905097255116,
                          0.09071497939208695,
                          0.16647175148281318,
                          0.12921023779609628,
                          0.05988609429308478,
                          0.04198194356004008,
                          0.1647084469591391],
                         [0.13034242962136558,
                          0.10051683134350513,
                          0.08950574227538004,
                          0.05503334620797455,
                          0.04901479066660043,
                          0.11075697739313865,
                          0.12279361329366485,
                          0.08226969802579419],
                         [0.07991497361876362,
                          0.08354500363000188,
                          0.15449303819037385,
                          0.055758392827382916,
                          0.16303020293435289,
                          0.09279354216766993,
                          0.0641197490792163,
                          0.09608314028892945],
                         [0.13755375407227804,
                          0.0882259873356017,
                          0.14615506728381258,
                          0.045903522128803165,
                          0.19279610507109593,
                          0.12135221584931578,
                          0.0753803102510051,
                          0.108131395115535],
                         [0.08424198626257119,
                          0.12720851281997742,
                          0.13785182940366067,
                          0.0873598982519468,
                          0.02147095620860333,
                          0.11884128117738212,
                          0.06283494757715645,
                          0.13395477152540844]]}]}
load_tensorflow_graph: path = tensorflow/mario-model-simple-2019-07-17/frozen_inference_graph.pb
object_detection_graph = <tensorflow.python.framework.ops.Graph object at 0x7f901c905e48>
Doing start sequence
Sleeping one second
sending start
sending empty
Found black world screen for the second time. exiting.



Seconds left: 392
Moves to the right: 20
