pygame 1.9.6
Hello from the pygame community. https://www.pygame.org/contribute.html
Loading neural net from gameplay_neural_nets/165/6.nn
net = {'generation': 149,
 'inputs': [],
 'layers': [{'activation': 'sigmoid',
             'bias': [0.031753628332026905,
                      -0.053455113570889674,
                      0.004464173596948949,
                      -0.0033663584599473795,
                      -0.014236445440396593,
                      -0.03043120248749711,
                      0.0007535849631715502,
                      0.01327960836479297],
             'name': 'input',
             'neurons': [],
             'num_neurons': 8,
             'weights': [[0.36644295040272334,
                          0.41350565814836954,
                          0.09167920934658708,
                          0.13925175145168647,
                          0.0781623247885436,
                          0.08700948306348058,
                          0.044576981121399545,
                          0.08656434641216894,
                          0.09333084017988137,
                          0.06684554284682417],
                         [0.383571771706282,
                          0.3596068566741055,
                          0.08731252125070751,
                          0.12778401468361592,
                          0.13990504122262362,
                          0.0781285324239017,
                          0.12148044688956239,
                          0.09980569730233411,
                          0.08573804769820523,
                          0.10469924158202344],
                         [0.3389177741189461,
                          0.44115571972872725,
                          0.06159758162176719,
                          0.060617520773702215,
                          0.09195083399054294,
                          0.11150117651463899,
                          0.0766307129582473,
                          0.11727676439679162,
                          0.10164451920649657,
                          0.06488129619183182],
                         [0.38284381739657936,
                          0.3989600202996181,
                          0.10213916129496929,
                          0.10266789343466837,
                          0.0612683849492848,
                          0.07647176084368655,
                          0.062107209936901844,
                          0.1392095702392629,
                          0.13982640058515253,
                          0.12564284489140654],
                         [0.4229314807228292,
                          0.40744259116060194,
                          0.0641271347249159,
                          0.11621806519368402,
                          0.10312473918215918,
                          0.14524797402705636,
                          0.14148972192300377,
                          0.13575501937916523,
                          0.07412668413668677,
                          0.06787151403577531],
                         [0.35745145375640264,
                          0.42144393118134127,
                          0.06613328903660223,
                          0.09326401568790436,
                          0.07378269692838643,
                          0.08606474806084573,
                          0.10140185921508185,
                          0.0971873364073544,
                          0.12129875944020392,
                          0.10914446064333956],
                         [0.3573749414477015,
                          0.3935023583609697,
                          0.12423708365913348,
                          0.07404565681830737,
                          0.11274101101104914,
                          0.1152792220259519,
                          0.10795083002837552,
                          0.0871076562773371,
                          0.10930292844726541,
                          0.045529842079861556],
                         [0.3737521861574365,
                          0.43617729957150486,
                          0.06088414713246995,
                          0.06488415419231341,
                          0.13512700960134816,
                          0.06307515916815563,
                          0.08024724613052435,
                          0.14013504380471156,
                          0.11197831948172235,
                          0.07546563333212047]]},
            {'activation': 'sigmoid',
             'bias': [-0.03362657952131981,
                      0.10094413045183813,
                      -0.015322675821711417,
                      -0.003985335383454025,
                      -0.006695628158598367],
             'name': 'output',
             'neurons': [],
             'num_neurons': 5,
             'weights': [[0.04132382717777761,
                          0.06883365639971681,
                          0.07569507685326192,
                          0.04438576363957185,
                          0.11002363230689445,
                          0.14324004666209578,
                          0.11268691217884644,
                          0.1173216439937772],
                         [0.051177472671960586,
                          0.06478363569975958,
                          0.09071497939208695,
                          0.17023392152998812,
                          0.12791700900470762,
                          0.06122640748118084,
                          0.03961993779605845,
                          0.16075961507122183],
                         [0.13034242962136558,
                          0.10051683134350513,
                          0.08779306462811366,
                          0.06123725719028051,
                          0.0390307870604123,
                          0.1108411279700259,
                          0.12279361329366485,
                          0.08226969802579419],
                         [0.08022943282561874,
                          0.07389470822286859,
                          0.15787085359997666,
                          0.05010652233826545,
                          0.16262764630229493,
                          0.09429692805396099,
                          0.0641197490792163,
                          0.10318214987383167],
                         [0.1322576430858471,
                          0.0882259873356017,
                          0.14965581809578501,
                          0.045903522128803165,
                          0.19445808019962552,
                          0.12135221584931578,
                          0.07655701389730353,
                          0.108131395115535],
                         [0.08753656206694178,
                          0.12720851281997742,
                          0.1347198679258199,
                          0.09575116042729846,
                          0.02147095620860333,
                          0.11649901205862269,
                          0.06901162100598275,
                          0.1426707703543172]]}]}
{'generation': 149,
 'inputs': [],
 'layers': [{'activation': 'sigmoid',
             'bias': [0.031753628332026905,
                      -0.053455113570889674,
                      0.004464173596948949,
                      -0.0033663584599473795,
                      -0.014236445440396593,
                      -0.03043120248749711,
                      0.0007535849631715502,
                      0.01327960836479297],
             'name': 'input',
             'neurons': [<gameplay.Neuron object at 0x7fdc477e37f0>,
                         <gameplay.Neuron object at 0x7fdc477e37b8>,
                         <gameplay.Neuron object at 0x7fdc477e31d0>,
                         <gameplay.Neuron object at 0x7fdc477e3a90>,
                         <gameplay.Neuron object at 0x7fdc477e3b38>,
                         <gameplay.Neuron object at 0x7fdc477e3ac8>,
                         <gameplay.Neuron object at 0x7fdc477e3c18>,
                         <gameplay.Neuron object at 0x7fdc477e3be0>],
             'num_neurons': 8,
             'weights': [[0.36644295040272334,
                          0.41350565814836954,
                          0.09167920934658708,
                          0.13925175145168647,
                          0.0781623247885436,
                          0.08700948306348058,
                          0.044576981121399545,
                          0.08656434641216894,
                          0.09333084017988137,
                          0.06684554284682417],
                         [0.383571771706282,
                          0.3596068566741055,
                          0.08731252125070751,
                          0.12778401468361592,
                          0.13990504122262362,
                          0.0781285324239017,
                          0.12148044688956239,
                          0.09980569730233411,
                          0.08573804769820523,
                          0.10469924158202344],
                         [0.3389177741189461,
                          0.44115571972872725,
                          0.06159758162176719,
                          0.060617520773702215,
                          0.09195083399054294,
                          0.11150117651463899,
                          0.0766307129582473,
                          0.11727676439679162,
                          0.10164451920649657,
                          0.06488129619183182],
                         [0.38284381739657936,
                          0.3989600202996181,
                          0.10213916129496929,
                          0.10266789343466837,
                          0.0612683849492848,
                          0.07647176084368655,
                          0.062107209936901844,
                          0.1392095702392629,
                          0.13982640058515253,
                          0.12564284489140654],
                         [0.4229314807228292,
                          0.40744259116060194,
                          0.0641271347249159,
                          0.11621806519368402,
                          0.10312473918215918,
                          0.14524797402705636,
                          0.14148972192300377,
                          0.13575501937916523,
                          0.07412668413668677,
                          0.06787151403577531],
                         [0.35745145375640264,
                          0.42144393118134127,
                          0.06613328903660223,
                          0.09326401568790436,
                          0.07378269692838643,
                          0.08606474806084573,
                          0.10140185921508185,
                          0.0971873364073544,
                          0.12129875944020392,
                          0.10914446064333956],
                         [0.3573749414477015,
                          0.3935023583609697,
                          0.12423708365913348,
                          0.07404565681830737,
                          0.11274101101104914,
                          0.1152792220259519,
                          0.10795083002837552,
                          0.0871076562773371,
                          0.10930292844726541,
                          0.045529842079861556],
                         [0.3737521861574365,
                          0.43617729957150486,
                          0.06088414713246995,
                          0.06488415419231341,
                          0.13512700960134816,
                          0.06307515916815563,
                          0.08024724613052435,
                          0.14013504380471156,
                          0.11197831948172235,
                          0.07546563333212047]]},
            {'activation': 'sigmoid',
             'bias': [-0.03362657952131981,
                      0.10094413045183813,
                      -0.015322675821711417,
                      -0.003985335383454025,
                      -0.006695628158598367],
             'name': 'output',
             'neurons': [<gameplay.Neuron object at 0x7fdc477e3c50>,
                         <gameplay.Neuron object at 0x7fdc477e3c88>,
                         <gameplay.Neuron object at 0x7fdc477e3cf8>,
                         <gameplay.Neuron object at 0x7fdc477e3cc0>,
                         <gameplay.Neuron object at 0x7fdc477e3d30>],
             'num_neurons': 5,
             'weights': [[0.04132382717777761,
                          0.06883365639971681,
                          0.07569507685326192,
                          0.04438576363957185,
                          0.11002363230689445,
                          0.14324004666209578,
                          0.11268691217884644,
                          0.1173216439937772],
                         [0.051177472671960586,
                          0.06478363569975958,
                          0.09071497939208695,
                          0.17023392152998812,
                          0.12791700900470762,
                          0.06122640748118084,
                          0.03961993779605845,
                          0.16075961507122183],
                         [0.13034242962136558,
                          0.10051683134350513,
                          0.08779306462811366,
                          0.06123725719028051,
                          0.0390307870604123,
                          0.1108411279700259,
                          0.12279361329366485,
                          0.08226969802579419],
                         [0.08022943282561874,
                          0.07389470822286859,
                          0.15787085359997666,
                          0.05010652233826545,
                          0.16262764630229493,
                          0.09429692805396099,
                          0.0641197490792163,
                          0.10318214987383167],
                         [0.1322576430858471,
                          0.0882259873356017,
                          0.14965581809578501,
                          0.045903522128803165,
                          0.19445808019962552,
                          0.12135221584931578,
                          0.07655701389730353,
                          0.108131395115535],
                         [0.08753656206694178,
                          0.12720851281997742,
                          0.1347198679258199,
                          0.09575116042729846,
                          0.02147095620860333,
                          0.11649901205862269,
                          0.06901162100598275,
                          0.1426707703543172]]}]}
load_tensorflow_graph: path = tensorflow/mario-model-simple-2019-07-17/frozen_inference_graph.pb
object_detection_graph = <tensorflow.python.framework.ops.Graph object at 0x7fdc477e3dd8>
Doing start sequence
Sleeping one second
sending start
sending empty
Found black world screen for the second time. exiting.



Seconds left: 1
Moves to the right: 37
