pygame 1.9.6
Hello from the pygame community. https://www.pygame.org/contribute.html
Loading neural net from gameplay_neural_nets/162/5.nn
net = {'generation': 147,
 'inputs': [],
 'layers': [{'activation': 'sigmoid',
             'bias': [0.020704381524859622,
                      -0.054859102944514085,
                      -0.003909249843894593,
                      -0.003537856956307486,
                      -0.020695124998383427,
                      -0.02348615383464176,
                      0.014317468858282053,
                      -0.0016641680318259626],
             'name': 'input',
             'neurons': [],
             'num_neurons': 8,
             'weights': [[0.36646096201037587,
                          0.41897534380154,
                          0.09808893193009913,
                          0.13017162911963004,
                          0.09576649716723042,
                          0.08700948306348058,
                          0.05343509117949305,
                          0.08282634650130187,
                          0.08792416475904953,
                          0.06684554284682417],
                         [0.3780651411075357,
                          0.3649050014527386,
                          0.08289867287655041,
                          0.1205487662065084,
                          0.1440273963867381,
                          0.0753914900410661,
                          0.11158901023783069,
                          0.10945865241834364,
                          0.08218134689587558,
                          0.10570865148677618],
                         [0.34343617368505963,
                          0.4366881101992361,
                          0.06159758162176719,
                          0.04273700866362534,
                          0.09805143514457772,
                          0.10939434780423542,
                          0.08558181131124107,
                          0.11727676439679162,
                          0.10703425656848858,
                          0.07493483269730711],
                         [0.392077967208293,
                          0.40489592835013544,
                          0.09502552396377685,
                          0.10036182925152738,
                          0.06479730818960228,
                          0.07647176084368655,
                          0.06786212051891816,
                          0.14366132934257722,
                          0.13741971094064273,
                          0.12564284489140654],
                         [0.4229314807228292,
                          0.420069316308296,
                          0.0641271347249159,
                          0.11866523464604835,
                          0.09861070919164697,
                          0.15094024081269597,
                          0.13214414400611296,
                          0.14389777277863885,
                          0.07900435815078807,
                          0.06640960799471772],
                         [0.36139512212401126,
                          0.41634630307905823,
                          0.06335865238742139,
                          0.0796902440221886,
                          0.06267272061990031,
                          0.07574995916525604,
                          0.10233943512503328,
                          0.09182057526352277,
                          0.1323082426921964,
                          0.10914446064333956],
                         [0.3439862441351027,
                          0.3935023583609697,
                          0.12289274772295332,
                          0.07830852910288202,
                          0.1137489495605555,
                          0.11763789769594805,
                          0.1135617042944186,
                          0.09266776884828641,
                          0.10669539226941999,
                          0.03676731416566735],
                         [0.3737521861574365,
                          0.42738783001424213,
                          0.059951192685924984,
                          0.07661520747670993,
                          0.11708163357876918,
                          0.05431441556711607,
                          0.07573149526105209,
                          0.13862349483251585,
                          0.12642079437537043,
                          0.08554551950683485]]},
            {'activation': 'sigmoid',
             'bias': [-0.03362657952131981,
                      0.10053783602490289,
                      -0.021913834611193513,
                      -0.0026789515918627157,
                      0.0074518536468590555],
             'name': 'output',
             'neurons': [],
             'num_neurons': 5,
             'weights': [[0.03338456946016273,
                          0.07574409333309132,
                          0.07569507685326192,
                          0.03725365489853763,
                          0.11499453449518003,
                          0.1558499676412641,
                          0.12141539833596127,
                          0.1210986261207911],
                         [0.051177472671960586,
                          0.05479351028655487,
                          0.09071497939208695,
                          0.15859403388479576,
                          0.1288638340638133,
                          0.06382039966106567,
                          0.03768745779903795,
                          0.15069813204950486],
                         [0.1231272066134878,
                          0.09467898328449544,
                          0.0994196349702292,
                          0.0706927974740734,
                          0.04901479066660043,
                          0.1096084149972441,
                          0.1388708359348532,
                          0.0823134946890437],
                         [0.08381595026669748,
                          0.08254196058532813,
                          0.1460208185167527,
                          0.055758392827382916,
                          0.16545686003617258,
                          0.09309152289522156,
                          0.0641197490792163,
                          0.09385899509132901],
                         [0.13292417220252375,
                          0.09519515041374677,
                          0.15280692486847303,
                          0.03610884776333385,
                          0.19445808019962552,
                          0.12113125652961958,
                          0.07275106400596142,
                          0.10484319709233367],
                         [0.09128574455684152,
                          0.13335870273197534,
                          0.14589108024706848,
                          0.0873598982519468,
                          0.014115469107209448,
                          0.11679175233936173,
                          0.07104251348852647,
                          0.14371113032446953]]}]}
{'generation': 147,
 'inputs': [],
 'layers': [{'activation': 'sigmoid',
             'bias': [0.020704381524859622,
                      -0.054859102944514085,
                      -0.003909249843894593,
                      -0.003537856956307486,
                      -0.020695124998383427,
                      -0.02348615383464176,
                      0.014317468858282053,
                      -0.0016641680318259626],
             'name': 'input',
             'neurons': [<gameplay.Neuron object at 0x7fa5eadf1860>,
                         <gameplay.Neuron object at 0x7fa5eadf1828>,
                         <gameplay.Neuron object at 0x7fa5eadf1240>,
                         <gameplay.Neuron object at 0x7fa5eadf1b00>,
                         <gameplay.Neuron object at 0x7fa5eadf1ba8>,
                         <gameplay.Neuron object at 0x7fa5eadf1b38>,
                         <gameplay.Neuron object at 0x7fa5eadf1c88>,
                         <gameplay.Neuron object at 0x7fa5eadf1c50>],
             'num_neurons': 8,
             'weights': [[0.36646096201037587,
                          0.41897534380154,
                          0.09808893193009913,
                          0.13017162911963004,
                          0.09576649716723042,
                          0.08700948306348058,
                          0.05343509117949305,
                          0.08282634650130187,
                          0.08792416475904953,
                          0.06684554284682417],
                         [0.3780651411075357,
                          0.3649050014527386,
                          0.08289867287655041,
                          0.1205487662065084,
                          0.1440273963867381,
                          0.0753914900410661,
                          0.11158901023783069,
                          0.10945865241834364,
                          0.08218134689587558,
                          0.10570865148677618],
                         [0.34343617368505963,
                          0.4366881101992361,
                          0.06159758162176719,
                          0.04273700866362534,
                          0.09805143514457772,
                          0.10939434780423542,
                          0.08558181131124107,
                          0.11727676439679162,
                          0.10703425656848858,
                          0.07493483269730711],
                         [0.392077967208293,
                          0.40489592835013544,
                          0.09502552396377685,
                          0.10036182925152738,
                          0.06479730818960228,
                          0.07647176084368655,
                          0.06786212051891816,
                          0.14366132934257722,
                          0.13741971094064273,
                          0.12564284489140654],
                         [0.4229314807228292,
                          0.420069316308296,
                          0.0641271347249159,
                          0.11866523464604835,
                          0.09861070919164697,
                          0.15094024081269597,
                          0.13214414400611296,
                          0.14389777277863885,
                          0.07900435815078807,
                          0.06640960799471772],
                         [0.36139512212401126,
                          0.41634630307905823,
                          0.06335865238742139,
                          0.0796902440221886,
                          0.06267272061990031,
                          0.07574995916525604,
                          0.10233943512503328,
                          0.09182057526352277,
                          0.1323082426921964,
                          0.10914446064333956],
                         [0.3439862441351027,
                          0.3935023583609697,
                          0.12289274772295332,
                          0.07830852910288202,
                          0.1137489495605555,
                          0.11763789769594805,
                          0.1135617042944186,
                          0.09266776884828641,
                          0.10669539226941999,
                          0.03676731416566735],
                         [0.3737521861574365,
                          0.42738783001424213,
                          0.059951192685924984,
                          0.07661520747670993,
                          0.11708163357876918,
                          0.05431441556711607,
                          0.07573149526105209,
                          0.13862349483251585,
                          0.12642079437537043,
                          0.08554551950683485]]},
            {'activation': 'sigmoid',
             'bias': [-0.03362657952131981,
                      0.10053783602490289,
                      -0.021913834611193513,
                      -0.0026789515918627157,
                      0.0074518536468590555],
             'name': 'output',
             'neurons': [<gameplay.Neuron object at 0x7fa5eadf1cc0>,
                         <gameplay.Neuron object at 0x7fa5eadf1cf8>,
                         <gameplay.Neuron object at 0x7fa5eadf1d68>,
                         <gameplay.Neuron object at 0x7fa5eadf1d30>,
                         <gameplay.Neuron object at 0x7fa5eadf1da0>],
             'num_neurons': 5,
             'weights': [[0.03338456946016273,
                          0.07574409333309132,
                          0.07569507685326192,
                          0.03725365489853763,
                          0.11499453449518003,
                          0.1558499676412641,
                          0.12141539833596127,
                          0.1210986261207911],
                         [0.051177472671960586,
                          0.05479351028655487,
                          0.09071497939208695,
                          0.15859403388479576,
                          0.1288638340638133,
                          0.06382039966106567,
                          0.03768745779903795,
                          0.15069813204950486],
                         [0.1231272066134878,
                          0.09467898328449544,
                          0.0994196349702292,
                          0.0706927974740734,
                          0.04901479066660043,
                          0.1096084149972441,
                          0.1388708359348532,
                          0.0823134946890437],
                         [0.08381595026669748,
                          0.08254196058532813,
                          0.1460208185167527,
                          0.055758392827382916,
                          0.16545686003617258,
                          0.09309152289522156,
                          0.0641197490792163,
                          0.09385899509132901],
                         [0.13292417220252375,
                          0.09519515041374677,
                          0.15280692486847303,
                          0.03610884776333385,
                          0.19445808019962552,
                          0.12113125652961958,
                          0.07275106400596142,
                          0.10484319709233367],
                         [0.09128574455684152,
                          0.13335870273197534,
                          0.14589108024706848,
                          0.0873598982519468,
                          0.014115469107209448,
                          0.11679175233936173,
                          0.07104251348852647,
                          0.14371113032446953]]}]}
load_tensorflow_graph: path = tensorflow/mario-model-simple-2019-07-17/frozen_inference_graph.pb
object_detection_graph = <tensorflow.python.framework.ops.Graph object at 0x7fa5eadf1e48>
Doing start sequence
Sleeping one second
sending start
sending empty
Found black world screen for the second time. exiting.



Seconds left: 393
Moves to the right: 14
