pygame 1.9.6
Hello from the pygame community. https://www.pygame.org/contribute.html
Loading neural net from gameplay_neural_nets/64/6.nn
net = {'generation': 60,
 'inputs': [],
 'layers': [{'activation': 'sigmoid',
             'bias': [0.01678655380315621,
                      -0.013930688324724346,
                      0.005732302121586225,
                      -0.02697758713114439,
                      0.018850628565641497,
                      -0.021705183445287976,
                      0.010179661769484812,
                      -0.02351020011142419],
             'name': 'input',
             'neurons': [],
             'num_neurons': 8,
             'weights': [[0.37560032396263066,
                          0.3977118511646068,
                          0.11444045119983927,
                          0.13156897760372505,
                          0.10986724301567748,
                          0.09115690130648306,
                          0.10005644466592625,
                          0.11011966026813513,
                          0.09621922022697678,
                          0.09102318395360219],
                         [0.36855085779247415,
                          0.3832357737832073,
                          0.10149211574448498,
                          0.0990519925690675,
                          0.09248250573582642,
                          0.08610263078793642,
                          0.11079908822923985,
                          0.0868558991935834,
                          0.0950222619758795,
                          0.11011313427480286],
                         [0.3679428162231866,
                          0.4329430794962622,
                          0.09987958832014697,
                          0.08334767396113829,
                          0.11484127720051159,
                          0.10882278974165667,
                          0.09931272530936387,
                          0.09252934625016905,
                          0.12623128003865183,
                          0.08460871164665149],
                         [0.407034497807641,
                          0.40476929242543247,
                          0.09798148596939799,
                          0.10467826425141717,
                          0.0702485278871123,
                          0.10899535144703885,
                          0.0955862093694325,
                          0.11335697494955965,
                          0.07395573572681069,
                          0.1278130390380638],
                         [0.37706203163323704,
                          0.40007152815017877,
                          0.05537179039838335,
                          0.11731205827286859,
                          0.09145653348118633,
                          0.11013014227808038,
                          0.11376357768941106,
                          0.12442522301186255,
                          0.08841939121916305,
                          0.0691214511651125],
                         [0.35351371657839015,
                          0.3994881861772267,
                          0.0698125623144632,
                          0.10074119350551484,
                          0.10733891452937994,
                          0.0843784112822679,
                          0.09650541114789028,
                          0.1099837239371414,
                          0.12159803670227769,
                          0.10978090040985913],
                         [0.3950079398974611,
                          0.37897381550341375,
                          0.12550698855099376,
                          0.057850973763987235,
                          0.11359481880603982,
                          0.08679392250814724,
                          0.09067804163875563,
                          0.12066818196857328,
                          0.09789284928002874,
                          0.06987159957851186],
                         [0.3977051246600087,
                          0.41200909229862615,
                          0.06901225533241262,
                          0.06440428713681134,
                          0.12370422039598157,
                          0.06210239357957002,
                          0.06734883016829181,
                          0.14646598266274283,
                          0.08738948339607483,
                          0.08395835706650763]]},
            {'activation': 'sigmoid',
             'bias': [-0.018785206945570544,
                      0.027104558962656945,
                      0.008536859559638814,
                      0.0034123019815099197,
                      0.024946040244860974],
             'name': 'output',
             'neurons': [],
             'num_neurons': 5,
             'weights': [[0.07643109219979309,
                          0.0878001858456932,
                          0.10512316091695909,
                          0.07092214502086366,
                          0.1030630687764186,
                          0.12804258842654104,
                          0.13034773377342562,
                          0.0890376467553058],
                         [0.06821201694907761,
                          0.07372015858910437,
                          0.0725366985237547,
                          0.13948819443689936,
                          0.08321283139087085,
                          0.0851170753985076,
                          0.07793416483166672,
                          0.15153693657984763],
                         [0.10477903015496974,
                          0.08029404857421729,
                          0.12123522645591026,
                          0.09861692629000034,
                          0.09616508905939132,
                          0.10639357448400007,
                          0.13365550470536636,
                          0.07883805572129263],
                         [0.10076665320710475,
                          0.08086933610187369,
                          0.10912661579026721,
                          0.06778847567871392,
                          0.12296400307683586,
                          0.11874454518416284,
                          0.09865841499184964,
                          0.09987963484130377],
                         [0.11837189699353864,
                          0.09703801582688407,
                          0.129426518295585,
                          0.06805661040273576,
                          0.14766894845760822,
                          0.11548829590528432,
                          0.10083436774805508,
                          0.09170927788042978],
                         [0.0980856612567651,
                          0.12553210568008139,
                          0.12581408663049665,
                          0.09270498071799094,
                          0.07510050457980293,
                          0.1120578236916154,
                          0.09084516138495577,
                          0.10796607943048558]]}]}
{'generation': 60,
 'inputs': [],
 'layers': [{'activation': 'sigmoid',
             'bias': [0.01678655380315621,
                      -0.013930688324724346,
                      0.005732302121586225,
                      -0.02697758713114439,
                      0.018850628565641497,
                      -0.021705183445287976,
                      0.010179661769484812,
                      -0.02351020011142419],
             'name': 'input',
             'neurons': [<gameplay.Neuron object at 0x7f24480ee7f0>,
                         <gameplay.Neuron object at 0x7f24480ee7b8>,
                         <gameplay.Neuron object at 0x7f24480ee1d0>,
                         <gameplay.Neuron object at 0x7f24480eea90>,
                         <gameplay.Neuron object at 0x7f24480eeb38>,
                         <gameplay.Neuron object at 0x7f24480eeac8>,
                         <gameplay.Neuron object at 0x7f24480eec18>,
                         <gameplay.Neuron object at 0x7f24480eebe0>],
             'num_neurons': 8,
             'weights': [[0.37560032396263066,
                          0.3977118511646068,
                          0.11444045119983927,
                          0.13156897760372505,
                          0.10986724301567748,
                          0.09115690130648306,
                          0.10005644466592625,
                          0.11011966026813513,
                          0.09621922022697678,
                          0.09102318395360219],
                         [0.36855085779247415,
                          0.3832357737832073,
                          0.10149211574448498,
                          0.0990519925690675,
                          0.09248250573582642,
                          0.08610263078793642,
                          0.11079908822923985,
                          0.0868558991935834,
                          0.0950222619758795,
                          0.11011313427480286],
                         [0.3679428162231866,
                          0.4329430794962622,
                          0.09987958832014697,
                          0.08334767396113829,
                          0.11484127720051159,
                          0.10882278974165667,
                          0.09931272530936387,
                          0.09252934625016905,
                          0.12623128003865183,
                          0.08460871164665149],
                         [0.407034497807641,
                          0.40476929242543247,
                          0.09798148596939799,
                          0.10467826425141717,
                          0.0702485278871123,
                          0.10899535144703885,
                          0.0955862093694325,
                          0.11335697494955965,
                          0.07395573572681069,
                          0.1278130390380638],
                         [0.37706203163323704,
                          0.40007152815017877,
                          0.05537179039838335,
                          0.11731205827286859,
                          0.09145653348118633,
                          0.11013014227808038,
                          0.11376357768941106,
                          0.12442522301186255,
                          0.08841939121916305,
                          0.0691214511651125],
                         [0.35351371657839015,
                          0.3994881861772267,
                          0.0698125623144632,
                          0.10074119350551484,
                          0.10733891452937994,
                          0.0843784112822679,
                          0.09650541114789028,
                          0.1099837239371414,
                          0.12159803670227769,
                          0.10978090040985913],
                         [0.3950079398974611,
                          0.37897381550341375,
                          0.12550698855099376,
                          0.057850973763987235,
                          0.11359481880603982,
                          0.08679392250814724,
                          0.09067804163875563,
                          0.12066818196857328,
                          0.09789284928002874,
                          0.06987159957851186],
                         [0.3977051246600087,
                          0.41200909229862615,
                          0.06901225533241262,
                          0.06440428713681134,
                          0.12370422039598157,
                          0.06210239357957002,
                          0.06734883016829181,
                          0.14646598266274283,
                          0.08738948339607483,
                          0.08395835706650763]]},
            {'activation': 'sigmoid',
             'bias': [-0.018785206945570544,
                      0.027104558962656945,
                      0.008536859559638814,
                      0.0034123019815099197,
                      0.024946040244860974],
             'name': 'output',
             'neurons': [<gameplay.Neuron object at 0x7f24480eec50>,
                         <gameplay.Neuron object at 0x7f24480eec88>,
                         <gameplay.Neuron object at 0x7f24480eecf8>,
                         <gameplay.Neuron object at 0x7f24480eecc0>,
                         <gameplay.Neuron object at 0x7f24480eed30>],
             'num_neurons': 5,
             'weights': [[0.07643109219979309,
                          0.0878001858456932,
                          0.10512316091695909,
                          0.07092214502086366,
                          0.1030630687764186,
                          0.12804258842654104,
                          0.13034773377342562,
                          0.0890376467553058],
                         [0.06821201694907761,
                          0.07372015858910437,
                          0.0725366985237547,
                          0.13948819443689936,
                          0.08321283139087085,
                          0.0851170753985076,
                          0.07793416483166672,
                          0.15153693657984763],
                         [0.10477903015496974,
                          0.08029404857421729,
                          0.12123522645591026,
                          0.09861692629000034,
                          0.09616508905939132,
                          0.10639357448400007,
                          0.13365550470536636,
                          0.07883805572129263],
                         [0.10076665320710475,
                          0.08086933610187369,
                          0.10912661579026721,
                          0.06778847567871392,
                          0.12296400307683586,
                          0.11874454518416284,
                          0.09865841499184964,
                          0.09987963484130377],
                         [0.11837189699353864,
                          0.09703801582688407,
                          0.129426518295585,
                          0.06805661040273576,
                          0.14766894845760822,
                          0.11548829590528432,
                          0.10083436774805508,
                          0.09170927788042978],
                         [0.0980856612567651,
                          0.12553210568008139,
                          0.12581408663049665,
                          0.09270498071799094,
                          0.07510050457980293,
                          0.1120578236916154,
                          0.09084516138495577,
                          0.10796607943048558]]}]}
load_tensorflow_graph: path = tensorflow/mario-model-simple-2019-07-17/frozen_inference_graph.pb
object_detection_graph = <tensorflow.python.framework.ops.Graph object at 0x7f24480eedd8>
Doing start sequence
Sleeping one second
sending start
sending empty
Found black world screen for the second time. exiting.



Seconds left: 393
Moves to the right: 18
