pygame 1.9.6
Hello from the pygame community. https://www.pygame.org/contribute.html
Loading neural net from gameplay_neural_nets/62/10.nn
net = {'generation': 58,
 'inputs': [],
 'layers': [{'activation': 'sigmoid',
             'bias': [0.01935517313880919,
                      -0.013930688324724346,
                      0.004580371881530274,
                      -0.01910999266813606,
                      0.021387884754327256,
                      -0.021705183445287976,
                      0.005502854046648972,
                      -0.017951992592050756],
             'name': 'input',
             'neurons': [],
             'num_neurons': 8,
             'weights': [[0.3749000038622045,
                          0.3977118511646068,
                          0.11444045119983927,
                          0.13156897760372505,
                          0.11142394821763765,
                          0.09115690130648306,
                          0.10005644466592625,
                          0.11011966026813513,
                          0.09621922022697678,
                          0.08880472709827263],
                         [0.36855085779247415,
                          0.3907603624289263,
                          0.10149211574448498,
                          0.0990519925690675,
                          0.09267661978768713,
                          0.09521446097358542,
                          0.1091494225561256,
                          0.0914020957292434,
                          0.09871844650898562,
                          0.10634603135903695],
                         [0.37306867615333217,
                          0.43158980820911935,
                          0.1033278413292542,
                          0.07635838229325458,
                          0.106696696450125,
                          0.10882278974165667,
                          0.08607638640690674,
                          0.09252934625016905,
                          0.12113628481873538,
                          0.08583967686590582],
                         [0.407034497807641,
                          0.4055208418941509,
                          0.09759473874652638,
                          0.10901247359069678,
                          0.0870693582863855,
                          0.10206114340830404,
                          0.0955862093694325,
                          0.11900475368980265,
                          0.07395573572681069,
                          0.11985989300044615],
                         [0.37706203163323704,
                          0.4065747969799855,
                          0.05537179039838335,
                          0.10966650531680433,
                          0.08978660431461423,
                          0.11889856289028734,
                          0.10542566545418516,
                          0.12442522301186255,
                          0.08841939121916305,
                          0.0691214511651125],
                         [0.3589364329007303,
                          0.3994881861772267,
                          0.07126157907406368,
                          0.10074119350551484,
                          0.10733891452937994,
                          0.09267512217485054,
                          0.0910736056022215,
                          0.10294653769551884,
                          0.12159803670227769,
                          0.10337585763128743],
                         [0.3883591857150018,
                          0.379073466806708,
                          0.11951122271341312,
                          0.057850973763987235,
                          0.11359481880603982,
                          0.08679392250814724,
                          0.08232516354717898,
                          0.12066818196857328,
                          0.09789284928002874,
                          0.06987159957851186],
                         [0.40657267841493444,
                          0.40472796063132743,
                          0.06901225533241262,
                          0.06704707525814875,
                          0.11851516006284579,
                          0.06719651089449824,
                          0.06734883016829181,
                          0.14646598266274283,
                          0.08738948339607483,
                          0.08395835706650763]]},
            {'activation': 'sigmoid',
             'bias': [-0.0253686975023235,
                      0.027104558962656945,
                      0.009040203640723176,
                      0.01121214158955033,
                      0.024946040244860974],
             'name': 'output',
             'neurons': [],
             'num_neurons': 5,
             'weights': [[0.06682694108988135,
                          0.0878001858456932,
                          0.10512316091695909,
                          0.07092214502086366,
                          0.10118706020640734,
                          0.12546407105446483,
                          0.13034773377342562,
                          0.09168090788446434],
                         [0.06821201694907761,
                          0.07372015858910437,
                          0.06682403605986116,
                          0.13443403456273698,
                          0.08321283139087085,
                          0.08986221994544216,
                          0.06939906232132498,
                          0.1436356677793857],
                         [0.11634531761733524,
                          0.08029404857421729,
                          0.11448728032795304,
                          0.09861692629000034,
                          0.09616508905939132,
                          0.10639357448400007,
                          0.1259656482467037,
                          0.07883805572129263],
                         [0.10076665320710475,
                          0.08271439351914596,
                          0.11195581274889285,
                          0.0746143366243874,
                          0.11687462319117747,
                          0.11874454518416284,
                          0.10550967686213421,
                          0.09987963484130377],
                         [0.11837189699353864,
                          0.09703801582688407,
                          0.12595050413124237,
                          0.06805661040273576,
                          0.14766894845760822,
                          0.11594044486990218,
                          0.10083436774805508,
                          0.10536701968950483],
                         [0.10262537724319053,
                          0.12043316969600028,
                          0.12581408663049665,
                          0.09484694265520574,
                          0.07510050457980293,
                          0.11516437134728197,
                          0.09084516138495577,
                          0.11766996752486836]]}]}
{'generation': 58,
 'inputs': [],
 'layers': [{'activation': 'sigmoid',
             'bias': [0.01935517313880919,
                      -0.013930688324724346,
                      0.004580371881530274,
                      -0.01910999266813606,
                      0.021387884754327256,
                      -0.021705183445287976,
                      0.005502854046648972,
                      -0.017951992592050756],
             'name': 'input',
             'neurons': [<gameplay.Neuron object at 0x7fa123f2c860>,
                         <gameplay.Neuron object at 0x7fa123f2c828>,
                         <gameplay.Neuron object at 0x7fa123f2c240>,
                         <gameplay.Neuron object at 0x7fa123f2cb00>,
                         <gameplay.Neuron object at 0x7fa123f2cba8>,
                         <gameplay.Neuron object at 0x7fa123f2cb38>,
                         <gameplay.Neuron object at 0x7fa123f2cc88>,
                         <gameplay.Neuron object at 0x7fa123f2cc50>],
             'num_neurons': 8,
             'weights': [[0.3749000038622045,
                          0.3977118511646068,
                          0.11444045119983927,
                          0.13156897760372505,
                          0.11142394821763765,
                          0.09115690130648306,
                          0.10005644466592625,
                          0.11011966026813513,
                          0.09621922022697678,
                          0.08880472709827263],
                         [0.36855085779247415,
                          0.3907603624289263,
                          0.10149211574448498,
                          0.0990519925690675,
                          0.09267661978768713,
                          0.09521446097358542,
                          0.1091494225561256,
                          0.0914020957292434,
                          0.09871844650898562,
                          0.10634603135903695],
                         [0.37306867615333217,
                          0.43158980820911935,
                          0.1033278413292542,
                          0.07635838229325458,
                          0.106696696450125,
                          0.10882278974165667,
                          0.08607638640690674,
                          0.09252934625016905,
                          0.12113628481873538,
                          0.08583967686590582],
                         [0.407034497807641,
                          0.4055208418941509,
                          0.09759473874652638,
                          0.10901247359069678,
                          0.0870693582863855,
                          0.10206114340830404,
                          0.0955862093694325,
                          0.11900475368980265,
                          0.07395573572681069,
                          0.11985989300044615],
                         [0.37706203163323704,
                          0.4065747969799855,
                          0.05537179039838335,
                          0.10966650531680433,
                          0.08978660431461423,
                          0.11889856289028734,
                          0.10542566545418516,
                          0.12442522301186255,
                          0.08841939121916305,
                          0.0691214511651125],
                         [0.3589364329007303,
                          0.3994881861772267,
                          0.07126157907406368,
                          0.10074119350551484,
                          0.10733891452937994,
                          0.09267512217485054,
                          0.0910736056022215,
                          0.10294653769551884,
                          0.12159803670227769,
                          0.10337585763128743],
                         [0.3883591857150018,
                          0.379073466806708,
                          0.11951122271341312,
                          0.057850973763987235,
                          0.11359481880603982,
                          0.08679392250814724,
                          0.08232516354717898,
                          0.12066818196857328,
                          0.09789284928002874,
                          0.06987159957851186],
                         [0.40657267841493444,
                          0.40472796063132743,
                          0.06901225533241262,
                          0.06704707525814875,
                          0.11851516006284579,
                          0.06719651089449824,
                          0.06734883016829181,
                          0.14646598266274283,
                          0.08738948339607483,
                          0.08395835706650763]]},
            {'activation': 'sigmoid',
             'bias': [-0.0253686975023235,
                      0.027104558962656945,
                      0.009040203640723176,
                      0.01121214158955033,
                      0.024946040244860974],
             'name': 'output',
             'neurons': [<gameplay.Neuron object at 0x7fa123f2ccc0>,
                         <gameplay.Neuron object at 0x7fa123f2ccf8>,
                         <gameplay.Neuron object at 0x7fa123f2cd68>,
                         <gameplay.Neuron object at 0x7fa123f2cd30>,
                         <gameplay.Neuron object at 0x7fa123f2cda0>],
             'num_neurons': 5,
             'weights': [[0.06682694108988135,
                          0.0878001858456932,
                          0.10512316091695909,
                          0.07092214502086366,
                          0.10118706020640734,
                          0.12546407105446483,
                          0.13034773377342562,
                          0.09168090788446434],
                         [0.06821201694907761,
                          0.07372015858910437,
                          0.06682403605986116,
                          0.13443403456273698,
                          0.08321283139087085,
                          0.08986221994544216,
                          0.06939906232132498,
                          0.1436356677793857],
                         [0.11634531761733524,
                          0.08029404857421729,
                          0.11448728032795304,
                          0.09861692629000034,
                          0.09616508905939132,
                          0.10639357448400007,
                          0.1259656482467037,
                          0.07883805572129263],
                         [0.10076665320710475,
                          0.08271439351914596,
                          0.11195581274889285,
                          0.0746143366243874,
                          0.11687462319117747,
                          0.11874454518416284,
                          0.10550967686213421,
                          0.09987963484130377],
                         [0.11837189699353864,
                          0.09703801582688407,
                          0.12595050413124237,
                          0.06805661040273576,
                          0.14766894845760822,
                          0.11594044486990218,
                          0.10083436774805508,
                          0.10536701968950483],
                         [0.10262537724319053,
                          0.12043316969600028,
                          0.12581408663049665,
                          0.09484694265520574,
                          0.07510050457980293,
                          0.11516437134728197,
                          0.09084516138495577,
                          0.11766996752486836]]}]}
load_tensorflow_graph: path = tensorflow/mario-model-simple-2019-07-17/frozen_inference_graph.pb
object_detection_graph = <tensorflow.python.framework.ops.Graph object at 0x7fa123f2ce48>
Doing start sequence
Sleeping one second
sending start
sending empty
Found black world screen for the second time. exiting.



Seconds left: 393
Moves to the right: 17
