pygame 1.9.6
Hello from the pygame community. https://www.pygame.org/contribute.html
Loading neural net from gameplay_neural_nets/62/2.nn
net = {'generation': 58,
 'inputs': [],
 'layers': [{'activation': 'sigmoid',
             'bias': [0.01935517313880919,
                      -0.013930688324724346,
                      0.004580371881530274,
                      -0.01910999266813606,
                      0.021387884754327256,
                      -0.020295472456324334,
                      0.010179661769484812,
                      -0.02351020011142419],
             'name': 'input',
             'neurons': [],
             'num_neurons': 8,
             'weights': [[0.3749000038622045,
                          0.3977118511646068,
                          0.11829687762080214,
                          0.13156897760372505,
                          0.11142394821763765,
                          0.09115690130648306,
                          0.10005644466592625,
                          0.11011966026813513,
                          0.09621922022697678,
                          0.08880472709827263],
                         [0.3782144573234208,
                          0.399353899460353,
                          0.10149211574448498,
                          0.0990519925690675,
                          0.09248250573582642,
                          0.09521446097358542,
                          0.10915124847553943,
                          0.0914020957292434,
                          0.0950222619758795,
                          0.10796478105900746],
                         [0.37306867615333217,
                          0.43708511919012943,
                          0.09987958832014697,
                          0.07635838229325458,
                          0.11484127720051159,
                          0.1056296695812539,
                          0.08154080894164807,
                          0.09252934625016905,
                          0.12792427177077942,
                          0.08583967686590582],
                         [0.407034497807641,
                          0.39557028609350314,
                          0.09759473874652638,
                          0.11395543546229939,
                          0.0779955958094068,
                          0.10206114340830404,
                          0.0955862093694325,
                          0.11246932801940765,
                          0.07395573572681069,
                          0.11985989300044615],
                         [0.37706203163323704,
                          0.4065747969799855,
                          0.05537179039838335,
                          0.10966650531680433,
                          0.09551384114628277,
                          0.12528712848011564,
                          0.0963119653774281,
                          0.12442522301186255,
                          0.08841939121916305,
                          0.0691214511651125],
                         [0.35492060463540837,
                          0.3994881861772267,
                          0.07209399899966082,
                          0.10074119350551484,
                          0.10733891452937994,
                          0.09267512217485054,
                          0.10895269366329097,
                          0.11524985538065424,
                          0.12159803670227769,
                          0.10978090040985913],
                         [0.3883591857150018,
                          0.379073466806708,
                          0.12482416682601245,
                          0.06674557287902849,
                          0.11359481880603982,
                          0.08679392250814724,
                          0.09067804163875563,
                          0.12066818196857328,
                          0.09789284928002874,
                          0.06987159957851186],
                         [0.40657267841493444,
                          0.4088524907675524,
                          0.06901225533241262,
                          0.06704707525814875,
                          0.11851516006284579,
                          0.06719651089449824,
                          0.05826650646141907,
                          0.14646598266274283,
                          0.08738948339607483,
                          0.08395835706650763]]},
            {'activation': 'sigmoid',
             'bias': [-0.0253686975023235,
                      0.02539226797886602,
                      0.015922098826907996,
                      0.01121214158955033,
                      0.024946040244860974],
             'name': 'output',
             'neurons': [],
             'num_neurons': 5,
             'weights': [[0.07643109219979309,
                          0.0878001858456932,
                          0.10512316091695909,
                          0.07092214502086366,
                          0.10118706020640734,
                          0.12546407105446483,
                          0.13034773377342562,
                          0.09168090788446434],
                         [0.06821201694907761,
                          0.07372015858910437,
                          0.07123522632088602,
                          0.13443403456273698,
                          0.08321283139087085,
                          0.10124600632236387,
                          0.07793416483166672,
                          0.1436356677793857],
                         [0.11177114576267996,
                          0.08029404857421729,
                          0.11448728032795304,
                          0.09861692629000034,
                          0.10490168495682588,
                          0.10211134715013381,
                          0.1259656482467037,
                          0.07883805572129263],
                         [0.10076665320710475,
                          0.08271439351914596,
                          0.10982576805839336,
                          0.0746143366243874,
                          0.11687462319117747,
                          0.11874454518416284,
                          0.10550967686213421,
                          0.09987963484130377],
                         [0.11443384244078579,
                          0.09703801582688407,
                          0.12595050413124237,
                          0.06670802501041585,
                          0.14766894845760822,
                          0.10699853572605744,
                          0.10083436774805508,
                          0.09885915415970958],
                         [0.09505254192566612,
                          0.1292439002232123,
                          0.12581408663049665,
                          0.09484694265520574,
                          0.07558432444887442,
                          0.11516437134728197,
                          0.09084516138495577,
                          0.11766996752486836]]}]}
{'generation': 58,
 'inputs': [],
 'layers': [{'activation': 'sigmoid',
             'bias': [0.01935517313880919,
                      -0.013930688324724346,
                      0.004580371881530274,
                      -0.01910999266813606,
                      0.021387884754327256,
                      -0.020295472456324334,
                      0.010179661769484812,
                      -0.02351020011142419],
             'name': 'input',
             'neurons': [<gameplay.Neuron object at 0x7fc33a684860>,
                         <gameplay.Neuron object at 0x7fc33a684828>,
                         <gameplay.Neuron object at 0x7fc33a684240>,
                         <gameplay.Neuron object at 0x7fc33a684b00>,
                         <gameplay.Neuron object at 0x7fc33a684ba8>,
                         <gameplay.Neuron object at 0x7fc33a684b38>,
                         <gameplay.Neuron object at 0x7fc33a684c88>,
                         <gameplay.Neuron object at 0x7fc33a684c50>],
             'num_neurons': 8,
             'weights': [[0.3749000038622045,
                          0.3977118511646068,
                          0.11829687762080214,
                          0.13156897760372505,
                          0.11142394821763765,
                          0.09115690130648306,
                          0.10005644466592625,
                          0.11011966026813513,
                          0.09621922022697678,
                          0.08880472709827263],
                         [0.3782144573234208,
                          0.399353899460353,
                          0.10149211574448498,
                          0.0990519925690675,
                          0.09248250573582642,
                          0.09521446097358542,
                          0.10915124847553943,
                          0.0914020957292434,
                          0.0950222619758795,
                          0.10796478105900746],
                         [0.37306867615333217,
                          0.43708511919012943,
                          0.09987958832014697,
                          0.07635838229325458,
                          0.11484127720051159,
                          0.1056296695812539,
                          0.08154080894164807,
                          0.09252934625016905,
                          0.12792427177077942,
                          0.08583967686590582],
                         [0.407034497807641,
                          0.39557028609350314,
                          0.09759473874652638,
                          0.11395543546229939,
                          0.0779955958094068,
                          0.10206114340830404,
                          0.0955862093694325,
                          0.11246932801940765,
                          0.07395573572681069,
                          0.11985989300044615],
                         [0.37706203163323704,
                          0.4065747969799855,
                          0.05537179039838335,
                          0.10966650531680433,
                          0.09551384114628277,
                          0.12528712848011564,
                          0.0963119653774281,
                          0.12442522301186255,
                          0.08841939121916305,
                          0.0691214511651125],
                         [0.35492060463540837,
                          0.3994881861772267,
                          0.07209399899966082,
                          0.10074119350551484,
                          0.10733891452937994,
                          0.09267512217485054,
                          0.10895269366329097,
                          0.11524985538065424,
                          0.12159803670227769,
                          0.10978090040985913],
                         [0.3883591857150018,
                          0.379073466806708,
                          0.12482416682601245,
                          0.06674557287902849,
                          0.11359481880603982,
                          0.08679392250814724,
                          0.09067804163875563,
                          0.12066818196857328,
                          0.09789284928002874,
                          0.06987159957851186],
                         [0.40657267841493444,
                          0.4088524907675524,
                          0.06901225533241262,
                          0.06704707525814875,
                          0.11851516006284579,
                          0.06719651089449824,
                          0.05826650646141907,
                          0.14646598266274283,
                          0.08738948339607483,
                          0.08395835706650763]]},
            {'activation': 'sigmoid',
             'bias': [-0.0253686975023235,
                      0.02539226797886602,
                      0.015922098826907996,
                      0.01121214158955033,
                      0.024946040244860974],
             'name': 'output',
             'neurons': [<gameplay.Neuron object at 0x7fc33a684cc0>,
                         <gameplay.Neuron object at 0x7fc33a684cf8>,
                         <gameplay.Neuron object at 0x7fc33a684d68>,
                         <gameplay.Neuron object at 0x7fc33a684d30>,
                         <gameplay.Neuron object at 0x7fc33a684da0>],
             'num_neurons': 5,
             'weights': [[0.07643109219979309,
                          0.0878001858456932,
                          0.10512316091695909,
                          0.07092214502086366,
                          0.10118706020640734,
                          0.12546407105446483,
                          0.13034773377342562,
                          0.09168090788446434],
                         [0.06821201694907761,
                          0.07372015858910437,
                          0.07123522632088602,
                          0.13443403456273698,
                          0.08321283139087085,
                          0.10124600632236387,
                          0.07793416483166672,
                          0.1436356677793857],
                         [0.11177114576267996,
                          0.08029404857421729,
                          0.11448728032795304,
                          0.09861692629000034,
                          0.10490168495682588,
                          0.10211134715013381,
                          0.1259656482467037,
                          0.07883805572129263],
                         [0.10076665320710475,
                          0.08271439351914596,
                          0.10982576805839336,
                          0.0746143366243874,
                          0.11687462319117747,
                          0.11874454518416284,
                          0.10550967686213421,
                          0.09987963484130377],
                         [0.11443384244078579,
                          0.09703801582688407,
                          0.12595050413124237,
                          0.06670802501041585,
                          0.14766894845760822,
                          0.10699853572605744,
                          0.10083436774805508,
                          0.09885915415970958],
                         [0.09505254192566612,
                          0.1292439002232123,
                          0.12581408663049665,
                          0.09484694265520574,
                          0.07558432444887442,
                          0.11516437134728197,
                          0.09084516138495577,
                          0.11766996752486836]]}]}
load_tensorflow_graph: path = tensorflow/mario-model-simple-2019-07-17/frozen_inference_graph.pb
object_detection_graph = <tensorflow.python.framework.ops.Graph object at 0x7fc33a684e48>
Doing start sequence
Sleeping one second
sending start
sending empty
Found black world screen for the second time. exiting.



Seconds left: 393
Moves to the right: 18
