pygame 1.9.6
Hello from the pygame community. https://www.pygame.org/contribute.html
Loading neural net from gameplay_neural_nets/74/6.nn
net = {'generation': 67,
 'inputs': [],
 'layers': [{'activation': 'sigmoid',
             'bias': [0.014397979743370289,
                      -0.018468801531526587,
                      0.006885366380154242,
                      -0.027307551068131222,
                      0.023298539470344014,
                      -0.03049979023630337,
                      0.010179661769484812,
                      -0.016793396716804826],
             'name': 'input',
             'neurons': [],
             'num_neurons': 8,
             'weights': [[0.3870779395188503,
                          0.40498246202876254,
                          0.12053009611115642,
                          0.13083091156104096,
                          0.10986724301567748,
                          0.08838013343134699,
                          0.10005644466592625,
                          0.11011966026813513,
                          0.08913577210904858,
                          0.0998560950810327],
                         [0.3825790546903861,
                          0.3813118925950652,
                          0.0991597988823857,
                          0.10326363356032722,
                          0.08674878618593784,
                          0.08610263078793642,
                          0.10533679026976715,
                          0.09678779674033725,
                          0.10379646298848591,
                          0.1173259018683045],
                         [0.36924393444960535,
                          0.43429709545002015,
                          0.09054959080502809,
                          0.07583754825847726,
                          0.10974787246084639,
                          0.10882278974165667,
                          0.09681547473086602,
                          0.10074638543382188,
                          0.11384261988090509,
                          0.09138782068620988],
                         [0.407034497807641,
                          0.4055208418941509,
                          0.09952210532441028,
                          0.10008795916261823,
                          0.06775521415564113,
                          0.10588489475465926,
                          0.10061033605817662,
                          0.11335697494955965,
                          0.07667592573163873,
                          0.11433970069176255],
                         [0.3797435589483498,
                          0.394836521314859,
                          0.05537179039838335,
                          0.1262740981049703,
                          0.08747903982961987,
                          0.12587247975683438,
                          0.11070648851969843,
                          0.1259291753658448,
                          0.09579751824589308,
                          0.0691214511651125],
                         [0.3560217857701195,
                          0.4079827094752162,
                          0.08067663938349048,
                          0.10597253080983675,
                          0.10733891452937994,
                          0.08432255240018294,
                          0.10008190810250849,
                          0.11473653666489962,
                          0.12159803670227769,
                          0.11152380751226841],
                         [0.38448122352371344,
                          0.379073466806708,
                          0.1253414542287032,
                          0.060910464005842886,
                          0.10808227398413073,
                          0.08948752262639337,
                          0.0918621461683314,
                          0.13030044943189123,
                          0.09789284928002874,
                          0.07129648294356432],
                         [0.40122493100517626,
                          0.4148260687526146,
                          0.06393446729599575,
                          0.07009659836801592,
                          0.11359265697218932,
                          0.059704159495900515,
                          0.061007677139711315,
                          0.14646598266274283,
                          0.09083526120787355,
                          0.07884210855566011]]},
            {'activation': 'sigmoid',
             'bias': [-0.018785206945570544,
                      0.035558654192804386,
                      0.017302264774801755,
                      0.0001611459296618368,
                      0.020586403528812518],
             'name': 'output',
             'neurons': [],
             'num_neurons': 5,
             'weights': [[0.08259558690733602,
                          0.0878001858456932,
                          0.09854698456228667,
                          0.06708883454587451,
                          0.09047043075076573,
                          0.13034142847838046,
                          0.13034773377342562,
                          0.08353534539231536],
                         [0.07878815850897002,
                          0.08089746280550308,
                          0.06799552732066153,
                          0.14755848690712828,
                          0.0768295096615311,
                          0.0851170753985076,
                          0.07876843198502714,
                          0.15389017291150014],
                         [0.10372209480420222,
                          0.07650295522288146,
                          0.12123522645591026,
                          0.09440831500338859,
                          0.09692459063154832,
                          0.10639357448400007,
                          0.13504703538887158,
                          0.07883805572129263],
                         [0.10981300325109669,
                          0.07532128581288351,
                          0.1159264796113307,
                          0.06778847567871392,
                          0.12462206792070002,
                          0.10671101580408555,
                          0.10550967686213421,
                          0.10595266172074298],
                         [0.11296992008275403,
                          0.1042578634375802,
                          0.13189076304663866,
                          0.06369578133019838,
                          0.15821696877417477,
                          0.11304534094129036,
                          0.10740723719093831,
                          0.09529505400580614],
                         [0.10830828999344363,
                          0.11802023685139723,
                          0.12305003502452366,
                          0.09208118992277374,
                          0.07300361472307641,
                          0.10810298059818593,
                          0.08098212058220519,
                          0.0974571335068417]]}]}
{'generation': 67,
 'inputs': [],
 'layers': [{'activation': 'sigmoid',
             'bias': [0.014397979743370289,
                      -0.018468801531526587,
                      0.006885366380154242,
                      -0.027307551068131222,
                      0.023298539470344014,
                      -0.03049979023630337,
                      0.010179661769484812,
                      -0.016793396716804826],
             'name': 'input',
             'neurons': [<gameplay.Neuron object at 0x7fec16293860>,
                         <gameplay.Neuron object at 0x7fec16293828>,
                         <gameplay.Neuron object at 0x7fec16293240>,
                         <gameplay.Neuron object at 0x7fec16293b00>,
                         <gameplay.Neuron object at 0x7fec16293ba8>,
                         <gameplay.Neuron object at 0x7fec16293b38>,
                         <gameplay.Neuron object at 0x7fec16293c88>,
                         <gameplay.Neuron object at 0x7fec16293c50>],
             'num_neurons': 8,
             'weights': [[0.3870779395188503,
                          0.40498246202876254,
                          0.12053009611115642,
                          0.13083091156104096,
                          0.10986724301567748,
                          0.08838013343134699,
                          0.10005644466592625,
                          0.11011966026813513,
                          0.08913577210904858,
                          0.0998560950810327],
                         [0.3825790546903861,
                          0.3813118925950652,
                          0.0991597988823857,
                          0.10326363356032722,
                          0.08674878618593784,
                          0.08610263078793642,
                          0.10533679026976715,
                          0.09678779674033725,
                          0.10379646298848591,
                          0.1173259018683045],
                         [0.36924393444960535,
                          0.43429709545002015,
                          0.09054959080502809,
                          0.07583754825847726,
                          0.10974787246084639,
                          0.10882278974165667,
                          0.09681547473086602,
                          0.10074638543382188,
                          0.11384261988090509,
                          0.09138782068620988],
                         [0.407034497807641,
                          0.4055208418941509,
                          0.09952210532441028,
                          0.10008795916261823,
                          0.06775521415564113,
                          0.10588489475465926,
                          0.10061033605817662,
                          0.11335697494955965,
                          0.07667592573163873,
                          0.11433970069176255],
                         [0.3797435589483498,
                          0.394836521314859,
                          0.05537179039838335,
                          0.1262740981049703,
                          0.08747903982961987,
                          0.12587247975683438,
                          0.11070648851969843,
                          0.1259291753658448,
                          0.09579751824589308,
                          0.0691214511651125],
                         [0.3560217857701195,
                          0.4079827094752162,
                          0.08067663938349048,
                          0.10597253080983675,
                          0.10733891452937994,
                          0.08432255240018294,
                          0.10008190810250849,
                          0.11473653666489962,
                          0.12159803670227769,
                          0.11152380751226841],
                         [0.38448122352371344,
                          0.379073466806708,
                          0.1253414542287032,
                          0.060910464005842886,
                          0.10808227398413073,
                          0.08948752262639337,
                          0.0918621461683314,
                          0.13030044943189123,
                          0.09789284928002874,
                          0.07129648294356432],
                         [0.40122493100517626,
                          0.4148260687526146,
                          0.06393446729599575,
                          0.07009659836801592,
                          0.11359265697218932,
                          0.059704159495900515,
                          0.061007677139711315,
                          0.14646598266274283,
                          0.09083526120787355,
                          0.07884210855566011]]},
            {'activation': 'sigmoid',
             'bias': [-0.018785206945570544,
                      0.035558654192804386,
                      0.017302264774801755,
                      0.0001611459296618368,
                      0.020586403528812518],
             'name': 'output',
             'neurons': [<gameplay.Neuron object at 0x7fec16293cc0>,
                         <gameplay.Neuron object at 0x7fec16293cf8>,
                         <gameplay.Neuron object at 0x7fec16293d68>,
                         <gameplay.Neuron object at 0x7fec16293d30>,
                         <gameplay.Neuron object at 0x7fec16293da0>],
             'num_neurons': 5,
             'weights': [[0.08259558690733602,
                          0.0878001858456932,
                          0.09854698456228667,
                          0.06708883454587451,
                          0.09047043075076573,
                          0.13034142847838046,
                          0.13034773377342562,
                          0.08353534539231536],
                         [0.07878815850897002,
                          0.08089746280550308,
                          0.06799552732066153,
                          0.14755848690712828,
                          0.0768295096615311,
                          0.0851170753985076,
                          0.07876843198502714,
                          0.15389017291150014],
                         [0.10372209480420222,
                          0.07650295522288146,
                          0.12123522645591026,
                          0.09440831500338859,
                          0.09692459063154832,
                          0.10639357448400007,
                          0.13504703538887158,
                          0.07883805572129263],
                         [0.10981300325109669,
                          0.07532128581288351,
                          0.1159264796113307,
                          0.06778847567871392,
                          0.12462206792070002,
                          0.10671101580408555,
                          0.10550967686213421,
                          0.10595266172074298],
                         [0.11296992008275403,
                          0.1042578634375802,
                          0.13189076304663866,
                          0.06369578133019838,
                          0.15821696877417477,
                          0.11304534094129036,
                          0.10740723719093831,
                          0.09529505400580614],
                         [0.10830828999344363,
                          0.11802023685139723,
                          0.12305003502452366,
                          0.09208118992277374,
                          0.07300361472307641,
                          0.10810298059818593,
                          0.08098212058220519,
                          0.0974571335068417]]}]}
load_tensorflow_graph: path = tensorflow/mario-model-simple-2019-07-17/frozen_inference_graph.pb
object_detection_graph = <tensorflow.python.framework.ops.Graph object at 0x7fec16293e48>
Doing start sequence
Sleeping one second
sending start
sending empty
Found black world screen for the second time. exiting.



Seconds left: 393
Moves to the right: 17
