pygame 1.9.6
Hello from the pygame community. https://www.pygame.org/contribute.html
Loading neural net from gameplay_neural_nets/74/9.nn
net = {'generation': 67,
 'inputs': [],
 'layers': [{'activation': 'sigmoid',
             'bias': [0.020821262072090858,
                      -0.013930688324724346,
                      0.006885366380154242,
                      -0.027307551068131222,
                      0.023298539470344014,
                      -0.020671437077557427,
                      0.010179661769484812,
                      -0.016793396716804826],
             'name': 'input',
             'neurons': [],
             'num_neurons': 8,
             'weights': [[0.3870779395188503,
                          0.4099162045153558,
                          0.11155712369234323,
                          0.13083091156104096,
                          0.10986724301567748,
                          0.08838013343134699,
                          0.10005644466592625,
                          0.11011966026813513,
                          0.08913577210904858,
                          0.0998560950810327],
                         [0.3825790546903861,
                          0.37450165864640766,
                          0.0991597988823857,
                          0.10326363356032722,
                          0.08287274022175536,
                          0.08610263078793642,
                          0.11258925209494698,
                          0.09678779674033725,
                          0.10379646298848591,
                          0.11928466830233064],
                         [0.37047721496730124,
                          0.43429709545002015,
                          0.09604158459898728,
                          0.07583754825847726,
                          0.10922931513171111,
                          0.10882278974165667,
                          0.09681547473086602,
                          0.10074638543382188,
                          0.11999042642244442,
                          0.09138782068620988],
                         [0.407034497807641,
                          0.4055208418941509,
                          0.09952210532441028,
                          0.10212340917712372,
                          0.06775521415564113,
                          0.10588489475465926,
                          0.10418897329430654,
                          0.11335697494955965,
                          0.07667592573163873,
                          0.11433970069176255],
                         [0.3797435589483498,
                          0.394836521314859,
                          0.04608908600742581,
                          0.1262740981049703,
                          0.09145653348118633,
                          0.12587247975683438,
                          0.11070648851969843,
                          0.1240052694104157,
                          0.09579751824589308,
                          0.0691214511651125],
                         [0.3560217857701195,
                          0.4099560658714259,
                          0.08067663938349048,
                          0.09871590769390551,
                          0.10733891452937994,
                          0.08432255240018294,
                          0.10745239195929107,
                          0.11473653666489962,
                          0.12159803670227769,
                          0.1226804214061033],
                         [0.38894744480638965,
                          0.379073466806708,
                          0.11951122271341312,
                          0.06290953391301747,
                          0.10808227398413073,
                          0.09166621607143773,
                          0.08471013757613974,
                          0.13735899939030102,
                          0.09789284928002874,
                          0.08270590409154621],
                         [0.40122493100517626,
                          0.4148260687526146,
                          0.07038206488713694,
                          0.07009659836801592,
                          0.11359265697218932,
                          0.06672347291785721,
                          0.061007677139711315,
                          0.1479958223683771,
                          0.09083526120787355,
                          0.07884210855566011]]},
            {'activation': 'sigmoid',
             'bias': [-0.018785206945570544,
                      0.03499142522956221,
                      0.008536859559638814,
                      0.0001611459296618368,
                      0.020586403528812518],
             'name': 'output',
             'neurons': [],
             'num_neurons': 5,
             'weights': [[0.08259558690733602,
                          0.0878001858456932,
                          0.10512316091695909,
                          0.06708883454587451,
                          0.0982356378847749,
                          0.13034142847838046,
                          0.13034773377342562,
                          0.08353534539231536],
                         [0.07878815850897002,
                          0.08089746280550308,
                          0.06799552732066153,
                          0.14755848690712828,
                          0.07540280995870437,
                          0.0851170753985076,
                          0.07876843198502714,
                          0.15153693657984763],
                         [0.10372209480420222,
                          0.07650295522288146,
                          0.12123522645591026,
                          0.08726617050237215,
                          0.1020522644159023,
                          0.10639357448400007,
                          0.13504703538887158,
                          0.07883805572129263],
                         [0.10656944792502068,
                          0.07532128581288351,
                          0.1159264796113307,
                          0.06778847567871392,
                          0.12462206792070002,
                          0.10671101580408555,
                          0.10550967686213421,
                          0.10595266172074298],
                         [0.11296992008275403,
                          0.10548427580337127,
                          0.13189076304663866,
                          0.06465906226137325,
                          0.15821696877417477,
                          0.11304534094129036,
                          0.10740723719093831,
                          0.09529505400580614],
                         [0.10830828999344363,
                          0.11802023685139723,
                          0.13214105821107056,
                          0.09096107692578456,
                          0.07300361472307641,
                          0.1074210349817514,
                          0.08098212058220519,
                          0.10387341276950325]]}]}
{'generation': 67,
 'inputs': [],
 'layers': [{'activation': 'sigmoid',
             'bias': [0.020821262072090858,
                      -0.013930688324724346,
                      0.006885366380154242,
                      -0.027307551068131222,
                      0.023298539470344014,
                      -0.020671437077557427,
                      0.010179661769484812,
                      -0.016793396716804826],
             'name': 'input',
             'neurons': [<gameplay.Neuron object at 0x7f8a09ca1898>,
                         <gameplay.Neuron object at 0x7f8a09ca1860>,
                         <gameplay.Neuron object at 0x7f8a09ca1278>,
                         <gameplay.Neuron object at 0x7f8a09ca1b38>,
                         <gameplay.Neuron object at 0x7f8a09ca1be0>,
                         <gameplay.Neuron object at 0x7f8a09ca1b70>,
                         <gameplay.Neuron object at 0x7f8a09ca1cc0>,
                         <gameplay.Neuron object at 0x7f8a09ca1c88>],
             'num_neurons': 8,
             'weights': [[0.3870779395188503,
                          0.4099162045153558,
                          0.11155712369234323,
                          0.13083091156104096,
                          0.10986724301567748,
                          0.08838013343134699,
                          0.10005644466592625,
                          0.11011966026813513,
                          0.08913577210904858,
                          0.0998560950810327],
                         [0.3825790546903861,
                          0.37450165864640766,
                          0.0991597988823857,
                          0.10326363356032722,
                          0.08287274022175536,
                          0.08610263078793642,
                          0.11258925209494698,
                          0.09678779674033725,
                          0.10379646298848591,
                          0.11928466830233064],
                         [0.37047721496730124,
                          0.43429709545002015,
                          0.09604158459898728,
                          0.07583754825847726,
                          0.10922931513171111,
                          0.10882278974165667,
                          0.09681547473086602,
                          0.10074638543382188,
                          0.11999042642244442,
                          0.09138782068620988],
                         [0.407034497807641,
                          0.4055208418941509,
                          0.09952210532441028,
                          0.10212340917712372,
                          0.06775521415564113,
                          0.10588489475465926,
                          0.10418897329430654,
                          0.11335697494955965,
                          0.07667592573163873,
                          0.11433970069176255],
                         [0.3797435589483498,
                          0.394836521314859,
                          0.04608908600742581,
                          0.1262740981049703,
                          0.09145653348118633,
                          0.12587247975683438,
                          0.11070648851969843,
                          0.1240052694104157,
                          0.09579751824589308,
                          0.0691214511651125],
                         [0.3560217857701195,
                          0.4099560658714259,
                          0.08067663938349048,
                          0.09871590769390551,
                          0.10733891452937994,
                          0.08432255240018294,
                          0.10745239195929107,
                          0.11473653666489962,
                          0.12159803670227769,
                          0.1226804214061033],
                         [0.38894744480638965,
                          0.379073466806708,
                          0.11951122271341312,
                          0.06290953391301747,
                          0.10808227398413073,
                          0.09166621607143773,
                          0.08471013757613974,
                          0.13735899939030102,
                          0.09789284928002874,
                          0.08270590409154621],
                         [0.40122493100517626,
                          0.4148260687526146,
                          0.07038206488713694,
                          0.07009659836801592,
                          0.11359265697218932,
                          0.06672347291785721,
                          0.061007677139711315,
                          0.1479958223683771,
                          0.09083526120787355,
                          0.07884210855566011]]},
            {'activation': 'sigmoid',
             'bias': [-0.018785206945570544,
                      0.03499142522956221,
                      0.008536859559638814,
                      0.0001611459296618368,
                      0.020586403528812518],
             'name': 'output',
             'neurons': [<gameplay.Neuron object at 0x7f8a09ca1cf8>,
                         <gameplay.Neuron object at 0x7f8a09ca1d30>,
                         <gameplay.Neuron object at 0x7f8a09ca1da0>,
                         <gameplay.Neuron object at 0x7f8a09ca1d68>,
                         <gameplay.Neuron object at 0x7f8a09ca1dd8>],
             'num_neurons': 5,
             'weights': [[0.08259558690733602,
                          0.0878001858456932,
                          0.10512316091695909,
                          0.06708883454587451,
                          0.0982356378847749,
                          0.13034142847838046,
                          0.13034773377342562,
                          0.08353534539231536],
                         [0.07878815850897002,
                          0.08089746280550308,
                          0.06799552732066153,
                          0.14755848690712828,
                          0.07540280995870437,
                          0.0851170753985076,
                          0.07876843198502714,
                          0.15153693657984763],
                         [0.10372209480420222,
                          0.07650295522288146,
                          0.12123522645591026,
                          0.08726617050237215,
                          0.1020522644159023,
                          0.10639357448400007,
                          0.13504703538887158,
                          0.07883805572129263],
                         [0.10656944792502068,
                          0.07532128581288351,
                          0.1159264796113307,
                          0.06778847567871392,
                          0.12462206792070002,
                          0.10671101580408555,
                          0.10550967686213421,
                          0.10595266172074298],
                         [0.11296992008275403,
                          0.10548427580337127,
                          0.13189076304663866,
                          0.06465906226137325,
                          0.15821696877417477,
                          0.11304534094129036,
                          0.10740723719093831,
                          0.09529505400580614],
                         [0.10830828999344363,
                          0.11802023685139723,
                          0.13214105821107056,
                          0.09096107692578456,
                          0.07300361472307641,
                          0.1074210349817514,
                          0.08098212058220519,
                          0.10387341276950325]]}]}
load_tensorflow_graph: path = tensorflow/mario-model-simple-2019-07-17/frozen_inference_graph.pb
object_detection_graph = <tensorflow.python.framework.ops.Graph object at 0x7f8a09ca1e80>
Doing start sequence
Sleeping one second
sending start
sending empty
Found black world screen for the second time. exiting.



Seconds left: 378
Moves to the right: 40
