pygame 1.9.6
Hello from the pygame community. https://www.pygame.org/contribute.html
Loading neural net from gameplay_neural_nets/100/10.nn
net = {'generation': 90,
 'inputs': [],
 'layers': [{'activation': 'sigmoid',
             'bias': [0.021109174308895844,
                      0.0002749286100292344,
                      0.017275541454598364,
                      -0.03325677487765834,
                      0.013196778870193167,
                      -0.03958436099204347,
                      0.017129214279151886,
                      -0.02500136903464282],
             'name': 'input',
             'neurons': [],
             'num_neurons': 8,
             'weights': [[0.36042791532430807,
                          0.42624779809507257,
                          0.10477697901023836,
                          0.12073049254517926,
                          0.10278265673020849,
                          0.07892412616237551,
                          0.08500577714948238,
                          0.10736210543940848,
                          0.09243902757774247,
                          0.08761410376200653],
                         [0.37311168210626267,
                          0.36712653918671007,
                          0.0851112153777988,
                          0.10196157925578501,
                          0.10465034212724204,
                          0.08345902139345167,
                          0.11097952828759905,
                          0.09023714597198819,
                          0.11752545876820303,
                          0.11911566856954305],
                         [0.38627981842308456,
                          0.4348822077154349,
                          0.09721379254596253,
                          0.0657954752642099,
                          0.11586981222610272,
                          0.09893224458914926,
                          0.09710382475812865,
                          0.10849819038067997,
                          0.09041631210376494,
                          0.10417875622689896],
                         [0.38342374402310947,
                          0.3923068721303395,
                          0.09750035842649661,
                          0.1131536461555081,
                          0.05667315627479175,
                          0.08936681734783973,
                          0.09848741373636449,
                          0.13135072799767405,
                          0.1095844592187643,
                          0.10901042908504976],
                         [0.396735932840525,
                          0.3951741600278526,
                          0.042902250474575354,
                          0.12771992093849321,
                          0.08967806387427313,
                          0.1403325448189168,
                          0.1139798325544163,
                          0.1372419492681667,
                          0.10494724973690545,
                          0.07451005828988147],
                         [0.3742946502690349,
                          0.4297280348155157,
                          0.08815003970692364,
                          0.08472146252318279,
                          0.11455542432374614,
                          0.06740331994275367,
                          0.09595988087112753,
                          0.10147037676696534,
                          0.10537428634481377,
                          0.10262243287045907],
                         [0.3592401984157547,
                          0.3774048596452009,
                          0.11144408303719253,
                          0.04935605925558887,
                          0.11183394572827612,
                          0.1192544086374223,
                          0.10207657432793175,
                          0.1276731049238333,
                          0.10591386053818622,
                          0.07875091356178092],
                         [0.39823411489435,
                          0.4190209455419001,
                          0.05385144007207998,
                          0.07638204516291917,
                          0.12364389801984203,
                          0.036791730260013825,
                          0.06560180750545715,
                          0.178911768256654,
                          0.09179280908335384,
                          0.07781496270220892]]},
            {'activation': 'sigmoid',
             'bias': [-0.019754222932578364,
                      0.027537716541312734,
                      -0.008126832138705667,
                      -0.01361686657480158,
                      0.014575496580314738],
             'name': 'output',
             'neurons': [],
             'num_neurons': 5,
             'weights': [[0.06960819903081239,
                          0.08769354338994434,
                          0.09296595069616977,
                          0.058776749311009326,
                          0.11014782311874513,
                          0.12811431278346536,
                          0.11997389797331404,
                          0.10337943453860983],
                         [0.06691953296422243,
                          0.09174400519136211,
                          0.06794625489131331,
                          0.14371100734376036,
                          0.08304648642954282,
                          0.07762217776536487,
                          0.07660989876081176,
                          0.17006829737169887],
                         [0.12900890817034552,
                          0.0756492992252487,
                          0.10296088763134752,
                          0.09406258898548261,
                          0.09327213344152822,
                          0.10431094452114478,
                          0.1392063320084525,
                          0.09190156134181347],
                         [0.12159109373835089,
                          0.06716375461169706,
                          0.11887971465507444,
                          0.0621523040417012,
                          0.1561429177302504,
                          0.0990060147914815,
                          0.1083755988605355,
                          0.08595606615417639],
                         [0.1260644177023806,
                          0.08890887234478717,
                          0.1288500823628608,
                          0.05825519923013281,
                          0.1632618582183755,
                          0.10569707167892535,
                          0.08643136917118695,
                          0.11661933817278239],
                         [0.08862992658386369,
                          0.1054842321328245,
                          0.14176326988086166,
                          0.10283948875637185,
                          0.05978033429419156,
                          0.1104666927225433,
                          0.051766853981309965,
                          0.10966846137631765]]}]}
{'generation': 90,
 'inputs': [],
 'layers': [{'activation': 'sigmoid',
             'bias': [0.021109174308895844,
                      0.0002749286100292344,
                      0.017275541454598364,
                      -0.03325677487765834,
                      0.013196778870193167,
                      -0.03958436099204347,
                      0.017129214279151886,
                      -0.02500136903464282],
             'name': 'input',
             'neurons': [<gameplay.Neuron object at 0x7f389b97d898>,
                         <gameplay.Neuron object at 0x7f389b97d860>,
                         <gameplay.Neuron object at 0x7f389b97d278>,
                         <gameplay.Neuron object at 0x7f389b97db38>,
                         <gameplay.Neuron object at 0x7f389b97dbe0>,
                         <gameplay.Neuron object at 0x7f389b97db70>,
                         <gameplay.Neuron object at 0x7f389b97dcc0>,
                         <gameplay.Neuron object at 0x7f389b97dc88>],
             'num_neurons': 8,
             'weights': [[0.36042791532430807,
                          0.42624779809507257,
                          0.10477697901023836,
                          0.12073049254517926,
                          0.10278265673020849,
                          0.07892412616237551,
                          0.08500577714948238,
                          0.10736210543940848,
                          0.09243902757774247,
                          0.08761410376200653],
                         [0.37311168210626267,
                          0.36712653918671007,
                          0.0851112153777988,
                          0.10196157925578501,
                          0.10465034212724204,
                          0.08345902139345167,
                          0.11097952828759905,
                          0.09023714597198819,
                          0.11752545876820303,
                          0.11911566856954305],
                         [0.38627981842308456,
                          0.4348822077154349,
                          0.09721379254596253,
                          0.0657954752642099,
                          0.11586981222610272,
                          0.09893224458914926,
                          0.09710382475812865,
                          0.10849819038067997,
                          0.09041631210376494,
                          0.10417875622689896],
                         [0.38342374402310947,
                          0.3923068721303395,
                          0.09750035842649661,
                          0.1131536461555081,
                          0.05667315627479175,
                          0.08936681734783973,
                          0.09848741373636449,
                          0.13135072799767405,
                          0.1095844592187643,
                          0.10901042908504976],
                         [0.396735932840525,
                          0.3951741600278526,
                          0.042902250474575354,
                          0.12771992093849321,
                          0.08967806387427313,
                          0.1403325448189168,
                          0.1139798325544163,
                          0.1372419492681667,
                          0.10494724973690545,
                          0.07451005828988147],
                         [0.3742946502690349,
                          0.4297280348155157,
                          0.08815003970692364,
                          0.08472146252318279,
                          0.11455542432374614,
                          0.06740331994275367,
                          0.09595988087112753,
                          0.10147037676696534,
                          0.10537428634481377,
                          0.10262243287045907],
                         [0.3592401984157547,
                          0.3774048596452009,
                          0.11144408303719253,
                          0.04935605925558887,
                          0.11183394572827612,
                          0.1192544086374223,
                          0.10207657432793175,
                          0.1276731049238333,
                          0.10591386053818622,
                          0.07875091356178092],
                         [0.39823411489435,
                          0.4190209455419001,
                          0.05385144007207998,
                          0.07638204516291917,
                          0.12364389801984203,
                          0.036791730260013825,
                          0.06560180750545715,
                          0.178911768256654,
                          0.09179280908335384,
                          0.07781496270220892]]},
            {'activation': 'sigmoid',
             'bias': [-0.019754222932578364,
                      0.027537716541312734,
                      -0.008126832138705667,
                      -0.01361686657480158,
                      0.014575496580314738],
             'name': 'output',
             'neurons': [<gameplay.Neuron object at 0x7f389b97dcf8>,
                         <gameplay.Neuron object at 0x7f389b97dd30>,
                         <gameplay.Neuron object at 0x7f389b97dda0>,
                         <gameplay.Neuron object at 0x7f389b97dd68>,
                         <gameplay.Neuron object at 0x7f389b97ddd8>],
             'num_neurons': 5,
             'weights': [[0.06960819903081239,
                          0.08769354338994434,
                          0.09296595069616977,
                          0.058776749311009326,
                          0.11014782311874513,
                          0.12811431278346536,
                          0.11997389797331404,
                          0.10337943453860983],
                         [0.06691953296422243,
                          0.09174400519136211,
                          0.06794625489131331,
                          0.14371100734376036,
                          0.08304648642954282,
                          0.07762217776536487,
                          0.07660989876081176,
                          0.17006829737169887],
                         [0.12900890817034552,
                          0.0756492992252487,
                          0.10296088763134752,
                          0.09406258898548261,
                          0.09327213344152822,
                          0.10431094452114478,
                          0.1392063320084525,
                          0.09190156134181347],
                         [0.12159109373835089,
                          0.06716375461169706,
                          0.11887971465507444,
                          0.0621523040417012,
                          0.1561429177302504,
                          0.0990060147914815,
                          0.1083755988605355,
                          0.08595606615417639],
                         [0.1260644177023806,
                          0.08890887234478717,
                          0.1288500823628608,
                          0.05825519923013281,
                          0.1632618582183755,
                          0.10569707167892535,
                          0.08643136917118695,
                          0.11661933817278239],
                         [0.08862992658386369,
                          0.1054842321328245,
                          0.14176326988086166,
                          0.10283948875637185,
                          0.05978033429419156,
                          0.1104666927225433,
                          0.051766853981309965,
                          0.10966846137631765]]}]}
load_tensorflow_graph: path = tensorflow/mario-model-simple-2019-07-17/frozen_inference_graph.pb
object_detection_graph = <tensorflow.python.framework.ops.Graph object at 0x7f389b97de80>
Doing start sequence
Sleeping one second
sending start
sending empty
Found black world screen for the second time. exiting.



Seconds left: 393
Moves to the right: 20
