pygame 1.9.6
Hello from the pygame community. https://www.pygame.org/contribute.html
Loading neural net from gameplay_neural_nets/100/3.nn
net = {'generation': 90,
 'inputs': [],
 'layers': [{'activation': 'sigmoid',
             'bias': [0.021109174308895844,
                      0.0002749286100292344,
                      0.017275541454598364,
                      -0.03325677487765834,
                      0.007423707406261495,
                      -0.03144001262199498,
                      0.024781365938297967,
                      -0.02500136903464282],
             'name': 'input',
             'neurons': [],
             'num_neurons': 8,
             'weights': [[0.36042791532430807,
                          0.41891453586153776,
                          0.10477697901023836,
                          0.12073049254517926,
                          0.10278265673020849,
                          0.07892412616237551,
                          0.08500577714948238,
                          0.10736210543940848,
                          0.08594903904480018,
                          0.08761410376200653],
                         [0.37311168210626267,
                          0.36947175909601504,
                          0.0851112153777988,
                          0.10196157925578501,
                          0.10465034212724204,
                          0.08610007295040967,
                          0.11097952828759905,
                          0.09023714597198819,
                          0.11752545876820303,
                          0.11911566856954305],
                         [0.38513680910730663,
                          0.4348822077154349,
                          0.09721379254596253,
                          0.0657954752642099,
                          0.112348102926786,
                          0.09326007915602536,
                          0.09710382475812865,
                          0.10261826554757145,
                          0.09581685527183993,
                          0.10417875622689896],
                         [0.38342374402310947,
                          0.3923068721303395,
                          0.08967374484222186,
                          0.11826407945806733,
                          0.05137228623352768,
                          0.08936681734783973,
                          0.09848741373636449,
                          0.13135072799767405,
                          0.1095844592187643,
                          0.11381215245727387],
                         [0.396735932840525,
                          0.3951741600278526,
                          0.042902250474575354,
                          0.12771992093849321,
                          0.09147581765191157,
                          0.1477324133251029,
                          0.1139798325544163,
                          0.1372419492681667,
                          0.09701000433579299,
                          0.07190653084797692],
                         [0.3742946502690349,
                          0.4297280348155157,
                          0.08815003970692364,
                          0.0780979888288921,
                          0.11455542432374614,
                          0.06740331994275367,
                          0.08632251755268674,
                          0.10519093996161469,
                          0.11444962565804873,
                          0.10262243287045907],
                         [0.3642448235406567,
                          0.3774048596452009,
                          0.11377773020187854,
                          0.04935605925558887,
                          0.11183394572827612,
                          0.1192544086374223,
                          0.09788909749063274,
                          0.1276731049238333,
                          0.09999947023773045,
                          0.07875091356178092],
                         [0.3914922908687648,
                          0.42448378631030476,
                          0.05817323627200885,
                          0.07638204516291917,
                          0.1313291234000191,
                          0.036791730260013825,
                          0.06560180750545715,
                          0.17281957812359888,
                          0.09179280908335384,
                          0.07781496270220892]]},
            {'activation': 'sigmoid',
             'bias': [-0.019754222932578364,
                      0.01973874069407648,
                      -0.008126832138705667,
                      -0.01361686657480158,
                      0.014575496580314738],
             'name': 'output',
             'neurons': [],
             'num_neurons': 5,
             'weights': [[0.06960819903081239,
                          0.08769354338994434,
                          0.09296595069616977,
                          0.058776749311009326,
                          0.10558741186324894,
                          0.12811431278346536,
                          0.122618635904381,
                          0.10337943453860983],
                         [0.06691953296422243,
                          0.09174400519136211,
                          0.06794625489131331,
                          0.14371100734376036,
                          0.07645071079605506,
                          0.08693627272608209,
                          0.08115911813646415,
                          0.17406954580342496],
                         [0.13318383780311074,
                          0.0756492992252487,
                          0.11102841644327796,
                          0.09406258898548261,
                          0.09327213344152822,
                          0.10431094452114478,
                          0.1392063320084525,
                          0.09190156134181347],
                         [0.12159109373835089,
                          0.06716375461169706,
                          0.11887971465507444,
                          0.0621523040417012,
                          0.1561429177302504,
                          0.0990060147914815,
                          0.10169330279561041,
                          0.09329779120743262],
                         [0.11984977404209358,
                          0.08890887234478717,
                          0.1288500823628608,
                          0.05825519923013281,
                          0.1632618582183755,
                          0.10569707167892535,
                          0.08643136917118695,
                          0.11661933817278239],
                         [0.09203204956288027,
                          0.1054842321328245,
                          0.14176326988086166,
                          0.1018614068944812,
                          0.06969777705459997,
                          0.1104666927225433,
                          0.051766853981309965,
                          0.10966846137631765]]}]}
{'generation': 90,
 'inputs': [],
 'layers': [{'activation': 'sigmoid',
             'bias': [0.021109174308895844,
                      0.0002749286100292344,
                      0.017275541454598364,
                      -0.03325677487765834,
                      0.007423707406261495,
                      -0.03144001262199498,
                      0.024781365938297967,
                      -0.02500136903464282],
             'name': 'input',
             'neurons': [<gameplay.Neuron object at 0x7f3c6ed9e898>,
                         <gameplay.Neuron object at 0x7f3c6ed9e860>,
                         <gameplay.Neuron object at 0x7f3c6ed9e278>,
                         <gameplay.Neuron object at 0x7f3c6ed9eb38>,
                         <gameplay.Neuron object at 0x7f3c6ed9ebe0>,
                         <gameplay.Neuron object at 0x7f3c6ed9eb70>,
                         <gameplay.Neuron object at 0x7f3c6ed9ecc0>,
                         <gameplay.Neuron object at 0x7f3c6ed9ec88>],
             'num_neurons': 8,
             'weights': [[0.36042791532430807,
                          0.41891453586153776,
                          0.10477697901023836,
                          0.12073049254517926,
                          0.10278265673020849,
                          0.07892412616237551,
                          0.08500577714948238,
                          0.10736210543940848,
                          0.08594903904480018,
                          0.08761410376200653],
                         [0.37311168210626267,
                          0.36947175909601504,
                          0.0851112153777988,
                          0.10196157925578501,
                          0.10465034212724204,
                          0.08610007295040967,
                          0.11097952828759905,
                          0.09023714597198819,
                          0.11752545876820303,
                          0.11911566856954305],
                         [0.38513680910730663,
                          0.4348822077154349,
                          0.09721379254596253,
                          0.0657954752642099,
                          0.112348102926786,
                          0.09326007915602536,
                          0.09710382475812865,
                          0.10261826554757145,
                          0.09581685527183993,
                          0.10417875622689896],
                         [0.38342374402310947,
                          0.3923068721303395,
                          0.08967374484222186,
                          0.11826407945806733,
                          0.05137228623352768,
                          0.08936681734783973,
                          0.09848741373636449,
                          0.13135072799767405,
                          0.1095844592187643,
                          0.11381215245727387],
                         [0.396735932840525,
                          0.3951741600278526,
                          0.042902250474575354,
                          0.12771992093849321,
                          0.09147581765191157,
                          0.1477324133251029,
                          0.1139798325544163,
                          0.1372419492681667,
                          0.09701000433579299,
                          0.07190653084797692],
                         [0.3742946502690349,
                          0.4297280348155157,
                          0.08815003970692364,
                          0.0780979888288921,
                          0.11455542432374614,
                          0.06740331994275367,
                          0.08632251755268674,
                          0.10519093996161469,
                          0.11444962565804873,
                          0.10262243287045907],
                         [0.3642448235406567,
                          0.3774048596452009,
                          0.11377773020187854,
                          0.04935605925558887,
                          0.11183394572827612,
                          0.1192544086374223,
                          0.09788909749063274,
                          0.1276731049238333,
                          0.09999947023773045,
                          0.07875091356178092],
                         [0.3914922908687648,
                          0.42448378631030476,
                          0.05817323627200885,
                          0.07638204516291917,
                          0.1313291234000191,
                          0.036791730260013825,
                          0.06560180750545715,
                          0.17281957812359888,
                          0.09179280908335384,
                          0.07781496270220892]]},
            {'activation': 'sigmoid',
             'bias': [-0.019754222932578364,
                      0.01973874069407648,
                      -0.008126832138705667,
                      -0.01361686657480158,
                      0.014575496580314738],
             'name': 'output',
             'neurons': [<gameplay.Neuron object at 0x7f3c6ed9ecf8>,
                         <gameplay.Neuron object at 0x7f3c6ed9ed30>,
                         <gameplay.Neuron object at 0x7f3c6ed9eda0>,
                         <gameplay.Neuron object at 0x7f3c6ed9ed68>,
                         <gameplay.Neuron object at 0x7f3c6ed9edd8>],
             'num_neurons': 5,
             'weights': [[0.06960819903081239,
                          0.08769354338994434,
                          0.09296595069616977,
                          0.058776749311009326,
                          0.10558741186324894,
                          0.12811431278346536,
                          0.122618635904381,
                          0.10337943453860983],
                         [0.06691953296422243,
                          0.09174400519136211,
                          0.06794625489131331,
                          0.14371100734376036,
                          0.07645071079605506,
                          0.08693627272608209,
                          0.08115911813646415,
                          0.17406954580342496],
                         [0.13318383780311074,
                          0.0756492992252487,
                          0.11102841644327796,
                          0.09406258898548261,
                          0.09327213344152822,
                          0.10431094452114478,
                          0.1392063320084525,
                          0.09190156134181347],
                         [0.12159109373835089,
                          0.06716375461169706,
                          0.11887971465507444,
                          0.0621523040417012,
                          0.1561429177302504,
                          0.0990060147914815,
                          0.10169330279561041,
                          0.09329779120743262],
                         [0.11984977404209358,
                          0.08890887234478717,
                          0.1288500823628608,
                          0.05825519923013281,
                          0.1632618582183755,
                          0.10569707167892535,
                          0.08643136917118695,
                          0.11661933817278239],
                         [0.09203204956288027,
                          0.1054842321328245,
                          0.14176326988086166,
                          0.1018614068944812,
                          0.06969777705459997,
                          0.1104666927225433,
                          0.051766853981309965,
                          0.10966846137631765]]}]}
load_tensorflow_graph: path = tensorflow/mario-model-simple-2019-07-17/frozen_inference_graph.pb
object_detection_graph = <tensorflow.python.framework.ops.Graph object at 0x7f3c6ed9ee80>
Doing start sequence
Sleeping one second
sending start
sending empty
Found black world screen for the second time. exiting.



Seconds left: 393
Moves to the right: 16
