pygame 1.9.6
Hello from the pygame community. https://www.pygame.org/contribute.html
Loading neural net from gameplay_neural_nets/88/1.nn
net = {'generation': 79,
 'inputs': [],
 'layers': [{'activation': 'sigmoid',
             'bias': [0.02739151166601817,
                      -0.011150196742444432,
                      0.01222538714205772,
                      -0.026014786389917964,
                      0.020422519640796284,
                      -0.035043550394082065,
                      0.017129214279151886,
                      -0.029199794966420327],
             'name': 'input',
             'neurons': [],
             'num_neurons': 8,
             'weights': [[0.35850226336789287,
                          0.4200780730933573,
                          0.11155712369234323,
                          0.13155445510583053,
                          0.10727713826805371,
                          0.09848224570886024,
                          0.08511505127444652,
                          0.10547696873621146,
                          0.08367461778550947,
                          0.09433474775301431],
                         [0.3759467033807532,
                          0.3628570215346869,
                          0.09633213866730309,
                          0.09754833038177806,
                          0.08645820049607099,
                          0.09250877323290896,
                          0.10279120346094062,
                          0.09678779674033725,
                          0.10505118995487792,
                          0.11066638539043604],
                         [0.3672160561983024,
                          0.44481457492512005,
                          0.08358880499715121,
                          0.06148603792429901,
                          0.11266017823001151,
                          0.10319011698529876,
                          0.0870609506992487,
                          0.10754749569227195,
                          0.11211859829840118,
                          0.10124600326310573],
                         [0.39093612758370583,
                          0.3909714745422767,
                          0.09046467511068791,
                          0.107621526929297,
                          0.06803888470050057,
                          0.0996723754126506,
                          0.09684197663593784,
                          0.12217639883432753,
                          0.10319472473582614,
                          0.12241196068390416],
                         [0.3868775194118231,
                          0.4076735512756476,
                          0.04262315295958379,
                          0.1201215101721787,
                          0.09123277565561635,
                          0.1398425846742193,
                          0.11955399981549908,
                          0.13034765689776337,
                          0.09886858433066917,
                          0.06378158759541136],
                         [0.3711442808393615,
                          0.4173972354174876,
                          0.08319691184037313,
                          0.08851343985279805,
                          0.10487282942586476,
                          0.07527653749955145,
                          0.09595988087112753,
                          0.10405060642416764,
                          0.11544562923099747,
                          0.10599556540542313],
                         [0.3642448235406567,
                          0.38076576264162676,
                          0.1212117135879099,
                          0.05743219833622572,
                          0.10434499892070863,
                          0.11075388739769983,
                          0.081524672688048,
                          0.12093390850593377,
                          0.10376207392718859,
                          0.0692596083327243],
                         [0.3941649069741599,
                          0.4242138169913173,
                          0.07105630044856753,
                          0.07009659836801592,
                          0.12339376072320091,
                          0.045953524211783586,
                          0.06979546246977149,
                          0.148989602758657,
                          0.08191895330124341,
                          0.0774232776666144]]},
            {'activation': 'sigmoid',
             'bias': [-0.02570268994973175,
                      0.024789471101583256,
                      0.0070870183682971,
                      -0.01361686657480158,
                      0.011222265348114546],
             'name': 'output',
             'neurons': [],
             'num_neurons': 5,
             'weights': [[0.06960819903081239,
                          0.08987110086319361,
                          0.10193864681900745,
                          0.061771008073884845,
                          0.09689133882773954,
                          0.12852602426992588,
                          0.11190609041133273,
                          0.11139203280112767],
                         [0.07104551642829376,
                          0.08919222673644016,
                          0.06888223261716028,
                          0.1591329306033786,
                          0.09575816188036625,
                          0.0851170753985076,
                          0.07922258041849874,
                          0.16674110832877947],
                         [0.11284216498351951,
                          0.0761986414739231,
                          0.12560570596688553,
                          0.09367186337237042,
                          0.08800794550363754,
                          0.11489719683603099,
                          0.15596607648754165,
                          0.0918095311983992],
                         [0.12085734845391798,
                          0.06716375461169706,
                          0.1138121575063213,
                          0.06646183110498395,
                          0.13401153005632932,
                          0.10931112214963107,
                          0.10111317252274503,
                          0.10313194767436513],
                         [0.11180012616807444,
                          0.0970218845419166,
                          0.130895566675704,
                          0.06447732863136724,
                          0.1615199305908609,
                          0.10215791336020573,
                          0.10391367229203949,
                          0.10401995230428095],
                         [0.09367996138695736,
                          0.09271374788578478,
                          0.12017296390271925,
                          0.0946050792518444,
                          0.06548914831455831,
                          0.10697782522243851,
                          0.06815052259682393,
                          0.11831498926755299]]}]}
{'generation': 79,
 'inputs': [],
 'layers': [{'activation': 'sigmoid',
             'bias': [0.02739151166601817,
                      -0.011150196742444432,
                      0.01222538714205772,
                      -0.026014786389917964,
                      0.020422519640796284,
                      -0.035043550394082065,
                      0.017129214279151886,
                      -0.029199794966420327],
             'name': 'input',
             'neurons': [<gameplay.Neuron object at 0x7f8c2d7f9898>,
                         <gameplay.Neuron object at 0x7f8c2d7f9860>,
                         <gameplay.Neuron object at 0x7f8c2d7f9278>,
                         <gameplay.Neuron object at 0x7f8c2d7f9b38>,
                         <gameplay.Neuron object at 0x7f8c2d7f9be0>,
                         <gameplay.Neuron object at 0x7f8c2d7f9b70>,
                         <gameplay.Neuron object at 0x7f8c2d7f9cc0>,
                         <gameplay.Neuron object at 0x7f8c2d7f9c88>],
             'num_neurons': 8,
             'weights': [[0.35850226336789287,
                          0.4200780730933573,
                          0.11155712369234323,
                          0.13155445510583053,
                          0.10727713826805371,
                          0.09848224570886024,
                          0.08511505127444652,
                          0.10547696873621146,
                          0.08367461778550947,
                          0.09433474775301431],
                         [0.3759467033807532,
                          0.3628570215346869,
                          0.09633213866730309,
                          0.09754833038177806,
                          0.08645820049607099,
                          0.09250877323290896,
                          0.10279120346094062,
                          0.09678779674033725,
                          0.10505118995487792,
                          0.11066638539043604],
                         [0.3672160561983024,
                          0.44481457492512005,
                          0.08358880499715121,
                          0.06148603792429901,
                          0.11266017823001151,
                          0.10319011698529876,
                          0.0870609506992487,
                          0.10754749569227195,
                          0.11211859829840118,
                          0.10124600326310573],
                         [0.39093612758370583,
                          0.3909714745422767,
                          0.09046467511068791,
                          0.107621526929297,
                          0.06803888470050057,
                          0.0996723754126506,
                          0.09684197663593784,
                          0.12217639883432753,
                          0.10319472473582614,
                          0.12241196068390416],
                         [0.3868775194118231,
                          0.4076735512756476,
                          0.04262315295958379,
                          0.1201215101721787,
                          0.09123277565561635,
                          0.1398425846742193,
                          0.11955399981549908,
                          0.13034765689776337,
                          0.09886858433066917,
                          0.06378158759541136],
                         [0.3711442808393615,
                          0.4173972354174876,
                          0.08319691184037313,
                          0.08851343985279805,
                          0.10487282942586476,
                          0.07527653749955145,
                          0.09595988087112753,
                          0.10405060642416764,
                          0.11544562923099747,
                          0.10599556540542313],
                         [0.3642448235406567,
                          0.38076576264162676,
                          0.1212117135879099,
                          0.05743219833622572,
                          0.10434499892070863,
                          0.11075388739769983,
                          0.081524672688048,
                          0.12093390850593377,
                          0.10376207392718859,
                          0.0692596083327243],
                         [0.3941649069741599,
                          0.4242138169913173,
                          0.07105630044856753,
                          0.07009659836801592,
                          0.12339376072320091,
                          0.045953524211783586,
                          0.06979546246977149,
                          0.148989602758657,
                          0.08191895330124341,
                          0.0774232776666144]]},
            {'activation': 'sigmoid',
             'bias': [-0.02570268994973175,
                      0.024789471101583256,
                      0.0070870183682971,
                      -0.01361686657480158,
                      0.011222265348114546],
             'name': 'output',
             'neurons': [<gameplay.Neuron object at 0x7f8c2d7f9cf8>,
                         <gameplay.Neuron object at 0x7f8c2d7f9d30>,
                         <gameplay.Neuron object at 0x7f8c2d7f9da0>,
                         <gameplay.Neuron object at 0x7f8c2d7f9d68>,
                         <gameplay.Neuron object at 0x7f8c2d7f9dd8>],
             'num_neurons': 5,
             'weights': [[0.06960819903081239,
                          0.08987110086319361,
                          0.10193864681900745,
                          0.061771008073884845,
                          0.09689133882773954,
                          0.12852602426992588,
                          0.11190609041133273,
                          0.11139203280112767],
                         [0.07104551642829376,
                          0.08919222673644016,
                          0.06888223261716028,
                          0.1591329306033786,
                          0.09575816188036625,
                          0.0851170753985076,
                          0.07922258041849874,
                          0.16674110832877947],
                         [0.11284216498351951,
                          0.0761986414739231,
                          0.12560570596688553,
                          0.09367186337237042,
                          0.08800794550363754,
                          0.11489719683603099,
                          0.15596607648754165,
                          0.0918095311983992],
                         [0.12085734845391798,
                          0.06716375461169706,
                          0.1138121575063213,
                          0.06646183110498395,
                          0.13401153005632932,
                          0.10931112214963107,
                          0.10111317252274503,
                          0.10313194767436513],
                         [0.11180012616807444,
                          0.0970218845419166,
                          0.130895566675704,
                          0.06447732863136724,
                          0.1615199305908609,
                          0.10215791336020573,
                          0.10391367229203949,
                          0.10401995230428095],
                         [0.09367996138695736,
                          0.09271374788578478,
                          0.12017296390271925,
                          0.0946050792518444,
                          0.06548914831455831,
                          0.10697782522243851,
                          0.06815052259682393,
                          0.11831498926755299]]}]}
load_tensorflow_graph: path = tensorflow/mario-model-simple-2019-07-17/frozen_inference_graph.pb
object_detection_graph = <tensorflow.python.framework.ops.Graph object at 0x7f8c2d7f9e80>
Doing start sequence
Sleeping one second
sending start
sending empty
Found black world screen for the second time. exiting.



Seconds left: 365
Moves to the right: 70
