pygame 1.9.6
Hello from the pygame community. https://www.pygame.org/contribute.html
Loading neural net from gameplay_neural_nets/88/4.nn
net = {'generation': 79,
 'inputs': [],
 'layers': [{'activation': 'sigmoid',
             'bias': [0.02739151166601817,
                      -0.013058992975939989,
                      0.01222538714205772,
                      -0.029012183940737506,
                      0.02283342036541781,
                      -0.035043550394082065,
                      0.015685719710079857,
                      -0.029199794966420327],
             'name': 'input',
             'neurons': [],
             'num_neurons': 8,
             'weights': [[0.35850226336789287,
                          0.4200780730933573,
                          0.11155712369234323,
                          0.12929562041706685,
                          0.10799375527364315,
                          0.09848224570886024,
                          0.08511505127444652,
                          0.10782048420697761,
                          0.08367461778550947,
                          0.09433474775301431],
                         [0.37882219659617244,
                          0.3663635873717586,
                          0.09633213866730309,
                          0.09754833038177806,
                          0.08645820049607099,
                          0.08778997664540447,
                          0.10279120346094062,
                          0.09678779674033725,
                          0.10505118995487792,
                          0.11409217406842373],
                         [0.3672160561983024,
                          0.44325594623304027,
                          0.08358880499715121,
                          0.06792820041468076,
                          0.11266017823001151,
                          0.10319011698529876,
                          0.0915883635299837,
                          0.0939010098231686,
                          0.11211859829840118,
                          0.10124600326310573],
                         [0.39093612758370583,
                          0.3909714745422767,
                          0.09046467511068791,
                          0.107621526929297,
                          0.07625170444678127,
                          0.0996723754126506,
                          0.09669683862407978,
                          0.12217639883432753,
                          0.10319472473582614,
                          0.12158921186291842],
                         [0.3822725977384841,
                          0.4076735512756476,
                          0.04262315295958379,
                          0.1201215101721787,
                          0.09123277565561635,
                          0.1398425846742193,
                          0.11955399981549908,
                          0.13034765689776337,
                          0.10410708454868947,
                          0.07267138076459118],
                         [0.3711442808393615,
                          0.4173972354174876,
                          0.08319691184037313,
                          0.07914784014032245,
                          0.10487282942586476,
                          0.07527653749955145,
                          0.09595988087112753,
                          0.10535594444545222,
                          0.11544562923099747,
                          0.10599556540542313],
                         [0.3642448235406567,
                          0.38076576264162676,
                          0.1212117135879099,
                          0.06250687824606359,
                          0.11305431691704373,
                          0.11075388739769983,
                          0.081524672688048,
                          0.11093494383625985,
                          0.09679660996649284,
                          0.07739581357242774],
                         [0.3848084254404089,
                          0.4242138169913173,
                          0.0727816883700793,
                          0.07009659836801592,
                          0.12339376072320091,
                          0.045953524211783586,
                          0.06979546246977149,
                          0.148989602758657,
                          0.08191895330124341,
                          0.0774232776666144]]},
            {'activation': 'sigmoid',
             'bias': [-0.02570268994973175,
                      0.034222790271430506,
                      0.0070870183682971,
                      -0.005208011254358233,
                      0.020940833852893817],
             'name': 'output',
             'neurons': [],
             'num_neurons': 5,
             'weights': [[0.06960819903081239,
                          0.08987110086319361,
                          0.09351455001683212,
                          0.06465539010783898,
                          0.09915640553866412,
                          0.12594914524173112,
                          0.12104092606714532,
                          0.11338990841110887],
                         [0.07104551642829376,
                          0.08919222673644016,
                          0.06888223261716028,
                          0.15093103624716847,
                          0.08647042849487929,
                          0.0851170753985076,
                          0.07922258041849874,
                          0.16674110832877947],
                         [0.11284216498351951,
                          0.08638875684601534,
                          0.11690852034700529,
                          0.09367186337237042,
                          0.08800794550363754,
                          0.11489719683603099,
                          0.15808467558877454,
                          0.09672278398888848],
                         [0.11784910072743719,
                          0.07060383552216784,
                          0.11138179037405646,
                          0.07203715205342981,
                          0.13401153005632932,
                          0.11027547430480154,
                          0.10111317252274503,
                          0.10313194767436513],
                         [0.11180012616807444,
                          0.0970218845419166,
                          0.130895566675704,
                          0.06447732863136724,
                          0.1615199305908609,
                          0.10215791336020573,
                          0.10391367229203949,
                          0.10467279709144454],
                         [0.09367996138695736,
                          0.10039656201912864,
                          0.12017296390271925,
                          0.10006777823754857,
                          0.069366769810895,
                          0.11341085899629269,
                          0.06375761000681089,
                          0.11831498926755299]]}]}
{'generation': 79,
 'inputs': [],
 'layers': [{'activation': 'sigmoid',
             'bias': [0.02739151166601817,
                      -0.013058992975939989,
                      0.01222538714205772,
                      -0.029012183940737506,
                      0.02283342036541781,
                      -0.035043550394082065,
                      0.015685719710079857,
                      -0.029199794966420327],
             'name': 'input',
             'neurons': [<gameplay.Neuron object at 0x7f6723fd17f0>,
                         <gameplay.Neuron object at 0x7f6723fd1208>,
                         <gameplay.Neuron object at 0x7f6723fd1198>,
                         <gameplay.Neuron object at 0x7f6723fd1a90>,
                         <gameplay.Neuron object at 0x7f6723fd1b38>,
                         <gameplay.Neuron object at 0x7f6723fd1ac8>,
                         <gameplay.Neuron object at 0x7f6723fd1c18>,
                         <gameplay.Neuron object at 0x7f6723fd1be0>],
             'num_neurons': 8,
             'weights': [[0.35850226336789287,
                          0.4200780730933573,
                          0.11155712369234323,
                          0.12929562041706685,
                          0.10799375527364315,
                          0.09848224570886024,
                          0.08511505127444652,
                          0.10782048420697761,
                          0.08367461778550947,
                          0.09433474775301431],
                         [0.37882219659617244,
                          0.3663635873717586,
                          0.09633213866730309,
                          0.09754833038177806,
                          0.08645820049607099,
                          0.08778997664540447,
                          0.10279120346094062,
                          0.09678779674033725,
                          0.10505118995487792,
                          0.11409217406842373],
                         [0.3672160561983024,
                          0.44325594623304027,
                          0.08358880499715121,
                          0.06792820041468076,
                          0.11266017823001151,
                          0.10319011698529876,
                          0.0915883635299837,
                          0.0939010098231686,
                          0.11211859829840118,
                          0.10124600326310573],
                         [0.39093612758370583,
                          0.3909714745422767,
                          0.09046467511068791,
                          0.107621526929297,
                          0.07625170444678127,
                          0.0996723754126506,
                          0.09669683862407978,
                          0.12217639883432753,
                          0.10319472473582614,
                          0.12158921186291842],
                         [0.3822725977384841,
                          0.4076735512756476,
                          0.04262315295958379,
                          0.1201215101721787,
                          0.09123277565561635,
                          0.1398425846742193,
                          0.11955399981549908,
                          0.13034765689776337,
                          0.10410708454868947,
                          0.07267138076459118],
                         [0.3711442808393615,
                          0.4173972354174876,
                          0.08319691184037313,
                          0.07914784014032245,
                          0.10487282942586476,
                          0.07527653749955145,
                          0.09595988087112753,
                          0.10535594444545222,
                          0.11544562923099747,
                          0.10599556540542313],
                         [0.3642448235406567,
                          0.38076576264162676,
                          0.1212117135879099,
                          0.06250687824606359,
                          0.11305431691704373,
                          0.11075388739769983,
                          0.081524672688048,
                          0.11093494383625985,
                          0.09679660996649284,
                          0.07739581357242774],
                         [0.3848084254404089,
                          0.4242138169913173,
                          0.0727816883700793,
                          0.07009659836801592,
                          0.12339376072320091,
                          0.045953524211783586,
                          0.06979546246977149,
                          0.148989602758657,
                          0.08191895330124341,
                          0.0774232776666144]]},
            {'activation': 'sigmoid',
             'bias': [-0.02570268994973175,
                      0.034222790271430506,
                      0.0070870183682971,
                      -0.005208011254358233,
                      0.020940833852893817],
             'name': 'output',
             'neurons': [<gameplay.Neuron object at 0x7f6723fd1c50>,
                         <gameplay.Neuron object at 0x7f6723fd1c88>,
                         <gameplay.Neuron object at 0x7f6723fd1cf8>,
                         <gameplay.Neuron object at 0x7f6723fd1cc0>,
                         <gameplay.Neuron object at 0x7f6723fd1d30>],
             'num_neurons': 5,
             'weights': [[0.06960819903081239,
                          0.08987110086319361,
                          0.09351455001683212,
                          0.06465539010783898,
                          0.09915640553866412,
                          0.12594914524173112,
                          0.12104092606714532,
                          0.11338990841110887],
                         [0.07104551642829376,
                          0.08919222673644016,
                          0.06888223261716028,
                          0.15093103624716847,
                          0.08647042849487929,
                          0.0851170753985076,
                          0.07922258041849874,
                          0.16674110832877947],
                         [0.11284216498351951,
                          0.08638875684601534,
                          0.11690852034700529,
                          0.09367186337237042,
                          0.08800794550363754,
                          0.11489719683603099,
                          0.15808467558877454,
                          0.09672278398888848],
                         [0.11784910072743719,
                          0.07060383552216784,
                          0.11138179037405646,
                          0.07203715205342981,
                          0.13401153005632932,
                          0.11027547430480154,
                          0.10111317252274503,
                          0.10313194767436513],
                         [0.11180012616807444,
                          0.0970218845419166,
                          0.130895566675704,
                          0.06447732863136724,
                          0.1615199305908609,
                          0.10215791336020573,
                          0.10391367229203949,
                          0.10467279709144454],
                         [0.09367996138695736,
                          0.10039656201912864,
                          0.12017296390271925,
                          0.10006777823754857,
                          0.069366769810895,
                          0.11341085899629269,
                          0.06375761000681089,
                          0.11831498926755299]]}]}
load_tensorflow_graph: path = tensorflow/mario-model-simple-2019-07-17/frozen_inference_graph.pb
object_detection_graph = <tensorflow.python.framework.ops.Graph object at 0x7f6723fd1dd8>
Doing start sequence
Sleeping one second
sending start
sending empty
Found black world screen for the second time. exiting.



Seconds left: 380
Moves to the right: 42
