pygame 1.9.6
Hello from the pygame community. https://www.pygame.org/contribute.html
Loading neural net from gameplay_neural_nets/47/9.nn
net = {'generation': 42,
 'inputs': [],
 'layers': [{'activation': 'sigmoid',
             'bias': [-0.0203325777649233,
                      0.04939690231441147,
                      -0.025181348751526028,
                      0.019287319360285382,
                      0.0022994911670161516,
                      0.016962047097549518,
                      -0.019185873306023064,
                      -0.009534581780377643],
             'name': 'input',
             'neurons': [],
             'num_neurons': 8,
             'weights': [[0.4438988521304889,
                          0.4898538803022631,
                          0.5100243900657325,
                          0.4671042034755323,
                          0.4952671473249492,
                          0.47252701974620337,
                          0.5077304057456017,
                          0.48653948457922747,
                          0.499535964002749,
                          0.5321089312033201],
                         [0.4765254691305102,
                          0.49310349259086234,
                          0.5189672592055202,
                          0.5128526703292035,
                          0.506556893477621,
                          0.4941198442491713,
                          0.4738681166373953,
                          0.458608602169277,
                          0.513169139635303,
                          0.5298748885558212],
                         [0.5316031771052265,
                          0.5089561720121258,
                          0.4855833860423293,
                          0.4700415931450053,
                          0.46401970630660233,
                          0.4878778735520011,
                          0.5157330342824461,
                          0.4674544265446257,
                          0.4757125871110805,
                          0.5172148241947375],
                         [0.5228795665627157,
                          0.4778554579659583,
                          0.49686033449365286,
                          0.43681448044476273,
                          0.47059081486411286,
                          0.5215718287481019,
                          0.49783356643479015,
                          0.46502166370280074,
                          0.4993827424830706,
                          0.5064209658576665],
                         [0.5001118171389605,
                          0.5120167000279268,
                          0.5208507685513709,
                          0.4692290278156315,
                          0.5132916680471581,
                          0.5014399727338157,
                          0.5200943773153305,
                          0.5001743279426485,
                          0.5170428250333291,
                          0.5500600212365968],
                         [0.49047878470978307,
                          0.5257494443598401,
                          0.48743068121931515,
                          0.5360348041463583,
                          0.5017237549199622,
                          0.47931403747340906,
                          0.5523533736969057,
                          0.4765131770048429,
                          0.5203708304448081,
                          0.449711618741132],
                         [0.5304930685910346,
                          0.49700108844999286,
                          0.5098461205435202,
                          0.4940145321663394,
                          0.5005333904329173,
                          0.48806012165374674,
                          0.5254108327018497,
                          0.4994125728605772,
                          0.5084488771332842,
                          0.4952538415923896],
                         [0.5037183046040338,
                          0.5133106536427615,
                          0.49359832626783084,
                          0.5509641148971329,
                          0.49854573464614094,
                          0.4771603602544267,
                          0.4552976314629508,
                          0.4701354187347505,
                          0.4812865879111777,
                          0.46301415037360794]]},
            {'activation': 'sigmoid',
             'bias': [-0.03320729485370658,
                      -0.0033596176246890493,
                      -0.028581622935638304,
                      0.008418450907742972,
                      0.014161116066959242,
                      -0.048795180753117395],
             'name': 'hidden1',
             'neurons': [],
             'num_neurons': 6,
             'weights': [[0.4914879946049747,
                          0.4799485626367571,
                          0.5179295771379083,
                          0.4749879401548012,
                          0.5261226035769233,
                          0.48626770209060416,
                          0.5059718530073213,
                          0.517946667225387],
                         [0.5297450328556077,
                          0.538870096352323,
                          0.5113735116184983,
                          0.47687915282688603,
                          0.46224093938362615,
                          0.5256797945615111,
                          0.4526683361524986,
                          0.5061595736766425],
                         [0.5123885944847195,
                          0.5175929289819274,
                          0.5190353286999859,
                          0.5220315329374976,
                          0.5446051745583455,
                          0.5279677005703003,
                          0.5320342799832938,
                          0.5382982671280131],
                         [0.5140012750412029,
                          0.48792381993184697,
                          0.47078946492819873,
                          0.49586170549724273,
                          0.4850293672674989,
                          0.4976465904605152,
                          0.493191558404535,
                          0.5092991357471306],
                         [0.471604196789286,
                          0.5544141523376704,
                          0.5117503488303982,
                          0.48447533635322826,
                          0.5193438321759949,
                          0.49801354756174765,
                          0.5280816234490273,
                          0.5057231829625235],
                         [0.47068746206648115,
                          0.48899890618207154,
                          0.48443453566917216,
                          0.4564853004150754,
                          0.48485667230736224,
                          0.48271407103467995,
                          0.48378585828703524,
                          0.5028502706355179],
                         [0.4934634680824196,
                          0.49102786749559457,
                          0.5361712630508397,
                          0.5169099858405356,
                          0.47968967700343923,
                          0.504817526946906,
                          0.5283036856107801,
                          0.493343482364572],
                         [0.5242071331095522,
                          0.5255056662218044,
                          0.49786122948384826,
                          0.5186493773530825,
                          0.5319817088094494,
                          0.4947502985936002,
                          0.49350548639653974,
                          0.49041935095660644]]},
            {'activation': 'sigmoid',
             'bias': [-0.021690016989876937,
                      0.006512658205629385,
                      0.0031627545426584523,
                      0.02767120780998672,
                      0.027240018136274934],
             'name': 'output',
             'neurons': [],
             'num_neurons': 5,
             'weights': [[0.49127026639480553,
                          0.48944275536738807,
                          0.5024879448285867,
                          0.49599437495937365,
                          0.5015764935917825,
                          0.5073020361599262],
                         [0.5133100025924899,
                          0.5163859126202826,
                          0.45856803996297235,
                          0.49161798818651803,
                          0.5175260013208516,
                          0.49888835416637844],
                         [0.5052070634345608,
                          0.5088135239149192,
                          0.47131702334191744,
                          0.5001364417432971,
                          0.5302417220641836,
                          0.48917852320077193],
                         [0.49764148240522693,
                          0.4843703717372075,
                          0.5050037749092491,
                          0.48360792618877213,
                          0.49685294409708103,
                          0.5068895734976705],
                         [0.5214578426994795,
                          0.502652218326396,
                          0.463086073453882,
                          0.5339449170360522,
                          0.5055732636071593,
                          0.48665003702649384],
                         [0.5030507545976256,
                          0.5060072482013994,
                          0.4999108657282417,
                          0.4732759387796228,
                          0.4927997978106287,
                          0.4827473919548385]]}]}
{'generation': 42,
 'inputs': [],
 'layers': [{'activation': 'sigmoid',
             'bias': [-0.0203325777649233,
                      0.04939690231441147,
                      -0.025181348751526028,
                      0.019287319360285382,
                      0.0022994911670161516,
                      0.016962047097549518,
                      -0.019185873306023064,
                      -0.009534581780377643],
             'name': 'input',
             'neurons': [<gameplay.Neuron object at 0x7fd259a21828>,
                         <gameplay.Neuron object at 0x7fd259a217f0>,
                         <gameplay.Neuron object at 0x7fd259a21208>,
                         <gameplay.Neuron object at 0x7fd259a21b38>,
                         <gameplay.Neuron object at 0x7fd259a21be0>,
                         <gameplay.Neuron object at 0x7fd259a21b70>,
                         <gameplay.Neuron object at 0x7fd259a21c88>,
                         <gameplay.Neuron object at 0x7fd259a21cc0>],
             'num_neurons': 8,
             'weights': [[0.4438988521304889,
                          0.4898538803022631,
                          0.5100243900657325,
                          0.4671042034755323,
                          0.4952671473249492,
                          0.47252701974620337,
                          0.5077304057456017,
                          0.48653948457922747,
                          0.499535964002749,
                          0.5321089312033201],
                         [0.4765254691305102,
                          0.49310349259086234,
                          0.5189672592055202,
                          0.5128526703292035,
                          0.506556893477621,
                          0.4941198442491713,
                          0.4738681166373953,
                          0.458608602169277,
                          0.513169139635303,
                          0.5298748885558212],
                         [0.5316031771052265,
                          0.5089561720121258,
                          0.4855833860423293,
                          0.4700415931450053,
                          0.46401970630660233,
                          0.4878778735520011,
                          0.5157330342824461,
                          0.4674544265446257,
                          0.4757125871110805,
                          0.5172148241947375],
                         [0.5228795665627157,
                          0.4778554579659583,
                          0.49686033449365286,
                          0.43681448044476273,
                          0.47059081486411286,
                          0.5215718287481019,
                          0.49783356643479015,
                          0.46502166370280074,
                          0.4993827424830706,
                          0.5064209658576665],
                         [0.5001118171389605,
                          0.5120167000279268,
                          0.5208507685513709,
                          0.4692290278156315,
                          0.5132916680471581,
                          0.5014399727338157,
                          0.5200943773153305,
                          0.5001743279426485,
                          0.5170428250333291,
                          0.5500600212365968],
                         [0.49047878470978307,
                          0.5257494443598401,
                          0.48743068121931515,
                          0.5360348041463583,
                          0.5017237549199622,
                          0.47931403747340906,
                          0.5523533736969057,
                          0.4765131770048429,
                          0.5203708304448081,
                          0.449711618741132],
                         [0.5304930685910346,
                          0.49700108844999286,
                          0.5098461205435202,
                          0.4940145321663394,
                          0.5005333904329173,
                          0.48806012165374674,
                          0.5254108327018497,
                          0.4994125728605772,
                          0.5084488771332842,
                          0.4952538415923896],
                         [0.5037183046040338,
                          0.5133106536427615,
                          0.49359832626783084,
                          0.5509641148971329,
                          0.49854573464614094,
                          0.4771603602544267,
                          0.4552976314629508,
                          0.4701354187347505,
                          0.4812865879111777,
                          0.46301415037360794]]},
            {'activation': 'sigmoid',
             'bias': [-0.03320729485370658,
                      -0.0033596176246890493,
                      -0.028581622935638304,
                      0.008418450907742972,
                      0.014161116066959242,
                      -0.048795180753117395],
             'name': 'hidden1',
             'neurons': [<gameplay.Neuron object at 0x7fd259a21cf8>,
                         <gameplay.Neuron object at 0x7fd259a21d30>,
                         <gameplay.Neuron object at 0x7fd259a21da0>,
                         <gameplay.Neuron object at 0x7fd259a21d68>,
                         <gameplay.Neuron object at 0x7fd259a21dd8>,
                         <gameplay.Neuron object at 0x7fd259a21e48>],
             'num_neurons': 6,
             'weights': [[0.4914879946049747,
                          0.4799485626367571,
                          0.5179295771379083,
                          0.4749879401548012,
                          0.5261226035769233,
                          0.48626770209060416,
                          0.5059718530073213,
                          0.517946667225387],
                         [0.5297450328556077,
                          0.538870096352323,
                          0.5113735116184983,
                          0.47687915282688603,
                          0.46224093938362615,
                          0.5256797945615111,
                          0.4526683361524986,
                          0.5061595736766425],
                         [0.5123885944847195,
                          0.5175929289819274,
                          0.5190353286999859,
                          0.5220315329374976,
                          0.5446051745583455,
                          0.5279677005703003,
                          0.5320342799832938,
                          0.5382982671280131],
                         [0.5140012750412029,
                          0.48792381993184697,
                          0.47078946492819873,
                          0.49586170549724273,
                          0.4850293672674989,
                          0.4976465904605152,
                          0.493191558404535,
                          0.5092991357471306],
                         [0.471604196789286,
                          0.5544141523376704,
                          0.5117503488303982,
                          0.48447533635322826,
                          0.5193438321759949,
                          0.49801354756174765,
                          0.5280816234490273,
                          0.5057231829625235],
                         [0.47068746206648115,
                          0.48899890618207154,
                          0.48443453566917216,
                          0.4564853004150754,
                          0.48485667230736224,
                          0.48271407103467995,
                          0.48378585828703524,
                          0.5028502706355179],
                         [0.4934634680824196,
                          0.49102786749559457,
                          0.5361712630508397,
                          0.5169099858405356,
                          0.47968967700343923,
                          0.504817526946906,
                          0.5283036856107801,
                          0.493343482364572],
                         [0.5242071331095522,
                          0.5255056662218044,
                          0.49786122948384826,
                          0.5186493773530825,
                          0.5319817088094494,
                          0.4947502985936002,
                          0.49350548639653974,
                          0.49041935095660644]]},
            {'activation': 'sigmoid',
             'bias': [-0.021690016989876937,
                      0.006512658205629385,
                      0.0031627545426584523,
                      0.02767120780998672,
                      0.027240018136274934],
             'name': 'output',
             'neurons': [<gameplay.Neuron object at 0x7fd259a21e10>,
                         <gameplay.Neuron object at 0x7fd259a21e80>,
                         <gameplay.Neuron object at 0x7fd259a21ba8>,
                         <gameplay.Neuron object at 0x7fd259a21c18>,
                         <gameplay.Neuron object at 0x7fd259a21c50>],
             'num_neurons': 5,
             'weights': [[0.49127026639480553,
                          0.48944275536738807,
                          0.5024879448285867,
                          0.49599437495937365,
                          0.5015764935917825,
                          0.5073020361599262],
                         [0.5133100025924899,
                          0.5163859126202826,
                          0.45856803996297235,
                          0.49161798818651803,
                          0.5175260013208516,
                          0.49888835416637844],
                         [0.5052070634345608,
                          0.5088135239149192,
                          0.47131702334191744,
                          0.5001364417432971,
                          0.5302417220641836,
                          0.48917852320077193],
                         [0.49764148240522693,
                          0.4843703717372075,
                          0.5050037749092491,
                          0.48360792618877213,
                          0.49685294409708103,
                          0.5068895734976705],
                         [0.5214578426994795,
                          0.502652218326396,
                          0.463086073453882,
                          0.5339449170360522,
                          0.5055732636071593,
                          0.48665003702649384],
                         [0.5030507545976256,
                          0.5060072482013994,
                          0.4999108657282417,
                          0.4732759387796228,
                          0.4927997978106287,
                          0.4827473919548385]]}]}
load_tensorflow_graph: path = tensorflow/mario-model-simple-2019-07-17/frozen_inference_graph.pb
object_detection_graph = <tensorflow.python.framework.ops.Graph object at 0x7fd259a21f98>
Doing start sequence
Sleeping one second
sending start
sending empty
Found black world screen for the second time. exiting.



Seconds left: 355
Moves to the right: 104
frame count: 193
time start:  1568168543.673155,   time_now: 1568168564.1077724
