pygame 1.9.6
Hello from the pygame community. https://www.pygame.org/contribute.html
Loading neural net from gameplay_neural_nets/7/1.nn
net = {'generation': 6,
 'inputs': [],
 'layers': [{'activation': 'sigmoid',
             'bias': [-0.007016687520921037,
                      0.017647134451109176,
                      -0.007708426186952544,
                      -0.02429785598980707,
                      0.015260010483845437,
                      0.02451935665644874,
                      -0.005473105911817346,
                      -0.013646685071478544],
             'name': 'input',
             'neurons': [],
             'num_neurons': 8,
             'weights': [[0.4901501108789148,
                          0.5034275645559735,
                          0.5052012458433903,
                          0.49574867762114927,
                          0.48245077358798,
                          0.4913389147645737,
                          0.4847965734440396,
                          0.49612874957973213,
                          0.4827177855045011,
                          0.5070772071537727],
                         [0.5,
                          0.5096539398192095,
                          0.5,
                          0.49344483556561397,
                          0.5162457168362266,
                          0.5,
                          0.48697105457523604,
                          0.49180454441539473,
                          0.4972687576553009,
                          0.501649601049632],
                         [0.5072164192742026,
                          0.5060547626052845,
                          0.4882652873188388,
                          0.49638918522395536,
                          0.48923411397824096,
                          0.5129909671317148,
                          0.4986572510137382,
                          0.5036047824343888,
                          0.5088282565193578,
                          0.5019465493081217],
                         [0.5101178004352245,
                          0.5057902583773614,
                          0.5,
                          0.5,
                          0.4866708547748517,
                          0.5050979235759991,
                          0.4960167728170087,
                          0.494633149293308,
                          0.5091155947500127,
                          0.506009394751154],
                         [0.5,
                          0.4982828144577785,
                          0.4958862791982167,
                          0.5093101667088821,
                          0.48469604915951725,
                          0.4896172868899983,
                          0.5058458544521227,
                          0.5,
                          0.49083449326554823,
                          0.5093706531391969],
                         [0.5031518306502919,
                          0.5,
                          0.4908411789293778,
                          0.4985937427994469,
                          0.5003165229357236,
                          0.49667655348863027,
                          0.5088509048906612,
                          0.5,
                          0.4973060459252398,
                          0.48556768461831],
                         [0.5,
                          0.505441028687371,
                          0.5051561981521336,
                          0.5075624166214354,
                          0.5,
                          0.4901191578095611,
                          0.49514097929357787,
                          0.49091154636245277,
                          0.512234321631224,
                          0.4998595544474932],
                         [0.5034757785669685,
                          0.5128181816039687,
                          0.5074222769060598,
                          0.513477594603343,
                          0.4944923373135675,
                          0.49658329096185677,
                          0.4963515036289587,
                          0.4973937628863974,
                          0.4873712760424532,
                          0.49865909264397296]]},
            {'activation': 'sigmoid',
             'bias': [-0.0011222585375225648,
                      -0.0031534684186705604,
                      -0.007001386192355527,
                      0.00809994258620498,
                      -0.006627675206058876,
                      -0.007348834809085424],
             'name': 'hidden1',
             'neurons': [],
             'num_neurons': 6,
             'weights': [[0.490467417898998,
                          0.491990185602696,
                          0.5076593760660054,
                          0.5016363146800128,
                          0.5080414408959435,
                          0.5117481430826228,
                          0.5070174750922447,
                          0.5],
                         [0.5029746775267817,
                          0.5144855456869748,
                          0.4963897989068485,
                          0.5036514314175267,
                          0.49467722851442963,
                          0.4960548128183403,
                          0.49891443498361293,
                          0.500723041997148],
                         [0.5104244318829595,
                          0.498393892593821,
                          0.5038846269097017,
                          0.49603341166774895,
                          0.49855639989792533,
                          0.5078858381174083,
                          0.5141589816004322,
                          0.4962754154522334],
                         [0.5038429677675129,
                          0.49023127524537696,
                          0.5057825528540685,
                          0.5004310823182658,
                          0.4987424245755382,
                          0.5038527904219007,
                          0.4907130157662222,
                          0.508645584265891],
                         [0.4974562107189643,
                          0.5078967959613823,
                          0.4938193246854038,
                          0.5069936188331821,
                          0.5122401497029272,
                          0.5255748217130084,
                          0.49360496124166475,
                          0.5],
                         [0.4942853373872531,
                          0.4914828809790049,
                          0.4878590389705715,
                          0.5076580974320384,
                          0.5026721612619618,
                          0.49833860076491715,
                          0.4925372951449047,
                          0.49849867501549416],
                         [0.5,
                          0.4879120517952356,
                          0.5009744381301331,
                          0.5166286495448732,
                          0.49295469947378523,
                          0.4962448993378027,
                          0.5,
                          0.5065703955841375],
                         [0.5101770210291449,
                          0.49112459818211,
                          0.5079553280582922,
                          0.5048328289676157,
                          0.4991626052453494,
                          0.4940725530628883,
                          0.48816128642479895,
                          0.49994757648294746]]},
            {'activation': 'sigmoid',
             'bias': [-0.01655637902378699,
                      0,
                      0.0032578707757526847,
                      -0.005431245786826104,
                      -0.0006294502891110981],
             'name': 'output',
             'neurons': [],
             'num_neurons': 5,
             'weights': [[0.47765450500283096,
                          0.5046241385036281,
                          0.5077899987674629,
                          0.4957356796825364,
                          0.49181120204362666,
                          0.4855510173867454],
                         [0.498287053793947,
                          0.5097818028177848,
                          0.5047766072485256,
                          0.5079291965579671,
                          0.5084776184833897,
                          0.5],
                         [0.49958839579640935,
                          0.49908639500698543,
                          0.496114719774511,
                          0.4916173427152551,
                          0.5117300327162427,
                          0.5082068476000938],
                         [0.5038785516756669,
                          0.5,
                          0.4995182632117659,
                          0.4998828472360829,
                          0.5000204084026074,
                          0.4917199376682461],
                         [0.5109649055316512,
                          0.5126548599685736,
                          0.5207719494694882,
                          0.4970164454935675,
                          0.49942964513399746,
                          0.505468204448463],
                         [0.5150105269502095,
                          0.5038928596745889,
                          0.5127264308119713,
                          0.4809350670219076,
                          0.500061026920331,
                          0.4981072706224002]]}]}
{'generation': 6,
 'inputs': [],
 'layers': [{'activation': 'sigmoid',
             'bias': [-0.007016687520921037,
                      0.017647134451109176,
                      -0.007708426186952544,
                      -0.02429785598980707,
                      0.015260010483845437,
                      0.02451935665644874,
                      -0.005473105911817346,
                      -0.013646685071478544],
             'name': 'input',
             'neurons': [<gameplay.Neuron object at 0x7f453f615860>,
                         <gameplay.Neuron object at 0x7f453f615828>,
                         <gameplay.Neuron object at 0x7f453f615240>,
                         <gameplay.Neuron object at 0x7f453f615b70>,
                         <gameplay.Neuron object at 0x7f453f615c18>,
                         <gameplay.Neuron object at 0x7f453f615ba8>,
                         <gameplay.Neuron object at 0x7f453f615dd8>,
                         <gameplay.Neuron object at 0x7f453f615cf8>],
             'num_neurons': 8,
             'weights': [[0.4901501108789148,
                          0.5034275645559735,
                          0.5052012458433903,
                          0.49574867762114927,
                          0.48245077358798,
                          0.4913389147645737,
                          0.4847965734440396,
                          0.49612874957973213,
                          0.4827177855045011,
                          0.5070772071537727],
                         [0.5,
                          0.5096539398192095,
                          0.5,
                          0.49344483556561397,
                          0.5162457168362266,
                          0.5,
                          0.48697105457523604,
                          0.49180454441539473,
                          0.4972687576553009,
                          0.501649601049632],
                         [0.5072164192742026,
                          0.5060547626052845,
                          0.4882652873188388,
                          0.49638918522395536,
                          0.48923411397824096,
                          0.5129909671317148,
                          0.4986572510137382,
                          0.5036047824343888,
                          0.5088282565193578,
                          0.5019465493081217],
                         [0.5101178004352245,
                          0.5057902583773614,
                          0.5,
                          0.5,
                          0.4866708547748517,
                          0.5050979235759991,
                          0.4960167728170087,
                          0.494633149293308,
                          0.5091155947500127,
                          0.506009394751154],
                         [0.5,
                          0.4982828144577785,
                          0.4958862791982167,
                          0.5093101667088821,
                          0.48469604915951725,
                          0.4896172868899983,
                          0.5058458544521227,
                          0.5,
                          0.49083449326554823,
                          0.5093706531391969],
                         [0.5031518306502919,
                          0.5,
                          0.4908411789293778,
                          0.4985937427994469,
                          0.5003165229357236,
                          0.49667655348863027,
                          0.5088509048906612,
                          0.5,
                          0.4973060459252398,
                          0.48556768461831],
                         [0.5,
                          0.505441028687371,
                          0.5051561981521336,
                          0.5075624166214354,
                          0.5,
                          0.4901191578095611,
                          0.49514097929357787,
                          0.49091154636245277,
                          0.512234321631224,
                          0.4998595544474932],
                         [0.5034757785669685,
                          0.5128181816039687,
                          0.5074222769060598,
                          0.513477594603343,
                          0.4944923373135675,
                          0.49658329096185677,
                          0.4963515036289587,
                          0.4973937628863974,
                          0.4873712760424532,
                          0.49865909264397296]]},
            {'activation': 'sigmoid',
             'bias': [-0.0011222585375225648,
                      -0.0031534684186705604,
                      -0.007001386192355527,
                      0.00809994258620498,
                      -0.006627675206058876,
                      -0.007348834809085424],
             'name': 'hidden1',
             'neurons': [<gameplay.Neuron object at 0x7f453f615da0>,
                         <gameplay.Neuron object at 0x7f453f615d30>,
                         <gameplay.Neuron object at 0x7f453f615e10>,
                         <gameplay.Neuron object at 0x7f453f615c50>,
                         <gameplay.Neuron object at 0x7f453f615e48>,
                         <gameplay.Neuron object at 0x7f453f615ef0>],
             'num_neurons': 6,
             'weights': [[0.490467417898998,
                          0.491990185602696,
                          0.5076593760660054,
                          0.5016363146800128,
                          0.5080414408959435,
                          0.5117481430826228,
                          0.5070174750922447,
                          0.5],
                         [0.5029746775267817,
                          0.5144855456869748,
                          0.4963897989068485,
                          0.5036514314175267,
                          0.49467722851442963,
                          0.4960548128183403,
                          0.49891443498361293,
                          0.500723041997148],
                         [0.5104244318829595,
                          0.498393892593821,
                          0.5038846269097017,
                          0.49603341166774895,
                          0.49855639989792533,
                          0.5078858381174083,
                          0.5141589816004322,
                          0.4962754154522334],
                         [0.5038429677675129,
                          0.49023127524537696,
                          0.5057825528540685,
                          0.5004310823182658,
                          0.4987424245755382,
                          0.5038527904219007,
                          0.4907130157662222,
                          0.508645584265891],
                         [0.4974562107189643,
                          0.5078967959613823,
                          0.4938193246854038,
                          0.5069936188331821,
                          0.5122401497029272,
                          0.5255748217130084,
                          0.49360496124166475,
                          0.5],
                         [0.4942853373872531,
                          0.4914828809790049,
                          0.4878590389705715,
                          0.5076580974320384,
                          0.5026721612619618,
                          0.49833860076491715,
                          0.4925372951449047,
                          0.49849867501549416],
                         [0.5,
                          0.4879120517952356,
                          0.5009744381301331,
                          0.5166286495448732,
                          0.49295469947378523,
                          0.4962448993378027,
                          0.5,
                          0.5065703955841375],
                         [0.5101770210291449,
                          0.49112459818211,
                          0.5079553280582922,
                          0.5048328289676157,
                          0.4991626052453494,
                          0.4940725530628883,
                          0.48816128642479895,
                          0.49994757648294746]]},
            {'activation': 'sigmoid',
             'bias': [-0.01655637902378699,
                      0,
                      0.0032578707757526847,
                      -0.005431245786826104,
                      -0.0006294502891110981],
             'name': 'output',
             'neurons': [<gameplay.Neuron object at 0x7f453f615e80>,
                         <gameplay.Neuron object at 0x7f453f615f60>,
                         <gameplay.Neuron object at 0x7f453f615eb8>,
                         <gameplay.Neuron object at 0x7f453f615fd0>,
                         <gameplay.Neuron object at 0x7f453f615f28>],
             'num_neurons': 5,
             'weights': [[0.47765450500283096,
                          0.5046241385036281,
                          0.5077899987674629,
                          0.4957356796825364,
                          0.49181120204362666,
                          0.4855510173867454],
                         [0.498287053793947,
                          0.5097818028177848,
                          0.5047766072485256,
                          0.5079291965579671,
                          0.5084776184833897,
                          0.5],
                         [0.49958839579640935,
                          0.49908639500698543,
                          0.496114719774511,
                          0.4916173427152551,
                          0.5117300327162427,
                          0.5082068476000938],
                         [0.5038785516756669,
                          0.5,
                          0.4995182632117659,
                          0.4998828472360829,
                          0.5000204084026074,
                          0.4917199376682461],
                         [0.5109649055316512,
                          0.5126548599685736,
                          0.5207719494694882,
                          0.4970164454935675,
                          0.49942964513399746,
                          0.505468204448463],
                         [0.5150105269502095,
                          0.5038928596745889,
                          0.5127264308119713,
                          0.4809350670219076,
                          0.500061026920331,
                          0.4981072706224002]]}]}
load_tensorflow_graph: path = tensorflow/mario-model-simple-2019-07-17/frozen_inference_graph.pb
object_detection_graph = <tensorflow.python.framework.ops.Graph object at 0x7f453f615d68>
Doing start sequence
Sleeping one second
sending start
sending empty
Found black world screen for the second time. exiting.



Seconds left: 350
Moves to the right: 109
frame count: 207
time start:  1567860670.7990656,   time_now: 1567860692.37802
