pygame 1.9.6
Hello from the pygame community. https://www.pygame.org/contribute.html
Loading neural net from gameplay_neural_nets/92/3.nn
net = {'generation': 82,
 'inputs': [],
 'layers': [{'activation': 'sigmoid',
             'bias': [0.01999178910283308,
                      -0.008721108602907267,
                      0.008643460613193477,
                      -0.03504304672053627,
                      0.013196778870193167,
                      -0.035043550394082065,
                      0.017129214279151886,
                      -0.026813819524203725],
             'name': 'input',
             'neurons': [],
             'num_neurons': 8,
             'weights': [[0.36042791532430807,
                          0.4200780730933573,
                          0.1071223444980307,
                          0.13083091156104096,
                          0.10501686609148132,
                          0.09804791935788476,
                          0.09137469427374044,
                          0.10782048420697761,
                          0.08175347220790036,
                          0.09433474775301431],
                         [0.37311168210626267,
                          0.3663635873717586,
                          0.09633213866730309,
                          0.10196157925578501,
                          0.08645820049607099,
                          0.08610007295040967,
                          0.10489949429154799,
                          0.09023714597198819,
                          0.10252222783833877,
                          0.11066638539043604],
                         [0.3672160561983024,
                          0.44481457492512005,
                          0.09064168873233372,
                          0.0657954752642099,
                          0.10982427582790052,
                          0.10319011698529876,
                          0.0915883635299837,
                          0.10261826554757145,
                          0.10662058200948864,
                          0.1012105744206777],
                         [0.38134245184816074,
                          0.39533615555593543,
                          0.09046467511068791,
                          0.107621526929297,
                          0.06665789497636607,
                          0.0920800483072338,
                          0.09684197663593784,
                          0.12217639883432753,
                          0.10319472473582614,
                          0.12158921186291842],
                         [0.3868775194118231,
                          0.4076735512756476,
                          0.04262315295958379,
                          0.1201215101721787,
                          0.09123277565561635,
                          0.1409106483112831,
                          0.12389777269910109,
                          0.13034765689776337,
                          0.09822733176571899,
                          0.06900235961696942],
                         [0.3711442808393615,
                          0.42426821784001284,
                          0.08375611660955772,
                          0.0856713443704177,
                          0.10411581335468756,
                          0.07527653749955145,
                          0.09595988087112753,
                          0.10535594444545222,
                          0.11544562923099747,
                          0.1099425669104658],
                         [0.3642448235406567,
                          0.3866922339776437,
                          0.10436245276272915,
                          0.05743219833622572,
                          0.11305431691704373,
                          0.1192544086374223,
                          0.10002026429658477,
                          0.1266811674315811,
                          0.09679660996649284,
                          0.07150310129116076],
                         [0.3914922908687648,
                          0.4149489463926993,
                          0.07105630044856753,
                          0.07009659836801592,
                          0.12339376072320091,
                          0.045953524211783586,
                          0.07165885339020515,
                          0.15743665279098945,
                          0.08625520648965601,
                          0.07781496270220892]]},
            {'activation': 'sigmoid',
             'bias': [-0.03485792330148268,
                      0.028092959479360267,
                      0.0070870183682971,
                      -0.009399906109480155,
                      0.017117408794254017],
             'name': 'output',
             'neurons': [],
             'num_neurons': 5,
             'weights': [[0.06960819903081239,
                          0.0805090770343359,
                          0.09296595069616977,
                          0.062083453795631564,
                          0.10558741186324894,
                          0.13412675304381944,
                          0.12104092606714532,
                          0.10989627372216132],
                         [0.07104551642829376,
                          0.08601351595775841,
                          0.0669428323296449,
                          0.15093103624716847,
                          0.08647042849487929,
                          0.0851170753985076,
                          0.07922258041849874,
                          0.17108154708528645],
                         [0.11601851381544405,
                          0.07103782881984493,
                          0.11690852034700529,
                          0.09367186337237042,
                          0.08800794550363754,
                          0.10924898457806594,
                          0.14765206693848906,
                          0.09025117133769935],
                         [0.11784910072743719,
                          0.06716375461169706,
                          0.11887971465507444,
                          0.06646183110498395,
                          0.13401153005632932,
                          0.11027547430480154,
                          0.10169330279561041,
                          0.10313194767436513],
                         [0.11984977404209358,
                          0.08784982654475153,
                          0.12429026250556739,
                          0.07014311870595295,
                          0.1615199305908609,
                          0.10191562584202463,
                          0.10391367229203949,
                          0.09816493960087144],
                         [0.08186637486364907,
                          0.09430640218664428,
                          0.13558752701486718,
                          0.10006777823754857,
                          0.06019982051927272,
                          0.10697782522243851,
                          0.05884030691700197,
                          0.11831498926755299]]}]}
{'generation': 82,
 'inputs': [],
 'layers': [{'activation': 'sigmoid',
             'bias': [0.01999178910283308,
                      -0.008721108602907267,
                      0.008643460613193477,
                      -0.03504304672053627,
                      0.013196778870193167,
                      -0.035043550394082065,
                      0.017129214279151886,
                      -0.026813819524203725],
             'name': 'input',
             'neurons': [<gameplay.Neuron object at 0x7f189f690860>,
                         <gameplay.Neuron object at 0x7f189f690828>,
                         <gameplay.Neuron object at 0x7f189f690240>,
                         <gameplay.Neuron object at 0x7f189f690b00>,
                         <gameplay.Neuron object at 0x7f189f690ba8>,
                         <gameplay.Neuron object at 0x7f189f690b38>,
                         <gameplay.Neuron object at 0x7f189f690c88>,
                         <gameplay.Neuron object at 0x7f189f690c50>],
             'num_neurons': 8,
             'weights': [[0.36042791532430807,
                          0.4200780730933573,
                          0.1071223444980307,
                          0.13083091156104096,
                          0.10501686609148132,
                          0.09804791935788476,
                          0.09137469427374044,
                          0.10782048420697761,
                          0.08175347220790036,
                          0.09433474775301431],
                         [0.37311168210626267,
                          0.3663635873717586,
                          0.09633213866730309,
                          0.10196157925578501,
                          0.08645820049607099,
                          0.08610007295040967,
                          0.10489949429154799,
                          0.09023714597198819,
                          0.10252222783833877,
                          0.11066638539043604],
                         [0.3672160561983024,
                          0.44481457492512005,
                          0.09064168873233372,
                          0.0657954752642099,
                          0.10982427582790052,
                          0.10319011698529876,
                          0.0915883635299837,
                          0.10261826554757145,
                          0.10662058200948864,
                          0.1012105744206777],
                         [0.38134245184816074,
                          0.39533615555593543,
                          0.09046467511068791,
                          0.107621526929297,
                          0.06665789497636607,
                          0.0920800483072338,
                          0.09684197663593784,
                          0.12217639883432753,
                          0.10319472473582614,
                          0.12158921186291842],
                         [0.3868775194118231,
                          0.4076735512756476,
                          0.04262315295958379,
                          0.1201215101721787,
                          0.09123277565561635,
                          0.1409106483112831,
                          0.12389777269910109,
                          0.13034765689776337,
                          0.09822733176571899,
                          0.06900235961696942],
                         [0.3711442808393615,
                          0.42426821784001284,
                          0.08375611660955772,
                          0.0856713443704177,
                          0.10411581335468756,
                          0.07527653749955145,
                          0.09595988087112753,
                          0.10535594444545222,
                          0.11544562923099747,
                          0.1099425669104658],
                         [0.3642448235406567,
                          0.3866922339776437,
                          0.10436245276272915,
                          0.05743219833622572,
                          0.11305431691704373,
                          0.1192544086374223,
                          0.10002026429658477,
                          0.1266811674315811,
                          0.09679660996649284,
                          0.07150310129116076],
                         [0.3914922908687648,
                          0.4149489463926993,
                          0.07105630044856753,
                          0.07009659836801592,
                          0.12339376072320091,
                          0.045953524211783586,
                          0.07165885339020515,
                          0.15743665279098945,
                          0.08625520648965601,
                          0.07781496270220892]]},
            {'activation': 'sigmoid',
             'bias': [-0.03485792330148268,
                      0.028092959479360267,
                      0.0070870183682971,
                      -0.009399906109480155,
                      0.017117408794254017],
             'name': 'output',
             'neurons': [<gameplay.Neuron object at 0x7f189f690cc0>,
                         <gameplay.Neuron object at 0x7f189f690cf8>,
                         <gameplay.Neuron object at 0x7f189f690d68>,
                         <gameplay.Neuron object at 0x7f189f690d30>,
                         <gameplay.Neuron object at 0x7f189f690da0>],
             'num_neurons': 5,
             'weights': [[0.06960819903081239,
                          0.0805090770343359,
                          0.09296595069616977,
                          0.062083453795631564,
                          0.10558741186324894,
                          0.13412675304381944,
                          0.12104092606714532,
                          0.10989627372216132],
                         [0.07104551642829376,
                          0.08601351595775841,
                          0.0669428323296449,
                          0.15093103624716847,
                          0.08647042849487929,
                          0.0851170753985076,
                          0.07922258041849874,
                          0.17108154708528645],
                         [0.11601851381544405,
                          0.07103782881984493,
                          0.11690852034700529,
                          0.09367186337237042,
                          0.08800794550363754,
                          0.10924898457806594,
                          0.14765206693848906,
                          0.09025117133769935],
                         [0.11784910072743719,
                          0.06716375461169706,
                          0.11887971465507444,
                          0.06646183110498395,
                          0.13401153005632932,
                          0.11027547430480154,
                          0.10169330279561041,
                          0.10313194767436513],
                         [0.11984977404209358,
                          0.08784982654475153,
                          0.12429026250556739,
                          0.07014311870595295,
                          0.1615199305908609,
                          0.10191562584202463,
                          0.10391367229203949,
                          0.09816493960087144],
                         [0.08186637486364907,
                          0.09430640218664428,
                          0.13558752701486718,
                          0.10006777823754857,
                          0.06019982051927272,
                          0.10697782522243851,
                          0.05884030691700197,
                          0.11831498926755299]]}]}
load_tensorflow_graph: path = tensorflow/mario-model-simple-2019-07-17/frozen_inference_graph.pb
object_detection_graph = <tensorflow.python.framework.ops.Graph object at 0x7f189f690e48>
Doing start sequence
Sleeping one second
sending start
sending empty
Found black world screen for the second time. exiting.



Seconds left: 393
Moves to the right: 19
