pygame 1.9.6
Hello from the pygame community. https://www.pygame.org/contribute.html
Loading neural net from gameplay_neural_nets/99/10.nn
net = {'generation': 89,
 'inputs': [],
 'layers': [{'activation': 'sigmoid',
             'bias': [0.02739151166601817,
                      0.0002749286100292344,
                      0.017275541454598364,
                      -0.02696564037351088,
                      0.013196778870193167,
                      -0.03144001262199498,
                      0.008222129785818003,
                      -0.02500136903464282],
             'name': 'input',
             'neurons': [],
             'num_neurons': 8,
             'weights': [[0.36042791532430807,
                          0.4266858284839013,
                          0.10737175842431568,
                          0.1252818111305476,
                          0.10278265673020849,
                          0.07892412616237551,
                          0.08500577714948238,
                          0.11142200568174004,
                          0.07824346125856356,
                          0.08765828619325636],
                         [0.37311168210626267,
                          0.36712653918671007,
                          0.09271341750501666,
                          0.10196157925578501,
                          0.10465034212724204,
                          0.08610007295040967,
                          0.11097952828759905,
                          0.09023714597198819,
                          0.11752545876820303,
                          0.11911566856954305],
                         [0.38513680910730663,
                          0.4348822077154349,
                          0.09721379254596253,
                          0.0657954752642099,
                          0.1063628958769765,
                          0.09893224458914926,
                          0.09710382475812865,
                          0.10261826554757145,
                          0.09667140485461513,
                          0.10417875622689896],
                         [0.38342374402310947,
                          0.3923068721303395,
                          0.09842070264309781,
                          0.1131536461555081,
                          0.05667315627479175,
                          0.08936681734783973,
                          0.09848741373636449,
                          0.13135072799767405,
                          0.1095844592187643,
                          0.12158921186291842],
                         [0.396735932840525,
                          0.3951741600278526,
                          0.042902250474575354,
                          0.13471481509328764,
                          0.08967806387427313,
                          0.1403325448189168,
                          0.1139798325544163,
                          0.1372419492681667,
                          0.09701000433579299,
                          0.07174187855697893],
                         [0.3742946502690349,
                          0.4297280348155157,
                          0.08815003970692364,
                          0.07929589942893096,
                          0.1066706368163414,
                          0.0661228072344726,
                          0.09595988087112753,
                          0.10519093996161469,
                          0.10510269940085568,
                          0.10798872247542601],
                         [0.3642448235406567,
                          0.3774048596452009,
                          0.11619820750959663,
                          0.04935605925558887,
                          0.11818433903420793,
                          0.1192544086374223,
                          0.1022436395973232,
                          0.12226329797545048,
                          0.09740709060817203,
                          0.07875091356178092],
                         [0.3914922908687648,
                          0.4190209455419001,
                          0.062127082114571935,
                          0.07638204516291917,
                          0.1150260897248194,
                          0.04111093981146864,
                          0.07165885339020515,
                          0.17281957812359888,
                          0.09179280908335384,
                          0.07781496270220892]]},
            {'activation': 'sigmoid',
             'bias': [-0.02420261045839458,
                      0.027537716541312734,
                      -0.008126832138705667,
                      -0.012742706598388335,
                      0.014575496580314738],
             'name': 'output',
             'neurons': [],
             'num_neurons': 5,
             'weights': [[0.06960819903081239,
                          0.08769354338994434,
                          0.09296595069616977,
                          0.061770169712078715,
                          0.10558741186324894,
                          0.13412675304381944,
                          0.12248707787161042,
                          0.10989627372216132],
                         [0.06691953296422243,
                          0.09378987966008881,
                          0.06794625489131331,
                          0.14371100734376036,
                          0.09139258756380192,
                          0.07762217776536487,
                          0.07660989876081176,
                          0.17406954580342496],
                         [0.12482949033067048,
                          0.0756492992252487,
                          0.1164588125614879,
                          0.09406258898548261,
                          0.08800794550363754,
                          0.10431094452114478,
                          0.14514629599581402,
                          0.09190156134181347],
                         [0.12159109373835089,
                          0.06716375461169706,
                          0.11887971465507444,
                          0.06646183110498395,
                          0.15514015153274072,
                          0.10476129767083883,
                          0.10169330279561041,
                          0.09329779120743262],
                         [0.11984977404209358,
                          0.08354466423855203,
                          0.1288500823628608,
                          0.05825519923013281,
                          0.1632618582183755,
                          0.11436363784801476,
                          0.09172394028029668,
                          0.11661933817278239],
                         [0.08862992658386369,
                          0.10039656201912864,
                          0.14820119324300468,
                          0.09464691909912062,
                          0.06672429468097889,
                          0.1104666927225433,
                          0.05092392002596085,
                          0.10966846137631765]]}]}
{'generation': 89,
 'inputs': [],
 'layers': [{'activation': 'sigmoid',
             'bias': [0.02739151166601817,
                      0.0002749286100292344,
                      0.017275541454598364,
                      -0.02696564037351088,
                      0.013196778870193167,
                      -0.03144001262199498,
                      0.008222129785818003,
                      -0.02500136903464282],
             'name': 'input',
             'neurons': [<gameplay.Neuron object at 0x7f98746f87f0>,
                         <gameplay.Neuron object at 0x7f98746f87b8>,
                         <gameplay.Neuron object at 0x7f98746f81d0>,
                         <gameplay.Neuron object at 0x7f98746f8a90>,
                         <gameplay.Neuron object at 0x7f98746f8b38>,
                         <gameplay.Neuron object at 0x7f98746f8ac8>,
                         <gameplay.Neuron object at 0x7f98746f8c18>,
                         <gameplay.Neuron object at 0x7f98746f8be0>],
             'num_neurons': 8,
             'weights': [[0.36042791532430807,
                          0.4266858284839013,
                          0.10737175842431568,
                          0.1252818111305476,
                          0.10278265673020849,
                          0.07892412616237551,
                          0.08500577714948238,
                          0.11142200568174004,
                          0.07824346125856356,
                          0.08765828619325636],
                         [0.37311168210626267,
                          0.36712653918671007,
                          0.09271341750501666,
                          0.10196157925578501,
                          0.10465034212724204,
                          0.08610007295040967,
                          0.11097952828759905,
                          0.09023714597198819,
                          0.11752545876820303,
                          0.11911566856954305],
                         [0.38513680910730663,
                          0.4348822077154349,
                          0.09721379254596253,
                          0.0657954752642099,
                          0.1063628958769765,
                          0.09893224458914926,
                          0.09710382475812865,
                          0.10261826554757145,
                          0.09667140485461513,
                          0.10417875622689896],
                         [0.38342374402310947,
                          0.3923068721303395,
                          0.09842070264309781,
                          0.1131536461555081,
                          0.05667315627479175,
                          0.08936681734783973,
                          0.09848741373636449,
                          0.13135072799767405,
                          0.1095844592187643,
                          0.12158921186291842],
                         [0.396735932840525,
                          0.3951741600278526,
                          0.042902250474575354,
                          0.13471481509328764,
                          0.08967806387427313,
                          0.1403325448189168,
                          0.1139798325544163,
                          0.1372419492681667,
                          0.09701000433579299,
                          0.07174187855697893],
                         [0.3742946502690349,
                          0.4297280348155157,
                          0.08815003970692364,
                          0.07929589942893096,
                          0.1066706368163414,
                          0.0661228072344726,
                          0.09595988087112753,
                          0.10519093996161469,
                          0.10510269940085568,
                          0.10798872247542601],
                         [0.3642448235406567,
                          0.3774048596452009,
                          0.11619820750959663,
                          0.04935605925558887,
                          0.11818433903420793,
                          0.1192544086374223,
                          0.1022436395973232,
                          0.12226329797545048,
                          0.09740709060817203,
                          0.07875091356178092],
                         [0.3914922908687648,
                          0.4190209455419001,
                          0.062127082114571935,
                          0.07638204516291917,
                          0.1150260897248194,
                          0.04111093981146864,
                          0.07165885339020515,
                          0.17281957812359888,
                          0.09179280908335384,
                          0.07781496270220892]]},
            {'activation': 'sigmoid',
             'bias': [-0.02420261045839458,
                      0.027537716541312734,
                      -0.008126832138705667,
                      -0.012742706598388335,
                      0.014575496580314738],
             'name': 'output',
             'neurons': [<gameplay.Neuron object at 0x7f98746f8c50>,
                         <gameplay.Neuron object at 0x7f98746f8c88>,
                         <gameplay.Neuron object at 0x7f98746f8cf8>,
                         <gameplay.Neuron object at 0x7f98746f8cc0>,
                         <gameplay.Neuron object at 0x7f98746f8d30>],
             'num_neurons': 5,
             'weights': [[0.06960819903081239,
                          0.08769354338994434,
                          0.09296595069616977,
                          0.061770169712078715,
                          0.10558741186324894,
                          0.13412675304381944,
                          0.12248707787161042,
                          0.10989627372216132],
                         [0.06691953296422243,
                          0.09378987966008881,
                          0.06794625489131331,
                          0.14371100734376036,
                          0.09139258756380192,
                          0.07762217776536487,
                          0.07660989876081176,
                          0.17406954580342496],
                         [0.12482949033067048,
                          0.0756492992252487,
                          0.1164588125614879,
                          0.09406258898548261,
                          0.08800794550363754,
                          0.10431094452114478,
                          0.14514629599581402,
                          0.09190156134181347],
                         [0.12159109373835089,
                          0.06716375461169706,
                          0.11887971465507444,
                          0.06646183110498395,
                          0.15514015153274072,
                          0.10476129767083883,
                          0.10169330279561041,
                          0.09329779120743262],
                         [0.11984977404209358,
                          0.08354466423855203,
                          0.1288500823628608,
                          0.05825519923013281,
                          0.1632618582183755,
                          0.11436363784801476,
                          0.09172394028029668,
                          0.11661933817278239],
                         [0.08862992658386369,
                          0.10039656201912864,
                          0.14820119324300468,
                          0.09464691909912062,
                          0.06672429468097889,
                          0.1104666927225433,
                          0.05092392002596085,
                          0.10966846137631765]]}]}
load_tensorflow_graph: path = tensorflow/mario-model-simple-2019-07-17/frozen_inference_graph.pb
object_detection_graph = <tensorflow.python.framework.ops.Graph object at 0x7f98746f8dd8>
Doing start sequence
Sleeping one second
sending start
sending empty
Found black world screen for the second time. exiting.



Seconds left: 393
Moves to the right: 14
