pygame 1.9.6
Hello from the pygame community. https://www.pygame.org/contribute.html
Loading neural net from gameplay_neural_nets/62/4.nn
net = {'generation': 55,
 'inputs': [],
 'layers': [{'activation': 'sigmoid',
             'bias': [-0.033273178926882696,
                      0.03314230142678137,
                      -0.029951286629214174,
                      -0.003989557499551726,
                      0.016979526496888997,
                      0.0031370249513260322,
                      -0.005675652913587901,
                      -0.031272329427075224],
             'name': 'input',
             'neurons': [],
             'num_neurons': 8,
             'weights': [[0.4396098609440011,
                          0.5038401799134924,
                          0.5099268053198167,
                          0.46948289670828713,
                          0.5018925540263984,
                          0.4840916271515108,
                          0.5434381620253635,
                          0.48824298099353036,
                          0.4948455051397453,
                          0.5425765526362489],
                         [0.4677356155515276,
                          0.49703967211350003,
                          0.5379764803704846,
                          0.5134972885435324,
                          0.5121243615980456,
                          0.49547553937712047,
                          0.48145455907993556,
                          0.47297448755679766,
                          0.5274667447394004,
                          0.5115261704368462],
                         [0.556938141855952,
                          0.4813767778023424,
                          0.4904971765044448,
                          0.49587282428690443,
                          0.49934381409577827,
                          0.5210710913265452,
                          0.5012521261528634,
                          0.47193859827851564,
                          0.4659552292910725,
                          0.49641519307867715],
                         [0.5049613889231295,
                          0.46355619572630985,
                          0.5009589372635626,
                          0.4343089036977272,
                          0.4646077374351812,
                          0.5378912483995566,
                          0.5045806875464638,
                          0.4765765070087208,
                          0.5215044060807922,
                          0.5027123053206398],
                         [0.49511230083950786,
                          0.500188114011277,
                          0.5083999947782241,
                          0.4629969600625567,
                          0.5240106982157345,
                          0.4945552828734759,
                          0.5063349724272342,
                          0.4880959093017538,
                          0.48901884407002466,
                          0.5438157907807788],
                         [0.499731069185631,
                          0.5094210043578619,
                          0.49898186446321857,
                          0.5278391230675772,
                          0.4838158073224308,
                          0.4615827381739678,
                          0.5657841830280713,
                          0.44725801022383543,
                          0.4976950730287622,
                          0.4373819797895821],
                         [0.5452519988977573,
                          0.4941785771864167,
                          0.5046114473882664,
                          0.4988585419056739,
                          0.5033697567948922,
                          0.49598885698054895,
                          0.5472503763310985,
                          0.49104472556308715,
                          0.5112272922688766,
                          0.4998483125693203],
                         [0.5077336081276644,
                          0.4927421551099985,
                          0.515998037408406,
                          0.5570371387615712,
                          0.507873766507569,
                          0.4844601735381691,
                          0.4472642473839436,
                          0.4717920189099168,
                          0.4922194269653022,
                          0.4866094729285502]]},
            {'activation': 'sigmoid',
             'bias': [-0.04098109506373067,
                      -0.008209122264165787,
                      -0.04172507086912658,
                      -0.0025350907127075616,
                      0.010913880705122897,
                      -0.034831416909011884],
             'name': 'hidden1',
             'neurons': [],
             'num_neurons': 6,
             'weights': [[0.4804075294043275,
                          0.4859236383279404,
                          0.5296256269076408,
                          0.5025685888947177,
                          0.5231739618409522,
                          0.47951125186529636,
                          0.5417706884968031,
                          0.4809523241951853],
                         [0.5268226907742953,
                          0.5593525597392531,
                          0.5225882132003173,
                          0.4663510907368047,
                          0.4527054031867337,
                          0.5269996826145096,
                          0.46134948504452994,
                          0.49868447336585575],
                         [0.49853823052112395,
                          0.5132444971008129,
                          0.5018941055593213,
                          0.5351297363510482,
                          0.5558586169083468,
                          0.5497155185750368,
                          0.5301205524774311,
                          0.5351882538142292],
                         [0.5134233367833956,
                          0.5048876618755591,
                          0.47148347612355734,
                          0.5029592337014972,
                          0.45050279895456724,
                          0.48940140110018765,
                          0.5166592882416677,
                          0.5285424461179005],
                         [0.4774141934980977,
                          0.5613454967786827,
                          0.5017031365790111,
                          0.47857756345310626,
                          0.4973247833283321,
                          0.49901774902339374,
                          0.5152660767602396,
                          0.5048817287969126],
                         [0.448971936233917,
                          0.5275244389141497,
                          0.49710314892902896,
                          0.47660861691265155,
                          0.460545282766166,
                          0.47971282186122505,
                          0.477290334974287,
                          0.5202954439660825],
                         [0.46599197715759744,
                          0.48863816549130207,
                          0.5152814191997814,
                          0.5212224597347618,
                          0.46827693883272453,
                          0.49264380973040106,
                          0.5432097642059132,
                          0.5014095917006728],
                         [0.49645224478889327,
                          0.5626627787336453,
                          0.4971388935843773,
                          0.5181935097542966,
                          0.5232099032843925,
                          0.49742546334325566,
                          0.48008996857117825,
                          0.49047386367961526]]},
            {'activation': 'sigmoid',
             'bias': [-0.027618690285702935,
                      0.026071794437471735,
                      -0.00942331279103059,
                      0.02949878615220501,
                      0.022556980623462872],
             'name': 'output',
             'neurons': [],
             'num_neurons': 5,
             'weights': [[0.46708795730559477,
                          0.5028098144341754,
                          0.5341792811926008,
                          0.4933453790465973,
                          0.5062374446895919,
                          0.4851115830820419],
                         [0.527236978822125,
                          0.5185107056784095,
                          0.4747168728028784,
                          0.4982072261734697,
                          0.5071966240869301,
                          0.4896746451406824],
                         [0.49833664741369965,
                          0.4991845353876047,
                          0.4662117115760929,
                          0.5176411546600598,
                          0.5481353803457518,
                          0.47678619506967224],
                         [0.5041363360290609,
                          0.46769771941082644,
                          0.5102385916366958,
                          0.4879679209990433,
                          0.4820788506026604,
                          0.49705657769557443],
                         [0.4997630679606101,
                          0.5152804043182225,
                          0.4627018073773433,
                          0.5423645446456253,
                          0.5002749363701317,
                          0.5005265450434639],
                         [0.5017579366679933,
                          0.5065542248973514,
                          0.4930691884331162,
                          0.46545438284800944,
                          0.4900217076655318,
                          0.4653733318011297]]}]}
{'generation': 55,
 'inputs': [],
 'layers': [{'activation': 'sigmoid',
             'bias': [-0.033273178926882696,
                      0.03314230142678137,
                      -0.029951286629214174,
                      -0.003989557499551726,
                      0.016979526496888997,
                      0.0031370249513260322,
                      -0.005675652913587901,
                      -0.031272329427075224],
             'name': 'input',
             'neurons': [<gameplay.Neuron object at 0x7f1534005828>,
                         <gameplay.Neuron object at 0x7f15340057f0>,
                         <gameplay.Neuron object at 0x7f1534005208>,
                         <gameplay.Neuron object at 0x7f1534005b38>,
                         <gameplay.Neuron object at 0x7f1534005be0>,
                         <gameplay.Neuron object at 0x7f1534005b70>,
                         <gameplay.Neuron object at 0x7f1534005c88>,
                         <gameplay.Neuron object at 0x7f1534005cc0>],
             'num_neurons': 8,
             'weights': [[0.4396098609440011,
                          0.5038401799134924,
                          0.5099268053198167,
                          0.46948289670828713,
                          0.5018925540263984,
                          0.4840916271515108,
                          0.5434381620253635,
                          0.48824298099353036,
                          0.4948455051397453,
                          0.5425765526362489],
                         [0.4677356155515276,
                          0.49703967211350003,
                          0.5379764803704846,
                          0.5134972885435324,
                          0.5121243615980456,
                          0.49547553937712047,
                          0.48145455907993556,
                          0.47297448755679766,
                          0.5274667447394004,
                          0.5115261704368462],
                         [0.556938141855952,
                          0.4813767778023424,
                          0.4904971765044448,
                          0.49587282428690443,
                          0.49934381409577827,
                          0.5210710913265452,
                          0.5012521261528634,
                          0.47193859827851564,
                          0.4659552292910725,
                          0.49641519307867715],
                         [0.5049613889231295,
                          0.46355619572630985,
                          0.5009589372635626,
                          0.4343089036977272,
                          0.4646077374351812,
                          0.5378912483995566,
                          0.5045806875464638,
                          0.4765765070087208,
                          0.5215044060807922,
                          0.5027123053206398],
                         [0.49511230083950786,
                          0.500188114011277,
                          0.5083999947782241,
                          0.4629969600625567,
                          0.5240106982157345,
                          0.4945552828734759,
                          0.5063349724272342,
                          0.4880959093017538,
                          0.48901884407002466,
                          0.5438157907807788],
                         [0.499731069185631,
                          0.5094210043578619,
                          0.49898186446321857,
                          0.5278391230675772,
                          0.4838158073224308,
                          0.4615827381739678,
                          0.5657841830280713,
                          0.44725801022383543,
                          0.4976950730287622,
                          0.4373819797895821],
                         [0.5452519988977573,
                          0.4941785771864167,
                          0.5046114473882664,
                          0.4988585419056739,
                          0.5033697567948922,
                          0.49598885698054895,
                          0.5472503763310985,
                          0.49104472556308715,
                          0.5112272922688766,
                          0.4998483125693203],
                         [0.5077336081276644,
                          0.4927421551099985,
                          0.515998037408406,
                          0.5570371387615712,
                          0.507873766507569,
                          0.4844601735381691,
                          0.4472642473839436,
                          0.4717920189099168,
                          0.4922194269653022,
                          0.4866094729285502]]},
            {'activation': 'sigmoid',
             'bias': [-0.04098109506373067,
                      -0.008209122264165787,
                      -0.04172507086912658,
                      -0.0025350907127075616,
                      0.010913880705122897,
                      -0.034831416909011884],
             'name': 'hidden1',
             'neurons': [<gameplay.Neuron object at 0x7f1534005cf8>,
                         <gameplay.Neuron object at 0x7f1534005d30>,
                         <gameplay.Neuron object at 0x7f1534005da0>,
                         <gameplay.Neuron object at 0x7f1534005d68>,
                         <gameplay.Neuron object at 0x7f1534005dd8>,
                         <gameplay.Neuron object at 0x7f1534005e48>],
             'num_neurons': 6,
             'weights': [[0.4804075294043275,
                          0.4859236383279404,
                          0.5296256269076408,
                          0.5025685888947177,
                          0.5231739618409522,
                          0.47951125186529636,
                          0.5417706884968031,
                          0.4809523241951853],
                         [0.5268226907742953,
                          0.5593525597392531,
                          0.5225882132003173,
                          0.4663510907368047,
                          0.4527054031867337,
                          0.5269996826145096,
                          0.46134948504452994,
                          0.49868447336585575],
                         [0.49853823052112395,
                          0.5132444971008129,
                          0.5018941055593213,
                          0.5351297363510482,
                          0.5558586169083468,
                          0.5497155185750368,
                          0.5301205524774311,
                          0.5351882538142292],
                         [0.5134233367833956,
                          0.5048876618755591,
                          0.47148347612355734,
                          0.5029592337014972,
                          0.45050279895456724,
                          0.48940140110018765,
                          0.5166592882416677,
                          0.5285424461179005],
                         [0.4774141934980977,
                          0.5613454967786827,
                          0.5017031365790111,
                          0.47857756345310626,
                          0.4973247833283321,
                          0.49901774902339374,
                          0.5152660767602396,
                          0.5048817287969126],
                         [0.448971936233917,
                          0.5275244389141497,
                          0.49710314892902896,
                          0.47660861691265155,
                          0.460545282766166,
                          0.47971282186122505,
                          0.477290334974287,
                          0.5202954439660825],
                         [0.46599197715759744,
                          0.48863816549130207,
                          0.5152814191997814,
                          0.5212224597347618,
                          0.46827693883272453,
                          0.49264380973040106,
                          0.5432097642059132,
                          0.5014095917006728],
                         [0.49645224478889327,
                          0.5626627787336453,
                          0.4971388935843773,
                          0.5181935097542966,
                          0.5232099032843925,
                          0.49742546334325566,
                          0.48008996857117825,
                          0.49047386367961526]]},
            {'activation': 'sigmoid',
             'bias': [-0.027618690285702935,
                      0.026071794437471735,
                      -0.00942331279103059,
                      0.02949878615220501,
                      0.022556980623462872],
             'name': 'output',
             'neurons': [<gameplay.Neuron object at 0x7f1534005e10>,
                         <gameplay.Neuron object at 0x7f1534005e80>,
                         <gameplay.Neuron object at 0x7f1534005ba8>,
                         <gameplay.Neuron object at 0x7f1534005c18>,
                         <gameplay.Neuron object at 0x7f1534005c50>],
             'num_neurons': 5,
             'weights': [[0.46708795730559477,
                          0.5028098144341754,
                          0.5341792811926008,
                          0.4933453790465973,
                          0.5062374446895919,
                          0.4851115830820419],
                         [0.527236978822125,
                          0.5185107056784095,
                          0.4747168728028784,
                          0.4982072261734697,
                          0.5071966240869301,
                          0.4896746451406824],
                         [0.49833664741369965,
                          0.4991845353876047,
                          0.4662117115760929,
                          0.5176411546600598,
                          0.5481353803457518,
                          0.47678619506967224],
                         [0.5041363360290609,
                          0.46769771941082644,
                          0.5102385916366958,
                          0.4879679209990433,
                          0.4820788506026604,
                          0.49705657769557443],
                         [0.4997630679606101,
                          0.5152804043182225,
                          0.4627018073773433,
                          0.5423645446456253,
                          0.5002749363701317,
                          0.5005265450434639],
                         [0.5017579366679933,
                          0.5065542248973514,
                          0.4930691884331162,
                          0.46545438284800944,
                          0.4900217076655318,
                          0.4653733318011297]]}]}
load_tensorflow_graph: path = tensorflow/mario-model-simple-2019-07-17/frozen_inference_graph.pb
object_detection_graph = <tensorflow.python.framework.ops.Graph object at 0x7f1534005f98>
Doing start sequence
Sleeping one second
sending start
sending empty
Found black world screen for the second time. exiting.



Seconds left: 378
Moves to the right: 58
frame count: 108
time start:  1568173330.00159,   time_now: 1568173342.4311209
