pygame 1.9.6
Hello from the pygame community. https://www.pygame.org/contribute.html
Loading neural net from gameplay_neural_nets/98/grand_father_8.nn
net = {'generation': 87,
 'inputs': [],
 'layers': [{'activation': 'sigmoid',
             'bias': [0.02739151166601817,
                      0.0002749286100292344,
                      0.017275541454598364,
                      -0.02696564037351088,
                      0.013196778870193167,
                      -0.03144001262199498,
                      0.017129214279151886,
                      -0.030475670812412755],
             'name': 'input',
             'neurons': [],
             'num_neurons': 8,
             'weights': [[0.36042791532430807,
                          0.41891453586153776,
                          0.1071223444980307,
                          0.12980124900112436,
                          0.10799375527364315,
                          0.07892412616237551,
                          0.0922193299030517,
                          0.11142200568174004,
                          0.08367461778550947,
                          0.08761410376200653],
                         [0.37311168210626267,
                          0.3663635873717586,
                          0.09271341750501666,
                          0.10196157925578501,
                          0.10465034212724204,
                          0.08610007295040967,
                          0.11097952828759905,
                          0.09023714597198819,
                          0.11752545876820303,
                          0.11911566856954305],
                         [0.38513680910730663,
                          0.4348822077154349,
                          0.09721379254596253,
                          0.0657954752642099,
                          0.1063628958769765,
                          0.09893224458914926,
                          0.09710382475812865,
                          0.10261826554757145,
                          0.09667140485461513,
                          0.10417875622689896],
                         [0.38342374402310947,
                          0.3923068721303395,
                          0.08967374484222186,
                          0.1131536461555081,
                          0.05667315627479175,
                          0.08936681734783973,
                          0.09848741373636449,
                          0.13135072799767405,
                          0.1095844592187643,
                          0.12158921186291842],
                         [0.396735932840525,
                          0.3951741600278526,
                          0.042902250474575354,
                          0.12771992093849321,
                          0.08967806387427313,
                          0.1409106483112831,
                          0.12365046167564814,
                          0.1372419492681667,
                          0.09701000433579299,
                          0.07451005828988147],
                         [0.3742946502690349,
                          0.4297280348155157,
                          0.08815003970692364,
                          0.08472146252318279,
                          0.1066706368163414,
                          0.0661228072344726,
                          0.09595988087112753,
                          0.10519093996161469,
                          0.11444962565804873,
                          0.10798872247542601],
                         [0.3642448235406567,
                          0.38108806651502414,
                          0.11098223405602797,
                          0.04935605925558887,
                          0.11818433903420793,
                          0.1192544086374223,
                          0.1022436395973232,
                          0.120141629871259,
                          0.1060632898675574,
                          0.07875091356178092],
                         [0.3914922908687648,
                          0.4190209455419001,
                          0.05817323627200885,
                          0.0704113218992043,
                          0.1150260897248194,
                          0.036791730260013825,
                          0.07165885339020515,
                          0.1658668237362571,
                          0.09179280908335384,
                          0.07781496270220892]]},
            {'activation': 'sigmoid',
             'bias': [-0.025039147835464626,
                      0.027537716541312734,
                      -0.008126832138705667,
                      -0.01361686657480158,
                      0.014575496580314738],
             'name': 'output',
             'neurons': [],
             'num_neurons': 5,
             'weights': [[0.06960819903081239,
                          0.08769354338994434,
                          0.09296595069616977,
                          0.058776749311009326,
                          0.10558741186324894,
                          0.13412675304381944,
                          0.12248707787161042,
                          0.10989627372216132],
                         [0.06691953296422243,
                          0.08601351595775841,
                          0.06794625489131331,
                          0.1408112201110363,
                          0.09139258756380192,
                          0.07762217776536487,
                          0.07660989876081176,
                          0.17406954580342496],
                         [0.13038892812772507,
                          0.0756492992252487,
                          0.12370820475973675,
                          0.09406258898548261,
                          0.08800794550363754,
                          0.10431094452114478,
                          0.1392063320084525,
                          0.09190156134181347],
                         [0.12159109373835089,
                          0.06716375461169706,
                          0.11887971465507444,
                          0.06646183110498395,
                          0.15514015153274072,
                          0.10476129767083883,
                          0.10169330279561041,
                          0.09329779120743262],
                         [0.11984977404209358,
                          0.08890887234478717,
                          0.1288500823628608,
                          0.05825519923013281,
                          0.1632618582183755,
                          0.11436363784801476,
                          0.09781998271205265,
                          0.11107063938637309],
                         [0.08862992658386369,
                          0.10039656201912864,
                          0.14820119324300468,
                          0.0983862575654929,
                          0.05978033429419156,
                          0.1104666927225433,
                          0.051766853981309965,
                          0.10966846137631765]]}]}
{'generation': 87,
 'inputs': [],
 'layers': [{'activation': 'sigmoid',
             'bias': [0.02739151166601817,
                      0.0002749286100292344,
                      0.017275541454598364,
                      -0.02696564037351088,
                      0.013196778870193167,
                      -0.03144001262199498,
                      0.017129214279151886,
                      -0.030475670812412755],
             'name': 'input',
             'neurons': [<gameplay.Neuron object at 0x7f3f31064860>,
                         <gameplay.Neuron object at 0x7f3f31064828>,
                         <gameplay.Neuron object at 0x7f3f31064240>,
                         <gameplay.Neuron object at 0x7f3f31064b00>,
                         <gameplay.Neuron object at 0x7f3f31064ba8>,
                         <gameplay.Neuron object at 0x7f3f31064b38>,
                         <gameplay.Neuron object at 0x7f3f31064c88>,
                         <gameplay.Neuron object at 0x7f3f31064c50>],
             'num_neurons': 8,
             'weights': [[0.36042791532430807,
                          0.41891453586153776,
                          0.1071223444980307,
                          0.12980124900112436,
                          0.10799375527364315,
                          0.07892412616237551,
                          0.0922193299030517,
                          0.11142200568174004,
                          0.08367461778550947,
                          0.08761410376200653],
                         [0.37311168210626267,
                          0.3663635873717586,
                          0.09271341750501666,
                          0.10196157925578501,
                          0.10465034212724204,
                          0.08610007295040967,
                          0.11097952828759905,
                          0.09023714597198819,
                          0.11752545876820303,
                          0.11911566856954305],
                         [0.38513680910730663,
                          0.4348822077154349,
                          0.09721379254596253,
                          0.0657954752642099,
                          0.1063628958769765,
                          0.09893224458914926,
                          0.09710382475812865,
                          0.10261826554757145,
                          0.09667140485461513,
                          0.10417875622689896],
                         [0.38342374402310947,
                          0.3923068721303395,
                          0.08967374484222186,
                          0.1131536461555081,
                          0.05667315627479175,
                          0.08936681734783973,
                          0.09848741373636449,
                          0.13135072799767405,
                          0.1095844592187643,
                          0.12158921186291842],
                         [0.396735932840525,
                          0.3951741600278526,
                          0.042902250474575354,
                          0.12771992093849321,
                          0.08967806387427313,
                          0.1409106483112831,
                          0.12365046167564814,
                          0.1372419492681667,
                          0.09701000433579299,
                          0.07451005828988147],
                         [0.3742946502690349,
                          0.4297280348155157,
                          0.08815003970692364,
                          0.08472146252318279,
                          0.1066706368163414,
                          0.0661228072344726,
                          0.09595988087112753,
                          0.10519093996161469,
                          0.11444962565804873,
                          0.10798872247542601],
                         [0.3642448235406567,
                          0.38108806651502414,
                          0.11098223405602797,
                          0.04935605925558887,
                          0.11818433903420793,
                          0.1192544086374223,
                          0.1022436395973232,
                          0.120141629871259,
                          0.1060632898675574,
                          0.07875091356178092],
                         [0.3914922908687648,
                          0.4190209455419001,
                          0.05817323627200885,
                          0.0704113218992043,
                          0.1150260897248194,
                          0.036791730260013825,
                          0.07165885339020515,
                          0.1658668237362571,
                          0.09179280908335384,
                          0.07781496270220892]]},
            {'activation': 'sigmoid',
             'bias': [-0.025039147835464626,
                      0.027537716541312734,
                      -0.008126832138705667,
                      -0.01361686657480158,
                      0.014575496580314738],
             'name': 'output',
             'neurons': [<gameplay.Neuron object at 0x7f3f31064cc0>,
                         <gameplay.Neuron object at 0x7f3f31064cf8>,
                         <gameplay.Neuron object at 0x7f3f31064d68>,
                         <gameplay.Neuron object at 0x7f3f31064d30>,
                         <gameplay.Neuron object at 0x7f3f31064da0>],
             'num_neurons': 5,
             'weights': [[0.06960819903081239,
                          0.08769354338994434,
                          0.09296595069616977,
                          0.058776749311009326,
                          0.10558741186324894,
                          0.13412675304381944,
                          0.12248707787161042,
                          0.10989627372216132],
                         [0.06691953296422243,
                          0.08601351595775841,
                          0.06794625489131331,
                          0.1408112201110363,
                          0.09139258756380192,
                          0.07762217776536487,
                          0.07660989876081176,
                          0.17406954580342496],
                         [0.13038892812772507,
                          0.0756492992252487,
                          0.12370820475973675,
                          0.09406258898548261,
                          0.08800794550363754,
                          0.10431094452114478,
                          0.1392063320084525,
                          0.09190156134181347],
                         [0.12159109373835089,
                          0.06716375461169706,
                          0.11887971465507444,
                          0.06646183110498395,
                          0.15514015153274072,
                          0.10476129767083883,
                          0.10169330279561041,
                          0.09329779120743262],
                         [0.11984977404209358,
                          0.08890887234478717,
                          0.1288500823628608,
                          0.05825519923013281,
                          0.1632618582183755,
                          0.11436363784801476,
                          0.09781998271205265,
                          0.11107063938637309],
                         [0.08862992658386369,
                          0.10039656201912864,
                          0.14820119324300468,
                          0.0983862575654929,
                          0.05978033429419156,
                          0.1104666927225433,
                          0.051766853981309965,
                          0.10966846137631765]]}]}
load_tensorflow_graph: path = tensorflow/mario-model-simple-2019-07-17/frozen_inference_graph.pb
object_detection_graph = <tensorflow.python.framework.ops.Graph object at 0x7f3f31064e48>
Doing start sequence
Sleeping one second
sending start
sending empty
Found black world screen for the second time. exiting.



Seconds left: 393
Moves to the right: 18
