pygame 1.9.6
Hello from the pygame community. https://www.pygame.org/contribute.html
Loading neural net from gameplay_neural_nets/96/5.nn
net = {'generation': 86,
 'inputs': [],
 'layers': [{'activation': 'sigmoid',
             'bias': [0.02739151166601817,
                      -0.005869450952365726,
                      0.008643460613193477,
                      -0.02696564037351088,
                      0.013196778870193167,
                      -0.03144001262199498,
                      0.017129214279151886,
                      -0.030475670812412755],
             'name': 'input',
             'neurons': [],
             'num_neurons': 8,
             'weights': [[0.36042791532430807,
                          0.4253383771429339,
                          0.1071223444980307,
                          0.12980124900112436,
                          0.10799375527364315,
                          0.07892412616237551,
                          0.08541881289645405,
                          0.09786503127529556,
                          0.08565062277285668,
                          0.0906618069093463],
                         [0.37311168210626267,
                          0.3663635873717586,
                          0.09633213866730309,
                          0.10196157925578501,
                          0.09593402990041969,
                          0.08610007295040967,
                          0.11049431593208178,
                          0.09023714597198819,
                          0.11647759018293048,
                          0.11911566856954305],
                         [0.37162181157560475,
                          0.44287460884925056,
                          0.09721379254596253,
                          0.0657954752642099,
                          0.1063628958769765,
                          0.09964851796829946,
                          0.09710382475812865,
                          0.10700137190415389,
                          0.09667140485461513,
                          0.10150862766136128],
                         [0.38342374402310947,
                          0.3923068721303395,
                          0.08967374484222186,
                          0.107621526929297,
                          0.06660088091830367,
                          0.0920800483072338,
                          0.09848741373636449,
                          0.12548638075321197,
                          0.1095844592187643,
                          0.12158921186291842],
                         [0.396735932840525,
                          0.3994835567563718,
                          0.04262315295958379,
                          0.12771992093849321,
                          0.08999071903237889,
                          0.1462272742160392,
                          0.12365046167564814,
                          0.1307831795883428,
                          0.09701000433579299,
                          0.07587282655062022],
                         [0.37178137521912535,
                          0.4297280348155157,
                          0.08815003970692364,
                          0.09197015330898498,
                          0.10945757504823093,
                          0.07527653749955145,
                          0.09595988087112753,
                          0.10519093996161469,
                          0.11444962565804873,
                          0.1099425669104658],
                         [0.3642448235406567,
                          0.3775624696640414,
                          0.11098223405602797,
                          0.057595221765969144,
                          0.11902493193829651,
                          0.1192544086374223,
                          0.1022436395973232,
                          0.120141629871259,
                          0.1060632898675574,
                          0.07093644983971018],
                         [0.3914922908687648,
                          0.4149489463926993,
                          0.05666206161660588,
                          0.0704113218992043,
                          0.12339376072320091,
                          0.036791730260013825,
                          0.07165885339020515,
                          0.15843987427748593,
                          0.09179280908335384,
                          0.07781496270220892]]},
            {'activation': 'sigmoid',
             'bias': [-0.029839462640639722,
                      0.027537716541312734,
                      0.0022711090216583595,
                      -0.01361686657480158,
                      0.010668431802918089],
             'name': 'output',
             'neurons': [],
             'num_neurons': 5,
             'weights': [[0.06960819903081239,
                          0.08987110086319361,
                          0.09296595069616977,
                          0.058776749311009326,
                          0.10558741186324894,
                          0.13412675304381944,
                          0.12248707787161042,
                          0.1001184387844227],
                         [0.06673645057136554,
                          0.08601351595775841,
                          0.06794625489131331,
                          0.14890431599741086,
                          0.09139258756380192,
                          0.08594561623042746,
                          0.0817988946301948,
                          0.17406954580342496],
                         [0.13203006557369432,
                          0.0756492992252487,
                          0.11690852034700529,
                          0.09367186337237042,
                          0.08800794550363754,
                          0.10431094452114478,
                          0.14109672618989286,
                          0.09294779424773263],
                         [0.12159109373835089,
                          0.07069252500377672,
                          0.11887971465507444,
                          0.06730179592366006,
                          0.14859726447384408,
                          0.10476129767083883,
                          0.10169330279561041,
                          0.09056282223270985],
                         [0.11984977404209358,
                          0.09648882227253668,
                          0.12820851223497637,
                          0.05825519923013281,
                          0.16301863167137184,
                          0.11043883838555528,
                          0.09781998271205265,
                          0.10446737375521414],
                         [0.09407734199755748,
                          0.10039656201912864,
                          0.142156481688636,
                          0.10207429406644246,
                          0.05978033429419156,
                          0.1104666927225433,
                          0.04896139005245568,
                          0.10324710579086861]]}]}
{'generation': 86,
 'inputs': [],
 'layers': [{'activation': 'sigmoid',
             'bias': [0.02739151166601817,
                      -0.005869450952365726,
                      0.008643460613193477,
                      -0.02696564037351088,
                      0.013196778870193167,
                      -0.03144001262199498,
                      0.017129214279151886,
                      -0.030475670812412755],
             'name': 'input',
             'neurons': [<gameplay.Neuron object at 0x7fd99e430860>,
                         <gameplay.Neuron object at 0x7fd99e430828>,
                         <gameplay.Neuron object at 0x7fd99e430240>,
                         <gameplay.Neuron object at 0x7fd99e430b00>,
                         <gameplay.Neuron object at 0x7fd99e430ba8>,
                         <gameplay.Neuron object at 0x7fd99e430b38>,
                         <gameplay.Neuron object at 0x7fd99e430c88>,
                         <gameplay.Neuron object at 0x7fd99e430c50>],
             'num_neurons': 8,
             'weights': [[0.36042791532430807,
                          0.4253383771429339,
                          0.1071223444980307,
                          0.12980124900112436,
                          0.10799375527364315,
                          0.07892412616237551,
                          0.08541881289645405,
                          0.09786503127529556,
                          0.08565062277285668,
                          0.0906618069093463],
                         [0.37311168210626267,
                          0.3663635873717586,
                          0.09633213866730309,
                          0.10196157925578501,
                          0.09593402990041969,
                          0.08610007295040967,
                          0.11049431593208178,
                          0.09023714597198819,
                          0.11647759018293048,
                          0.11911566856954305],
                         [0.37162181157560475,
                          0.44287460884925056,
                          0.09721379254596253,
                          0.0657954752642099,
                          0.1063628958769765,
                          0.09964851796829946,
                          0.09710382475812865,
                          0.10700137190415389,
                          0.09667140485461513,
                          0.10150862766136128],
                         [0.38342374402310947,
                          0.3923068721303395,
                          0.08967374484222186,
                          0.107621526929297,
                          0.06660088091830367,
                          0.0920800483072338,
                          0.09848741373636449,
                          0.12548638075321197,
                          0.1095844592187643,
                          0.12158921186291842],
                         [0.396735932840525,
                          0.3994835567563718,
                          0.04262315295958379,
                          0.12771992093849321,
                          0.08999071903237889,
                          0.1462272742160392,
                          0.12365046167564814,
                          0.1307831795883428,
                          0.09701000433579299,
                          0.07587282655062022],
                         [0.37178137521912535,
                          0.4297280348155157,
                          0.08815003970692364,
                          0.09197015330898498,
                          0.10945757504823093,
                          0.07527653749955145,
                          0.09595988087112753,
                          0.10519093996161469,
                          0.11444962565804873,
                          0.1099425669104658],
                         [0.3642448235406567,
                          0.3775624696640414,
                          0.11098223405602797,
                          0.057595221765969144,
                          0.11902493193829651,
                          0.1192544086374223,
                          0.1022436395973232,
                          0.120141629871259,
                          0.1060632898675574,
                          0.07093644983971018],
                         [0.3914922908687648,
                          0.4149489463926993,
                          0.05666206161660588,
                          0.0704113218992043,
                          0.12339376072320091,
                          0.036791730260013825,
                          0.07165885339020515,
                          0.15843987427748593,
                          0.09179280908335384,
                          0.07781496270220892]]},
            {'activation': 'sigmoid',
             'bias': [-0.029839462640639722,
                      0.027537716541312734,
                      0.0022711090216583595,
                      -0.01361686657480158,
                      0.010668431802918089],
             'name': 'output',
             'neurons': [<gameplay.Neuron object at 0x7fd99e430cc0>,
                         <gameplay.Neuron object at 0x7fd99e430cf8>,
                         <gameplay.Neuron object at 0x7fd99e430d68>,
                         <gameplay.Neuron object at 0x7fd99e430d30>,
                         <gameplay.Neuron object at 0x7fd99e430da0>],
             'num_neurons': 5,
             'weights': [[0.06960819903081239,
                          0.08987110086319361,
                          0.09296595069616977,
                          0.058776749311009326,
                          0.10558741186324894,
                          0.13412675304381944,
                          0.12248707787161042,
                          0.1001184387844227],
                         [0.06673645057136554,
                          0.08601351595775841,
                          0.06794625489131331,
                          0.14890431599741086,
                          0.09139258756380192,
                          0.08594561623042746,
                          0.0817988946301948,
                          0.17406954580342496],
                         [0.13203006557369432,
                          0.0756492992252487,
                          0.11690852034700529,
                          0.09367186337237042,
                          0.08800794550363754,
                          0.10431094452114478,
                          0.14109672618989286,
                          0.09294779424773263],
                         [0.12159109373835089,
                          0.07069252500377672,
                          0.11887971465507444,
                          0.06730179592366006,
                          0.14859726447384408,
                          0.10476129767083883,
                          0.10169330279561041,
                          0.09056282223270985],
                         [0.11984977404209358,
                          0.09648882227253668,
                          0.12820851223497637,
                          0.05825519923013281,
                          0.16301863167137184,
                          0.11043883838555528,
                          0.09781998271205265,
                          0.10446737375521414],
                         [0.09407734199755748,
                          0.10039656201912864,
                          0.142156481688636,
                          0.10207429406644246,
                          0.05978033429419156,
                          0.1104666927225433,
                          0.04896139005245568,
                          0.10324710579086861]]}]}
load_tensorflow_graph: path = tensorflow/mario-model-simple-2019-07-17/frozen_inference_graph.pb
object_detection_graph = <tensorflow.python.framework.ops.Graph object at 0x7fd99e430e48>
Doing start sequence
Sleeping one second
sending start
sending empty
Found black world screen for the second time. exiting.



Seconds left: 393
Moves to the right: 18
