pygame 1.9.6
Hello from the pygame community. https://www.pygame.org/contribute.html
Loading neural net from gameplay_neural_nets/46/2.nn
net = {'generation': 41,
 'inputs': [],
 'layers': [{'activation': 'sigmoid',
             'bias': [-0.02272645186188807,
                      0.041593344361700084,
                      -0.04003952303848968,
                      0.017110192944146743,
                      0.0022994911670161516,
                      0.010305349792426451,
                      -0.015231331752620593,
                      -0.014931745624650437],
             'name': 'input',
             'neurons': [],
             'num_neurons': 8,
             'weights': [[0.4455973044172555,
                          0.4906676733742843,
                          0.5100243900657325,
                          0.4712172414929561,
                          0.48750642665197597,
                          0.4633177869869293,
                          0.5077304057456017,
                          0.48382308401233354,
                          0.5033528024583566,
                          0.5235339978230625],
                         [0.4680965727364288,
                          0.4849609687400219,
                          0.5117612274117419,
                          0.5227597567525344,
                          0.5119236462877821,
                          0.4941198442491713,
                          0.4738681166373953,
                          0.4542747016073097,
                          0.513169139635303,
                          0.5129047518862074],
                         [0.5391633636192155,
                          0.5089561720121258,
                          0.48525005251636977,
                          0.47885345937682733,
                          0.46401970630660233,
                          0.4878778735520011,
                          0.522618410913167,
                          0.4674544265446257,
                          0.4681169855371962,
                          0.523828306315447],
                         [0.5130389268023132,
                          0.47997600729582757,
                          0.4960797908484409,
                          0.44875697728630126,
                          0.46938294872335934,
                          0.5161038217529561,
                          0.49783356643479015,
                          0.47390073835686247,
                          0.4993827424830706,
                          0.5116793683815065],
                         [0.5001118171389605,
                          0.5036379781960705,
                          0.5125848330176639,
                          0.48315563563175373,
                          0.5129793703896349,
                          0.5014399727338157,
                          0.5154923596156746,
                          0.5001743279426485,
                          0.5170428250333291,
                          0.5383775051655237],
                         [0.49047878470978307,
                          0.5257494443598401,
                          0.49276978117196696,
                          0.5402862998981426,
                          0.4990475766204746,
                          0.47931403747340906,
                          0.5476496069337311,
                          0.4765131770048429,
                          0.5203708304448081,
                          0.44797881925092314],
                         [0.5304930685910346,
                          0.5033479364948846,
                          0.5098461205435202,
                          0.485594646106014,
                          0.5087718772708583,
                          0.49629252671631396,
                          0.5268732696213221,
                          0.5010226836402598,
                          0.5135895651979104,
                          0.4952538415923896],
                         [0.5037183046040338,
                          0.5047045086417077,
                          0.49390815735519056,
                          0.5583865490535458,
                          0.49854573464614094,
                          0.46637031756158837,
                          0.4552976314629508,
                          0.47940882129686196,
                          0.4812865879111777,
                          0.46301415037360794]]},
            {'activation': 'sigmoid',
             'bias': [-0.03301476978899567,
                      -0.0033596176246890493,
                      -0.028581622935638304,
                      0.017979538442342208,
                      0.014161116066959242,
                      -0.05150595439031424],
             'name': 'hidden1',
             'neurons': [],
             'num_neurons': 6,
             'weights': [[0.4914879946049747,
                          0.4799485626367571,
                          0.510523863626796,
                          0.4627316938928054,
                          0.5314397225008294,
                          0.47292470096524053,
                          0.49977295389723897,
                          0.5007951595534526],
                         [0.5316910462938342,
                          0.536456171585778,
                          0.5113735116184983,
                          0.48409588956934524,
                          0.45183112056278946,
                          0.5286268483614974,
                          0.45930474062022886,
                          0.5064082523445094],
                         [0.5201270510052184,
                          0.5148997139472564,
                          0.5272859833851725,
                          0.5179531886934367,
                          0.5435983440903949,
                          0.5311852117824288,
                          0.522817082244332,
                          0.5321369415136512],
                         [0.5124005671091098,
                          0.48141217166435923,
                          0.4789167303774292,
                          0.49262742079102606,
                          0.4863075976452667,
                          0.4877609012672941,
                          0.47687284018700216,
                          0.5142171049552877],
                         [0.4756590618069634,
                          0.5575077347135831,
                          0.5189982224860991,
                          0.4912504949938239,
                          0.5123303948607069,
                          0.5122150285516469,
                          0.5157056004365681,
                          0.4967114730211607],
                         [0.482187635435055,
                          0.4875090831737833,
                          0.48178766558225644,
                          0.4600938036260957,
                          0.4933590111730187,
                          0.4708307514449039,
                          0.47486234706706354,
                          0.5059836832213667],
                         [0.49541242378768807,
                          0.4859908044779129,
                          0.5382922261922304,
                          0.5169099858405356,
                          0.4911345767633608,
                          0.504817526946906,
                          0.5344980538745452,
                          0.49013188444905714],
                         [0.5235219058051079,
                          0.535925263372145,
                          0.49864465121655566,
                          0.5093229570901157,
                          0.5222342039821849,
                          0.4859698931267055,
                          0.4849373374944381,
                          0.48788109932334006]]},
            {'activation': 'sigmoid',
             'bias': [-0.021690016989876937,
                      0.011676418945380096,
                      0.0031627545426584523,
                      0.022877020974160056,
                      0.02558030362483792],
             'name': 'output',
             'neurons': [],
             'num_neurons': 5,
             'weights': [[0.4852305004926449,
                          0.48944275536738807,
                          0.5093640214931362,
                          0.48737136897901573,
                          0.49140716104493565,
                          0.5143359189616583],
                         [0.5205264696300717,
                          0.5270315521858852,
                          0.46377436768582914,
                          0.4849414523511085,
                          0.5125848911643545,
                          0.49660028247505633],
                         [0.49651554803077735,
                          0.5105297608058924,
                          0.4846349715013165,
                          0.5001364417432971,
                          0.5302417220641836,
                          0.49329501380640134],
                         [0.49764148240522693,
                          0.4843703717372075,
                          0.49667322670739034,
                          0.47592536787251305,
                          0.4894346761911988,
                          0.5125966907570735],
                         [0.5187745708866742,
                          0.49491495542005776,
                          0.47032546125626473,
                          0.5339449170360522,
                          0.5055732636071593,
                          0.48665003702649384],
                         [0.4951538895002773,
                          0.5219661758394898,
                          0.5036389846636695,
                          0.4840492770029032,
                          0.48531568691412186,
                          0.4750061557589812]]}]}
{'generation': 41,
 'inputs': [],
 'layers': [{'activation': 'sigmoid',
             'bias': [-0.02272645186188807,
                      0.041593344361700084,
                      -0.04003952303848968,
                      0.017110192944146743,
                      0.0022994911670161516,
                      0.010305349792426451,
                      -0.015231331752620593,
                      -0.014931745624650437],
             'name': 'input',
             'neurons': [<gameplay.Neuron object at 0x7ff88bf38860>,
                         <gameplay.Neuron object at 0x7ff88bf38828>,
                         <gameplay.Neuron object at 0x7ff88bf38240>,
                         <gameplay.Neuron object at 0x7ff88bf38b70>,
                         <gameplay.Neuron object at 0x7ff88bf38c18>,
                         <gameplay.Neuron object at 0x7ff88bf38ba8>,
                         <gameplay.Neuron object at 0x7ff88bf38cc0>,
                         <gameplay.Neuron object at 0x7ff88bf38cf8>],
             'num_neurons': 8,
             'weights': [[0.4455973044172555,
                          0.4906676733742843,
                          0.5100243900657325,
                          0.4712172414929561,
                          0.48750642665197597,
                          0.4633177869869293,
                          0.5077304057456017,
                          0.48382308401233354,
                          0.5033528024583566,
                          0.5235339978230625],
                         [0.4680965727364288,
                          0.4849609687400219,
                          0.5117612274117419,
                          0.5227597567525344,
                          0.5119236462877821,
                          0.4941198442491713,
                          0.4738681166373953,
                          0.4542747016073097,
                          0.513169139635303,
                          0.5129047518862074],
                         [0.5391633636192155,
                          0.5089561720121258,
                          0.48525005251636977,
                          0.47885345937682733,
                          0.46401970630660233,
                          0.4878778735520011,
                          0.522618410913167,
                          0.4674544265446257,
                          0.4681169855371962,
                          0.523828306315447],
                         [0.5130389268023132,
                          0.47997600729582757,
                          0.4960797908484409,
                          0.44875697728630126,
                          0.46938294872335934,
                          0.5161038217529561,
                          0.49783356643479015,
                          0.47390073835686247,
                          0.4993827424830706,
                          0.5116793683815065],
                         [0.5001118171389605,
                          0.5036379781960705,
                          0.5125848330176639,
                          0.48315563563175373,
                          0.5129793703896349,
                          0.5014399727338157,
                          0.5154923596156746,
                          0.5001743279426485,
                          0.5170428250333291,
                          0.5383775051655237],
                         [0.49047878470978307,
                          0.5257494443598401,
                          0.49276978117196696,
                          0.5402862998981426,
                          0.4990475766204746,
                          0.47931403747340906,
                          0.5476496069337311,
                          0.4765131770048429,
                          0.5203708304448081,
                          0.44797881925092314],
                         [0.5304930685910346,
                          0.5033479364948846,
                          0.5098461205435202,
                          0.485594646106014,
                          0.5087718772708583,
                          0.49629252671631396,
                          0.5268732696213221,
                          0.5010226836402598,
                          0.5135895651979104,
                          0.4952538415923896],
                         [0.5037183046040338,
                          0.5047045086417077,
                          0.49390815735519056,
                          0.5583865490535458,
                          0.49854573464614094,
                          0.46637031756158837,
                          0.4552976314629508,
                          0.47940882129686196,
                          0.4812865879111777,
                          0.46301415037360794]]},
            {'activation': 'sigmoid',
             'bias': [-0.03301476978899567,
                      -0.0033596176246890493,
                      -0.028581622935638304,
                      0.017979538442342208,
                      0.014161116066959242,
                      -0.05150595439031424],
             'name': 'hidden1',
             'neurons': [<gameplay.Neuron object at 0x7ff88bf38d30>,
                         <gameplay.Neuron object at 0x7ff88bf38d68>,
                         <gameplay.Neuron object at 0x7ff88bf38dd8>,
                         <gameplay.Neuron object at 0x7ff88bf38da0>,
                         <gameplay.Neuron object at 0x7ff88bf38e10>,
                         <gameplay.Neuron object at 0x7ff88bf38e80>],
             'num_neurons': 6,
             'weights': [[0.4914879946049747,
                          0.4799485626367571,
                          0.510523863626796,
                          0.4627316938928054,
                          0.5314397225008294,
                          0.47292470096524053,
                          0.49977295389723897,
                          0.5007951595534526],
                         [0.5316910462938342,
                          0.536456171585778,
                          0.5113735116184983,
                          0.48409588956934524,
                          0.45183112056278946,
                          0.5286268483614974,
                          0.45930474062022886,
                          0.5064082523445094],
                         [0.5201270510052184,
                          0.5148997139472564,
                          0.5272859833851725,
                          0.5179531886934367,
                          0.5435983440903949,
                          0.5311852117824288,
                          0.522817082244332,
                          0.5321369415136512],
                         [0.5124005671091098,
                          0.48141217166435923,
                          0.4789167303774292,
                          0.49262742079102606,
                          0.4863075976452667,
                          0.4877609012672941,
                          0.47687284018700216,
                          0.5142171049552877],
                         [0.4756590618069634,
                          0.5575077347135831,
                          0.5189982224860991,
                          0.4912504949938239,
                          0.5123303948607069,
                          0.5122150285516469,
                          0.5157056004365681,
                          0.4967114730211607],
                         [0.482187635435055,
                          0.4875090831737833,
                          0.48178766558225644,
                          0.4600938036260957,
                          0.4933590111730187,
                          0.4708307514449039,
                          0.47486234706706354,
                          0.5059836832213667],
                         [0.49541242378768807,
                          0.4859908044779129,
                          0.5382922261922304,
                          0.5169099858405356,
                          0.4911345767633608,
                          0.504817526946906,
                          0.5344980538745452,
                          0.49013188444905714],
                         [0.5235219058051079,
                          0.535925263372145,
                          0.49864465121655566,
                          0.5093229570901157,
                          0.5222342039821849,
                          0.4859698931267055,
                          0.4849373374944381,
                          0.48788109932334006]]},
            {'activation': 'sigmoid',
             'bias': [-0.021690016989876937,
                      0.011676418945380096,
                      0.0031627545426584523,
                      0.022877020974160056,
                      0.02558030362483792],
             'name': 'output',
             'neurons': [<gameplay.Neuron object at 0x7ff88bf38e48>,
                         <gameplay.Neuron object at 0x7ff88bf38eb8>,
                         <gameplay.Neuron object at 0x7ff88bf38be0>,
                         <gameplay.Neuron object at 0x7ff88bf38c50>,
                         <gameplay.Neuron object at 0x7ff88bf38c88>],
             'num_neurons': 5,
             'weights': [[0.4852305004926449,
                          0.48944275536738807,
                          0.5093640214931362,
                          0.48737136897901573,
                          0.49140716104493565,
                          0.5143359189616583],
                         [0.5205264696300717,
                          0.5270315521858852,
                          0.46377436768582914,
                          0.4849414523511085,
                          0.5125848911643545,
                          0.49660028247505633],
                         [0.49651554803077735,
                          0.5105297608058924,
                          0.4846349715013165,
                          0.5001364417432971,
                          0.5302417220641836,
                          0.49329501380640134],
                         [0.49764148240522693,
                          0.4843703717372075,
                          0.49667322670739034,
                          0.47592536787251305,
                          0.4894346761911988,
                          0.5125966907570735],
                         [0.5187745708866742,
                          0.49491495542005776,
                          0.47032546125626473,
                          0.5339449170360522,
                          0.5055732636071593,
                          0.48665003702649384],
                         [0.4951538895002773,
                          0.5219661758394898,
                          0.5036389846636695,
                          0.4840492770029032,
                          0.48531568691412186,
                          0.4750061557589812]]}]}
load_tensorflow_graph: path = tensorflow/mario-model-simple-2019-07-17/frozen_inference_graph.pb
object_detection_graph = <tensorflow.python.framework.ops.Graph object at 0x7ff88bf38f98>
Doing start sequence
Sleeping one second
sending start
sending empty
Found black world screen for the second time. exiting.



Seconds left: 370
Moves to the right: 78
frame count: 141
time start:  1568168183.036291,   time_now: 1568168197.8863144
