pygame 1.9.6
Hello from the pygame community. https://www.pygame.org/contribute.html
Loading neural net from gameplay_neural_nets/73/10.nn
net = {'generation': 67,
 'inputs': [],
 'layers': [{'activation': 'sigmoid',
             'bias': [0.014397979743370289,
                      -0.013930688324724346,
                      0.006885366380154242,
                      -0.027307551068131222,
                      0.023298539470344014,
                      -0.03049979023630337,
                      0.010179661769484812,
                      -0.016793396716804826],
             'name': 'input',
             'neurons': [],
             'num_neurons': 8,
             'weights': [[0.3870779395188503,
                          0.40498246202876254,
                          0.11155712369234323,
                          0.13083091156104096,
                          0.10986724301567748,
                          0.08331140723406333,
                          0.10005644466592625,
                          0.10296242714273918,
                          0.08913577210904858,
                          0.0998560950810327],
                         [0.3825790546903861,
                          0.3813118925950652,
                          0.0991597988823857,
                          0.10326363356032722,
                          0.08674878618593784,
                          0.08610263078793642,
                          0.10533679026976715,
                          0.09678779674033725,
                          0.10379646298848591,
                          0.11928466830233064],
                         [0.36973801850891186,
                          0.43429709545002015,
                          0.09604158459898728,
                          0.07583754825847726,
                          0.10974787246084639,
                          0.10882278974165667,
                          0.09681547473086602,
                          0.10074638543382188,
                          0.11999042642244442,
                          0.09138782068620988],
                         [0.407034497807641,
                          0.4055208418941509,
                          0.10718146460299502,
                          0.10008795916261823,
                          0.06775521415564113,
                          0.10588489475465926,
                          0.0975402833521899,
                          0.11597892269871389,
                          0.07667592573163873,
                          0.11433970069176255],
                         [0.3797382934257342,
                          0.394836521314859,
                          0.05537179039838335,
                          0.1262740981049703,
                          0.09145653348118633,
                          0.12778573387155592,
                          0.11070648851969843,
                          0.13055631133010928,
                          0.09880379956918212,
                          0.0691214511651125],
                         [0.3560217857701195,
                          0.4099560658714259,
                          0.09021741191927955,
                          0.10597253080983675,
                          0.10733891452937994,
                          0.0751702346900863,
                          0.10008190810250849,
                          0.1143985084283582,
                          0.12159803670227769,
                          0.11376112499500643],
                         [0.38804072084265145,
                          0.379073466806708,
                          0.11951122271341312,
                          0.06290953391301747,
                          0.10808227398413073,
                          0.09166621607143773,
                          0.0918621461683314,
                          0.13030044943189123,
                          0.09789284928002874,
                          0.07614165441979051],
                         [0.40122493100517626,
                          0.4148260687526146,
                          0.07038206488713694,
                          0.07009659836801592,
                          0.11359265697218932,
                          0.059704159495900515,
                          0.061007677139711315,
                          0.14646598266274283,
                          0.08302923223441575,
                          0.07204932472355938]]},
            {'activation': 'sigmoid',
             'bias': [-0.018785206945570544,
                      0.03499142522956221,
                      0.008536859559638814,
                      0.0001611459296618368,
                      0.020586403528812518],
             'name': 'output',
             'neurons': [],
             'num_neurons': 5,
             'weights': [[0.08259558690733602,
                          0.0878001858456932,
                          0.10512316091695909,
                          0.07145776825533981,
                          0.09754979564617723,
                          0.13034142847838046,
                          0.13034773377342562,
                          0.08353534539231536],
                         [0.07878815850897002,
                          0.07400021042428676,
                          0.07140415278967237,
                          0.14755848690712828,
                          0.0768295096615311,
                          0.07928617966540108,
                          0.07876843198502714,
                          0.15916334621797584],
                         [0.10372209480420222,
                          0.07650295522288146,
                          0.12264574969804817,
                          0.09440831500338859,
                          0.09692459063154832,
                          0.10639357448400007,
                          0.13504703538887158,
                          0.07883805572129263],
                         [0.10656944792502068,
                          0.0748337734577232,
                          0.1159264796113307,
                          0.07170084445197378,
                          0.12462206792070002,
                          0.10671101580408555,
                          0.10550967686213421,
                          0.10595266172074298],
                         [0.11296992008275403,
                          0.11398684021566848,
                          0.13189076304663866,
                          0.06369578133019838,
                          0.15821696877417477,
                          0.12294025251714506,
                          0.10740723719093831,
                          0.09529505400580614],
                         [0.10830828999344363,
                          0.11802023685139723,
                          0.13214105821107056,
                          0.09208118992277374,
                          0.07300361472307641,
                          0.1074210349817514,
                          0.08098212058220519,
                          0.10387341276950325]]}]}
{'generation': 67,
 'inputs': [],
 'layers': [{'activation': 'sigmoid',
             'bias': [0.014397979743370289,
                      -0.013930688324724346,
                      0.006885366380154242,
                      -0.027307551068131222,
                      0.023298539470344014,
                      -0.03049979023630337,
                      0.010179661769484812,
                      -0.016793396716804826],
             'name': 'input',
             'neurons': [<gameplay.Neuron object at 0x7f135c7d3860>,
                         <gameplay.Neuron object at 0x7f135c7d3828>,
                         <gameplay.Neuron object at 0x7f135c7d3240>,
                         <gameplay.Neuron object at 0x7f135c7d3b00>,
                         <gameplay.Neuron object at 0x7f135c7d3ba8>,
                         <gameplay.Neuron object at 0x7f135c7d3b38>,
                         <gameplay.Neuron object at 0x7f135c7d3c88>,
                         <gameplay.Neuron object at 0x7f135c7d3c50>],
             'num_neurons': 8,
             'weights': [[0.3870779395188503,
                          0.40498246202876254,
                          0.11155712369234323,
                          0.13083091156104096,
                          0.10986724301567748,
                          0.08331140723406333,
                          0.10005644466592625,
                          0.10296242714273918,
                          0.08913577210904858,
                          0.0998560950810327],
                         [0.3825790546903861,
                          0.3813118925950652,
                          0.0991597988823857,
                          0.10326363356032722,
                          0.08674878618593784,
                          0.08610263078793642,
                          0.10533679026976715,
                          0.09678779674033725,
                          0.10379646298848591,
                          0.11928466830233064],
                         [0.36973801850891186,
                          0.43429709545002015,
                          0.09604158459898728,
                          0.07583754825847726,
                          0.10974787246084639,
                          0.10882278974165667,
                          0.09681547473086602,
                          0.10074638543382188,
                          0.11999042642244442,
                          0.09138782068620988],
                         [0.407034497807641,
                          0.4055208418941509,
                          0.10718146460299502,
                          0.10008795916261823,
                          0.06775521415564113,
                          0.10588489475465926,
                          0.0975402833521899,
                          0.11597892269871389,
                          0.07667592573163873,
                          0.11433970069176255],
                         [0.3797382934257342,
                          0.394836521314859,
                          0.05537179039838335,
                          0.1262740981049703,
                          0.09145653348118633,
                          0.12778573387155592,
                          0.11070648851969843,
                          0.13055631133010928,
                          0.09880379956918212,
                          0.0691214511651125],
                         [0.3560217857701195,
                          0.4099560658714259,
                          0.09021741191927955,
                          0.10597253080983675,
                          0.10733891452937994,
                          0.0751702346900863,
                          0.10008190810250849,
                          0.1143985084283582,
                          0.12159803670227769,
                          0.11376112499500643],
                         [0.38804072084265145,
                          0.379073466806708,
                          0.11951122271341312,
                          0.06290953391301747,
                          0.10808227398413073,
                          0.09166621607143773,
                          0.0918621461683314,
                          0.13030044943189123,
                          0.09789284928002874,
                          0.07614165441979051],
                         [0.40122493100517626,
                          0.4148260687526146,
                          0.07038206488713694,
                          0.07009659836801592,
                          0.11359265697218932,
                          0.059704159495900515,
                          0.061007677139711315,
                          0.14646598266274283,
                          0.08302923223441575,
                          0.07204932472355938]]},
            {'activation': 'sigmoid',
             'bias': [-0.018785206945570544,
                      0.03499142522956221,
                      0.008536859559638814,
                      0.0001611459296618368,
                      0.020586403528812518],
             'name': 'output',
             'neurons': [<gameplay.Neuron object at 0x7f135c7d3cc0>,
                         <gameplay.Neuron object at 0x7f135c7d3cf8>,
                         <gameplay.Neuron object at 0x7f135c7d3d68>,
                         <gameplay.Neuron object at 0x7f135c7d3d30>,
                         <gameplay.Neuron object at 0x7f135c7d3da0>],
             'num_neurons': 5,
             'weights': [[0.08259558690733602,
                          0.0878001858456932,
                          0.10512316091695909,
                          0.07145776825533981,
                          0.09754979564617723,
                          0.13034142847838046,
                          0.13034773377342562,
                          0.08353534539231536],
                         [0.07878815850897002,
                          0.07400021042428676,
                          0.07140415278967237,
                          0.14755848690712828,
                          0.0768295096615311,
                          0.07928617966540108,
                          0.07876843198502714,
                          0.15916334621797584],
                         [0.10372209480420222,
                          0.07650295522288146,
                          0.12264574969804817,
                          0.09440831500338859,
                          0.09692459063154832,
                          0.10639357448400007,
                          0.13504703538887158,
                          0.07883805572129263],
                         [0.10656944792502068,
                          0.0748337734577232,
                          0.1159264796113307,
                          0.07170084445197378,
                          0.12462206792070002,
                          0.10671101580408555,
                          0.10550967686213421,
                          0.10595266172074298],
                         [0.11296992008275403,
                          0.11398684021566848,
                          0.13189076304663866,
                          0.06369578133019838,
                          0.15821696877417477,
                          0.12294025251714506,
                          0.10740723719093831,
                          0.09529505400580614],
                         [0.10830828999344363,
                          0.11802023685139723,
                          0.13214105821107056,
                          0.09208118992277374,
                          0.07300361472307641,
                          0.1074210349817514,
                          0.08098212058220519,
                          0.10387341276950325]]}]}
load_tensorflow_graph: path = tensorflow/mario-model-simple-2019-07-17/frozen_inference_graph.pb
object_detection_graph = <tensorflow.python.framework.ops.Graph object at 0x7f135c7d3e48>
Doing start sequence
Sleeping one second
sending start
sending empty
Found black world screen for the second time. exiting.



Seconds left: 393
Moves to the right: 18
