pygame 1.9.6
Hello from the pygame community. https://www.pygame.org/contribute.html
Loading neural net from gameplay_neural_nets/73/8.nn
net = {'generation': 67,
 'inputs': [],
 'layers': [{'activation': 'sigmoid',
             'bias': [0.014397979743370289,
                      -0.013930688324724346,
                      0.006885366380154242,
                      -0.021210729477112472,
                      0.028228964857920754,
                      -0.03049979023630337,
                      0.010179661769484812,
                      -0.016793396716804826],
             'name': 'input',
             'neurons': [],
             'num_neurons': 8,
             'weights': [[0.3870779395188503,
                          0.40498246202876254,
                          0.11155712369234323,
                          0.13047942676125507,
                          0.10986724301567748,
                          0.08838013343134699,
                          0.10005644466592625,
                          0.1177923270530421,
                          0.08913577210904858,
                          0.09601063549289343],
                         [0.3825790546903861,
                          0.3813118925950652,
                          0.09365809427828566,
                          0.10326363356032722,
                          0.08674878618593784,
                          0.08610263078793642,
                          0.10533679026976715,
                          0.09678779674033725,
                          0.10379646298848591,
                          0.11473744526742898],
                         [0.36924393444960535,
                          0.43429709545002015,
                          0.08681067303087982,
                          0.07583754825847726,
                          0.10974787246084639,
                          0.10882278974165667,
                          0.09681547473086602,
                          0.10949455825423439,
                          0.11999042642244442,
                          0.09138782068620988],
                         [0.407034497807641,
                          0.4055208418941509,
                          0.09952210532441028,
                          0.10008795916261823,
                          0.06775521415564113,
                          0.10588489475465926,
                          0.10061033605817662,
                          0.11335697494955965,
                          0.08298508173890842,
                          0.12078490934042589],
                         [0.3797435589483498,
                          0.394836521314859,
                          0.05537179039838335,
                          0.1262740981049703,
                          0.09145653348118633,
                          0.12587247975683438,
                          0.11070648851969843,
                          0.13713162963358122,
                          0.09579751824589308,
                          0.07220225384664314],
                         [0.3560217857701195,
                          0.4099560658714259,
                          0.08067663938349048,
                          0.10597253080983675,
                          0.10733891452937994,
                          0.08432255240018294,
                          0.10008190810250849,
                          0.11473653666489962,
                          0.12159803670227769,
                          0.11376112499500643],
                         [0.38894744480638965,
                          0.379073466806708,
                          0.11951122271341312,
                          0.06290953391301747,
                          0.10774501069041692,
                          0.09166621607143773,
                          0.0918621461683314,
                          0.13030044943189123,
                          0.09789284928002874,
                          0.07614165441979051],
                         [0.40122493100517626,
                          0.4148260687526146,
                          0.07038206488713694,
                          0.07009659836801592,
                          0.11359265697218932,
                          0.059704159495900515,
                          0.061007677139711315,
                          0.14089893970873013,
                          0.09083526120787355,
                          0.07884210855566011]]},
            {'activation': 'sigmoid',
             'bias': [-0.018785206945570544,
                      0.03478455678093402,
                      0.016565724375458887,
                      0.0001611459296618368,
                      0.015738022887385905],
             'name': 'output',
             'neurons': [],
             'num_neurons': 5,
             'weights': [[0.08259558690733602,
                          0.09569042884566875,
                          0.10928754106535483,
                          0.05868461189935104,
                          0.09754979564617723,
                          0.12145704643576193,
                          0.1384329535747873,
                          0.08353534539231536],
                         [0.07878815850897002,
                          0.08111112529042673,
                          0.06799552732066153,
                          0.14755848690712828,
                          0.0768295096615311,
                          0.0851170753985076,
                          0.07876843198502714,
                          0.14627445934739888],
                         [0.10372209480420222,
                          0.07650295522288146,
                          0.12123522645591026,
                          0.09440831500338859,
                          0.09981738232239412,
                          0.10639357448400007,
                          0.13504703538887158,
                          0.0826713253707635],
                         [0.10656944792502068,
                          0.07532128581288351,
                          0.1159264796113307,
                          0.06778847567871392,
                          0.12462206792070002,
                          0.11596945058250224,
                          0.10550967686213421,
                          0.10595266172074298],
                         [0.11296992008275403,
                          0.10548427580337127,
                          0.12254305209895672,
                          0.06369578133019838,
                          0.16552034233382454,
                          0.11304534094129036,
                          0.10740723719093831,
                          0.09529505400580614],
                         [0.10830828999344363,
                          0.11802023685139723,
                          0.13214105821107056,
                          0.09208118992277374,
                          0.07300361472307641,
                          0.1074210349817514,
                          0.08105724419859547,
                          0.10387341276950325]]}]}
{'generation': 67,
 'inputs': [],
 'layers': [{'activation': 'sigmoid',
             'bias': [0.014397979743370289,
                      -0.013930688324724346,
                      0.006885366380154242,
                      -0.021210729477112472,
                      0.028228964857920754,
                      -0.03049979023630337,
                      0.010179661769484812,
                      -0.016793396716804826],
             'name': 'input',
             'neurons': [<gameplay.Neuron object at 0x7f27d23ee860>,
                         <gameplay.Neuron object at 0x7f27d23ee828>,
                         <gameplay.Neuron object at 0x7f27d23ee240>,
                         <gameplay.Neuron object at 0x7f27d23eeb00>,
                         <gameplay.Neuron object at 0x7f27d23eeba8>,
                         <gameplay.Neuron object at 0x7f27d23eeb38>,
                         <gameplay.Neuron object at 0x7f27d23eec88>,
                         <gameplay.Neuron object at 0x7f27d23eec50>],
             'num_neurons': 8,
             'weights': [[0.3870779395188503,
                          0.40498246202876254,
                          0.11155712369234323,
                          0.13047942676125507,
                          0.10986724301567748,
                          0.08838013343134699,
                          0.10005644466592625,
                          0.1177923270530421,
                          0.08913577210904858,
                          0.09601063549289343],
                         [0.3825790546903861,
                          0.3813118925950652,
                          0.09365809427828566,
                          0.10326363356032722,
                          0.08674878618593784,
                          0.08610263078793642,
                          0.10533679026976715,
                          0.09678779674033725,
                          0.10379646298848591,
                          0.11473744526742898],
                         [0.36924393444960535,
                          0.43429709545002015,
                          0.08681067303087982,
                          0.07583754825847726,
                          0.10974787246084639,
                          0.10882278974165667,
                          0.09681547473086602,
                          0.10949455825423439,
                          0.11999042642244442,
                          0.09138782068620988],
                         [0.407034497807641,
                          0.4055208418941509,
                          0.09952210532441028,
                          0.10008795916261823,
                          0.06775521415564113,
                          0.10588489475465926,
                          0.10061033605817662,
                          0.11335697494955965,
                          0.08298508173890842,
                          0.12078490934042589],
                         [0.3797435589483498,
                          0.394836521314859,
                          0.05537179039838335,
                          0.1262740981049703,
                          0.09145653348118633,
                          0.12587247975683438,
                          0.11070648851969843,
                          0.13713162963358122,
                          0.09579751824589308,
                          0.07220225384664314],
                         [0.3560217857701195,
                          0.4099560658714259,
                          0.08067663938349048,
                          0.10597253080983675,
                          0.10733891452937994,
                          0.08432255240018294,
                          0.10008190810250849,
                          0.11473653666489962,
                          0.12159803670227769,
                          0.11376112499500643],
                         [0.38894744480638965,
                          0.379073466806708,
                          0.11951122271341312,
                          0.06290953391301747,
                          0.10774501069041692,
                          0.09166621607143773,
                          0.0918621461683314,
                          0.13030044943189123,
                          0.09789284928002874,
                          0.07614165441979051],
                         [0.40122493100517626,
                          0.4148260687526146,
                          0.07038206488713694,
                          0.07009659836801592,
                          0.11359265697218932,
                          0.059704159495900515,
                          0.061007677139711315,
                          0.14089893970873013,
                          0.09083526120787355,
                          0.07884210855566011]]},
            {'activation': 'sigmoid',
             'bias': [-0.018785206945570544,
                      0.03478455678093402,
                      0.016565724375458887,
                      0.0001611459296618368,
                      0.015738022887385905],
             'name': 'output',
             'neurons': [<gameplay.Neuron object at 0x7f27d23eecc0>,
                         <gameplay.Neuron object at 0x7f27d23eecf8>,
                         <gameplay.Neuron object at 0x7f27d23eed68>,
                         <gameplay.Neuron object at 0x7f27d23eed30>,
                         <gameplay.Neuron object at 0x7f27d23eeda0>],
             'num_neurons': 5,
             'weights': [[0.08259558690733602,
                          0.09569042884566875,
                          0.10928754106535483,
                          0.05868461189935104,
                          0.09754979564617723,
                          0.12145704643576193,
                          0.1384329535747873,
                          0.08353534539231536],
                         [0.07878815850897002,
                          0.08111112529042673,
                          0.06799552732066153,
                          0.14755848690712828,
                          0.0768295096615311,
                          0.0851170753985076,
                          0.07876843198502714,
                          0.14627445934739888],
                         [0.10372209480420222,
                          0.07650295522288146,
                          0.12123522645591026,
                          0.09440831500338859,
                          0.09981738232239412,
                          0.10639357448400007,
                          0.13504703538887158,
                          0.0826713253707635],
                         [0.10656944792502068,
                          0.07532128581288351,
                          0.1159264796113307,
                          0.06778847567871392,
                          0.12462206792070002,
                          0.11596945058250224,
                          0.10550967686213421,
                          0.10595266172074298],
                         [0.11296992008275403,
                          0.10548427580337127,
                          0.12254305209895672,
                          0.06369578133019838,
                          0.16552034233382454,
                          0.11304534094129036,
                          0.10740723719093831,
                          0.09529505400580614],
                         [0.10830828999344363,
                          0.11802023685139723,
                          0.13214105821107056,
                          0.09208118992277374,
                          0.07300361472307641,
                          0.1074210349817514,
                          0.08105724419859547,
                          0.10387341276950325]]}]}
load_tensorflow_graph: path = tensorflow/mario-model-simple-2019-07-17/frozen_inference_graph.pb
object_detection_graph = <tensorflow.python.framework.ops.Graph object at 0x7f27d23eee48>
Doing start sequence
Sleeping one second
sending start
sending empty
Found black world screen for the second time. exiting.



Seconds left: 393
Moves to the right: 18
