pygame 1.9.6
Hello from the pygame community. https://www.pygame.org/contribute.html
Loading neural net from gameplay_neural_nets/3/1.nn
net = {'generation': 3,
 'inputs': [],
 'layers': [{'activation': 'sigmoid',
             'bias': [0,
                      -0.008001328777318904,
                      0,
                      0,
                      0,
                      -0.002496490721150697,
                      0.005900497385080727,
                      -0.007822448331261035],
             'name': 'input',
             'neurons': [],
             'num_neurons': 8,
             'weights': [[0.4,
                          0.4,
                          0.1,
                          0.1,
                          0.09369375444462781,
                          0.09764689929986516,
                          0.1,
                          0.0997941759797093,
                          0.1,
                          0.1],
                         [0.4, 0.4, 0.1, 0.1, 0.1, 0.1, 0.1, 0.1, 0.1, 0.1],
                         [0.4,
                          0.4,
                          0.09138428348754152,
                          0.1,
                          0.1,
                          0.1,
                          0.1,
                          0.1,
                          0.1,
                          0.10038681196694911],
                         [0.4,
                          0.4,
                          0.1,
                          0.1,
                          0.1,
                          0.10532295352510794,
                          0.1,
                          0.1,
                          0.1,
                          0.10536461057827468],
                         [0.4,
                          0.4,
                          0.1,
                          0.09382537074994897,
                          0.09227202208067195,
                          0.09047398531279377,
                          0.1,
                          0.1,
                          0.1,
                          0.10826551506098712],
                         [0.4,
                          0.4,
                          0.1,
                          0.1,
                          0.10074274190470037,
                          0.1,
                          0.1,
                          0.1,
                          0.1,
                          0.1],
                         [0.3993574871179564,
                          0.4,
                          0.1,
                          0.1,
                          0.1,
                          0.1,
                          0.1074851185693766,
                          0.1,
                          0.1,
                          0.10462653172717779],
                         [0.4,
                          0.39538310881004163,
                          0.1,
                          0.1,
                          0.0979013225004576,
                          0.09153484203711276,
                          0.10945728902411721,
                          0.1078275211309241,
                          0.1,
                          0.1]]},
            {'activation': 'sigmoid',
             'bias': [0, 0, 0, 0.009249805347502785, 0.03911585812654069],
             'name': 'output',
             'neurons': [],
             'num_neurons': 5,
             'weights': [[0.09813068472086654,
                          0.09923468143894024,
                          0.1,
                          0.1,
                          0.0923790701647779,
                          0.10286661708778896,
                          0.1,
                          0.09233345108382905],
                         [0.1,
                          0.1,
                          0.1,
                          0.1,
                          0.1,
                          0.1,
                          0.0917965905650466,
                          0.1],
                         [0.11,
                          0.11,
                          0.11,
                          0.09829147220823448,
                          0.09551402928099281,
                          0.09591107889776469,
                          0.1,
                          0.10933184895728232],
                         [0.10451541219389696,
                          0.1,
                          0.10071441603414706,
                          0.1,
                          0.1,
                          0.1,
                          0.1,
                          0.1],
                         [0.1,
                          0.1,
                          0.1,
                          0.09692997732419321,
                          0.1,
                          0.10023265713637947,
                          0.09524530633741439,
                          0.1],
                         [0.1, 0.1, 0.1, 0.1, 0.1, 0.1, 0.1, 0.1]]}]}
{'generation': 3,
 'inputs': [],
 'layers': [{'activation': 'sigmoid',
             'bias': [0,
                      -0.008001328777318904,
                      0,
                      0,
                      0,
                      -0.002496490721150697,
                      0.005900497385080727,
                      -0.007822448331261035],
             'name': 'input',
             'neurons': [<gameplay.Neuron object at 0x7f9fddcae860>,
                         <gameplay.Neuron object at 0x7f9fddcae828>,
                         <gameplay.Neuron object at 0x7f9fddcae240>,
                         <gameplay.Neuron object at 0x7f9fddcaeb00>,
                         <gameplay.Neuron object at 0x7f9fddcaeba8>,
                         <gameplay.Neuron object at 0x7f9fddcaeb38>,
                         <gameplay.Neuron object at 0x7f9fddcaee80>,
                         <gameplay.Neuron object at 0x7f9fddcaeef0>],
             'num_neurons': 8,
             'weights': [[0.4,
                          0.4,
                          0.1,
                          0.1,
                          0.09369375444462781,
                          0.09764689929986516,
                          0.1,
                          0.0997941759797093,
                          0.1,
                          0.1],
                         [0.4, 0.4, 0.1, 0.1, 0.1, 0.1, 0.1, 0.1, 0.1, 0.1],
                         [0.4,
                          0.4,
                          0.09138428348754152,
                          0.1,
                          0.1,
                          0.1,
                          0.1,
                          0.1,
                          0.1,
                          0.10038681196694911],
                         [0.4,
                          0.4,
                          0.1,
                          0.1,
                          0.1,
                          0.10532295352510794,
                          0.1,
                          0.1,
                          0.1,
                          0.10536461057827468],
                         [0.4,
                          0.4,
                          0.1,
                          0.09382537074994897,
                          0.09227202208067195,
                          0.09047398531279377,
                          0.1,
                          0.1,
                          0.1,
                          0.10826551506098712],
                         [0.4,
                          0.4,
                          0.1,
                          0.1,
                          0.10074274190470037,
                          0.1,
                          0.1,
                          0.1,
                          0.1,
                          0.1],
                         [0.3993574871179564,
                          0.4,
                          0.1,
                          0.1,
                          0.1,
                          0.1,
                          0.1074851185693766,
                          0.1,
                          0.1,
                          0.10462653172717779],
                         [0.4,
                          0.39538310881004163,
                          0.1,
                          0.1,
                          0.0979013225004576,
                          0.09153484203711276,
                          0.10945728902411721,
                          0.1078275211309241,
                          0.1,
                          0.1]]},
            {'activation': 'sigmoid',
             'bias': [0, 0, 0, 0.009249805347502785, 0.03911585812654069],
             'name': 'output',
             'neurons': [<gameplay.Neuron object at 0x7f9fddcaed68>,
                         <gameplay.Neuron object at 0x7f9fddcaee10>,
                         <gameplay.Neuron object at 0x7f9fddcaee48>,
                         <gameplay.Neuron object at 0x7f9fddcaedd8>,
                         <gameplay.Neuron object at 0x7f9fddcaec50>],
             'num_neurons': 5,
             'weights': [[0.09813068472086654,
                          0.09923468143894024,
                          0.1,
                          0.1,
                          0.0923790701647779,
                          0.10286661708778896,
                          0.1,
                          0.09233345108382905],
                         [0.1,
                          0.1,
                          0.1,
                          0.1,
                          0.1,
                          0.1,
                          0.0917965905650466,
                          0.1],
                         [0.11,
                          0.11,
                          0.11,
                          0.09829147220823448,
                          0.09551402928099281,
                          0.09591107889776469,
                          0.1,
                          0.10933184895728232],
                         [0.10451541219389696,
                          0.1,
                          0.10071441603414706,
                          0.1,
                          0.1,
                          0.1,
                          0.1,
                          0.1],
                         [0.1,
                          0.1,
                          0.1,
                          0.09692997732419321,
                          0.1,
                          0.10023265713637947,
                          0.09524530633741439,
                          0.1],
                         [0.1, 0.1, 0.1, 0.1, 0.1, 0.1, 0.1, 0.1]]}]}
load_tensorflow_graph: path = tensorflow/mario-model-simple-2019-07-17/frozen_inference_graph.pb
object_detection_graph = <tensorflow.python.framework.ops.Graph object at 0x7f9fddcaecc0>
Doing start sequence
Sleeping one second
sending start
sending empty
Found black world screen for the second time. exiting.



Seconds left: 377
Moves to the right: 60
