pygame 1.9.6
Hello from the pygame community. https://www.pygame.org/contribute.html
Loading neural net from gameplay_neural_nets/3/6.nn
net = {'generation': 3,
 'inputs': [],
 'layers': [{'activation': 'sigmoid',
             'bias': [0,
                      -0.0004170911877654001,
                      0,
                      0,
                      0,
                      0,
                      0.007152390912628434,
                      -0.0012556915049784564],
             'name': 'input',
             'neurons': [],
             'num_neurons': 8,
             'weights': [[0.4, 0.4, 0.1, 0.1, 0.1, 0.1, 0.1, 0.1, 0.1, 0.1],
                         [0.4,
                          0.4,
                          0.10069267685525173,
                          0.0919125265788275,
                          0.09509495439970367,
                          0.1,
                          0.1,
                          0.1,
                          0.1,
                          0.1],
                         [0.4,
                          0.4,
                          0.0986911006893034,
                          0.0941515491817039,
                          0.1,
                          0.1,
                          0.09334778520637262,
                          0.1,
                          0.10092373758440334,
                          0.1],
                         [0.3992807143943959,
                          0.4,
                          0.1,
                          0.1,
                          0.1,
                          0.10532295352510794,
                          0.1,
                          0.1,
                          0.1,
                          0.1],
                         [0.4,
                          0.4,
                          0.10168567926731586,
                          0.1,
                          0.10009192804188762,
                          0.1,
                          0.1,
                          0.1,
                          0.1,
                          0.10826551506098712],
                         [0.4,
                          0.4,
                          0.1,
                          0.1,
                          0.10074274190470037,
                          0.1,
                          0.1,
                          0.1,
                          0.1,
                          0.1],
                         [0.3984280816756633,
                          0.4,
                          0.1,
                          0.1,
                          0.1,
                          0.1,
                          0.1,
                          0.10782917175013865,
                          0.1,
                          0.09653293564695094],
                         [0.4,
                          0.39538310881004163,
                          0.1,
                          0.1,
                          0.1,
                          0.09153484203711276,
                          0.1,
                          0.1078275211309241,
                          0.1,
                          0.1]]},
            {'activation': 'sigmoid',
             'bias': [0, 0, 0, 0.009249805347502785, 0.03911585812654069],
             'name': 'output',
             'neurons': [],
             'num_neurons': 5,
             'weights': [[0.1,
                          0.09911321355855769,
                          0.1,
                          0.10955807582608684,
                          0.0923790701647779,
                          0.10286661708778896,
                          0.1,
                          0.1],
                         [0.1,
                          0.09743626398406953,
                          0.1,
                          0.10849120060623649,
                          0.1,
                          0.1,
                          0.0917965905650466,
                          0.1],
                         [0.10201213810224859,
                          0.11,
                          0.11,
                          0.09829147220823448,
                          0.09551402928099281,
                          0.1,
                          0.1,
                          0.1],
                         [0.11140987133441306,
                          0.1,
                          0.09946226781061032,
                          0.1,
                          0.1,
                          0.1,
                          0.1,
                          0.1],
                         [0.1,
                          0.1,
                          0.1,
                          0.09692997732419321,
                          0.1,
                          0.10023265713637947,
                          0.1,
                          0.10409697362536048],
                         [0.1,
                          0.1,
                          0.1,
                          0.1,
                          0.1,
                          0.1,
                          0.1,
                          0.09859751257460576]]}]}
{'generation': 3,
 'inputs': [],
 'layers': [{'activation': 'sigmoid',
             'bias': [0,
                      -0.0004170911877654001,
                      0,
                      0,
                      0,
                      0,
                      0.007152390912628434,
                      -0.0012556915049784564],
             'name': 'input',
             'neurons': [<gameplay.Neuron object at 0x7fcaedc8c898>,
                         <gameplay.Neuron object at 0x7fcaedc8c860>,
                         <gameplay.Neuron object at 0x7fcaedc8c278>,
                         <gameplay.Neuron object at 0x7fcaedc8cb38>,
                         <gameplay.Neuron object at 0x7fcaedc8cbe0>,
                         <gameplay.Neuron object at 0x7fcaedc8cb70>,
                         <gameplay.Neuron object at 0x7fcaedc8cef0>,
                         <gameplay.Neuron object at 0x7fcaedc8ccc0>],
             'num_neurons': 8,
             'weights': [[0.4, 0.4, 0.1, 0.1, 0.1, 0.1, 0.1, 0.1, 0.1, 0.1],
                         [0.4,
                          0.4,
                          0.10069267685525173,
                          0.0919125265788275,
                          0.09509495439970367,
                          0.1,
                          0.1,
                          0.1,
                          0.1,
                          0.1],
                         [0.4,
                          0.4,
                          0.0986911006893034,
                          0.0941515491817039,
                          0.1,
                          0.1,
                          0.09334778520637262,
                          0.1,
                          0.10092373758440334,
                          0.1],
                         [0.3992807143943959,
                          0.4,
                          0.1,
                          0.1,
                          0.1,
                          0.10532295352510794,
                          0.1,
                          0.1,
                          0.1,
                          0.1],
                         [0.4,
                          0.4,
                          0.10168567926731586,
                          0.1,
                          0.10009192804188762,
                          0.1,
                          0.1,
                          0.1,
                          0.1,
                          0.10826551506098712],
                         [0.4,
                          0.4,
                          0.1,
                          0.1,
                          0.10074274190470037,
                          0.1,
                          0.1,
                          0.1,
                          0.1,
                          0.1],
                         [0.3984280816756633,
                          0.4,
                          0.1,
                          0.1,
                          0.1,
                          0.1,
                          0.1,
                          0.10782917175013865,
                          0.1,
                          0.09653293564695094],
                         [0.4,
                          0.39538310881004163,
                          0.1,
                          0.1,
                          0.1,
                          0.09153484203711276,
                          0.1,
                          0.1078275211309241,
                          0.1,
                          0.1]]},
            {'activation': 'sigmoid',
             'bias': [0, 0, 0, 0.009249805347502785, 0.03911585812654069],
             'name': 'output',
             'neurons': [<gameplay.Neuron object at 0x7fcaedc8cc88>,
                         <gameplay.Neuron object at 0x7fcaedc8ccf8>,
                         <gameplay.Neuron object at 0x7fcaedc8cda0>,
                         <gameplay.Neuron object at 0x7fcaedc8cd68>,
                         <gameplay.Neuron object at 0x7fcaedc8ce48>],
             'num_neurons': 5,
             'weights': [[0.1,
                          0.09911321355855769,
                          0.1,
                          0.10955807582608684,
                          0.0923790701647779,
                          0.10286661708778896,
                          0.1,
                          0.1],
                         [0.1,
                          0.09743626398406953,
                          0.1,
                          0.10849120060623649,
                          0.1,
                          0.1,
                          0.0917965905650466,
                          0.1],
                         [0.10201213810224859,
                          0.11,
                          0.11,
                          0.09829147220823448,
                          0.09551402928099281,
                          0.1,
                          0.1,
                          0.1],
                         [0.11140987133441306,
                          0.1,
                          0.09946226781061032,
                          0.1,
                          0.1,
                          0.1,
                          0.1,
                          0.1],
                         [0.1,
                          0.1,
                          0.1,
                          0.09692997732419321,
                          0.1,
                          0.10023265713637947,
                          0.1,
                          0.10409697362536048],
                         [0.1,
                          0.1,
                          0.1,
                          0.1,
                          0.1,
                          0.1,
                          0.1,
                          0.09859751257460576]]}]}
load_tensorflow_graph: path = tensorflow/mario-model-simple-2019-07-17/frozen_inference_graph.pb
object_detection_graph = <tensorflow.python.framework.ops.Graph object at 0x7fcaedc8ce10>
Doing start sequence
Sleeping one second
sending start
sending empty
Found black world screen for the second time. exiting.



Seconds left: 381
Moves to the right: 59
