pygame 1.9.6
Hello from the pygame community. https://www.pygame.org/contribute.html
Loading neural net from gameplay_neural_nets/164/2.nn
net = {'generation': 148,
 'inputs': [],
 'layers': [{'activation': 'sigmoid',
             'bias': [0.02598416288464372,
                      -0.045442823566007776,
                      0.004464173596948949,
                      -0.007121221529744165,
                      -0.01920950308383715,
                      -0.025061013158109754,
                      0.007236534547125371,
                      -0.0032628456517258732],
             'name': 'input',
             'neurons': [],
             'num_neurons': 8,
             'weights': [[0.3584188577602942,
                          0.41350565814836954,
                          0.09450833609261482,
                          0.14775673506312617,
                          0.10238050589774149,
                          0.08700948306348058,
                          0.044576981121399545,
                          0.08656434641216894,
                          0.09333084017988137,
                          0.06684554284682417],
                         [0.3712406172313273,
                          0.3649050014527386,
                          0.0884088468614729,
                          0.12778401468361592,
                          0.13490961797878762,
                          0.06607818823274524,
                          0.11133648187769263,
                          0.09980569730233411,
                          0.08573804769820523,
                          0.10940302677102262],
                         [0.3316589062992389,
                          0.44146524837940565,
                          0.061837632868899754,
                          0.04273700866362534,
                          0.09557290631046673,
                          0.10820753742385605,
                          0.08145185234619517,
                          0.11727676439679162,
                          0.09096094104768437,
                          0.06986409463934906],
                         [0.38284381739657936,
                          0.3980149041610559,
                          0.10213916129496929,
                          0.10036182925152738,
                          0.06586875333443423,
                          0.07647176084368655,
                          0.07054111451405805,
                          0.14305752846717554,
                          0.13096116223095353,
                          0.11774785744204852],
                         [0.4229314807228292,
                          0.4114003475311345,
                          0.05430185481885894,
                          0.12316698838962546,
                          0.10827417751267938,
                          0.14305461048208812,
                          0.1342991755738906,
                          0.14389777277863885,
                          0.07412668413668677,
                          0.06788688199529333],
                         [0.36599348197928716,
                          0.4156872599699209,
                          0.06159418117880856,
                          0.06979899935754735,
                          0.0702975320491383,
                          0.08606474806084573,
                          0.10688763823530995,
                          0.0824120385617112,
                          0.13171582401512752,
                          0.10914446064333956],
                         [0.3439862441351027,
                          0.3935023583609697,
                          0.12423708365913348,
                          0.07830852910288202,
                          0.11274101101104914,
                          0.11763789769594805,
                          0.1135617042944186,
                          0.07970765725080128,
                          0.11824265070579572,
                          0.042842473940380675],
                         [0.3671171034383632,
                          0.4242911626050655,
                          0.05963214151672608,
                          0.06462973532031532,
                          0.13416718124656019,
                          0.05948327037314278,
                          0.07573149526105209,
                          0.13429560041021207,
                          0.12571570167546825,
                          0.08535230280486666]]},
            {'activation': 'sigmoid',
             'bias': [-0.03362657952131981,
                      0.10094413045183813,
                      -0.009489932137286328,
                      0.0004945960434514993,
                      0.0074518536468590555],
             'name': 'output',
             'neurons': [],
             'num_neurons': 5,
             'weights': [[0.03996149508515787,
                          0.07476716165463451,
                          0.0766932424968522,
                          0.03725365489853763,
                          0.11002363230689445,
                          0.1503816853767677,
                          0.12141539833596127,
                          0.1235560640880301],
                         [0.04898845871130222,
                          0.07304129867048462,
                          0.09071497939208695,
                          0.16039186700889188,
                          0.12758324202777924,
                          0.06122640748118084,
                          0.03961993779605845,
                          0.15519669634189467],
                         [0.13034242962136558,
                          0.10051683134350513,
                          0.09444082038919971,
                          0.06914290107519279,
                          0.04901479066660043,
                          0.11075697739313865,
                          0.1296022703092722,
                          0.07962676524204787],
                         [0.08381595026669748,
                          0.08356641050604725,
                          0.1547955185834361,
                          0.055758392827382916,
                          0.16545686003617258,
                          0.09279354216766993,
                          0.0678597959888672,
                          0.09669725664321],
                         [0.13755375407227804,
                          0.09519515041374677,
                          0.14866125314566958,
                          0.032746536376757535,
                          0.1946836540772934,
                          0.11362779963900378,
                          0.06228449127876305,
                          0.1025091208055569],
                         [0.08196087707408581,
                          0.12720851281997742,
                          0.14589108024706848,
                          0.0873598982519468,
                          0.019738315367598423,
                          0.11884128117738212,
                          0.06519921901612753,
                          0.14817454226808652]]}]}
{'generation': 148,
 'inputs': [],
 'layers': [{'activation': 'sigmoid',
             'bias': [0.02598416288464372,
                      -0.045442823566007776,
                      0.004464173596948949,
                      -0.007121221529744165,
                      -0.01920950308383715,
                      -0.025061013158109754,
                      0.007236534547125371,
                      -0.0032628456517258732],
             'name': 'input',
             'neurons': [<gameplay.Neuron object at 0x7f23df1b2860>,
                         <gameplay.Neuron object at 0x7f23df1b2828>,
                         <gameplay.Neuron object at 0x7f23df1b2240>,
                         <gameplay.Neuron object at 0x7f23df1b2b00>,
                         <gameplay.Neuron object at 0x7f23df1b2ba8>,
                         <gameplay.Neuron object at 0x7f23df1b2b38>,
                         <gameplay.Neuron object at 0x7f23df1b2c88>,
                         <gameplay.Neuron object at 0x7f23df1b2c50>],
             'num_neurons': 8,
             'weights': [[0.3584188577602942,
                          0.41350565814836954,
                          0.09450833609261482,
                          0.14775673506312617,
                          0.10238050589774149,
                          0.08700948306348058,
                          0.044576981121399545,
                          0.08656434641216894,
                          0.09333084017988137,
                          0.06684554284682417],
                         [0.3712406172313273,
                          0.3649050014527386,
                          0.0884088468614729,
                          0.12778401468361592,
                          0.13490961797878762,
                          0.06607818823274524,
                          0.11133648187769263,
                          0.09980569730233411,
                          0.08573804769820523,
                          0.10940302677102262],
                         [0.3316589062992389,
                          0.44146524837940565,
                          0.061837632868899754,
                          0.04273700866362534,
                          0.09557290631046673,
                          0.10820753742385605,
                          0.08145185234619517,
                          0.11727676439679162,
                          0.09096094104768437,
                          0.06986409463934906],
                         [0.38284381739657936,
                          0.3980149041610559,
                          0.10213916129496929,
                          0.10036182925152738,
                          0.06586875333443423,
                          0.07647176084368655,
                          0.07054111451405805,
                          0.14305752846717554,
                          0.13096116223095353,
                          0.11774785744204852],
                         [0.4229314807228292,
                          0.4114003475311345,
                          0.05430185481885894,
                          0.12316698838962546,
                          0.10827417751267938,
                          0.14305461048208812,
                          0.1342991755738906,
                          0.14389777277863885,
                          0.07412668413668677,
                          0.06788688199529333],
                         [0.36599348197928716,
                          0.4156872599699209,
                          0.06159418117880856,
                          0.06979899935754735,
                          0.0702975320491383,
                          0.08606474806084573,
                          0.10688763823530995,
                          0.0824120385617112,
                          0.13171582401512752,
                          0.10914446064333956],
                         [0.3439862441351027,
                          0.3935023583609697,
                          0.12423708365913348,
                          0.07830852910288202,
                          0.11274101101104914,
                          0.11763789769594805,
                          0.1135617042944186,
                          0.07970765725080128,
                          0.11824265070579572,
                          0.042842473940380675],
                         [0.3671171034383632,
                          0.4242911626050655,
                          0.05963214151672608,
                          0.06462973532031532,
                          0.13416718124656019,
                          0.05948327037314278,
                          0.07573149526105209,
                          0.13429560041021207,
                          0.12571570167546825,
                          0.08535230280486666]]},
            {'activation': 'sigmoid',
             'bias': [-0.03362657952131981,
                      0.10094413045183813,
                      -0.009489932137286328,
                      0.0004945960434514993,
                      0.0074518536468590555],
             'name': 'output',
             'neurons': [<gameplay.Neuron object at 0x7f23df1b2cc0>,
                         <gameplay.Neuron object at 0x7f23df1b2cf8>,
                         <gameplay.Neuron object at 0x7f23df1b2d68>,
                         <gameplay.Neuron object at 0x7f23df1b2d30>,
                         <gameplay.Neuron object at 0x7f23df1b2da0>],
             'num_neurons': 5,
             'weights': [[0.03996149508515787,
                          0.07476716165463451,
                          0.0766932424968522,
                          0.03725365489853763,
                          0.11002363230689445,
                          0.1503816853767677,
                          0.12141539833596127,
                          0.1235560640880301],
                         [0.04898845871130222,
                          0.07304129867048462,
                          0.09071497939208695,
                          0.16039186700889188,
                          0.12758324202777924,
                          0.06122640748118084,
                          0.03961993779605845,
                          0.15519669634189467],
                         [0.13034242962136558,
                          0.10051683134350513,
                          0.09444082038919971,
                          0.06914290107519279,
                          0.04901479066660043,
                          0.11075697739313865,
                          0.1296022703092722,
                          0.07962676524204787],
                         [0.08381595026669748,
                          0.08356641050604725,
                          0.1547955185834361,
                          0.055758392827382916,
                          0.16545686003617258,
                          0.09279354216766993,
                          0.0678597959888672,
                          0.09669725664321],
                         [0.13755375407227804,
                          0.09519515041374677,
                          0.14866125314566958,
                          0.032746536376757535,
                          0.1946836540772934,
                          0.11362779963900378,
                          0.06228449127876305,
                          0.1025091208055569],
                         [0.08196087707408581,
                          0.12720851281997742,
                          0.14589108024706848,
                          0.0873598982519468,
                          0.019738315367598423,
                          0.11884128117738212,
                          0.06519921901612753,
                          0.14817454226808652]]}]}
load_tensorflow_graph: path = tensorflow/mario-model-simple-2019-07-17/frozen_inference_graph.pb
object_detection_graph = <tensorflow.python.framework.ops.Graph object at 0x7f23df1b2e48>
Doing start sequence
Sleeping one second
sending start
sending empty
Found black world screen for the second time. exiting.



Seconds left: 1
Moves to the right: 38
