pygame 1.9.6
Hello from the pygame community. https://www.pygame.org/contribute.html
Loading neural net from gameplay_neural_nets/164/9.nn
net = {'generation': 148,
 'inputs': [],
 'layers': [{'activation': 'sigmoid',
             'bias': [0.03154323088776791,
                      -0.055711339619490166,
                      0.004464173596948949,
                      0.0015964431994286354,
                      -0.009325738245681581,
                      -0.040252253287467156,
                      0.001465305653399137,
                      -0.0032628456517258732],
             'name': 'input',
             'neurons': [],
             'num_neurons': 8,
             'weights': [[0.35495027002488044,
                          0.4084292679270268,
                          0.09450833609261482,
                          0.13925175145168647,
                          0.0927303872985216,
                          0.08700948306348058,
                          0.044576981121399545,
                          0.08656434641216894,
                          0.10141793566026344,
                          0.06684554284682417],
                         [0.3866014825637288,
                          0.3630436698131653,
                          0.0884088468614729,
                          0.12778401468361592,
                          0.14033652780112332,
                          0.07046052758083551,
                          0.11072447584090339,
                          0.10309056827911632,
                          0.08573804769820523,
                          0.10899122967370733],
                         [0.3368133277062618,
                          0.44146524837940565,
                          0.06159758162176719,
                          0.04273700866362534,
                          0.08809038095234958,
                          0.10497144891471225,
                          0.09181903338598858,
                          0.11934458473878015,
                          0.10046182671444871,
                          0.06986409463934906],
                         [0.3856389984814576,
                          0.39938598760599164,
                          0.10388092964591682,
                          0.09179881345845133,
                          0.056346374220205483,
                          0.08427997706382315,
                          0.0678101047958342,
                          0.14149130267757978,
                          0.1242411773988879,
                          0.12564284489140654],
                         [0.42752177725231066,
                          0.4164756810475407,
                          0.05492403390833124,
                          0.11866523464604835,
                          0.11430510445985344,
                          0.1490706017179455,
                          0.1342991755738906,
                          0.14389777277863885,
                          0.07412668413668677,
                          0.06788688199529333],
                         [0.36599348197928716,
                          0.4114481500002684,
                          0.06159418117880856,
                          0.0794704067477934,
                          0.0669537627975701,
                          0.0950920517120089,
                          0.10688763823530995,
                          0.0824120385617112,
                          0.1346608152997605,
                          0.10914446064333956],
                         [0.3378914515005133,
                          0.3939718778027556,
                          0.12423708365913348,
                          0.07830852910288202,
                          0.11274101101104914,
                          0.11638003150169704,
                          0.1135617042944186,
                          0.07970765725080128,
                          0.1164352568353599,
                          0.03676731416566735],
                         [0.3737521861574365,
                          0.4297528580713567,
                          0.06088414713246995,
                          0.0673896117962758,
                          0.12564681266880226,
                          0.05431441556711607,
                          0.07573149526105209,
                          0.14013504380471156,
                          0.11833135204436673,
                          0.07414356266225314]]},
            {'activation': 'sigmoid',
             'bias': [-0.03362657952131981,
                      0.09176985430064383,
                      -0.015322675821711417,
                      0.0029838311391877734,
                      0.0074518536468590555],
             'name': 'output',
             'neurons': [],
             'num_neurons': 5,
             'weights': [[0.041429988568818035,
                          0.0836967339281856,
                          0.07569507685326192,
                          0.04204192740453151,
                          0.10326016990066807,
                          0.1503816853767677,
                          0.1192034170631355,
                          0.1235560640880301],
                         [0.051177472671960586,
                          0.06478363569975958,
                          0.09096523662040701,
                          0.16039186700889188,
                          0.11882805228512194,
                          0.06122640748118084,
                          0.04806509392804589,
                          0.15519669634189467],
                         [0.13034242962136558,
                          0.10051683134350513,
                          0.09444082038919971,
                          0.06914290107519279,
                          0.04901479066660043,
                          0.11923754938348612,
                          0.1296022703092722,
                          0.07607233931926931],
                         [0.08381595026669748,
                          0.08356641050604725,
                          0.1547955185834361,
                          0.055758392827382916,
                          0.15786779496021824,
                          0.09279354216766993,
                          0.0641197490792163,
                          0.09634433215568457],
                         [0.13755375407227804,
                          0.09519515041374677,
                          0.149339938308838,
                          0.03610884776333385,
                          0.19445808019962552,
                          0.10981484742779593,
                          0.07083251769919886,
                          0.1025091208055569],
                         [0.08753656206694178,
                          0.12720851281997742,
                          0.14303903016593167,
                          0.0873598982519468,
                          0.019979948222617852,
                          0.11884128117738212,
                          0.0721288348191194,
                          0.13511944747691998]]}]}
{'generation': 148,
 'inputs': [],
 'layers': [{'activation': 'sigmoid',
             'bias': [0.03154323088776791,
                      -0.055711339619490166,
                      0.004464173596948949,
                      0.0015964431994286354,
                      -0.009325738245681581,
                      -0.040252253287467156,
                      0.001465305653399137,
                      -0.0032628456517258732],
             'name': 'input',
             'neurons': [<gameplay.Neuron object at 0x7fbcba9427f0>,
                         <gameplay.Neuron object at 0x7fbcba9427b8>,
                         <gameplay.Neuron object at 0x7fbcba9421d0>,
                         <gameplay.Neuron object at 0x7fbcba942a90>,
                         <gameplay.Neuron object at 0x7fbcba942b38>,
                         <gameplay.Neuron object at 0x7fbcba942ac8>,
                         <gameplay.Neuron object at 0x7fbcba942c18>,
                         <gameplay.Neuron object at 0x7fbcba942be0>],
             'num_neurons': 8,
             'weights': [[0.35495027002488044,
                          0.4084292679270268,
                          0.09450833609261482,
                          0.13925175145168647,
                          0.0927303872985216,
                          0.08700948306348058,
                          0.044576981121399545,
                          0.08656434641216894,
                          0.10141793566026344,
                          0.06684554284682417],
                         [0.3866014825637288,
                          0.3630436698131653,
                          0.0884088468614729,
                          0.12778401468361592,
                          0.14033652780112332,
                          0.07046052758083551,
                          0.11072447584090339,
                          0.10309056827911632,
                          0.08573804769820523,
                          0.10899122967370733],
                         [0.3368133277062618,
                          0.44146524837940565,
                          0.06159758162176719,
                          0.04273700866362534,
                          0.08809038095234958,
                          0.10497144891471225,
                          0.09181903338598858,
                          0.11934458473878015,
                          0.10046182671444871,
                          0.06986409463934906],
                         [0.3856389984814576,
                          0.39938598760599164,
                          0.10388092964591682,
                          0.09179881345845133,
                          0.056346374220205483,
                          0.08427997706382315,
                          0.0678101047958342,
                          0.14149130267757978,
                          0.1242411773988879,
                          0.12564284489140654],
                         [0.42752177725231066,
                          0.4164756810475407,
                          0.05492403390833124,
                          0.11866523464604835,
                          0.11430510445985344,
                          0.1490706017179455,
                          0.1342991755738906,
                          0.14389777277863885,
                          0.07412668413668677,
                          0.06788688199529333],
                         [0.36599348197928716,
                          0.4114481500002684,
                          0.06159418117880856,
                          0.0794704067477934,
                          0.0669537627975701,
                          0.0950920517120089,
                          0.10688763823530995,
                          0.0824120385617112,
                          0.1346608152997605,
                          0.10914446064333956],
                         [0.3378914515005133,
                          0.3939718778027556,
                          0.12423708365913348,
                          0.07830852910288202,
                          0.11274101101104914,
                          0.11638003150169704,
                          0.1135617042944186,
                          0.07970765725080128,
                          0.1164352568353599,
                          0.03676731416566735],
                         [0.3737521861574365,
                          0.4297528580713567,
                          0.06088414713246995,
                          0.0673896117962758,
                          0.12564681266880226,
                          0.05431441556711607,
                          0.07573149526105209,
                          0.14013504380471156,
                          0.11833135204436673,
                          0.07414356266225314]]},
            {'activation': 'sigmoid',
             'bias': [-0.03362657952131981,
                      0.09176985430064383,
                      -0.015322675821711417,
                      0.0029838311391877734,
                      0.0074518536468590555],
             'name': 'output',
             'neurons': [<gameplay.Neuron object at 0x7fbcba942c50>,
                         <gameplay.Neuron object at 0x7fbcba942c88>,
                         <gameplay.Neuron object at 0x7fbcba942cf8>,
                         <gameplay.Neuron object at 0x7fbcba942cc0>,
                         <gameplay.Neuron object at 0x7fbcba942d30>],
             'num_neurons': 5,
             'weights': [[0.041429988568818035,
                          0.0836967339281856,
                          0.07569507685326192,
                          0.04204192740453151,
                          0.10326016990066807,
                          0.1503816853767677,
                          0.1192034170631355,
                          0.1235560640880301],
                         [0.051177472671960586,
                          0.06478363569975958,
                          0.09096523662040701,
                          0.16039186700889188,
                          0.11882805228512194,
                          0.06122640748118084,
                          0.04806509392804589,
                          0.15519669634189467],
                         [0.13034242962136558,
                          0.10051683134350513,
                          0.09444082038919971,
                          0.06914290107519279,
                          0.04901479066660043,
                          0.11923754938348612,
                          0.1296022703092722,
                          0.07607233931926931],
                         [0.08381595026669748,
                          0.08356641050604725,
                          0.1547955185834361,
                          0.055758392827382916,
                          0.15786779496021824,
                          0.09279354216766993,
                          0.0641197490792163,
                          0.09634433215568457],
                         [0.13755375407227804,
                          0.09519515041374677,
                          0.149339938308838,
                          0.03610884776333385,
                          0.19445808019962552,
                          0.10981484742779593,
                          0.07083251769919886,
                          0.1025091208055569],
                         [0.08753656206694178,
                          0.12720851281997742,
                          0.14303903016593167,
                          0.0873598982519468,
                          0.019979948222617852,
                          0.11884128117738212,
                          0.0721288348191194,
                          0.13511944747691998]]}]}
load_tensorflow_graph: path = tensorflow/mario-model-simple-2019-07-17/frozen_inference_graph.pb
object_detection_graph = <tensorflow.python.framework.ops.Graph object at 0x7fbcba942dd8>
Doing start sequence
Sleeping one second
sending start
sending empty
Found black world screen for the second time. exiting.



Seconds left: 392
Moves to the right: 14
