pygame 1.9.6
Hello from the pygame community. https://www.pygame.org/contribute.html
Loading neural net from gameplay_neural_nets/35/3.nn
net = {'generation': 31,
 'inputs': [],
 'layers': [{'activation': 'sigmoid',
             'bias': [-0.014021463200386244,
                      0.044636255180544655,
                      -0.03900961160789203,
                      -0.022101865207671594,
                      0.01237281654615218,
                      0.02928680601549892,
                      0.0010558811916628556,
                      -0.012709122946062289],
             'name': 'input',
             'neurons': [],
             'num_neurons': 8,
             'weights': [[0.44394179049108856,
                          0.4873952629747825,
                          0.5127891548469065,
                          0.49586610566752237,
                          0.5071312744427213,
                          0.47334317004379617,
                          0.4959764745803204,
                          0.4934929604392771,
                          0.49374138103301835,
                          0.5343799764062889],
                         [0.4904854542503382,
                          0.4815631638621814,
                          0.5234715919642005,
                          0.5112614273631323,
                          0.5168068900973402,
                          0.49181828976693365,
                          0.474147307786957,
                          0.46537721251396424,
                          0.5110866361835783,
                          0.5428118114661666],
                         [0.5327933512006257,
                          0.5145423929882048,
                          0.5091730734831414,
                          0.5021389060264424,
                          0.467059008500031,
                          0.490419453523532,
                          0.5192859217862137,
                          0.47577022061011803,
                          0.48610362152231,
                          0.5186623034161485],
                         [0.5090677044576493,
                          0.48842695871952563,
                          0.49377134506485193,
                          0.44445082781493217,
                          0.46756959238068824,
                          0.5098549882398083,
                          0.5261649230658213,
                          0.46639973805847573,
                          0.5072482610964004,
                          0.5043197314703378],
                         [0.4949398934712307,
                          0.5222293740699403,
                          0.4967749774553313,
                          0.49591643358330173,
                          0.5099469393423792,
                          0.5103573039202499,
                          0.5184793022959028,
                          0.5183475849997805,
                          0.5045256888549563,
                          0.5209731729449171],
                         [0.48364720021658114,
                          0.5323788389509051,
                          0.49004311259673694,
                          0.5288389258030741,
                          0.5051383457916214,
                          0.4822889313051556,
                          0.5468486537656706,
                          0.48873712482883286,
                          0.509711138797115,
                          0.4581994979173604],
                         [0.5308140239664617,
                          0.5101609838368413,
                          0.5316049307948187,
                          0.5141749293187428,
                          0.5018956690718032,
                          0.49399401902590945,
                          0.5021883560050813,
                          0.5138381290156228,
                          0.5100260541105166,
                          0.4872173918885884],
                         [0.46815349765342956,
                          0.5086214547502481,
                          0.4932671120132266,
                          0.538877032020698,
                          0.5052537063140962,
                          0.4905577233789122,
                          0.46790576423974517,
                          0.4830043877154456,
                          0.4583025512033729,
                          0.49753140769167525]]},
            {'activation': 'sigmoid',
             'bias': [-0.02167991278710128,
                      -0.019298205867717393,
                      -0.034843894644809845,
                      0.00389286337919685,
                      0.0012404413681823875,
                      -0.04533135108172316],
             'name': 'hidden1',
             'neurons': [],
             'num_neurons': 6,
             'weights': [[0.5057066388886119,
                          0.4799485626367571,
                          0.4907329646560439,
                          0.46306387607716337,
                          0.5232664666398794,
                          0.5035318438150638,
                          0.5006301203324547,
                          0.5215123847046285],
                         [0.5056427340706009,
                          0.5207435272584188,
                          0.5093314023883334,
                          0.5222053812190349,
                          0.448158435288244,
                          0.5300979237904447,
                          0.4678143775727727,
                          0.5096300664395043],
                         [0.4929747356058152,
                          0.5220348778213386,
                          0.5275846451305618,
                          0.5091563443086567,
                          0.5292881888580463,
                          0.51528397217294,
                          0.5182860988098289,
                          0.5058923677771483],
                         [0.5212801019039274,
                          0.4804657814697529,
                          0.4848399464483319,
                          0.49909859462223716,
                          0.4801854092999151,
                          0.5291403518473082,
                          0.467548643580075,
                          0.5003181318666841],
                         [0.4826210074203616,
                          0.5573187542493945,
                          0.5006313844325698,
                          0.5028809528203712,
                          0.4970128300008561,
                          0.5243351779493943,
                          0.5081227521780142,
                          0.4902701294741531],
                         [0.46934926574781316,
                          0.46887662819863557,
                          0.48287097047224126,
                          0.4789664382061582,
                          0.4909017503186809,
                          0.4761900486686305,
                          0.47230705352074637,
                          0.49288476451124397],
                         [0.4789193908970704,
                          0.4732010347276479,
                          0.5266042308328633,
                          0.49892384522368943,
                          0.4867924835176125,
                          0.4917887872119942,
                          0.54169961016011,
                          0.4765651659562725],
                         [0.5123649352121605,
                          0.501912624942902,
                          0.49613662478219894,
                          0.5197836194363453,
                          0.5210121794485302,
                          0.45179447190200267,
                          0.4966630357795473,
                          0.475328645328476]]},
            {'activation': 'sigmoid',
             'bias': [-0.02008985665925782,
                      -0.0010425434247498004,
                      0.0063117137040905715,
                      0.006377262531523141,
                      0.03516301952261615],
             'name': 'output',
             'neurons': [],
             'num_neurons': 5,
             'weights': [[0.47991653442280036,
                          0.481800523255582,
                          0.5126238981528277,
                          0.490886409203714,
                          0.4942881136764814,
                          0.5118433959168354],
                         [0.5111920527605041,
                          0.521638651479449,
                          0.4700396546199438,
                          0.49515707054091157,
                          0.49697554541870653,
                          0.5091832810241291],
                         [0.5005849100873383,
                          0.4987802617812519,
                          0.5004379567332037,
                          0.5006441576636057,
                          0.5147810606546404,
                          0.5010281416474363],
                         [0.507103742227138,
                          0.461199001411023,
                          0.5115836245031151,
                          0.49132242676169813,
                          0.49526158966594935,
                          0.4893056829302548],
                         [0.5140800303718602,
                          0.5100695588666059,
                          0.4919860023639672,
                          0.5218475232298664,
                          0.4949733891381831,
                          0.46795263297917467],
                         [0.4697193575139741,
                          0.515560170144082,
                          0.5023959320419773,
                          0.47267877039967593,
                          0.4957666509014555,
                          0.4780219942346604]]}]}
{'generation': 31,
 'inputs': [],
 'layers': [{'activation': 'sigmoid',
             'bias': [-0.014021463200386244,
                      0.044636255180544655,
                      -0.03900961160789203,
                      -0.022101865207671594,
                      0.01237281654615218,
                      0.02928680601549892,
                      0.0010558811916628556,
                      -0.012709122946062289],
             'name': 'input',
             'neurons': [<gameplay.Neuron object at 0x7f8dada0a828>,
                         <gameplay.Neuron object at 0x7f8dada0a7f0>,
                         <gameplay.Neuron object at 0x7f8dada0a208>,
                         <gameplay.Neuron object at 0x7f8dada0ab38>,
                         <gameplay.Neuron object at 0x7f8dada0abe0>,
                         <gameplay.Neuron object at 0x7f8dada0ab70>,
                         <gameplay.Neuron object at 0x7f8dada0ac88>,
                         <gameplay.Neuron object at 0x7f8dada0acc0>],
             'num_neurons': 8,
             'weights': [[0.44394179049108856,
                          0.4873952629747825,
                          0.5127891548469065,
                          0.49586610566752237,
                          0.5071312744427213,
                          0.47334317004379617,
                          0.4959764745803204,
                          0.4934929604392771,
                          0.49374138103301835,
                          0.5343799764062889],
                         [0.4904854542503382,
                          0.4815631638621814,
                          0.5234715919642005,
                          0.5112614273631323,
                          0.5168068900973402,
                          0.49181828976693365,
                          0.474147307786957,
                          0.46537721251396424,
                          0.5110866361835783,
                          0.5428118114661666],
                         [0.5327933512006257,
                          0.5145423929882048,
                          0.5091730734831414,
                          0.5021389060264424,
                          0.467059008500031,
                          0.490419453523532,
                          0.5192859217862137,
                          0.47577022061011803,
                          0.48610362152231,
                          0.5186623034161485],
                         [0.5090677044576493,
                          0.48842695871952563,
                          0.49377134506485193,
                          0.44445082781493217,
                          0.46756959238068824,
                          0.5098549882398083,
                          0.5261649230658213,
                          0.46639973805847573,
                          0.5072482610964004,
                          0.5043197314703378],
                         [0.4949398934712307,
                          0.5222293740699403,
                          0.4967749774553313,
                          0.49591643358330173,
                          0.5099469393423792,
                          0.5103573039202499,
                          0.5184793022959028,
                          0.5183475849997805,
                          0.5045256888549563,
                          0.5209731729449171],
                         [0.48364720021658114,
                          0.5323788389509051,
                          0.49004311259673694,
                          0.5288389258030741,
                          0.5051383457916214,
                          0.4822889313051556,
                          0.5468486537656706,
                          0.48873712482883286,
                          0.509711138797115,
                          0.4581994979173604],
                         [0.5308140239664617,
                          0.5101609838368413,
                          0.5316049307948187,
                          0.5141749293187428,
                          0.5018956690718032,
                          0.49399401902590945,
                          0.5021883560050813,
                          0.5138381290156228,
                          0.5100260541105166,
                          0.4872173918885884],
                         [0.46815349765342956,
                          0.5086214547502481,
                          0.4932671120132266,
                          0.538877032020698,
                          0.5052537063140962,
                          0.4905577233789122,
                          0.46790576423974517,
                          0.4830043877154456,
                          0.4583025512033729,
                          0.49753140769167525]]},
            {'activation': 'sigmoid',
             'bias': [-0.02167991278710128,
                      -0.019298205867717393,
                      -0.034843894644809845,
                      0.00389286337919685,
                      0.0012404413681823875,
                      -0.04533135108172316],
             'name': 'hidden1',
             'neurons': [<gameplay.Neuron object at 0x7f8dada0acf8>,
                         <gameplay.Neuron object at 0x7f8dada0ad30>,
                         <gameplay.Neuron object at 0x7f8dada0ada0>,
                         <gameplay.Neuron object at 0x7f8dada0ad68>,
                         <gameplay.Neuron object at 0x7f8dada0add8>,
                         <gameplay.Neuron object at 0x7f8dada0ae48>],
             'num_neurons': 6,
             'weights': [[0.5057066388886119,
                          0.4799485626367571,
                          0.4907329646560439,
                          0.46306387607716337,
                          0.5232664666398794,
                          0.5035318438150638,
                          0.5006301203324547,
                          0.5215123847046285],
                         [0.5056427340706009,
                          0.5207435272584188,
                          0.5093314023883334,
                          0.5222053812190349,
                          0.448158435288244,
                          0.5300979237904447,
                          0.4678143775727727,
                          0.5096300664395043],
                         [0.4929747356058152,
                          0.5220348778213386,
                          0.5275846451305618,
                          0.5091563443086567,
                          0.5292881888580463,
                          0.51528397217294,
                          0.5182860988098289,
                          0.5058923677771483],
                         [0.5212801019039274,
                          0.4804657814697529,
                          0.4848399464483319,
                          0.49909859462223716,
                          0.4801854092999151,
                          0.5291403518473082,
                          0.467548643580075,
                          0.5003181318666841],
                         [0.4826210074203616,
                          0.5573187542493945,
                          0.5006313844325698,
                          0.5028809528203712,
                          0.4970128300008561,
                          0.5243351779493943,
                          0.5081227521780142,
                          0.4902701294741531],
                         [0.46934926574781316,
                          0.46887662819863557,
                          0.48287097047224126,
                          0.4789664382061582,
                          0.4909017503186809,
                          0.4761900486686305,
                          0.47230705352074637,
                          0.49288476451124397],
                         [0.4789193908970704,
                          0.4732010347276479,
                          0.5266042308328633,
                          0.49892384522368943,
                          0.4867924835176125,
                          0.4917887872119942,
                          0.54169961016011,
                          0.4765651659562725],
                         [0.5123649352121605,
                          0.501912624942902,
                          0.49613662478219894,
                          0.5197836194363453,
                          0.5210121794485302,
                          0.45179447190200267,
                          0.4966630357795473,
                          0.475328645328476]]},
            {'activation': 'sigmoid',
             'bias': [-0.02008985665925782,
                      -0.0010425434247498004,
                      0.0063117137040905715,
                      0.006377262531523141,
                      0.03516301952261615],
             'name': 'output',
             'neurons': [<gameplay.Neuron object at 0x7f8dada0ae10>,
                         <gameplay.Neuron object at 0x7f8dada0ae80>,
                         <gameplay.Neuron object at 0x7f8dada0aba8>,
                         <gameplay.Neuron object at 0x7f8dada0ac18>,
                         <gameplay.Neuron object at 0x7f8dada0ac50>],
             'num_neurons': 5,
             'weights': [[0.47991653442280036,
                          0.481800523255582,
                          0.5126238981528277,
                          0.490886409203714,
                          0.4942881136764814,
                          0.5118433959168354],
                         [0.5111920527605041,
                          0.521638651479449,
                          0.4700396546199438,
                          0.49515707054091157,
                          0.49697554541870653,
                          0.5091832810241291],
                         [0.5005849100873383,
                          0.4987802617812519,
                          0.5004379567332037,
                          0.5006441576636057,
                          0.5147810606546404,
                          0.5010281416474363],
                         [0.507103742227138,
                          0.461199001411023,
                          0.5115836245031151,
                          0.49132242676169813,
                          0.49526158966594935,
                          0.4893056829302548],
                         [0.5140800303718602,
                          0.5100695588666059,
                          0.4919860023639672,
                          0.5218475232298664,
                          0.4949733891381831,
                          0.46795263297917467],
                         [0.4697193575139741,
                          0.515560170144082,
                          0.5023959320419773,
                          0.47267877039967593,
                          0.4957666509014555,
                          0.4780219942346604]]}]}
load_tensorflow_graph: path = tensorflow/mario-model-simple-2019-07-17/frozen_inference_graph.pb
object_detection_graph = <tensorflow.python.framework.ops.Graph object at 0x7f8dada0af98>
Doing start sequence
Sleeping one second
sending start
sending empty
Found black world screen for the second time. exiting.



Seconds left: 370
Moves to the right: 77
frame count: 141
time start:  1568164839.1756833,   time_now: 1568164854.0691671
