pygame 1.9.6
Hello from the pygame community. https://www.pygame.org/contribute.html
Loading neural net from gameplay_neural_nets/2/3.nn
net = {'generation': 2,
 'inputs': [],
 'layers': [{'activation': 'sigmoid',
             'bias': [0,
                      0,
                      0,
                      0,
                      0.009877980081209195,
                      -0.006207780844950115,
                      0,
                      0],
             'name': 'input',
             'neurons': [],
             'num_neurons': 8,
             'weights': [[0.4068732213075163,
                          0.4,
                          0.1,
                          0.09951648541187848,
                          0.1,
                          0.1,
                          0.10127307992562212,
                          0.1,
                          0.1,
                          0.1],
                         [0.4,
                          0.4,
                          0.1,
                          0.1,
                          0.1,
                          0.1,
                          0.1,
                          0.1,
                          0.1,
                          0.107125032833115],
                         [0.4, 0.4, 0.1, 0.1, 0.1, 0.1, 0.1, 0.1, 0.1, 0.1],
                         [0.4,
                          0.4072678435697009,
                          0.09515623406403728,
                          0.1,
                          0.1,
                          0.10642849456326016,
                          0.1,
                          0.1,
                          0.10580280131805363,
                          0.1],
                         [0.4,
                          0.4,
                          0.1,
                          0.1,
                          0.1,
                          0.1,
                          0.09117029099904227,
                          0.1,
                          0.1,
                          0.10724672922695366],
                         [0.4,
                          0.4,
                          0.1,
                          0.1,
                          0.1,
                          0.1,
                          0.09895203190163013,
                          0.1,
                          0.1,
                          0.09450707437583791],
                         [0.4,
                          0.4,
                          0.1,
                          0.1,
                          0.1,
                          0.1,
                          0.10530984743749684,
                          0.1,
                          0.1,
                          0.09118392321104013],
                         [0.4, 0.4, 0.1, 0.1, 0.1, 0.1, 0.1, 0.1, 0.1, 0.1]]},
            {'activation': 'sigmoid',
             'bias': [0, 0, 0, 0.007080468896920844, 0.03],
             'name': 'output',
             'neurons': [],
             'num_neurons': 5,
             'weights': [[0.1, 0.1, 0.1, 0.1, 0.1, 0.1, 0.1, 0.1],
                         [0.1,
                          0.1,
                          0.09984297450859293,
                          0.09794611429517787,
                          0.1,
                          0.09430838766774732,
                          0.1,
                          0.1],
                         [0.11758047696135458,
                          0.11,
                          0.11,
                          0.1,
                          0.1,
                          0.1,
                          0.1,
                          0.1],
                         [0.1,
                          0.1,
                          0.09748409183557105,
                          0.1,
                          0.1,
                          0.1,
                          0.1,
                          0.1],
                         [0.1, 0.1, 0.1, 0.1, 0.1, 0.1, 0.1, 0.1],
                         [0.1, 0.1, 0.1, 0.1, 0.1, 0.1, 0.1, 0.1]]}]}
{'generation': 2,
 'inputs': [],
 'layers': [{'activation': 'sigmoid',
             'bias': [0,
                      0,
                      0,
                      0,
                      0.009877980081209195,
                      -0.006207780844950115,
                      0,
                      0],
             'name': 'input',
             'neurons': [<gameplay.Neuron object at 0x7fabf8f7f7f0>,
                         <gameplay.Neuron object at 0x7fabf8f7f7b8>,
                         <gameplay.Neuron object at 0x7fabf8f7f1d0>,
                         <gameplay.Neuron object at 0x7fabf8f7fa90>,
                         <gameplay.Neuron object at 0x7fabf8f7fb38>,
                         <gameplay.Neuron object at 0x7fabf8f7fac8>,
                         <gameplay.Neuron object at 0x7fabf8f7fe80>,
                         <gameplay.Neuron object at 0x7fabf8f7fba8>],
             'num_neurons': 8,
             'weights': [[0.4068732213075163,
                          0.4,
                          0.1,
                          0.09951648541187848,
                          0.1,
                          0.1,
                          0.10127307992562212,
                          0.1,
                          0.1,
                          0.1],
                         [0.4,
                          0.4,
                          0.1,
                          0.1,
                          0.1,
                          0.1,
                          0.1,
                          0.1,
                          0.1,
                          0.107125032833115],
                         [0.4, 0.4, 0.1, 0.1, 0.1, 0.1, 0.1, 0.1, 0.1, 0.1],
                         [0.4,
                          0.4072678435697009,
                          0.09515623406403728,
                          0.1,
                          0.1,
                          0.10642849456326016,
                          0.1,
                          0.1,
                          0.10580280131805363,
                          0.1],
                         [0.4,
                          0.4,
                          0.1,
                          0.1,
                          0.1,
                          0.1,
                          0.09117029099904227,
                          0.1,
                          0.1,
                          0.10724672922695366],
                         [0.4,
                          0.4,
                          0.1,
                          0.1,
                          0.1,
                          0.1,
                          0.09895203190163013,
                          0.1,
                          0.1,
                          0.09450707437583791],
                         [0.4,
                          0.4,
                          0.1,
                          0.1,
                          0.1,
                          0.1,
                          0.10530984743749684,
                          0.1,
                          0.1,
                          0.09118392321104013],
                         [0.4, 0.4, 0.1, 0.1, 0.1, 0.1, 0.1, 0.1, 0.1, 0.1]]},
            {'activation': 'sigmoid',
             'bias': [0, 0, 0, 0.007080468896920844, 0.03],
             'name': 'output',
             'neurons': [<gameplay.Neuron object at 0x7fabf8f7fdd8>,
                         <gameplay.Neuron object at 0x7fabf8f7fd30>,
                         <gameplay.Neuron object at 0x7fabf8f7fbe0>,
                         <gameplay.Neuron object at 0x7fabf8f7fcf8>,
                         <gameplay.Neuron object at 0x7fabf8f7fc88>],
             'num_neurons': 5,
             'weights': [[0.1, 0.1, 0.1, 0.1, 0.1, 0.1, 0.1, 0.1],
                         [0.1,
                          0.1,
                          0.09984297450859293,
                          0.09794611429517787,
                          0.1,
                          0.09430838766774732,
                          0.1,
                          0.1],
                         [0.11758047696135458,
                          0.11,
                          0.11,
                          0.1,
                          0.1,
                          0.1,
                          0.1,
                          0.1],
                         [0.1,
                          0.1,
                          0.09748409183557105,
                          0.1,
                          0.1,
                          0.1,
                          0.1,
                          0.1],
                         [0.1, 0.1, 0.1, 0.1, 0.1, 0.1, 0.1, 0.1],
                         [0.1, 0.1, 0.1, 0.1, 0.1, 0.1, 0.1, 0.1]]}]}
load_tensorflow_graph: path = tensorflow/mario-model-simple-2019-07-17/frozen_inference_graph.pb
object_detection_graph = <tensorflow.python.framework.ops.Graph object at 0x7fabf8f7feb8>
Doing start sequence
Sleeping one second
sending start
sending empty



Seconds left: 372
Moves to the right: 40
