pygame 1.9.6
Hello from the pygame community. https://www.pygame.org/contribute.html
Loading neural net from gameplay_neural_nets/102/5.nn
net = {'generation': 92,
 'inputs': [],
 'layers': [{'activation': 'sigmoid',
             'bias': [0.011779121560007086,
                      0.0002749286100292344,
                      0.016733061530226134,
                      -0.030526500343254766,
                      0.011935640755330868,
                      -0.02688297657369033,
                      0.021128072483104915,
                      -0.016917942307651847],
             'name': 'input',
             'neurons': [],
             'num_neurons': 8,
             'weights': [[0.35899064527183416,
                          0.41891453586153776,
                          0.09495927028914644,
                          0.12073049254517926,
                          0.10278265673020849,
                          0.08650917893244643,
                          0.08500577714948238,
                          0.10736210543940848,
                          0.08594903904480018,
                          0.08761410376200653],
                         [0.37311168210626267,
                          0.3686375184563402,
                          0.08306134367131342,
                          0.10196157925578501,
                          0.10465034212724204,
                          0.07665282160553546,
                          0.11866452046429288,
                          0.1016594122645917,
                          0.11802003473501615,
                          0.11173148707062962],
                         [0.38079075272154805,
                          0.4348822077154349,
                          0.09950422246613248,
                          0.0657954752642099,
                          0.12185963588789935,
                          0.09893224458914926,
                          0.09264327900700596,
                          0.10261826554757145,
                          0.08526398449469334,
                          0.09499039772775597],
                         [0.38342374402310947,
                          0.3923068721303395,
                          0.09335539150319884,
                          0.1131536461555081,
                          0.04854568132577414,
                          0.09217974162047764,
                          0.10007019879382684,
                          0.1265133530872506,
                          0.11447131407105443,
                          0.12308311876374439],
                         [0.3935493313524759,
                          0.3951741600278526,
                          0.04946531328371123,
                          0.13570535014359145,
                          0.09989829925715657,
                          0.1403325448189168,
                          0.1139798325544163,
                          0.1372419492681667,
                          0.09701000433579299,
                          0.07451005828988147],
                         [0.3742946502690349,
                          0.4297280348155157,
                          0.08250472410555885,
                          0.08472146252318279,
                          0.11455542432374614,
                          0.06740331994275367,
                          0.10158630099674015,
                          0.10519093996161469,
                          0.11444962565804873,
                          0.10262243287045907],
                         [0.3642448235406567,
                          0.3870458944591707,
                          0.11144408303719253,
                          0.05315522782088633,
                          0.10244868399819303,
                          0.12844783082430056,
                          0.09235848059952514,
                          0.12056540190163707,
                          0.10591386053818622,
                          0.07875091356178092],
                         [0.3914922908687648,
                          0.4045108164344957,
                          0.05817323627200885,
                          0.07638204516291917,
                          0.12364389801984203,
                          0.036791730260013825,
                          0.07304502092549114,
                          0.16545913389893924,
                          0.09179280908335384,
                          0.08240740019698357]]},
            {'activation': 'sigmoid',
             'bias': [-0.02342016927466844,
                      0.027537716541312734,
                      0.0016450027855132096,
                      -0.01361686657480158,
                      0.014575496580314738],
             'name': 'output',
             'neurons': [],
             'num_neurons': 5,
             'weights': [[0.06805325907857715,
                          0.08139581356079803,
                          0.09296595069616977,
                          0.06720047269179659,
                          0.08803771652576187,
                          0.12332693891679135,
                          0.122618635904381,
                          0.10337943453860983],
                         [0.06691953296422243,
                          0.09037364936385414,
                          0.06794625489131331,
                          0.14371100734376036,
                          0.08304648642954282,
                          0.08217876093969306,
                          0.07906225853406383,
                          0.17406954580342496],
                         [0.13318383780311074,
                          0.0756492992252487,
                          0.11092340686386289,
                          0.09080134651953266,
                          0.09327213344152822,
                          0.10431094452114478,
                          0.1392063320084525,
                          0.09190156134181347],
                         [0.12489261323772397,
                          0.06716375461169706,
                          0.11887971465507444,
                          0.06968092437953843,
                          0.1561429177302504,
                          0.0990060147914815,
                          0.10030303412796684,
                          0.09329779120743262],
                         [0.11316276191925739,
                          0.08890887234478717,
                          0.1288500823628608,
                          0.05175398240518075,
                          0.1632618582183755,
                          0.10510291692050205,
                          0.08643136917118695,
                          0.11661933817278239],
                         [0.08862992658386369,
                          0.1054842321328245,
                          0.14176326988086166,
                          0.09464691909912062,
                          0.06846125818685471,
                          0.1104666927225433,
                          0.051766853981309965,
                          0.10966846137631765]]}]}
{'generation': 92,
 'inputs': [],
 'layers': [{'activation': 'sigmoid',
             'bias': [0.011779121560007086,
                      0.0002749286100292344,
                      0.016733061530226134,
                      -0.030526500343254766,
                      0.011935640755330868,
                      -0.02688297657369033,
                      0.021128072483104915,
                      -0.016917942307651847],
             'name': 'input',
             'neurons': [<gameplay.Neuron object at 0x7f638541c7f0>,
                         <gameplay.Neuron object at 0x7f638541c7b8>,
                         <gameplay.Neuron object at 0x7f638541c1d0>,
                         <gameplay.Neuron object at 0x7f638541ca90>,
                         <gameplay.Neuron object at 0x7f638541cb38>,
                         <gameplay.Neuron object at 0x7f638541cac8>,
                         <gameplay.Neuron object at 0x7f638541cc18>,
                         <gameplay.Neuron object at 0x7f638541cbe0>],
             'num_neurons': 8,
             'weights': [[0.35899064527183416,
                          0.41891453586153776,
                          0.09495927028914644,
                          0.12073049254517926,
                          0.10278265673020849,
                          0.08650917893244643,
                          0.08500577714948238,
                          0.10736210543940848,
                          0.08594903904480018,
                          0.08761410376200653],
                         [0.37311168210626267,
                          0.3686375184563402,
                          0.08306134367131342,
                          0.10196157925578501,
                          0.10465034212724204,
                          0.07665282160553546,
                          0.11866452046429288,
                          0.1016594122645917,
                          0.11802003473501615,
                          0.11173148707062962],
                         [0.38079075272154805,
                          0.4348822077154349,
                          0.09950422246613248,
                          0.0657954752642099,
                          0.12185963588789935,
                          0.09893224458914926,
                          0.09264327900700596,
                          0.10261826554757145,
                          0.08526398449469334,
                          0.09499039772775597],
                         [0.38342374402310947,
                          0.3923068721303395,
                          0.09335539150319884,
                          0.1131536461555081,
                          0.04854568132577414,
                          0.09217974162047764,
                          0.10007019879382684,
                          0.1265133530872506,
                          0.11447131407105443,
                          0.12308311876374439],
                         [0.3935493313524759,
                          0.3951741600278526,
                          0.04946531328371123,
                          0.13570535014359145,
                          0.09989829925715657,
                          0.1403325448189168,
                          0.1139798325544163,
                          0.1372419492681667,
                          0.09701000433579299,
                          0.07451005828988147],
                         [0.3742946502690349,
                          0.4297280348155157,
                          0.08250472410555885,
                          0.08472146252318279,
                          0.11455542432374614,
                          0.06740331994275367,
                          0.10158630099674015,
                          0.10519093996161469,
                          0.11444962565804873,
                          0.10262243287045907],
                         [0.3642448235406567,
                          0.3870458944591707,
                          0.11144408303719253,
                          0.05315522782088633,
                          0.10244868399819303,
                          0.12844783082430056,
                          0.09235848059952514,
                          0.12056540190163707,
                          0.10591386053818622,
                          0.07875091356178092],
                         [0.3914922908687648,
                          0.4045108164344957,
                          0.05817323627200885,
                          0.07638204516291917,
                          0.12364389801984203,
                          0.036791730260013825,
                          0.07304502092549114,
                          0.16545913389893924,
                          0.09179280908335384,
                          0.08240740019698357]]},
            {'activation': 'sigmoid',
             'bias': [-0.02342016927466844,
                      0.027537716541312734,
                      0.0016450027855132096,
                      -0.01361686657480158,
                      0.014575496580314738],
             'name': 'output',
             'neurons': [<gameplay.Neuron object at 0x7f638541cc50>,
                         <gameplay.Neuron object at 0x7f638541cc88>,
                         <gameplay.Neuron object at 0x7f638541ccf8>,
                         <gameplay.Neuron object at 0x7f638541ccc0>,
                         <gameplay.Neuron object at 0x7f638541cd30>],
             'num_neurons': 5,
             'weights': [[0.06805325907857715,
                          0.08139581356079803,
                          0.09296595069616977,
                          0.06720047269179659,
                          0.08803771652576187,
                          0.12332693891679135,
                          0.122618635904381,
                          0.10337943453860983],
                         [0.06691953296422243,
                          0.09037364936385414,
                          0.06794625489131331,
                          0.14371100734376036,
                          0.08304648642954282,
                          0.08217876093969306,
                          0.07906225853406383,
                          0.17406954580342496],
                         [0.13318383780311074,
                          0.0756492992252487,
                          0.11092340686386289,
                          0.09080134651953266,
                          0.09327213344152822,
                          0.10431094452114478,
                          0.1392063320084525,
                          0.09190156134181347],
                         [0.12489261323772397,
                          0.06716375461169706,
                          0.11887971465507444,
                          0.06968092437953843,
                          0.1561429177302504,
                          0.0990060147914815,
                          0.10030303412796684,
                          0.09329779120743262],
                         [0.11316276191925739,
                          0.08890887234478717,
                          0.1288500823628608,
                          0.05175398240518075,
                          0.1632618582183755,
                          0.10510291692050205,
                          0.08643136917118695,
                          0.11661933817278239],
                         [0.08862992658386369,
                          0.1054842321328245,
                          0.14176326988086166,
                          0.09464691909912062,
                          0.06846125818685471,
                          0.1104666927225433,
                          0.051766853981309965,
                          0.10966846137631765]]}]}
load_tensorflow_graph: path = tensorflow/mario-model-simple-2019-07-17/frozen_inference_graph.pb
object_detection_graph = <tensorflow.python.framework.ops.Graph object at 0x7f638541cdd8>
Doing start sequence
Sleeping one second
sending start
sending empty
Found black world screen for the second time. exiting.



Seconds left: 379
Moves to the right: 45
