pygame 1.9.6
Hello from the pygame community. https://www.pygame.org/contribute.html
Loading neural net from gameplay_neural_nets/102/7.nn
net = {'generation': 92,
 'inputs': [],
 'layers': [{'activation': 'sigmoid',
             'bias': [0.011779121560007086,
                      0.0002749286100292344,
                      0.023503433091820132,
                      -0.036127031553828126,
                      0.017908489456835305,
                      -0.02688297657369033,
                      0.021128072483104915,
                      -0.024466454626312695],
             'name': 'input',
             'neurons': [],
             'num_neurons': 8,
             'weights': [[0.35899064527183416,
                          0.41891453586153776,
                          0.10477697901023836,
                          0.12073049254517926,
                          0.10278265673020849,
                          0.07892412616237551,
                          0.08500577714948238,
                          0.10736210543940848,
                          0.08594903904480018,
                          0.08761410376200653],
                         [0.37311168210626267,
                          0.36712653918671007,
                          0.0851112153777988,
                          0.10196157925578501,
                          0.10465034212724204,
                          0.07665282160553546,
                          0.11866452046429288,
                          0.0922974123834614,
                          0.11802003473501615,
                          0.11911566856954305],
                         [0.38079075272154805,
                          0.4348822077154349,
                          0.09950422246613248,
                          0.0657954752642099,
                          0.11053799764570092,
                          0.09893224458914926,
                          0.09710382475812865,
                          0.10261826554757145,
                          0.08526398449469334,
                          0.0962235402911038],
                         [0.38342374402310947,
                          0.4020621111488125,
                          0.09335539150319884,
                          0.1131536461555081,
                          0.04854568132577414,
                          0.08820651386710535,
                          0.10060569435458441,
                          0.1265133530872506,
                          0.11447131407105443,
                          0.12308311876374439],
                         [0.4013459146213683,
                          0.3951741600278526,
                          0.04946531328371123,
                          0.13570535014359145,
                          0.10018274141854856,
                          0.13655016788893962,
                          0.12337245579575241,
                          0.1372419492681667,
                          0.09701000433579299,
                          0.07451005828988147],
                         [0.3742946502690349,
                          0.4297280348155157,
                          0.0897279112433359,
                          0.08472146252318279,
                          0.11455542432374614,
                          0.06740331994275367,
                          0.0943773505230036,
                          0.10519093996161469,
                          0.11444962565804873,
                          0.10262243287045907],
                         [0.3642448235406567,
                          0.3774048596452009,
                          0.11144408303719253,
                          0.05315522782088633,
                          0.10244868399819303,
                          0.12844783082430056,
                          0.09235848059952514,
                          0.11781419221155803,
                          0.10591386053818622,
                          0.07875091356178092],
                         [0.3914922908687648,
                          0.4125697165751855,
                          0.05817323627200885,
                          0.07638204516291917,
                          0.12364389801984203,
                          0.036791730260013825,
                          0.07304502092549114,
                          0.16545913389893924,
                          0.09179280908335384,
                          0.07781496270220892]]},
            {'activation': 'sigmoid',
             'bias': [-0.019754222932578364,
                      0.027537716541312734,
                      -0.008126832138705667,
                      -0.01361686657480158,
                      0.014575496580314738],
             'name': 'output',
             'neurons': [],
             'num_neurons': 5,
             'weights': [[0.06805325907857715,
                          0.07833660702901306,
                          0.09296595069616977,
                          0.06720047269179659,
                          0.09795078449448444,
                          0.12811431278346536,
                          0.122618635904381,
                          0.10337943453860983],
                         [0.06691953296422243,
                          0.09481335388321346,
                          0.06794625489131331,
                          0.14371100734376036,
                          0.08304648642954282,
                          0.08608104775944105,
                          0.07906225853406383,
                          0.17406954580342496],
                         [0.13318383780311074,
                          0.0756492992252487,
                          0.11001629360845588,
                          0.08599777354978788,
                          0.09327213344152822,
                          0.10431094452114478,
                          0.1392063320084525,
                          0.10175601392395542],
                         [0.12433891134821572,
                          0.06716375461169706,
                          0.12324928569885596,
                          0.0621523040417012,
                          0.16100628298382258,
                          0.0990060147914815,
                          0.10030303412796684,
                          0.09329779120743262],
                         [0.11316276191925739,
                          0.08890887234478717,
                          0.1288500823628608,
                          0.05175398240518075,
                          0.1632618582183755,
                          0.10510291692050205,
                          0.08643136917118695,
                          0.11661933817278239],
                         [0.08862992658386369,
                          0.1054842321328245,
                          0.14176326988086166,
                          0.09933826680328688,
                          0.06504835580900499,
                          0.1104666927225433,
                          0.051766853981309965,
                          0.10966846137631765]]}]}
{'generation': 92,
 'inputs': [],
 'layers': [{'activation': 'sigmoid',
             'bias': [0.011779121560007086,
                      0.0002749286100292344,
                      0.023503433091820132,
                      -0.036127031553828126,
                      0.017908489456835305,
                      -0.02688297657369033,
                      0.021128072483104915,
                      -0.024466454626312695],
             'name': 'input',
             'neurons': [<gameplay.Neuron object at 0x7f7766d56860>,
                         <gameplay.Neuron object at 0x7f7766d56828>,
                         <gameplay.Neuron object at 0x7f7766d56240>,
                         <gameplay.Neuron object at 0x7f7766d56b00>,
                         <gameplay.Neuron object at 0x7f7766d56ba8>,
                         <gameplay.Neuron object at 0x7f7766d56b38>,
                         <gameplay.Neuron object at 0x7f7766d56c88>,
                         <gameplay.Neuron object at 0x7f7766d56c50>],
             'num_neurons': 8,
             'weights': [[0.35899064527183416,
                          0.41891453586153776,
                          0.10477697901023836,
                          0.12073049254517926,
                          0.10278265673020849,
                          0.07892412616237551,
                          0.08500577714948238,
                          0.10736210543940848,
                          0.08594903904480018,
                          0.08761410376200653],
                         [0.37311168210626267,
                          0.36712653918671007,
                          0.0851112153777988,
                          0.10196157925578501,
                          0.10465034212724204,
                          0.07665282160553546,
                          0.11866452046429288,
                          0.0922974123834614,
                          0.11802003473501615,
                          0.11911566856954305],
                         [0.38079075272154805,
                          0.4348822077154349,
                          0.09950422246613248,
                          0.0657954752642099,
                          0.11053799764570092,
                          0.09893224458914926,
                          0.09710382475812865,
                          0.10261826554757145,
                          0.08526398449469334,
                          0.0962235402911038],
                         [0.38342374402310947,
                          0.4020621111488125,
                          0.09335539150319884,
                          0.1131536461555081,
                          0.04854568132577414,
                          0.08820651386710535,
                          0.10060569435458441,
                          0.1265133530872506,
                          0.11447131407105443,
                          0.12308311876374439],
                         [0.4013459146213683,
                          0.3951741600278526,
                          0.04946531328371123,
                          0.13570535014359145,
                          0.10018274141854856,
                          0.13655016788893962,
                          0.12337245579575241,
                          0.1372419492681667,
                          0.09701000433579299,
                          0.07451005828988147],
                         [0.3742946502690349,
                          0.4297280348155157,
                          0.0897279112433359,
                          0.08472146252318279,
                          0.11455542432374614,
                          0.06740331994275367,
                          0.0943773505230036,
                          0.10519093996161469,
                          0.11444962565804873,
                          0.10262243287045907],
                         [0.3642448235406567,
                          0.3774048596452009,
                          0.11144408303719253,
                          0.05315522782088633,
                          0.10244868399819303,
                          0.12844783082430056,
                          0.09235848059952514,
                          0.11781419221155803,
                          0.10591386053818622,
                          0.07875091356178092],
                         [0.3914922908687648,
                          0.4125697165751855,
                          0.05817323627200885,
                          0.07638204516291917,
                          0.12364389801984203,
                          0.036791730260013825,
                          0.07304502092549114,
                          0.16545913389893924,
                          0.09179280908335384,
                          0.07781496270220892]]},
            {'activation': 'sigmoid',
             'bias': [-0.019754222932578364,
                      0.027537716541312734,
                      -0.008126832138705667,
                      -0.01361686657480158,
                      0.014575496580314738],
             'name': 'output',
             'neurons': [<gameplay.Neuron object at 0x7f7766d56cc0>,
                         <gameplay.Neuron object at 0x7f7766d56cf8>,
                         <gameplay.Neuron object at 0x7f7766d56d68>,
                         <gameplay.Neuron object at 0x7f7766d56d30>,
                         <gameplay.Neuron object at 0x7f7766d56da0>],
             'num_neurons': 5,
             'weights': [[0.06805325907857715,
                          0.07833660702901306,
                          0.09296595069616977,
                          0.06720047269179659,
                          0.09795078449448444,
                          0.12811431278346536,
                          0.122618635904381,
                          0.10337943453860983],
                         [0.06691953296422243,
                          0.09481335388321346,
                          0.06794625489131331,
                          0.14371100734376036,
                          0.08304648642954282,
                          0.08608104775944105,
                          0.07906225853406383,
                          0.17406954580342496],
                         [0.13318383780311074,
                          0.0756492992252487,
                          0.11001629360845588,
                          0.08599777354978788,
                          0.09327213344152822,
                          0.10431094452114478,
                          0.1392063320084525,
                          0.10175601392395542],
                         [0.12433891134821572,
                          0.06716375461169706,
                          0.12324928569885596,
                          0.0621523040417012,
                          0.16100628298382258,
                          0.0990060147914815,
                          0.10030303412796684,
                          0.09329779120743262],
                         [0.11316276191925739,
                          0.08890887234478717,
                          0.1288500823628608,
                          0.05175398240518075,
                          0.1632618582183755,
                          0.10510291692050205,
                          0.08643136917118695,
                          0.11661933817278239],
                         [0.08862992658386369,
                          0.1054842321328245,
                          0.14176326988086166,
                          0.09933826680328688,
                          0.06504835580900499,
                          0.1104666927225433,
                          0.051766853981309965,
                          0.10966846137631765]]}]}
load_tensorflow_graph: path = tensorflow/mario-model-simple-2019-07-17/frozen_inference_graph.pb
object_detection_graph = <tensorflow.python.framework.ops.Graph object at 0x7f7766d56e48>
Doing start sequence
Sleeping one second
sending start
sending empty
Found black world screen for the second time. exiting.



Seconds left: 393
Moves to the right: 19
