pygame 1.9.6
Hello from the pygame community. https://www.pygame.org/contribute.html
Loading neural net from gameplay_neural_nets/160/5.nn
net = {'generation': 145,
 'inputs': [],
 'layers': [{'activation': 'sigmoid',
             'bias': [0.020704381524859622,
                      -0.05838586118552733,
                      0.004464173596948949,
                      -0.0033663584599473795,
                      -0.009020774390955194,
                      -0.02348615383464176,
                      0.014446150008414416,
                      0.0018237215783277628],
             'name': 'input',
             'neurons': [],
             'num_neurons': 8,
             'weights': [[0.36011004301873617,
                          0.4269995681089839,
                          0.09808893193009913,
                          0.13925175145168647,
                          0.0866443301091136,
                          0.08700948306348058,
                          0.05738489493054613,
                          0.08765318610813892,
                          0.08318642273202773,
                          0.06684554284682417],
                         [0.3844001600698343,
                          0.3649050014527386,
                          0.08533555302302842,
                          0.1205487662065084,
                          0.1375333259853965,
                          0.07781780481334521,
                          0.11987252889783825,
                          0.10038884822963458,
                          0.09172437242423291,
                          0.11504171530938487],
                         [0.3454242244948883,
                          0.42743537028345185,
                          0.05868096165639394,
                          0.04273700866362534,
                          0.09025139729304726,
                          0.11142900058410496,
                          0.08558181131124107,
                          0.11061825131788329,
                          0.10142083174389721,
                          0.06986409463934906],
                         [0.37792633922133323,
                          0.42346601668269457,
                          0.09640611388664648,
                          0.09945215751663632,
                          0.05639942080434073,
                          0.07364910683919547,
                          0.07054111451405805,
                          0.12618311289005443,
                          0.13428698205714035,
                          0.1316045925196405],
                         [0.4262944005481755,
                          0.41105686568816235,
                          0.0551557968456935,
                          0.11866523464604835,
                          0.10299836644946622,
                          0.1330593799015251,
                          0.12476414930135132,
                          0.14312167816315635,
                          0.07068294817590698,
                          0.05728028625193867],
                         [0.35185128231850354,
                          0.41634630307905823,
                          0.06261703528970008,
                          0.08839301739046505,
                          0.07795741517916602,
                          0.08044958580249652,
                          0.09821478864797215,
                          0.09182057526352277,
                          0.1323082426921964,
                          0.10573358477879179],
                         [0.35252570824381274,
                          0.383872122546682,
                          0.11870605157085493,
                          0.08454837085810342,
                          0.1137489495605555,
                          0.11726803229150334,
                          0.11079393212188174,
                          0.08431503711267235,
                          0.10831243781816587,
                          0.054377908527822046],
                         [0.38128248080006344,
                          0.4274073876951971,
                          0.059951192685924984,
                          0.07831966280651709,
                          0.10625708004665346,
                          0.05358619332345227,
                          0.07573149526105209,
                          0.15518402217951,
                          0.1207992084502472,
                          0.07496148725111712]]},
            {'activation': 'sigmoid',
             'bias': [-0.02404538903889914,
                      0.10085911687628885,
                      -0.029653137562702003,
                      -0.009472205520584,
                      0.0074518536468590555],
             'name': 'output',
             'neurons': [],
             'num_neurons': 5,
             'weights': [[0.041429988568818035,
                          0.082726298635573,
                          0.07569507685326192,
                          0.03725365489853763,
                          0.11002363230689445,
                          0.15148697523486332,
                          0.12141539833596127,
                          0.1235560640880301],
                         [0.06063690510297131,
                          0.06478363569975958,
                          0.09019337054796153,
                          0.15859403388479576,
                          0.12990513191852954,
                          0.06382039966106567,
                          0.051771106701429204,
                          0.15566509939408846],
                         [0.1231272066134878,
                          0.10213938002859818,
                          0.09834378879572786,
                          0.07235578984744762,
                          0.04901479066660043,
                          0.112582983706187,
                          0.1296022703092722,
                          0.08728717316438282],
                         [0.08381595026669748,
                          0.070924362733426,
                          0.14980737466983243,
                          0.055758392827382916,
                          0.1748210452884235,
                          0.09601492394276018,
                          0.07039304768385646,
                          0.08870644751208756],
                         [0.13755375407227804,
                          0.09022236509877855,
                          0.14744695586270645,
                          0.029461865394679217,
                          0.20503025219975973,
                          0.12224368868955816,
                          0.06475712153187545,
                          0.09341708506716698],
                         [0.09434832061740649,
                          0.13489173092357382,
                          0.15206792233954056,
                          0.0873598982519468,
                          0.03615752113506335,
                          0.12446544778460455,
                          0.06450015780565276,
                          0.1236928539149892]]}]}
{'generation': 145,
 'inputs': [],
 'layers': [{'activation': 'sigmoid',
             'bias': [0.020704381524859622,
                      -0.05838586118552733,
                      0.004464173596948949,
                      -0.0033663584599473795,
                      -0.009020774390955194,
                      -0.02348615383464176,
                      0.014446150008414416,
                      0.0018237215783277628],
             'name': 'input',
             'neurons': [<gameplay.Neuron object at 0x7f286e15b860>,
                         <gameplay.Neuron object at 0x7f286e15b828>,
                         <gameplay.Neuron object at 0x7f286e15b240>,
                         <gameplay.Neuron object at 0x7f286e15bb00>,
                         <gameplay.Neuron object at 0x7f286e15bba8>,
                         <gameplay.Neuron object at 0x7f286e15bb38>,
                         <gameplay.Neuron object at 0x7f286e15bc88>,
                         <gameplay.Neuron object at 0x7f286e15bc50>],
             'num_neurons': 8,
             'weights': [[0.36011004301873617,
                          0.4269995681089839,
                          0.09808893193009913,
                          0.13925175145168647,
                          0.0866443301091136,
                          0.08700948306348058,
                          0.05738489493054613,
                          0.08765318610813892,
                          0.08318642273202773,
                          0.06684554284682417],
                         [0.3844001600698343,
                          0.3649050014527386,
                          0.08533555302302842,
                          0.1205487662065084,
                          0.1375333259853965,
                          0.07781780481334521,
                          0.11987252889783825,
                          0.10038884822963458,
                          0.09172437242423291,
                          0.11504171530938487],
                         [0.3454242244948883,
                          0.42743537028345185,
                          0.05868096165639394,
                          0.04273700866362534,
                          0.09025139729304726,
                          0.11142900058410496,
                          0.08558181131124107,
                          0.11061825131788329,
                          0.10142083174389721,
                          0.06986409463934906],
                         [0.37792633922133323,
                          0.42346601668269457,
                          0.09640611388664648,
                          0.09945215751663632,
                          0.05639942080434073,
                          0.07364910683919547,
                          0.07054111451405805,
                          0.12618311289005443,
                          0.13428698205714035,
                          0.1316045925196405],
                         [0.4262944005481755,
                          0.41105686568816235,
                          0.0551557968456935,
                          0.11866523464604835,
                          0.10299836644946622,
                          0.1330593799015251,
                          0.12476414930135132,
                          0.14312167816315635,
                          0.07068294817590698,
                          0.05728028625193867],
                         [0.35185128231850354,
                          0.41634630307905823,
                          0.06261703528970008,
                          0.08839301739046505,
                          0.07795741517916602,
                          0.08044958580249652,
                          0.09821478864797215,
                          0.09182057526352277,
                          0.1323082426921964,
                          0.10573358477879179],
                         [0.35252570824381274,
                          0.383872122546682,
                          0.11870605157085493,
                          0.08454837085810342,
                          0.1137489495605555,
                          0.11726803229150334,
                          0.11079393212188174,
                          0.08431503711267235,
                          0.10831243781816587,
                          0.054377908527822046],
                         [0.38128248080006344,
                          0.4274073876951971,
                          0.059951192685924984,
                          0.07831966280651709,
                          0.10625708004665346,
                          0.05358619332345227,
                          0.07573149526105209,
                          0.15518402217951,
                          0.1207992084502472,
                          0.07496148725111712]]},
            {'activation': 'sigmoid',
             'bias': [-0.02404538903889914,
                      0.10085911687628885,
                      -0.029653137562702003,
                      -0.009472205520584,
                      0.0074518536468590555],
             'name': 'output',
             'neurons': [<gameplay.Neuron object at 0x7f286e15bcc0>,
                         <gameplay.Neuron object at 0x7f286e15bcf8>,
                         <gameplay.Neuron object at 0x7f286e15bd68>,
                         <gameplay.Neuron object at 0x7f286e15bd30>,
                         <gameplay.Neuron object at 0x7f286e15bda0>],
             'num_neurons': 5,
             'weights': [[0.041429988568818035,
                          0.082726298635573,
                          0.07569507685326192,
                          0.03725365489853763,
                          0.11002363230689445,
                          0.15148697523486332,
                          0.12141539833596127,
                          0.1235560640880301],
                         [0.06063690510297131,
                          0.06478363569975958,
                          0.09019337054796153,
                          0.15859403388479576,
                          0.12990513191852954,
                          0.06382039966106567,
                          0.051771106701429204,
                          0.15566509939408846],
                         [0.1231272066134878,
                          0.10213938002859818,
                          0.09834378879572786,
                          0.07235578984744762,
                          0.04901479066660043,
                          0.112582983706187,
                          0.1296022703092722,
                          0.08728717316438282],
                         [0.08381595026669748,
                          0.070924362733426,
                          0.14980737466983243,
                          0.055758392827382916,
                          0.1748210452884235,
                          0.09601492394276018,
                          0.07039304768385646,
                          0.08870644751208756],
                         [0.13755375407227804,
                          0.09022236509877855,
                          0.14744695586270645,
                          0.029461865394679217,
                          0.20503025219975973,
                          0.12224368868955816,
                          0.06475712153187545,
                          0.09341708506716698],
                         [0.09434832061740649,
                          0.13489173092357382,
                          0.15206792233954056,
                          0.0873598982519468,
                          0.03615752113506335,
                          0.12446544778460455,
                          0.06450015780565276,
                          0.1236928539149892]]}]}
load_tensorflow_graph: path = tensorflow/mario-model-simple-2019-07-17/frozen_inference_graph.pb
object_detection_graph = <tensorflow.python.framework.ops.Graph object at 0x7f286e15be48>
Doing start sequence
Sleeping one second
sending start
sending empty
Found black world screen for the second time. exiting.



Seconds left: 1
Moves to the right: 4
