pygame 1.9.6
Hello from the pygame community. https://www.pygame.org/contribute.html
Loading neural net from gameplay_neural_nets/157/1.nn
net = {'generation': 143,
 'inputs': [],
 'layers': [{'activation': 'sigmoid',
             'bias': [0.01125951775883523,
                      -0.049020369866482394,
                      -0.004695482872056856,
                      -0.003148120853249058,
                      -0.012054756780162951,
                      -0.02366939730806035,
                      0.014317468858282053,
                      0.00904559477495457],
             'name': 'input',
             'neurons': [],
             'num_neurons': 8,
             'weights': [[0.3557803012151797,
                          0.42662773704571094,
                          0.1005993450920133,
                          0.14047639114533053,
                          0.08107459215276526,
                          0.07366893019522697,
                          0.06461992497328135,
                          0.078173334899835,
                          0.07557362188154007,
                          0.07628101800409165],
                         [0.3792596850948799,
                          0.366378770890016,
                          0.07727763363013652,
                          0.1205487662065084,
                          0.13165601261104412,
                          0.06939855093094466,
                          0.1046922421365186,
                          0.09545857646425851,
                          0.0935393545156611,
                          0.11504171530938487],
                         [0.33921531284131984,
                          0.42743537028345185,
                          0.05958079536480011,
                          0.04273700866362534,
                          0.08818365309427105,
                          0.10046767548779294,
                          0.07615858553627858,
                          0.11727676439679162,
                          0.09186390109286657,
                          0.06986409463934906],
                         [0.3884546469948993,
                          0.42282943382864874,
                          0.10469157327992511,
                          0.09945215751663632,
                          0.06436595215291974,
                          0.07647176084368655,
                          0.06192892174366678,
                          0.12976457594376375,
                          0.1290882845702134,
                          0.12798141783805078],
                         [0.4262944005481755,
                          0.40607691849487765,
                          0.04718927398345697,
                          0.11866523464604835,
                          0.09377084260492924,
                          0.15171427564754816,
                          0.13334855008795066,
                          0.1367198466372082,
                          0.07412668413668677,
                          0.0654811081116914],
                         [0.3603546391118942,
                          0.41634630307905823,
                          0.07069228453275819,
                          0.08639860413318048,
                          0.08790251479882216,
                          0.06689048997544829,
                          0.10506226231333855,
                          0.08836270245765065,
                          0.1323082426921964,
                          0.10536465573991018],
                         [0.35252570824381274,
                          0.36907628584557106,
                          0.12787285431594497,
                          0.08378576936371551,
                          0.1214312585025972,
                          0.10896470840392328,
                          0.10972146362620226,
                          0.0722531306712468,
                          0.10831243781816587,
                          0.054377908527822046],
                         [0.3928638272809488,
                          0.41814383060953225,
                          0.06263487576701658,
                          0.08002252699474989,
                          0.10638675964855376,
                          0.05358619332345227,
                          0.06590568344907247,
                          0.15803853486889802,
                          0.11792421055205846,
                          0.07496148725111712]]},
            {'activation': 'sigmoid',
             'bias': [-0.04176579922104169,
                      0.07679085115689119,
                      -0.027179724377533312,
                      -0.0053790802193643805,
                      -0.0012779960280884066],
             'name': 'output',
             'neurons': [],
             'num_neurons': 5,
             'weights': [[0.041429988568818035,
                          0.08615433430967515,
                          0.08186161693736485,
                          0.04333196286599374,
                          0.11851143791755116,
                          0.1486606763537737,
                          0.12726711859666712,
                          0.1226368931187519],
                         [0.050752501521616075,
                          0.06420846468761414,
                          0.07775101902556385,
                          0.15859403388479576,
                          0.11781931300189549,
                          0.057873009643874276,
                          0.05084283881456605,
                          0.16224300459189397],
                         [0.1314617267894414,
                          0.10051683134350513,
                          0.10387518896177848,
                          0.07075540714901334,
                          0.040468855087211916,
                          0.112582983706187,
                          0.1260474229447894,
                          0.08728717316438282],
                         [0.08381595026669748,
                          0.0693249815924234,
                          0.1547955185834361,
                          0.0643694742868846,
                          0.17994207652988745,
                          0.09601492394276018,
                          0.07841792230091173,
                          0.09174834397956207],
                         [0.14267182466246245,
                          0.08282610384500674,
                          0.1520066064461264,
                          0.03117000088415538,
                          0.19419850815770254,
                          0.1146731267167466,
                          0.06475712153187545,
                          0.09800900947053875],
                         [0.08816006267907903,
                          0.12947169396202862,
                          0.13956806912994246,
                          0.09057003286839108,
                          0.037439850150073374,
                          0.12614661620950718,
                          0.06487695559640347,
                          0.12494410898082518]]}]}
{'generation': 143,
 'inputs': [],
 'layers': [{'activation': 'sigmoid',
             'bias': [0.01125951775883523,
                      -0.049020369866482394,
                      -0.004695482872056856,
                      -0.003148120853249058,
                      -0.012054756780162951,
                      -0.02366939730806035,
                      0.014317468858282053,
                      0.00904559477495457],
             'name': 'input',
             'neurons': [<gameplay.Neuron object at 0x7f5c2388a860>,
                         <gameplay.Neuron object at 0x7f5c2388a828>,
                         <gameplay.Neuron object at 0x7f5c2388a240>,
                         <gameplay.Neuron object at 0x7f5c2388ab00>,
                         <gameplay.Neuron object at 0x7f5c2388aba8>,
                         <gameplay.Neuron object at 0x7f5c2388ab38>,
                         <gameplay.Neuron object at 0x7f5c2388ac88>,
                         <gameplay.Neuron object at 0x7f5c2388ac50>],
             'num_neurons': 8,
             'weights': [[0.3557803012151797,
                          0.42662773704571094,
                          0.1005993450920133,
                          0.14047639114533053,
                          0.08107459215276526,
                          0.07366893019522697,
                          0.06461992497328135,
                          0.078173334899835,
                          0.07557362188154007,
                          0.07628101800409165],
                         [0.3792596850948799,
                          0.366378770890016,
                          0.07727763363013652,
                          0.1205487662065084,
                          0.13165601261104412,
                          0.06939855093094466,
                          0.1046922421365186,
                          0.09545857646425851,
                          0.0935393545156611,
                          0.11504171530938487],
                         [0.33921531284131984,
                          0.42743537028345185,
                          0.05958079536480011,
                          0.04273700866362534,
                          0.08818365309427105,
                          0.10046767548779294,
                          0.07615858553627858,
                          0.11727676439679162,
                          0.09186390109286657,
                          0.06986409463934906],
                         [0.3884546469948993,
                          0.42282943382864874,
                          0.10469157327992511,
                          0.09945215751663632,
                          0.06436595215291974,
                          0.07647176084368655,
                          0.06192892174366678,
                          0.12976457594376375,
                          0.1290882845702134,
                          0.12798141783805078],
                         [0.4262944005481755,
                          0.40607691849487765,
                          0.04718927398345697,
                          0.11866523464604835,
                          0.09377084260492924,
                          0.15171427564754816,
                          0.13334855008795066,
                          0.1367198466372082,
                          0.07412668413668677,
                          0.0654811081116914],
                         [0.3603546391118942,
                          0.41634630307905823,
                          0.07069228453275819,
                          0.08639860413318048,
                          0.08790251479882216,
                          0.06689048997544829,
                          0.10506226231333855,
                          0.08836270245765065,
                          0.1323082426921964,
                          0.10536465573991018],
                         [0.35252570824381274,
                          0.36907628584557106,
                          0.12787285431594497,
                          0.08378576936371551,
                          0.1214312585025972,
                          0.10896470840392328,
                          0.10972146362620226,
                          0.0722531306712468,
                          0.10831243781816587,
                          0.054377908527822046],
                         [0.3928638272809488,
                          0.41814383060953225,
                          0.06263487576701658,
                          0.08002252699474989,
                          0.10638675964855376,
                          0.05358619332345227,
                          0.06590568344907247,
                          0.15803853486889802,
                          0.11792421055205846,
                          0.07496148725111712]]},
            {'activation': 'sigmoid',
             'bias': [-0.04176579922104169,
                      0.07679085115689119,
                      -0.027179724377533312,
                      -0.0053790802193643805,
                      -0.0012779960280884066],
             'name': 'output',
             'neurons': [<gameplay.Neuron object at 0x7f5c2388acc0>,
                         <gameplay.Neuron object at 0x7f5c2388acf8>,
                         <gameplay.Neuron object at 0x7f5c2388ad68>,
                         <gameplay.Neuron object at 0x7f5c2388ad30>,
                         <gameplay.Neuron object at 0x7f5c2388ada0>],
             'num_neurons': 5,
             'weights': [[0.041429988568818035,
                          0.08615433430967515,
                          0.08186161693736485,
                          0.04333196286599374,
                          0.11851143791755116,
                          0.1486606763537737,
                          0.12726711859666712,
                          0.1226368931187519],
                         [0.050752501521616075,
                          0.06420846468761414,
                          0.07775101902556385,
                          0.15859403388479576,
                          0.11781931300189549,
                          0.057873009643874276,
                          0.05084283881456605,
                          0.16224300459189397],
                         [0.1314617267894414,
                          0.10051683134350513,
                          0.10387518896177848,
                          0.07075540714901334,
                          0.040468855087211916,
                          0.112582983706187,
                          0.1260474229447894,
                          0.08728717316438282],
                         [0.08381595026669748,
                          0.0693249815924234,
                          0.1547955185834361,
                          0.0643694742868846,
                          0.17994207652988745,
                          0.09601492394276018,
                          0.07841792230091173,
                          0.09174834397956207],
                         [0.14267182466246245,
                          0.08282610384500674,
                          0.1520066064461264,
                          0.03117000088415538,
                          0.19419850815770254,
                          0.1146731267167466,
                          0.06475712153187545,
                          0.09800900947053875],
                         [0.08816006267907903,
                          0.12947169396202862,
                          0.13956806912994246,
                          0.09057003286839108,
                          0.037439850150073374,
                          0.12614661620950718,
                          0.06487695559640347,
                          0.12494410898082518]]}]}
load_tensorflow_graph: path = tensorflow/mario-model-simple-2019-07-17/frozen_inference_graph.pb
object_detection_graph = <tensorflow.python.framework.ops.Graph object at 0x7f5c2388ae48>
Doing start sequence
Sleeping one second
sending start
sending empty
Found black world screen for the second time. exiting.



Seconds left: 364
Moves to the right: 70
