pygame 1.9.6
Hello from the pygame community. https://www.pygame.org/contribute.html
Loading neural net from gameplay_neural_nets/63/grand_father_grand_father_7.nn
net = {'generation': 54,
 'inputs': [],
 'layers': [{'activation': 'sigmoid',
             'bias': [-0.033273178926882696,
                      0.039402250157672965,
                      -0.039002909156603933,
                      -0.003989557499551726,
                      0.009500493471122634,
                      -0.0028208824691326635,
                      -0.005675652913587901,
                      -0.031272329427075224],
             'name': 'input',
             'neurons': [],
             'num_neurons': 8,
             'weights': [[0.4396098609440011,
                          0.505702320706253,
                          0.5099268053198167,
                          0.46948289670828713,
                          0.5018925540263984,
                          0.4840916271515108,
                          0.5350341638577182,
                          0.489628320800484,
                          0.49577496601627974,
                          0.5425765526362489],
                         [0.47657173707818573,
                          0.49923700989732717,
                          0.5379764803704846,
                          0.5153317264340492,
                          0.5121243615980456,
                          0.49547553937712047,
                          0.472865666670649,
                          0.47297448755679766,
                          0.5274667447394004,
                          0.5115261704368462],
                         [0.556938141855952,
                          0.4813767778023424,
                          0.4898499744275143,
                          0.49587282428690443,
                          0.49244375299966836,
                          0.517466969211351,
                          0.5017008020515095,
                          0.47193859827851564,
                          0.4659552292910725,
                          0.49641519307867715],
                         [0.5049613889231295,
                          0.46355619572630985,
                          0.5009589372635626,
                          0.4343089036977272,
                          0.4646077374351812,
                          0.5378912483995566,
                          0.5045806875464638,
                          0.4765765070087208,
                          0.5185090793123954,
                          0.5123595010553069],
                         [0.501361923818104,
                          0.49356084362457436,
                          0.5083999947782241,
                          0.4629969600625567,
                          0.5243672130373079,
                          0.4945552828734759,
                          0.5063349724272342,
                          0.4880959093017538,
                          0.4863118547636616,
                          0.5438157907807788],
                         [0.499731069185631,
                          0.5024890001037775,
                          0.49771379529331977,
                          0.5278391230675772,
                          0.4838158073224308,
                          0.4615827381739678,
                          0.5561864727153053,
                          0.4511593114924218,
                          0.4976950730287622,
                          0.4373819797895821],
                         [0.5452519988977573,
                          0.4941785771864167,
                          0.5015813879934065,
                          0.4988585419056739,
                          0.5129477692752152,
                          0.49598885698054895,
                          0.5472503763310985,
                          0.49104472556308715,
                          0.5112272922688766,
                          0.4998483125693203],
                         [0.5077336081276644,
                          0.4927421551099985,
                          0.5176739433794587,
                          0.5497852504276203,
                          0.49991347230413635,
                          0.48521356578306135,
                          0.4472642473839436,
                          0.4717920189099168,
                          0.4922194269653022,
                          0.4813345810802148]]},
            {'activation': 'sigmoid',
             'bias': [-0.03179404879538146,
                      -0.008209122264165787,
                      -0.04926219070839606,
                      -0.0058554580170123785,
                      0.006142953308684739,
                      -0.04303580801743632],
             'name': 'hidden1',
             'neurons': [],
             'num_neurons': 6,
             'weights': [[0.4809770447751054,
                          0.4859236383279404,
                          0.5296256269076408,
                          0.5015268579738281,
                          0.5231739618409522,
                          0.47951125186529636,
                          0.5417706884968031,
                          0.49035092668210956],
                         [0.5279404584661412,
                          0.5583120215189009,
                          0.5231917948407578,
                          0.4663510907368047,
                          0.45390310365508474,
                          0.5269996826145096,
                          0.46134948504452994,
                          0.5061863725505193],
                         [0.49853823052112395,
                          0.5132444971008129,
                          0.5018941055593213,
                          0.5351297363510482,
                          0.5526341232101377,
                          0.5497155185750368,
                          0.5371977891638745,
                          0.5351882538142292],
                         [0.5115465673359143,
                          0.5053748753277014,
                          0.47882620600596687,
                          0.5029592337014972,
                          0.45768267813379093,
                          0.48940140110018765,
                          0.5166592882416677,
                          0.5228699565534367],
                         [0.4802783800476082,
                          0.5690394259150965,
                          0.5017031365790111,
                          0.47857756345310626,
                          0.4980830483365256,
                          0.49901774902339374,
                          0.5152660767602396,
                          0.5048817287969126],
                         [0.448971936233917,
                          0.5181122631396559,
                          0.4960563291445046,
                          0.47660861691265155,
                          0.460545282766166,
                          0.47971282186122505,
                          0.477290334974287,
                          0.5202954439660825],
                         [0.47249491676812216,
                          0.48863816549130207,
                          0.5225485241618256,
                          0.5212224597347618,
                          0.4736123668057659,
                          0.49264380973040106,
                          0.5432097642059132,
                          0.49610709873886993],
                         [0.5028864548874993,
                          0.5529194270670643,
                          0.4971388935843773,
                          0.5181935097542966,
                          0.5258405885718282,
                          0.49742546334325566,
                          0.4882112215249,
                          0.49047386367961526]]},
            {'activation': 'sigmoid',
             'bias': [-0.027618690285702935,
                      0.026071794437471735,
                      -0.00942331279103059,
                      0.022641659784635004,
                      0.022556980623462872],
             'name': 'output',
             'neurons': [],
             'num_neurons': 5,
             'weights': [[0.46708795730559477,
                          0.5028098144341754,
                          0.5341792811926008,
                          0.4933453790465973,
                          0.5062374446895919,
                          0.4946595791403503],
                         [0.527236978822125,
                          0.5185107056784095,
                          0.46604894868628216,
                          0.4982072261734697,
                          0.5064035457183435,
                          0.4896746451406824],
                         [0.49833664741369965,
                          0.4991845353876047,
                          0.4634469082239366,
                          0.5176411546600598,
                          0.5401051165874007,
                          0.47678619506967224],
                         [0.5041363360290609,
                          0.46769771941082644,
                          0.5102385916366958,
                          0.4879679209990433,
                          0.4820788506026604,
                          0.49705657769557443],
                         [0.4997630679606101,
                          0.5152804043182225,
                          0.4627018073773433,
                          0.5484672588042471,
                          0.5002749363701317,
                          0.5005265450434639],
                         [0.5017579366679933,
                          0.5065542248973514,
                          0.4930691884331162,
                          0.46545438284800944,
                          0.4900217076655318,
                          0.4653733318011297]]}]}
{'generation': 54,
 'inputs': [],
 'layers': [{'activation': 'sigmoid',
             'bias': [-0.033273178926882696,
                      0.039402250157672965,
                      -0.039002909156603933,
                      -0.003989557499551726,
                      0.009500493471122634,
                      -0.0028208824691326635,
                      -0.005675652913587901,
                      -0.031272329427075224],
             'name': 'input',
             'neurons': [<gameplay.Neuron object at 0x7f7a1be52828>,
                         <gameplay.Neuron object at 0x7f7a1be527f0>,
                         <gameplay.Neuron object at 0x7f7a1be52208>,
                         <gameplay.Neuron object at 0x7f7a1be52b38>,
                         <gameplay.Neuron object at 0x7f7a1be52be0>,
                         <gameplay.Neuron object at 0x7f7a1be52b70>,
                         <gameplay.Neuron object at 0x7f7a1be52c88>,
                         <gameplay.Neuron object at 0x7f7a1be52cc0>],
             'num_neurons': 8,
             'weights': [[0.4396098609440011,
                          0.505702320706253,
                          0.5099268053198167,
                          0.46948289670828713,
                          0.5018925540263984,
                          0.4840916271515108,
                          0.5350341638577182,
                          0.489628320800484,
                          0.49577496601627974,
                          0.5425765526362489],
                         [0.47657173707818573,
                          0.49923700989732717,
                          0.5379764803704846,
                          0.5153317264340492,
                          0.5121243615980456,
                          0.49547553937712047,
                          0.472865666670649,
                          0.47297448755679766,
                          0.5274667447394004,
                          0.5115261704368462],
                         [0.556938141855952,
                          0.4813767778023424,
                          0.4898499744275143,
                          0.49587282428690443,
                          0.49244375299966836,
                          0.517466969211351,
                          0.5017008020515095,
                          0.47193859827851564,
                          0.4659552292910725,
                          0.49641519307867715],
                         [0.5049613889231295,
                          0.46355619572630985,
                          0.5009589372635626,
                          0.4343089036977272,
                          0.4646077374351812,
                          0.5378912483995566,
                          0.5045806875464638,
                          0.4765765070087208,
                          0.5185090793123954,
                          0.5123595010553069],
                         [0.501361923818104,
                          0.49356084362457436,
                          0.5083999947782241,
                          0.4629969600625567,
                          0.5243672130373079,
                          0.4945552828734759,
                          0.5063349724272342,
                          0.4880959093017538,
                          0.4863118547636616,
                          0.5438157907807788],
                         [0.499731069185631,
                          0.5024890001037775,
                          0.49771379529331977,
                          0.5278391230675772,
                          0.4838158073224308,
                          0.4615827381739678,
                          0.5561864727153053,
                          0.4511593114924218,
                          0.4976950730287622,
                          0.4373819797895821],
                         [0.5452519988977573,
                          0.4941785771864167,
                          0.5015813879934065,
                          0.4988585419056739,
                          0.5129477692752152,
                          0.49598885698054895,
                          0.5472503763310985,
                          0.49104472556308715,
                          0.5112272922688766,
                          0.4998483125693203],
                         [0.5077336081276644,
                          0.4927421551099985,
                          0.5176739433794587,
                          0.5497852504276203,
                          0.49991347230413635,
                          0.48521356578306135,
                          0.4472642473839436,
                          0.4717920189099168,
                          0.4922194269653022,
                          0.4813345810802148]]},
            {'activation': 'sigmoid',
             'bias': [-0.03179404879538146,
                      -0.008209122264165787,
                      -0.04926219070839606,
                      -0.0058554580170123785,
                      0.006142953308684739,
                      -0.04303580801743632],
             'name': 'hidden1',
             'neurons': [<gameplay.Neuron object at 0x7f7a1be52cf8>,
                         <gameplay.Neuron object at 0x7f7a1be52d30>,
                         <gameplay.Neuron object at 0x7f7a1be52da0>,
                         <gameplay.Neuron object at 0x7f7a1be52d68>,
                         <gameplay.Neuron object at 0x7f7a1be52dd8>,
                         <gameplay.Neuron object at 0x7f7a1be52e48>],
             'num_neurons': 6,
             'weights': [[0.4809770447751054,
                          0.4859236383279404,
                          0.5296256269076408,
                          0.5015268579738281,
                          0.5231739618409522,
                          0.47951125186529636,
                          0.5417706884968031,
                          0.49035092668210956],
                         [0.5279404584661412,
                          0.5583120215189009,
                          0.5231917948407578,
                          0.4663510907368047,
                          0.45390310365508474,
                          0.5269996826145096,
                          0.46134948504452994,
                          0.5061863725505193],
                         [0.49853823052112395,
                          0.5132444971008129,
                          0.5018941055593213,
                          0.5351297363510482,
                          0.5526341232101377,
                          0.5497155185750368,
                          0.5371977891638745,
                          0.5351882538142292],
                         [0.5115465673359143,
                          0.5053748753277014,
                          0.47882620600596687,
                          0.5029592337014972,
                          0.45768267813379093,
                          0.48940140110018765,
                          0.5166592882416677,
                          0.5228699565534367],
                         [0.4802783800476082,
                          0.5690394259150965,
                          0.5017031365790111,
                          0.47857756345310626,
                          0.4980830483365256,
                          0.49901774902339374,
                          0.5152660767602396,
                          0.5048817287969126],
                         [0.448971936233917,
                          0.5181122631396559,
                          0.4960563291445046,
                          0.47660861691265155,
                          0.460545282766166,
                          0.47971282186122505,
                          0.477290334974287,
                          0.5202954439660825],
                         [0.47249491676812216,
                          0.48863816549130207,
                          0.5225485241618256,
                          0.5212224597347618,
                          0.4736123668057659,
                          0.49264380973040106,
                          0.5432097642059132,
                          0.49610709873886993],
                         [0.5028864548874993,
                          0.5529194270670643,
                          0.4971388935843773,
                          0.5181935097542966,
                          0.5258405885718282,
                          0.49742546334325566,
                          0.4882112215249,
                          0.49047386367961526]]},
            {'activation': 'sigmoid',
             'bias': [-0.027618690285702935,
                      0.026071794437471735,
                      -0.00942331279103059,
                      0.022641659784635004,
                      0.022556980623462872],
             'name': 'output',
             'neurons': [<gameplay.Neuron object at 0x7f7a1be52e10>,
                         <gameplay.Neuron object at 0x7f7a1be52e80>,
                         <gameplay.Neuron object at 0x7f7a1be52ba8>,
                         <gameplay.Neuron object at 0x7f7a1be52c18>,
                         <gameplay.Neuron object at 0x7f7a1be52c50>],
             'num_neurons': 5,
             'weights': [[0.46708795730559477,
                          0.5028098144341754,
                          0.5341792811926008,
                          0.4933453790465973,
                          0.5062374446895919,
                          0.4946595791403503],
                         [0.527236978822125,
                          0.5185107056784095,
                          0.46604894868628216,
                          0.4982072261734697,
                          0.5064035457183435,
                          0.4896746451406824],
                         [0.49833664741369965,
                          0.4991845353876047,
                          0.4634469082239366,
                          0.5176411546600598,
                          0.5401051165874007,
                          0.47678619506967224],
                         [0.5041363360290609,
                          0.46769771941082644,
                          0.5102385916366958,
                          0.4879679209990433,
                          0.4820788506026604,
                          0.49705657769557443],
                         [0.4997630679606101,
                          0.5152804043182225,
                          0.4627018073773433,
                          0.5484672588042471,
                          0.5002749363701317,
                          0.5005265450434639],
                         [0.5017579366679933,
                          0.5065542248973514,
                          0.4930691884331162,
                          0.46545438284800944,
                          0.4900217076655318,
                          0.4653733318011297]]}]}
load_tensorflow_graph: path = tensorflow/mario-model-simple-2019-07-17/frozen_inference_graph.pb
object_detection_graph = <tensorflow.python.framework.ops.Graph object at 0x7f7a1be52f98>
Doing start sequence
Sleeping one second
sending start
sending empty
Found black world screen for the second time. exiting.



Seconds left: 333
Moves to the right: 100
frame count: 265
time start:  1568173861.3264484,   time_now: 1568173889.0844605
