pygame 1.9.6
Hello from the pygame community. https://www.pygame.org/contribute.html
Loading neural net from gameplay_neural_nets/57/10.nn
net = {'generation': 53,
 'inputs': [],
 'layers': [{'activation': 'sigmoid',
             'bias': [0.013670123489995746,
                      -0.009960794990330618,
                      0.017073732141518208,
                      -0.02735582591387506,
                      0.019348844965115377,
                      -0.020987224045324052,
                      0.010179661769484812,
                      -0.02351020011142419],
             'name': 'input',
             'neurons': [],
             'num_neurons': 8,
             'weights': [[0.3749000038622045,
                          0.3977118511646068,
                          0.096841137288434,
                          0.11524906189920714,
                          0.11906588086890994,
                          0.08317995745543982,
                          0.10286920036238405,
                          0.11011966026813513,
                          0.09621922022697678,
                          0.0760903589799303],
                         [0.37752399319254576,
                          0.40124776477597135,
                          0.09410195251675631,
                          0.08849174220474189,
                          0.08405046989109137,
                          0.08905029518549062,
                          0.10034160787847204,
                          0.0914020957292434,
                          0.09584446810789386,
                          0.10631839313480787],
                         [0.37277803706814444,
                          0.4328532597533438,
                          0.10715861943282924,
                          0.07635838229325458,
                          0.10546633134359401,
                          0.10882278974165667,
                          0.08121761927588256,
                          0.08187046335606567,
                          0.12007619415300042,
                          0.08583967686590582],
                         [0.407034497807641,
                          0.4055208418941509,
                          0.09283210146971446,
                          0.10194938517746321,
                          0.08544137002781224,
                          0.09366278661677531,
                          0.0955862093694325,
                          0.11991356274855403,
                          0.08303657698094992,
                          0.1247529912933944],
                         [0.37249889055643803,
                          0.3957872980359063,
                          0.062469341967361314,
                          0.1088741896742599,
                          0.0880527124082096,
                          0.11839228612052252,
                          0.09849080459137141,
                          0.12442522301186255,
                          0.09441890745419267,
                          0.07360417756353493],
                         [0.36946099211490047,
                          0.4071961049838317,
                          0.0668103660169613,
                          0.10074119350551484,
                          0.10673743409029371,
                          0.09889748240345597,
                          0.09339147708040033,
                          0.10660371552153215,
                          0.12159803670227769,
                          0.11834023514267575],
                         [0.3860244254135174,
                          0.3773916134154291,
                          0.11311159994745487,
                          0.057850973763987235,
                          0.12334629158670403,
                          0.08679392250814724,
                          0.08538916168303569,
                          0.12066818196857328,
                          0.1052820964259443,
                          0.06299881996518109],
                         [0.40987076953529195,
                          0.4088524907675524,
                          0.07432292578370507,
                          0.07070320614169358,
                          0.1224284357494545,
                          0.0711744841477817,
                          0.08063713081052469,
                          0.155290731494405,
                          0.07590222554101198,
                          0.08395835706650763]]},
            {'activation': 'sigmoid',
             'bias': [-0.02138117711654986,
                      0.03709021547994575,
                      0.011557406516957618,
                      0.01121214158955033,
                      0.024946040244860974],
             'name': 'output',
             'neurons': [],
             'num_neurons': 5,
             'weights': [[0.08410036585609373,
                          0.08226350403338348,
                          0.10324328935428975,
                          0.08103251020757687,
                          0.10797399787805582,
                          0.12546407105446483,
                          0.12310082953195944,
                          0.09168090788446434],
                         [0.07451416363672851,
                          0.0634267152902822,
                          0.07182078629601216,
                          0.1355379470434933,
                          0.09244418896477849,
                          0.09229309027560187,
                          0.07508371394138089,
                          0.1436356677793857],
                         [0.11177114576267996,
                          0.07023339619505202,
                          0.11448728032795304,
                          0.10636150978793474,
                          0.08703801127029198,
                          0.10695751516372631,
                          0.12033073621388622,
                          0.08900345343735988],
                         [0.0942611045811607,
                          0.07439485584046952,
                          0.10982576805839336,
                          0.09199732062096444,
                          0.12103310317707461,
                          0.12177233750544132,
                          0.1126516612932988,
                          0.09987963484130377],
                         [0.11837189699353864,
                          0.09606346562516674,
                          0.11908648633237956,
                          0.059681018731645004,
                          0.14050847893018079,
                          0.10699853572605744,
                          0.10083436774805508,
                          0.09836167936209259],
                         [0.1067002359232684,
                          0.11215512216340433,
                          0.1197502335273452,
                          0.09439859693631279,
                          0.07510050457980293,
                          0.11516437134728197,
                          0.09997017631706685,
                          0.11339773766816855]]}]}
{'generation': 53,
 'inputs': [],
 'layers': [{'activation': 'sigmoid',
             'bias': [0.013670123489995746,
                      -0.009960794990330618,
                      0.017073732141518208,
                      -0.02735582591387506,
                      0.019348844965115377,
                      -0.020987224045324052,
                      0.010179661769484812,
                      -0.02351020011142419],
             'name': 'input',
             'neurons': [<gameplay.Neuron object at 0x7fbb26b97898>,
                         <gameplay.Neuron object at 0x7fbb26b97860>,
                         <gameplay.Neuron object at 0x7fbb26b97278>,
                         <gameplay.Neuron object at 0x7fbb26b97b38>,
                         <gameplay.Neuron object at 0x7fbb26b97be0>,
                         <gameplay.Neuron object at 0x7fbb26b97b70>,
                         <gameplay.Neuron object at 0x7fbb26b97cc0>,
                         <gameplay.Neuron object at 0x7fbb26b97c88>],
             'num_neurons': 8,
             'weights': [[0.3749000038622045,
                          0.3977118511646068,
                          0.096841137288434,
                          0.11524906189920714,
                          0.11906588086890994,
                          0.08317995745543982,
                          0.10286920036238405,
                          0.11011966026813513,
                          0.09621922022697678,
                          0.0760903589799303],
                         [0.37752399319254576,
                          0.40124776477597135,
                          0.09410195251675631,
                          0.08849174220474189,
                          0.08405046989109137,
                          0.08905029518549062,
                          0.10034160787847204,
                          0.0914020957292434,
                          0.09584446810789386,
                          0.10631839313480787],
                         [0.37277803706814444,
                          0.4328532597533438,
                          0.10715861943282924,
                          0.07635838229325458,
                          0.10546633134359401,
                          0.10882278974165667,
                          0.08121761927588256,
                          0.08187046335606567,
                          0.12007619415300042,
                          0.08583967686590582],
                         [0.407034497807641,
                          0.4055208418941509,
                          0.09283210146971446,
                          0.10194938517746321,
                          0.08544137002781224,
                          0.09366278661677531,
                          0.0955862093694325,
                          0.11991356274855403,
                          0.08303657698094992,
                          0.1247529912933944],
                         [0.37249889055643803,
                          0.3957872980359063,
                          0.062469341967361314,
                          0.1088741896742599,
                          0.0880527124082096,
                          0.11839228612052252,
                          0.09849080459137141,
                          0.12442522301186255,
                          0.09441890745419267,
                          0.07360417756353493],
                         [0.36946099211490047,
                          0.4071961049838317,
                          0.0668103660169613,
                          0.10074119350551484,
                          0.10673743409029371,
                          0.09889748240345597,
                          0.09339147708040033,
                          0.10660371552153215,
                          0.12159803670227769,
                          0.11834023514267575],
                         [0.3860244254135174,
                          0.3773916134154291,
                          0.11311159994745487,
                          0.057850973763987235,
                          0.12334629158670403,
                          0.08679392250814724,
                          0.08538916168303569,
                          0.12066818196857328,
                          0.1052820964259443,
                          0.06299881996518109],
                         [0.40987076953529195,
                          0.4088524907675524,
                          0.07432292578370507,
                          0.07070320614169358,
                          0.1224284357494545,
                          0.0711744841477817,
                          0.08063713081052469,
                          0.155290731494405,
                          0.07590222554101198,
                          0.08395835706650763]]},
            {'activation': 'sigmoid',
             'bias': [-0.02138117711654986,
                      0.03709021547994575,
                      0.011557406516957618,
                      0.01121214158955033,
                      0.024946040244860974],
             'name': 'output',
             'neurons': [<gameplay.Neuron object at 0x7fbb26b97cf8>,
                         <gameplay.Neuron object at 0x7fbb26b97d30>,
                         <gameplay.Neuron object at 0x7fbb26b97da0>,
                         <gameplay.Neuron object at 0x7fbb26b97d68>,
                         <gameplay.Neuron object at 0x7fbb26b97dd8>],
             'num_neurons': 5,
             'weights': [[0.08410036585609373,
                          0.08226350403338348,
                          0.10324328935428975,
                          0.08103251020757687,
                          0.10797399787805582,
                          0.12546407105446483,
                          0.12310082953195944,
                          0.09168090788446434],
                         [0.07451416363672851,
                          0.0634267152902822,
                          0.07182078629601216,
                          0.1355379470434933,
                          0.09244418896477849,
                          0.09229309027560187,
                          0.07508371394138089,
                          0.1436356677793857],
                         [0.11177114576267996,
                          0.07023339619505202,
                          0.11448728032795304,
                          0.10636150978793474,
                          0.08703801127029198,
                          0.10695751516372631,
                          0.12033073621388622,
                          0.08900345343735988],
                         [0.0942611045811607,
                          0.07439485584046952,
                          0.10982576805839336,
                          0.09199732062096444,
                          0.12103310317707461,
                          0.12177233750544132,
                          0.1126516612932988,
                          0.09987963484130377],
                         [0.11837189699353864,
                          0.09606346562516674,
                          0.11908648633237956,
                          0.059681018731645004,
                          0.14050847893018079,
                          0.10699853572605744,
                          0.10083436774805508,
                          0.09836167936209259],
                         [0.1067002359232684,
                          0.11215512216340433,
                          0.1197502335273452,
                          0.09439859693631279,
                          0.07510050457980293,
                          0.11516437134728197,
                          0.09997017631706685,
                          0.11339773766816855]]}]}
load_tensorflow_graph: path = tensorflow/mario-model-simple-2019-07-17/frozen_inference_graph.pb
object_detection_graph = <tensorflow.python.framework.ops.Graph object at 0x7fbb26b97e80>
Doing start sequence
Sleeping one second
sending start
sending empty
Found black world screen for the second time. exiting.



Seconds left: 393
Moves to the right: 19
