pygame 1.9.6
Hello from the pygame community. https://www.pygame.org/contribute.html
Loading neural net from gameplay_neural_nets/6/6.nn
net = {'generation': 5,
 'inputs': [],
 'layers': [{'activation': 'sigmoid',
             'bias': [-0.007016687520921037,
                      0.016231393621668432,
                      -0.007708426186952544,
                      -0.016413866829668024,
                      0.007611024069603848,
                      0.017938782931502414,
                      0.0006251860448743003,
                      -0.014828811222387557],
             'name': 'input',
             'neurons': [],
             'num_neurons': 8,
             'weights': [[0.5,
                          0.49260403434832767,
                          0.5112243845711862,
                          0.498862037061274,
                          0.49136113101955925,
                          0.4913389147645737,
                          0.490495106359237,
                          0.5041252365608145,
                          0.4827177855045011,
                          0.5070772071537727],
                         [0.5,
                          0.504217432467541,
                          0.5069726770960034,
                          0.5,
                          0.5102571375304812,
                          0.5087679325855414,
                          0.48327146501997326,
                          0.48649314580474745,
                          0.5,
                          0.5072917598482112],
                         [0.5072164192742026,
                          0.49461914673390706,
                          0.500497505204224,
                          0.5119717536713645,
                          0.4879184883348344,
                          0.5078124593284227,
                          0.4931420522091933,
                          0.5002316520608009,
                          0.49913194758187135,
                          0.5019465493081217],
                         [0.5147117580836682,
                          0.4989761150037222,
                          0.5,
                          0.4977469214690115,
                          0.48388730634612986,
                          0.4962686786282464,
                          0.4860790317175091,
                          0.4915957612438329,
                          0.5024365678943714,
                          0.5000997788569478],
                         [0.5,
                          0.4855193781370385,
                          0.5041668638658271,
                          0.4901949822961229,
                          0.4868555617652762,
                          0.501746757006206,
                          0.5033148083149526,
                          0.5,
                          0.49902861948158167,
                          0.5018431661353241],
                         [0.5053374659357077,
                          0.5070587734934985,
                          0.4908411789293778,
                          0.4985937427994469,
                          0.49860956558149727,
                          0.49667655348863027,
                          0.5,
                          0.5050754603924826,
                          0.4921220163763236,
                          0.4992644282987663],
                         [0.5,
                          0.5,
                          0.5036449118817407,
                          0.5,
                          0.5,
                          0.48920378891210337,
                          0.49514097929357787,
                          0.49091154636245277,
                          0.5061258714606149,
                          0.4998595544474932],
                         [0.5093516325847586,
                          0.5,
                          0.49826396365797937,
                          0.5005391873016312,
                          0.5149279625949136,
                          0.4916799911321327,
                          0.4803730724196338,
                          0.5000920035233399,
                          0.492820278447119,
                          0.49350142288908566]]},
            {'activation': 'sigmoid',
             'bias': [-0.002811540332893647,
                      -0.00771252634639528,
                      -0.007398661776241759,
                      0.007958562322935835,
                      0,
                      0.0009713357200188868],
             'name': 'hidden1',
             'neurons': [],
             'num_neurons': 6,
             'weights': [[0.4916465005865546,
                          0.49601320893366824,
                          0.5,
                          0.49610460008126683,
                          0.5053628229267348,
                          0.500926490778908,
                          0.5075916963882018,
                          0.5],
                         [0.5,
                          0.5081674255046889,
                          0.48846366346433734,
                          0.4998363429178712,
                          0.49467722851442963,
                          0.49258011463119056,
                          0.49891443498361293,
                          0.500723041997148],
                         [0.5099966457928844,
                          0.49416366751664553,
                          0.5,
                          0.4979912623661311,
                          0.5050547162982115,
                          0.5078858381174083,
                          0.5044994914631822,
                          0.5029714687823504],
                         [0.4972798027228066,
                          0.4977370245194792,
                          0.5054410693506325,
                          0.49485134255661994,
                          0.4987424245755382,
                          0.4939107080456673,
                          0.5,
                          0.508645584265891],
                         [0.5,
                          0.5126936824878465,
                          0.5015823384273872,
                          0.5025261380177887,
                          0.4936134039178597,
                          0.5264202947589338,
                          0.5,
                          0.5],
                         [0.502594466914371,
                          0.48850680374484,
                          0.48514625749775986,
                          0.4978179451012345,
                          0.5026721612619618,
                          0.49599526023147544,
                          0.4892910305269502,
                          0.4828421557230988],
                         [0.5,
                          0.4879120517952356,
                          0.49222271416580793,
                          0.5079176993393991,
                          0.4959223885493931,
                          0.4962448993378027,
                          0.5042493869785,
                          0.493740053929274],
                         [0.5101770210291449,
                          0.49112459818211,
                          0.5035403441798142,
                          0.5002695638576896,
                          0.4991626052453494,
                          0.4850157632738711,
                          0.4913025332998013,
                          0.5]]},
            {'activation': 'sigmoid',
             'bias': [-0.01221093278183011,
                      0,
                      0.0038855268390685397,
                      -0.005431245786826104,
                      8.544910632267942e-05],
             'name': 'output',
             'neurons': [],
             'num_neurons': 5,
             'weights': [[0.48877324052117604,
                          0.5029693722510521,
                          0.5077899987674629,
                          0.4957356796825364,
                          0.49181120204362666,
                          0.5026713555606626],
                         [0.5044519640124172,
                          0.4998370790895029,
                          0.5047766072485256,
                          0.5000241084278265,
                          0.5064105364186193,
                          0.5],
                         [0.49552660795051784,
                          0.5082721129430766,
                          0.5,
                          0.491844838378759,
                          0.5086028129236005,
                          0.5054761579481638],
                         [0.5000281861231939,
                          0.5049621723356728,
                          0.4995182632117659,
                          0.5019503670733165,
                          0.5014272050975677,
                          0.4917199376682461],
                         [0.5116376273295122,
                          0.5082675173607775,
                          0.5086587584296756,
                          0.49081381328040924,
                          0.507700808100278,
                          0.5041897815612688],
                         [0.5056506094140351,
                          0.5133344441059781,
                          0.5241097333821156,
                          0.4862416082170972,
                          0.500061026920331,
                          0.4925438672969389]]}]}
{'generation': 5,
 'inputs': [],
 'layers': [{'activation': 'sigmoid',
             'bias': [-0.007016687520921037,
                      0.016231393621668432,
                      -0.007708426186952544,
                      -0.016413866829668024,
                      0.007611024069603848,
                      0.017938782931502414,
                      0.0006251860448743003,
                      -0.014828811222387557],
             'name': 'input',
             'neurons': [<gameplay.Neuron object at 0x7f6906002898>,
                         <gameplay.Neuron object at 0x7f6906002860>,
                         <gameplay.Neuron object at 0x7f6906002828>,
                         <gameplay.Neuron object at 0x7f6906002240>,
                         <gameplay.Neuron object at 0x7f6906002b70>,
                         <gameplay.Neuron object at 0x7f6906002be0>,
                         <gameplay.Neuron object at 0x7f6906002dd8>,
                         <gameplay.Neuron object at 0x7f6906002d30>],
             'num_neurons': 8,
             'weights': [[0.5,
                          0.49260403434832767,
                          0.5112243845711862,
                          0.498862037061274,
                          0.49136113101955925,
                          0.4913389147645737,
                          0.490495106359237,
                          0.5041252365608145,
                          0.4827177855045011,
                          0.5070772071537727],
                         [0.5,
                          0.504217432467541,
                          0.5069726770960034,
                          0.5,
                          0.5102571375304812,
                          0.5087679325855414,
                          0.48327146501997326,
                          0.48649314580474745,
                          0.5,
                          0.5072917598482112],
                         [0.5072164192742026,
                          0.49461914673390706,
                          0.500497505204224,
                          0.5119717536713645,
                          0.4879184883348344,
                          0.5078124593284227,
                          0.4931420522091933,
                          0.5002316520608009,
                          0.49913194758187135,
                          0.5019465493081217],
                         [0.5147117580836682,
                          0.4989761150037222,
                          0.5,
                          0.4977469214690115,
                          0.48388730634612986,
                          0.4962686786282464,
                          0.4860790317175091,
                          0.4915957612438329,
                          0.5024365678943714,
                          0.5000997788569478],
                         [0.5,
                          0.4855193781370385,
                          0.5041668638658271,
                          0.4901949822961229,
                          0.4868555617652762,
                          0.501746757006206,
                          0.5033148083149526,
                          0.5,
                          0.49902861948158167,
                          0.5018431661353241],
                         [0.5053374659357077,
                          0.5070587734934985,
                          0.4908411789293778,
                          0.4985937427994469,
                          0.49860956558149727,
                          0.49667655348863027,
                          0.5,
                          0.5050754603924826,
                          0.4921220163763236,
                          0.4992644282987663],
                         [0.5,
                          0.5,
                          0.5036449118817407,
                          0.5,
                          0.5,
                          0.48920378891210337,
                          0.49514097929357787,
                          0.49091154636245277,
                          0.5061258714606149,
                          0.4998595544474932],
                         [0.5093516325847586,
                          0.5,
                          0.49826396365797937,
                          0.5005391873016312,
                          0.5149279625949136,
                          0.4916799911321327,
                          0.4803730724196338,
                          0.5000920035233399,
                          0.492820278447119,
                          0.49350142288908566]]},
            {'activation': 'sigmoid',
             'bias': [-0.002811540332893647,
                      -0.00771252634639528,
                      -0.007398661776241759,
                      0.007958562322935835,
                      0,
                      0.0009713357200188868],
             'name': 'hidden1',
             'neurons': [<gameplay.Neuron object at 0x7f6906002cc0>,
                         <gameplay.Neuron object at 0x7f6906002c18>,
                         <gameplay.Neuron object at 0x7f6906002e10>,
                         <gameplay.Neuron object at 0x7f6906002e80>,
                         <gameplay.Neuron object at 0x7f6906002e48>,
                         <gameplay.Neuron object at 0x7f6906002da0>],
             'num_neurons': 6,
             'weights': [[0.4916465005865546,
                          0.49601320893366824,
                          0.5,
                          0.49610460008126683,
                          0.5053628229267348,
                          0.500926490778908,
                          0.5075916963882018,
                          0.5],
                         [0.5,
                          0.5081674255046889,
                          0.48846366346433734,
                          0.4998363429178712,
                          0.49467722851442963,
                          0.49258011463119056,
                          0.49891443498361293,
                          0.500723041997148],
                         [0.5099966457928844,
                          0.49416366751664553,
                          0.5,
                          0.4979912623661311,
                          0.5050547162982115,
                          0.5078858381174083,
                          0.5044994914631822,
                          0.5029714687823504],
                         [0.4972798027228066,
                          0.4977370245194792,
                          0.5054410693506325,
                          0.49485134255661994,
                          0.4987424245755382,
                          0.4939107080456673,
                          0.5,
                          0.508645584265891],
                         [0.5,
                          0.5126936824878465,
                          0.5015823384273872,
                          0.5025261380177887,
                          0.4936134039178597,
                          0.5264202947589338,
                          0.5,
                          0.5],
                         [0.502594466914371,
                          0.48850680374484,
                          0.48514625749775986,
                          0.4978179451012345,
                          0.5026721612619618,
                          0.49599526023147544,
                          0.4892910305269502,
                          0.4828421557230988],
                         [0.5,
                          0.4879120517952356,
                          0.49222271416580793,
                          0.5079176993393991,
                          0.4959223885493931,
                          0.4962448993378027,
                          0.5042493869785,
                          0.493740053929274],
                         [0.5101770210291449,
                          0.49112459818211,
                          0.5035403441798142,
                          0.5002695638576896,
                          0.4991626052453494,
                          0.4850157632738711,
                          0.4913025332998013,
                          0.5]]},
            {'activation': 'sigmoid',
             'bias': [-0.01221093278183011,
                      0,
                      0.0038855268390685397,
                      -0.005431245786826104,
                      8.544910632267942e-05],
             'name': 'output',
             'neurons': [<gameplay.Neuron object at 0x7f6906002c50>,
                         <gameplay.Neuron object at 0x7f6906002f28>,
                         <gameplay.Neuron object at 0x7f6906002eb8>,
                         <gameplay.Neuron object at 0x7f6906002ef0>,
                         <gameplay.Neuron object at 0x7f6906002fd0>],
             'num_neurons': 5,
             'weights': [[0.48877324052117604,
                          0.5029693722510521,
                          0.5077899987674629,
                          0.4957356796825364,
                          0.49181120204362666,
                          0.5026713555606626],
                         [0.5044519640124172,
                          0.4998370790895029,
                          0.5047766072485256,
                          0.5000241084278265,
                          0.5064105364186193,
                          0.5],
                         [0.49552660795051784,
                          0.5082721129430766,
                          0.5,
                          0.491844838378759,
                          0.5086028129236005,
                          0.5054761579481638],
                         [0.5000281861231939,
                          0.5049621723356728,
                          0.4995182632117659,
                          0.5019503670733165,
                          0.5014272050975677,
                          0.4917199376682461],
                         [0.5116376273295122,
                          0.5082675173607775,
                          0.5086587584296756,
                          0.49081381328040924,
                          0.507700808100278,
                          0.5041897815612688],
                         [0.5056506094140351,
                          0.5133344441059781,
                          0.5241097333821156,
                          0.4862416082170972,
                          0.500061026920331,
                          0.4925438672969389]]}]}
load_tensorflow_graph: path = tensorflow/mario-model-simple-2019-07-17/frozen_inference_graph.pb
object_detection_graph = <tensorflow.python.framework.ops.Graph object at 0x7f6906002cf8>
Doing start sequence
Sleeping one second
sending start
sending empty
Found black world screen for the second time. exiting.



Seconds left: 364
Moves to the right: 84
frame count: 161
time start:  1567860518.4626212,   time_now: 1567860535.3910737
