pygame 1.9.6
Hello from the pygame community. https://www.pygame.org/contribute.html
Loading neural net from gameplay_neural_nets/150/3.nn
net = {'generation': 137,
 'inputs': [],
 'layers': [{'activation': 'sigmoid',
             'bias': [0.003574332144359921,
                      -0.0391456539535071,
                      0.006650311484008225,
                      0.002757578736252612,
                      0.00014761673684358934,
                      -0.02832599945015975,
                      0.014317468858282053,
                      -0.004530145650725001],
             'name': 'input',
             'neurons': [],
             'num_neurons': 8,
             'weights': [[0.36476446418519654,
                          0.4304759646333071,
                          0.07904261913927237,
                          0.15438771101354412,
                          0.078276632624788,
                          0.07083228691275563,
                          0.06410563367526426,
                          0.07239960004072431,
                          0.08793999819143995,
                          0.05046477014278346],
                         [0.37984183399333904,
                          0.36511637263317354,
                          0.10262839886566118,
                          0.12167017216824831,
                          0.12315210802844552,
                          0.045198275885991485,
                          0.10885408999942009,
                          0.09418586729724925,
                          0.10598362426333344,
                          0.12636343634454192],
                         [0.34191328592352627,
                          0.4308504746921251,
                          0.057732067553986244,
                          0.041886909548360655,
                          0.0871425034283953,
                          0.09223840568996203,
                          0.08116220758487891,
                          0.11299009553974831,
                          0.0976546312660495,
                          0.0722686020850131],
                         [0.3762613558575813,
                          0.4083315564245179,
                          0.10248856819979447,
                          0.0970303352782505,
                          0.06561848107520522,
                          0.06142206040625622,
                          0.08077143134418921,
                          0.12158165179440752,
                          0.13424755223369217,
                          0.12508082850341015],
                         [0.41470820383539814,
                          0.4016522644122119,
                          0.038726679904286486,
                          0.13052278711852894,
                          0.09861772943214356,
                          0.16872616091957623,
                          0.1342991755738906,
                          0.10996492507971657,
                          0.07830688233600744,
                          0.06268080942000837],
                         [0.3587902560163238,
                          0.4183124607188069,
                          0.07043154697243507,
                          0.08641847128068537,
                          0.09653140965809785,
                          0.06932576240603625,
                          0.10924565290522299,
                          0.08920294522488174,
                          0.12146392476795252,
                          0.10673007199864953],
                         [0.3634824476895581,
                          0.36137566624007494,
                          0.11565435557724649,
                          0.06700952933803246,
                          0.11468642018405695,
                          0.10800323506962227,
                          0.10453026938002578,
                          0.07446224280415994,
                          0.10191278655204321,
                          0.061526118865686624],
                         [0.3928638272809488,
                          0.41350232578355856,
                          0.06026876636607873,
                          0.08005828149608832,
                          0.10621346871131356,
                          0.05280257343540175,
                          0.07619644564460006,
                          0.16728622626032935,
                          0.09904264300846988,
                          0.06826879137739159]]},
            {'activation': 'sigmoid',
             'bias': [-0.011407662444291809,
                      0.0821223470812139,
                      -0.015083193044716451,
                      -0.013055216491782807,
                      0.016060676573673886],
             'name': 'output',
             'neurons': [],
             'num_neurons': 5,
             'weights': [[0.039222613219704244,
                          0.09569074202747749,
                          0.07557397332872905,
                          0.04076442545501607,
                          0.12090890559669863,
                          0.14406112409278474,
                          0.13336805463402088,
                          0.1199471009089922],
                         [0.048998526619154575,
                          0.06375639412859767,
                          0.09398204685258331,
                          0.15693964393220405,
                          0.11964810040401593,
                          0.06480619382263038,
                          0.0535512030806196,
                          0.1726973187986565],
                         [0.1251992211312772,
                          0.10302635274097995,
                          0.09401306557016165,
                          0.09066793605536332,
                          0.0594845954014034,
                          0.10651932585754723,
                          0.12244633057871342,
                          0.07899446393276074],
                         [0.09070024818099547,
                          0.06408320498044091,
                          0.14900221278407028,
                          0.06989056619140499,
                          0.1628242681331893,
                          0.09240697362252552,
                          0.07645790952945808,
                          0.09709225923994348],
                         [0.1400271522050772,
                          0.0820559713833795,
                          0.15044979819600407,
                          0.04671943566683007,
                          0.177420100255332,
                          0.10714764216692625,
                          0.07343207091027056,
                          0.09869008543693572],
                         [0.08106002123507629,
                          0.13770231517785458,
                          0.14682879940531912,
                          0.08639308415109737,
                          0.0610961836741334,
                          0.10768862796097492,
                          0.0671049270719973,
                          0.11717991838723717]]}]}
{'generation': 137,
 'inputs': [],
 'layers': [{'activation': 'sigmoid',
             'bias': [0.003574332144359921,
                      -0.0391456539535071,
                      0.006650311484008225,
                      0.002757578736252612,
                      0.00014761673684358934,
                      -0.02832599945015975,
                      0.014317468858282053,
                      -0.004530145650725001],
             'name': 'input',
             'neurons': [<gameplay.Neuron object at 0x7fecf0346828>,
                         <gameplay.Neuron object at 0x7fecf03467f0>,
                         <gameplay.Neuron object at 0x7fecf0346208>,
                         <gameplay.Neuron object at 0x7fecf0346ac8>,
                         <gameplay.Neuron object at 0x7fecf0346b70>,
                         <gameplay.Neuron object at 0x7fecf0346b00>,
                         <gameplay.Neuron object at 0x7fecf0346c50>,
                         <gameplay.Neuron object at 0x7fecf0346c18>],
             'num_neurons': 8,
             'weights': [[0.36476446418519654,
                          0.4304759646333071,
                          0.07904261913927237,
                          0.15438771101354412,
                          0.078276632624788,
                          0.07083228691275563,
                          0.06410563367526426,
                          0.07239960004072431,
                          0.08793999819143995,
                          0.05046477014278346],
                         [0.37984183399333904,
                          0.36511637263317354,
                          0.10262839886566118,
                          0.12167017216824831,
                          0.12315210802844552,
                          0.045198275885991485,
                          0.10885408999942009,
                          0.09418586729724925,
                          0.10598362426333344,
                          0.12636343634454192],
                         [0.34191328592352627,
                          0.4308504746921251,
                          0.057732067553986244,
                          0.041886909548360655,
                          0.0871425034283953,
                          0.09223840568996203,
                          0.08116220758487891,
                          0.11299009553974831,
                          0.0976546312660495,
                          0.0722686020850131],
                         [0.3762613558575813,
                          0.4083315564245179,
                          0.10248856819979447,
                          0.0970303352782505,
                          0.06561848107520522,
                          0.06142206040625622,
                          0.08077143134418921,
                          0.12158165179440752,
                          0.13424755223369217,
                          0.12508082850341015],
                         [0.41470820383539814,
                          0.4016522644122119,
                          0.038726679904286486,
                          0.13052278711852894,
                          0.09861772943214356,
                          0.16872616091957623,
                          0.1342991755738906,
                          0.10996492507971657,
                          0.07830688233600744,
                          0.06268080942000837],
                         [0.3587902560163238,
                          0.4183124607188069,
                          0.07043154697243507,
                          0.08641847128068537,
                          0.09653140965809785,
                          0.06932576240603625,
                          0.10924565290522299,
                          0.08920294522488174,
                          0.12146392476795252,
                          0.10673007199864953],
                         [0.3634824476895581,
                          0.36137566624007494,
                          0.11565435557724649,
                          0.06700952933803246,
                          0.11468642018405695,
                          0.10800323506962227,
                          0.10453026938002578,
                          0.07446224280415994,
                          0.10191278655204321,
                          0.061526118865686624],
                         [0.3928638272809488,
                          0.41350232578355856,
                          0.06026876636607873,
                          0.08005828149608832,
                          0.10621346871131356,
                          0.05280257343540175,
                          0.07619644564460006,
                          0.16728622626032935,
                          0.09904264300846988,
                          0.06826879137739159]]},
            {'activation': 'sigmoid',
             'bias': [-0.011407662444291809,
                      0.0821223470812139,
                      -0.015083193044716451,
                      -0.013055216491782807,
                      0.016060676573673886],
             'name': 'output',
             'neurons': [<gameplay.Neuron object at 0x7fecf0346c88>,
                         <gameplay.Neuron object at 0x7fecf0346cc0>,
                         <gameplay.Neuron object at 0x7fecf0346d30>,
                         <gameplay.Neuron object at 0x7fecf0346cf8>,
                         <gameplay.Neuron object at 0x7fecf0346d68>],
             'num_neurons': 5,
             'weights': [[0.039222613219704244,
                          0.09569074202747749,
                          0.07557397332872905,
                          0.04076442545501607,
                          0.12090890559669863,
                          0.14406112409278474,
                          0.13336805463402088,
                          0.1199471009089922],
                         [0.048998526619154575,
                          0.06375639412859767,
                          0.09398204685258331,
                          0.15693964393220405,
                          0.11964810040401593,
                          0.06480619382263038,
                          0.0535512030806196,
                          0.1726973187986565],
                         [0.1251992211312772,
                          0.10302635274097995,
                          0.09401306557016165,
                          0.09066793605536332,
                          0.0594845954014034,
                          0.10651932585754723,
                          0.12244633057871342,
                          0.07899446393276074],
                         [0.09070024818099547,
                          0.06408320498044091,
                          0.14900221278407028,
                          0.06989056619140499,
                          0.1628242681331893,
                          0.09240697362252552,
                          0.07645790952945808,
                          0.09709225923994348],
                         [0.1400271522050772,
                          0.0820559713833795,
                          0.15044979819600407,
                          0.04671943566683007,
                          0.177420100255332,
                          0.10714764216692625,
                          0.07343207091027056,
                          0.09869008543693572],
                         [0.08106002123507629,
                          0.13770231517785458,
                          0.14682879940531912,
                          0.08639308415109737,
                          0.0610961836741334,
                          0.10768862796097492,
                          0.0671049270719973,
                          0.11717991838723717]]}]}
load_tensorflow_graph: path = tensorflow/mario-model-simple-2019-07-17/frozen_inference_graph.pb
object_detection_graph = <tensorflow.python.framework.ops.Graph object at 0x7fecf0346e10>
Doing start sequence
Sleeping one second
sending start
sending empty
Found black world screen for the second time. exiting.



Seconds left: 380
Moves to the right: 38
