pygame 1.9.6
Hello from the pygame community. https://www.pygame.org/contribute.html
Loading neural net from gameplay_neural_nets/150/5.nn
net = {'generation': 137,
 'inputs': [],
 'layers': [{'activation': 'sigmoid',
             'bias': [0.01601576752814938,
                      -0.044871050209057156,
                      0.015781648079092332,
                      -0.0012153386618901606,
                      -0.00102795099665314,
                      -0.036929414335030566,
                      0.014317468858282053,
                      -0.004530145650725001],
             'name': 'input',
             'neurons': [],
             'num_neurons': 8,
             'weights': [[0.3627123658925481,
                          0.4289523177806253,
                          0.07904261913927237,
                          0.15803875003412848,
                          0.08171176730353676,
                          0.0699126759775652,
                          0.06410563367526426,
                          0.07239960004072431,
                          0.08793999819143995,
                          0.04490444770979165],
                         [0.3764704988497252,
                          0.35876127350165576,
                          0.09346946283390874,
                          0.11223181665109365,
                          0.12315210802844552,
                          0.045198275885991485,
                          0.10885408999942009,
                          0.09418586729724925,
                          0.09792781936149897,
                          0.1136311701697519],
                         [0.3484729926324819,
                          0.4325582862427925,
                          0.057732067553986244,
                          0.041886909548360655,
                          0.09691443865399056,
                          0.09877823518531635,
                          0.08116220758487891,
                          0.11299009553974831,
                          0.10297232246071453,
                          0.06986409463934906],
                         [0.3790981412353341,
                          0.4083315564245179,
                          0.10248856819979447,
                          0.10319341711762378,
                          0.05717473408588278,
                          0.06919555291494346,
                          0.07096135240243524,
                          0.12478190687685076,
                          0.13424755223369217,
                          0.12129496586401943],
                         [0.41470820383539814,
                          0.4016522644122119,
                          0.04100084553748581,
                          0.1301605188911034,
                          0.09861772943214356,
                          0.16872616091957623,
                          0.1342991755738906,
                          0.11748611390968432,
                          0.07830688233600744,
                          0.06268080942000837],
                         [0.3587902560163238,
                          0.42121556933870136,
                          0.07043154697243507,
                          0.08244020076330291,
                          0.09653140965809785,
                          0.06760636451735019,
                          0.10949647404603131,
                          0.09689326111707819,
                          0.123817577797254,
                          0.1152799968829276],
                         [0.3684542391268858,
                          0.36640144395314705,
                          0.12069799684301344,
                          0.06700952933803246,
                          0.11468642018405695,
                          0.10269166514835176,
                          0.10453026938002578,
                          0.06928502200200021,
                          0.10191278655204321,
                          0.05683773930331396],
                         [0.3998532764486591,
                          0.41350232578355856,
                          0.06026876636607873,
                          0.08005828149608832,
                          0.1088145522941211,
                          0.05280257343540175,
                          0.07619644564460006,
                          0.16728622626032935,
                          0.10367802790132924,
                          0.06826879137739159]]},
            {'activation': 'sigmoid',
             'bias': [-0.011407662444291809,
                      0.0821223470812139,
                      -0.010196187909885534,
                      -0.014366363651984673,
                      0.01330393060072016],
             'name': 'output',
             'neurons': [],
             'num_neurons': 5,
             'weights': [[0.04684131085321301,
                          0.09569074202747749,
                          0.08106145493653971,
                          0.04076442545501607,
                          0.13027001198339194,
                          0.136781042030444,
                          0.13336805463402088,
                          0.1199471009089922],
                         [0.05214707246896081,
                          0.06375639412859767,
                          0.08507514077834458,
                          0.16443141826874405,
                          0.11964810040401593,
                          0.06480619382263038,
                          0.0535512030806196,
                          0.17041317788910185],
                         [0.1251992211312772,
                          0.10302635274097995,
                          0.11177074669809496,
                          0.09992379913621362,
                          0.06640385117320571,
                          0.11495597037943482,
                          0.12088324856308513,
                          0.08730426884561104],
                         [0.08164934116775933,
                          0.059312367372337735,
                          0.14900221278407028,
                          0.08118291159246979,
                          0.16641236298113166,
                          0.09240697362252552,
                          0.08808269962738235,
                          0.09709225923994348],
                         [0.1424158135669888,
                          0.07966324752772412,
                          0.14971440507977526,
                          0.04386626518851503,
                          0.174807144194419,
                          0.10714764216692625,
                          0.07343207091027056,
                          0.09869008543693572],
                         [0.07979904563652242,
                          0.13770231517785458,
                          0.14181618485810552,
                          0.08558072617235188,
                          0.06504549978609812,
                          0.10768862796097492,
                          0.06992385733714317,
                          0.1071947016857639]]}]}
{'generation': 137,
 'inputs': [],
 'layers': [{'activation': 'sigmoid',
             'bias': [0.01601576752814938,
                      -0.044871050209057156,
                      0.015781648079092332,
                      -0.0012153386618901606,
                      -0.00102795099665314,
                      -0.036929414335030566,
                      0.014317468858282053,
                      -0.004530145650725001],
             'name': 'input',
             'neurons': [<gameplay.Neuron object at 0x7f7dce0d3860>,
                         <gameplay.Neuron object at 0x7f7dce0d3828>,
                         <gameplay.Neuron object at 0x7f7dce0d3240>,
                         <gameplay.Neuron object at 0x7f7dce0d3b00>,
                         <gameplay.Neuron object at 0x7f7dce0d3ba8>,
                         <gameplay.Neuron object at 0x7f7dce0d3b38>,
                         <gameplay.Neuron object at 0x7f7dce0d3c88>,
                         <gameplay.Neuron object at 0x7f7dce0d3c50>],
             'num_neurons': 8,
             'weights': [[0.3627123658925481,
                          0.4289523177806253,
                          0.07904261913927237,
                          0.15803875003412848,
                          0.08171176730353676,
                          0.0699126759775652,
                          0.06410563367526426,
                          0.07239960004072431,
                          0.08793999819143995,
                          0.04490444770979165],
                         [0.3764704988497252,
                          0.35876127350165576,
                          0.09346946283390874,
                          0.11223181665109365,
                          0.12315210802844552,
                          0.045198275885991485,
                          0.10885408999942009,
                          0.09418586729724925,
                          0.09792781936149897,
                          0.1136311701697519],
                         [0.3484729926324819,
                          0.4325582862427925,
                          0.057732067553986244,
                          0.041886909548360655,
                          0.09691443865399056,
                          0.09877823518531635,
                          0.08116220758487891,
                          0.11299009553974831,
                          0.10297232246071453,
                          0.06986409463934906],
                         [0.3790981412353341,
                          0.4083315564245179,
                          0.10248856819979447,
                          0.10319341711762378,
                          0.05717473408588278,
                          0.06919555291494346,
                          0.07096135240243524,
                          0.12478190687685076,
                          0.13424755223369217,
                          0.12129496586401943],
                         [0.41470820383539814,
                          0.4016522644122119,
                          0.04100084553748581,
                          0.1301605188911034,
                          0.09861772943214356,
                          0.16872616091957623,
                          0.1342991755738906,
                          0.11748611390968432,
                          0.07830688233600744,
                          0.06268080942000837],
                         [0.3587902560163238,
                          0.42121556933870136,
                          0.07043154697243507,
                          0.08244020076330291,
                          0.09653140965809785,
                          0.06760636451735019,
                          0.10949647404603131,
                          0.09689326111707819,
                          0.123817577797254,
                          0.1152799968829276],
                         [0.3684542391268858,
                          0.36640144395314705,
                          0.12069799684301344,
                          0.06700952933803246,
                          0.11468642018405695,
                          0.10269166514835176,
                          0.10453026938002578,
                          0.06928502200200021,
                          0.10191278655204321,
                          0.05683773930331396],
                         [0.3998532764486591,
                          0.41350232578355856,
                          0.06026876636607873,
                          0.08005828149608832,
                          0.1088145522941211,
                          0.05280257343540175,
                          0.07619644564460006,
                          0.16728622626032935,
                          0.10367802790132924,
                          0.06826879137739159]]},
            {'activation': 'sigmoid',
             'bias': [-0.011407662444291809,
                      0.0821223470812139,
                      -0.010196187909885534,
                      -0.014366363651984673,
                      0.01330393060072016],
             'name': 'output',
             'neurons': [<gameplay.Neuron object at 0x7f7dce0d3cc0>,
                         <gameplay.Neuron object at 0x7f7dce0d3cf8>,
                         <gameplay.Neuron object at 0x7f7dce0d3d68>,
                         <gameplay.Neuron object at 0x7f7dce0d3d30>,
                         <gameplay.Neuron object at 0x7f7dce0d3da0>],
             'num_neurons': 5,
             'weights': [[0.04684131085321301,
                          0.09569074202747749,
                          0.08106145493653971,
                          0.04076442545501607,
                          0.13027001198339194,
                          0.136781042030444,
                          0.13336805463402088,
                          0.1199471009089922],
                         [0.05214707246896081,
                          0.06375639412859767,
                          0.08507514077834458,
                          0.16443141826874405,
                          0.11964810040401593,
                          0.06480619382263038,
                          0.0535512030806196,
                          0.17041317788910185],
                         [0.1251992211312772,
                          0.10302635274097995,
                          0.11177074669809496,
                          0.09992379913621362,
                          0.06640385117320571,
                          0.11495597037943482,
                          0.12088324856308513,
                          0.08730426884561104],
                         [0.08164934116775933,
                          0.059312367372337735,
                          0.14900221278407028,
                          0.08118291159246979,
                          0.16641236298113166,
                          0.09240697362252552,
                          0.08808269962738235,
                          0.09709225923994348],
                         [0.1424158135669888,
                          0.07966324752772412,
                          0.14971440507977526,
                          0.04386626518851503,
                          0.174807144194419,
                          0.10714764216692625,
                          0.07343207091027056,
                          0.09869008543693572],
                         [0.07979904563652242,
                          0.13770231517785458,
                          0.14181618485810552,
                          0.08558072617235188,
                          0.06504549978609812,
                          0.10768862796097492,
                          0.06992385733714317,
                          0.1071947016857639]]}]}
load_tensorflow_graph: path = tensorflow/mario-model-simple-2019-07-17/frozen_inference_graph.pb
object_detection_graph = <tensorflow.python.framework.ops.Graph object at 0x7f7dce0d3e48>
Doing start sequence
Sleeping one second
sending start
sending empty
Found black world screen for the second time. exiting.



Seconds left: 1
Moves to the right: 44
