pygame 1.9.6
Hello from the pygame community. https://www.pygame.org/contribute.html
Loading neural net from gameplay_neural_nets/150/9.nn
net = {'generation': 137,
 'inputs': [],
 'layers': [{'activation': 'sigmoid',
             'bias': [0.014315565718187097,
                      -0.044871050209057156,
                      0.006650311484008225,
                      -0.003440349958892,
                      -0.003283413811719287,
                      -0.026845705409046447,
                      0.014317468858282053,
                      -0.004530145650725001],
             'name': 'input',
             'neurons': [],
             'num_neurons': 8,
             'weights': [[0.36146832756319486,
                          0.4289523177806253,
                          0.07904261913927237,
                          0.15803875003412848,
                          0.0824348629688601,
                          0.07415408856210504,
                          0.06410563367526426,
                          0.07239960004072431,
                          0.08793999819143995,
                          0.04490444770979165],
                         [0.37984183399333904,
                          0.35876127350165576,
                          0.09346946283390874,
                          0.12416835374547282,
                          0.13303238253495356,
                          0.052297852241151375,
                          0.11527768212675768,
                          0.09418586729724925,
                          0.09839859992728836,
                          0.12808241314158525],
                         [0.3484729926324819,
                          0.4308504746921251,
                          0.057732067553986244,
                          0.03501655361242116,
                          0.09189380290847582,
                          0.09785597626103223,
                          0.08116220758487891,
                          0.11277930837677408,
                          0.10234327353284023,
                          0.06986409463934906],
                         [0.37813530838422094,
                          0.41509505395035395,
                          0.10248856819979447,
                          0.10319341711762378,
                          0.05717473408588278,
                          0.060377520075710275,
                          0.06474800670483719,
                          0.12478190687685076,
                          0.13424755223369217,
                          0.1216328569820574],
                         [0.41470820383539814,
                          0.4016522644122119,
                          0.040798810237202304,
                          0.1384413036814765,
                          0.09861772943214356,
                          0.1694652521974016,
                          0.1342991755738906,
                          0.11748611390968432,
                          0.07830688233600744,
                          0.06268080942000837],
                         [0.3551275989197626,
                          0.42743438194016115,
                          0.07116319957217301,
                          0.07481637842328512,
                          0.10538501124921709,
                          0.0673314183429401,
                          0.11410587556266093,
                          0.08999183606542487,
                          0.12146392476795252,
                          0.10955402189698747],
                         [0.3684542391268858,
                          0.3701343771514283,
                          0.10930072289116619,
                          0.06700952933803246,
                          0.11468642018405695,
                          0.10269166514835176,
                          0.10453026938002578,
                          0.07446224280415994,
                          0.10191278655204321,
                          0.05497344489734087],
                         [0.3928638272809488,
                          0.4083079971541454,
                          0.06026876636607873,
                          0.08005828149608832,
                          0.1160015106383073,
                          0.05100835319427314,
                          0.07894991604547551,
                          0.16728622626032935,
                          0.10367802790132924,
                          0.06826879137739159]]},
            {'activation': 'sigmoid',
             'bias': [-0.004032832677847695,
                      0.0821223470812139,
                      -0.010196187909885534,
                      -0.011627236273873685,
                      0.016060676573673886],
             'name': 'output',
             'neurons': [],
             'num_neurons': 5,
             'weights': [[0.03978797805180291,
                          0.09569074202747749,
                          0.08211881869836497,
                          0.04076442545501607,
                          0.1363155224945466,
                          0.136781042030444,
                          0.13336805463402088,
                          0.1199471009089922],
                         [0.05214707246896081,
                          0.06375639412859767,
                          0.0804653324078162,
                          0.15693964393220405,
                          0.12235784183091158,
                          0.05662095921264024,
                          0.061949331006965425,
                          0.1726973187986565],
                         [0.12233777712315262,
                          0.10302635274097995,
                          0.10222274432089279,
                          0.09066793605536332,
                          0.0594845954014034,
                          0.11581940293368226,
                          0.12088324856308513,
                          0.08730426884561104],
                         [0.08694829972729277,
                          0.06408320498044091,
                          0.15072858228725003,
                          0.07703103710600816,
                          0.16641236298113166,
                          0.09240697362252552,
                          0.08745709800017688,
                          0.10527450537098698],
                         [0.1424158135669888,
                          0.08337509713330563,
                          0.15044979819600407,
                          0.04671943566683007,
                          0.177420100255332,
                          0.10714764216692625,
                          0.07343207091027056,
                          0.09731146719223503],
                         [0.0877688306418678,
                          0.13770231517785458,
                          0.14682879940531912,
                          0.08558072617235188,
                          0.05592486701757199,
                          0.10246602531586214,
                          0.0680734407957636,
                          0.11191474685816774]]}]}
{'generation': 137,
 'inputs': [],
 'layers': [{'activation': 'sigmoid',
             'bias': [0.014315565718187097,
                      -0.044871050209057156,
                      0.006650311484008225,
                      -0.003440349958892,
                      -0.003283413811719287,
                      -0.026845705409046447,
                      0.014317468858282053,
                      -0.004530145650725001],
             'name': 'input',
             'neurons': [<gameplay.Neuron object at 0x7f5201850860>,
                         <gameplay.Neuron object at 0x7f5201850828>,
                         <gameplay.Neuron object at 0x7f5201850240>,
                         <gameplay.Neuron object at 0x7f5201850b00>,
                         <gameplay.Neuron object at 0x7f5201850ba8>,
                         <gameplay.Neuron object at 0x7f5201850b38>,
                         <gameplay.Neuron object at 0x7f5201850c88>,
                         <gameplay.Neuron object at 0x7f5201850c50>],
             'num_neurons': 8,
             'weights': [[0.36146832756319486,
                          0.4289523177806253,
                          0.07904261913927237,
                          0.15803875003412848,
                          0.0824348629688601,
                          0.07415408856210504,
                          0.06410563367526426,
                          0.07239960004072431,
                          0.08793999819143995,
                          0.04490444770979165],
                         [0.37984183399333904,
                          0.35876127350165576,
                          0.09346946283390874,
                          0.12416835374547282,
                          0.13303238253495356,
                          0.052297852241151375,
                          0.11527768212675768,
                          0.09418586729724925,
                          0.09839859992728836,
                          0.12808241314158525],
                         [0.3484729926324819,
                          0.4308504746921251,
                          0.057732067553986244,
                          0.03501655361242116,
                          0.09189380290847582,
                          0.09785597626103223,
                          0.08116220758487891,
                          0.11277930837677408,
                          0.10234327353284023,
                          0.06986409463934906],
                         [0.37813530838422094,
                          0.41509505395035395,
                          0.10248856819979447,
                          0.10319341711762378,
                          0.05717473408588278,
                          0.060377520075710275,
                          0.06474800670483719,
                          0.12478190687685076,
                          0.13424755223369217,
                          0.1216328569820574],
                         [0.41470820383539814,
                          0.4016522644122119,
                          0.040798810237202304,
                          0.1384413036814765,
                          0.09861772943214356,
                          0.1694652521974016,
                          0.1342991755738906,
                          0.11748611390968432,
                          0.07830688233600744,
                          0.06268080942000837],
                         [0.3551275989197626,
                          0.42743438194016115,
                          0.07116319957217301,
                          0.07481637842328512,
                          0.10538501124921709,
                          0.0673314183429401,
                          0.11410587556266093,
                          0.08999183606542487,
                          0.12146392476795252,
                          0.10955402189698747],
                         [0.3684542391268858,
                          0.3701343771514283,
                          0.10930072289116619,
                          0.06700952933803246,
                          0.11468642018405695,
                          0.10269166514835176,
                          0.10453026938002578,
                          0.07446224280415994,
                          0.10191278655204321,
                          0.05497344489734087],
                         [0.3928638272809488,
                          0.4083079971541454,
                          0.06026876636607873,
                          0.08005828149608832,
                          0.1160015106383073,
                          0.05100835319427314,
                          0.07894991604547551,
                          0.16728622626032935,
                          0.10367802790132924,
                          0.06826879137739159]]},
            {'activation': 'sigmoid',
             'bias': [-0.004032832677847695,
                      0.0821223470812139,
                      -0.010196187909885534,
                      -0.011627236273873685,
                      0.016060676573673886],
             'name': 'output',
             'neurons': [<gameplay.Neuron object at 0x7f5201850cc0>,
                         <gameplay.Neuron object at 0x7f5201850cf8>,
                         <gameplay.Neuron object at 0x7f5201850d68>,
                         <gameplay.Neuron object at 0x7f5201850d30>,
                         <gameplay.Neuron object at 0x7f5201850da0>],
             'num_neurons': 5,
             'weights': [[0.03978797805180291,
                          0.09569074202747749,
                          0.08211881869836497,
                          0.04076442545501607,
                          0.1363155224945466,
                          0.136781042030444,
                          0.13336805463402088,
                          0.1199471009089922],
                         [0.05214707246896081,
                          0.06375639412859767,
                          0.0804653324078162,
                          0.15693964393220405,
                          0.12235784183091158,
                          0.05662095921264024,
                          0.061949331006965425,
                          0.1726973187986565],
                         [0.12233777712315262,
                          0.10302635274097995,
                          0.10222274432089279,
                          0.09066793605536332,
                          0.0594845954014034,
                          0.11581940293368226,
                          0.12088324856308513,
                          0.08730426884561104],
                         [0.08694829972729277,
                          0.06408320498044091,
                          0.15072858228725003,
                          0.07703103710600816,
                          0.16641236298113166,
                          0.09240697362252552,
                          0.08745709800017688,
                          0.10527450537098698],
                         [0.1424158135669888,
                          0.08337509713330563,
                          0.15044979819600407,
                          0.04671943566683007,
                          0.177420100255332,
                          0.10714764216692625,
                          0.07343207091027056,
                          0.09731146719223503],
                         [0.0877688306418678,
                          0.13770231517785458,
                          0.14682879940531912,
                          0.08558072617235188,
                          0.05592486701757199,
                          0.10246602531586214,
                          0.0680734407957636,
                          0.11191474685816774]]}]}
load_tensorflow_graph: path = tensorflow/mario-model-simple-2019-07-17/frozen_inference_graph.pb
object_detection_graph = <tensorflow.python.framework.ops.Graph object at 0x7f5201850e48>
Doing start sequence
Sleeping one second
sending start
sending empty
Found black world screen for the second time. exiting.



Seconds left: 380
Moves to the right: 43
