pygame 1.9.6
Hello from the pygame community. https://www.pygame.org/contribute.html
Loading neural net from gameplay_neural_nets/36/2.nn
net = {'generation': 32,
 'inputs': [],
 'layers': [{'activation': 'sigmoid',
             'bias': [-0.007343129118368508,
                      0.034297305267355145,
                      -0.03900961160789203,
                      -0.03435701250928197,
                      0.01237281654615218,
                      0.02442771716965523,
                      -0.008234008423405709,
                      -0.013093533720224404],
             'name': 'input',
             'neurons': [],
             'num_neurons': 8,
             'weights': [[0.4346060340182337,
                          0.4873952629747825,
                          0.5120139355145459,
                          0.4940118280241695,
                          0.5023699666316453,
                          0.47423792450276,
                          0.4959764745803204,
                          0.4907082571956254,
                          0.49461836090175837,
                          0.5343799764062889],
                         [0.488545444592666,
                          0.4850162663132216,
                          0.5183837269429371,
                          0.5229298396044136,
                          0.5102093004659382,
                          0.49085435976636554,
                          0.474147307786957,
                          0.4626436174740658,
                          0.5215555769471175,
                          0.5321623881951045],
                         [0.5359910187978152,
                          0.507803616822714,
                          0.5000341224576743,
                          0.5017910288210155,
                          0.467059008500031,
                          0.497727823196018,
                          0.5178461188499149,
                          0.47108320945344645,
                          0.49540442692782966,
                          0.5222266006802493],
                         [0.5021160199087571,
                          0.4846083576170572,
                          0.49377134506485193,
                          0.4474099236510748,
                          0.4670497645472088,
                          0.502975907657061,
                          0.5215650614883359,
                          0.4650929940237984,
                          0.5072482610964004,
                          0.5129947178525307],
                         [0.5005168106810626,
                          0.5281146533048816,
                          0.4967749774553313,
                          0.48691884299639193,
                          0.5164089784991909,
                          0.5103573039202499,
                          0.5271068346358991,
                          0.5108352070036126,
                          0.500878638735525,
                          0.5226816800528838],
                         [0.48065776326252097,
                          0.5237080685266645,
                          0.49004311259673694,
                          0.5288389258030741,
                          0.5002360746803369,
                          0.4729644039132933,
                          0.5468486537656706,
                          0.4845537519854862,
                          0.5157377264709417,
                          0.4532398212797208],
                         [0.5379682585986374,
                          0.5133296717670451,
                          0.5285424147445438,
                          0.5189507087710539,
                          0.4846426386067904,
                          0.48714920800963973,
                          0.5069661350556854,
                          0.509390242706201,
                          0.51284627915103,
                          0.47740802235666463],
                         [0.47387458813059574,
                          0.5116259194685169,
                          0.4932671120132266,
                          0.5384030051194901,
                          0.5055712757306273,
                          0.497261106840349,
                          0.4814810750836,
                          0.4798757030168521,
                          0.46512273591245545,
                          0.49753140769167525]]},
            {'activation': 'sigmoid',
             'bias': [-0.02542702032923764,
                      -0.0139182181580972,
                      -0.034843894644809845,
                      0.009455214949853515,
                      0.002977279428160534,
                      -0.04533135108172316],
             'name': 'hidden1',
             'neurons': [],
             'num_neurons': 6,
             'weights': [[0.5032817711561873,
                          0.4799485626367571,
                          0.486730829842163,
                          0.4724115312622563,
                          0.5186192258075781,
                          0.4941180139734103,
                          0.4840206463907765,
                          0.5188477560796386],
                         [0.49620833952507554,
                          0.5262118513491599,
                          0.5181997958866972,
                          0.5166400905398096,
                          0.45991588493674884,
                          0.5220732928813421,
                          0.4685285111220381,
                          0.5036453568832481],
                         [0.5027175870266161,
                          0.5104691989326927,
                          0.5178647847470111,
                          0.5129786662225622,
                          0.5205947149595856,
                          0.5226323758699092,
                          0.5123227024437622,
                          0.5140264254640872],
                         [0.5233427535329644,
                          0.4832698870516511,
                          0.5013326358637099,
                          0.5016358116272535,
                          0.47953019797305646,
                          0.5227568160412389,
                          0.467548643580075,
                          0.5175071682124185],
                         [0.4826210074203616,
                          0.5486552495516169,
                          0.5097614527425854,
                          0.4970223724346299,
                          0.48273553386378826,
                          0.5243351779493943,
                          0.5148084934851238,
                          0.49957491754143757],
                         [0.46934926574781316,
                          0.4714507104362756,
                          0.4893430488578272,
                          0.47687262478827164,
                          0.4817537614795589,
                          0.4761900486686305,
                          0.47230705352074637,
                          0.4969571501246915],
                         [0.4789193908970704,
                          0.46630174832347554,
                          0.5266042308328633,
                          0.4946244703436824,
                          0.48643743809282086,
                          0.4929820793000303,
                          0.54169961016011,
                          0.4858533279470775],
                         [0.5155235644234548,
                          0.5092170601534618,
                          0.4881420259178567,
                          0.5197836194363453,
                          0.5242406693408559,
                          0.4664555747169444,
                          0.4966630357795473,
                          0.47699505625961597]]},
            {'activation': 'sigmoid',
             'bias': [-0.015290297874537019,
                      0.003080519181059149,
                      0.0063117137040905715,
                      0.006377262531523141,
                      0.03516301952261615],
             'name': 'output',
             'neurons': [],
             'num_neurons': 5,
             'weights': [[0.483500172854773,
                          0.48254419151476297,
                          0.5203505201495783,
                          0.4843254550041495,
                          0.4942881136764814,
                          0.5156869789344346],
                         [0.5182670256568721,
                          0.5255354333078032,
                          0.4700396546199438,
                          0.5024905320633288,
                          0.49697554541870653,
                          0.5094712712857365],
                         [0.5042424344325536,
                          0.5044858041892166,
                          0.5004379567332037,
                          0.5006441576636057,
                          0.5276461326859824,
                          0.5010281416474363],
                         [0.4913554810688099,
                          0.4750984943670538,
                          0.5142287481649691,
                          0.49132242676169813,
                          0.4820535728321114,
                          0.48995073683269197],
                         [0.5102359595073527,
                          0.5128183354482225,
                          0.48741472768410254,
                          0.505698387360418,
                          0.5020045246463184,
                          0.4918953607743991],
                         [0.48347804325021865,
                          0.5120684618532303,
                          0.5021470722701346,
                          0.4763193985853917,
                          0.4958600724843092,
                          0.47602795838556633]]}]}
{'generation': 32,
 'inputs': [],
 'layers': [{'activation': 'sigmoid',
             'bias': [-0.007343129118368508,
                      0.034297305267355145,
                      -0.03900961160789203,
                      -0.03435701250928197,
                      0.01237281654615218,
                      0.02442771716965523,
                      -0.008234008423405709,
                      -0.013093533720224404],
             'name': 'input',
             'neurons': [<gameplay.Neuron object at 0x7ffb7a3c8828>,
                         <gameplay.Neuron object at 0x7ffb7a3c87f0>,
                         <gameplay.Neuron object at 0x7ffb7a3c8208>,
                         <gameplay.Neuron object at 0x7ffb7a3c8b38>,
                         <gameplay.Neuron object at 0x7ffb7a3c8be0>,
                         <gameplay.Neuron object at 0x7ffb7a3c8b70>,
                         <gameplay.Neuron object at 0x7ffb7a3c8c88>,
                         <gameplay.Neuron object at 0x7ffb7a3c8cc0>],
             'num_neurons': 8,
             'weights': [[0.4346060340182337,
                          0.4873952629747825,
                          0.5120139355145459,
                          0.4940118280241695,
                          0.5023699666316453,
                          0.47423792450276,
                          0.4959764745803204,
                          0.4907082571956254,
                          0.49461836090175837,
                          0.5343799764062889],
                         [0.488545444592666,
                          0.4850162663132216,
                          0.5183837269429371,
                          0.5229298396044136,
                          0.5102093004659382,
                          0.49085435976636554,
                          0.474147307786957,
                          0.4626436174740658,
                          0.5215555769471175,
                          0.5321623881951045],
                         [0.5359910187978152,
                          0.507803616822714,
                          0.5000341224576743,
                          0.5017910288210155,
                          0.467059008500031,
                          0.497727823196018,
                          0.5178461188499149,
                          0.47108320945344645,
                          0.49540442692782966,
                          0.5222266006802493],
                         [0.5021160199087571,
                          0.4846083576170572,
                          0.49377134506485193,
                          0.4474099236510748,
                          0.4670497645472088,
                          0.502975907657061,
                          0.5215650614883359,
                          0.4650929940237984,
                          0.5072482610964004,
                          0.5129947178525307],
                         [0.5005168106810626,
                          0.5281146533048816,
                          0.4967749774553313,
                          0.48691884299639193,
                          0.5164089784991909,
                          0.5103573039202499,
                          0.5271068346358991,
                          0.5108352070036126,
                          0.500878638735525,
                          0.5226816800528838],
                         [0.48065776326252097,
                          0.5237080685266645,
                          0.49004311259673694,
                          0.5288389258030741,
                          0.5002360746803369,
                          0.4729644039132933,
                          0.5468486537656706,
                          0.4845537519854862,
                          0.5157377264709417,
                          0.4532398212797208],
                         [0.5379682585986374,
                          0.5133296717670451,
                          0.5285424147445438,
                          0.5189507087710539,
                          0.4846426386067904,
                          0.48714920800963973,
                          0.5069661350556854,
                          0.509390242706201,
                          0.51284627915103,
                          0.47740802235666463],
                         [0.47387458813059574,
                          0.5116259194685169,
                          0.4932671120132266,
                          0.5384030051194901,
                          0.5055712757306273,
                          0.497261106840349,
                          0.4814810750836,
                          0.4798757030168521,
                          0.46512273591245545,
                          0.49753140769167525]]},
            {'activation': 'sigmoid',
             'bias': [-0.02542702032923764,
                      -0.0139182181580972,
                      -0.034843894644809845,
                      0.009455214949853515,
                      0.002977279428160534,
                      -0.04533135108172316],
             'name': 'hidden1',
             'neurons': [<gameplay.Neuron object at 0x7ffb7a3c8cf8>,
                         <gameplay.Neuron object at 0x7ffb7a3c8d30>,
                         <gameplay.Neuron object at 0x7ffb7a3c8da0>,
                         <gameplay.Neuron object at 0x7ffb7a3c8d68>,
                         <gameplay.Neuron object at 0x7ffb7a3c8dd8>,
                         <gameplay.Neuron object at 0x7ffb7a3c8e48>],
             'num_neurons': 6,
             'weights': [[0.5032817711561873,
                          0.4799485626367571,
                          0.486730829842163,
                          0.4724115312622563,
                          0.5186192258075781,
                          0.4941180139734103,
                          0.4840206463907765,
                          0.5188477560796386],
                         [0.49620833952507554,
                          0.5262118513491599,
                          0.5181997958866972,
                          0.5166400905398096,
                          0.45991588493674884,
                          0.5220732928813421,
                          0.4685285111220381,
                          0.5036453568832481],
                         [0.5027175870266161,
                          0.5104691989326927,
                          0.5178647847470111,
                          0.5129786662225622,
                          0.5205947149595856,
                          0.5226323758699092,
                          0.5123227024437622,
                          0.5140264254640872],
                         [0.5233427535329644,
                          0.4832698870516511,
                          0.5013326358637099,
                          0.5016358116272535,
                          0.47953019797305646,
                          0.5227568160412389,
                          0.467548643580075,
                          0.5175071682124185],
                         [0.4826210074203616,
                          0.5486552495516169,
                          0.5097614527425854,
                          0.4970223724346299,
                          0.48273553386378826,
                          0.5243351779493943,
                          0.5148084934851238,
                          0.49957491754143757],
                         [0.46934926574781316,
                          0.4714507104362756,
                          0.4893430488578272,
                          0.47687262478827164,
                          0.4817537614795589,
                          0.4761900486686305,
                          0.47230705352074637,
                          0.4969571501246915],
                         [0.4789193908970704,
                          0.46630174832347554,
                          0.5266042308328633,
                          0.4946244703436824,
                          0.48643743809282086,
                          0.4929820793000303,
                          0.54169961016011,
                          0.4858533279470775],
                         [0.5155235644234548,
                          0.5092170601534618,
                          0.4881420259178567,
                          0.5197836194363453,
                          0.5242406693408559,
                          0.4664555747169444,
                          0.4966630357795473,
                          0.47699505625961597]]},
            {'activation': 'sigmoid',
             'bias': [-0.015290297874537019,
                      0.003080519181059149,
                      0.0063117137040905715,
                      0.006377262531523141,
                      0.03516301952261615],
             'name': 'output',
             'neurons': [<gameplay.Neuron object at 0x7ffb7a3c8e10>,
                         <gameplay.Neuron object at 0x7ffb7a3c8e80>,
                         <gameplay.Neuron object at 0x7ffb7a3c8ba8>,
                         <gameplay.Neuron object at 0x7ffb7a3c8c18>,
                         <gameplay.Neuron object at 0x7ffb7a3c8c50>],
             'num_neurons': 5,
             'weights': [[0.483500172854773,
                          0.48254419151476297,
                          0.5203505201495783,
                          0.4843254550041495,
                          0.4942881136764814,
                          0.5156869789344346],
                         [0.5182670256568721,
                          0.5255354333078032,
                          0.4700396546199438,
                          0.5024905320633288,
                          0.49697554541870653,
                          0.5094712712857365],
                         [0.5042424344325536,
                          0.5044858041892166,
                          0.5004379567332037,
                          0.5006441576636057,
                          0.5276461326859824,
                          0.5010281416474363],
                         [0.4913554810688099,
                          0.4750984943670538,
                          0.5142287481649691,
                          0.49132242676169813,
                          0.4820535728321114,
                          0.48995073683269197],
                         [0.5102359595073527,
                          0.5128183354482225,
                          0.48741472768410254,
                          0.505698387360418,
                          0.5020045246463184,
                          0.4918953607743991],
                         [0.48347804325021865,
                          0.5120684618532303,
                          0.5021470722701346,
                          0.4763193985853917,
                          0.4958600724843092,
                          0.47602795838556633]]}]}
load_tensorflow_graph: path = tensorflow/mario-model-simple-2019-07-17/frozen_inference_graph.pb
object_detection_graph = <tensorflow.python.framework.ops.Graph object at 0x7ffb7a3c8f98>
Doing start sequence
Sleeping one second
sending start
sending empty
Found black world screen for the second time. exiting.



Seconds left: 377
Moves to the right: 64
frame count: 117
time start:  1568165070.976061,   time_now: 1568165083.54406
