pygame 1.9.6
Hello from the pygame community. https://www.pygame.org/contribute.html
Loading neural net from gameplay_neural_nets/36/6.nn
net = {'generation': 32,
 'inputs': [],
 'layers': [{'activation': 'sigmoid',
             'bias': [-0.014021463200386244,
                      0.0380818457569034,
                      -0.03900961160789203,
                      -0.02497961741366805,
                      0.01237281654615218,
                      0.02442771716965523,
                      -0.008234008423405709,
                      -0.010821824493300231],
             'name': 'input',
             'neurons': [],
             'num_neurons': 8,
             'weights': [[0.44394179049108856,
                          0.49675493987343,
                          0.5120139355145459,
                          0.49586610566752237,
                          0.5023699666316453,
                          0.47334317004379617,
                          0.5029777411697897,
                          0.495302111485841,
                          0.4938616934458684,
                          0.5319377096645422],
                         [0.4904854542503382,
                          0.4850162663132216,
                          0.5183837269429371,
                          0.5158510931431061,
                          0.5162924572802242,
                          0.49483343067921076,
                          0.474147307786957,
                          0.4626436174740658,
                          0.5311082437989652,
                          0.5321081502322194],
                         [0.5359910187978152,
                          0.507803616822714,
                          0.5091730734831414,
                          0.5021389060264424,
                          0.467059008500031,
                          0.490419453523532,
                          0.5178461188499149,
                          0.47108320945344645,
                          0.498689720036645,
                          0.5186623034161485],
                         [0.5049683861499688,
                          0.4846105979828073,
                          0.49377134506485193,
                          0.45115185670960684,
                          0.46748922803320847,
                          0.502975907657061,
                          0.5306539616022259,
                          0.4649839188441312,
                          0.5072482610964004,
                          0.5129947178525307],
                         [0.4954505022859413,
                          0.5222293740699403,
                          0.49104436583507277,
                          0.49984416194820586,
                          0.5079855569999945,
                          0.5124629077963561,
                          0.5271068346358991,
                          0.5108352070036126,
                          0.500878638735525,
                          0.5226816800528838],
                         [0.48171811662164365,
                          0.520478275832946,
                          0.49004311259673694,
                          0.5288389258030741,
                          0.5087589241677037,
                          0.4822889313051556,
                          0.5564218778649266,
                          0.4772374755230252,
                          0.509711138797115,
                          0.4532398212797208],
                         [0.5329300433037049,
                          0.5101609838368413,
                          0.5316049307948187,
                          0.5199918803075723,
                          0.48991219895096355,
                          0.49399401902590945,
                          0.5027756992392183,
                          0.5094295735775495,
                          0.5110237708095652,
                          0.483983307487058],
                         [0.4786080233866319,
                          0.505440795182671,
                          0.4932671120132266,
                          0.5301828474358101,
                          0.49537788393678195,
                          0.497261106840349,
                          0.4730306226532767,
                          0.48395273702497515,
                          0.46512273591245545,
                          0.5021926749339634]]},
            {'activation': 'sigmoid',
             'bias': [-0.02542702032923764,
                      -0.00818890301553589,
                      -0.034843894644809845,
                      0.009443689088828281,
                      0.0012404413681823875,
                      -0.038215514654009915],
             'name': 'hidden1',
             'neurons': [],
             'num_neurons': 6,
             'weights': [[0.5072041246147496,
                          0.4799485626367571,
                          0.4907329646560439,
                          0.4669257292406847,
                          0.5239976142177468,
                          0.49363275006102225,
                          0.4898263983759127,
                          0.519092364095894],
                         [0.5056427340706009,
                          0.5262118513491599,
                          0.5131548242148399,
                          0.5173935188888559,
                          0.45321772549803313,
                          0.5253613020134005,
                          0.4685285111220381,
                          0.5097678644432351],
                         [0.4970789706551573,
                          0.5104691989326927,
                          0.5216470290065203,
                          0.5129786662225622,
                          0.5242062268320821,
                          0.5312681241937554,
                          0.5125334281284749,
                          0.5096069050644326],
                         [0.5144748974561033,
                          0.47655705596531966,
                          0.5005664044606836,
                          0.5016358116272535,
                          0.47953019797305646,
                          0.5324423581726782,
                          0.467548643580075,
                          0.5094489198307306],
                         [0.4826210074203616,
                          0.5486552495516169,
                          0.5097614527425854,
                          0.5028809528203712,
                          0.4906563258479516,
                          0.5213063354269752,
                          0.5107239008163567,
                          0.4953327612254949],
                         [0.46934926574781316,
                          0.47312340817716225,
                          0.48725094873149205,
                          0.47687262478827164,
                          0.4817537614795589,
                          0.47412162358235244,
                          0.47230705352074637,
                          0.4969571501246915],
                         [0.4789193908970704,
                          0.4732010347276479,
                          0.5266042308328633,
                          0.4946244703436824,
                          0.47822433861527697,
                          0.4929820793000303,
                          0.54169961016011,
                          0.49110075474200626],
                         [0.5149947291380497,
                          0.5092170601534618,
                          0.49613662478219894,
                          0.5197836194363453,
                          0.519462249214262,
                          0.4664555747169444,
                          0.4996060834715756,
                          0.47573107515581775]]},
            {'activation': 'sigmoid',
             'bias': [-0.015275684004761422,
                      0.011727247272869355,
                      0.0063117137040905715,
                      0.006377262531523141,
                      0.03516301952261615],
             'name': 'output',
             'neurons': [],
             'num_neurons': 5,
             'weights': [[0.483500172854773,
                          0.4899177414002188,
                          0.5242993948033232,
                          0.490886409203714,
                          0.4942881136764814,
                          0.5076298946236437],
                         [0.5182670256568721,
                          0.5255354333078032,
                          0.4656960053158136,
                          0.5023275212674038,
                          0.49697554541870653,
                          0.5085633975182604],
                         [0.5042424344325536,
                          0.4974139704254625,
                          0.5031288403367475,
                          0.5006441576636057,
                          0.5303407234898498,
                          0.4939737649849427],
                         [0.4972825637265352,
                          0.47599727283855414,
                          0.5241917450691365,
                          0.49132242676169813,
                          0.4812748144449864,
                          0.4813716615469485],
                         [0.5179480448755158,
                          0.5128183354482225,
                          0.48741472768410254,
                          0.5118624319916589,
                          0.4977024901625496,
                          0.4901807352763139],
                         [0.4802413664946967,
                          0.515560170144082,
                          0.5095074636021069,
                          0.4763193985853917,
                          0.4958600724843092,
                          0.4780219942346604]]}]}
{'generation': 32,
 'inputs': [],
 'layers': [{'activation': 'sigmoid',
             'bias': [-0.014021463200386244,
                      0.0380818457569034,
                      -0.03900961160789203,
                      -0.02497961741366805,
                      0.01237281654615218,
                      0.02442771716965523,
                      -0.008234008423405709,
                      -0.010821824493300231],
             'name': 'input',
             'neurons': [<gameplay.Neuron object at 0x7fb5bcc7e860>,
                         <gameplay.Neuron object at 0x7fb5bcc7e828>,
                         <gameplay.Neuron object at 0x7fb5bcc7e240>,
                         <gameplay.Neuron object at 0x7fb5bcc7eb70>,
                         <gameplay.Neuron object at 0x7fb5bcc7ec18>,
                         <gameplay.Neuron object at 0x7fb5bcc7eba8>,
                         <gameplay.Neuron object at 0x7fb5bcc7ecc0>,
                         <gameplay.Neuron object at 0x7fb5bcc7ecf8>],
             'num_neurons': 8,
             'weights': [[0.44394179049108856,
                          0.49675493987343,
                          0.5120139355145459,
                          0.49586610566752237,
                          0.5023699666316453,
                          0.47334317004379617,
                          0.5029777411697897,
                          0.495302111485841,
                          0.4938616934458684,
                          0.5319377096645422],
                         [0.4904854542503382,
                          0.4850162663132216,
                          0.5183837269429371,
                          0.5158510931431061,
                          0.5162924572802242,
                          0.49483343067921076,
                          0.474147307786957,
                          0.4626436174740658,
                          0.5311082437989652,
                          0.5321081502322194],
                         [0.5359910187978152,
                          0.507803616822714,
                          0.5091730734831414,
                          0.5021389060264424,
                          0.467059008500031,
                          0.490419453523532,
                          0.5178461188499149,
                          0.47108320945344645,
                          0.498689720036645,
                          0.5186623034161485],
                         [0.5049683861499688,
                          0.4846105979828073,
                          0.49377134506485193,
                          0.45115185670960684,
                          0.46748922803320847,
                          0.502975907657061,
                          0.5306539616022259,
                          0.4649839188441312,
                          0.5072482610964004,
                          0.5129947178525307],
                         [0.4954505022859413,
                          0.5222293740699403,
                          0.49104436583507277,
                          0.49984416194820586,
                          0.5079855569999945,
                          0.5124629077963561,
                          0.5271068346358991,
                          0.5108352070036126,
                          0.500878638735525,
                          0.5226816800528838],
                         [0.48171811662164365,
                          0.520478275832946,
                          0.49004311259673694,
                          0.5288389258030741,
                          0.5087589241677037,
                          0.4822889313051556,
                          0.5564218778649266,
                          0.4772374755230252,
                          0.509711138797115,
                          0.4532398212797208],
                         [0.5329300433037049,
                          0.5101609838368413,
                          0.5316049307948187,
                          0.5199918803075723,
                          0.48991219895096355,
                          0.49399401902590945,
                          0.5027756992392183,
                          0.5094295735775495,
                          0.5110237708095652,
                          0.483983307487058],
                         [0.4786080233866319,
                          0.505440795182671,
                          0.4932671120132266,
                          0.5301828474358101,
                          0.49537788393678195,
                          0.497261106840349,
                          0.4730306226532767,
                          0.48395273702497515,
                          0.46512273591245545,
                          0.5021926749339634]]},
            {'activation': 'sigmoid',
             'bias': [-0.02542702032923764,
                      -0.00818890301553589,
                      -0.034843894644809845,
                      0.009443689088828281,
                      0.0012404413681823875,
                      -0.038215514654009915],
             'name': 'hidden1',
             'neurons': [<gameplay.Neuron object at 0x7fb5bcc7ed30>,
                         <gameplay.Neuron object at 0x7fb5bcc7ed68>,
                         <gameplay.Neuron object at 0x7fb5bcc7edd8>,
                         <gameplay.Neuron object at 0x7fb5bcc7eda0>,
                         <gameplay.Neuron object at 0x7fb5bcc7ee10>,
                         <gameplay.Neuron object at 0x7fb5bcc7ee80>],
             'num_neurons': 6,
             'weights': [[0.5072041246147496,
                          0.4799485626367571,
                          0.4907329646560439,
                          0.4669257292406847,
                          0.5239976142177468,
                          0.49363275006102225,
                          0.4898263983759127,
                          0.519092364095894],
                         [0.5056427340706009,
                          0.5262118513491599,
                          0.5131548242148399,
                          0.5173935188888559,
                          0.45321772549803313,
                          0.5253613020134005,
                          0.4685285111220381,
                          0.5097678644432351],
                         [0.4970789706551573,
                          0.5104691989326927,
                          0.5216470290065203,
                          0.5129786662225622,
                          0.5242062268320821,
                          0.5312681241937554,
                          0.5125334281284749,
                          0.5096069050644326],
                         [0.5144748974561033,
                          0.47655705596531966,
                          0.5005664044606836,
                          0.5016358116272535,
                          0.47953019797305646,
                          0.5324423581726782,
                          0.467548643580075,
                          0.5094489198307306],
                         [0.4826210074203616,
                          0.5486552495516169,
                          0.5097614527425854,
                          0.5028809528203712,
                          0.4906563258479516,
                          0.5213063354269752,
                          0.5107239008163567,
                          0.4953327612254949],
                         [0.46934926574781316,
                          0.47312340817716225,
                          0.48725094873149205,
                          0.47687262478827164,
                          0.4817537614795589,
                          0.47412162358235244,
                          0.47230705352074637,
                          0.4969571501246915],
                         [0.4789193908970704,
                          0.4732010347276479,
                          0.5266042308328633,
                          0.4946244703436824,
                          0.47822433861527697,
                          0.4929820793000303,
                          0.54169961016011,
                          0.49110075474200626],
                         [0.5149947291380497,
                          0.5092170601534618,
                          0.49613662478219894,
                          0.5197836194363453,
                          0.519462249214262,
                          0.4664555747169444,
                          0.4996060834715756,
                          0.47573107515581775]]},
            {'activation': 'sigmoid',
             'bias': [-0.015275684004761422,
                      0.011727247272869355,
                      0.0063117137040905715,
                      0.006377262531523141,
                      0.03516301952261615],
             'name': 'output',
             'neurons': [<gameplay.Neuron object at 0x7fb5bcc7ee48>,
                         <gameplay.Neuron object at 0x7fb5bcc7eeb8>,
                         <gameplay.Neuron object at 0x7fb5bcc7ebe0>,
                         <gameplay.Neuron object at 0x7fb5bcc7ec50>,
                         <gameplay.Neuron object at 0x7fb5bcc7ec88>],
             'num_neurons': 5,
             'weights': [[0.483500172854773,
                          0.4899177414002188,
                          0.5242993948033232,
                          0.490886409203714,
                          0.4942881136764814,
                          0.5076298946236437],
                         [0.5182670256568721,
                          0.5255354333078032,
                          0.4656960053158136,
                          0.5023275212674038,
                          0.49697554541870653,
                          0.5085633975182604],
                         [0.5042424344325536,
                          0.4974139704254625,
                          0.5031288403367475,
                          0.5006441576636057,
                          0.5303407234898498,
                          0.4939737649849427],
                         [0.4972825637265352,
                          0.47599727283855414,
                          0.5241917450691365,
                          0.49132242676169813,
                          0.4812748144449864,
                          0.4813716615469485],
                         [0.5179480448755158,
                          0.5128183354482225,
                          0.48741472768410254,
                          0.5118624319916589,
                          0.4977024901625496,
                          0.4901807352763139],
                         [0.4802413664946967,
                          0.515560170144082,
                          0.5095074636021069,
                          0.4763193985853917,
                          0.4958600724843092,
                          0.4780219942346604]]}]}
load_tensorflow_graph: path = tensorflow/mario-model-simple-2019-07-17/frozen_inference_graph.pb
object_detection_graph = <tensorflow.python.framework.ops.Graph object at 0x7fb5bcc7ef98>
Doing start sequence
Sleeping one second
sending start
sending empty
Found black world screen for the second time. exiting.



Seconds left: 355
Moves to the right: 106
frame count: 197
time start:  1568165152.4671087,   time_now: 1568165172.792909
