pygame 1.9.6
Hello from the pygame community. https://www.pygame.org/contribute.html
Loading neural net from gameplay_neural_nets/31/5.nn
net = {'generation': 28,
 'inputs': [],
 'layers': [{'activation': 'sigmoid',
             'bias': [0.005553707561330546,
                      0.0012246745843677367,
                      0.026652392304535838,
                      0.004612356341381589,
                      0.015185485374939002,
                      -0.014525606259422792,
                      0.012071942749992239,
                      -0.019626559438616673],
             'name': 'input',
             'neurons': [],
             'num_neurons': 8,
             'weights': [[0.39744198678345594,
                          0.4034420741024024,
                          0.10960478499962631,
                          0.13041080028685575,
                          0.11871281305286391,
                          0.09455917657240909,
                          0.09927693251538688,
                          0.11845684187472255,
                          0.0862496853868367,
                          0.08902783464650264],
                         [0.3858757871919972,
                          0.4189041228640579,
                          0.10637555818898971,
                          0.10851290477774478,
                          0.08863371495335376,
                          0.08735790093159007,
                          0.09145798673100373,
                          0.08766281771472934,
                          0.10125194283769412,
                          0.09122501886274223],
                         [0.3867109934186622,
                          0.41293397249846764,
                          0.1100783700189475,
                          0.08134717308780602,
                          0.08328650722205119,
                          0.09709428467101097,
                          0.08020195267443664,
                          0.0893290990366733,
                          0.10791282884206169,
                          0.09661800530330267],
                         [0.39164624014073895,
                          0.3867972544127694,
                          0.09416813287356843,
                          0.10156693649010448,
                          0.09112043452050664,
                          0.10924544506489063,
                          0.09430251205112998,
                          0.10177848885994137,
                          0.08243604147721244,
                          0.11138049500549342],
                         [0.3892382246276223,
                          0.4013214244535427,
                          0.08885208720905471,
                          0.11382060304094535,
                          0.09146860289034175,
                          0.09455699169767752,
                          0.10165938614929614,
                          0.13314326173062022,
                          0.09323974537742219,
                          0.097932241528712],
                         [0.36663688720366233,
                          0.39491231584054937,
                          0.08324230858501548,
                          0.09887544088641974,
                          0.12054008499779947,
                          0.10517264918992898,
                          0.116335821329896,
                          0.1071416042390736,
                          0.10096621750041836,
                          0.1207824193639299],
                         [0.3877457236813253,
                          0.3955275075957854,
                          0.10486083722561429,
                          0.07703190354157789,
                          0.10529070021891301,
                          0.0983795072978506,
                          0.10937468505304036,
                          0.1209517244894495,
                          0.10236731232628926,
                          0.060502544044331315],
                         [0.39752460020009905,
                          0.40987655292395153,
                          0.10605843417169598,
                          0.08294180650733192,
                          0.11505794258928496,
                          0.09529425854757675,
                          0.08857685596329752,
                          0.1295578553379224,
                          0.07560149491675547,
                          0.09801523254110076]]},
            {'activation': 'sigmoid',
             'bias': [-0.015439042317928475,
                      0.018104158478976097,
                      0.01565438890704919,
                      0.022518181984392063,
                      0.026107497731937213],
             'name': 'output',
             'neurons': [],
             'num_neurons': 5,
             'weights': [[0.08611673884853713,
                          0.0924356343273541,
                          0.08378274925820191,
                          0.0836551902914643,
                          0.11355318742194843,
                          0.11209363914433612,
                          0.11775721149959656,
                          0.07579004759274574],
                         [0.08278390510443422,
                          0.10762351539349552,
                          0.09518353875021791,
                          0.11492445092804415,
                          0.10250434048537789,
                          0.09506988252044059,
                          0.0775783369258331,
                          0.1241163932885679],
                         [0.11607265872286374,
                          0.08361781528382708,
                          0.1083681013742307,
                          0.10250316360774417,
                          0.09686526019437498,
                          0.09363931173792232,
                          0.10261679664857914,
                          0.1056657271794289],
                         [0.09952950469322945,
                          0.07509238001842343,
                          0.10838280216763382,
                          0.09291954673016468,
                          0.10170670620673695,
                          0.10673387938613303,
                          0.11869431055918184,
                          0.104353654517388],
                         [0.11445979430092625,
                          0.08441446805193849,
                          0.12935120848606724,
                          0.0798060988460265,
                          0.13673037848995942,
                          0.07868688580890962,
                          0.1006087082102936,
                          0.0996178333035462],
                         [0.10426974137847532,
                          0.09007865796707462,
                          0.11952044742812956,
                          0.10141324873719047,
                          0.08380237947544197,
                          0.11483858053071665,
                          0.09496826881047908,
                          0.09141654422151994]]}]}
{'generation': 28,
 'inputs': [],
 'layers': [{'activation': 'sigmoid',
             'bias': [0.005553707561330546,
                      0.0012246745843677367,
                      0.026652392304535838,
                      0.004612356341381589,
                      0.015185485374939002,
                      -0.014525606259422792,
                      0.012071942749992239,
                      -0.019626559438616673],
             'name': 'input',
             'neurons': [<gameplay.Neuron object at 0x7fc899df3860>,
                         <gameplay.Neuron object at 0x7fc899df3828>,
                         <gameplay.Neuron object at 0x7fc899df3240>,
                         <gameplay.Neuron object at 0x7fc899df3b00>,
                         <gameplay.Neuron object at 0x7fc899df3ba8>,
                         <gameplay.Neuron object at 0x7fc899df3b38>,
                         <gameplay.Neuron object at 0x7fc899df3c88>,
                         <gameplay.Neuron object at 0x7fc899df3c50>],
             'num_neurons': 8,
             'weights': [[0.39744198678345594,
                          0.4034420741024024,
                          0.10960478499962631,
                          0.13041080028685575,
                          0.11871281305286391,
                          0.09455917657240909,
                          0.09927693251538688,
                          0.11845684187472255,
                          0.0862496853868367,
                          0.08902783464650264],
                         [0.3858757871919972,
                          0.4189041228640579,
                          0.10637555818898971,
                          0.10851290477774478,
                          0.08863371495335376,
                          0.08735790093159007,
                          0.09145798673100373,
                          0.08766281771472934,
                          0.10125194283769412,
                          0.09122501886274223],
                         [0.3867109934186622,
                          0.41293397249846764,
                          0.1100783700189475,
                          0.08134717308780602,
                          0.08328650722205119,
                          0.09709428467101097,
                          0.08020195267443664,
                          0.0893290990366733,
                          0.10791282884206169,
                          0.09661800530330267],
                         [0.39164624014073895,
                          0.3867972544127694,
                          0.09416813287356843,
                          0.10156693649010448,
                          0.09112043452050664,
                          0.10924544506489063,
                          0.09430251205112998,
                          0.10177848885994137,
                          0.08243604147721244,
                          0.11138049500549342],
                         [0.3892382246276223,
                          0.4013214244535427,
                          0.08885208720905471,
                          0.11382060304094535,
                          0.09146860289034175,
                          0.09455699169767752,
                          0.10165938614929614,
                          0.13314326173062022,
                          0.09323974537742219,
                          0.097932241528712],
                         [0.36663688720366233,
                          0.39491231584054937,
                          0.08324230858501548,
                          0.09887544088641974,
                          0.12054008499779947,
                          0.10517264918992898,
                          0.116335821329896,
                          0.1071416042390736,
                          0.10096621750041836,
                          0.1207824193639299],
                         [0.3877457236813253,
                          0.3955275075957854,
                          0.10486083722561429,
                          0.07703190354157789,
                          0.10529070021891301,
                          0.0983795072978506,
                          0.10937468505304036,
                          0.1209517244894495,
                          0.10236731232628926,
                          0.060502544044331315],
                         [0.39752460020009905,
                          0.40987655292395153,
                          0.10605843417169598,
                          0.08294180650733192,
                          0.11505794258928496,
                          0.09529425854757675,
                          0.08857685596329752,
                          0.1295578553379224,
                          0.07560149491675547,
                          0.09801523254110076]]},
            {'activation': 'sigmoid',
             'bias': [-0.015439042317928475,
                      0.018104158478976097,
                      0.01565438890704919,
                      0.022518181984392063,
                      0.026107497731937213],
             'name': 'output',
             'neurons': [<gameplay.Neuron object at 0x7fc899df3cc0>,
                         <gameplay.Neuron object at 0x7fc899df3cf8>,
                         <gameplay.Neuron object at 0x7fc899df3d68>,
                         <gameplay.Neuron object at 0x7fc899df3d30>,
                         <gameplay.Neuron object at 0x7fc899df3da0>],
             'num_neurons': 5,
             'weights': [[0.08611673884853713,
                          0.0924356343273541,
                          0.08378274925820191,
                          0.0836551902914643,
                          0.11355318742194843,
                          0.11209363914433612,
                          0.11775721149959656,
                          0.07579004759274574],
                         [0.08278390510443422,
                          0.10762351539349552,
                          0.09518353875021791,
                          0.11492445092804415,
                          0.10250434048537789,
                          0.09506988252044059,
                          0.0775783369258331,
                          0.1241163932885679],
                         [0.11607265872286374,
                          0.08361781528382708,
                          0.1083681013742307,
                          0.10250316360774417,
                          0.09686526019437498,
                          0.09363931173792232,
                          0.10261679664857914,
                          0.1056657271794289],
                         [0.09952950469322945,
                          0.07509238001842343,
                          0.10838280216763382,
                          0.09291954673016468,
                          0.10170670620673695,
                          0.10673387938613303,
                          0.11869431055918184,
                          0.104353654517388],
                         [0.11445979430092625,
                          0.08441446805193849,
                          0.12935120848606724,
                          0.0798060988460265,
                          0.13673037848995942,
                          0.07868688580890962,
                          0.1006087082102936,
                          0.0996178333035462],
                         [0.10426974137847532,
                          0.09007865796707462,
                          0.11952044742812956,
                          0.10141324873719047,
                          0.08380237947544197,
                          0.11483858053071665,
                          0.09496826881047908,
                          0.09141654422151994]]}]}
load_tensorflow_graph: path = tensorflow/mario-model-simple-2019-07-17/frozen_inference_graph.pb
object_detection_graph = <tensorflow.python.framework.ops.Graph object at 0x7fc899df3e48>
Doing start sequence
Sleeping one second
sending start
sending empty
Found black world screen for the second time. exiting.



Seconds left: 393
Moves to the right: 23
