pygame 1.9.6
Hello from the pygame community. https://www.pygame.org/contribute.html
Loading neural net from gameplay_neural_nets/31/8.nn
net = {'generation': 28,
 'inputs': [],
 'layers': [{'activation': 'sigmoid',
             'bias': [0.011036069586264729,
                      -0.008530890267187412,
                      0.026652392304535838,
                      0.004612356341381589,
                      0.016855663673766945,
                      -0.014525606259422792,
                      0.012071942749992239,
                      -0.028987871969037612],
             'name': 'input',
             'neurons': [],
             'num_neurons': 8,
             'weights': [[0.39744198678345594,
                          0.3986811774774795,
                          0.10960478499962631,
                          0.13041080028685575,
                          0.11871281305286391,
                          0.09455917657240909,
                          0.09927693251538688,
                          0.11845684187472255,
                          0.08117533582972684,
                          0.08902783464650264],
                         [0.3858757871919972,
                          0.41252058913681783,
                          0.10637555818898971,
                          0.1113437490579694,
                          0.09339480531126364,
                          0.08761154821007054,
                          0.09145798673100373,
                          0.09560714899971468,
                          0.10125194283769412,
                          0.09903176851961762],
                         [0.3867109934186622,
                          0.41293397249846764,
                          0.1100783700189475,
                          0.08134717308780602,
                          0.0745364389164277,
                          0.10581995148662926,
                          0.08020195267443664,
                          0.0893290990366733,
                          0.10791282884206169,
                          0.09661800530330267],
                         [0.39164624014073895,
                          0.3867972544127694,
                          0.09213054042074044,
                          0.11178186296696038,
                          0.0943406509516584,
                          0.10924544506489063,
                          0.09430251205112998,
                          0.10217932449175154,
                          0.07992061912113552,
                          0.11138049500549342],
                         [0.39373218400875776,
                          0.4013214244535427,
                          0.08076354882126553,
                          0.11553760135266812,
                          0.08489266323480346,
                          0.09455699169767752,
                          0.10165938614929614,
                          0.128843135871719,
                          0.09677074778577217,
                          0.097932241528712],
                         [0.36663688720366233,
                          0.39760321274872484,
                          0.08324230858501548,
                          0.10378328292617803,
                          0.12054008499779947,
                          0.10517264918992898,
                          0.116335821329896,
                          0.1071416042390736,
                          0.10096621750041836,
                          0.1207824193639299],
                         [0.3877457236813253,
                          0.3955275075957854,
                          0.10486083722561429,
                          0.07443979300715493,
                          0.10529070021891301,
                          0.0983795072978506,
                          0.11148732053204467,
                          0.1209517244894495,
                          0.10236731232628926,
                          0.060502544044331315],
                         [0.3887894069856672,
                          0.40987655292395153,
                          0.10452824324427926,
                          0.08294180650733192,
                          0.11505794258928496,
                          0.08669137370595696,
                          0.08857685596329752,
                          0.12611771005372002,
                          0.08391230074873497,
                          0.09801523254110076]]},
            {'activation': 'sigmoid',
             'bias': [-0.015439042317928475,
                      0.012170263695347287,
                      0.024414192770902517,
                      0.022518181984392063,
                      0.02441375342995995],
             'name': 'output',
             'neurons': [],
             'num_neurons': 5,
             'weights': [[0.09017808574712004,
                          0.0924356343273541,
                          0.08378274925820191,
                          0.07353619341888745,
                          0.11355318742194843,
                          0.11209363914433612,
                          0.10849359689941784,
                          0.08541850702254716],
                         [0.08278390510443422,
                          0.10762351539349552,
                          0.09518353875021791,
                          0.11949500236136948,
                          0.10250434048537789,
                          0.09506988252044059,
                          0.08569888755206871,
                          0.12551074082437746],
                         [0.11607265872286374,
                          0.08361781528382708,
                          0.1083681013742307,
                          0.10250316360774417,
                          0.09686526019437498,
                          0.10192375533268361,
                          0.10755758081084817,
                          0.1056657271794289],
                         [0.09952950469322945,
                          0.06610435229911663,
                          0.10512247969128771,
                          0.09291954673016468,
                          0.10170670620673695,
                          0.10739851754438534,
                          0.11869431055918184,
                          0.11082343259092164],
                         [0.10333446157232895,
                          0.08441446805193849,
                          0.1269554916617879,
                          0.07521358572929839,
                          0.13673037848995942,
                          0.08783718418117098,
                          0.1006087082102936,
                          0.0996178333035462],
                         [0.10426974137847532,
                          0.09007865796707462,
                          0.11952044742812956,
                          0.10141324873719047,
                          0.08890071435789933,
                          0.12765841740904735,
                          0.09496826881047908,
                          0.09178805119445915]]}]}
{'generation': 28,
 'inputs': [],
 'layers': [{'activation': 'sigmoid',
             'bias': [0.011036069586264729,
                      -0.008530890267187412,
                      0.026652392304535838,
                      0.004612356341381589,
                      0.016855663673766945,
                      -0.014525606259422792,
                      0.012071942749992239,
                      -0.028987871969037612],
             'name': 'input',
             'neurons': [<gameplay.Neuron object at 0x7f1296622898>,
                         <gameplay.Neuron object at 0x7f1296622860>,
                         <gameplay.Neuron object at 0x7f1296622278>,
                         <gameplay.Neuron object at 0x7f1296622b38>,
                         <gameplay.Neuron object at 0x7f1296622be0>,
                         <gameplay.Neuron object at 0x7f1296622b70>,
                         <gameplay.Neuron object at 0x7f1296622cc0>,
                         <gameplay.Neuron object at 0x7f1296622c88>],
             'num_neurons': 8,
             'weights': [[0.39744198678345594,
                          0.3986811774774795,
                          0.10960478499962631,
                          0.13041080028685575,
                          0.11871281305286391,
                          0.09455917657240909,
                          0.09927693251538688,
                          0.11845684187472255,
                          0.08117533582972684,
                          0.08902783464650264],
                         [0.3858757871919972,
                          0.41252058913681783,
                          0.10637555818898971,
                          0.1113437490579694,
                          0.09339480531126364,
                          0.08761154821007054,
                          0.09145798673100373,
                          0.09560714899971468,
                          0.10125194283769412,
                          0.09903176851961762],
                         [0.3867109934186622,
                          0.41293397249846764,
                          0.1100783700189475,
                          0.08134717308780602,
                          0.0745364389164277,
                          0.10581995148662926,
                          0.08020195267443664,
                          0.0893290990366733,
                          0.10791282884206169,
                          0.09661800530330267],
                         [0.39164624014073895,
                          0.3867972544127694,
                          0.09213054042074044,
                          0.11178186296696038,
                          0.0943406509516584,
                          0.10924544506489063,
                          0.09430251205112998,
                          0.10217932449175154,
                          0.07992061912113552,
                          0.11138049500549342],
                         [0.39373218400875776,
                          0.4013214244535427,
                          0.08076354882126553,
                          0.11553760135266812,
                          0.08489266323480346,
                          0.09455699169767752,
                          0.10165938614929614,
                          0.128843135871719,
                          0.09677074778577217,
                          0.097932241528712],
                         [0.36663688720366233,
                          0.39760321274872484,
                          0.08324230858501548,
                          0.10378328292617803,
                          0.12054008499779947,
                          0.10517264918992898,
                          0.116335821329896,
                          0.1071416042390736,
                          0.10096621750041836,
                          0.1207824193639299],
                         [0.3877457236813253,
                          0.3955275075957854,
                          0.10486083722561429,
                          0.07443979300715493,
                          0.10529070021891301,
                          0.0983795072978506,
                          0.11148732053204467,
                          0.1209517244894495,
                          0.10236731232628926,
                          0.060502544044331315],
                         [0.3887894069856672,
                          0.40987655292395153,
                          0.10452824324427926,
                          0.08294180650733192,
                          0.11505794258928496,
                          0.08669137370595696,
                          0.08857685596329752,
                          0.12611771005372002,
                          0.08391230074873497,
                          0.09801523254110076]]},
            {'activation': 'sigmoid',
             'bias': [-0.015439042317928475,
                      0.012170263695347287,
                      0.024414192770902517,
                      0.022518181984392063,
                      0.02441375342995995],
             'name': 'output',
             'neurons': [<gameplay.Neuron object at 0x7f1296622cf8>,
                         <gameplay.Neuron object at 0x7f1296622d30>,
                         <gameplay.Neuron object at 0x7f1296622da0>,
                         <gameplay.Neuron object at 0x7f1296622d68>,
                         <gameplay.Neuron object at 0x7f1296622dd8>],
             'num_neurons': 5,
             'weights': [[0.09017808574712004,
                          0.0924356343273541,
                          0.08378274925820191,
                          0.07353619341888745,
                          0.11355318742194843,
                          0.11209363914433612,
                          0.10849359689941784,
                          0.08541850702254716],
                         [0.08278390510443422,
                          0.10762351539349552,
                          0.09518353875021791,
                          0.11949500236136948,
                          0.10250434048537789,
                          0.09506988252044059,
                          0.08569888755206871,
                          0.12551074082437746],
                         [0.11607265872286374,
                          0.08361781528382708,
                          0.1083681013742307,
                          0.10250316360774417,
                          0.09686526019437498,
                          0.10192375533268361,
                          0.10755758081084817,
                          0.1056657271794289],
                         [0.09952950469322945,
                          0.06610435229911663,
                          0.10512247969128771,
                          0.09291954673016468,
                          0.10170670620673695,
                          0.10739851754438534,
                          0.11869431055918184,
                          0.11082343259092164],
                         [0.10333446157232895,
                          0.08441446805193849,
                          0.1269554916617879,
                          0.07521358572929839,
                          0.13673037848995942,
                          0.08783718418117098,
                          0.1006087082102936,
                          0.0996178333035462],
                         [0.10426974137847532,
                          0.09007865796707462,
                          0.11952044742812956,
                          0.10141324873719047,
                          0.08890071435789933,
                          0.12765841740904735,
                          0.09496826881047908,
                          0.09178805119445915]]}]}
load_tensorflow_graph: path = tensorflow/mario-model-simple-2019-07-17/frozen_inference_graph.pb
object_detection_graph = <tensorflow.python.framework.ops.Graph object at 0x7f1296622e80>
Doing start sequence
Sleeping one second
sending start
sending empty
Found black world screen for the second time. exiting.



Seconds left: 393
Moves to the right: 24
