pygame 1.9.6
Hello from the pygame community. https://www.pygame.org/contribute.html
Loading neural net from gameplay_neural_nets/66/3.nn
net = {'generation': 61,
 'inputs': [],
 'layers': [{'activation': 'sigmoid',
             'bias': [0.01588677800230314,
                      -0.013930688324724346,
                      0.005732302121586225,
                      -0.027307551068131222,
                      0.022746430017647687,
                      -0.03411813940355818,
                      0.0025382025950507897,
                      -0.02351020011142419],
             'name': 'input',
             'neurons': [],
             'num_neurons': 8,
             'weights': [[0.37829439393249736,
                          0.3977118511646068,
                          0.11444045119983927,
                          0.13156897760372505,
                          0.10986724301567748,
                          0.08560258003214938,
                          0.10776721288126538,
                          0.11011966026813513,
                          0.09621922022697678,
                          0.09373107117111262],
                         [0.3685052385614203,
                          0.3813118925950652,
                          0.10149211574448498,
                          0.0990519925690675,
                          0.09248250573582642,
                          0.08610263078793642,
                          0.11079908822923985,
                          0.0868558991935834,
                          0.10379646298848591,
                          0.11928466830233064],
                         [0.36924393444960535,
                          0.4329430794962622,
                          0.09987958832014697,
                          0.08334767396113829,
                          0.1120143741417619,
                          0.10882278974165667,
                          0.09681547473086602,
                          0.09279777405338463,
                          0.11999042642244442,
                          0.09138782068620988],
                         [0.407034497807641,
                          0.4055208418941509,
                          0.10331679258346384,
                          0.10901247359069678,
                          0.0779955958094068,
                          0.10899535144703885,
                          0.09187069294590627,
                          0.10682240684395795,
                          0.07460585538390888,
                          0.1105050024518491],
                         [0.3839498860887671,
                          0.40007152815017877,
                          0.05210024429515266,
                          0.11731205827286859,
                          0.09250235781218191,
                          0.11889856289028734,
                          0.11070648851969843,
                          0.12442522301186255,
                          0.08841939121916305,
                          0.0691214511651125],
                         [0.3589364329007303,
                          0.3994881861772267,
                          0.07209399899966082,
                          0.11152041561830484,
                          0.10733891452937994,
                          0.0843784112822679,
                          0.10008190810250849,
                          0.10016782580242811,
                          0.12159803670227769,
                          0.10978090040985913],
                         [0.3971987715052674,
                          0.379073466806708,
                          0.11951122271341312,
                          0.0481963337003397,
                          0.114336656351438,
                          0.08679392250814724,
                          0.09067804163875563,
                          0.12066818196857328,
                          0.09789284928002874,
                          0.08418531571900577],
                         [0.40657267841493444,
                          0.4140290128311247,
                          0.06405372788374536,
                          0.07009659836801592,
                          0.11960972483873629,
                          0.06210239357957002,
                          0.06734883016829181,
                          0.14646598266274283,
                          0.0893766675554222,
                          0.08395835706650763]]},
            {'activation': 'sigmoid',
             'bias': [-0.018785206945570544,
                      0.027104558962656945,
                      0.008536859559638814,
                      0.0034123019815099197,
                      0.024946040244860974],
             'name': 'output',
             'neurons': [],
             'num_neurons': 5,
             'weights': [[0.06965726204275506,
                          0.0878001858456932,
                          0.10916374383103553,
                          0.06708883454587451,
                          0.1030630687764186,
                          0.12804258842654104,
                          0.13034773377342562,
                          0.09168090788446434],
                         [0.06821201694907761,
                          0.07372015858910437,
                          0.06192263191827048,
                          0.13948819443689936,
                          0.0768295096615311,
                          0.09246871088105192,
                          0.07793416483166672,
                          0.15153693657984763],
                         [0.10477903015496974,
                          0.08111568517623136,
                          0.12123522645591026,
                          0.09457787909741834,
                          0.09616508905939132,
                          0.09653070441685958,
                          0.1266273432575061,
                          0.07883805572129263],
                         [0.10361672909030413,
                          0.07305397475190109,
                          0.10912661579026721,
                          0.06778847567871392,
                          0.11687462319117747,
                          0.11874454518416284,
                          0.10550967686213421,
                          0.09987963484130377],
                         [0.11837189699353864,
                          0.09703801582688407,
                          0.12078185756028674,
                          0.06805661040273576,
                          0.14766894845760822,
                          0.11548829590528432,
                          0.10083436774805508,
                          0.09170927788042978],
                         [0.10268066301362339,
                          0.11889010410559335,
                          0.11883526094040281,
                          0.09758211604432361,
                          0.07510050457980293,
                          0.1120578236916154,
                          0.09084516138495577,
                          0.10796607943048558]]}]}
{'generation': 61,
 'inputs': [],
 'layers': [{'activation': 'sigmoid',
             'bias': [0.01588677800230314,
                      -0.013930688324724346,
                      0.005732302121586225,
                      -0.027307551068131222,
                      0.022746430017647687,
                      -0.03411813940355818,
                      0.0025382025950507897,
                      -0.02351020011142419],
             'name': 'input',
             'neurons': [<gameplay.Neuron object at 0x7fc4ca14e860>,
                         <gameplay.Neuron object at 0x7fc4ca14e828>,
                         <gameplay.Neuron object at 0x7fc4ca14e240>,
                         <gameplay.Neuron object at 0x7fc4ca14eb00>,
                         <gameplay.Neuron object at 0x7fc4ca14eba8>,
                         <gameplay.Neuron object at 0x7fc4ca14eb38>,
                         <gameplay.Neuron object at 0x7fc4ca14ec88>,
                         <gameplay.Neuron object at 0x7fc4ca14ec50>],
             'num_neurons': 8,
             'weights': [[0.37829439393249736,
                          0.3977118511646068,
                          0.11444045119983927,
                          0.13156897760372505,
                          0.10986724301567748,
                          0.08560258003214938,
                          0.10776721288126538,
                          0.11011966026813513,
                          0.09621922022697678,
                          0.09373107117111262],
                         [0.3685052385614203,
                          0.3813118925950652,
                          0.10149211574448498,
                          0.0990519925690675,
                          0.09248250573582642,
                          0.08610263078793642,
                          0.11079908822923985,
                          0.0868558991935834,
                          0.10379646298848591,
                          0.11928466830233064],
                         [0.36924393444960535,
                          0.4329430794962622,
                          0.09987958832014697,
                          0.08334767396113829,
                          0.1120143741417619,
                          0.10882278974165667,
                          0.09681547473086602,
                          0.09279777405338463,
                          0.11999042642244442,
                          0.09138782068620988],
                         [0.407034497807641,
                          0.4055208418941509,
                          0.10331679258346384,
                          0.10901247359069678,
                          0.0779955958094068,
                          0.10899535144703885,
                          0.09187069294590627,
                          0.10682240684395795,
                          0.07460585538390888,
                          0.1105050024518491],
                         [0.3839498860887671,
                          0.40007152815017877,
                          0.05210024429515266,
                          0.11731205827286859,
                          0.09250235781218191,
                          0.11889856289028734,
                          0.11070648851969843,
                          0.12442522301186255,
                          0.08841939121916305,
                          0.0691214511651125],
                         [0.3589364329007303,
                          0.3994881861772267,
                          0.07209399899966082,
                          0.11152041561830484,
                          0.10733891452937994,
                          0.0843784112822679,
                          0.10008190810250849,
                          0.10016782580242811,
                          0.12159803670227769,
                          0.10978090040985913],
                         [0.3971987715052674,
                          0.379073466806708,
                          0.11951122271341312,
                          0.0481963337003397,
                          0.114336656351438,
                          0.08679392250814724,
                          0.09067804163875563,
                          0.12066818196857328,
                          0.09789284928002874,
                          0.08418531571900577],
                         [0.40657267841493444,
                          0.4140290128311247,
                          0.06405372788374536,
                          0.07009659836801592,
                          0.11960972483873629,
                          0.06210239357957002,
                          0.06734883016829181,
                          0.14646598266274283,
                          0.0893766675554222,
                          0.08395835706650763]]},
            {'activation': 'sigmoid',
             'bias': [-0.018785206945570544,
                      0.027104558962656945,
                      0.008536859559638814,
                      0.0034123019815099197,
                      0.024946040244860974],
             'name': 'output',
             'neurons': [<gameplay.Neuron object at 0x7fc4ca14ecc0>,
                         <gameplay.Neuron object at 0x7fc4ca14ecf8>,
                         <gameplay.Neuron object at 0x7fc4ca14ed68>,
                         <gameplay.Neuron object at 0x7fc4ca14ed30>,
                         <gameplay.Neuron object at 0x7fc4ca14eda0>],
             'num_neurons': 5,
             'weights': [[0.06965726204275506,
                          0.0878001858456932,
                          0.10916374383103553,
                          0.06708883454587451,
                          0.1030630687764186,
                          0.12804258842654104,
                          0.13034773377342562,
                          0.09168090788446434],
                         [0.06821201694907761,
                          0.07372015858910437,
                          0.06192263191827048,
                          0.13948819443689936,
                          0.0768295096615311,
                          0.09246871088105192,
                          0.07793416483166672,
                          0.15153693657984763],
                         [0.10477903015496974,
                          0.08111568517623136,
                          0.12123522645591026,
                          0.09457787909741834,
                          0.09616508905939132,
                          0.09653070441685958,
                          0.1266273432575061,
                          0.07883805572129263],
                         [0.10361672909030413,
                          0.07305397475190109,
                          0.10912661579026721,
                          0.06778847567871392,
                          0.11687462319117747,
                          0.11874454518416284,
                          0.10550967686213421,
                          0.09987963484130377],
                         [0.11837189699353864,
                          0.09703801582688407,
                          0.12078185756028674,
                          0.06805661040273576,
                          0.14766894845760822,
                          0.11548829590528432,
                          0.10083436774805508,
                          0.09170927788042978],
                         [0.10268066301362339,
                          0.11889010410559335,
                          0.11883526094040281,
                          0.09758211604432361,
                          0.07510050457980293,
                          0.1120578236916154,
                          0.09084516138495577,
                          0.10796607943048558]]}]}
load_tensorflow_graph: path = tensorflow/mario-model-simple-2019-07-17/frozen_inference_graph.pb
object_detection_graph = <tensorflow.python.framework.ops.Graph object at 0x7fc4ca14ee48>
Doing start sequence
Sleeping one second
sending start
sending empty
Found black world screen for the second time. exiting.



Seconds left: 378
Moves to the right: 41
