pygame 1.9.6
Hello from the pygame community. https://www.pygame.org/contribute.html
Loading neural net from gameplay_neural_nets/66/5.nn
net = {'generation': 61,
 'inputs': [],
 'layers': [{'activation': 'sigmoid',
             'bias': [0.01678655380315621,
                      -0.022255902725512776,
                      0.005732302121586225,
                      -0.027307551068131222,
                      0.022746430017647687,
                      -0.022821383793148027,
                      0.010179661769484812,
                      -0.02351020011142419],
             'name': 'input',
             'neurons': [],
             'num_neurons': 8,
             'weights': [[0.3705843541901567,
                          0.4045635212458027,
                          0.11444045119983927,
                          0.13156897760372505,
                          0.10986724301567748,
                          0.08838013343134699,
                          0.10005644466592625,
                          0.11011966026813513,
                          0.09621922022697678,
                          0.10362501682891354],
                         [0.3772409964096858,
                          0.3813118925950652,
                          0.10149211574448498,
                          0.09544272030462367,
                          0.09484903875390183,
                          0.08610263078793642,
                          0.11079908822923985,
                          0.0868558991935834,
                          0.10379646298848591,
                          0.11928466830233064],
                         [0.36924393444960535,
                          0.4329430794962622,
                          0.09987958832014697,
                          0.08334767396113829,
                          0.1166396501025671,
                          0.10882278974165667,
                          0.09681547473086602,
                          0.09279777405338463,
                          0.1183761066414672,
                          0.09138782068620988],
                         [0.40708214273517107,
                          0.4055208418941509,
                          0.10331679258346384,
                          0.10901247359069678,
                          0.0779955958094068,
                          0.10899535144703885,
                          0.0955862093694325,
                          0.11335697494955965,
                          0.07395573572681069,
                          0.11985989300044615],
                         [0.3839498860887671,
                          0.40007152815017877,
                          0.05537179039838335,
                          0.11731205827286859,
                          0.09145653348118633,
                          0.11889856289028734,
                          0.11070648851969843,
                          0.12442522301186255,
                          0.08841939121916305,
                          0.0691214511651125],
                         [0.3589364329007303,
                          0.40748330829873614,
                          0.07209399899966082,
                          0.10383665713907003,
                          0.10733891452937994,
                          0.0843784112822679,
                          0.10311500257896065,
                          0.1099837239371414,
                          0.12159803670227769,
                          0.10978090040985913],
                         [0.3971987715052674,
                          0.379073466806708,
                          0.11951122271341312,
                          0.057850973763987235,
                          0.114336656351438,
                          0.08679392250814724,
                          0.09067804163875563,
                          0.12066818196857328,
                          0.09789284928002874,
                          0.07614165441979051],
                         [0.40657267841493444,
                          0.4140290128311247,
                          0.06405372788374536,
                          0.07009659836801592,
                          0.11762760946255482,
                          0.06210239357957002,
                          0.06734883016829181,
                          0.14646598266274283,
                          0.0893766675554222,
                          0.08395835706650763]]},
            {'activation': 'sigmoid',
             'bias': [-0.018785206945570544,
                      0.027104558962656945,
                      0.013274785394225972,
                      0.004784864738893698,
                      0.022218625706103126],
             'name': 'output',
             'neurons': [],
             'num_neurons': 5,
             'weights': [[0.07255918926706874,
                          0.08280303735041164,
                          0.10512316091695909,
                          0.0754759622572187,
                          0.1030630687764186,
                          0.12804258842654104,
                          0.13034773377342562,
                          0.09168090788446434],
                         [0.06821201694907761,
                          0.07372015858910437,
                          0.07123522632088602,
                          0.14780207714519134,
                          0.0768295096615311,
                          0.0851170753985076,
                          0.07793416483166672,
                          0.15153693657984763],
                         [0.10477903015496974,
                          0.08111568517623136,
                          0.12123522645591026,
                          0.09457787909741834,
                          0.09616508905939132,
                          0.11140658668377401,
                          0.13365550470536636,
                          0.07883805572129263],
                         [0.10361672909030413,
                          0.07305397475190109,
                          0.10912661579026721,
                          0.06778847567871392,
                          0.11687462319117747,
                          0.11959068842217667,
                          0.10550967686213421,
                          0.09987963484130377],
                         [0.11837189699353864,
                          0.10563309642911606,
                          0.129426518295585,
                          0.06805661040273576,
                          0.14930999505073456,
                          0.11548829590528432,
                          0.10083436774805508,
                          0.09848215947908795],
                         [0.0980856612567651,
                          0.12043316969600028,
                          0.11883526094040281,
                          0.08945082664258465,
                          0.07510050457980293,
                          0.1120578236916154,
                          0.08320668953530956,
                          0.10796607943048558]]}]}
{'generation': 61,
 'inputs': [],
 'layers': [{'activation': 'sigmoid',
             'bias': [0.01678655380315621,
                      -0.022255902725512776,
                      0.005732302121586225,
                      -0.027307551068131222,
                      0.022746430017647687,
                      -0.022821383793148027,
                      0.010179661769484812,
                      -0.02351020011142419],
             'name': 'input',
             'neurons': [<gameplay.Neuron object at 0x7f7750895898>,
                         <gameplay.Neuron object at 0x7f7750895860>,
                         <gameplay.Neuron object at 0x7f7750895278>,
                         <gameplay.Neuron object at 0x7f7750895b38>,
                         <gameplay.Neuron object at 0x7f7750895be0>,
                         <gameplay.Neuron object at 0x7f7750895b70>,
                         <gameplay.Neuron object at 0x7f7750895cc0>,
                         <gameplay.Neuron object at 0x7f7750895c88>],
             'num_neurons': 8,
             'weights': [[0.3705843541901567,
                          0.4045635212458027,
                          0.11444045119983927,
                          0.13156897760372505,
                          0.10986724301567748,
                          0.08838013343134699,
                          0.10005644466592625,
                          0.11011966026813513,
                          0.09621922022697678,
                          0.10362501682891354],
                         [0.3772409964096858,
                          0.3813118925950652,
                          0.10149211574448498,
                          0.09544272030462367,
                          0.09484903875390183,
                          0.08610263078793642,
                          0.11079908822923985,
                          0.0868558991935834,
                          0.10379646298848591,
                          0.11928466830233064],
                         [0.36924393444960535,
                          0.4329430794962622,
                          0.09987958832014697,
                          0.08334767396113829,
                          0.1166396501025671,
                          0.10882278974165667,
                          0.09681547473086602,
                          0.09279777405338463,
                          0.1183761066414672,
                          0.09138782068620988],
                         [0.40708214273517107,
                          0.4055208418941509,
                          0.10331679258346384,
                          0.10901247359069678,
                          0.0779955958094068,
                          0.10899535144703885,
                          0.0955862093694325,
                          0.11335697494955965,
                          0.07395573572681069,
                          0.11985989300044615],
                         [0.3839498860887671,
                          0.40007152815017877,
                          0.05537179039838335,
                          0.11731205827286859,
                          0.09145653348118633,
                          0.11889856289028734,
                          0.11070648851969843,
                          0.12442522301186255,
                          0.08841939121916305,
                          0.0691214511651125],
                         [0.3589364329007303,
                          0.40748330829873614,
                          0.07209399899966082,
                          0.10383665713907003,
                          0.10733891452937994,
                          0.0843784112822679,
                          0.10311500257896065,
                          0.1099837239371414,
                          0.12159803670227769,
                          0.10978090040985913],
                         [0.3971987715052674,
                          0.379073466806708,
                          0.11951122271341312,
                          0.057850973763987235,
                          0.114336656351438,
                          0.08679392250814724,
                          0.09067804163875563,
                          0.12066818196857328,
                          0.09789284928002874,
                          0.07614165441979051],
                         [0.40657267841493444,
                          0.4140290128311247,
                          0.06405372788374536,
                          0.07009659836801592,
                          0.11762760946255482,
                          0.06210239357957002,
                          0.06734883016829181,
                          0.14646598266274283,
                          0.0893766675554222,
                          0.08395835706650763]]},
            {'activation': 'sigmoid',
             'bias': [-0.018785206945570544,
                      0.027104558962656945,
                      0.013274785394225972,
                      0.004784864738893698,
                      0.022218625706103126],
             'name': 'output',
             'neurons': [<gameplay.Neuron object at 0x7f7750895cf8>,
                         <gameplay.Neuron object at 0x7f7750895d30>,
                         <gameplay.Neuron object at 0x7f7750895da0>,
                         <gameplay.Neuron object at 0x7f7750895d68>,
                         <gameplay.Neuron object at 0x7f7750895dd8>],
             'num_neurons': 5,
             'weights': [[0.07255918926706874,
                          0.08280303735041164,
                          0.10512316091695909,
                          0.0754759622572187,
                          0.1030630687764186,
                          0.12804258842654104,
                          0.13034773377342562,
                          0.09168090788446434],
                         [0.06821201694907761,
                          0.07372015858910437,
                          0.07123522632088602,
                          0.14780207714519134,
                          0.0768295096615311,
                          0.0851170753985076,
                          0.07793416483166672,
                          0.15153693657984763],
                         [0.10477903015496974,
                          0.08111568517623136,
                          0.12123522645591026,
                          0.09457787909741834,
                          0.09616508905939132,
                          0.11140658668377401,
                          0.13365550470536636,
                          0.07883805572129263],
                         [0.10361672909030413,
                          0.07305397475190109,
                          0.10912661579026721,
                          0.06778847567871392,
                          0.11687462319117747,
                          0.11959068842217667,
                          0.10550967686213421,
                          0.09987963484130377],
                         [0.11837189699353864,
                          0.10563309642911606,
                          0.129426518295585,
                          0.06805661040273576,
                          0.14930999505073456,
                          0.11548829590528432,
                          0.10083436774805508,
                          0.09848215947908795],
                         [0.0980856612567651,
                          0.12043316969600028,
                          0.11883526094040281,
                          0.08945082664258465,
                          0.07510050457980293,
                          0.1120578236916154,
                          0.08320668953530956,
                          0.10796607943048558]]}]}
load_tensorflow_graph: path = tensorflow/mario-model-simple-2019-07-17/frozen_inference_graph.pb
object_detection_graph = <tensorflow.python.framework.ops.Graph object at 0x7f7750895e80>
Doing start sequence
Sleeping one second
sending start
sending empty
Found black world screen for the second time. exiting.



Seconds left: 392
Moves to the right: 19
