pygame 1.9.6
Hello from the pygame community. https://www.pygame.org/contribute.html
Loading neural net from gameplay_neural_nets/66/9.nn
net = {'generation': 61,
 'inputs': [],
 'layers': [{'activation': 'sigmoid',
             'bias': [0.01678655380315621,
                      -0.013930688324724346,
                      0.005732302121586225,
                      -0.027307551068131222,
                      0.026652234208827008,
                      -0.022193722700243945,
                      0.010179661769484812,
                      -0.02351020011142419],
             'name': 'input',
             'neurons': [],
             'num_neurons': 8,
             'weights': [[0.36144953356507964,
                          0.3977118511646068,
                          0.11444045119983927,
                          0.13156897760372505,
                          0.10986724301567748,
                          0.08838013343134699,
                          0.10005644466592625,
                          0.11304883419652237,
                          0.095777299536333,
                          0.10039723153951322],
                         [0.3772409964096858,
                          0.3813118925950652,
                          0.10025181835728274,
                          0.0990519925690675,
                          0.09248250573582642,
                          0.08610263078793642,
                          0.11079908822923985,
                          0.0868558991935834,
                          0.10379646298848591,
                          0.11928466830233064],
                         [0.36924393444960535,
                          0.4329430794962622,
                          0.09987958832014697,
                          0.08334767396113829,
                          0.1166396501025671,
                          0.10882278974165667,
                          0.09681547473086602,
                          0.09279777405338463,
                          0.11999042642244442,
                          0.09997388873238579],
                         [0.407034497807641,
                          0.41301723405853275,
                          0.10331679258346384,
                          0.10901247359069678,
                          0.0779955958094068,
                          0.10899535144703885,
                          0.0955862093694325,
                          0.11335697494955965,
                          0.07395573572681069,
                          0.11985989300044615],
                         [0.3839498860887671,
                          0.3999855467365714,
                          0.05537179039838335,
                          0.11731205827286859,
                          0.09145653348118633,
                          0.11889856289028734,
                          0.11070648851969843,
                          0.12442522301186255,
                          0.08841939121916305,
                          0.0674401046942588],
                         [0.3589364329007303,
                          0.3994881861772267,
                          0.07483698166750236,
                          0.10797423464676835,
                          0.10733891452937994,
                          0.0843784112822679,
                          0.10008190810250849,
                          0.1099837239371414,
                          0.12598279922405825,
                          0.10978090040985913],
                         [0.3971987715052674,
                          0.379073466806708,
                          0.11951122271341312,
                          0.057850973763987235,
                          0.114336656351438,
                          0.08679392250814724,
                          0.08897206412499951,
                          0.12066818196857328,
                          0.09549972471436534,
                          0.07614165441979051],
                         [0.40657267841493444,
                          0.414051286915385,
                          0.06405372788374536,
                          0.07009659836801592,
                          0.11960972483873629,
                          0.06210239357957002,
                          0.06734883016829181,
                          0.14646598266274283,
                          0.0893766675554222,
                          0.07402798901348355]]},
            {'activation': 'sigmoid',
             'bias': [-0.018785206945570544,
                      0.027104558962656945,
                      0.008536859559638814,
                      0.0034123019815099197,
                      0.024946040244860974],
             'name': 'output',
             'neurons': [],
             'num_neurons': 5,
             'weights': [[0.07643109219979309,
                          0.0878001858456932,
                          0.10512316091695909,
                          0.06043350490585352,
                          0.1030630687764186,
                          0.12143511821325477,
                          0.13034773377342562,
                          0.09168090788446434],
                         [0.06845316015567465,
                          0.07372015858910437,
                          0.07123522632088602,
                          0.13948819443689936,
                          0.0768295096615311,
                          0.0851170753985076,
                          0.07793416483166672,
                          0.15153693657984763],
                         [0.10477903015496974,
                          0.08111568517623136,
                          0.12123522645591026,
                          0.09318767348383365,
                          0.09616508905939132,
                          0.10639357448400007,
                          0.12544391130937674,
                          0.07556668629958418],
                         [0.10361672909030413,
                          0.07305397475190109,
                          0.10912661579026721,
                          0.07168481748373899,
                          0.11687462319117747,
                          0.11874454518416284,
                          0.10550967686213421,
                          0.09987963484130377],
                         [0.11837189699353864,
                          0.09703801582688407,
                          0.129426518295585,
                          0.07146889767700522,
                          0.14766894845760822,
                          0.11548829590528432,
                          0.10083436774805508,
                          0.09170927788042978],
                         [0.0980856612567651,
                          0.11310903195174847,
                          0.11148446576260046,
                          0.09758211604432361,
                          0.07510050457980293,
                          0.1120578236916154,
                          0.08690186301277672,
                          0.10327836616597982]]}]}
{'generation': 61,
 'inputs': [],
 'layers': [{'activation': 'sigmoid',
             'bias': [0.01678655380315621,
                      -0.013930688324724346,
                      0.005732302121586225,
                      -0.027307551068131222,
                      0.026652234208827008,
                      -0.022193722700243945,
                      0.010179661769484812,
                      -0.02351020011142419],
             'name': 'input',
             'neurons': [<gameplay.Neuron object at 0x7f24d3251828>,
                         <gameplay.Neuron object at 0x7f24d32517f0>,
                         <gameplay.Neuron object at 0x7f24d3251208>,
                         <gameplay.Neuron object at 0x7f24d3251ac8>,
                         <gameplay.Neuron object at 0x7f24d3251b70>,
                         <gameplay.Neuron object at 0x7f24d3251b00>,
                         <gameplay.Neuron object at 0x7f24d3251c50>,
                         <gameplay.Neuron object at 0x7f24d3251c18>],
             'num_neurons': 8,
             'weights': [[0.36144953356507964,
                          0.3977118511646068,
                          0.11444045119983927,
                          0.13156897760372505,
                          0.10986724301567748,
                          0.08838013343134699,
                          0.10005644466592625,
                          0.11304883419652237,
                          0.095777299536333,
                          0.10039723153951322],
                         [0.3772409964096858,
                          0.3813118925950652,
                          0.10025181835728274,
                          0.0990519925690675,
                          0.09248250573582642,
                          0.08610263078793642,
                          0.11079908822923985,
                          0.0868558991935834,
                          0.10379646298848591,
                          0.11928466830233064],
                         [0.36924393444960535,
                          0.4329430794962622,
                          0.09987958832014697,
                          0.08334767396113829,
                          0.1166396501025671,
                          0.10882278974165667,
                          0.09681547473086602,
                          0.09279777405338463,
                          0.11999042642244442,
                          0.09997388873238579],
                         [0.407034497807641,
                          0.41301723405853275,
                          0.10331679258346384,
                          0.10901247359069678,
                          0.0779955958094068,
                          0.10899535144703885,
                          0.0955862093694325,
                          0.11335697494955965,
                          0.07395573572681069,
                          0.11985989300044615],
                         [0.3839498860887671,
                          0.3999855467365714,
                          0.05537179039838335,
                          0.11731205827286859,
                          0.09145653348118633,
                          0.11889856289028734,
                          0.11070648851969843,
                          0.12442522301186255,
                          0.08841939121916305,
                          0.0674401046942588],
                         [0.3589364329007303,
                          0.3994881861772267,
                          0.07483698166750236,
                          0.10797423464676835,
                          0.10733891452937994,
                          0.0843784112822679,
                          0.10008190810250849,
                          0.1099837239371414,
                          0.12598279922405825,
                          0.10978090040985913],
                         [0.3971987715052674,
                          0.379073466806708,
                          0.11951122271341312,
                          0.057850973763987235,
                          0.114336656351438,
                          0.08679392250814724,
                          0.08897206412499951,
                          0.12066818196857328,
                          0.09549972471436534,
                          0.07614165441979051],
                         [0.40657267841493444,
                          0.414051286915385,
                          0.06405372788374536,
                          0.07009659836801592,
                          0.11960972483873629,
                          0.06210239357957002,
                          0.06734883016829181,
                          0.14646598266274283,
                          0.0893766675554222,
                          0.07402798901348355]]},
            {'activation': 'sigmoid',
             'bias': [-0.018785206945570544,
                      0.027104558962656945,
                      0.008536859559638814,
                      0.0034123019815099197,
                      0.024946040244860974],
             'name': 'output',
             'neurons': [<gameplay.Neuron object at 0x7f24d3251c88>,
                         <gameplay.Neuron object at 0x7f24d3251cc0>,
                         <gameplay.Neuron object at 0x7f24d3251d30>,
                         <gameplay.Neuron object at 0x7f24d3251cf8>,
                         <gameplay.Neuron object at 0x7f24d3251d68>],
             'num_neurons': 5,
             'weights': [[0.07643109219979309,
                          0.0878001858456932,
                          0.10512316091695909,
                          0.06043350490585352,
                          0.1030630687764186,
                          0.12143511821325477,
                          0.13034773377342562,
                          0.09168090788446434],
                         [0.06845316015567465,
                          0.07372015858910437,
                          0.07123522632088602,
                          0.13948819443689936,
                          0.0768295096615311,
                          0.0851170753985076,
                          0.07793416483166672,
                          0.15153693657984763],
                         [0.10477903015496974,
                          0.08111568517623136,
                          0.12123522645591026,
                          0.09318767348383365,
                          0.09616508905939132,
                          0.10639357448400007,
                          0.12544391130937674,
                          0.07556668629958418],
                         [0.10361672909030413,
                          0.07305397475190109,
                          0.10912661579026721,
                          0.07168481748373899,
                          0.11687462319117747,
                          0.11874454518416284,
                          0.10550967686213421,
                          0.09987963484130377],
                         [0.11837189699353864,
                          0.09703801582688407,
                          0.129426518295585,
                          0.07146889767700522,
                          0.14766894845760822,
                          0.11548829590528432,
                          0.10083436774805508,
                          0.09170927788042978],
                         [0.0980856612567651,
                          0.11310903195174847,
                          0.11148446576260046,
                          0.09758211604432361,
                          0.07510050457980293,
                          0.1120578236916154,
                          0.08690186301277672,
                          0.10327836616597982]]}]}
load_tensorflow_graph: path = tensorflow/mario-model-simple-2019-07-17/frozen_inference_graph.pb
object_detection_graph = <tensorflow.python.framework.ops.Graph object at 0x7f24d3251e10>
Doing start sequence
Sleeping one second
sending start
sending empty
Found black world screen for the second time. exiting.



Seconds left: 393
Moves to the right: 18
