pygame 1.9.6
Hello from the pygame community. https://www.pygame.org/contribute.html
Loading neural net from gameplay_neural_nets/48/10.nn
net = {'generation': 44,
 'inputs': [],
 'layers': [{'activation': 'sigmoid',
             'bias': [0.013670123489995746,
                      -0.012543362226338572,
                      0.016675188894489164,
                      -0.018608158155419306,
                      0.019348844965115377,
                      -0.01665295058889957,
                      0.010179661769484812,
                      -0.01912482327039372],
             'name': 'input',
             'neurons': [],
             'num_neurons': 8,
             'weights': [[0.3705491365814347,
                          0.4064260001925598,
                          0.11280524277164777,
                          0.10822916564487907,
                          0.11906588086890994,
                          0.08534467234255624,
                          0.10848693915859309,
                          0.11011966026813513,
                          0.09636676164833241,
                          0.07716319475332795],
                         [0.3831423734263994,
                          0.416757895373356,
                          0.11192044102746287,
                          0.10030117998743227,
                          0.0968544485832479,
                          0.09569663368749298,
                          0.1053342369266809,
                          0.09393541649809192,
                          0.09803555564518837,
                          0.1037590655680979],
                         [0.3715265402720702,
                          0.430267690315151,
                          0.11025155524352767,
                          0.08532889601794172,
                          0.09960836834272194,
                          0.10975148996541147,
                          0.08130292351978678,
                          0.08520549147723899,
                          0.11043264327746047,
                          0.09984700770535737],
                         [0.4028637656031844,
                          0.38325873022285695,
                          0.0954146920469446,
                          0.09657902742749679,
                          0.08132156818277043,
                          0.0955109309347024,
                          0.10382941578869904,
                          0.11946485217395718,
                          0.06740442978360102,
                          0.10669480360420007],
                         [0.36913910971844727,
                          0.4013214244535427,
                          0.07527485279389017,
                          0.11678656938672713,
                          0.085517619681286,
                          0.10512130460214514,
                          0.10107899740200671,
                          0.13039399291048734,
                          0.08746615937704313,
                          0.09328530905907043],
                         [0.3589819629628623,
                          0.4039444530608778,
                          0.06018125878145351,
                          0.08769843855056905,
                          0.1239724967199852,
                          0.09757720426249392,
                          0.10519670558428089,
                          0.11044327829374181,
                          0.10763761600922736,
                          0.11983045605416391],
                         [0.39552004374060873,
                          0.3807234897295632,
                          0.11804822254846571,
                          0.057850973763987235,
                          0.11138625750117745,
                          0.09050527538399637,
                          0.0936382607700845,
                          0.10190388745769946,
                          0.09718579830529395,
                          0.056702093890922595],
                         [0.4053114463630824,
                          0.41195231646149716,
                          0.0930143458927812,
                          0.06041111994175179,
                          0.1224284357494545,
                          0.0808791668204716,
                          0.09027773571948389,
                          0.14671479798905418,
                          0.08624501171250293,
                          0.08880029805001541]]},
            {'activation': 'sigmoid',
             'bias': [-0.02143831555128587,
                      0.03129400117220296,
                      0.00894808193474356,
                      0.025132302757422002,
                      0.021579576927750102],
             'name': 'output',
             'neurons': [],
             'num_neurons': 5,
             'weights': [[0.0810710499293628,
                          0.08857014599575233,
                          0.10106853160763361,
                          0.08103251020757687,
                          0.10033069565391224,
                          0.12537465489010735,
                          0.12280238665205104,
                          0.09168090788446434],
                         [0.07451416363672851,
                          0.07559886722056491,
                          0.07558226161585022,
                          0.13455295092042394,
                          0.110773196458944,
                          0.09355113839672613,
                          0.08742002860614398,
                          0.13266977959890952],
                         [0.10456987891272918,
                          0.08795838561289683,
                          0.11137994487540691,
                          0.09627263480633302,
                          0.09686526019437498,
                          0.10370628845678172,
                          0.10929279235413542,
                          0.09315853977279623],
                         [0.10248330601485128,
                          0.05724962583538749,
                          0.11447096797287465,
                          0.10045194077743898,
                          0.11349719474518875,
                          0.11265421584575003,
                          0.11416602777594251,
                          0.09987963484130377],
                         [0.11457711913722968,
                          0.09549210411285011,
                          0.13876758129621106,
                          0.0692984812385782,
                          0.1426358195340176,
                          0.10721187621434639,
                          0.10231153612338212,
                          0.10385825443541027],
                         [0.09778857631027933,
                          0.10675938927146078,
                          0.12382232852564415,
                          0.10106779544775511,
                          0.07510050457980293,
                          0.12725049483682754,
                          0.10022955721281818,
                          0.10470983115988092]]}]}
{'generation': 44,
 'inputs': [],
 'layers': [{'activation': 'sigmoid',
             'bias': [0.013670123489995746,
                      -0.012543362226338572,
                      0.016675188894489164,
                      -0.018608158155419306,
                      0.019348844965115377,
                      -0.01665295058889957,
                      0.010179661769484812,
                      -0.01912482327039372],
             'name': 'input',
             'neurons': [<gameplay.Neuron object at 0x7f0cba664860>,
                         <gameplay.Neuron object at 0x7f0cba664828>,
                         <gameplay.Neuron object at 0x7f0cba664240>,
                         <gameplay.Neuron object at 0x7f0cba664b00>,
                         <gameplay.Neuron object at 0x7f0cba664ba8>,
                         <gameplay.Neuron object at 0x7f0cba664b38>,
                         <gameplay.Neuron object at 0x7f0cba664c88>,
                         <gameplay.Neuron object at 0x7f0cba664c50>],
             'num_neurons': 8,
             'weights': [[0.3705491365814347,
                          0.4064260001925598,
                          0.11280524277164777,
                          0.10822916564487907,
                          0.11906588086890994,
                          0.08534467234255624,
                          0.10848693915859309,
                          0.11011966026813513,
                          0.09636676164833241,
                          0.07716319475332795],
                         [0.3831423734263994,
                          0.416757895373356,
                          0.11192044102746287,
                          0.10030117998743227,
                          0.0968544485832479,
                          0.09569663368749298,
                          0.1053342369266809,
                          0.09393541649809192,
                          0.09803555564518837,
                          0.1037590655680979],
                         [0.3715265402720702,
                          0.430267690315151,
                          0.11025155524352767,
                          0.08532889601794172,
                          0.09960836834272194,
                          0.10975148996541147,
                          0.08130292351978678,
                          0.08520549147723899,
                          0.11043264327746047,
                          0.09984700770535737],
                         [0.4028637656031844,
                          0.38325873022285695,
                          0.0954146920469446,
                          0.09657902742749679,
                          0.08132156818277043,
                          0.0955109309347024,
                          0.10382941578869904,
                          0.11946485217395718,
                          0.06740442978360102,
                          0.10669480360420007],
                         [0.36913910971844727,
                          0.4013214244535427,
                          0.07527485279389017,
                          0.11678656938672713,
                          0.085517619681286,
                          0.10512130460214514,
                          0.10107899740200671,
                          0.13039399291048734,
                          0.08746615937704313,
                          0.09328530905907043],
                         [0.3589819629628623,
                          0.4039444530608778,
                          0.06018125878145351,
                          0.08769843855056905,
                          0.1239724967199852,
                          0.09757720426249392,
                          0.10519670558428089,
                          0.11044327829374181,
                          0.10763761600922736,
                          0.11983045605416391],
                         [0.39552004374060873,
                          0.3807234897295632,
                          0.11804822254846571,
                          0.057850973763987235,
                          0.11138625750117745,
                          0.09050527538399637,
                          0.0936382607700845,
                          0.10190388745769946,
                          0.09718579830529395,
                          0.056702093890922595],
                         [0.4053114463630824,
                          0.41195231646149716,
                          0.0930143458927812,
                          0.06041111994175179,
                          0.1224284357494545,
                          0.0808791668204716,
                          0.09027773571948389,
                          0.14671479798905418,
                          0.08624501171250293,
                          0.08880029805001541]]},
            {'activation': 'sigmoid',
             'bias': [-0.02143831555128587,
                      0.03129400117220296,
                      0.00894808193474356,
                      0.025132302757422002,
                      0.021579576927750102],
             'name': 'output',
             'neurons': [<gameplay.Neuron object at 0x7f0cba664cc0>,
                         <gameplay.Neuron object at 0x7f0cba664cf8>,
                         <gameplay.Neuron object at 0x7f0cba664d68>,
                         <gameplay.Neuron object at 0x7f0cba664d30>,
                         <gameplay.Neuron object at 0x7f0cba664da0>],
             'num_neurons': 5,
             'weights': [[0.0810710499293628,
                          0.08857014599575233,
                          0.10106853160763361,
                          0.08103251020757687,
                          0.10033069565391224,
                          0.12537465489010735,
                          0.12280238665205104,
                          0.09168090788446434],
                         [0.07451416363672851,
                          0.07559886722056491,
                          0.07558226161585022,
                          0.13455295092042394,
                          0.110773196458944,
                          0.09355113839672613,
                          0.08742002860614398,
                          0.13266977959890952],
                         [0.10456987891272918,
                          0.08795838561289683,
                          0.11137994487540691,
                          0.09627263480633302,
                          0.09686526019437498,
                          0.10370628845678172,
                          0.10929279235413542,
                          0.09315853977279623],
                         [0.10248330601485128,
                          0.05724962583538749,
                          0.11447096797287465,
                          0.10045194077743898,
                          0.11349719474518875,
                          0.11265421584575003,
                          0.11416602777594251,
                          0.09987963484130377],
                         [0.11457711913722968,
                          0.09549210411285011,
                          0.13876758129621106,
                          0.0692984812385782,
                          0.1426358195340176,
                          0.10721187621434639,
                          0.10231153612338212,
                          0.10385825443541027],
                         [0.09778857631027933,
                          0.10675938927146078,
                          0.12382232852564415,
                          0.10106779544775511,
                          0.07510050457980293,
                          0.12725049483682754,
                          0.10022955721281818,
                          0.10470983115988092]]}]}
load_tensorflow_graph: path = tensorflow/mario-model-simple-2019-07-17/frozen_inference_graph.pb
object_detection_graph = <tensorflow.python.framework.ops.Graph object at 0x7f0cba664e48>
Doing start sequence
Sleeping one second
sending start
sending empty
Found black world screen for the second time. exiting.



Seconds left: 393
Moves to the right: 18
