pygame 1.9.6
Hello from the pygame community. https://www.pygame.org/contribute.html
Loading neural net from gameplay_neural_nets/48/9.nn
net = {'generation': 44,
 'inputs': [],
 'layers': [{'activation': 'sigmoid',
             'bias': [0.013670123489995746,
                      -0.012543362226338572,
                      0.016675188894489164,
                      -0.008755880381194998,
                      0.019348844965115377,
                      -0.01665295058889957,
                      0.010179661769484812,
                      -0.01912482327039372],
             'name': 'input',
             'neurons': [],
             'num_neurons': 8,
             'weights': [[0.3705491365814347,
                          0.3990496864275512,
                          0.11367905117774481,
                          0.10822916564487907,
                          0.1285252771664345,
                          0.08534467234255624,
                          0.10848693915859309,
                          0.11397625743254873,
                          0.09636676164833241,
                          0.07716319475332795],
                         [0.3792702311918261,
                          0.416757895373356,
                          0.11315783906606776,
                          0.10030117998743227,
                          0.10344357488685309,
                          0.0890973359503358,
                          0.10841224783655892,
                          0.09393541649809192,
                          0.09907819530117636,
                          0.1037590655680979],
                         [0.3715265402720702,
                          0.430267690315151,
                          0.11025155524352767,
                          0.08532889601794172,
                          0.09960836834272194,
                          0.10581995148662926,
                          0.08130292351978678,
                          0.08520549147723899,
                          0.10274102871775828,
                          0.09984700770535737],
                         [0.39166429979813994,
                          0.38325873022285695,
                          0.1004081105968094,
                          0.09994767551486697,
                          0.08132156818277043,
                          0.0955109309347024,
                          0.10382941578869904,
                          0.11946485217395718,
                          0.07585112561780832,
                          0.10669480360420007],
                         [0.36715791356753674,
                          0.4013214244535427,
                          0.08037862727806455,
                          0.12398296873602603,
                          0.0880527124082096,
                          0.10512130460214514,
                          0.10107899740200671,
                          0.13039399291048734,
                          0.08746615937704313,
                          0.09328530905907043],
                         [0.3589819629628623,
                          0.4039444530608778,
                          0.06976464735469387,
                          0.09120217476645041,
                          0.11753102523327016,
                          0.09889748240345597,
                          0.10519670558428089,
                          0.10153280253806068,
                          0.10763761600922736,
                          0.11983045605416391],
                         [0.39552004374060873,
                          0.379890913128577,
                          0.10865405238112157,
                          0.057850973763987235,
                          0.10641287669415911,
                          0.09069431516051549,
                          0.0936382607700845,
                          0.1107576206528539,
                          0.09718579830529395,
                          0.056702093890922595],
                         [0.4053114463630824,
                          0.41195231646149716,
                          0.08432102219515966,
                          0.06041111994175179,
                          0.1224284357494545,
                          0.0855337954205675,
                          0.08494853798721885,
                          0.13814548042191746,
                          0.08624501171250293,
                          0.08774655086462702]]},
            {'activation': 'sigmoid',
             'bias': [-0.02143831555128587,
                      0.030860735266356253,
                      0.00894808193474356,
                      0.025132302757422002,
                      0.021579576927750102],
             'name': 'output',
             'neurons': [],
             'num_neurons': 5,
             'weights': [[0.0810710499293628,
                          0.08857014599575233,
                          0.10106853160763361,
                          0.08103251020757687,
                          0.10033069565391224,
                          0.12537465489010735,
                          0.12280238665205104,
                          0.09168090788446434],
                         [0.07451416363672851,
                          0.06695120852478738,
                          0.07558226161585022,
                          0.13455295092042394,
                          0.10241420133750789,
                          0.09804459160728553,
                          0.08742002860614398,
                          0.13266977959890952],
                         [0.10456987891272918,
                          0.08795838561289683,
                          0.11137994487540691,
                          0.09627263480633302,
                          0.09686526019437498,
                          0.10370628845678172,
                          0.10929279235413542,
                          0.09315853977279623],
                         [0.10248330601485128,
                          0.06491436297324733,
                          0.11447096797287465,
                          0.0917071779903168,
                          0.11835576586966962,
                          0.11265421584575003,
                          0.11416602777594251,
                          0.09987963484130377],
                         [0.11457711913722968,
                          0.09549210411285011,
                          0.13876758129621106,
                          0.0692984812385782,
                          0.14430455093919478,
                          0.10721187621434639,
                          0.09724682263958392,
                          0.09482384416483736],
                         [0.09778857631027933,
                          0.10455025401804537,
                          0.12382232852564415,
                          0.10106779544775511,
                          0.07510050457980293,
                          0.13616527157860506,
                          0.10022955721281818,
                          0.10470983115988092]]}]}
{'generation': 44,
 'inputs': [],
 'layers': [{'activation': 'sigmoid',
             'bias': [0.013670123489995746,
                      -0.012543362226338572,
                      0.016675188894489164,
                      -0.008755880381194998,
                      0.019348844965115377,
                      -0.01665295058889957,
                      0.010179661769484812,
                      -0.01912482327039372],
             'name': 'input',
             'neurons': [<gameplay.Neuron object at 0x7f6b0923c7f0>,
                         <gameplay.Neuron object at 0x7f6b0923c7b8>,
                         <gameplay.Neuron object at 0x7f6b0923c1d0>,
                         <gameplay.Neuron object at 0x7f6b0923ca90>,
                         <gameplay.Neuron object at 0x7f6b0923cb38>,
                         <gameplay.Neuron object at 0x7f6b0923cac8>,
                         <gameplay.Neuron object at 0x7f6b0923cc18>,
                         <gameplay.Neuron object at 0x7f6b0923cbe0>],
             'num_neurons': 8,
             'weights': [[0.3705491365814347,
                          0.3990496864275512,
                          0.11367905117774481,
                          0.10822916564487907,
                          0.1285252771664345,
                          0.08534467234255624,
                          0.10848693915859309,
                          0.11397625743254873,
                          0.09636676164833241,
                          0.07716319475332795],
                         [0.3792702311918261,
                          0.416757895373356,
                          0.11315783906606776,
                          0.10030117998743227,
                          0.10344357488685309,
                          0.0890973359503358,
                          0.10841224783655892,
                          0.09393541649809192,
                          0.09907819530117636,
                          0.1037590655680979],
                         [0.3715265402720702,
                          0.430267690315151,
                          0.11025155524352767,
                          0.08532889601794172,
                          0.09960836834272194,
                          0.10581995148662926,
                          0.08130292351978678,
                          0.08520549147723899,
                          0.10274102871775828,
                          0.09984700770535737],
                         [0.39166429979813994,
                          0.38325873022285695,
                          0.1004081105968094,
                          0.09994767551486697,
                          0.08132156818277043,
                          0.0955109309347024,
                          0.10382941578869904,
                          0.11946485217395718,
                          0.07585112561780832,
                          0.10669480360420007],
                         [0.36715791356753674,
                          0.4013214244535427,
                          0.08037862727806455,
                          0.12398296873602603,
                          0.0880527124082096,
                          0.10512130460214514,
                          0.10107899740200671,
                          0.13039399291048734,
                          0.08746615937704313,
                          0.09328530905907043],
                         [0.3589819629628623,
                          0.4039444530608778,
                          0.06976464735469387,
                          0.09120217476645041,
                          0.11753102523327016,
                          0.09889748240345597,
                          0.10519670558428089,
                          0.10153280253806068,
                          0.10763761600922736,
                          0.11983045605416391],
                         [0.39552004374060873,
                          0.379890913128577,
                          0.10865405238112157,
                          0.057850973763987235,
                          0.10641287669415911,
                          0.09069431516051549,
                          0.0936382607700845,
                          0.1107576206528539,
                          0.09718579830529395,
                          0.056702093890922595],
                         [0.4053114463630824,
                          0.41195231646149716,
                          0.08432102219515966,
                          0.06041111994175179,
                          0.1224284357494545,
                          0.0855337954205675,
                          0.08494853798721885,
                          0.13814548042191746,
                          0.08624501171250293,
                          0.08774655086462702]]},
            {'activation': 'sigmoid',
             'bias': [-0.02143831555128587,
                      0.030860735266356253,
                      0.00894808193474356,
                      0.025132302757422002,
                      0.021579576927750102],
             'name': 'output',
             'neurons': [<gameplay.Neuron object at 0x7f6b0923cc50>,
                         <gameplay.Neuron object at 0x7f6b0923cc88>,
                         <gameplay.Neuron object at 0x7f6b0923ccf8>,
                         <gameplay.Neuron object at 0x7f6b0923ccc0>,
                         <gameplay.Neuron object at 0x7f6b0923cd30>],
             'num_neurons': 5,
             'weights': [[0.0810710499293628,
                          0.08857014599575233,
                          0.10106853160763361,
                          0.08103251020757687,
                          0.10033069565391224,
                          0.12537465489010735,
                          0.12280238665205104,
                          0.09168090788446434],
                         [0.07451416363672851,
                          0.06695120852478738,
                          0.07558226161585022,
                          0.13455295092042394,
                          0.10241420133750789,
                          0.09804459160728553,
                          0.08742002860614398,
                          0.13266977959890952],
                         [0.10456987891272918,
                          0.08795838561289683,
                          0.11137994487540691,
                          0.09627263480633302,
                          0.09686526019437498,
                          0.10370628845678172,
                          0.10929279235413542,
                          0.09315853977279623],
                         [0.10248330601485128,
                          0.06491436297324733,
                          0.11447096797287465,
                          0.0917071779903168,
                          0.11835576586966962,
                          0.11265421584575003,
                          0.11416602777594251,
                          0.09987963484130377],
                         [0.11457711913722968,
                          0.09549210411285011,
                          0.13876758129621106,
                          0.0692984812385782,
                          0.14430455093919478,
                          0.10721187621434639,
                          0.09724682263958392,
                          0.09482384416483736],
                         [0.09778857631027933,
                          0.10455025401804537,
                          0.12382232852564415,
                          0.10106779544775511,
                          0.07510050457980293,
                          0.13616527157860506,
                          0.10022955721281818,
                          0.10470983115988092]]}]}
load_tensorflow_graph: path = tensorflow/mario-model-simple-2019-07-17/frozen_inference_graph.pb
object_detection_graph = <tensorflow.python.framework.ops.Graph object at 0x7f6b0923cdd8>
Doing start sequence
Sleeping one second
sending start
sending empty
Found black world screen for the second time. exiting.



Seconds left: 393
Moves to the right: 17
