pygame 1.9.6
Hello from the pygame community. https://www.pygame.org/contribute.html
Loading neural net from gameplay_neural_nets/126/8.nn
net = {'generation': 114,
 'inputs': [],
 'layers': [{'activation': 'sigmoid',
             'bias': [0.010036921872057854,
                      -0.01816049095466407,
                      -0.024674928141566386,
                      -0.024670038765291884,
                      -0.010819906717498594,
                      -0.05410896094537001,
                      0.020617261878761183,
                      -0.016174875587616287],
             'name': 'input',
             'neurons': [],
             'num_neurons': 8,
             'weights': [[0.35338314997233916,
                          0.4247469609808902,
                          0.07356484927786981,
                          0.10958785347832194,
                          0.07889426478186279,
                          0.0935659198847236,
                          0.07771001174137943,
                          0.07877222594815314,
                          0.07312857264261698,
                          0.07526891073412527],
                         [0.3863924998734772,
                          0.36876634081968573,
                          0.09006991296759033,
                          0.09433113175063416,
                          0.11560351783730138,
                          0.05385054948113968,
                          0.11897680563583114,
                          0.10177875463669488,
                          0.11974836764972073,
                          0.12280872764831653],
                         [0.3785291022939487,
                          0.4326011977481946,
                          0.08902245873561447,
                          0.05787175788376005,
                          0.11836762524356781,
                          0.1017859097373351,
                          0.10039728543469544,
                          0.11308541060053874,
                          0.08113365496398414,
                          0.0837055205964655],
                         [0.3610199532520729,
                          0.38882784269314746,
                          0.095480077307458,
                          0.12425830730160806,
                          0.06366827375211953,
                          0.06989026920818787,
                          0.08217322301687822,
                          0.13786165610270862,
                          0.11069959235697766,
                          0.11825381385864774],
                         [0.4014837456460254,
                          0.3877260014635799,
                          0.05971697056937529,
                          0.12242266091620214,
                          0.09896289350159382,
                          0.15576089506634846,
                          0.10905095388410523,
                          0.13648216382546516,
                          0.08402568794170345,
                          0.0630995123126669],
                         [0.3723558872527748,
                          0.4364653907234142,
                          0.07928292555869099,
                          0.07089907885422533,
                          0.11670592428546712,
                          0.0667892725335323,
                          0.1167290716470887,
                          0.11547699828070458,
                          0.10923178188613414,
                          0.1076630275651545],
                         [0.36872746363684783,
                          0.38146846131496853,
                          0.11656999998313254,
                          0.048292237466895274,
                          0.10187416551973334,
                          0.12844783082430056,
                          0.09623124445229499,
                          0.09893730341651512,
                          0.10377221444329097,
                          0.0823276603442372],
                         [0.3838863277737458,
                          0.432943108585987,
                          0.05799225497831515,
                          0.08542250716352025,
                          0.13606081181990878,
                          0.039417638075076755,
                          0.0784395608629305,
                          0.15949300650059303,
                          0.10016402381593709,
                          0.056074113856915554]]},
            {'activation': 'sigmoid',
             'bias': [-0.021467917436725645,
                      0.04937706751479689,
                      -0.008367201713314778,
                      -0.007625219877415374,
                      0.018529385001976803],
             'name': 'output',
             'neurons': [],
             'num_neurons': 5,
             'weights': [[0.06015381002113892,
                          0.10695149983621093,
                          0.09796926605568518,
                          0.04435762360720017,
                          0.11725983046236589,
                          0.1496095124048059,
                          0.13344058372170586,
                          0.10988538826237486],
                         [0.06366652154621648,
                          0.07313850309881109,
                          0.06675035610571661,
                          0.15861344237742503,
                          0.10004019934963843,
                          0.07934665369632535,
                          0.07234567606683909,
                          0.1941851687119858],
                         [0.11942340314799318,
                          0.07939152959986268,
                          0.1094848966959197,
                          0.07860184071770973,
                          0.08649987382502716,
                          0.1103516795012253,
                          0.1425808687141444,
                          0.08528043211119926],
                         [0.11651676520609965,
                          0.07931501084087333,
                          0.13153972763254,
                          0.05959125942552958,
                          0.15944773735932724,
                          0.10013274073367363,
                          0.1039844223725851,
                          0.10304582008663855],
                         [0.12954050210948775,
                          0.09320732791612732,
                          0.13620873494861677,
                          0.037136465589216974,
                          0.16731762240845846,
                          0.10424309222382375,
                          0.1030969168682545,
                          0.098064208560217],
                         [0.07952612221008347,
                          0.12481657691297803,
                          0.14152918067757894,
                          0.10535539164309354,
                          0.05758181586972436,
                          0.10410008834849048,
                          0.05949343271109991,
                          0.11080416240610697]]}]}
{'generation': 114,
 'inputs': [],
 'layers': [{'activation': 'sigmoid',
             'bias': [0.010036921872057854,
                      -0.01816049095466407,
                      -0.024674928141566386,
                      -0.024670038765291884,
                      -0.010819906717498594,
                      -0.05410896094537001,
                      0.020617261878761183,
                      -0.016174875587616287],
             'name': 'input',
             'neurons': [<gameplay.Neuron object at 0x7f3c61977860>,
                         <gameplay.Neuron object at 0x7f3c61977828>,
                         <gameplay.Neuron object at 0x7f3c61977240>,
                         <gameplay.Neuron object at 0x7f3c61977b00>,
                         <gameplay.Neuron object at 0x7f3c61977ba8>,
                         <gameplay.Neuron object at 0x7f3c61977b38>,
                         <gameplay.Neuron object at 0x7f3c61977c88>,
                         <gameplay.Neuron object at 0x7f3c61977c50>],
             'num_neurons': 8,
             'weights': [[0.35338314997233916,
                          0.4247469609808902,
                          0.07356484927786981,
                          0.10958785347832194,
                          0.07889426478186279,
                          0.0935659198847236,
                          0.07771001174137943,
                          0.07877222594815314,
                          0.07312857264261698,
                          0.07526891073412527],
                         [0.3863924998734772,
                          0.36876634081968573,
                          0.09006991296759033,
                          0.09433113175063416,
                          0.11560351783730138,
                          0.05385054948113968,
                          0.11897680563583114,
                          0.10177875463669488,
                          0.11974836764972073,
                          0.12280872764831653],
                         [0.3785291022939487,
                          0.4326011977481946,
                          0.08902245873561447,
                          0.05787175788376005,
                          0.11836762524356781,
                          0.1017859097373351,
                          0.10039728543469544,
                          0.11308541060053874,
                          0.08113365496398414,
                          0.0837055205964655],
                         [0.3610199532520729,
                          0.38882784269314746,
                          0.095480077307458,
                          0.12425830730160806,
                          0.06366827375211953,
                          0.06989026920818787,
                          0.08217322301687822,
                          0.13786165610270862,
                          0.11069959235697766,
                          0.11825381385864774],
                         [0.4014837456460254,
                          0.3877260014635799,
                          0.05971697056937529,
                          0.12242266091620214,
                          0.09896289350159382,
                          0.15576089506634846,
                          0.10905095388410523,
                          0.13648216382546516,
                          0.08402568794170345,
                          0.0630995123126669],
                         [0.3723558872527748,
                          0.4364653907234142,
                          0.07928292555869099,
                          0.07089907885422533,
                          0.11670592428546712,
                          0.0667892725335323,
                          0.1167290716470887,
                          0.11547699828070458,
                          0.10923178188613414,
                          0.1076630275651545],
                         [0.36872746363684783,
                          0.38146846131496853,
                          0.11656999998313254,
                          0.048292237466895274,
                          0.10187416551973334,
                          0.12844783082430056,
                          0.09623124445229499,
                          0.09893730341651512,
                          0.10377221444329097,
                          0.0823276603442372],
                         [0.3838863277737458,
                          0.432943108585987,
                          0.05799225497831515,
                          0.08542250716352025,
                          0.13606081181990878,
                          0.039417638075076755,
                          0.0784395608629305,
                          0.15949300650059303,
                          0.10016402381593709,
                          0.056074113856915554]]},
            {'activation': 'sigmoid',
             'bias': [-0.021467917436725645,
                      0.04937706751479689,
                      -0.008367201713314778,
                      -0.007625219877415374,
                      0.018529385001976803],
             'name': 'output',
             'neurons': [<gameplay.Neuron object at 0x7f3c61977cc0>,
                         <gameplay.Neuron object at 0x7f3c61977cf8>,
                         <gameplay.Neuron object at 0x7f3c61977d68>,
                         <gameplay.Neuron object at 0x7f3c61977d30>,
                         <gameplay.Neuron object at 0x7f3c61977da0>],
             'num_neurons': 5,
             'weights': [[0.06015381002113892,
                          0.10695149983621093,
                          0.09796926605568518,
                          0.04435762360720017,
                          0.11725983046236589,
                          0.1496095124048059,
                          0.13344058372170586,
                          0.10988538826237486],
                         [0.06366652154621648,
                          0.07313850309881109,
                          0.06675035610571661,
                          0.15861344237742503,
                          0.10004019934963843,
                          0.07934665369632535,
                          0.07234567606683909,
                          0.1941851687119858],
                         [0.11942340314799318,
                          0.07939152959986268,
                          0.1094848966959197,
                          0.07860184071770973,
                          0.08649987382502716,
                          0.1103516795012253,
                          0.1425808687141444,
                          0.08528043211119926],
                         [0.11651676520609965,
                          0.07931501084087333,
                          0.13153972763254,
                          0.05959125942552958,
                          0.15944773735932724,
                          0.10013274073367363,
                          0.1039844223725851,
                          0.10304582008663855],
                         [0.12954050210948775,
                          0.09320732791612732,
                          0.13620873494861677,
                          0.037136465589216974,
                          0.16731762240845846,
                          0.10424309222382375,
                          0.1030969168682545,
                          0.098064208560217],
                         [0.07952612221008347,
                          0.12481657691297803,
                          0.14152918067757894,
                          0.10535539164309354,
                          0.05758181586972436,
                          0.10410008834849048,
                          0.05949343271109991,
                          0.11080416240610697]]}]}
load_tensorflow_graph: path = tensorflow/mario-model-simple-2019-07-17/frozen_inference_graph.pb
object_detection_graph = <tensorflow.python.framework.ops.Graph object at 0x7f3c61977e48>
Doing start sequence
Sleeping one second
sending start
sending empty
Found black world screen for the second time. exiting.



Seconds left: 393
Moves to the right: 17
