pygame 1.9.6
Hello from the pygame community. https://www.pygame.org/contribute.html
Loading neural net from gameplay_neural_nets/51/10.nn
net = {'generation': 47,
 'inputs': [],
 'layers': [{'activation': 'sigmoid',
             'bias': [0.013670123489995746,
                      -0.012543362226338572,
                      0.01097224907351475,
                      -0.018210136624368982,
                      0.019348844965115377,
                      -0.0207477694984025,
                      0.010179661769484812,
                      -0.01912482327039372],
             'name': 'input',
             'neurons': [],
             'num_neurons': 8,
             'weights': [[0.37101212072528283,
                          0.40105782697184367,
                          0.10535831408741372,
                          0.11418065868338362,
                          0.11906588086890994,
                          0.08534467234255624,
                          0.10848693915859309,
                          0.11011966026813513,
                          0.09621922022697678,
                          0.07612432253438063],
                         [0.3792702311918261,
                          0.41233181649566847,
                          0.11192044102746287,
                          0.09082610913938109,
                          0.09499675431340675,
                          0.08610599007425215,
                          0.1053342369266809,
                          0.09393541649809192,
                          0.09907819530117636,
                          0.1037590655680979],
                         [0.3733764932661057,
                          0.430267690315151,
                          0.10715861943282924,
                          0.07635838229325458,
                          0.09999645761885402,
                          0.10312878009031136,
                          0.08130292351978678,
                          0.08773938769225821,
                          0.11043264327746047,
                          0.09435058913043659],
                         [0.4015978332285206,
                          0.4005683556112059,
                          0.09798901331429248,
                          0.10172814782543246,
                          0.08309136837294065,
                          0.08990806460572101,
                          0.0955862093694325,
                          0.11991356274855403,
                          0.07585112561780832,
                          0.11608835641142813],
                         [0.36715791356753674,
                          0.4013214244535427,
                          0.07755931133801176,
                          0.11484941984663492,
                          0.0880527124082096,
                          0.10512130460214514,
                          0.09849080459137141,
                          0.13039399291048734,
                          0.08746615937704313,
                          0.08147731926113519],
                         [0.3664771690132486,
                          0.4039444530608778,
                          0.06541246290235747,
                          0.10074119350551484,
                          0.11753102523327016,
                          0.09889748240345597,
                          0.10178705394351921,
                          0.11390683626659527,
                          0.12159803670227769,
                          0.11834023514267575],
                         [0.39552004374060873,
                          0.379890913128577,
                          0.11088106335812509,
                          0.057850973763987235,
                          0.11359481880603982,
                          0.08679392250814724,
                          0.0936382607700845,
                          0.11171548869429986,
                          0.10048863035317421,
                          0.06299881996518109],
                         [0.4053114463630824,
                          0.41195231646149716,
                          0.09422002049045669,
                          0.05973627247936651,
                          0.1224284357494545,
                          0.08285191932348457,
                          0.08494853798721885,
                          0.13814548042191746,
                          0.08535770990577649,
                          0.08895561840086193]]},
            {'activation': 'sigmoid',
             'bias': [-0.027675369917736812,
                      0.025289102461273166,
                      0.018570012566143497,
                      0.025132302757422002,
                      0.01706086784666297],
             'name': 'output',
             'neurons': [],
             'num_neurons': 5,
             'weights': [[0.09232173723295155,
                          0.08226350403338348,
                          0.10835245124333255,
                          0.08103251020757687,
                          0.10892931101219329,
                          0.12546407105446483,
                          0.13273956700247963,
                          0.09168090788446434],
                         [0.07451416363672851,
                          0.06661327018570785,
                          0.07182078629601216,
                          0.13455295092042394,
                          0.10467540812246304,
                          0.09804459160728553,
                          0.0816579573301319,
                          0.14091621707284321],
                         [0.11177114576267996,
                          0.08795838561289683,
                          0.11978673537386075,
                          0.10600086530647879,
                          0.08703801127029198,
                          0.10695751516372631,
                          0.11580227218656726,
                          0.0977817168726587],
                         [0.09912156523519003,
                          0.06669400767577144,
                          0.10982576805839336,
                          0.0917071779903168,
                          0.11548864115680235,
                          0.12177233750544132,
                          0.11416602777594251,
                          0.09987963484130377],
                         [0.11837189699353864,
                          0.09549210411285011,
                          0.13876758129621106,
                          0.07129029053901705,
                          0.1361534802722199,
                          0.10721187621434639,
                          0.09724682263958392,
                          0.10385825443541027],
                         [0.1067002359232684,
                          0.10455025401804537,
                          0.12699945328604478,
                          0.08981935860060541,
                          0.07510050457980293,
                          0.12919589253349226,
                          0.10022955721281818,
                          0.10866017566377487]]}]}
{'generation': 47,
 'inputs': [],
 'layers': [{'activation': 'sigmoid',
             'bias': [0.013670123489995746,
                      -0.012543362226338572,
                      0.01097224907351475,
                      -0.018210136624368982,
                      0.019348844965115377,
                      -0.0207477694984025,
                      0.010179661769484812,
                      -0.01912482327039372],
             'name': 'input',
             'neurons': [<gameplay.Neuron object at 0x7f2190391860>,
                         <gameplay.Neuron object at 0x7f2190391828>,
                         <gameplay.Neuron object at 0x7f2190391240>,
                         <gameplay.Neuron object at 0x7f2190391b00>,
                         <gameplay.Neuron object at 0x7f2190391ba8>,
                         <gameplay.Neuron object at 0x7f2190391b38>,
                         <gameplay.Neuron object at 0x7f2190391c88>,
                         <gameplay.Neuron object at 0x7f2190391c50>],
             'num_neurons': 8,
             'weights': [[0.37101212072528283,
                          0.40105782697184367,
                          0.10535831408741372,
                          0.11418065868338362,
                          0.11906588086890994,
                          0.08534467234255624,
                          0.10848693915859309,
                          0.11011966026813513,
                          0.09621922022697678,
                          0.07612432253438063],
                         [0.3792702311918261,
                          0.41233181649566847,
                          0.11192044102746287,
                          0.09082610913938109,
                          0.09499675431340675,
                          0.08610599007425215,
                          0.1053342369266809,
                          0.09393541649809192,
                          0.09907819530117636,
                          0.1037590655680979],
                         [0.3733764932661057,
                          0.430267690315151,
                          0.10715861943282924,
                          0.07635838229325458,
                          0.09999645761885402,
                          0.10312878009031136,
                          0.08130292351978678,
                          0.08773938769225821,
                          0.11043264327746047,
                          0.09435058913043659],
                         [0.4015978332285206,
                          0.4005683556112059,
                          0.09798901331429248,
                          0.10172814782543246,
                          0.08309136837294065,
                          0.08990806460572101,
                          0.0955862093694325,
                          0.11991356274855403,
                          0.07585112561780832,
                          0.11608835641142813],
                         [0.36715791356753674,
                          0.4013214244535427,
                          0.07755931133801176,
                          0.11484941984663492,
                          0.0880527124082096,
                          0.10512130460214514,
                          0.09849080459137141,
                          0.13039399291048734,
                          0.08746615937704313,
                          0.08147731926113519],
                         [0.3664771690132486,
                          0.4039444530608778,
                          0.06541246290235747,
                          0.10074119350551484,
                          0.11753102523327016,
                          0.09889748240345597,
                          0.10178705394351921,
                          0.11390683626659527,
                          0.12159803670227769,
                          0.11834023514267575],
                         [0.39552004374060873,
                          0.379890913128577,
                          0.11088106335812509,
                          0.057850973763987235,
                          0.11359481880603982,
                          0.08679392250814724,
                          0.0936382607700845,
                          0.11171548869429986,
                          0.10048863035317421,
                          0.06299881996518109],
                         [0.4053114463630824,
                          0.41195231646149716,
                          0.09422002049045669,
                          0.05973627247936651,
                          0.1224284357494545,
                          0.08285191932348457,
                          0.08494853798721885,
                          0.13814548042191746,
                          0.08535770990577649,
                          0.08895561840086193]]},
            {'activation': 'sigmoid',
             'bias': [-0.027675369917736812,
                      0.025289102461273166,
                      0.018570012566143497,
                      0.025132302757422002,
                      0.01706086784666297],
             'name': 'output',
             'neurons': [<gameplay.Neuron object at 0x7f2190391cc0>,
                         <gameplay.Neuron object at 0x7f2190391cf8>,
                         <gameplay.Neuron object at 0x7f2190391d68>,
                         <gameplay.Neuron object at 0x7f2190391d30>,
                         <gameplay.Neuron object at 0x7f2190391da0>],
             'num_neurons': 5,
             'weights': [[0.09232173723295155,
                          0.08226350403338348,
                          0.10835245124333255,
                          0.08103251020757687,
                          0.10892931101219329,
                          0.12546407105446483,
                          0.13273956700247963,
                          0.09168090788446434],
                         [0.07451416363672851,
                          0.06661327018570785,
                          0.07182078629601216,
                          0.13455295092042394,
                          0.10467540812246304,
                          0.09804459160728553,
                          0.0816579573301319,
                          0.14091621707284321],
                         [0.11177114576267996,
                          0.08795838561289683,
                          0.11978673537386075,
                          0.10600086530647879,
                          0.08703801127029198,
                          0.10695751516372631,
                          0.11580227218656726,
                          0.0977817168726587],
                         [0.09912156523519003,
                          0.06669400767577144,
                          0.10982576805839336,
                          0.0917071779903168,
                          0.11548864115680235,
                          0.12177233750544132,
                          0.11416602777594251,
                          0.09987963484130377],
                         [0.11837189699353864,
                          0.09549210411285011,
                          0.13876758129621106,
                          0.07129029053901705,
                          0.1361534802722199,
                          0.10721187621434639,
                          0.09724682263958392,
                          0.10385825443541027],
                         [0.1067002359232684,
                          0.10455025401804537,
                          0.12699945328604478,
                          0.08981935860060541,
                          0.07510050457980293,
                          0.12919589253349226,
                          0.10022955721281818,
                          0.10866017566377487]]}]}
load_tensorflow_graph: path = tensorflow/mario-model-simple-2019-07-17/frozen_inference_graph.pb
object_detection_graph = <tensorflow.python.framework.ops.Graph object at 0x7f2190391e48>
Doing start sequence
Sleeping one second
sending start
sending empty
Found black world screen for the second time. exiting.



Seconds left: 360
Moves to the right: 72
