pygame 1.9.6
Hello from the pygame community. https://www.pygame.org/contribute.html
Loading neural net from gameplay_neural_nets/55/6.nn
net = {'generation': 51,
 'inputs': [],
 'layers': [{'activation': 'sigmoid',
             'bias': [0.011677262427556786,
                      -0.01602911661217308,
                      0.017453995922105274,
                      -0.023240344943906803,
                      0.019348844965115377,
                      -0.02279606107291319,
                      0.010179661769484812,
                      -0.01912482327039372],
             'name': 'input',
             'neurons': [],
             'num_neurons': 8,
             'weights': [[0.376568494788909,
                          0.38826553608398,
                          0.096841137288434,
                          0.10823460834549133,
                          0.11906588086890994,
                          0.08317995745543982,
                          0.11204608927028671,
                          0.11011966026813513,
                          0.09621922022697678,
                          0.08355086934836256],
                         [0.3792702311918261,
                          0.41212853839867825,
                          0.1035486497077267,
                          0.09082610913938109,
                          0.09499675431340675,
                          0.08610599007425215,
                          0.1060436690889963,
                          0.09353470432199999,
                          0.09584446810789386,
                          0.10631839313480787],
                         [0.37306867615333217,
                          0.43068259568973555,
                          0.10715861943282924,
                          0.07635838229325458,
                          0.09999645761885402,
                          0.10882278974165667,
                          0.08486474654607061,
                          0.09454984943207163,
                          0.12088329003413965,
                          0.08583967686590582],
                         [0.407034497807641,
                          0.4045839634403536,
                          0.09305015259364606,
                          0.10267846113847814,
                          0.08309136837294065,
                          0.08990806460572101,
                          0.0955862093694325,
                          0.11991356274855403,
                          0.07585112561780832,
                          0.11530840656755348],
                         [0.36715791356753674,
                          0.3957872980359063,
                          0.0654691789918617,
                          0.11878367153266829,
                          0.0880527124082096,
                          0.10512130460214514,
                          0.10343285409742166,
                          0.13593553867222807,
                          0.08798464582699267,
                          0.07360417756353493],
                         [0.3664771690132486,
                          0.4071961049838317,
                          0.06541246290235747,
                          0.10074119350551484,
                          0.10505173258458862,
                          0.09811559671673756,
                          0.09740461264119837,
                          0.11390683626659527,
                          0.12159803670227769,
                          0.12051906049382995],
                         [0.3860244254135174,
                          0.3773916134154291,
                          0.11618002327227697,
                          0.057850973763987235,
                          0.11937209555879978,
                          0.08679392250814724,
                          0.0936382607700845,
                          0.113904495035246,
                          0.10048863035317421,
                          0.06299881996518109],
                         [0.40987076953529195,
                          0.4115768518843706,
                          0.08039534213193399,
                          0.06078343957205677,
                          0.1224284357494545,
                          0.06826907744092318,
                          0.08063713081052469,
                          0.13808164854313332,
                          0.08535770990577649,
                          0.08816447249322704]]},
            {'activation': 'sigmoid',
             'bias': [-0.027675369917736812,
                      0.03177649471536234,
                      0.004338733738204542,
                      0.02201159813969541,
                      0.01706086784666297],
             'name': 'output',
             'neurons': [],
             'num_neurons': 5,
             'weights': [[0.09232173723295155,
                          0.08226350403338348,
                          0.10324328935428975,
                          0.08103251020757687,
                          0.10797399787805582,
                          0.12546407105446483,
                          0.12927638246635625,
                          0.09168090788446434],
                         [0.07451416363672851,
                          0.05747109072351106,
                          0.07182078629601216,
                          0.1435400739067859,
                          0.09252774941517297,
                          0.09804459160728553,
                          0.07816976099653829,
                          0.1436356677793857],
                         [0.11177114576267996,
                          0.08025836380093032,
                          0.1149815245178502,
                          0.1020684563965313,
                          0.08703801127029198,
                          0.10695751516372631,
                          0.11580227218656726,
                          0.08900345343735988],
                         [0.09912156523519003,
                          0.06669400767577144,
                          0.10982576805839336,
                          0.0917071779903168,
                          0.12103310317707461,
                          0.12804465325885955,
                          0.11624502968420307,
                          0.10593487297258478],
                         [0.11714829181632731,
                          0.09228601152822936,
                          0.12296217359943101,
                          0.07129029053901705,
                          0.14050847893018079,
                          0.10699853572605744,
                          0.10083436774805508,
                          0.11100498098319571],
                         [0.1067002359232684,
                          0.10455025401804537,
                          0.12699945328604478,
                          0.08794652180285684,
                          0.07510050457980293,
                          0.1232947722225645,
                          0.09997017631706685,
                          0.11082523092786091]]}]}
{'generation': 51,
 'inputs': [],
 'layers': [{'activation': 'sigmoid',
             'bias': [0.011677262427556786,
                      -0.01602911661217308,
                      0.017453995922105274,
                      -0.023240344943906803,
                      0.019348844965115377,
                      -0.02279606107291319,
                      0.010179661769484812,
                      -0.01912482327039372],
             'name': 'input',
             'neurons': [<gameplay.Neuron object at 0x7ff426eeb860>,
                         <gameplay.Neuron object at 0x7ff426eeb828>,
                         <gameplay.Neuron object at 0x7ff426eeb240>,
                         <gameplay.Neuron object at 0x7ff426eebb00>,
                         <gameplay.Neuron object at 0x7ff426eebba8>,
                         <gameplay.Neuron object at 0x7ff426eebb38>,
                         <gameplay.Neuron object at 0x7ff426eebc88>,
                         <gameplay.Neuron object at 0x7ff426eebc50>],
             'num_neurons': 8,
             'weights': [[0.376568494788909,
                          0.38826553608398,
                          0.096841137288434,
                          0.10823460834549133,
                          0.11906588086890994,
                          0.08317995745543982,
                          0.11204608927028671,
                          0.11011966026813513,
                          0.09621922022697678,
                          0.08355086934836256],
                         [0.3792702311918261,
                          0.41212853839867825,
                          0.1035486497077267,
                          0.09082610913938109,
                          0.09499675431340675,
                          0.08610599007425215,
                          0.1060436690889963,
                          0.09353470432199999,
                          0.09584446810789386,
                          0.10631839313480787],
                         [0.37306867615333217,
                          0.43068259568973555,
                          0.10715861943282924,
                          0.07635838229325458,
                          0.09999645761885402,
                          0.10882278974165667,
                          0.08486474654607061,
                          0.09454984943207163,
                          0.12088329003413965,
                          0.08583967686590582],
                         [0.407034497807641,
                          0.4045839634403536,
                          0.09305015259364606,
                          0.10267846113847814,
                          0.08309136837294065,
                          0.08990806460572101,
                          0.0955862093694325,
                          0.11991356274855403,
                          0.07585112561780832,
                          0.11530840656755348],
                         [0.36715791356753674,
                          0.3957872980359063,
                          0.0654691789918617,
                          0.11878367153266829,
                          0.0880527124082096,
                          0.10512130460214514,
                          0.10343285409742166,
                          0.13593553867222807,
                          0.08798464582699267,
                          0.07360417756353493],
                         [0.3664771690132486,
                          0.4071961049838317,
                          0.06541246290235747,
                          0.10074119350551484,
                          0.10505173258458862,
                          0.09811559671673756,
                          0.09740461264119837,
                          0.11390683626659527,
                          0.12159803670227769,
                          0.12051906049382995],
                         [0.3860244254135174,
                          0.3773916134154291,
                          0.11618002327227697,
                          0.057850973763987235,
                          0.11937209555879978,
                          0.08679392250814724,
                          0.0936382607700845,
                          0.113904495035246,
                          0.10048863035317421,
                          0.06299881996518109],
                         [0.40987076953529195,
                          0.4115768518843706,
                          0.08039534213193399,
                          0.06078343957205677,
                          0.1224284357494545,
                          0.06826907744092318,
                          0.08063713081052469,
                          0.13808164854313332,
                          0.08535770990577649,
                          0.08816447249322704]]},
            {'activation': 'sigmoid',
             'bias': [-0.027675369917736812,
                      0.03177649471536234,
                      0.004338733738204542,
                      0.02201159813969541,
                      0.01706086784666297],
             'name': 'output',
             'neurons': [<gameplay.Neuron object at 0x7ff426eebcc0>,
                         <gameplay.Neuron object at 0x7ff426eebcf8>,
                         <gameplay.Neuron object at 0x7ff426eebd68>,
                         <gameplay.Neuron object at 0x7ff426eebd30>,
                         <gameplay.Neuron object at 0x7ff426eebda0>],
             'num_neurons': 5,
             'weights': [[0.09232173723295155,
                          0.08226350403338348,
                          0.10324328935428975,
                          0.08103251020757687,
                          0.10797399787805582,
                          0.12546407105446483,
                          0.12927638246635625,
                          0.09168090788446434],
                         [0.07451416363672851,
                          0.05747109072351106,
                          0.07182078629601216,
                          0.1435400739067859,
                          0.09252774941517297,
                          0.09804459160728553,
                          0.07816976099653829,
                          0.1436356677793857],
                         [0.11177114576267996,
                          0.08025836380093032,
                          0.1149815245178502,
                          0.1020684563965313,
                          0.08703801127029198,
                          0.10695751516372631,
                          0.11580227218656726,
                          0.08900345343735988],
                         [0.09912156523519003,
                          0.06669400767577144,
                          0.10982576805839336,
                          0.0917071779903168,
                          0.12103310317707461,
                          0.12804465325885955,
                          0.11624502968420307,
                          0.10593487297258478],
                         [0.11714829181632731,
                          0.09228601152822936,
                          0.12296217359943101,
                          0.07129029053901705,
                          0.14050847893018079,
                          0.10699853572605744,
                          0.10083436774805508,
                          0.11100498098319571],
                         [0.1067002359232684,
                          0.10455025401804537,
                          0.12699945328604478,
                          0.08794652180285684,
                          0.07510050457980293,
                          0.1232947722225645,
                          0.09997017631706685,
                          0.11082523092786091]]}]}
load_tensorflow_graph: path = tensorflow/mario-model-simple-2019-07-17/frozen_inference_graph.pb
object_detection_graph = <tensorflow.python.framework.ops.Graph object at 0x7ff426eebe48>
Doing start sequence
Sleeping one second
sending start
sending empty
Found black world screen for the second time. exiting.



Seconds left: 393
Moves to the right: 19
