pygame 1.9.6
Hello from the pygame community. https://www.pygame.org/contribute.html
Loading neural net from gameplay_neural_nets/125/8.nn
net = {'generation': 113,
 'inputs': [],
 'layers': [{'activation': 'sigmoid',
             'bias': [0.014002930923923015,
                      -0.01816049095466407,
                      -0.024674928141566386,
                      -0.024670038765291884,
                      -0.010819906717498594,
                      -0.04792374872250078,
                      0.020617261878761183,
                      -0.017017526320108417],
             'name': 'input',
             'neurons': [],
             'num_neurons': 8,
             'weights': [[0.35338314997233916,
                          0.41991770154962993,
                          0.07356484927786981,
                          0.10958785347832194,
                          0.07546077138814102,
                          0.0935659198847236,
                          0.07771001174137943,
                          0.08557977409400938,
                          0.07312857264261698,
                          0.07909130628134425],
                         [0.3946045693008365,
                          0.3746246534734071,
                          0.09464765563007227,
                          0.08118996859538936,
                          0.12127356020329375,
                          0.05385054948113968,
                          0.11897680563583114,
                          0.10177875463669488,
                          0.12944897158492777,
                          0.11324024558275128],
                         [0.37918699495979286,
                          0.4307050021388867,
                          0.08902245873561447,
                          0.062408860507022906,
                          0.12244722571553669,
                          0.1017859097373351,
                          0.10039728543469544,
                          0.11308541060053874,
                          0.08113365496398414,
                          0.0837055205964655],
                         [0.3610199532520729,
                          0.38803527361891454,
                          0.10503273467970903,
                          0.12425830730160806,
                          0.05644314946299625,
                          0.06989026920818787,
                          0.08217322301687822,
                          0.13803015248033057,
                          0.10999151846899527,
                          0.11825381385864774],
                         [0.4019067712349136,
                          0.3877260014635799,
                          0.06293203904845349,
                          0.12657713466861054,
                          0.09638158722252194,
                          0.15576089506634846,
                          0.10905095388410523,
                          0.13648216382546516,
                          0.08402568794170345,
                          0.0630995123126669],
                         [0.3723558872527748,
                          0.4459306329901394,
                          0.0770253976038218,
                          0.07089907885422533,
                          0.11670592428546712,
                          0.07502334362796254,
                          0.11761439391998889,
                          0.11547699828070458,
                          0.10834597458692026,
                          0.10805380369129053],
                         [0.3670553668390497,
                          0.3803321627103527,
                          0.11656999998313254,
                          0.048292237466895274,
                          0.10187416551973334,
                          0.12844783082430056,
                          0.09403157749499726,
                          0.09893730341651512,
                          0.10377221444329097,
                          0.08240441835962647],
                         [0.3838863277737458,
                          0.432943108585987,
                          0.056148738029830864,
                          0.0759072531046955,
                          0.13255597170849384,
                          0.03590840090831941,
                          0.0767119476402854,
                          0.15949300650059303,
                          0.10016402381593709,
                          0.0600386736701146]]},
            {'activation': 'sigmoid',
             'bias': [-0.021467917436725645,
                      0.04937706751479689,
                      -0.008367201713314778,
                      -0.007625219877415374,
                      0.02145369762683705],
             'name': 'output',
             'neurons': [],
             'num_neurons': 5,
             'weights': [[0.0659202098044921,
                          0.11227246112038451,
                          0.10545104731538146,
                          0.04652800206124144,
                          0.11725983046236589,
                          0.1485738108778807,
                          0.13344058372170586,
                          0.10407544938440615],
                         [0.06366652154621648,
                          0.06913600361679385,
                          0.06675035610571661,
                          0.15861344237742503,
                          0.10004019934963843,
                          0.08562265323980282,
                          0.07179224570284669,
                          0.1941851687119858],
                         [0.12006897049777131,
                          0.07939152959986268,
                          0.1094848966959197,
                          0.07916441085219428,
                          0.08892107702256283,
                          0.1103516795012253,
                          0.14034001291407455,
                          0.07774900689543968],
                         [0.11651676520609965,
                          0.07931501084087333,
                          0.12524946708739515,
                          0.05959125942552958,
                          0.15944773735932724,
                          0.10013274073367363,
                          0.09727070691225294,
                          0.10304582008663855],
                         [0.10397218720551983,
                          0.08808078957062208,
                          0.13620873494861677,
                          0.039978959592614785,
                          0.1625525814289664,
                          0.10424309222382375,
                          0.1030969168682545,
                          0.098064208560217],
                         [0.07952612221008347,
                          0.12741967538509427,
                          0.12808945229527058,
                          0.10781499615967065,
                          0.05635263969624374,
                          0.1036408062444006,
                          0.06483206544998885,
                          0.10799020417032132]]}]}
{'generation': 113,
 'inputs': [],
 'layers': [{'activation': 'sigmoid',
             'bias': [0.014002930923923015,
                      -0.01816049095466407,
                      -0.024674928141566386,
                      -0.024670038765291884,
                      -0.010819906717498594,
                      -0.04792374872250078,
                      0.020617261878761183,
                      -0.017017526320108417],
             'name': 'input',
             'neurons': [<gameplay.Neuron object at 0x7f63efc3b898>,
                         <gameplay.Neuron object at 0x7f63efc3b860>,
                         <gameplay.Neuron object at 0x7f63efc3b278>,
                         <gameplay.Neuron object at 0x7f63efc3bb38>,
                         <gameplay.Neuron object at 0x7f63efc3bbe0>,
                         <gameplay.Neuron object at 0x7f63efc3bb70>,
                         <gameplay.Neuron object at 0x7f63efc3bcc0>,
                         <gameplay.Neuron object at 0x7f63efc3bc88>],
             'num_neurons': 8,
             'weights': [[0.35338314997233916,
                          0.41991770154962993,
                          0.07356484927786981,
                          0.10958785347832194,
                          0.07546077138814102,
                          0.0935659198847236,
                          0.07771001174137943,
                          0.08557977409400938,
                          0.07312857264261698,
                          0.07909130628134425],
                         [0.3946045693008365,
                          0.3746246534734071,
                          0.09464765563007227,
                          0.08118996859538936,
                          0.12127356020329375,
                          0.05385054948113968,
                          0.11897680563583114,
                          0.10177875463669488,
                          0.12944897158492777,
                          0.11324024558275128],
                         [0.37918699495979286,
                          0.4307050021388867,
                          0.08902245873561447,
                          0.062408860507022906,
                          0.12244722571553669,
                          0.1017859097373351,
                          0.10039728543469544,
                          0.11308541060053874,
                          0.08113365496398414,
                          0.0837055205964655],
                         [0.3610199532520729,
                          0.38803527361891454,
                          0.10503273467970903,
                          0.12425830730160806,
                          0.05644314946299625,
                          0.06989026920818787,
                          0.08217322301687822,
                          0.13803015248033057,
                          0.10999151846899527,
                          0.11825381385864774],
                         [0.4019067712349136,
                          0.3877260014635799,
                          0.06293203904845349,
                          0.12657713466861054,
                          0.09638158722252194,
                          0.15576089506634846,
                          0.10905095388410523,
                          0.13648216382546516,
                          0.08402568794170345,
                          0.0630995123126669],
                         [0.3723558872527748,
                          0.4459306329901394,
                          0.0770253976038218,
                          0.07089907885422533,
                          0.11670592428546712,
                          0.07502334362796254,
                          0.11761439391998889,
                          0.11547699828070458,
                          0.10834597458692026,
                          0.10805380369129053],
                         [0.3670553668390497,
                          0.3803321627103527,
                          0.11656999998313254,
                          0.048292237466895274,
                          0.10187416551973334,
                          0.12844783082430056,
                          0.09403157749499726,
                          0.09893730341651512,
                          0.10377221444329097,
                          0.08240441835962647],
                         [0.3838863277737458,
                          0.432943108585987,
                          0.056148738029830864,
                          0.0759072531046955,
                          0.13255597170849384,
                          0.03590840090831941,
                          0.0767119476402854,
                          0.15949300650059303,
                          0.10016402381593709,
                          0.0600386736701146]]},
            {'activation': 'sigmoid',
             'bias': [-0.021467917436725645,
                      0.04937706751479689,
                      -0.008367201713314778,
                      -0.007625219877415374,
                      0.02145369762683705],
             'name': 'output',
             'neurons': [<gameplay.Neuron object at 0x7f63efc3bcf8>,
                         <gameplay.Neuron object at 0x7f63efc3bd30>,
                         <gameplay.Neuron object at 0x7f63efc3bda0>,
                         <gameplay.Neuron object at 0x7f63efc3bd68>,
                         <gameplay.Neuron object at 0x7f63efc3bdd8>],
             'num_neurons': 5,
             'weights': [[0.0659202098044921,
                          0.11227246112038451,
                          0.10545104731538146,
                          0.04652800206124144,
                          0.11725983046236589,
                          0.1485738108778807,
                          0.13344058372170586,
                          0.10407544938440615],
                         [0.06366652154621648,
                          0.06913600361679385,
                          0.06675035610571661,
                          0.15861344237742503,
                          0.10004019934963843,
                          0.08562265323980282,
                          0.07179224570284669,
                          0.1941851687119858],
                         [0.12006897049777131,
                          0.07939152959986268,
                          0.1094848966959197,
                          0.07916441085219428,
                          0.08892107702256283,
                          0.1103516795012253,
                          0.14034001291407455,
                          0.07774900689543968],
                         [0.11651676520609965,
                          0.07931501084087333,
                          0.12524946708739515,
                          0.05959125942552958,
                          0.15944773735932724,
                          0.10013274073367363,
                          0.09727070691225294,
                          0.10304582008663855],
                         [0.10397218720551983,
                          0.08808078957062208,
                          0.13620873494861677,
                          0.039978959592614785,
                          0.1625525814289664,
                          0.10424309222382375,
                          0.1030969168682545,
                          0.098064208560217],
                         [0.07952612221008347,
                          0.12741967538509427,
                          0.12808945229527058,
                          0.10781499615967065,
                          0.05635263969624374,
                          0.1036408062444006,
                          0.06483206544998885,
                          0.10799020417032132]]}]}
load_tensorflow_graph: path = tensorflow/mario-model-simple-2019-07-17/frozen_inference_graph.pb
object_detection_graph = <tensorflow.python.framework.ops.Graph object at 0x7f63efc3be80>
Doing start sequence
Sleeping one second
sending start
sending empty
Found black world screen for the second time. exiting.



Seconds left: 1
Moves to the right: 6
