pygame 1.9.6
Hello from the pygame community. https://www.pygame.org/contribute.html
Loading neural net from gameplay_neural_nets/125/grand_father_2.nn
net = {'generation': 112,
 'inputs': [],
 'layers': [{'activation': 'sigmoid',
             'bias': [0.014002930923923015,
                      -0.01816049095466407,
                      -0.024674928141566386,
                      -0.024670038765291884,
                      -0.010819906717498594,
                      -0.04792374872250078,
                      0.020617261878761183,
                      -0.017017526320108417],
             'name': 'input',
             'neurons': [],
             'num_neurons': 8,
             'weights': [[0.35338314997233916,
                          0.4247469609808902,
                          0.07356484927786981,
                          0.10958785347832194,
                          0.07546077138814102,
                          0.0935659198847236,
                          0.07771001174137943,
                          0.08557977409400938,
                          0.07312857264261698,
                          0.07909130628134425],
                         [0.3863924998734772,
                          0.36876634081968573,
                          0.09043727428871559,
                          0.09060697616774042,
                          0.12127356020329375,
                          0.05385054948113968,
                          0.11897680563583114,
                          0.10177875463669488,
                          0.11974836764972073,
                          0.11324024558275128],
                         [0.37918699495979286,
                          0.4307050021388867,
                          0.08902245873561447,
                          0.05787175788376005,
                          0.12244722571553669,
                          0.1017859097373351,
                          0.10039728543469544,
                          0.11308541060053874,
                          0.08113365496398414,
                          0.0837055205964655],
                         [0.3610199532520729,
                          0.38882784269314746,
                          0.10503273467970903,
                          0.12425830730160806,
                          0.05644314946299625,
                          0.06989026920818787,
                          0.08217322301687822,
                          0.13390220471382072,
                          0.10999151846899527,
                          0.11825381385864774],
                         [0.4014837456460254,
                          0.3877260014635799,
                          0.06293203904845349,
                          0.12657713466861054,
                          0.09896289350159382,
                          0.15576089506634846,
                          0.10905095388410523,
                          0.13648216382546516,
                          0.08402568794170345,
                          0.0630995123126669],
                         [0.3723558872527748,
                          0.4364653907234142,
                          0.0770253976038218,
                          0.07089907885422533,
                          0.11670592428546712,
                          0.0667892725335323,
                          0.11761439391998889,
                          0.11547699828070458,
                          0.10923178188613414,
                          0.10805380369129053],
                         [0.3711776272990181,
                          0.38146846131496853,
                          0.11656999998313254,
                          0.048292237466895274,
                          0.10187416551973334,
                          0.12844783082430056,
                          0.09403157749499726,
                          0.09893730341651512,
                          0.10377221444329097,
                          0.0823276603442372],
                         [0.3838863277737458,
                          0.432943108585987,
                          0.056148738029830864,
                          0.0759072531046955,
                          0.13255597170849384,
                          0.039417638075076755,
                          0.0767119476402854,
                          0.15949300650059303,
                          0.10016402381593709,
                          0.0600386736701146]]},
            {'activation': 'sigmoid',
             'bias': [-0.021467917436725645,
                      0.04937706751479689,
                      -0.008367201713314778,
                      -0.007625219877415374,
                      0.02145369762683705],
             'name': 'output',
             'neurons': [],
             'num_neurons': 5,
             'weights': [[0.06015381002113892,
                          0.10695149983621093,
                          0.10545104731538146,
                          0.04652800206124144,
                          0.11725983046236589,
                          0.1496095124048059,
                          0.13344058372170586,
                          0.10988538826237486],
                         [0.06366652154621648,
                          0.06913600361679385,
                          0.06675035610571661,
                          0.15861344237742503,
                          0.10004019934963843,
                          0.08562265323980282,
                          0.07179224570284669,
                          0.1941851687119858],
                         [0.12006897049777131,
                          0.07939152959986268,
                          0.1094848966959197,
                          0.07916441085219428,
                          0.08649987382502716,
                          0.1103516795012253,
                          0.14034001291407455,
                          0.07774900689543968],
                         [0.11651676520609965,
                          0.07931501084087333,
                          0.13153972763254,
                          0.05959125942552958,
                          0.15944773735932724,
                          0.10013274073367363,
                          0.09727070691225294,
                          0.10304582008663855],
                         [0.11292813964362416,
                          0.09784938115035947,
                          0.13620873494861677,
                          0.039978959592614785,
                          0.16239688199890265,
                          0.10424309222382375,
                          0.1030969168682545,
                          0.098064208560217],
                         [0.07952612221008347,
                          0.12741967538509427,
                          0.1335576054487295,
                          0.10781499615967065,
                          0.05635263969624374,
                          0.10410008834849048,
                          0.06483206544998885,
                          0.11080416240610697]]}]}
{'generation': 112,
 'inputs': [],
 'layers': [{'activation': 'sigmoid',
             'bias': [0.014002930923923015,
                      -0.01816049095466407,
                      -0.024674928141566386,
                      -0.024670038765291884,
                      -0.010819906717498594,
                      -0.04792374872250078,
                      0.020617261878761183,
                      -0.017017526320108417],
             'name': 'input',
             'neurons': [<gameplay.Neuron object at 0x7f9e71174860>,
                         <gameplay.Neuron object at 0x7f9e71174828>,
                         <gameplay.Neuron object at 0x7f9e71174240>,
                         <gameplay.Neuron object at 0x7f9e71174b00>,
                         <gameplay.Neuron object at 0x7f9e71174ba8>,
                         <gameplay.Neuron object at 0x7f9e71174b38>,
                         <gameplay.Neuron object at 0x7f9e71174c88>,
                         <gameplay.Neuron object at 0x7f9e71174c50>],
             'num_neurons': 8,
             'weights': [[0.35338314997233916,
                          0.4247469609808902,
                          0.07356484927786981,
                          0.10958785347832194,
                          0.07546077138814102,
                          0.0935659198847236,
                          0.07771001174137943,
                          0.08557977409400938,
                          0.07312857264261698,
                          0.07909130628134425],
                         [0.3863924998734772,
                          0.36876634081968573,
                          0.09043727428871559,
                          0.09060697616774042,
                          0.12127356020329375,
                          0.05385054948113968,
                          0.11897680563583114,
                          0.10177875463669488,
                          0.11974836764972073,
                          0.11324024558275128],
                         [0.37918699495979286,
                          0.4307050021388867,
                          0.08902245873561447,
                          0.05787175788376005,
                          0.12244722571553669,
                          0.1017859097373351,
                          0.10039728543469544,
                          0.11308541060053874,
                          0.08113365496398414,
                          0.0837055205964655],
                         [0.3610199532520729,
                          0.38882784269314746,
                          0.10503273467970903,
                          0.12425830730160806,
                          0.05644314946299625,
                          0.06989026920818787,
                          0.08217322301687822,
                          0.13390220471382072,
                          0.10999151846899527,
                          0.11825381385864774],
                         [0.4014837456460254,
                          0.3877260014635799,
                          0.06293203904845349,
                          0.12657713466861054,
                          0.09896289350159382,
                          0.15576089506634846,
                          0.10905095388410523,
                          0.13648216382546516,
                          0.08402568794170345,
                          0.0630995123126669],
                         [0.3723558872527748,
                          0.4364653907234142,
                          0.0770253976038218,
                          0.07089907885422533,
                          0.11670592428546712,
                          0.0667892725335323,
                          0.11761439391998889,
                          0.11547699828070458,
                          0.10923178188613414,
                          0.10805380369129053],
                         [0.3711776272990181,
                          0.38146846131496853,
                          0.11656999998313254,
                          0.048292237466895274,
                          0.10187416551973334,
                          0.12844783082430056,
                          0.09403157749499726,
                          0.09893730341651512,
                          0.10377221444329097,
                          0.0823276603442372],
                         [0.3838863277737458,
                          0.432943108585987,
                          0.056148738029830864,
                          0.0759072531046955,
                          0.13255597170849384,
                          0.039417638075076755,
                          0.0767119476402854,
                          0.15949300650059303,
                          0.10016402381593709,
                          0.0600386736701146]]},
            {'activation': 'sigmoid',
             'bias': [-0.021467917436725645,
                      0.04937706751479689,
                      -0.008367201713314778,
                      -0.007625219877415374,
                      0.02145369762683705],
             'name': 'output',
             'neurons': [<gameplay.Neuron object at 0x7f9e71174cc0>,
                         <gameplay.Neuron object at 0x7f9e71174cf8>,
                         <gameplay.Neuron object at 0x7f9e71174d68>,
                         <gameplay.Neuron object at 0x7f9e71174d30>,
                         <gameplay.Neuron object at 0x7f9e71174da0>],
             'num_neurons': 5,
             'weights': [[0.06015381002113892,
                          0.10695149983621093,
                          0.10545104731538146,
                          0.04652800206124144,
                          0.11725983046236589,
                          0.1496095124048059,
                          0.13344058372170586,
                          0.10988538826237486],
                         [0.06366652154621648,
                          0.06913600361679385,
                          0.06675035610571661,
                          0.15861344237742503,
                          0.10004019934963843,
                          0.08562265323980282,
                          0.07179224570284669,
                          0.1941851687119858],
                         [0.12006897049777131,
                          0.07939152959986268,
                          0.1094848966959197,
                          0.07916441085219428,
                          0.08649987382502716,
                          0.1103516795012253,
                          0.14034001291407455,
                          0.07774900689543968],
                         [0.11651676520609965,
                          0.07931501084087333,
                          0.13153972763254,
                          0.05959125942552958,
                          0.15944773735932724,
                          0.10013274073367363,
                          0.09727070691225294,
                          0.10304582008663855],
                         [0.11292813964362416,
                          0.09784938115035947,
                          0.13620873494861677,
                          0.039978959592614785,
                          0.16239688199890265,
                          0.10424309222382375,
                          0.1030969168682545,
                          0.098064208560217],
                         [0.07952612221008347,
                          0.12741967538509427,
                          0.1335576054487295,
                          0.10781499615967065,
                          0.05635263969624374,
                          0.10410008834849048,
                          0.06483206544998885,
                          0.11080416240610697]]}]}
load_tensorflow_graph: path = tensorflow/mario-model-simple-2019-07-17/frozen_inference_graph.pb
object_detection_graph = <tensorflow.python.framework.ops.Graph object at 0x7f9e71174e48>
Doing start sequence
Sleeping one second
sending start
sending empty
Found black world screen for the second time. exiting.



Seconds left: 393
Moves to the right: 17
