pygame 1.9.6
Hello from the pygame community. https://www.pygame.org/contribute.html
Loading neural net from gameplay_neural_nets/153/5.nn
net = {'generation': 140,
 'inputs': [],
 'layers': [{'activation': 'sigmoid',
             'bias': [0.011962684344455759,
                      -0.05254049243763901,
                      0.0020987776964075744,
                      0.005406288970592037,
                      -0.009878847276617614,
                      -0.02832599945015975,
                      0.014317468858282053,
                      -0.012996022228609223],
             'name': 'input',
             'neurons': [],
             'num_neurons': 8,
             'weights': [[0.3745104101652385,
                          0.4255493418226575,
                          0.09166968800553882,
                          0.15862373485398223,
                          0.07343129023931089,
                          0.07083228691275563,
                          0.06416171221571201,
                          0.07641517748437622,
                          0.07487277674580264,
                          0.06225539463348847],
                         [0.37984183399333904,
                          0.36224686512365745,
                          0.07163118291782407,
                          0.12653415574669327,
                          0.12928277563945464,
                          0.059952673300194374,
                          0.10939356679388279,
                          0.08959842568875051,
                          0.0935570339052921,
                          0.12337022338742655],
                         [0.3484729926324819,
                          0.4254237197378859,
                          0.06308043813495814,
                          0.0594780557876741,
                          0.09347722512092174,
                          0.10736250262487713,
                          0.0777163067645153,
                          0.12042166978343963,
                          0.10361261107182679,
                          0.06986409463934906],
                         [0.3750713283053243,
                          0.4044322201293523,
                          0.10248856819979447,
                          0.09945215751663632,
                          0.06595108294945333,
                          0.0701316387369432,
                          0.06954275461813782,
                          0.13933086486537585,
                          0.13991158746340862,
                          0.12106559849502413],
                         [0.41470820383539814,
                          0.4016522644122119,
                          0.03270261865077737,
                          0.12360785599279997,
                          0.10092852598240244,
                          0.1587636475263056,
                          0.1342991755738906,
                          0.13412707123491086,
                          0.0771781608578113,
                          0.06701903720754482],
                         [0.35562338600961874,
                          0.42121556933870136,
                          0.07921159046467102,
                          0.09061013181601299,
                          0.08539664553801743,
                          0.07337155322580269,
                          0.10875205011344881,
                          0.09521442690143488,
                          0.1238278343090951,
                          0.10729164318267957],
                         [0.3678823363412533,
                          0.36137566624007494,
                          0.11535044321170623,
                          0.06980764549012508,
                          0.10572916832438194,
                          0.11156559656652179,
                          0.10722086833263343,
                          0.07446224280415994,
                          0.10238689249194809,
                          0.0405758976471315],
                         [0.3928638272809488,
                          0.41814383060953225,
                          0.06026876636607873,
                          0.07800188166864745,
                          0.10714897317837044,
                          0.05721290862623405,
                          0.07061760184188645,
                          0.16523667230748837,
                          0.11220325674681421,
                          0.06826879137739159]]},
            {'activation': 'sigmoid',
             'bias': [-0.008707539986343637,
                      0.08920825942177679,
                      -0.013531053576035682,
                      -0.013055216491782807,
                      0.00986067712941274],
             'name': 'output',
             'neurons': [],
             'num_neurons': 5,
             'weights': [[0.041429988568818035,
                          0.09702589851407005,
                          0.07536021417119704,
                          0.04602684043813731,
                          0.1247043174259795,
                          0.13214472255547,
                          0.13996012966997592,
                          0.1199471009089922],
                         [0.05995094654081886,
                          0.05810024466959775,
                          0.0979851005803602,
                          0.13878998082300026,
                          0.11964810040401593,
                          0.05326899179737474,
                          0.05310269488254449,
                          0.1577373257104008],
                         [0.12890115346969175,
                          0.098427690674453,
                          0.09252644540340083,
                          0.08757938839954622,
                          0.04400316443708586,
                          0.12730998159972176,
                          0.1271879864973521,
                          0.0959771578053396],
                         [0.08841256535467029,
                          0.07649690469281198,
                          0.16057410001234307,
                          0.0643694742868846,
                          0.16656989728142768,
                          0.09005491009686736,
                          0.07841792230091173,
                          0.09042306771268274],
                         [0.1424158135669888,
                          0.08337509713330563,
                          0.14995352953181482,
                          0.0370137935912403,
                          0.1877319066213862,
                          0.11671612794518288,
                          0.0829358490336552,
                          0.09671701344752218],
                         [0.0877688306418678,
                          0.1465132595438811,
                          0.13956806912994246,
                          0.08819752383721537,
                          0.0396653117123113,
                          0.1170637474331631,
                          0.07615294926880868,
                          0.11407782278447089]]}]}
{'generation': 140,
 'inputs': [],
 'layers': [{'activation': 'sigmoid',
             'bias': [0.011962684344455759,
                      -0.05254049243763901,
                      0.0020987776964075744,
                      0.005406288970592037,
                      -0.009878847276617614,
                      -0.02832599945015975,
                      0.014317468858282053,
                      -0.012996022228609223],
             'name': 'input',
             'neurons': [<gameplay.Neuron object at 0x7f8edde36898>,
                         <gameplay.Neuron object at 0x7f8edde36860>,
                         <gameplay.Neuron object at 0x7f8edde36278>,
                         <gameplay.Neuron object at 0x7f8edde36b38>,
                         <gameplay.Neuron object at 0x7f8edde36be0>,
                         <gameplay.Neuron object at 0x7f8edde36b70>,
                         <gameplay.Neuron object at 0x7f8edde36cc0>,
                         <gameplay.Neuron object at 0x7f8edde36c88>],
             'num_neurons': 8,
             'weights': [[0.3745104101652385,
                          0.4255493418226575,
                          0.09166968800553882,
                          0.15862373485398223,
                          0.07343129023931089,
                          0.07083228691275563,
                          0.06416171221571201,
                          0.07641517748437622,
                          0.07487277674580264,
                          0.06225539463348847],
                         [0.37984183399333904,
                          0.36224686512365745,
                          0.07163118291782407,
                          0.12653415574669327,
                          0.12928277563945464,
                          0.059952673300194374,
                          0.10939356679388279,
                          0.08959842568875051,
                          0.0935570339052921,
                          0.12337022338742655],
                         [0.3484729926324819,
                          0.4254237197378859,
                          0.06308043813495814,
                          0.0594780557876741,
                          0.09347722512092174,
                          0.10736250262487713,
                          0.0777163067645153,
                          0.12042166978343963,
                          0.10361261107182679,
                          0.06986409463934906],
                         [0.3750713283053243,
                          0.4044322201293523,
                          0.10248856819979447,
                          0.09945215751663632,
                          0.06595108294945333,
                          0.0701316387369432,
                          0.06954275461813782,
                          0.13933086486537585,
                          0.13991158746340862,
                          0.12106559849502413],
                         [0.41470820383539814,
                          0.4016522644122119,
                          0.03270261865077737,
                          0.12360785599279997,
                          0.10092852598240244,
                          0.1587636475263056,
                          0.1342991755738906,
                          0.13412707123491086,
                          0.0771781608578113,
                          0.06701903720754482],
                         [0.35562338600961874,
                          0.42121556933870136,
                          0.07921159046467102,
                          0.09061013181601299,
                          0.08539664553801743,
                          0.07337155322580269,
                          0.10875205011344881,
                          0.09521442690143488,
                          0.1238278343090951,
                          0.10729164318267957],
                         [0.3678823363412533,
                          0.36137566624007494,
                          0.11535044321170623,
                          0.06980764549012508,
                          0.10572916832438194,
                          0.11156559656652179,
                          0.10722086833263343,
                          0.07446224280415994,
                          0.10238689249194809,
                          0.0405758976471315],
                         [0.3928638272809488,
                          0.41814383060953225,
                          0.06026876636607873,
                          0.07800188166864745,
                          0.10714897317837044,
                          0.05721290862623405,
                          0.07061760184188645,
                          0.16523667230748837,
                          0.11220325674681421,
                          0.06826879137739159]]},
            {'activation': 'sigmoid',
             'bias': [-0.008707539986343637,
                      0.08920825942177679,
                      -0.013531053576035682,
                      -0.013055216491782807,
                      0.00986067712941274],
             'name': 'output',
             'neurons': [<gameplay.Neuron object at 0x7f8edde36cf8>,
                         <gameplay.Neuron object at 0x7f8edde36d30>,
                         <gameplay.Neuron object at 0x7f8edde36da0>,
                         <gameplay.Neuron object at 0x7f8edde36d68>,
                         <gameplay.Neuron object at 0x7f8edde36dd8>],
             'num_neurons': 5,
             'weights': [[0.041429988568818035,
                          0.09702589851407005,
                          0.07536021417119704,
                          0.04602684043813731,
                          0.1247043174259795,
                          0.13214472255547,
                          0.13996012966997592,
                          0.1199471009089922],
                         [0.05995094654081886,
                          0.05810024466959775,
                          0.0979851005803602,
                          0.13878998082300026,
                          0.11964810040401593,
                          0.05326899179737474,
                          0.05310269488254449,
                          0.1577373257104008],
                         [0.12890115346969175,
                          0.098427690674453,
                          0.09252644540340083,
                          0.08757938839954622,
                          0.04400316443708586,
                          0.12730998159972176,
                          0.1271879864973521,
                          0.0959771578053396],
                         [0.08841256535467029,
                          0.07649690469281198,
                          0.16057410001234307,
                          0.0643694742868846,
                          0.16656989728142768,
                          0.09005491009686736,
                          0.07841792230091173,
                          0.09042306771268274],
                         [0.1424158135669888,
                          0.08337509713330563,
                          0.14995352953181482,
                          0.0370137935912403,
                          0.1877319066213862,
                          0.11671612794518288,
                          0.0829358490336552,
                          0.09671701344752218],
                         [0.0877688306418678,
                          0.1465132595438811,
                          0.13956806912994246,
                          0.08819752383721537,
                          0.0396653117123113,
                          0.1170637474331631,
                          0.07615294926880868,
                          0.11407782278447089]]}]}
load_tensorflow_graph: path = tensorflow/mario-model-simple-2019-07-17/frozen_inference_graph.pb
object_detection_graph = <tensorflow.python.framework.ops.Graph object at 0x7f8edde36e80>
Doing start sequence
Sleeping one second
sending start
sending empty
Found black world screen for the second time. exiting.



Seconds left: 364
Moves to the right: 71
