pygame 1.9.6
Hello from the pygame community. https://www.pygame.org/contribute.html
Loading neural net from gameplay_neural_nets/58/4.nn
net = {'generation': 51,
 'inputs': [],
 'layers': [{'activation': 'sigmoid',
             'bias': [-0.029500712558095797,
                      0.04430064841727952,
                      -0.03049028407589735,
                      0.0014404084049835352,
                      -0.009269668096482402,
                      0.025391603896063125,
                      -0.005675652913587901,
                      -0.024507142471300182],
             'name': 'input',
             'neurons': [],
             'num_neurons': 8,
             'weights': [[0.4402552736422072,
                          0.5137055394550998,
                          0.5132260551371514,
                          0.4602573437446967,
                          0.5018925540263984,
                          0.4795540779338953,
                          0.5204152245169299,
                          0.48860431083864275,
                          0.49636953642833004,
                          0.5485780369431985],
                         [0.4876551259682207,
                          0.5005466947743554,
                          0.5202946179640906,
                          0.4986566978924242,
                          0.5028406244871672,
                          0.4979518209947592,
                          0.4666083618622374,
                          0.46771432190114864,
                          0.5244351215205456,
                          0.5179139844551334],
                         [0.556938141855952,
                          0.5053208823661324,
                          0.4898499744275143,
                          0.47889384498743887,
                          0.4782520821652612,
                          0.5208505660063308,
                          0.5081612659301384,
                          0.46812891357750136,
                          0.46276134992382434,
                          0.5030659924939247],
                         [0.49821980523272474,
                          0.48600426695654547,
                          0.4896405529512809,
                          0.4325406661973474,
                          0.4782465095930362,
                          0.5262207700026904,
                          0.5009550676453287,
                          0.4745327329881873,
                          0.5153997069279864,
                          0.5087932038253635],
                         [0.4996036081554248,
                          0.49532512347383906,
                          0.5327752791812856,
                          0.4629969600625567,
                          0.523017955182287,
                          0.5028350947107891,
                          0.5072461594615111,
                          0.4930648766378571,
                          0.502906771717161,
                          0.5404296334908146],
                         [0.49955743368887945,
                          0.5028413899261832,
                          0.4786654908338057,
                          0.5257283078917258,
                          0.4925310630891186,
                          0.4627560546534361,
                          0.5459833509185251,
                          0.45399046795339704,
                          0.4976950730287622,
                          0.4477837549350023],
                         [0.5498796903339781,
                          0.5065794288785962,
                          0.5068687774813451,
                          0.5062098886139978,
                          0.5129477692752152,
                          0.4962200715671871,
                          0.5459842154446939,
                          0.49085118008618506,
                          0.5130415117229958,
                          0.5083965799425747],
                         [0.49134706793271277,
                          0.4901728967268847,
                          0.4989859384603298,
                          0.5541764929815252,
                          0.5046784705542539,
                          0.492189161350438,
                          0.4472642473839436,
                          0.4630843974025839,
                          0.4713677207577547,
                          0.4850410691315505]]},
            {'activation': 'sigmoid',
             'bias': [-0.029815861360783274,
                      -0.008209122264165787,
                      -0.048522076888953644,
                      -0.0015066557785058058,
                      0.0025757695610188333,
                      -0.04828249292185677],
             'name': 'hidden1',
             'neurons': [],
             'num_neurons': 6,
             'weights': [[0.49563399787424434,
                          0.47599574889679763,
                          0.5212661541690036,
                          0.49497335717662305,
                          0.5393896163067098,
                          0.48508800678819936,
                          0.5390931265920891,
                          0.4861714080780364],
                         [0.5343572621464985,
                          0.5583120215189009,
                          0.5147866124763995,
                          0.45844172423551605,
                          0.45378692455000674,
                          0.5267232442360693,
                          0.4687839725401478,
                          0.5154043608099977],
                         [0.48941480720842495,
                          0.5132444971008129,
                          0.5100776721158242,
                          0.5231885612020326,
                          0.5404192069851845,
                          0.5517149290936261,
                          0.5379065696490619,
                          0.5239921833656387],
                         [0.5036798431835199,
                          0.5007406573649069,
                          0.4805624575759456,
                          0.5007517294824781,
                          0.46880367146719476,
                          0.4932461649421547,
                          0.5073250876916084,
                          0.5054568573167564],
                         [0.4649984223876139,
                          0.5604414538283964,
                          0.5176146585673191,
                          0.47703633892903263,
                          0.5092421979656182,
                          0.4944351522859894,
                          0.522646494369197,
                          0.5090582436973505],
                         [0.4415030296241395,
                          0.5081227311255427,
                          0.48967127033819197,
                          0.4794282764764188,
                          0.46288719820699015,
                          0.4820448499468866,
                          0.47749595210533147,
                          0.5153577749290169],
                         [0.4735943380433645,
                          0.4858951957910111,
                          0.5318126582347265,
                          0.5200356160566607,
                          0.47667736944536904,
                          0.49264380973040106,
                          0.5288895487387821,
                          0.4886669228428952],
                         [0.49715678263891855,
                          0.5484758761653828,
                          0.4891080552357424,
                          0.510445192316663,
                          0.5266569550238507,
                          0.5040317141352584,
                          0.4882112215249,
                          0.48198170333847495]]},
            {'activation': 'sigmoid',
             'bias': [-0.02236753452399361,
                      0.019935430425790164,
                      -0.00942331279103059,
                      0.017381781437985362,
                      0.029353309033514643],
             'name': 'output',
             'neurons': [],
             'num_neurons': 5,
             'weights': [[0.4753947484172492,
                          0.5051326242463936,
                          0.5363616653488557,
                          0.4878995987461728,
                          0.4955119832006649,
                          0.4875977733010799],
                         [0.5270502659040461,
                          0.5230847849086783,
                          0.4555852297563881,
                          0.4900768193540586,
                          0.5052478730983264,
                          0.4919663210458625],
                         [0.5101003119635596,
                          0.5054437752025043,
                          0.46136685464925153,
                          0.5116286848547845,
                          0.5430081803026133,
                          0.4822338764237393],
                         [0.4988624194277442,
                          0.4761157756413906,
                          0.5194312239753085,
                          0.4879679209990433,
                          0.4950815996047296,
                          0.5011015663412756],
                         [0.5118984736396126,
                          0.5206234366432408,
                          0.4544231882935235,
                          0.5416744624862123,
                          0.502763396981648,
                          0.49482551343013165],
                         [0.5017579366679933,
                          0.5165396233852643,
                          0.4924733692931247,
                          0.47204333330270926,
                          0.4850574510746235,
                          0.4698474191047592]]}]}
{'generation': 51,
 'inputs': [],
 'layers': [{'activation': 'sigmoid',
             'bias': [-0.029500712558095797,
                      0.04430064841727952,
                      -0.03049028407589735,
                      0.0014404084049835352,
                      -0.009269668096482402,
                      0.025391603896063125,
                      -0.005675652913587901,
                      -0.024507142471300182],
             'name': 'input',
             'neurons': [<gameplay.Neuron object at 0x7f2b6fead7b8>,
                         <gameplay.Neuron object at 0x7f2b6fead780>,
                         <gameplay.Neuron object at 0x7f2b6fead198>,
                         <gameplay.Neuron object at 0x7f2b6feadac8>,
                         <gameplay.Neuron object at 0x7f2b6feadb70>,
                         <gameplay.Neuron object at 0x7f2b6feadb00>,
                         <gameplay.Neuron object at 0x7f2b6feadc18>,
                         <gameplay.Neuron object at 0x7f2b6feadc50>],
             'num_neurons': 8,
             'weights': [[0.4402552736422072,
                          0.5137055394550998,
                          0.5132260551371514,
                          0.4602573437446967,
                          0.5018925540263984,
                          0.4795540779338953,
                          0.5204152245169299,
                          0.48860431083864275,
                          0.49636953642833004,
                          0.5485780369431985],
                         [0.4876551259682207,
                          0.5005466947743554,
                          0.5202946179640906,
                          0.4986566978924242,
                          0.5028406244871672,
                          0.4979518209947592,
                          0.4666083618622374,
                          0.46771432190114864,
                          0.5244351215205456,
                          0.5179139844551334],
                         [0.556938141855952,
                          0.5053208823661324,
                          0.4898499744275143,
                          0.47889384498743887,
                          0.4782520821652612,
                          0.5208505660063308,
                          0.5081612659301384,
                          0.46812891357750136,
                          0.46276134992382434,
                          0.5030659924939247],
                         [0.49821980523272474,
                          0.48600426695654547,
                          0.4896405529512809,
                          0.4325406661973474,
                          0.4782465095930362,
                          0.5262207700026904,
                          0.5009550676453287,
                          0.4745327329881873,
                          0.5153997069279864,
                          0.5087932038253635],
                         [0.4996036081554248,
                          0.49532512347383906,
                          0.5327752791812856,
                          0.4629969600625567,
                          0.523017955182287,
                          0.5028350947107891,
                          0.5072461594615111,
                          0.4930648766378571,
                          0.502906771717161,
                          0.5404296334908146],
                         [0.49955743368887945,
                          0.5028413899261832,
                          0.4786654908338057,
                          0.5257283078917258,
                          0.4925310630891186,
                          0.4627560546534361,
                          0.5459833509185251,
                          0.45399046795339704,
                          0.4976950730287622,
                          0.4477837549350023],
                         [0.5498796903339781,
                          0.5065794288785962,
                          0.5068687774813451,
                          0.5062098886139978,
                          0.5129477692752152,
                          0.4962200715671871,
                          0.5459842154446939,
                          0.49085118008618506,
                          0.5130415117229958,
                          0.5083965799425747],
                         [0.49134706793271277,
                          0.4901728967268847,
                          0.4989859384603298,
                          0.5541764929815252,
                          0.5046784705542539,
                          0.492189161350438,
                          0.4472642473839436,
                          0.4630843974025839,
                          0.4713677207577547,
                          0.4850410691315505]]},
            {'activation': 'sigmoid',
             'bias': [-0.029815861360783274,
                      -0.008209122264165787,
                      -0.048522076888953644,
                      -0.0015066557785058058,
                      0.0025757695610188333,
                      -0.04828249292185677],
             'name': 'hidden1',
             'neurons': [<gameplay.Neuron object at 0x7f2b6feadc88>,
                         <gameplay.Neuron object at 0x7f2b6feadcc0>,
                         <gameplay.Neuron object at 0x7f2b6feadd30>,
                         <gameplay.Neuron object at 0x7f2b6feadcf8>,
                         <gameplay.Neuron object at 0x7f2b6feadd68>,
                         <gameplay.Neuron object at 0x7f2b6feaddd8>],
             'num_neurons': 6,
             'weights': [[0.49563399787424434,
                          0.47599574889679763,
                          0.5212661541690036,
                          0.49497335717662305,
                          0.5393896163067098,
                          0.48508800678819936,
                          0.5390931265920891,
                          0.4861714080780364],
                         [0.5343572621464985,
                          0.5583120215189009,
                          0.5147866124763995,
                          0.45844172423551605,
                          0.45378692455000674,
                          0.5267232442360693,
                          0.4687839725401478,
                          0.5154043608099977],
                         [0.48941480720842495,
                          0.5132444971008129,
                          0.5100776721158242,
                          0.5231885612020326,
                          0.5404192069851845,
                          0.5517149290936261,
                          0.5379065696490619,
                          0.5239921833656387],
                         [0.5036798431835199,
                          0.5007406573649069,
                          0.4805624575759456,
                          0.5007517294824781,
                          0.46880367146719476,
                          0.4932461649421547,
                          0.5073250876916084,
                          0.5054568573167564],
                         [0.4649984223876139,
                          0.5604414538283964,
                          0.5176146585673191,
                          0.47703633892903263,
                          0.5092421979656182,
                          0.4944351522859894,
                          0.522646494369197,
                          0.5090582436973505],
                         [0.4415030296241395,
                          0.5081227311255427,
                          0.48967127033819197,
                          0.4794282764764188,
                          0.46288719820699015,
                          0.4820448499468866,
                          0.47749595210533147,
                          0.5153577749290169],
                         [0.4735943380433645,
                          0.4858951957910111,
                          0.5318126582347265,
                          0.5200356160566607,
                          0.47667736944536904,
                          0.49264380973040106,
                          0.5288895487387821,
                          0.4886669228428952],
                         [0.49715678263891855,
                          0.5484758761653828,
                          0.4891080552357424,
                          0.510445192316663,
                          0.5266569550238507,
                          0.5040317141352584,
                          0.4882112215249,
                          0.48198170333847495]]},
            {'activation': 'sigmoid',
             'bias': [-0.02236753452399361,
                      0.019935430425790164,
                      -0.00942331279103059,
                      0.017381781437985362,
                      0.029353309033514643],
             'name': 'output',
             'neurons': [<gameplay.Neuron object at 0x7f2b6feadda0>,
                         <gameplay.Neuron object at 0x7f2b6feade10>,
                         <gameplay.Neuron object at 0x7f2b6feadb38>,
                         <gameplay.Neuron object at 0x7f2b6feadba8>,
                         <gameplay.Neuron object at 0x7f2b6feadbe0>],
             'num_neurons': 5,
             'weights': [[0.4753947484172492,
                          0.5051326242463936,
                          0.5363616653488557,
                          0.4878995987461728,
                          0.4955119832006649,
                          0.4875977733010799],
                         [0.5270502659040461,
                          0.5230847849086783,
                          0.4555852297563881,
                          0.4900768193540586,
                          0.5052478730983264,
                          0.4919663210458625],
                         [0.5101003119635596,
                          0.5054437752025043,
                          0.46136685464925153,
                          0.5116286848547845,
                          0.5430081803026133,
                          0.4822338764237393],
                         [0.4988624194277442,
                          0.4761157756413906,
                          0.5194312239753085,
                          0.4879679209990433,
                          0.4950815996047296,
                          0.5011015663412756],
                         [0.5118984736396126,
                          0.5206234366432408,
                          0.4544231882935235,
                          0.5416744624862123,
                          0.502763396981648,
                          0.49482551343013165],
                         [0.5017579366679933,
                          0.5165396233852643,
                          0.4924733692931247,
                          0.47204333330270926,
                          0.4850574510746235,
                          0.4698474191047592]]}]}
load_tensorflow_graph: path = tensorflow/mario-model-simple-2019-07-17/frozen_inference_graph.pb
object_detection_graph = <tensorflow.python.framework.ops.Graph object at 0x7f2b6feadf28>
Doing start sequence
Sleeping one second
sending start
sending empty
Found black world screen for the second time. exiting.



Seconds left: 373
Moves to the right: 70
frame count: 129
time start:  1568171919.932148,   time_now: 1568171933.7434714
