pygame 1.9.6
Hello from the pygame community. https://www.pygame.org/contribute.html
Loading neural net from gameplay_neural_nets/58/5.nn
net = {'generation': 51,
 'inputs': [],
 'layers': [{'activation': 'sigmoid',
             'bias': [-0.037081028602243146,
                      0.03896427437401137,
                      -0.037446458715091765,
                      0.009601408797497095,
                      -0.01822421095087567,
                      0.02033064570927552,
                      -0.005675652913587901,
                      -0.024507142471300182],
             'name': 'input',
             'neurons': [],
             'num_neurons': 8,
             'weights': [[0.4452590827355029,
                          0.5186432633142135,
                          0.5132260551371514,
                          0.465260817225345,
                          0.5018925540263984,
                          0.47200477721660905,
                          0.5268429231115213,
                          0.48860431083864275,
                          0.49636953642833004,
                          0.5391196572286502],
                         [0.48240685437341163,
                          0.4970018543272537,
                          0.529774801305147,
                          0.5080322850562655,
                          0.504107922989052,
                          0.5039335299018288,
                          0.4696669346544531,
                          0.4754256385778051,
                          0.5362445903255948,
                          0.5102365657801631],
                         [0.554246450155688,
                          0.4959193941539474,
                          0.49886068047832927,
                          0.4747433972978687,
                          0.46943808298704537,
                          0.5208311787398355,
                          0.5030976298244675,
                          0.46812891357750136,
                          0.4594979785261501,
                          0.4999815084047657],
                         [0.4932871488427115,
                          0.47762062803929184,
                          0.4896405529512809,
                          0.4273754899408447,
                          0.47178454596766445,
                          0.5310930735485394,
                          0.5045806875464638,
                          0.4761420484868073,
                          0.50937340323973,
                          0.5018078667002781],
                         [0.5087204941130606,
                          0.49532512347383906,
                          0.5293431542925275,
                          0.4711220842492088,
                          0.5235663016618124,
                          0.5028350947107891,
                          0.5130054508533838,
                          0.4930648766378571,
                          0.502906771717161,
                          0.5459903089977923],
                         [0.49955743368887945,
                          0.5028413899261832,
                          0.4836920452996571,
                          0.5257283078917258,
                          0.4928859536927031,
                          0.4705864207323432,
                          0.5476496069337311,
                          0.45460978928659,
                          0.49206955257233775,
                          0.44261190004852635],
                         [0.5479387701963148,
                          0.5065794288785962,
                          0.5068687774813451,
                          0.5062098886139978,
                          0.5129477692752152,
                          0.49458594348862805,
                          0.5472503763310985,
                          0.49495269072115355,
                          0.5113641792473157,
                          0.5083965799425747],
                         [0.4998220838097684,
                          0.4914853454144375,
                          0.4936263974680842,
                          0.5444530318993037,
                          0.504804318716087,
                          0.4834095988173339,
                          0.4460906951887983,
                          0.4717920189099168,
                          0.478413792033721,
                          0.47924849495815774]]},
            {'activation': 'sigmoid',
             'bias': [-0.035421702041137024,
                      -0.008209122264165787,
                      -0.049678448955645445,
                      -0.0015066557785058058,
                      0.006142953308684739,
                      -0.055424547510297004],
             'name': 'hidden1',
             'neurons': [],
             'num_neurons': 6,
             'weights': [[0.49130024570518505,
                          0.4775207048975551,
                          0.5212661541690036,
                          0.502035449792675,
                          0.5389565065575824,
                          0.4755141090785468,
                          0.534638800493019,
                          0.5014868537204602],
                         [0.5258390445270857,
                          0.5587287135475718,
                          0.5147866124763995,
                          0.45092884790015975,
                          0.4438127881351108,
                          0.5267232442360693,
                          0.46957776859087264,
                          0.5154043608099977],
                         [0.4981434520604521,
                          0.5132444971008129,
                          0.5100776721158242,
                          0.5259744480197911,
                          0.5409441242238509,
                          0.5517149290936261,
                          0.5240744781493142,
                          0.5283160325423055],
                         [0.5045408686581985,
                          0.5017860778357366,
                          0.4805624575759456,
                          0.49043861676438094,
                          0.46880367146719476,
                          0.4932461649421547,
                          0.5073250876916084,
                          0.5054568573167564],
                         [0.4749352035153549,
                          0.5604414538283964,
                          0.5089096365108704,
                          0.47365189161947796,
                          0.5092421979656182,
                          0.5043869174655178,
                          0.5147872129442129,
                          0.5184623453543492],
                         [0.448971936233917,
                          0.5038632405916961,
                          0.49571366733005023,
                          0.4794282764764188,
                          0.4723001960022403,
                          0.4872619655046435,
                          0.4864418732657217,
                          0.5153577749290169],
                         [0.4735943380433645,
                          0.485197049529416,
                          0.5295071404434282,
                          0.5276737105384623,
                          0.48352670421500255,
                          0.49264380973040106,
                          0.5372615744180093,
                          0.4933591396763476],
                         [0.5048140492215567,
                          0.5484758761653828,
                          0.4891080552357424,
                          0.5104768340230426,
                          0.5343491654200789,
                          0.49469392427019376,
                          0.4882112215249,
                          0.48198170333847495]]},
            {'activation': 'sigmoid',
             'bias': [-0.023086978896924033,
                      0.02237557570466901,
                      -0.00942331279103059,
                      0.027856237728577316,
                      0.023768640191482893],
             'name': 'output',
             'neurons': [],
             'num_neurons': 5,
             'weights': [[0.4753947484172492,
                          0.4955708162101452,
                          0.529859989137473,
                          0.49315835101496314,
                          0.4955119832006649,
                          0.4875977733010799],
                         [0.5224681345019191,
                          0.5230847849086783,
                          0.4555852297563881,
                          0.4900768193540586,
                          0.5096514126048602,
                          0.4919663210458625],
                         [0.5012296524813457,
                          0.5054437752025043,
                          0.46136685464925153,
                          0.5116286848547845,
                          0.5430081803026133,
                          0.4822338764237393],
                         [0.5041363360290609,
                          0.4761157756413906,
                          0.5102385916366958,
                          0.4879679209990433,
                          0.49685294409708103,
                          0.5011015663412756],
                         [0.5063358619085737,
                          0.5206234366432408,
                          0.45782029743990665,
                          0.5497242074236274,
                          0.5101820484065213,
                          0.49482551343013165],
                         [0.4951795412891807,
                          0.5208152799440998,
                          0.4924733692931247,
                          0.47204333330270926,
                          0.4850574510746235,
                          0.4684091739652216]]}]}
{'generation': 51,
 'inputs': [],
 'layers': [{'activation': 'sigmoid',
             'bias': [-0.037081028602243146,
                      0.03896427437401137,
                      -0.037446458715091765,
                      0.009601408797497095,
                      -0.01822421095087567,
                      0.02033064570927552,
                      -0.005675652913587901,
                      -0.024507142471300182],
             'name': 'input',
             'neurons': [<gameplay.Neuron object at 0x7f100fa9a828>,
                         <gameplay.Neuron object at 0x7f100fa9a7f0>,
                         <gameplay.Neuron object at 0x7f100fa9a208>,
                         <gameplay.Neuron object at 0x7f100fa9ab38>,
                         <gameplay.Neuron object at 0x7f100fa9abe0>,
                         <gameplay.Neuron object at 0x7f100fa9ab70>,
                         <gameplay.Neuron object at 0x7f100fa9ac88>,
                         <gameplay.Neuron object at 0x7f100fa9acc0>],
             'num_neurons': 8,
             'weights': [[0.4452590827355029,
                          0.5186432633142135,
                          0.5132260551371514,
                          0.465260817225345,
                          0.5018925540263984,
                          0.47200477721660905,
                          0.5268429231115213,
                          0.48860431083864275,
                          0.49636953642833004,
                          0.5391196572286502],
                         [0.48240685437341163,
                          0.4970018543272537,
                          0.529774801305147,
                          0.5080322850562655,
                          0.504107922989052,
                          0.5039335299018288,
                          0.4696669346544531,
                          0.4754256385778051,
                          0.5362445903255948,
                          0.5102365657801631],
                         [0.554246450155688,
                          0.4959193941539474,
                          0.49886068047832927,
                          0.4747433972978687,
                          0.46943808298704537,
                          0.5208311787398355,
                          0.5030976298244675,
                          0.46812891357750136,
                          0.4594979785261501,
                          0.4999815084047657],
                         [0.4932871488427115,
                          0.47762062803929184,
                          0.4896405529512809,
                          0.4273754899408447,
                          0.47178454596766445,
                          0.5310930735485394,
                          0.5045806875464638,
                          0.4761420484868073,
                          0.50937340323973,
                          0.5018078667002781],
                         [0.5087204941130606,
                          0.49532512347383906,
                          0.5293431542925275,
                          0.4711220842492088,
                          0.5235663016618124,
                          0.5028350947107891,
                          0.5130054508533838,
                          0.4930648766378571,
                          0.502906771717161,
                          0.5459903089977923],
                         [0.49955743368887945,
                          0.5028413899261832,
                          0.4836920452996571,
                          0.5257283078917258,
                          0.4928859536927031,
                          0.4705864207323432,
                          0.5476496069337311,
                          0.45460978928659,
                          0.49206955257233775,
                          0.44261190004852635],
                         [0.5479387701963148,
                          0.5065794288785962,
                          0.5068687774813451,
                          0.5062098886139978,
                          0.5129477692752152,
                          0.49458594348862805,
                          0.5472503763310985,
                          0.49495269072115355,
                          0.5113641792473157,
                          0.5083965799425747],
                         [0.4998220838097684,
                          0.4914853454144375,
                          0.4936263974680842,
                          0.5444530318993037,
                          0.504804318716087,
                          0.4834095988173339,
                          0.4460906951887983,
                          0.4717920189099168,
                          0.478413792033721,
                          0.47924849495815774]]},
            {'activation': 'sigmoid',
             'bias': [-0.035421702041137024,
                      -0.008209122264165787,
                      -0.049678448955645445,
                      -0.0015066557785058058,
                      0.006142953308684739,
                      -0.055424547510297004],
             'name': 'hidden1',
             'neurons': [<gameplay.Neuron object at 0x7f100fa9acf8>,
                         <gameplay.Neuron object at 0x7f100fa9ad30>,
                         <gameplay.Neuron object at 0x7f100fa9ada0>,
                         <gameplay.Neuron object at 0x7f100fa9ad68>,
                         <gameplay.Neuron object at 0x7f100fa9add8>,
                         <gameplay.Neuron object at 0x7f100fa9ae48>],
             'num_neurons': 6,
             'weights': [[0.49130024570518505,
                          0.4775207048975551,
                          0.5212661541690036,
                          0.502035449792675,
                          0.5389565065575824,
                          0.4755141090785468,
                          0.534638800493019,
                          0.5014868537204602],
                         [0.5258390445270857,
                          0.5587287135475718,
                          0.5147866124763995,
                          0.45092884790015975,
                          0.4438127881351108,
                          0.5267232442360693,
                          0.46957776859087264,
                          0.5154043608099977],
                         [0.4981434520604521,
                          0.5132444971008129,
                          0.5100776721158242,
                          0.5259744480197911,
                          0.5409441242238509,
                          0.5517149290936261,
                          0.5240744781493142,
                          0.5283160325423055],
                         [0.5045408686581985,
                          0.5017860778357366,
                          0.4805624575759456,
                          0.49043861676438094,
                          0.46880367146719476,
                          0.4932461649421547,
                          0.5073250876916084,
                          0.5054568573167564],
                         [0.4749352035153549,
                          0.5604414538283964,
                          0.5089096365108704,
                          0.47365189161947796,
                          0.5092421979656182,
                          0.5043869174655178,
                          0.5147872129442129,
                          0.5184623453543492],
                         [0.448971936233917,
                          0.5038632405916961,
                          0.49571366733005023,
                          0.4794282764764188,
                          0.4723001960022403,
                          0.4872619655046435,
                          0.4864418732657217,
                          0.5153577749290169],
                         [0.4735943380433645,
                          0.485197049529416,
                          0.5295071404434282,
                          0.5276737105384623,
                          0.48352670421500255,
                          0.49264380973040106,
                          0.5372615744180093,
                          0.4933591396763476],
                         [0.5048140492215567,
                          0.5484758761653828,
                          0.4891080552357424,
                          0.5104768340230426,
                          0.5343491654200789,
                          0.49469392427019376,
                          0.4882112215249,
                          0.48198170333847495]]},
            {'activation': 'sigmoid',
             'bias': [-0.023086978896924033,
                      0.02237557570466901,
                      -0.00942331279103059,
                      0.027856237728577316,
                      0.023768640191482893],
             'name': 'output',
             'neurons': [<gameplay.Neuron object at 0x7f100fa9ae10>,
                         <gameplay.Neuron object at 0x7f100fa9ae80>,
                         <gameplay.Neuron object at 0x7f100fa9aba8>,
                         <gameplay.Neuron object at 0x7f100fa9ac18>,
                         <gameplay.Neuron object at 0x7f100fa9ac50>],
             'num_neurons': 5,
             'weights': [[0.4753947484172492,
                          0.4955708162101452,
                          0.529859989137473,
                          0.49315835101496314,
                          0.4955119832006649,
                          0.4875977733010799],
                         [0.5224681345019191,
                          0.5230847849086783,
                          0.4555852297563881,
                          0.4900768193540586,
                          0.5096514126048602,
                          0.4919663210458625],
                         [0.5012296524813457,
                          0.5054437752025043,
                          0.46136685464925153,
                          0.5116286848547845,
                          0.5430081803026133,
                          0.4822338764237393],
                         [0.5041363360290609,
                          0.4761157756413906,
                          0.5102385916366958,
                          0.4879679209990433,
                          0.49685294409708103,
                          0.5011015663412756],
                         [0.5063358619085737,
                          0.5206234366432408,
                          0.45782029743990665,
                          0.5497242074236274,
                          0.5101820484065213,
                          0.49482551343013165],
                         [0.4951795412891807,
                          0.5208152799440998,
                          0.4924733692931247,
                          0.47204333330270926,
                          0.4850574510746235,
                          0.4684091739652216]]}]}
load_tensorflow_graph: path = tensorflow/mario-model-simple-2019-07-17/frozen_inference_graph.pb
object_detection_graph = <tensorflow.python.framework.ops.Graph object at 0x7f100fa9af98>
Doing start sequence
Sleeping one second
sending start
sending empty
Found black world screen for the second time. exiting.



Seconds left: 353
Moves to the right: 132
frame count: 198
time start:  1568171939.3309867,   time_now: 1568171960.102973
