pygame 1.9.6
Hello from the pygame community. https://www.pygame.org/contribute.html
Loading neural net from gameplay_neural_nets/55/6.nn
net = {'generation': 48,
 'inputs': [],
 'layers': [{'activation': 'sigmoid',
             'bias': [-0.03176381205458904,
                      0.03896427437401137,
                      -0.042174264460760676,
                      0.020554925593018167,
                      -0.011913693067658255,
                      0.016962047097549518,
                      -0.016393940437793266,
                      -0.02296570832403857],
             'name': 'input',
             'neurons': [],
             'num_neurons': 8,
             'weights': [[0.4452590827355029,
                          0.500526301417821,
                          0.5058376372395436,
                          0.4593416124805684,
                          0.5148655727044965,
                          0.46578132966005065,
                          0.5272848284280671,
                          0.49132296119311547,
                          0.49404540812918324,
                          0.5297568802803733],
                         [0.4670001241911864,
                          0.49310349259086234,
                          0.5306524162199278,
                          0.5056555452765193,
                          0.5060284847395685,
                          0.49963215060340227,
                          0.466450984848071,
                          0.4669457459757446,
                          0.5281190431822547,
                          0.5203899443793235],
                         [0.5564525839871074,
                          0.5138809706920565,
                          0.48848087066569773,
                          0.4700415931450053,
                          0.46493248606426163,
                          0.5012798529975614,
                          0.516733459154903,
                          0.47052161610622606,
                          0.4581181736297077,
                          0.5098691540155709],
                         [0.5114886046256206,
                          0.47362753227180565,
                          0.496243354712815,
                          0.4281451372795687,
                          0.4869068498463222,
                          0.5305483266619516,
                          0.5105295573425266,
                          0.47319527044146287,
                          0.5093921503164782,
                          0.5056975758596904],
                         [0.5017583555240919,
                          0.49384081315922485,
                          0.5326080007427456,
                          0.4769270317405206,
                          0.5107647148215732,
                          0.498967202175657,
                          0.5160702257205132,
                          0.5011060680036271,
                          0.5041210830823094,
                          0.5426088571770857],
                         [0.492835077177279,
                          0.510987776459467,
                          0.4841232365099727,
                          0.5356993693855177,
                          0.48743650380505915,
                          0.4714379264098361,
                          0.5391934569996267,
                          0.4533297163710202,
                          0.5102625363281951,
                          0.45070375839917415],
                         [0.5486143392747809,
                          0.505796445672796,
                          0.5096103445942826,
                          0.4902824426461636,
                          0.5242877642221722,
                          0.48702580600461604,
                          0.5374113172105216,
                          0.48522083221079604,
                          0.5208909334555405,
                          0.5035446867580881],
                         [0.5007569753721651,
                          0.4888541439820731,
                          0.48153882177956914,
                          0.5503060728667463,
                          0.5046784705542539,
                          0.492189161350438,
                          0.4472642473839436,
                          0.4848434390461918,
                          0.48576990957763155,
                          0.47924849495815774]]},
            {'activation': 'sigmoid',
             'bias': [-0.024955679208094654,
                      -0.008000845600972467,
                      -0.036937042260215394,
                      -0.009540625307797505,
                      0.01271028508282178,
                      -0.03550681741760471],
             'name': 'hidden1',
             'neurons': [],
             'num_neurons': 6,
             'weights': [[0.48584109938664133,
                          0.4814288611337479,
                          0.524478651642665,
                          0.502035449792675,
                          0.544578160715007,
                          0.4739449112245457,
                          0.534638800493019,
                          0.4967370216491178],
                         [0.5247150961398026,
                          0.5338517561208137,
                          0.508432403445326,
                          0.47924928432923697,
                          0.45248347441604786,
                          0.517819202191547,
                          0.4663839980960157,
                          0.51039134619428],
                         [0.506886496004272,
                          0.5132444971008129,
                          0.522987695027375,
                          0.5185028035347276,
                          0.5458729602321941,
                          0.5494417217121051,
                          0.5243334617295643,
                          0.5283160325423055],
                         [0.5085703449649844,
                          0.49880196819992856,
                          0.4823635520326918,
                          0.49307893944127157,
                          0.46366109656303967,
                          0.4991967682016346,
                          0.49766821571492437,
                          0.5123054643301029],
                         [0.4849875748613395,
                          0.5456730321550978,
                          0.515920621356132,
                          0.4759158137237634,
                          0.5004679995987972,
                          0.48910858480729297,
                          0.5286850344166135,
                          0.5170439312062199],
                         [0.45324206754939766,
                          0.4993850039685732,
                          0.4947077877432845,
                          0.463617580971117,
                          0.46834094051442265,
                          0.47635965776807637,
                          0.48179589237967735,
                          0.5028502706355179],
                         [0.4766843375963927,
                          0.4840674961590656,
                          0.5394412326475141,
                          0.5172820089635185,
                          0.4838847461490183,
                          0.48319088285001427,
                          0.5372615744180093,
                          0.48817284171489367],
                         [0.5196200298425074,
                          0.5466757331239935,
                          0.5013833293254109,
                          0.511044679329879,
                          0.5343491654200789,
                          0.49742546334325566,
                          0.4882112215249,
                          0.48198170333847495]]},
            {'activation': 'sigmoid',
             'bias': [-0.010822442252230542,
                      0.022698319343206128,
                      -0.00942331279103059,
                      0.021079761567832547,
                      0.019873707545220654],
             'name': 'output',
             'neurons': [],
             'num_neurons': 5,
             'weights': [[0.48338872963578067,
                          0.4937873028319264,
                          0.5223491471300388,
                          0.501168549529551,
                          0.5050077048315068,
                          0.4934196494090202],
                         [0.5171217449729231,
                          0.5031049574714085,
                          0.4555852297563881,
                          0.49116412000914905,
                          0.5204971474803941,
                          0.4919663210458625],
                         [0.5121372288429704,
                          0.5115450942955974,
                          0.4700922419374524,
                          0.5032728890156304,
                          0.5331823685827951,
                          0.4822338764237393],
                         [0.501298147947008,
                          0.4799055424746618,
                          0.5064594610817473,
                          0.48323013401314985,
                          0.49685294409708103,
                          0.5065145259761276],
                         [0.5157783228209175,
                          0.5112418292816102,
                          0.4544231882935235,
                          0.5354427652463969,
                          0.501241367540486,
                          0.4877470804085239],
                         [0.5022781204537294,
                          0.5051661768145891,
                          0.5020813856751831,
                          0.47795292545758766,
                          0.4850574510746235,
                          0.46268290598172507]]}]}
{'generation': 48,
 'inputs': [],
 'layers': [{'activation': 'sigmoid',
             'bias': [-0.03176381205458904,
                      0.03896427437401137,
                      -0.042174264460760676,
                      0.020554925593018167,
                      -0.011913693067658255,
                      0.016962047097549518,
                      -0.016393940437793266,
                      -0.02296570832403857],
             'name': 'input',
             'neurons': [<gameplay.Neuron object at 0x7f937a5bf828>,
                         <gameplay.Neuron object at 0x7f937a5bf7f0>,
                         <gameplay.Neuron object at 0x7f937a5bf208>,
                         <gameplay.Neuron object at 0x7f937a5bfb38>,
                         <gameplay.Neuron object at 0x7f937a5bfbe0>,
                         <gameplay.Neuron object at 0x7f937a5bfb70>,
                         <gameplay.Neuron object at 0x7f937a5bfc88>,
                         <gameplay.Neuron object at 0x7f937a5bfcc0>],
             'num_neurons': 8,
             'weights': [[0.4452590827355029,
                          0.500526301417821,
                          0.5058376372395436,
                          0.4593416124805684,
                          0.5148655727044965,
                          0.46578132966005065,
                          0.5272848284280671,
                          0.49132296119311547,
                          0.49404540812918324,
                          0.5297568802803733],
                         [0.4670001241911864,
                          0.49310349259086234,
                          0.5306524162199278,
                          0.5056555452765193,
                          0.5060284847395685,
                          0.49963215060340227,
                          0.466450984848071,
                          0.4669457459757446,
                          0.5281190431822547,
                          0.5203899443793235],
                         [0.5564525839871074,
                          0.5138809706920565,
                          0.48848087066569773,
                          0.4700415931450053,
                          0.46493248606426163,
                          0.5012798529975614,
                          0.516733459154903,
                          0.47052161610622606,
                          0.4581181736297077,
                          0.5098691540155709],
                         [0.5114886046256206,
                          0.47362753227180565,
                          0.496243354712815,
                          0.4281451372795687,
                          0.4869068498463222,
                          0.5305483266619516,
                          0.5105295573425266,
                          0.47319527044146287,
                          0.5093921503164782,
                          0.5056975758596904],
                         [0.5017583555240919,
                          0.49384081315922485,
                          0.5326080007427456,
                          0.4769270317405206,
                          0.5107647148215732,
                          0.498967202175657,
                          0.5160702257205132,
                          0.5011060680036271,
                          0.5041210830823094,
                          0.5426088571770857],
                         [0.492835077177279,
                          0.510987776459467,
                          0.4841232365099727,
                          0.5356993693855177,
                          0.48743650380505915,
                          0.4714379264098361,
                          0.5391934569996267,
                          0.4533297163710202,
                          0.5102625363281951,
                          0.45070375839917415],
                         [0.5486143392747809,
                          0.505796445672796,
                          0.5096103445942826,
                          0.4902824426461636,
                          0.5242877642221722,
                          0.48702580600461604,
                          0.5374113172105216,
                          0.48522083221079604,
                          0.5208909334555405,
                          0.5035446867580881],
                         [0.5007569753721651,
                          0.4888541439820731,
                          0.48153882177956914,
                          0.5503060728667463,
                          0.5046784705542539,
                          0.492189161350438,
                          0.4472642473839436,
                          0.4848434390461918,
                          0.48576990957763155,
                          0.47924849495815774]]},
            {'activation': 'sigmoid',
             'bias': [-0.024955679208094654,
                      -0.008000845600972467,
                      -0.036937042260215394,
                      -0.009540625307797505,
                      0.01271028508282178,
                      -0.03550681741760471],
             'name': 'hidden1',
             'neurons': [<gameplay.Neuron object at 0x7f937a5bfcf8>,
                         <gameplay.Neuron object at 0x7f937a5bfd30>,
                         <gameplay.Neuron object at 0x7f937a5bfda0>,
                         <gameplay.Neuron object at 0x7f937a5bfd68>,
                         <gameplay.Neuron object at 0x7f937a5bfdd8>,
                         <gameplay.Neuron object at 0x7f937a5bfe48>],
             'num_neurons': 6,
             'weights': [[0.48584109938664133,
                          0.4814288611337479,
                          0.524478651642665,
                          0.502035449792675,
                          0.544578160715007,
                          0.4739449112245457,
                          0.534638800493019,
                          0.4967370216491178],
                         [0.5247150961398026,
                          0.5338517561208137,
                          0.508432403445326,
                          0.47924928432923697,
                          0.45248347441604786,
                          0.517819202191547,
                          0.4663839980960157,
                          0.51039134619428],
                         [0.506886496004272,
                          0.5132444971008129,
                          0.522987695027375,
                          0.5185028035347276,
                          0.5458729602321941,
                          0.5494417217121051,
                          0.5243334617295643,
                          0.5283160325423055],
                         [0.5085703449649844,
                          0.49880196819992856,
                          0.4823635520326918,
                          0.49307893944127157,
                          0.46366109656303967,
                          0.4991967682016346,
                          0.49766821571492437,
                          0.5123054643301029],
                         [0.4849875748613395,
                          0.5456730321550978,
                          0.515920621356132,
                          0.4759158137237634,
                          0.5004679995987972,
                          0.48910858480729297,
                          0.5286850344166135,
                          0.5170439312062199],
                         [0.45324206754939766,
                          0.4993850039685732,
                          0.4947077877432845,
                          0.463617580971117,
                          0.46834094051442265,
                          0.47635965776807637,
                          0.48179589237967735,
                          0.5028502706355179],
                         [0.4766843375963927,
                          0.4840674961590656,
                          0.5394412326475141,
                          0.5172820089635185,
                          0.4838847461490183,
                          0.48319088285001427,
                          0.5372615744180093,
                          0.48817284171489367],
                         [0.5196200298425074,
                          0.5466757331239935,
                          0.5013833293254109,
                          0.511044679329879,
                          0.5343491654200789,
                          0.49742546334325566,
                          0.4882112215249,
                          0.48198170333847495]]},
            {'activation': 'sigmoid',
             'bias': [-0.010822442252230542,
                      0.022698319343206128,
                      -0.00942331279103059,
                      0.021079761567832547,
                      0.019873707545220654],
             'name': 'output',
             'neurons': [<gameplay.Neuron object at 0x7f937a5bfe10>,
                         <gameplay.Neuron object at 0x7f937a5bfe80>,
                         <gameplay.Neuron object at 0x7f937a5bfba8>,
                         <gameplay.Neuron object at 0x7f937a5bfc18>,
                         <gameplay.Neuron object at 0x7f937a5bfc50>],
             'num_neurons': 5,
             'weights': [[0.48338872963578067,
                          0.4937873028319264,
                          0.5223491471300388,
                          0.501168549529551,
                          0.5050077048315068,
                          0.4934196494090202],
                         [0.5171217449729231,
                          0.5031049574714085,
                          0.4555852297563881,
                          0.49116412000914905,
                          0.5204971474803941,
                          0.4919663210458625],
                         [0.5121372288429704,
                          0.5115450942955974,
                          0.4700922419374524,
                          0.5032728890156304,
                          0.5331823685827951,
                          0.4822338764237393],
                         [0.501298147947008,
                          0.4799055424746618,
                          0.5064594610817473,
                          0.48323013401314985,
                          0.49685294409708103,
                          0.5065145259761276],
                         [0.5157783228209175,
                          0.5112418292816102,
                          0.4544231882935235,
                          0.5354427652463969,
                          0.501241367540486,
                          0.4877470804085239],
                         [0.5022781204537294,
                          0.5051661768145891,
                          0.5020813856751831,
                          0.47795292545758766,
                          0.4850574510746235,
                          0.46268290598172507]]}]}
load_tensorflow_graph: path = tensorflow/mario-model-simple-2019-07-17/frozen_inference_graph.pb
object_detection_graph = <tensorflow.python.framework.ops.Graph object at 0x7f937a5bff98>
Doing start sequence
Sleeping one second
sending start
sending empty
Found black world screen for the second time. exiting.



Seconds left: 378
Moves to the right: 63
frame count: 114
time start:  1568170919.4745991,   time_now: 1568170931.6641088
