pygame 1.9.6
Hello from the pygame community. https://www.pygame.org/contribute.html
Loading neural net from gameplay_neural_nets/5/3.nn
net = {'generation': 4,
 'inputs': [],
 'layers': [{'activation': 'sigmoid',
             'bias': [0,
                      0.017647134451109176,
                      -0.007708426186952544,
                      -0.008026191777775962,
                      0.008388891805504802,
                      0.009205538311593145,
                      0,
                      0.0005211726346287266],
             'name': 'input',
             'neurons': [],
             'num_neurons': 8,
             'weights': [[0.4970595256062606,
                          0.4861204635218012,
                          0.5052012458433903,
                          0.5078063776030858,
                          0.4922063922359423,
                          0.4913389147645737,
                          0.5075497551246356,
                          0.5,
                          0.48905059380715216,
                          0.5068685951986744],
                         [0.5,
                          0.504217432467541,
                          0.5,
                          0.5055556305663912,
                          0.5096126400038358,
                          0.5025549409414397,
                          0.5030336648874485,
                          0.4932587024040895,
                          0.5003171897245575,
                          0.5133930353033003],
                         [0.5072164192742026,
                          0.49461914673390706,
                          0.5,
                          0.5081352385528007,
                          0.4879184883348344,
                          0.49454350730949675,
                          0.4986572510137382,
                          0.4950987487099654,
                          0.5090460491199482,
                          0.49797111364678115],
                         [0.5006681052001003,
                          0.4989761150037222,
                          0.4979775075318243,
                          0.49239021157438606,
                          0.4895033297092022,
                          0.4962686786282464,
                          0.4944359402450117,
                          0.4915957612438329,
                          0.5038326598703721,
                          0.5],
                         [0.5,
                          0.4855193781370385,
                          0.5060994529419388,
                          0.5,
                          0.49080616584653336,
                          0.48923519909901575,
                          0.5033148083149526,
                          0.5,
                          0.5,
                          0.4904556043274202],
                         [0.5,
                          0.5,
                          0.5,
                          0.4985937427994469,
                          0.49860956558149727,
                          0.48691996431354306,
                          0.5073875401457664,
                          0.5,
                          0.4918738289313829,
                          0.5009081846498272],
                         [0.4962515565616851,
                          0.5,
                          0.5107242172462819,
                          0.5,
                          0.49004191651361634,
                          0.48273755881375474,
                          0.49514097929357787,
                          0.5,
                          0.5,
                          0.5009588401536683],
                         [0.5052328444151218,
                          0.5,
                          0.5,
                          0.5041986659700641,
                          0.5,
                          0.49491208549778626,
                          0.4888661844206301,
                          0.5036347100090477,
                          0.49458562479041324,
                          0.501948682761342]]},
            {'activation': 'sigmoid',
             'bias': [-0.002811540332893647,
                      0,
                      -0.007398661776241759,
                      0.007958562322935835,
                      0,
                      -0.007936604358919006],
             'name': 'hidden1',
             'neurons': [],
             'num_neurons': 6,
             'weights': [[0.4916465005865546,
                          0.5060577267254341,
                          0.49308295432712396,
                          0.507583199586419,
                          0.5053628229267348,
                          0.5083986553455694,
                          0.5,
                          0.5],
                         [0.5,
                          0.5075235383785821,
                          0.5092598809033722,
                          0.5008908507881179,
                          0.49467722851442963,
                          0.4906229675818142,
                          0.49386640625565237,
                          0.4983565732818478],
                         [0.5099966457928844,
                          0.5005301089797151,
                          0.5043549571286353,
                          0.5033313815131742,
                          0.4892384365449526,
                          0.5042249394344188,
                          0.508427417700931,
                          0.4993543294054623],
                         [0.49561434097957086,
                          0.508491539536321,
                          0.49678418315327527,
                          0.49485134255661994,
                          0.4987424245755382,
                          0.49929992499393,
                          0.5,
                          0.5061563794237653],
                         [0.5,
                          0.5048961361356135,
                          0.5,
                          0.49803016078054185,
                          0.5069304205869821,
                          0.5175315357540765,
                          0.492652654826845,
                          0.5],
                         [0.5090571556294494,
                          0.5,
                          0.49291389461812346,
                          0.5002441484240908,
                          0.4991480141513814,
                          0.49858578530866365,
                          0.4936745317432266,
                          0.4972338760283878],
                         [0.4922985062525695,
                          0.49411252543767786,
                          0.505669767835888,
                          0.5087656931314485,
                          0.5,
                          0.49976330421725607,
                          0.5033884573952093,
                          0.4899803799683509],
                         [0.503035107348361,
                          0.48224411097992453,
                          0.4956248964035787,
                          0.4992024479894281,
                          0.495880615587577,
                          0.5,
                          0.5,
                          0.5096218420550997]]},
            {'activation': 'sigmoid',
             'bias': [-0.008693847159079796,
                      -0.0022789183181966873,
                      0.0038855268390685397,
                      -0.0034969804913276533,
                      0],
             'name': 'output',
             'neurons': [],
             'num_neurons': 5,
             'weights': [[0.48509258306389075,
                          0.5066025755099524,
                          0.5147470120151613,
                          0.49477251581538834,
                          0.5081600986483499,
                          0.5028584813511688],
                         [0.5,
                          0.5087552763803538,
                          0.5,
                          0.5000202262942445,
                          0.49787749309950885,
                          0.5],
                         [0.497790173407282,
                          0.5,
                          0.5046638871843937,
                          0.49190277288123946,
                          0.5086028129236005,
                          0.5],
                         [0.502230921447803,
                          0.5064910401708304,
                          0.5,
                          0.4998828472360829,
                          0.5,
                          0.4917199376682461],
                         [0.5020914168221011,
                          0.49421995263506224,
                          0.499786974347696,
                          0.4874089107201804,
                          0.49942964513399746,
                          0.505468204448463],
                         [0.5036407885639649,
                          0.5,
                          0.5078142973049921,
                          0.4862416082170972,
                          0.48433380424225736,
                          0.5]]}]}
{'generation': 4,
 'inputs': [],
 'layers': [{'activation': 'sigmoid',
             'bias': [0,
                      0.017647134451109176,
                      -0.007708426186952544,
                      -0.008026191777775962,
                      0.008388891805504802,
                      0.009205538311593145,
                      0,
                      0.0005211726346287266],
             'name': 'input',
             'neurons': [<gameplay.Neuron object at 0x7fa44ddde7b8>,
                         <gameplay.Neuron object at 0x7fa44ddde780>,
                         <gameplay.Neuron object at 0x7fa44ddde1d0>,
                         <gameplay.Neuron object at 0x7fa44dddeac8>,
                         <gameplay.Neuron object at 0x7fa44dddeb70>,
                         <gameplay.Neuron object at 0x7fa44dddeb00>,
                         <gameplay.Neuron object at 0x7fa44dddec50>,
                         <gameplay.Neuron object at 0x7fa44dddebe0>],
             'num_neurons': 8,
             'weights': [[0.4970595256062606,
                          0.4861204635218012,
                          0.5052012458433903,
                          0.5078063776030858,
                          0.4922063922359423,
                          0.4913389147645737,
                          0.5075497551246356,
                          0.5,
                          0.48905059380715216,
                          0.5068685951986744],
                         [0.5,
                          0.504217432467541,
                          0.5,
                          0.5055556305663912,
                          0.5096126400038358,
                          0.5025549409414397,
                          0.5030336648874485,
                          0.4932587024040895,
                          0.5003171897245575,
                          0.5133930353033003],
                         [0.5072164192742026,
                          0.49461914673390706,
                          0.5,
                          0.5081352385528007,
                          0.4879184883348344,
                          0.49454350730949675,
                          0.4986572510137382,
                          0.4950987487099654,
                          0.5090460491199482,
                          0.49797111364678115],
                         [0.5006681052001003,
                          0.4989761150037222,
                          0.4979775075318243,
                          0.49239021157438606,
                          0.4895033297092022,
                          0.4962686786282464,
                          0.4944359402450117,
                          0.4915957612438329,
                          0.5038326598703721,
                          0.5],
                         [0.5,
                          0.4855193781370385,
                          0.5060994529419388,
                          0.5,
                          0.49080616584653336,
                          0.48923519909901575,
                          0.5033148083149526,
                          0.5,
                          0.5,
                          0.4904556043274202],
                         [0.5,
                          0.5,
                          0.5,
                          0.4985937427994469,
                          0.49860956558149727,
                          0.48691996431354306,
                          0.5073875401457664,
                          0.5,
                          0.4918738289313829,
                          0.5009081846498272],
                         [0.4962515565616851,
                          0.5,
                          0.5107242172462819,
                          0.5,
                          0.49004191651361634,
                          0.48273755881375474,
                          0.49514097929357787,
                          0.5,
                          0.5,
                          0.5009588401536683],
                         [0.5052328444151218,
                          0.5,
                          0.5,
                          0.5041986659700641,
                          0.5,
                          0.49491208549778626,
                          0.4888661844206301,
                          0.5036347100090477,
                          0.49458562479041324,
                          0.501948682761342]]},
            {'activation': 'sigmoid',
             'bias': [-0.002811540332893647,
                      0,
                      -0.007398661776241759,
                      0.007958562322935835,
                      0,
                      -0.007936604358919006],
             'name': 'hidden1',
             'neurons': [<gameplay.Neuron object at 0x7fa44ddded30>,
                         <gameplay.Neuron object at 0x7fa44dddec88>,
                         <gameplay.Neuron object at 0x7fa44dddeba8>,
                         <gameplay.Neuron object at 0x7fa44dddecc0>,
                         <gameplay.Neuron object at 0x7fa44dddee80>,
                         <gameplay.Neuron object at 0x7fa44dddee48>],
             'num_neurons': 6,
             'weights': [[0.4916465005865546,
                          0.5060577267254341,
                          0.49308295432712396,
                          0.507583199586419,
                          0.5053628229267348,
                          0.5083986553455694,
                          0.5,
                          0.5],
                         [0.5,
                          0.5075235383785821,
                          0.5092598809033722,
                          0.5008908507881179,
                          0.49467722851442963,
                          0.4906229675818142,
                          0.49386640625565237,
                          0.4983565732818478],
                         [0.5099966457928844,
                          0.5005301089797151,
                          0.5043549571286353,
                          0.5033313815131742,
                          0.4892384365449526,
                          0.5042249394344188,
                          0.508427417700931,
                          0.4993543294054623],
                         [0.49561434097957086,
                          0.508491539536321,
                          0.49678418315327527,
                          0.49485134255661994,
                          0.4987424245755382,
                          0.49929992499393,
                          0.5,
                          0.5061563794237653],
                         [0.5,
                          0.5048961361356135,
                          0.5,
                          0.49803016078054185,
                          0.5069304205869821,
                          0.5175315357540765,
                          0.492652654826845,
                          0.5],
                         [0.5090571556294494,
                          0.5,
                          0.49291389461812346,
                          0.5002441484240908,
                          0.4991480141513814,
                          0.49858578530866365,
                          0.4936745317432266,
                          0.4972338760283878],
                         [0.4922985062525695,
                          0.49411252543767786,
                          0.505669767835888,
                          0.5087656931314485,
                          0.5,
                          0.49976330421725607,
                          0.5033884573952093,
                          0.4899803799683509],
                         [0.503035107348361,
                          0.48224411097992453,
                          0.4956248964035787,
                          0.4992024479894281,
                          0.495880615587577,
                          0.5,
                          0.5,
                          0.5096218420550997]]},
            {'activation': 'sigmoid',
             'bias': [-0.008693847159079796,
                      -0.0022789183181966873,
                      0.0038855268390685397,
                      -0.0034969804913276533,
                      0],
             'name': 'output',
             'neurons': [<gameplay.Neuron object at 0x7fa44dddeda0>,
                         <gameplay.Neuron object at 0x7fa44dddee10>,
                         <gameplay.Neuron object at 0x7fa44dddedd8>,
                         <gameplay.Neuron object at 0x7fa44dddef28>,
                         <gameplay.Neuron object at 0x7fa44dddef60>],
             'num_neurons': 5,
             'weights': [[0.48509258306389075,
                          0.5066025755099524,
                          0.5147470120151613,
                          0.49477251581538834,
                          0.5081600986483499,
                          0.5028584813511688],
                         [0.5,
                          0.5087552763803538,
                          0.5,
                          0.5000202262942445,
                          0.49787749309950885,
                          0.5],
                         [0.497790173407282,
                          0.5,
                          0.5046638871843937,
                          0.49190277288123946,
                          0.5086028129236005,
                          0.5],
                         [0.502230921447803,
                          0.5064910401708304,
                          0.5,
                          0.4998828472360829,
                          0.5,
                          0.4917199376682461],
                         [0.5020914168221011,
                          0.49421995263506224,
                          0.499786974347696,
                          0.4874089107201804,
                          0.49942964513399746,
                          0.505468204448463],
                         [0.5036407885639649,
                          0.5,
                          0.5078142973049921,
                          0.4862416082170972,
                          0.48433380424225736,
                          0.5]]}]}
load_tensorflow_graph: path = tensorflow/mario-model-simple-2019-07-17/frozen_inference_graph.pb
object_detection_graph = <tensorflow.python.framework.ops.Graph object at 0x7fa44dddec18>
Doing start sequence
Sleeping one second
sending start
sending empty
Found black world screen for the second time. exiting.



Seconds left: 393
Moves to the right: 28
frame count: 82
time start:  1567860218.3586504,   time_now: 1567860225.8294775
