pygame 1.9.6
Hello from the pygame community. https://www.pygame.org/contribute.html
Loading neural net from gameplay_neural_nets/145/3.nn
net = {'generation': 132,
 'inputs': [],
 'layers': [{'activation': 'sigmoid',
             'bias': [0.012188035333514083,
                      -0.031744224745900135,
                      -0.0009502702114270777,
                      0.01250362663689901,
                      -0.007970951681367983,
                      -0.030371973615200158,
                      0.01328424528210546,
                      -0.0047689670783668085],
             'name': 'input',
             'neurons': [],
             'num_neurons': 8,
             'weights': [[0.3573470282251425,
                          0.4235211146396847,
                          0.07904261913927237,
                          0.14303745208215904,
                          0.07934531767691572,
                          0.07584304538452383,
                          0.08789102528690007,
                          0.07239960004072431,
                          0.08469606463708393,
                          0.052181465099026915],
                         [0.3982890139851746,
                          0.36455069001087104,
                          0.08865416277640237,
                          0.11989023514491123,
                          0.12488672585296802,
                          0.05715563145617249,
                          0.09368432743266018,
                          0.08730044927925884,
                          0.0998136625311089,
                          0.12720584541512056],
                         [0.3636311237970766,
                          0.41938927864157716,
                          0.06332161743986255,
                          0.05028748866294949,
                          0.10299281185510716,
                          0.09756319351808715,
                          0.09727233873755413,
                          0.10569536202262636,
                          0.10372753724852066,
                          0.08441754386778547],
                         [0.37354995620443243,
                          0.41649433245583967,
                          0.09939310672959265,
                          0.11349050662182546,
                          0.04176396374016995,
                          0.061030347690784,
                          0.06666130048034051,
                          0.1265319848802007,
                          0.13221947226639313,
                          0.11108362401657275],
                         [0.41214092784013356,
                          0.3974103595173558,
                          0.046837282371344914,
                          0.13082829352240471,
                          0.09075337325305442,
                          0.16093919577267052,
                          0.13651548694865998,
                          0.12671291456934522,
                          0.07830688233600744,
                          0.0656762556092133],
                         [0.357442418288596,
                          0.42868141814390953,
                          0.06691864297115506,
                          0.0814585615780268,
                          0.10456921897363794,
                          0.0760667648757016,
                          0.11793674621501483,
                          0.09586627332851688,
                          0.11850313772168233,
                          0.0972493452552013],
                         [0.37643377660690486,
                          0.3538168436717599,
                          0.1147047763753678,
                          0.05256361737605416,
                          0.10897493278281806,
                          0.10582755811957417,
                          0.10641850923429107,
                          0.08201070101625392,
                          0.10285340901566319,
                          0.06303585133719596],
                         [0.3928638272809488,
                          0.4208904397025865,
                          0.06182453857340833,
                          0.08155469925620865,
                          0.11648983259275544,
                          0.04712038705569331,
                          0.07619644564460006,
                          0.16792452298560148,
                          0.09101073146975007,
                          0.07419491149737058]]},
            {'activation': 'sigmoid',
             'bias': [-0.011676443043663871,
                      0.06293378097087658,
                      0.008269187198733065,
                      -0.0062729194338801645,
                      0.0030810295239028064],
             'name': 'output',
             'neurons': [],
             'num_neurons': 5,
             'weights': [[0.04684131085321301,
                          0.11054016554229758,
                          0.09574270539296632,
                          0.04291246756411024,
                          0.13030970111280699,
                          0.12822640219322942,
                          0.12822405257427286,
                          0.1199471009089922],
                         [0.05362698836578759,
                          0.07106978224756552,
                          0.08478059243496494,
                          0.1425619102547379,
                          0.11818829682539195,
                          0.06446930314329022,
                          0.05957547676343306,
                          0.17885271102751127],
                         [0.12076417301090997,
                          0.10693802750816116,
                          0.11399685485137656,
                          0.08492019404414741,
                          0.04690271085120554,
                          0.11499108314237136,
                          0.13852455649427067,
                          0.09069276279635437],
                         [0.09232480461688299,
                          0.06697930467146831,
                          0.14364921600197478,
                          0.07449068882491963,
                          0.16614254731484307,
                          0.09919678680074796,
                          0.08368110746943604,
                          0.09314263639186093],
                         [0.14300741083971347,
                          0.09431060806110049,
                          0.1485689440813293,
                          0.025510390855668835,
                          0.17813313989817797,
                          0.09785370707784286,
                          0.09057819308512921,
                          0.09288664605112218],
                         [0.08346159510183664,
                          0.13330240226002055,
                          0.14443921278689975,
                          0.09595729224751695,
                          0.06532905377568701,
                          0.10768862796097492,
                          0.06551691042511967,
                          0.12261918802535454]]}]}
{'generation': 132,
 'inputs': [],
 'layers': [{'activation': 'sigmoid',
             'bias': [0.012188035333514083,
                      -0.031744224745900135,
                      -0.0009502702114270777,
                      0.01250362663689901,
                      -0.007970951681367983,
                      -0.030371973615200158,
                      0.01328424528210546,
                      -0.0047689670783668085],
             'name': 'input',
             'neurons': [<gameplay.Neuron object at 0x7fe3dd45d860>,
                         <gameplay.Neuron object at 0x7fe3dd45d828>,
                         <gameplay.Neuron object at 0x7fe3dd45d240>,
                         <gameplay.Neuron object at 0x7fe3dd45db00>,
                         <gameplay.Neuron object at 0x7fe3dd45dba8>,
                         <gameplay.Neuron object at 0x7fe3dd45db38>,
                         <gameplay.Neuron object at 0x7fe3dd45dc88>,
                         <gameplay.Neuron object at 0x7fe3dd45dc50>],
             'num_neurons': 8,
             'weights': [[0.3573470282251425,
                          0.4235211146396847,
                          0.07904261913927237,
                          0.14303745208215904,
                          0.07934531767691572,
                          0.07584304538452383,
                          0.08789102528690007,
                          0.07239960004072431,
                          0.08469606463708393,
                          0.052181465099026915],
                         [0.3982890139851746,
                          0.36455069001087104,
                          0.08865416277640237,
                          0.11989023514491123,
                          0.12488672585296802,
                          0.05715563145617249,
                          0.09368432743266018,
                          0.08730044927925884,
                          0.0998136625311089,
                          0.12720584541512056],
                         [0.3636311237970766,
                          0.41938927864157716,
                          0.06332161743986255,
                          0.05028748866294949,
                          0.10299281185510716,
                          0.09756319351808715,
                          0.09727233873755413,
                          0.10569536202262636,
                          0.10372753724852066,
                          0.08441754386778547],
                         [0.37354995620443243,
                          0.41649433245583967,
                          0.09939310672959265,
                          0.11349050662182546,
                          0.04176396374016995,
                          0.061030347690784,
                          0.06666130048034051,
                          0.1265319848802007,
                          0.13221947226639313,
                          0.11108362401657275],
                         [0.41214092784013356,
                          0.3974103595173558,
                          0.046837282371344914,
                          0.13082829352240471,
                          0.09075337325305442,
                          0.16093919577267052,
                          0.13651548694865998,
                          0.12671291456934522,
                          0.07830688233600744,
                          0.0656762556092133],
                         [0.357442418288596,
                          0.42868141814390953,
                          0.06691864297115506,
                          0.0814585615780268,
                          0.10456921897363794,
                          0.0760667648757016,
                          0.11793674621501483,
                          0.09586627332851688,
                          0.11850313772168233,
                          0.0972493452552013],
                         [0.37643377660690486,
                          0.3538168436717599,
                          0.1147047763753678,
                          0.05256361737605416,
                          0.10897493278281806,
                          0.10582755811957417,
                          0.10641850923429107,
                          0.08201070101625392,
                          0.10285340901566319,
                          0.06303585133719596],
                         [0.3928638272809488,
                          0.4208904397025865,
                          0.06182453857340833,
                          0.08155469925620865,
                          0.11648983259275544,
                          0.04712038705569331,
                          0.07619644564460006,
                          0.16792452298560148,
                          0.09101073146975007,
                          0.07419491149737058]]},
            {'activation': 'sigmoid',
             'bias': [-0.011676443043663871,
                      0.06293378097087658,
                      0.008269187198733065,
                      -0.0062729194338801645,
                      0.0030810295239028064],
             'name': 'output',
             'neurons': [<gameplay.Neuron object at 0x7fe3dd45dcc0>,
                         <gameplay.Neuron object at 0x7fe3dd45dcf8>,
                         <gameplay.Neuron object at 0x7fe3dd45dd68>,
                         <gameplay.Neuron object at 0x7fe3dd45dd30>,
                         <gameplay.Neuron object at 0x7fe3dd45dda0>],
             'num_neurons': 5,
             'weights': [[0.04684131085321301,
                          0.11054016554229758,
                          0.09574270539296632,
                          0.04291246756411024,
                          0.13030970111280699,
                          0.12822640219322942,
                          0.12822405257427286,
                          0.1199471009089922],
                         [0.05362698836578759,
                          0.07106978224756552,
                          0.08478059243496494,
                          0.1425619102547379,
                          0.11818829682539195,
                          0.06446930314329022,
                          0.05957547676343306,
                          0.17885271102751127],
                         [0.12076417301090997,
                          0.10693802750816116,
                          0.11399685485137656,
                          0.08492019404414741,
                          0.04690271085120554,
                          0.11499108314237136,
                          0.13852455649427067,
                          0.09069276279635437],
                         [0.09232480461688299,
                          0.06697930467146831,
                          0.14364921600197478,
                          0.07449068882491963,
                          0.16614254731484307,
                          0.09919678680074796,
                          0.08368110746943604,
                          0.09314263639186093],
                         [0.14300741083971347,
                          0.09431060806110049,
                          0.1485689440813293,
                          0.025510390855668835,
                          0.17813313989817797,
                          0.09785370707784286,
                          0.09057819308512921,
                          0.09288664605112218],
                         [0.08346159510183664,
                          0.13330240226002055,
                          0.14443921278689975,
                          0.09595729224751695,
                          0.06532905377568701,
                          0.10768862796097492,
                          0.06551691042511967,
                          0.12261918802535454]]}]}
load_tensorflow_graph: path = tensorflow/mario-model-simple-2019-07-17/frozen_inference_graph.pb
object_detection_graph = <tensorflow.python.framework.ops.Graph object at 0x7fe3dd45de48>
Doing start sequence
Sleeping one second
sending start
sending empty
Found black world screen for the second time. exiting.



Seconds left: 361
Moves to the right: 64
