pygame 1.9.6
Hello from the pygame community. https://www.pygame.org/contribute.html
Loading neural net from gameplay_neural_nets/64/5.nn
net = {'generation': 56,
 'inputs': [],
 'layers': [{'activation': 'sigmoid',
             'bias': [-0.037274395615985126,
                      0.039402250157672965,
                      -0.03235043182577991,
                      -0.003989557499551726,
                      0.009500493471122634,
                      -0.0028208824691326635,
                      -0.008511898268768622,
                      -0.03022702411671948],
             'name': 'input',
             'neurons': [],
             'num_neurons': 8,
             'weights': [[0.43934580470089823,
                          0.5127099712586655,
                          0.5071174874188702,
                          0.46948289670828713,
                          0.5018925540263984,
                          0.4840916271515108,
                          0.5418200831678215,
                          0.489628320800484,
                          0.49577496601627974,
                          0.5437377912219986],
                         [0.467598691970565,
                          0.4911153033648857,
                          0.5424753585741853,
                          0.5178038592851895,
                          0.5223763256503163,
                          0.49547553937712047,
                          0.4709424170914573,
                          0.47297448755679766,
                          0.5274667447394004,
                          0.5226661240777879],
                         [0.5576228844552971,
                          0.4836845407571455,
                          0.49674463913575195,
                          0.4883534595661274,
                          0.5014286163668377,
                          0.511770901672676,
                          0.5003218125110256,
                          0.48216014619282405,
                          0.4667126785281489,
                          0.5046298910426713],
                         [0.5049613889231295,
                          0.46355619572630985,
                          0.503395681608607,
                          0.4343089036977272,
                          0.45545366005947163,
                          0.5378912483995566,
                          0.5045806875464638,
                          0.48313979399692003,
                          0.5205307917532012,
                          0.5123595010553069],
                         [0.4955136098690746,
                          0.5017766789369786,
                          0.5083999947782241,
                          0.45851710697479175,
                          0.5277824232004376,
                          0.49345772397360416,
                          0.5138737279721405,
                          0.4859891769260721,
                          0.4839760395481821,
                          0.5473970926218659],
                         [0.49190101616998483,
                          0.5024890001037775,
                          0.49878981256392646,
                          0.5278391230675772,
                          0.48550630308700543,
                          0.4615827381739678,
                          0.5589269447263085,
                          0.4499702755988652,
                          0.4976950730287622,
                          0.4317461622077047],
                         [0.5544509926051919,
                          0.4941785771864167,
                          0.49242087743939733,
                          0.5023632816866662,
                          0.5089371818442096,
                          0.5006574400542971,
                          0.5470473309382481,
                          0.48084856978761,
                          0.5091642420857898,
                          0.4948700796722856],
                         [0.5081728678700729,
                          0.48444587343593454,
                          0.5104121238110904,
                          0.5427388236266868,
                          0.49991347230413635,
                          0.4851610957672054,
                          0.4472642473839436,
                          0.4717920189099168,
                          0.4920259363200609,
                          0.4887181170386994]]},
            {'activation': 'sigmoid',
             'bias': [-0.024632850162665622,
                      -0.008209122264165787,
                      -0.04926219070839606,
                      -0.002902907737386694,
                      0.005552756040438183,
                      -0.05129235891081932],
             'name': 'hidden1',
             'neurons': [],
             'num_neurons': 6,
             'weights': [[0.48872369879345623,
                          0.47780548551136975,
                          0.5296256269076408,
                          0.5015268579738281,
                          0.5214048862524402,
                          0.48996904732026675,
                          0.5417706884968031,
                          0.48325930714133486],
                         [0.5279404584661412,
                          0.5625036920940687,
                          0.5231917948407578,
                          0.46654722100263735,
                          0.44830744017151924,
                          0.5269996826145096,
                          0.47434559866313275,
                          0.5024779135500675],
                         [0.49853823052112395,
                          0.5132444971008129,
                          0.49755752326906794,
                          0.5351297363510482,
                          0.5509518398820173,
                          0.5539987042885647,
                          0.5384193127345024,
                          0.5380149043824196],
                         [0.5073025885332363,
                          0.5091429540212815,
                          0.47882620600596687,
                          0.5120433507315426,
                          0.45768267813379093,
                          0.4933451703169211,
                          0.5124540432256338,
                          0.5238462429299942],
                         [0.48228656702834466,
                          0.5690394259150965,
                          0.5017031365790111,
                          0.47857756345310626,
                          0.49056608118763206,
                          0.49558002426114756,
                          0.5185318242474327,
                          0.5034637839213475],
                         [0.448971936233917,
                          0.5234055448633727,
                          0.4960563291445046,
                          0.47224361022751843,
                          0.45006792632654685,
                          0.4704461713495549,
                          0.4820451271717256,
                          0.5078810858802522],
                         [0.48116108350063225,
                          0.4786167322993483,
                          0.5278608259369924,
                          0.5212224597347618,
                          0.4665490774815703,
                          0.48498142037744224,
                          0.5446218313720945,
                          0.5038978140617665],
                         [0.5028864548874993,
                          0.5529194270670643,
                          0.4971388935843773,
                          0.5181935097542966,
                          0.5236889448368396,
                          0.4930462621744525,
                          0.49378027140744934,
                          0.49047386367961526]]},
            {'activation': 'sigmoid',
             'bias': [-0.01964109747487003,
                      0.026071794437471735,
                      -0.004670857503725768,
                      0.022641659784635004,
                      0.035039533510283494],
             'name': 'output',
             'neurons': [],
             'num_neurons': 5,
             'weights': [[0.4666463468076528,
                          0.4867863916621169,
                          0.529399996419066,
                          0.49201870366400263,
                          0.5062374446895919,
                          0.49802702020177964],
                         [0.527236978822125,
                          0.5185107056784095,
                          0.46112750554249504,
                          0.4982072261734697,
                          0.5055070920391777,
                          0.4896746451406824],
                         [0.5078002183072561,
                          0.5085716521690669,
                          0.455149503138416,
                          0.5200280880354923,
                          0.5337248907861728,
                          0.47850440635441355],
                         [0.5109813305632516,
                          0.46769771941082644,
                          0.5064258414933857,
                          0.49678842969396697,
                          0.4820788506026604,
                          0.49630833264210256],
                         [0.4997630679606101,
                          0.5170907511507203,
                          0.4627018073773433,
                          0.5456979100949015,
                          0.5002749363701317,
                          0.49268305797026574],
                         [0.5058042338162327,
                          0.513766964950934,
                          0.4839500505609686,
                          0.46545438284800944,
                          0.48498322299398383,
                          0.4653733318011297]]}]}
{'generation': 56,
 'inputs': [],
 'layers': [{'activation': 'sigmoid',
             'bias': [-0.037274395615985126,
                      0.039402250157672965,
                      -0.03235043182577991,
                      -0.003989557499551726,
                      0.009500493471122634,
                      -0.0028208824691326635,
                      -0.008511898268768622,
                      -0.03022702411671948],
             'name': 'input',
             'neurons': [<gameplay.Neuron object at 0x7f3ef6335860>,
                         <gameplay.Neuron object at 0x7f3ef6335828>,
                         <gameplay.Neuron object at 0x7f3ef6335240>,
                         <gameplay.Neuron object at 0x7f3ef6335b70>,
                         <gameplay.Neuron object at 0x7f3ef6335c18>,
                         <gameplay.Neuron object at 0x7f3ef6335ba8>,
                         <gameplay.Neuron object at 0x7f3ef6335cc0>,
                         <gameplay.Neuron object at 0x7f3ef6335cf8>],
             'num_neurons': 8,
             'weights': [[0.43934580470089823,
                          0.5127099712586655,
                          0.5071174874188702,
                          0.46948289670828713,
                          0.5018925540263984,
                          0.4840916271515108,
                          0.5418200831678215,
                          0.489628320800484,
                          0.49577496601627974,
                          0.5437377912219986],
                         [0.467598691970565,
                          0.4911153033648857,
                          0.5424753585741853,
                          0.5178038592851895,
                          0.5223763256503163,
                          0.49547553937712047,
                          0.4709424170914573,
                          0.47297448755679766,
                          0.5274667447394004,
                          0.5226661240777879],
                         [0.5576228844552971,
                          0.4836845407571455,
                          0.49674463913575195,
                          0.4883534595661274,
                          0.5014286163668377,
                          0.511770901672676,
                          0.5003218125110256,
                          0.48216014619282405,
                          0.4667126785281489,
                          0.5046298910426713],
                         [0.5049613889231295,
                          0.46355619572630985,
                          0.503395681608607,
                          0.4343089036977272,
                          0.45545366005947163,
                          0.5378912483995566,
                          0.5045806875464638,
                          0.48313979399692003,
                          0.5205307917532012,
                          0.5123595010553069],
                         [0.4955136098690746,
                          0.5017766789369786,
                          0.5083999947782241,
                          0.45851710697479175,
                          0.5277824232004376,
                          0.49345772397360416,
                          0.5138737279721405,
                          0.4859891769260721,
                          0.4839760395481821,
                          0.5473970926218659],
                         [0.49190101616998483,
                          0.5024890001037775,
                          0.49878981256392646,
                          0.5278391230675772,
                          0.48550630308700543,
                          0.4615827381739678,
                          0.5589269447263085,
                          0.4499702755988652,
                          0.4976950730287622,
                          0.4317461622077047],
                         [0.5544509926051919,
                          0.4941785771864167,
                          0.49242087743939733,
                          0.5023632816866662,
                          0.5089371818442096,
                          0.5006574400542971,
                          0.5470473309382481,
                          0.48084856978761,
                          0.5091642420857898,
                          0.4948700796722856],
                         [0.5081728678700729,
                          0.48444587343593454,
                          0.5104121238110904,
                          0.5427388236266868,
                          0.49991347230413635,
                          0.4851610957672054,
                          0.4472642473839436,
                          0.4717920189099168,
                          0.4920259363200609,
                          0.4887181170386994]]},
            {'activation': 'sigmoid',
             'bias': [-0.024632850162665622,
                      -0.008209122264165787,
                      -0.04926219070839606,
                      -0.002902907737386694,
                      0.005552756040438183,
                      -0.05129235891081932],
             'name': 'hidden1',
             'neurons': [<gameplay.Neuron object at 0x7f3ef6335d30>,
                         <gameplay.Neuron object at 0x7f3ef6335d68>,
                         <gameplay.Neuron object at 0x7f3ef6335dd8>,
                         <gameplay.Neuron object at 0x7f3ef6335da0>,
                         <gameplay.Neuron object at 0x7f3ef6335e10>,
                         <gameplay.Neuron object at 0x7f3ef6335e80>],
             'num_neurons': 6,
             'weights': [[0.48872369879345623,
                          0.47780548551136975,
                          0.5296256269076408,
                          0.5015268579738281,
                          0.5214048862524402,
                          0.48996904732026675,
                          0.5417706884968031,
                          0.48325930714133486],
                         [0.5279404584661412,
                          0.5625036920940687,
                          0.5231917948407578,
                          0.46654722100263735,
                          0.44830744017151924,
                          0.5269996826145096,
                          0.47434559866313275,
                          0.5024779135500675],
                         [0.49853823052112395,
                          0.5132444971008129,
                          0.49755752326906794,
                          0.5351297363510482,
                          0.5509518398820173,
                          0.5539987042885647,
                          0.5384193127345024,
                          0.5380149043824196],
                         [0.5073025885332363,
                          0.5091429540212815,
                          0.47882620600596687,
                          0.5120433507315426,
                          0.45768267813379093,
                          0.4933451703169211,
                          0.5124540432256338,
                          0.5238462429299942],
                         [0.48228656702834466,
                          0.5690394259150965,
                          0.5017031365790111,
                          0.47857756345310626,
                          0.49056608118763206,
                          0.49558002426114756,
                          0.5185318242474327,
                          0.5034637839213475],
                         [0.448971936233917,
                          0.5234055448633727,
                          0.4960563291445046,
                          0.47224361022751843,
                          0.45006792632654685,
                          0.4704461713495549,
                          0.4820451271717256,
                          0.5078810858802522],
                         [0.48116108350063225,
                          0.4786167322993483,
                          0.5278608259369924,
                          0.5212224597347618,
                          0.4665490774815703,
                          0.48498142037744224,
                          0.5446218313720945,
                          0.5038978140617665],
                         [0.5028864548874993,
                          0.5529194270670643,
                          0.4971388935843773,
                          0.5181935097542966,
                          0.5236889448368396,
                          0.4930462621744525,
                          0.49378027140744934,
                          0.49047386367961526]]},
            {'activation': 'sigmoid',
             'bias': [-0.01964109747487003,
                      0.026071794437471735,
                      -0.004670857503725768,
                      0.022641659784635004,
                      0.035039533510283494],
             'name': 'output',
             'neurons': [<gameplay.Neuron object at 0x7f3ef6335e48>,
                         <gameplay.Neuron object at 0x7f3ef6335eb8>,
                         <gameplay.Neuron object at 0x7f3ef6335be0>,
                         <gameplay.Neuron object at 0x7f3ef6335c50>,
                         <gameplay.Neuron object at 0x7f3ef6335c88>],
             'num_neurons': 5,
             'weights': [[0.4666463468076528,
                          0.4867863916621169,
                          0.529399996419066,
                          0.49201870366400263,
                          0.5062374446895919,
                          0.49802702020177964],
                         [0.527236978822125,
                          0.5185107056784095,
                          0.46112750554249504,
                          0.4982072261734697,
                          0.5055070920391777,
                          0.4896746451406824],
                         [0.5078002183072561,
                          0.5085716521690669,
                          0.455149503138416,
                          0.5200280880354923,
                          0.5337248907861728,
                          0.47850440635441355],
                         [0.5109813305632516,
                          0.46769771941082644,
                          0.5064258414933857,
                          0.49678842969396697,
                          0.4820788506026604,
                          0.49630833264210256],
                         [0.4997630679606101,
                          0.5170907511507203,
                          0.4627018073773433,
                          0.5456979100949015,
                          0.5002749363701317,
                          0.49268305797026574],
                         [0.5058042338162327,
                          0.513766964950934,
                          0.4839500505609686,
                          0.46545438284800944,
                          0.48498322299398383,
                          0.4653733318011297]]}]}
load_tensorflow_graph: path = tensorflow/mario-model-simple-2019-07-17/frozen_inference_graph.pb
object_detection_graph = <tensorflow.python.framework.ops.Graph object at 0x7f3ef6335ef0>
Doing start sequence
Sleeping one second
sending start
sending empty
Found black world screen for the second time. exiting.



Seconds left: 364
Moves to the right: 84
frame count: 162
time start:  1568174017.3543932,   time_now: 1568174034.414077
