pygame 1.9.6
Hello from the pygame community. https://www.pygame.org/contribute.html
Loading neural net from gameplay_neural_nets/107/8.nn
net = {'generation': 96,
 'inputs': [],
 'layers': [{'activation': 'sigmoid',
             'bias': [0.011615627612421355,
                      0.0002749286100292344,
                      0.016251094323092432,
                      -0.029121685719513762,
                      0.0003643092426878578,
                      -0.02771226122312182,
                      0.021128072483104915,
                      -0.024466454626312695],
             'name': 'input',
             'neurons': [],
             'num_neurons': 8,
             'weights': [[0.35899064527183416,
                          0.42691793516927645,
                          0.09524917825982959,
                          0.11530084910510827,
                          0.09442003138671634,
                          0.07892412616237551,
                          0.08500577714948238,
                          0.10543249703084984,
                          0.07672037599141332,
                          0.07893261900208258],
                         [0.37875946674816413,
                          0.3771235037667696,
                          0.08654292704752561,
                          0.10196157925578501,
                          0.1092253947693644,
                          0.06776803980593167,
                          0.11121437670818189,
                          0.09072544211533198,
                          0.11802003473501615,
                          0.11911566856954305],
                         [0.38079075272154805,
                          0.4348822077154349,
                          0.10014114767791232,
                          0.05687742228700766,
                          0.12270369004189764,
                          0.09660910787472482,
                          0.10541690400003936,
                          0.11092378275685238,
                          0.07657888620895426,
                          0.08934902653394597],
                         [0.38342374402310947,
                          0.38882784269314746,
                          0.10061036217616164,
                          0.1131536461555081,
                          0.049800757327756844,
                          0.08951502435445118,
                          0.097148675787541,
                          0.13195110495650636,
                          0.11447131407105443,
                          0.12366172941095707],
                         [0.4013459146213683,
                          0.3951741600278526,
                          0.05832209982385208,
                          0.13032583754479002,
                          0.09099678801675898,
                          0.14323230996161118,
                          0.1139798325544163,
                          0.1372419492681667,
                          0.09701000433579299,
                          0.07184193364814942],
                         [0.3742946502690349,
                          0.4379783852750293,
                          0.08250472410555885,
                          0.08472146252318279,
                          0.11455542432374614,
                          0.075449383808836,
                          0.09716136238373911,
                          0.10695486999222954,
                          0.11591362308805143,
                          0.10600055718224553],
                         [0.3636552005088008,
                          0.37784733982743396,
                          0.12059814210449084,
                          0.05315522782088633,
                          0.10244868399819303,
                          0.12844783082430056,
                          0.08917180148193558,
                          0.12876381376160706,
                          0.10591386053818622,
                          0.07584828291959024],
                         [0.3914922908687648,
                          0.4151555707033104,
                          0.05817323627200885,
                          0.08502659027591307,
                          0.12364389801984203,
                          0.03967109944627043,
                          0.07304502092549114,
                          0.15689793196628524,
                          0.08981054472615733,
                          0.0699542729745638]]},
            {'activation': 'sigmoid',
             'bias': [-0.019754222932578364,
                      0.033447134872879154,
                      -0.0020670026188775448,
                      -0.006466113657773541,
                      0.017485473250616314],
             'name': 'output',
             'neurons': [],
             'num_neurons': 5,
             'weights': [[0.05573988514833542,
                          0.09622575187717984,
                          0.10253227674430206,
                          0.07014116701787805,
                          0.09795078449448444,
                          0.13398286189864694,
                          0.13030659898863065,
                          0.11060363982771614],
                         [0.07406491049045623,
                          0.09037364936385414,
                          0.04655481396165069,
                          0.16072791267798725,
                          0.08304648642954282,
                          0.07762217776536487,
                          0.07179224570284669,
                          0.17541642485557465],
                         [0.12330268807301034,
                          0.08016822410630842,
                          0.11092340686386289,
                          0.09158555644119039,
                          0.10047084527658766,
                          0.11215641394309156,
                          0.1392063320084525,
                          0.09190156134181347],
                         [0.11904015243153884,
                          0.06586465238699922,
                          0.11887971465507444,
                          0.053478328210866684,
                          0.1561429177302504,
                          0.0990060147914815,
                          0.10030303412796684,
                          0.08396864371623312],
                         [0.11653576663191165,
                          0.10488461086516816,
                          0.12501039008548354,
                          0.04312098944632767,
                          0.16239688199890265,
                          0.10510291692050205,
                          0.09144187925085288,
                          0.11938994508762951],
                         [0.0929060634451364,
                          0.11207870747709386,
                          0.14176326988086166,
                          0.09727692448711425,
                          0.06351382477315591,
                          0.11099907015318916,
                          0.04940874856693815,
                          0.11614952669048041]]}]}
{'generation': 96,
 'inputs': [],
 'layers': [{'activation': 'sigmoid',
             'bias': [0.011615627612421355,
                      0.0002749286100292344,
                      0.016251094323092432,
                      -0.029121685719513762,
                      0.0003643092426878578,
                      -0.02771226122312182,
                      0.021128072483104915,
                      -0.024466454626312695],
             'name': 'input',
             'neurons': [<gameplay.Neuron object at 0x7f1f989ca860>,
                         <gameplay.Neuron object at 0x7f1f989ca828>,
                         <gameplay.Neuron object at 0x7f1f989ca240>,
                         <gameplay.Neuron object at 0x7f1f989cab00>,
                         <gameplay.Neuron object at 0x7f1f989caba8>,
                         <gameplay.Neuron object at 0x7f1f989cab38>,
                         <gameplay.Neuron object at 0x7f1f989cac88>,
                         <gameplay.Neuron object at 0x7f1f989cac50>],
             'num_neurons': 8,
             'weights': [[0.35899064527183416,
                          0.42691793516927645,
                          0.09524917825982959,
                          0.11530084910510827,
                          0.09442003138671634,
                          0.07892412616237551,
                          0.08500577714948238,
                          0.10543249703084984,
                          0.07672037599141332,
                          0.07893261900208258],
                         [0.37875946674816413,
                          0.3771235037667696,
                          0.08654292704752561,
                          0.10196157925578501,
                          0.1092253947693644,
                          0.06776803980593167,
                          0.11121437670818189,
                          0.09072544211533198,
                          0.11802003473501615,
                          0.11911566856954305],
                         [0.38079075272154805,
                          0.4348822077154349,
                          0.10014114767791232,
                          0.05687742228700766,
                          0.12270369004189764,
                          0.09660910787472482,
                          0.10541690400003936,
                          0.11092378275685238,
                          0.07657888620895426,
                          0.08934902653394597],
                         [0.38342374402310947,
                          0.38882784269314746,
                          0.10061036217616164,
                          0.1131536461555081,
                          0.049800757327756844,
                          0.08951502435445118,
                          0.097148675787541,
                          0.13195110495650636,
                          0.11447131407105443,
                          0.12366172941095707],
                         [0.4013459146213683,
                          0.3951741600278526,
                          0.05832209982385208,
                          0.13032583754479002,
                          0.09099678801675898,
                          0.14323230996161118,
                          0.1139798325544163,
                          0.1372419492681667,
                          0.09701000433579299,
                          0.07184193364814942],
                         [0.3742946502690349,
                          0.4379783852750293,
                          0.08250472410555885,
                          0.08472146252318279,
                          0.11455542432374614,
                          0.075449383808836,
                          0.09716136238373911,
                          0.10695486999222954,
                          0.11591362308805143,
                          0.10600055718224553],
                         [0.3636552005088008,
                          0.37784733982743396,
                          0.12059814210449084,
                          0.05315522782088633,
                          0.10244868399819303,
                          0.12844783082430056,
                          0.08917180148193558,
                          0.12876381376160706,
                          0.10591386053818622,
                          0.07584828291959024],
                         [0.3914922908687648,
                          0.4151555707033104,
                          0.05817323627200885,
                          0.08502659027591307,
                          0.12364389801984203,
                          0.03967109944627043,
                          0.07304502092549114,
                          0.15689793196628524,
                          0.08981054472615733,
                          0.0699542729745638]]},
            {'activation': 'sigmoid',
             'bias': [-0.019754222932578364,
                      0.033447134872879154,
                      -0.0020670026188775448,
                      -0.006466113657773541,
                      0.017485473250616314],
             'name': 'output',
             'neurons': [<gameplay.Neuron object at 0x7f1f989cacc0>,
                         <gameplay.Neuron object at 0x7f1f989cacf8>,
                         <gameplay.Neuron object at 0x7f1f989cad68>,
                         <gameplay.Neuron object at 0x7f1f989cad30>,
                         <gameplay.Neuron object at 0x7f1f989cada0>],
             'num_neurons': 5,
             'weights': [[0.05573988514833542,
                          0.09622575187717984,
                          0.10253227674430206,
                          0.07014116701787805,
                          0.09795078449448444,
                          0.13398286189864694,
                          0.13030659898863065,
                          0.11060363982771614],
                         [0.07406491049045623,
                          0.09037364936385414,
                          0.04655481396165069,
                          0.16072791267798725,
                          0.08304648642954282,
                          0.07762217776536487,
                          0.07179224570284669,
                          0.17541642485557465],
                         [0.12330268807301034,
                          0.08016822410630842,
                          0.11092340686386289,
                          0.09158555644119039,
                          0.10047084527658766,
                          0.11215641394309156,
                          0.1392063320084525,
                          0.09190156134181347],
                         [0.11904015243153884,
                          0.06586465238699922,
                          0.11887971465507444,
                          0.053478328210866684,
                          0.1561429177302504,
                          0.0990060147914815,
                          0.10030303412796684,
                          0.08396864371623312],
                         [0.11653576663191165,
                          0.10488461086516816,
                          0.12501039008548354,
                          0.04312098944632767,
                          0.16239688199890265,
                          0.10510291692050205,
                          0.09144187925085288,
                          0.11938994508762951],
                         [0.0929060634451364,
                          0.11207870747709386,
                          0.14176326988086166,
                          0.09727692448711425,
                          0.06351382477315591,
                          0.11099907015318916,
                          0.04940874856693815,
                          0.11614952669048041]]}]}
load_tensorflow_graph: path = tensorflow/mario-model-simple-2019-07-17/frozen_inference_graph.pb
object_detection_graph = <tensorflow.python.framework.ops.Graph object at 0x7f1f989cae48>
Doing start sequence
Sleeping one second
sending start
sending empty
Found black world screen for the second time. exiting.



Seconds left: 393
Moves to the right: 19
