pygame 1.9.6
Hello from the pygame community. https://www.pygame.org/contribute.html
Loading neural net from gameplay_neural_nets/107/9.nn
net = {'generation': 96,
 'inputs': [],
 'layers': [{'activation': 'sigmoid',
             'bias': [0.011615627612421355,
                      0.0002749286100292344,
                      0.016251094323092432,
                      -0.013042015447498617,
                      0.008933377546467294,
                      -0.02771226122312182,
                      0.021128072483104915,
                      -0.024466454626312695],
             'name': 'input',
             'neurons': [],
             'num_neurons': 8,
             'weights': [[0.35899064527183416,
                          0.42691793516927645,
                          0.09524917825982959,
                          0.11530084910510827,
                          0.09442003138671634,
                          0.07892412616237551,
                          0.08500577714948238,
                          0.10543249703084984,
                          0.08594903904480018,
                          0.07893261900208258],
                         [0.37875946674816413,
                          0.36712653918671007,
                          0.08654292704752561,
                          0.10196157925578501,
                          0.11643160586560525,
                          0.06776803980593167,
                          0.11576056955316298,
                          0.09072544211533198,
                          0.11802003473501615,
                          0.11911566856954305],
                         [0.38079075272154805,
                          0.4348822077154349,
                          0.10622514520193137,
                          0.05687742228700766,
                          0.1137551564731217,
                          0.10758111663288233,
                          0.10541690400003936,
                          0.11092378275685238,
                          0.0857055973142692,
                          0.09419630156226344],
                         [0.38342374402310947,
                          0.38882784269314746,
                          0.10061036217616164,
                          0.1131536461555081,
                          0.04324870619637801,
                          0.08951502435445118,
                          0.097148675787541,
                          0.11921840326111922,
                          0.11447131407105443,
                          0.11661806570064155],
                         [0.41066382325865386,
                          0.4009764901227099,
                          0.05832209982385208,
                          0.12671210822109413,
                          0.08317175514016936,
                          0.14323230996161118,
                          0.1139798325544163,
                          0.1372419492681667,
                          0.09924041869850608,
                          0.06804231702422137],
                         [0.37726374331790274,
                          0.4379783852750293,
                          0.08250472410555885,
                          0.08472146252318279,
                          0.10597776815286329,
                          0.0667892725335323,
                          0.09716136238373911,
                          0.10667390879620683,
                          0.10809468789303388,
                          0.10600055718224553],
                         [0.3636552005088008,
                          0.38604456601611614,
                          0.12059814210449084,
                          0.05315522782088633,
                          0.10244868399819303,
                          0.12844783082430056,
                          0.08917180148193558,
                          0.12876381376160706,
                          0.10591386053818622,
                          0.08009189799371688],
                         [0.3914922908687648,
                          0.4151555707033104,
                          0.06129603629301628,
                          0.07638204516291917,
                          0.1291807334789603,
                          0.03967109944627043,
                          0.07304502092549114,
                          0.1523275901073153,
                          0.08981054472615733,
                          0.06829092908260581]]},
            {'activation': 'sigmoid',
             'bias': [-0.02925321330045887,
                      0.033447134872879154,
                      -0.0020670026188775448,
                      -0.010047388419732893,
                      0.017485473250616314],
             'name': 'output',
             'neurons': [],
             'num_neurons': 5,
             'weights': [[0.061485262392024106,
                          0.08626897139585475,
                          0.10253227674430206,
                          0.07014116701787805,
                          0.09795078449448444,
                          0.13398286189864694,
                          0.1206411168479161,
                          0.09482929890725274],
                         [0.07406491049045623,
                          0.09037364936385414,
                          0.05600624260220268,
                          0.15592526114975094,
                          0.08304648642954282,
                          0.07762217776536487,
                          0.07179224570284669,
                          0.17541642485557465],
                         [0.12330268807301034,
                          0.08168632412694526,
                          0.11092340686386289,
                          0.09158555644119039,
                          0.10671604433197189,
                          0.11215641394309156,
                          0.1392063320084525,
                          0.09190156134181347],
                         [0.11904015243153884,
                          0.05909731386666654,
                          0.11887971465507444,
                          0.053478328210866684,
                          0.1561429177302504,
                          0.0990060147914815,
                          0.10030303412796684,
                          0.08396864371623312],
                         [0.11653576663191165,
                          0.10488461086516816,
                          0.12501039008548354,
                          0.04420916381210521,
                          0.16239688199890265,
                          0.10294974444802173,
                          0.09144187925085288,
                          0.11938994508762951],
                         [0.0929060634451364,
                          0.11207870747709386,
                          0.14176326988086166,
                          0.09727692448711425,
                          0.06351382477315591,
                          0.11099907015318916,
                          0.04901511872897984,
                          0.10838323341789258]]}]}
{'generation': 96,
 'inputs': [],
 'layers': [{'activation': 'sigmoid',
             'bias': [0.011615627612421355,
                      0.0002749286100292344,
                      0.016251094323092432,
                      -0.013042015447498617,
                      0.008933377546467294,
                      -0.02771226122312182,
                      0.021128072483104915,
                      -0.024466454626312695],
             'name': 'input',
             'neurons': [<gameplay.Neuron object at 0x7fa7a5d17860>,
                         <gameplay.Neuron object at 0x7fa7a5d17828>,
                         <gameplay.Neuron object at 0x7fa7a5d17240>,
                         <gameplay.Neuron object at 0x7fa7a5d17b00>,
                         <gameplay.Neuron object at 0x7fa7a5d17ba8>,
                         <gameplay.Neuron object at 0x7fa7a5d17b38>,
                         <gameplay.Neuron object at 0x7fa7a5d17c88>,
                         <gameplay.Neuron object at 0x7fa7a5d17c50>],
             'num_neurons': 8,
             'weights': [[0.35899064527183416,
                          0.42691793516927645,
                          0.09524917825982959,
                          0.11530084910510827,
                          0.09442003138671634,
                          0.07892412616237551,
                          0.08500577714948238,
                          0.10543249703084984,
                          0.08594903904480018,
                          0.07893261900208258],
                         [0.37875946674816413,
                          0.36712653918671007,
                          0.08654292704752561,
                          0.10196157925578501,
                          0.11643160586560525,
                          0.06776803980593167,
                          0.11576056955316298,
                          0.09072544211533198,
                          0.11802003473501615,
                          0.11911566856954305],
                         [0.38079075272154805,
                          0.4348822077154349,
                          0.10622514520193137,
                          0.05687742228700766,
                          0.1137551564731217,
                          0.10758111663288233,
                          0.10541690400003936,
                          0.11092378275685238,
                          0.0857055973142692,
                          0.09419630156226344],
                         [0.38342374402310947,
                          0.38882784269314746,
                          0.10061036217616164,
                          0.1131536461555081,
                          0.04324870619637801,
                          0.08951502435445118,
                          0.097148675787541,
                          0.11921840326111922,
                          0.11447131407105443,
                          0.11661806570064155],
                         [0.41066382325865386,
                          0.4009764901227099,
                          0.05832209982385208,
                          0.12671210822109413,
                          0.08317175514016936,
                          0.14323230996161118,
                          0.1139798325544163,
                          0.1372419492681667,
                          0.09924041869850608,
                          0.06804231702422137],
                         [0.37726374331790274,
                          0.4379783852750293,
                          0.08250472410555885,
                          0.08472146252318279,
                          0.10597776815286329,
                          0.0667892725335323,
                          0.09716136238373911,
                          0.10667390879620683,
                          0.10809468789303388,
                          0.10600055718224553],
                         [0.3636552005088008,
                          0.38604456601611614,
                          0.12059814210449084,
                          0.05315522782088633,
                          0.10244868399819303,
                          0.12844783082430056,
                          0.08917180148193558,
                          0.12876381376160706,
                          0.10591386053818622,
                          0.08009189799371688],
                         [0.3914922908687648,
                          0.4151555707033104,
                          0.06129603629301628,
                          0.07638204516291917,
                          0.1291807334789603,
                          0.03967109944627043,
                          0.07304502092549114,
                          0.1523275901073153,
                          0.08981054472615733,
                          0.06829092908260581]]},
            {'activation': 'sigmoid',
             'bias': [-0.02925321330045887,
                      0.033447134872879154,
                      -0.0020670026188775448,
                      -0.010047388419732893,
                      0.017485473250616314],
             'name': 'output',
             'neurons': [<gameplay.Neuron object at 0x7fa7a5d17cc0>,
                         <gameplay.Neuron object at 0x7fa7a5d17cf8>,
                         <gameplay.Neuron object at 0x7fa7a5d17d68>,
                         <gameplay.Neuron object at 0x7fa7a5d17d30>,
                         <gameplay.Neuron object at 0x7fa7a5d17da0>],
             'num_neurons': 5,
             'weights': [[0.061485262392024106,
                          0.08626897139585475,
                          0.10253227674430206,
                          0.07014116701787805,
                          0.09795078449448444,
                          0.13398286189864694,
                          0.1206411168479161,
                          0.09482929890725274],
                         [0.07406491049045623,
                          0.09037364936385414,
                          0.05600624260220268,
                          0.15592526114975094,
                          0.08304648642954282,
                          0.07762217776536487,
                          0.07179224570284669,
                          0.17541642485557465],
                         [0.12330268807301034,
                          0.08168632412694526,
                          0.11092340686386289,
                          0.09158555644119039,
                          0.10671604433197189,
                          0.11215641394309156,
                          0.1392063320084525,
                          0.09190156134181347],
                         [0.11904015243153884,
                          0.05909731386666654,
                          0.11887971465507444,
                          0.053478328210866684,
                          0.1561429177302504,
                          0.0990060147914815,
                          0.10030303412796684,
                          0.08396864371623312],
                         [0.11653576663191165,
                          0.10488461086516816,
                          0.12501039008548354,
                          0.04420916381210521,
                          0.16239688199890265,
                          0.10294974444802173,
                          0.09144187925085288,
                          0.11938994508762951],
                         [0.0929060634451364,
                          0.11207870747709386,
                          0.14176326988086166,
                          0.09727692448711425,
                          0.06351382477315591,
                          0.11099907015318916,
                          0.04901511872897984,
                          0.10838323341789258]]}]}
load_tensorflow_graph: path = tensorflow/mario-model-simple-2019-07-17/frozen_inference_graph.pb
object_detection_graph = <tensorflow.python.framework.ops.Graph object at 0x7fa7a5d17e48>
Doing start sequence
Sleeping one second
sending start
sending empty
Found black world screen for the second time. exiting.



Seconds left: 393
Moves to the right: 21
