pygame 1.9.6
Hello from the pygame community. https://www.pygame.org/contribute.html
Loading neural net from gameplay_neural_nets/106/4.nn
net = {'generation': 95,
 'inputs': [],
 'layers': [{'activation': 'sigmoid',
             'bias': [0.011615627612421355,
                      0.010248671618443787,
                      0.016251094323092432,
                      -0.020663172086816763,
                      0.0003643092426878578,
                      -0.02771226122312182,
                      0.021128072483104915,
                      -0.024466454626312695],
             'name': 'input',
             'neurons': [],
             'num_neurons': 8,
             'weights': [[0.35899064527183416,
                          0.42530672475908804,
                          0.0876932141878466,
                          0.11530084910510827,
                          0.10307420067197043,
                          0.08708963057368609,
                          0.08500577714948238,
                          0.10736210543940848,
                          0.08594903904480018,
                          0.08761410376200653],
                         [0.37875946674816413,
                          0.36258957170529793,
                          0.08654292704752561,
                          0.10196157925578501,
                          0.11156242451970623,
                          0.07665282160553546,
                          0.11866452046429288,
                          0.09072544211533198,
                          0.11802003473501615,
                          0.11911566856954305],
                         [0.3754037013832338,
                          0.4348822077154349,
                          0.10183680360683998,
                          0.05687742228700766,
                          0.1137551564731217,
                          0.10139576536844296,
                          0.10015787120766065,
                          0.11256139302185988,
                          0.0857055973142692,
                          0.08934902653394597],
                         [0.38342374402310947,
                          0.3804689679950501,
                          0.10061036217616164,
                          0.1131536461555081,
                          0.05207547950753162,
                          0.09873365616544354,
                          0.097148675787541,
                          0.1265133530872506,
                          0.11447131407105443,
                          0.12308311876374439],
                         [0.4013459146213683,
                          0.3951741600278526,
                          0.05832209982385208,
                          0.1230318108786917,
                          0.09099678801675898,
                          0.1403325448189168,
                          0.1139798325544163,
                          0.1372419492681667,
                          0.09701000433579299,
                          0.06712014353160393],
                         [0.38042921784188705,
                          0.4442116972574947,
                          0.08867272269609364,
                          0.08472146252318279,
                          0.11066992817317164,
                          0.0667892725335323,
                          0.09716136238373911,
                          0.1139290327516843,
                          0.11444962565804873,
                          0.10600055718224553],
                         [0.36972995891889615,
                          0.3774048596452009,
                          0.12059814210449084,
                          0.05315522782088633,
                          0.10244868399819303,
                          0.13485432893958388,
                          0.08917180148193558,
                          0.12876381376160706,
                          0.10591386053818622,
                          0.08347320969969456],
                         [0.3914922908687648,
                          0.4125697165751855,
                          0.05817323627200885,
                          0.07638204516291917,
                          0.12364389801984203,
                          0.03967109944627043,
                          0.07304502092549114,
                          0.15689793196628524,
                          0.08384314825725184,
                          0.06829092908260581]]},
            {'activation': 'sigmoid',
             'bias': [-0.019754222932578364,
                      0.027537716541312734,
                      -0.0020670026188775448,
                      -0.013628515265267926,
                      0.017485473250616314],
             'name': 'output',
             'neurons': [],
             'num_neurons': 5,
             'weights': [[0.061485262392024106,
                          0.09622575187717984,
                          0.09296595069616977,
                          0.06720047269179659,
                          0.09795078449448444,
                          0.12929748477119857,
                          0.13030659898863065,
                          0.10337943453860983],
                         [0.06532248930152797,
                          0.09037364936385414,
                          0.05600624260220268,
                          0.15491915171651177,
                          0.08304648642954282,
                          0.07762217776536487,
                          0.07179224570284669,
                          0.17541642485557465],
                         [0.11970509406964497,
                          0.08077321216888698,
                          0.11092340686386289,
                          0.09158555644119039,
                          0.10047084527658766,
                          0.10431094452114478,
                          0.13993404530982467,
                          0.09190156134181347],
                         [0.11904015243153884,
                          0.05909731386666654,
                          0.11887971465507444,
                          0.053478328210866684,
                          0.1561429177302504,
                          0.0990060147914815,
                          0.10030303412796684,
                          0.08396864371623312],
                         [0.11653576663191165,
                          0.09745350317967214,
                          0.1288500823628608,
                          0.04420916381210521,
                          0.16239688199890265,
                          0.10106292990377434,
                          0.09144187925085288,
                          0.11938994508762951],
                         [0.09036042465368287,
                          0.1054842321328245,
                          0.14001774449855225,
                          0.09713883448234548,
                          0.06351382477315591,
                          0.11099907015318916,
                          0.046954939523576454,
                          0.10838323341789258]]}]}
{'generation': 95,
 'inputs': [],
 'layers': [{'activation': 'sigmoid',
             'bias': [0.011615627612421355,
                      0.010248671618443787,
                      0.016251094323092432,
                      -0.020663172086816763,
                      0.0003643092426878578,
                      -0.02771226122312182,
                      0.021128072483104915,
                      -0.024466454626312695],
             'name': 'input',
             'neurons': [<gameplay.Neuron object at 0x7ff71b774860>,
                         <gameplay.Neuron object at 0x7ff71b774828>,
                         <gameplay.Neuron object at 0x7ff71b774240>,
                         <gameplay.Neuron object at 0x7ff71b774b00>,
                         <gameplay.Neuron object at 0x7ff71b774ba8>,
                         <gameplay.Neuron object at 0x7ff71b774b38>,
                         <gameplay.Neuron object at 0x7ff71b774c88>,
                         <gameplay.Neuron object at 0x7ff71b774c50>],
             'num_neurons': 8,
             'weights': [[0.35899064527183416,
                          0.42530672475908804,
                          0.0876932141878466,
                          0.11530084910510827,
                          0.10307420067197043,
                          0.08708963057368609,
                          0.08500577714948238,
                          0.10736210543940848,
                          0.08594903904480018,
                          0.08761410376200653],
                         [0.37875946674816413,
                          0.36258957170529793,
                          0.08654292704752561,
                          0.10196157925578501,
                          0.11156242451970623,
                          0.07665282160553546,
                          0.11866452046429288,
                          0.09072544211533198,
                          0.11802003473501615,
                          0.11911566856954305],
                         [0.3754037013832338,
                          0.4348822077154349,
                          0.10183680360683998,
                          0.05687742228700766,
                          0.1137551564731217,
                          0.10139576536844296,
                          0.10015787120766065,
                          0.11256139302185988,
                          0.0857055973142692,
                          0.08934902653394597],
                         [0.38342374402310947,
                          0.3804689679950501,
                          0.10061036217616164,
                          0.1131536461555081,
                          0.05207547950753162,
                          0.09873365616544354,
                          0.097148675787541,
                          0.1265133530872506,
                          0.11447131407105443,
                          0.12308311876374439],
                         [0.4013459146213683,
                          0.3951741600278526,
                          0.05832209982385208,
                          0.1230318108786917,
                          0.09099678801675898,
                          0.1403325448189168,
                          0.1139798325544163,
                          0.1372419492681667,
                          0.09701000433579299,
                          0.06712014353160393],
                         [0.38042921784188705,
                          0.4442116972574947,
                          0.08867272269609364,
                          0.08472146252318279,
                          0.11066992817317164,
                          0.0667892725335323,
                          0.09716136238373911,
                          0.1139290327516843,
                          0.11444962565804873,
                          0.10600055718224553],
                         [0.36972995891889615,
                          0.3774048596452009,
                          0.12059814210449084,
                          0.05315522782088633,
                          0.10244868399819303,
                          0.13485432893958388,
                          0.08917180148193558,
                          0.12876381376160706,
                          0.10591386053818622,
                          0.08347320969969456],
                         [0.3914922908687648,
                          0.4125697165751855,
                          0.05817323627200885,
                          0.07638204516291917,
                          0.12364389801984203,
                          0.03967109944627043,
                          0.07304502092549114,
                          0.15689793196628524,
                          0.08384314825725184,
                          0.06829092908260581]]},
            {'activation': 'sigmoid',
             'bias': [-0.019754222932578364,
                      0.027537716541312734,
                      -0.0020670026188775448,
                      -0.013628515265267926,
                      0.017485473250616314],
             'name': 'output',
             'neurons': [<gameplay.Neuron object at 0x7ff71b774cc0>,
                         <gameplay.Neuron object at 0x7ff71b774cf8>,
                         <gameplay.Neuron object at 0x7ff71b774d68>,
                         <gameplay.Neuron object at 0x7ff71b774d30>,
                         <gameplay.Neuron object at 0x7ff71b774da0>],
             'num_neurons': 5,
             'weights': [[0.061485262392024106,
                          0.09622575187717984,
                          0.09296595069616977,
                          0.06720047269179659,
                          0.09795078449448444,
                          0.12929748477119857,
                          0.13030659898863065,
                          0.10337943453860983],
                         [0.06532248930152797,
                          0.09037364936385414,
                          0.05600624260220268,
                          0.15491915171651177,
                          0.08304648642954282,
                          0.07762217776536487,
                          0.07179224570284669,
                          0.17541642485557465],
                         [0.11970509406964497,
                          0.08077321216888698,
                          0.11092340686386289,
                          0.09158555644119039,
                          0.10047084527658766,
                          0.10431094452114478,
                          0.13993404530982467,
                          0.09190156134181347],
                         [0.11904015243153884,
                          0.05909731386666654,
                          0.11887971465507444,
                          0.053478328210866684,
                          0.1561429177302504,
                          0.0990060147914815,
                          0.10030303412796684,
                          0.08396864371623312],
                         [0.11653576663191165,
                          0.09745350317967214,
                          0.1288500823628608,
                          0.04420916381210521,
                          0.16239688199890265,
                          0.10106292990377434,
                          0.09144187925085288,
                          0.11938994508762951],
                         [0.09036042465368287,
                          0.1054842321328245,
                          0.14001774449855225,
                          0.09713883448234548,
                          0.06351382477315591,
                          0.11099907015318916,
                          0.046954939523576454,
                          0.10838323341789258]]}]}
load_tensorflow_graph: path = tensorflow/mario-model-simple-2019-07-17/frozen_inference_graph.pb
object_detection_graph = <tensorflow.python.framework.ops.Graph object at 0x7ff71b774e48>
Doing start sequence
Sleeping one second
sending start
sending empty
Found black world screen for the second time. exiting.



Seconds left: 365
Moves to the right: 64
