pygame 1.9.6
Hello from the pygame community. https://www.pygame.org/contribute.html
Loading neural net from gameplay_neural_nets/106/6.nn
net = {'generation': 95,
 'inputs': [],
 'layers': [{'activation': 'sigmoid',
             'bias': [0.011615627612421355,
                      0.0002749286100292344,
                      0.02457328963920044,
                      -0.020663172086816763,
                      0.0003643092426878578,
                      -0.02771226122312182,
                      0.021128072483104915,
                      -0.024466454626312695],
             'name': 'input',
             'neurons': [],
             'num_neurons': 8,
             'weights': [[0.35980646113444875,
                          0.422380487308028,
                          0.09524917825982959,
                          0.11530084910510827,
                          0.10278265673020849,
                          0.07892412616237551,
                          0.09072377238882273,
                          0.10736210543940848,
                          0.08102001500346434,
                          0.09221144415940977],
                         [0.37875946674816413,
                          0.36712653918671007,
                          0.08654292704752561,
                          0.10196157925578501,
                          0.11156242451970623,
                          0.07665282160553546,
                          0.11866452046429288,
                          0.09072544211533198,
                          0.11802003473501615,
                          0.11911566856954305],
                         [0.38079075272154805,
                          0.4348822077154349,
                          0.10014114767791232,
                          0.05687742228700766,
                          0.1137551564731217,
                          0.10139576536844296,
                          0.10015787120766065,
                          0.11092378275685238,
                          0.0857055973142692,
                          0.07962765741495823],
                         [0.38342374402310947,
                          0.38882784269314746,
                          0.10818143327769408,
                          0.1131536461555081,
                          0.05207547950753162,
                          0.08951502435445118,
                          0.097148675787541,
                          0.1265133530872506,
                          0.11168429029268875,
                          0.13048310791920611],
                         [0.4013459146213683,
                          0.3951741600278526,
                          0.06322989238889574,
                          0.1230318108786917,
                          0.08663687073822374,
                          0.1403325448189168,
                          0.11031322921273157,
                          0.1372419492681667,
                          0.09701000433579299,
                          0.06712014353160393],
                         [0.3742946502690349,
                          0.4379783852750293,
                          0.07584513399484172,
                          0.08472146252318279,
                          0.11455542432374614,
                          0.0754955654056054,
                          0.09716136238373911,
                          0.10667390879620683,
                          0.11444962565804873,
                          0.10600055718224553],
                         [0.3636552005088008,
                          0.3678465528788539,
                          0.12059814210449084,
                          0.05315522782088633,
                          0.10244868399819303,
                          0.12844783082430056,
                          0.08917180148193558,
                          0.12876381376160706,
                          0.10591386053818622,
                          0.07584828291959024],
                         [0.3914922908687648,
                          0.4125697165751855,
                          0.06534822222927314,
                          0.07638204516291917,
                          0.12364389801984203,
                          0.03967109944627043,
                          0.07304502092549114,
                          0.15689793196628524,
                          0.08384314825725184,
                          0.07513932078497573]]},
            {'activation': 'sigmoid',
             'bias': [-0.019754222932578364,
                      0.027537716541312734,
                      -0.0020670026188775448,
                      -0.006466113657773541,
                      0.017485473250616314],
             'name': 'output',
             'neurons': [],
             'num_neurons': 5,
             'weights': [[0.061485262392024106,
                          0.09622575187717984,
                          0.09296595069616977,
                          0.06720047269179659,
                          0.1078644781749569,
                          0.12929748477119857,
                          0.13030659898863065,
                          0.10337943453860983],
                         [0.06532248930152797,
                          0.08651562713367097,
                          0.04868215655763646,
                          0.15461518873277202,
                          0.07699427080077054,
                          0.08237045539610258,
                          0.07179224570284669,
                          0.17541642485557465],
                         [0.11952240956082766,
                          0.08168632412694526,
                          0.11092340686386289,
                          0.09158555644119039,
                          0.10047084527658766,
                          0.10914115952863142,
                          0.1392063320084525,
                          0.09190156134181347],
                         [0.11904015243153884,
                          0.05909731386666654,
                          0.11887971465507444,
                          0.05886737743844543,
                          0.1561429177302504,
                          0.0990060147914815,
                          0.10030303412796684,
                          0.08396864371623312],
                         [0.10966593854842797,
                          0.09289455531092361,
                          0.1288500823628608,
                          0.04420916381210521,
                          0.16239688199890265,
                          0.10510291692050205,
                          0.09538040204251749,
                          0.11938994508762951],
                         [0.0929060634451364,
                          0.1054842321328245,
                          0.14176326988086166,
                          0.10089442555025334,
                          0.06351382477315591,
                          0.11099907015318916,
                          0.04978904780070344,
                          0.10838323341789258]]}]}
{'generation': 95,
 'inputs': [],
 'layers': [{'activation': 'sigmoid',
             'bias': [0.011615627612421355,
                      0.0002749286100292344,
                      0.02457328963920044,
                      -0.020663172086816763,
                      0.0003643092426878578,
                      -0.02771226122312182,
                      0.021128072483104915,
                      -0.024466454626312695],
             'name': 'input',
             'neurons': [<gameplay.Neuron object at 0x7f8d84026860>,
                         <gameplay.Neuron object at 0x7f8d84026828>,
                         <gameplay.Neuron object at 0x7f8d84026240>,
                         <gameplay.Neuron object at 0x7f8d84026b00>,
                         <gameplay.Neuron object at 0x7f8d84026ba8>,
                         <gameplay.Neuron object at 0x7f8d84026b38>,
                         <gameplay.Neuron object at 0x7f8d84026c88>,
                         <gameplay.Neuron object at 0x7f8d84026c50>],
             'num_neurons': 8,
             'weights': [[0.35980646113444875,
                          0.422380487308028,
                          0.09524917825982959,
                          0.11530084910510827,
                          0.10278265673020849,
                          0.07892412616237551,
                          0.09072377238882273,
                          0.10736210543940848,
                          0.08102001500346434,
                          0.09221144415940977],
                         [0.37875946674816413,
                          0.36712653918671007,
                          0.08654292704752561,
                          0.10196157925578501,
                          0.11156242451970623,
                          0.07665282160553546,
                          0.11866452046429288,
                          0.09072544211533198,
                          0.11802003473501615,
                          0.11911566856954305],
                         [0.38079075272154805,
                          0.4348822077154349,
                          0.10014114767791232,
                          0.05687742228700766,
                          0.1137551564731217,
                          0.10139576536844296,
                          0.10015787120766065,
                          0.11092378275685238,
                          0.0857055973142692,
                          0.07962765741495823],
                         [0.38342374402310947,
                          0.38882784269314746,
                          0.10818143327769408,
                          0.1131536461555081,
                          0.05207547950753162,
                          0.08951502435445118,
                          0.097148675787541,
                          0.1265133530872506,
                          0.11168429029268875,
                          0.13048310791920611],
                         [0.4013459146213683,
                          0.3951741600278526,
                          0.06322989238889574,
                          0.1230318108786917,
                          0.08663687073822374,
                          0.1403325448189168,
                          0.11031322921273157,
                          0.1372419492681667,
                          0.09701000433579299,
                          0.06712014353160393],
                         [0.3742946502690349,
                          0.4379783852750293,
                          0.07584513399484172,
                          0.08472146252318279,
                          0.11455542432374614,
                          0.0754955654056054,
                          0.09716136238373911,
                          0.10667390879620683,
                          0.11444962565804873,
                          0.10600055718224553],
                         [0.3636552005088008,
                          0.3678465528788539,
                          0.12059814210449084,
                          0.05315522782088633,
                          0.10244868399819303,
                          0.12844783082430056,
                          0.08917180148193558,
                          0.12876381376160706,
                          0.10591386053818622,
                          0.07584828291959024],
                         [0.3914922908687648,
                          0.4125697165751855,
                          0.06534822222927314,
                          0.07638204516291917,
                          0.12364389801984203,
                          0.03967109944627043,
                          0.07304502092549114,
                          0.15689793196628524,
                          0.08384314825725184,
                          0.07513932078497573]]},
            {'activation': 'sigmoid',
             'bias': [-0.019754222932578364,
                      0.027537716541312734,
                      -0.0020670026188775448,
                      -0.006466113657773541,
                      0.017485473250616314],
             'name': 'output',
             'neurons': [<gameplay.Neuron object at 0x7f8d84026cc0>,
                         <gameplay.Neuron object at 0x7f8d84026cf8>,
                         <gameplay.Neuron object at 0x7f8d84026d68>,
                         <gameplay.Neuron object at 0x7f8d84026d30>,
                         <gameplay.Neuron object at 0x7f8d84026da0>],
             'num_neurons': 5,
             'weights': [[0.061485262392024106,
                          0.09622575187717984,
                          0.09296595069616977,
                          0.06720047269179659,
                          0.1078644781749569,
                          0.12929748477119857,
                          0.13030659898863065,
                          0.10337943453860983],
                         [0.06532248930152797,
                          0.08651562713367097,
                          0.04868215655763646,
                          0.15461518873277202,
                          0.07699427080077054,
                          0.08237045539610258,
                          0.07179224570284669,
                          0.17541642485557465],
                         [0.11952240956082766,
                          0.08168632412694526,
                          0.11092340686386289,
                          0.09158555644119039,
                          0.10047084527658766,
                          0.10914115952863142,
                          0.1392063320084525,
                          0.09190156134181347],
                         [0.11904015243153884,
                          0.05909731386666654,
                          0.11887971465507444,
                          0.05886737743844543,
                          0.1561429177302504,
                          0.0990060147914815,
                          0.10030303412796684,
                          0.08396864371623312],
                         [0.10966593854842797,
                          0.09289455531092361,
                          0.1288500823628608,
                          0.04420916381210521,
                          0.16239688199890265,
                          0.10510291692050205,
                          0.09538040204251749,
                          0.11938994508762951],
                         [0.0929060634451364,
                          0.1054842321328245,
                          0.14176326988086166,
                          0.10089442555025334,
                          0.06351382477315591,
                          0.11099907015318916,
                          0.04978904780070344,
                          0.10838323341789258]]}]}
load_tensorflow_graph: path = tensorflow/mario-model-simple-2019-07-17/frozen_inference_graph.pb
object_detection_graph = <tensorflow.python.framework.ops.Graph object at 0x7f8d84026e48>
Doing start sequence
Sleeping one second
sending start
sending empty
Found black world screen for the second time. exiting.



Seconds left: 393
Moves to the right: 20
