pygame 1.9.6
Hello from the pygame community. https://www.pygame.org/contribute.html
Loading neural net from gameplay_neural_nets/85/3.nn
net = {'generation': 76,
 'inputs': [],
 'layers': [{'activation': 'sigmoid',
             'bias': [0.024191776922245868,
                      -0.013560552313298613,
                      0.01486786161028931,
                      -0.026014786389917964,
                      0.01840399013623456,
                      -0.035043550394082065,
                      0.017129214279151886,
                      -0.029199794966420327],
             'name': 'input',
             'neurons': [],
             'num_neurons': 8,
             'weights': [[0.36440552101640256,
                          0.4200780730933573,
                          0.11155712369234323,
                          0.13083091156104096,
                          0.10799375527364315,
                          0.09848224570886024,
                          0.08511505127444652,
                          0.1087289482188422,
                          0.08367461778550947,
                          0.09433474775301431],
                         [0.3825790546903861,
                          0.3813118925950652,
                          0.0991597988823857,
                          0.09754833038177806,
                          0.08645820049607099,
                          0.08778997664540447,
                          0.10279120346094062,
                          0.09678779674033725,
                          0.10505118995487792,
                          0.12045509083292325],
                         [0.3672160561983024,
                          0.44481457492512005,
                          0.08358880499715121,
                          0.07007446019854496,
                          0.10974787246084639,
                          0.10805378180555225,
                          0.0915883635299837,
                          0.09079631066923484,
                          0.11211859829840118,
                          0.10124600326310573],
                         [0.39093612758370583,
                          0.3909714745422767,
                          0.09046467511068791,
                          0.107621526929297,
                          0.06370183344619838,
                          0.10903558354110951,
                          0.09684197663593784,
                          0.1184444791129682,
                          0.10319472473582614,
                          0.12158921186291842],
                         [0.3868775194118231,
                          0.4076735512756476,
                          0.048309294074893025,
                          0.1201215101721787,
                          0.09123277565561635,
                          0.13284161648016604,
                          0.10434726748951478,
                          0.12410121266748039,
                          0.09579751824589308,
                          0.06378158759541136],
                         [0.3711442808393615,
                          0.4173972354174876,
                          0.08319691184037313,
                          0.09687992508755713,
                          0.10487282942586476,
                          0.07527653749955145,
                          0.08903434304729065,
                          0.10535594444545222,
                          0.11544562923099747,
                          0.10599556540542313],
                         [0.3642448235406567,
                          0.38076576264162676,
                          0.1212117135879099,
                          0.0629332249138381,
                          0.11305431691704373,
                          0.10439785444561407,
                          0.08999446693355762,
                          0.12093390850593377,
                          0.10024605740351727,
                          0.06397419486784137],
                         [0.3848084254404089,
                          0.41671445543153196,
                          0.06586962506217568,
                          0.07009659836801592,
                          0.12196004604478031,
                          0.049484722685174044,
                          0.06979546246977149,
                          0.148989602758657,
                          0.08191895330124341,
                          0.07884210855566011]]},
            {'activation': 'sigmoid',
             'bias': [-0.02570268994973175,
                      0.034222790271430506,
                      0.0070870183682971,
                      -0.01361686657480158,
                      0.018581627989594382],
             'name': 'output',
             'neurons': [],
             'num_neurons': 5,
             'weights': [[0.06960819903081239,
                          0.08443967692690008,
                          0.10007998946109165,
                          0.062083453795631564,
                          0.09754979564617723,
                          0.1288948081258736,
                          0.12104092606714532,
                          0.10989627372216132],
                         [0.07104551642829376,
                          0.08242158541021506,
                          0.06888223261716028,
                          0.15093103624716847,
                          0.08363020662034146,
                          0.0851170753985076,
                          0.07922258041849874,
                          0.17094606999847883],
                         [0.10600604267795732,
                          0.07650295522288146,
                          0.10977346108418437,
                          0.09367186337237042,
                          0.08800794550363754,
                          0.10735944251708965,
                          0.1404126935444548,
                          0.0900757639307741],
                         [0.11784910072743719,
                          0.06716375461169706,
                          0.11138179037405646,
                          0.06646183110498395,
                          0.13173881636849727,
                          0.11027547430480154,
                          0.10111317252274503,
                          0.10313194767436513],
                         [0.11018838027696386,
                          0.09720974545459837,
                          0.130895566675704,
                          0.06447732863136724,
                          0.16843599216786284,
                          0.10215791336020573,
                          0.10323340819069332,
                          0.10120757119632363],
                         [0.10097477764575269,
                          0.10039656201912864,
                          0.12017296390271925,
                          0.09187037775153288,
                          0.06548914831455831,
                          0.10525225637002926,
                          0.06276750197326332,
                          0.11831498926755299]]}]}
{'generation': 76,
 'inputs': [],
 'layers': [{'activation': 'sigmoid',
             'bias': [0.024191776922245868,
                      -0.013560552313298613,
                      0.01486786161028931,
                      -0.026014786389917964,
                      0.01840399013623456,
                      -0.035043550394082065,
                      0.017129214279151886,
                      -0.029199794966420327],
             'name': 'input',
             'neurons': [<gameplay.Neuron object at 0x7fe2127d3860>,
                         <gameplay.Neuron object at 0x7fe2127d3828>,
                         <gameplay.Neuron object at 0x7fe2127d3240>,
                         <gameplay.Neuron object at 0x7fe2127d3b00>,
                         <gameplay.Neuron object at 0x7fe2127d3ba8>,
                         <gameplay.Neuron object at 0x7fe2127d3b38>,
                         <gameplay.Neuron object at 0x7fe2127d3c88>,
                         <gameplay.Neuron object at 0x7fe2127d3c50>],
             'num_neurons': 8,
             'weights': [[0.36440552101640256,
                          0.4200780730933573,
                          0.11155712369234323,
                          0.13083091156104096,
                          0.10799375527364315,
                          0.09848224570886024,
                          0.08511505127444652,
                          0.1087289482188422,
                          0.08367461778550947,
                          0.09433474775301431],
                         [0.3825790546903861,
                          0.3813118925950652,
                          0.0991597988823857,
                          0.09754833038177806,
                          0.08645820049607099,
                          0.08778997664540447,
                          0.10279120346094062,
                          0.09678779674033725,
                          0.10505118995487792,
                          0.12045509083292325],
                         [0.3672160561983024,
                          0.44481457492512005,
                          0.08358880499715121,
                          0.07007446019854496,
                          0.10974787246084639,
                          0.10805378180555225,
                          0.0915883635299837,
                          0.09079631066923484,
                          0.11211859829840118,
                          0.10124600326310573],
                         [0.39093612758370583,
                          0.3909714745422767,
                          0.09046467511068791,
                          0.107621526929297,
                          0.06370183344619838,
                          0.10903558354110951,
                          0.09684197663593784,
                          0.1184444791129682,
                          0.10319472473582614,
                          0.12158921186291842],
                         [0.3868775194118231,
                          0.4076735512756476,
                          0.048309294074893025,
                          0.1201215101721787,
                          0.09123277565561635,
                          0.13284161648016604,
                          0.10434726748951478,
                          0.12410121266748039,
                          0.09579751824589308,
                          0.06378158759541136],
                         [0.3711442808393615,
                          0.4173972354174876,
                          0.08319691184037313,
                          0.09687992508755713,
                          0.10487282942586476,
                          0.07527653749955145,
                          0.08903434304729065,
                          0.10535594444545222,
                          0.11544562923099747,
                          0.10599556540542313],
                         [0.3642448235406567,
                          0.38076576264162676,
                          0.1212117135879099,
                          0.0629332249138381,
                          0.11305431691704373,
                          0.10439785444561407,
                          0.08999446693355762,
                          0.12093390850593377,
                          0.10024605740351727,
                          0.06397419486784137],
                         [0.3848084254404089,
                          0.41671445543153196,
                          0.06586962506217568,
                          0.07009659836801592,
                          0.12196004604478031,
                          0.049484722685174044,
                          0.06979546246977149,
                          0.148989602758657,
                          0.08191895330124341,
                          0.07884210855566011]]},
            {'activation': 'sigmoid',
             'bias': [-0.02570268994973175,
                      0.034222790271430506,
                      0.0070870183682971,
                      -0.01361686657480158,
                      0.018581627989594382],
             'name': 'output',
             'neurons': [<gameplay.Neuron object at 0x7fe2127d3cc0>,
                         <gameplay.Neuron object at 0x7fe2127d3cf8>,
                         <gameplay.Neuron object at 0x7fe2127d3d68>,
                         <gameplay.Neuron object at 0x7fe2127d3d30>,
                         <gameplay.Neuron object at 0x7fe2127d3da0>],
             'num_neurons': 5,
             'weights': [[0.06960819903081239,
                          0.08443967692690008,
                          0.10007998946109165,
                          0.062083453795631564,
                          0.09754979564617723,
                          0.1288948081258736,
                          0.12104092606714532,
                          0.10989627372216132],
                         [0.07104551642829376,
                          0.08242158541021506,
                          0.06888223261716028,
                          0.15093103624716847,
                          0.08363020662034146,
                          0.0851170753985076,
                          0.07922258041849874,
                          0.17094606999847883],
                         [0.10600604267795732,
                          0.07650295522288146,
                          0.10977346108418437,
                          0.09367186337237042,
                          0.08800794550363754,
                          0.10735944251708965,
                          0.1404126935444548,
                          0.0900757639307741],
                         [0.11784910072743719,
                          0.06716375461169706,
                          0.11138179037405646,
                          0.06646183110498395,
                          0.13173881636849727,
                          0.11027547430480154,
                          0.10111317252274503,
                          0.10313194767436513],
                         [0.11018838027696386,
                          0.09720974545459837,
                          0.130895566675704,
                          0.06447732863136724,
                          0.16843599216786284,
                          0.10215791336020573,
                          0.10323340819069332,
                          0.10120757119632363],
                         [0.10097477764575269,
                          0.10039656201912864,
                          0.12017296390271925,
                          0.09187037775153288,
                          0.06548914831455831,
                          0.10525225637002926,
                          0.06276750197326332,
                          0.11831498926755299]]}]}
load_tensorflow_graph: path = tensorflow/mario-model-simple-2019-07-17/frozen_inference_graph.pb
object_detection_graph = <tensorflow.python.framework.ops.Graph object at 0x7fe2127d3e48>
Doing start sequence
Sleeping one second
sending start
sending empty
Found black world screen for the second time. exiting.



Seconds left: 359
Moves to the right: 75
