pygame 1.9.6
Hello from the pygame community. https://www.pygame.org/contribute.html
Loading neural net from gameplay_neural_nets/85/9.nn
net = {'generation': 76,
 'inputs': [],
 'layers': [{'activation': 'sigmoid',
             'bias': [0.024191776922245868,
                      -0.004441418154191513,
                      0.01486786161028931,
                      -0.018254621002285414,
                      0.01840399013623456,
                      -0.035043550394082065,
                      0.026857785672870303,
                      -0.029199794966420327],
             'name': 'input',
             'neurons': [],
             'num_neurons': 8,
             'weights': [[0.36440552101640256,
                          0.42773521703569295,
                          0.11155712369234323,
                          0.13940634934891763,
                          0.10799375527364315,
                          0.08963494080382152,
                          0.08511505127444652,
                          0.1087289482188422,
                          0.08367461778550947,
                          0.09433474775301431],
                         [0.3825790546903861,
                          0.3813118925950652,
                          0.0991597988823857,
                          0.09754833038177806,
                          0.08645820049607099,
                          0.08778997664540447,
                          0.10691894187801157,
                          0.09678779674033725,
                          0.10505118995487792,
                          0.12045509083292325],
                         [0.3558031446568608,
                          0.44109664495293033,
                          0.09217373404389959,
                          0.07007446019854496,
                          0.10974787246084639,
                          0.10882278974165667,
                          0.09776664261390411,
                          0.09079631066923484,
                          0.11649929688151431,
                          0.10124600326310573],
                         [0.39093612758370583,
                          0.3909714745422767,
                          0.09046467511068791,
                          0.107621526929297,
                          0.06370183344619838,
                          0.102964951078373,
                          0.09684197663593784,
                          0.1184444791129682,
                          0.10319472473582614,
                          0.12158921186291842],
                         [0.3868775194118231,
                          0.4076735512756476,
                          0.048309294074893025,
                          0.1201215101721787,
                          0.09123277565561635,
                          0.13284161648016604,
                          0.10290840041153758,
                          0.12410121266748039,
                          0.09579751824589308,
                          0.06378158759541136],
                         [0.3711442808393615,
                          0.4101984033787084,
                          0.08319691184037313,
                          0.09687992508755713,
                          0.10030401736209232,
                          0.07527653749955145,
                          0.08781066566469506,
                          0.10535594444545222,
                          0.108167902472336,
                          0.10599556540542313],
                         [0.3642448235406567,
                          0.3856233772694175,
                          0.1212117135879099,
                          0.0629332249138381,
                          0.11305431691704373,
                          0.10033824912513,
                          0.096513641944664,
                          0.12247783586095909,
                          0.10024605740351727,
                          0.06397419486784137],
                         [0.3848084254404089,
                          0.41671445543153196,
                          0.06586962506217568,
                          0.07009659836801592,
                          0.12196004604478031,
                          0.049484722685174044,
                          0.06979546246977149,
                          0.14646598266274283,
                          0.08191895330124341,
                          0.07884210855566011]]},
            {'activation': 'sigmoid',
             'bias': [-0.02570268994973175,
                      0.034222790271430506,
                      0.0070870183682971,
                      -0.01361686657480158,
                      0.018581627989594382],
             'name': 'output',
             'neurons': [],
             'num_neurons': 5,
             'weights': [[0.06960819903081239,
                          0.08683813842992442,
                          0.10007998946109165,
                          0.062083453795631564,
                          0.09754979564617723,
                          0.12197185926435038,
                          0.11896474764303563,
                          0.09551165967399944],
                         [0.07104551642829376,
                          0.08242158541021506,
                          0.06888223261716028,
                          0.14815573369560323,
                          0.08363020662034146,
                          0.0851170753985076,
                          0.07362308467971443,
                          0.17094606999847883],
                         [0.10600604267795732,
                          0.08184969364232034,
                          0.10908569031009596,
                          0.09397716083528558,
                          0.09436583698511575,
                          0.10735944251708965,
                          0.1404126935444548,
                          0.09551026987076616],
                         [0.11784910072743719,
                          0.06716375461169706,
                          0.11138179037405646,
                          0.06646183110498395,
                          0.13173881636849727,
                          0.11027547430480154,
                          0.09991439794654323,
                          0.10313194767436513],
                         [0.11296992008275403,
                          0.09720974545459837,
                          0.130895566675704,
                          0.06447732863136724,
                          0.16843599216786284,
                          0.10147923769398434,
                          0.10323340819069332,
                          0.09930755897653347],
                         [0.10149765242090486,
                          0.10039656201912864,
                          0.12017296390271925,
                          0.09187037775153288,
                          0.06548914831455831,
                          0.10525225637002926,
                          0.06276750197326332,
                          0.11831498926755299]]}]}
{'generation': 76,
 'inputs': [],
 'layers': [{'activation': 'sigmoid',
             'bias': [0.024191776922245868,
                      -0.004441418154191513,
                      0.01486786161028931,
                      -0.018254621002285414,
                      0.01840399013623456,
                      -0.035043550394082065,
                      0.026857785672870303,
                      -0.029199794966420327],
             'name': 'input',
             'neurons': [<gameplay.Neuron object at 0x7f9300448898>,
                         <gameplay.Neuron object at 0x7f9300448860>,
                         <gameplay.Neuron object at 0x7f9300448278>,
                         <gameplay.Neuron object at 0x7f9300448b38>,
                         <gameplay.Neuron object at 0x7f9300448be0>,
                         <gameplay.Neuron object at 0x7f9300448b70>,
                         <gameplay.Neuron object at 0x7f9300448cc0>,
                         <gameplay.Neuron object at 0x7f9300448c88>],
             'num_neurons': 8,
             'weights': [[0.36440552101640256,
                          0.42773521703569295,
                          0.11155712369234323,
                          0.13940634934891763,
                          0.10799375527364315,
                          0.08963494080382152,
                          0.08511505127444652,
                          0.1087289482188422,
                          0.08367461778550947,
                          0.09433474775301431],
                         [0.3825790546903861,
                          0.3813118925950652,
                          0.0991597988823857,
                          0.09754833038177806,
                          0.08645820049607099,
                          0.08778997664540447,
                          0.10691894187801157,
                          0.09678779674033725,
                          0.10505118995487792,
                          0.12045509083292325],
                         [0.3558031446568608,
                          0.44109664495293033,
                          0.09217373404389959,
                          0.07007446019854496,
                          0.10974787246084639,
                          0.10882278974165667,
                          0.09776664261390411,
                          0.09079631066923484,
                          0.11649929688151431,
                          0.10124600326310573],
                         [0.39093612758370583,
                          0.3909714745422767,
                          0.09046467511068791,
                          0.107621526929297,
                          0.06370183344619838,
                          0.102964951078373,
                          0.09684197663593784,
                          0.1184444791129682,
                          0.10319472473582614,
                          0.12158921186291842],
                         [0.3868775194118231,
                          0.4076735512756476,
                          0.048309294074893025,
                          0.1201215101721787,
                          0.09123277565561635,
                          0.13284161648016604,
                          0.10290840041153758,
                          0.12410121266748039,
                          0.09579751824589308,
                          0.06378158759541136],
                         [0.3711442808393615,
                          0.4101984033787084,
                          0.08319691184037313,
                          0.09687992508755713,
                          0.10030401736209232,
                          0.07527653749955145,
                          0.08781066566469506,
                          0.10535594444545222,
                          0.108167902472336,
                          0.10599556540542313],
                         [0.3642448235406567,
                          0.3856233772694175,
                          0.1212117135879099,
                          0.0629332249138381,
                          0.11305431691704373,
                          0.10033824912513,
                          0.096513641944664,
                          0.12247783586095909,
                          0.10024605740351727,
                          0.06397419486784137],
                         [0.3848084254404089,
                          0.41671445543153196,
                          0.06586962506217568,
                          0.07009659836801592,
                          0.12196004604478031,
                          0.049484722685174044,
                          0.06979546246977149,
                          0.14646598266274283,
                          0.08191895330124341,
                          0.07884210855566011]]},
            {'activation': 'sigmoid',
             'bias': [-0.02570268994973175,
                      0.034222790271430506,
                      0.0070870183682971,
                      -0.01361686657480158,
                      0.018581627989594382],
             'name': 'output',
             'neurons': [<gameplay.Neuron object at 0x7f9300448cf8>,
                         <gameplay.Neuron object at 0x7f9300448d30>,
                         <gameplay.Neuron object at 0x7f9300448da0>,
                         <gameplay.Neuron object at 0x7f9300448d68>,
                         <gameplay.Neuron object at 0x7f9300448dd8>],
             'num_neurons': 5,
             'weights': [[0.06960819903081239,
                          0.08683813842992442,
                          0.10007998946109165,
                          0.062083453795631564,
                          0.09754979564617723,
                          0.12197185926435038,
                          0.11896474764303563,
                          0.09551165967399944],
                         [0.07104551642829376,
                          0.08242158541021506,
                          0.06888223261716028,
                          0.14815573369560323,
                          0.08363020662034146,
                          0.0851170753985076,
                          0.07362308467971443,
                          0.17094606999847883],
                         [0.10600604267795732,
                          0.08184969364232034,
                          0.10908569031009596,
                          0.09397716083528558,
                          0.09436583698511575,
                          0.10735944251708965,
                          0.1404126935444548,
                          0.09551026987076616],
                         [0.11784910072743719,
                          0.06716375461169706,
                          0.11138179037405646,
                          0.06646183110498395,
                          0.13173881636849727,
                          0.11027547430480154,
                          0.09991439794654323,
                          0.10313194767436513],
                         [0.11296992008275403,
                          0.09720974545459837,
                          0.130895566675704,
                          0.06447732863136724,
                          0.16843599216786284,
                          0.10147923769398434,
                          0.10323340819069332,
                          0.09930755897653347],
                         [0.10149765242090486,
                          0.10039656201912864,
                          0.12017296390271925,
                          0.09187037775153288,
                          0.06548914831455831,
                          0.10525225637002926,
                          0.06276750197326332,
                          0.11831498926755299]]}]}
load_tensorflow_graph: path = tensorflow/mario-model-simple-2019-07-17/frozen_inference_graph.pb
object_detection_graph = <tensorflow.python.framework.ops.Graph object at 0x7f9300448e80>
Doing start sequence
Sleeping one second
sending start
sending empty
Found black world screen for the second time. exiting.



Seconds left: 393
Moves to the right: 21
