pygame 1.9.6
Hello from the pygame community. https://www.pygame.org/contribute.html
Loading neural net from gameplay_neural_nets/51/10.nn
net = {'generation': 45,
 'inputs': [],
 'layers': [{'activation': 'sigmoid',
             'bias': [-0.024565492773589645,
                      0.041593344361700084,
                      -0.03037698668794613,
                      0.025840836189982924,
                      0.0038047462472485926,
                      0.016962047097549518,
                      -0.02489106623176348,
                      -0.016189175503370977],
             'name': 'input',
             'neurons': [],
             'num_neurons': 8,
             'weights': [[0.42903437339024525,
                          0.49067640558414416,
                          0.5029658060397438,
                          0.46485331729205753,
                          0.49819974699289876,
                          0.46692405710332674,
                          0.5259477342110679,
                          0.4909023691291382,
                          0.4839967700211514,
                          0.5287565444090281],
                         [0.47192455102702213,
                          0.49310349259086234,
                          0.5311981736982039,
                          0.5165671683263358,
                          0.5055128664759633,
                          0.5020466141316141,
                          0.4738681166373953,
                          0.4669457459757446,
                          0.5165350249075715,
                          0.5210016505153573],
                         [0.5434457154609363,
                          0.5119972491970085,
                          0.49087388743703025,
                          0.4700415931450053,
                          0.449961820386322,
                          0.49362484706532384,
                          0.522618410913167,
                          0.4693544725466758,
                          0.464265514853153,
                          0.5036327991505964],
                         [0.5120123280412203,
                          0.4785785148915763,
                          0.48366368752524685,
                          0.4337636886309306,
                          0.47059081486411286,
                          0.5230042148843108,
                          0.49946743014706557,
                          0.4728731040716653,
                          0.5127885602158024,
                          0.5056975758596904],
                         [0.497691435345332,
                          0.5036379781960705,
                          0.5296863070092944,
                          0.47798155861304303,
                          0.5166568229460402,
                          0.5084001756024679,
                          0.5200943773153305,
                          0.5011060680036271,
                          0.4971232554756943,
                          0.5426088571770857],
                         [0.488531341350658,
                          0.5124986065631827,
                          0.4841232365099727,
                          0.5349301001261205,
                          0.4990475766204746,
                          0.4692778666986689,
                          0.5476496069337311,
                          0.4747617749394571,
                          0.5065765511783357,
                          0.4437151224573106],
                         [0.5304930685910346,
                          0.48891160354977853,
                          0.5096856933966116,
                          0.4891554340681549,
                          0.5022799219522228,
                          0.48011528893113326,
                          0.5260444773813969,
                          0.4977086415127329,
                          0.5182595195689287,
                          0.49880435884066626],
                         [0.5007069136637113,
                          0.500318984178595,
                          0.4914138217287915,
                          0.5572654635396042,
                          0.49854573464614094,
                          0.48109701079800576,
                          0.45086716063378673,
                          0.4787081477630426,
                          0.47796129668094334,
                          0.47572451619149936]]},
            {'activation': 'sigmoid',
             'bias': [-0.02537983208938053,
                      -0.008000845600972467,
                      -0.02581349961826545,
                      0.0032312117860201755,
                      -0.0020742939317812733,
                      -0.0409737134455974],
             'name': 'hidden1',
             'neurons': [],
             'num_neurons': 6,
             'weights': [[0.4914879946049747,
                          0.47699413406263735,
                          0.5179295771379083,
                          0.4926421777713775,
                          0.5292538668720119,
                          0.4814594097998881,
                          0.5335431991896393,
                          0.509345525097445],
                         [0.5247150961398026,
                          0.538870096352323,
                          0.5045750945853117,
                          0.48328744713383326,
                          0.4682666171152199,
                          0.5211442459552813,
                          0.45930474062022886,
                          0.5009215391867291],
                         [0.5123885944847195,
                          0.5132444971008129,
                          0.5339789732408023,
                          0.5183367838450886,
                          0.5463153178740272,
                          0.5315574160452916,
                          0.5205245329319098,
                          0.5209442533700962],
                         [0.5098291474077568,
                          0.5028159640836521,
                          0.4840416082110749,
                          0.4901567062080074,
                          0.47127920305884763,
                          0.4991967682016346,
                          0.4898400722289232,
                          0.509478981190574],
                         [0.46990797700437603,
                          0.5544141523376704,
                          0.5074934893339825,
                          0.4854006915898937,
                          0.504887012265213,
                          0.48151060198953205,
                          0.509528422697433,
                          0.5226711621084031],
                         [0.45978106258453066,
                          0.4922520223023228,
                          0.49642720285778574,
                          0.4633088081484905,
                          0.4796948869509539,
                          0.4896730894933199,
                          0.48839988051873345,
                          0.5028502706355179],
                         [0.49147723086613593,
                          0.4958491887765245,
                          0.5349267508318157,
                          0.5211273718252527,
                          0.4900235327437623,
                          0.504817526946906,
                          0.5421483040499858,
                          0.48817284171489367],
                         [0.5147709269200245,
                          0.5346189117087939,
                          0.493657741628892,
                          0.5098219935589369,
                          0.5348197905887188,
                          0.49656192642027236,
                          0.4894660872016866,
                          0.4867877783705138]]},
            {'activation': 'sigmoid',
             'bias': [-0.030137960554969694,
                      0.01686701928615389,
                      -0.020914336674272782,
                      0.022877020974160056,
                      0.019873707545220654],
             'name': 'output',
             'neurons': [],
             'num_neurons': 5,
             'weights': [[0.4902919970512125,
                          0.48944275536738807,
                          0.5130270976092665,
                          0.5006062421833182,
                          0.503902684697091,
                          0.5051071612703187],
                         [0.5190745689790625,
                          0.508950806891053,
                          0.4557293613226089,
                          0.4900768193540586,
                          0.5287942443880775,
                          0.4979947903753176],
                         [0.5123405405388617,
                          0.511114174080192,
                          0.4679312604289625,
                          0.5068336605763248,
                          0.5298518470163119,
                          0.4822338764237393],
                         [0.5001100850775048,
                          0.4850466299409937,
                          0.5127870603745524,
                          0.47596038984219124,
                          0.49685294409708103,
                          0.5068895734976705],
                         [0.5213172359962264,
                          0.5082773366141278,
                          0.4632379484996051,
                          0.5363147339458963,
                          0.495955728788049,
                          0.48113293317774075],
                         [0.49276272714487057,
                          0.5033536363180956,
                          0.4999108657282417,
                          0.48907404032117213,
                          0.4937977726720177,
                          0.45756200834786853]]}]}
{'generation': 45,
 'inputs': [],
 'layers': [{'activation': 'sigmoid',
             'bias': [-0.024565492773589645,
                      0.041593344361700084,
                      -0.03037698668794613,
                      0.025840836189982924,
                      0.0038047462472485926,
                      0.016962047097549518,
                      -0.02489106623176348,
                      -0.016189175503370977],
             'name': 'input',
             'neurons': [<gameplay.Neuron object at 0x7feb7d1a6828>,
                         <gameplay.Neuron object at 0x7feb7d1a67f0>,
                         <gameplay.Neuron object at 0x7feb7d1a6208>,
                         <gameplay.Neuron object at 0x7feb7d1a6b38>,
                         <gameplay.Neuron object at 0x7feb7d1a6be0>,
                         <gameplay.Neuron object at 0x7feb7d1a6b70>,
                         <gameplay.Neuron object at 0x7feb7d1a6c88>,
                         <gameplay.Neuron object at 0x7feb7d1a6cc0>],
             'num_neurons': 8,
             'weights': [[0.42903437339024525,
                          0.49067640558414416,
                          0.5029658060397438,
                          0.46485331729205753,
                          0.49819974699289876,
                          0.46692405710332674,
                          0.5259477342110679,
                          0.4909023691291382,
                          0.4839967700211514,
                          0.5287565444090281],
                         [0.47192455102702213,
                          0.49310349259086234,
                          0.5311981736982039,
                          0.5165671683263358,
                          0.5055128664759633,
                          0.5020466141316141,
                          0.4738681166373953,
                          0.4669457459757446,
                          0.5165350249075715,
                          0.5210016505153573],
                         [0.5434457154609363,
                          0.5119972491970085,
                          0.49087388743703025,
                          0.4700415931450053,
                          0.449961820386322,
                          0.49362484706532384,
                          0.522618410913167,
                          0.4693544725466758,
                          0.464265514853153,
                          0.5036327991505964],
                         [0.5120123280412203,
                          0.4785785148915763,
                          0.48366368752524685,
                          0.4337636886309306,
                          0.47059081486411286,
                          0.5230042148843108,
                          0.49946743014706557,
                          0.4728731040716653,
                          0.5127885602158024,
                          0.5056975758596904],
                         [0.497691435345332,
                          0.5036379781960705,
                          0.5296863070092944,
                          0.47798155861304303,
                          0.5166568229460402,
                          0.5084001756024679,
                          0.5200943773153305,
                          0.5011060680036271,
                          0.4971232554756943,
                          0.5426088571770857],
                         [0.488531341350658,
                          0.5124986065631827,
                          0.4841232365099727,
                          0.5349301001261205,
                          0.4990475766204746,
                          0.4692778666986689,
                          0.5476496069337311,
                          0.4747617749394571,
                          0.5065765511783357,
                          0.4437151224573106],
                         [0.5304930685910346,
                          0.48891160354977853,
                          0.5096856933966116,
                          0.4891554340681549,
                          0.5022799219522228,
                          0.48011528893113326,
                          0.5260444773813969,
                          0.4977086415127329,
                          0.5182595195689287,
                          0.49880435884066626],
                         [0.5007069136637113,
                          0.500318984178595,
                          0.4914138217287915,
                          0.5572654635396042,
                          0.49854573464614094,
                          0.48109701079800576,
                          0.45086716063378673,
                          0.4787081477630426,
                          0.47796129668094334,
                          0.47572451619149936]]},
            {'activation': 'sigmoid',
             'bias': [-0.02537983208938053,
                      -0.008000845600972467,
                      -0.02581349961826545,
                      0.0032312117860201755,
                      -0.0020742939317812733,
                      -0.0409737134455974],
             'name': 'hidden1',
             'neurons': [<gameplay.Neuron object at 0x7feb7d1a6cf8>,
                         <gameplay.Neuron object at 0x7feb7d1a6d30>,
                         <gameplay.Neuron object at 0x7feb7d1a6da0>,
                         <gameplay.Neuron object at 0x7feb7d1a6d68>,
                         <gameplay.Neuron object at 0x7feb7d1a6dd8>,
                         <gameplay.Neuron object at 0x7feb7d1a6e48>],
             'num_neurons': 6,
             'weights': [[0.4914879946049747,
                          0.47699413406263735,
                          0.5179295771379083,
                          0.4926421777713775,
                          0.5292538668720119,
                          0.4814594097998881,
                          0.5335431991896393,
                          0.509345525097445],
                         [0.5247150961398026,
                          0.538870096352323,
                          0.5045750945853117,
                          0.48328744713383326,
                          0.4682666171152199,
                          0.5211442459552813,
                          0.45930474062022886,
                          0.5009215391867291],
                         [0.5123885944847195,
                          0.5132444971008129,
                          0.5339789732408023,
                          0.5183367838450886,
                          0.5463153178740272,
                          0.5315574160452916,
                          0.5205245329319098,
                          0.5209442533700962],
                         [0.5098291474077568,
                          0.5028159640836521,
                          0.4840416082110749,
                          0.4901567062080074,
                          0.47127920305884763,
                          0.4991967682016346,
                          0.4898400722289232,
                          0.509478981190574],
                         [0.46990797700437603,
                          0.5544141523376704,
                          0.5074934893339825,
                          0.4854006915898937,
                          0.504887012265213,
                          0.48151060198953205,
                          0.509528422697433,
                          0.5226711621084031],
                         [0.45978106258453066,
                          0.4922520223023228,
                          0.49642720285778574,
                          0.4633088081484905,
                          0.4796948869509539,
                          0.4896730894933199,
                          0.48839988051873345,
                          0.5028502706355179],
                         [0.49147723086613593,
                          0.4958491887765245,
                          0.5349267508318157,
                          0.5211273718252527,
                          0.4900235327437623,
                          0.504817526946906,
                          0.5421483040499858,
                          0.48817284171489367],
                         [0.5147709269200245,
                          0.5346189117087939,
                          0.493657741628892,
                          0.5098219935589369,
                          0.5348197905887188,
                          0.49656192642027236,
                          0.4894660872016866,
                          0.4867877783705138]]},
            {'activation': 'sigmoid',
             'bias': [-0.030137960554969694,
                      0.01686701928615389,
                      -0.020914336674272782,
                      0.022877020974160056,
                      0.019873707545220654],
             'name': 'output',
             'neurons': [<gameplay.Neuron object at 0x7feb7d1a6e10>,
                         <gameplay.Neuron object at 0x7feb7d1a6e80>,
                         <gameplay.Neuron object at 0x7feb7d1a6ba8>,
                         <gameplay.Neuron object at 0x7feb7d1a6c18>,
                         <gameplay.Neuron object at 0x7feb7d1a6c50>],
             'num_neurons': 5,
             'weights': [[0.4902919970512125,
                          0.48944275536738807,
                          0.5130270976092665,
                          0.5006062421833182,
                          0.503902684697091,
                          0.5051071612703187],
                         [0.5190745689790625,
                          0.508950806891053,
                          0.4557293613226089,
                          0.4900768193540586,
                          0.5287942443880775,
                          0.4979947903753176],
                         [0.5123405405388617,
                          0.511114174080192,
                          0.4679312604289625,
                          0.5068336605763248,
                          0.5298518470163119,
                          0.4822338764237393],
                         [0.5001100850775048,
                          0.4850466299409937,
                          0.5127870603745524,
                          0.47596038984219124,
                          0.49685294409708103,
                          0.5068895734976705],
                         [0.5213172359962264,
                          0.5082773366141278,
                          0.4632379484996051,
                          0.5363147339458963,
                          0.495955728788049,
                          0.48113293317774075],
                         [0.49276272714487057,
                          0.5033536363180956,
                          0.4999108657282417,
                          0.48907404032117213,
                          0.4937977726720177,
                          0.45756200834786853]]}]}
load_tensorflow_graph: path = tensorflow/mario-model-simple-2019-07-17/frozen_inference_graph.pb
object_detection_graph = <tensorflow.python.framework.ops.Graph object at 0x7feb7d1a6f98>
Doing start sequence
Sleeping one second
sending start
sending empty
Found black world screen for the second time. exiting.



Seconds left: 371
Moves to the right: 71
frame count: 133
time start:  1568169435.073168,   time_now: 1568169449.420244
