pygame 1.9.6
Hello from the pygame community. https://www.pygame.org/contribute.html
Loading neural net from gameplay_neural_nets/41/6.nn
net = {'generation': 37,
 'inputs': [],
 'layers': [{'activation': 'sigmoid',
             'bias': [0.007436461454281167,
                      -0.01408404301686297,
                      0.024868305536344455,
                      -0.004146926546201288,
                      0.015185485374939002,
                      -0.014525606259422792,
                      0.0019668599908604567,
                      -0.018714073463071343],
             'name': 'input',
             'neurons': [],
             'num_neurons': 8,
             'weights': [[0.3946346625033909,
                          0.3986811774774795,
                          0.11283614961486181,
                          0.11892929839628548,
                          0.11000791691560181,
                          0.09429603111580546,
                          0.11319205981579707,
                          0.11279711138272104,
                          0.08434799018330891,
                          0.08902783464650264],
                         [0.38261671188996405,
                          0.416757895373356,
                          0.11126014130653558,
                          0.10851290477774478,
                          0.09683999516451428,
                          0.07956625577109637,
                          0.09516126642137987,
                          0.0938680953945878,
                          0.10764735152001183,
                          0.10168537096409232],
                         [0.3751941296551149,
                          0.4235392877352643,
                          0.11418340007685228,
                          0.08484919601139712,
                          0.09662505276644989,
                          0.10581995148662926,
                          0.07387784477149044,
                          0.10020238058061139,
                          0.11043264327746047,
                          0.09132296065593243],
                         [0.3951672173370961,
                          0.37545748123434874,
                          0.08296787117083043,
                          0.1073068978498314,
                          0.07864974343936335,
                          0.10111818953024976,
                          0.10636953920817166,
                          0.09233640953837874,
                          0.08872018658288858,
                          0.10990620415166112],
                         [0.38813991861073793,
                          0.4013214244535427,
                          0.08037862727806455,
                          0.11638552276287419,
                          0.08497377731351392,
                          0.11283009894189068,
                          0.09977687794061144,
                          0.13401482904371337,
                          0.10705549616599071,
                          0.09201536183366997],
                         [0.36546715094099047,
                          0.39997709821784994,
                          0.06976464735469387,
                          0.09120217476645041,
                          0.1219262946200923,
                          0.10517264918992898,
                          0.10519670558428089,
                          0.1005762642489506,
                          0.09933660033607873,
                          0.11983045605416391],
                         [0.3868386849938264,
                          0.379890913128577,
                          0.11088106335812509,
                          0.057850973763987235,
                          0.10641287669415911,
                          0.09043242290620332,
                          0.0936382607700845,
                          0.11305334460726758,
                          0.0992132583682478,
                          0.06402612755439203],
                         [0.4053114463630824,
                          0.4097288446905838,
                          0.10253917075093871,
                          0.06416634231356434,
                          0.1224284357494545,
                          0.0789946057602328,
                          0.08946557061311265,
                          0.1325508109428738,
                          0.07886193133110567,
                          0.09801523254110076]]},
            {'activation': 'sigmoid',
             'bias': [-0.021978791252266823,
                      0.03171654405752193,
                      0.007381774493884111,
                      0.01620310786411527,
                      0.022731437899806403],
             'name': 'output',
             'neurons': [],
             'num_neurons': 5,
             'weights': [[0.08492400071912125,
                          0.08619711009354145,
                          0.09722618530009737,
                          0.08103251020757687,
                          0.11364053780214146,
                          0.12345535849641906,
                          0.11385714747870615,
                          0.08388458167278191],
                         [0.0783017294030907,
                          0.09436881909728381,
                          0.09669484720015177,
                          0.11962450868168062,
                          0.10172772816984459,
                          0.09866076477295929,
                          0.08742002860614398,
                          0.12372904732325031],
                         [0.11189968708082067,
                          0.09041943633956702,
                          0.1133164342582489,
                          0.10009714365568512,
                          0.09624667218898611,
                          0.10872862507776951,
                          0.10261679664857914,
                          0.10162002926132842],
                         [0.10938247466973132,
                          0.0625169764271394,
                          0.11470442637294598,
                          0.09191710762383154,
                          0.11038898401483653,
                          0.1207738346117136,
                          0.1079643091124917,
                          0.09479378490203565],
                         [0.10560712802424177,
                          0.09377818878877041,
                          0.13428567524365617,
                          0.0692984812385782,
                          0.1431233809837173,
                          0.10721187621434639,
                          0.09644847789976987,
                          0.1003020240689332],
                         [0.09654062518708653,
                          0.0958746779909629,
                          0.12382232852564415,
                          0.08337725388604221,
                          0.07510050457980293,
                          0.1228446478535102,
                          0.102472813212858,
                          0.09772024613120607]]}]}
{'generation': 37,
 'inputs': [],
 'layers': [{'activation': 'sigmoid',
             'bias': [0.007436461454281167,
                      -0.01408404301686297,
                      0.024868305536344455,
                      -0.004146926546201288,
                      0.015185485374939002,
                      -0.014525606259422792,
                      0.0019668599908604567,
                      -0.018714073463071343],
             'name': 'input',
             'neurons': [<gameplay.Neuron object at 0x7ff9d88ec898>,
                         <gameplay.Neuron object at 0x7ff9d88ec860>,
                         <gameplay.Neuron object at 0x7ff9d88ec278>,
                         <gameplay.Neuron object at 0x7ff9d88ecb38>,
                         <gameplay.Neuron object at 0x7ff9d88ecbe0>,
                         <gameplay.Neuron object at 0x7ff9d88ecb70>,
                         <gameplay.Neuron object at 0x7ff9d88eccc0>,
                         <gameplay.Neuron object at 0x7ff9d88ecc88>],
             'num_neurons': 8,
             'weights': [[0.3946346625033909,
                          0.3986811774774795,
                          0.11283614961486181,
                          0.11892929839628548,
                          0.11000791691560181,
                          0.09429603111580546,
                          0.11319205981579707,
                          0.11279711138272104,
                          0.08434799018330891,
                          0.08902783464650264],
                         [0.38261671188996405,
                          0.416757895373356,
                          0.11126014130653558,
                          0.10851290477774478,
                          0.09683999516451428,
                          0.07956625577109637,
                          0.09516126642137987,
                          0.0938680953945878,
                          0.10764735152001183,
                          0.10168537096409232],
                         [0.3751941296551149,
                          0.4235392877352643,
                          0.11418340007685228,
                          0.08484919601139712,
                          0.09662505276644989,
                          0.10581995148662926,
                          0.07387784477149044,
                          0.10020238058061139,
                          0.11043264327746047,
                          0.09132296065593243],
                         [0.3951672173370961,
                          0.37545748123434874,
                          0.08296787117083043,
                          0.1073068978498314,
                          0.07864974343936335,
                          0.10111818953024976,
                          0.10636953920817166,
                          0.09233640953837874,
                          0.08872018658288858,
                          0.10990620415166112],
                         [0.38813991861073793,
                          0.4013214244535427,
                          0.08037862727806455,
                          0.11638552276287419,
                          0.08497377731351392,
                          0.11283009894189068,
                          0.09977687794061144,
                          0.13401482904371337,
                          0.10705549616599071,
                          0.09201536183366997],
                         [0.36546715094099047,
                          0.39997709821784994,
                          0.06976464735469387,
                          0.09120217476645041,
                          0.1219262946200923,
                          0.10517264918992898,
                          0.10519670558428089,
                          0.1005762642489506,
                          0.09933660033607873,
                          0.11983045605416391],
                         [0.3868386849938264,
                          0.379890913128577,
                          0.11088106335812509,
                          0.057850973763987235,
                          0.10641287669415911,
                          0.09043242290620332,
                          0.0936382607700845,
                          0.11305334460726758,
                          0.0992132583682478,
                          0.06402612755439203],
                         [0.4053114463630824,
                          0.4097288446905838,
                          0.10253917075093871,
                          0.06416634231356434,
                          0.1224284357494545,
                          0.0789946057602328,
                          0.08946557061311265,
                          0.1325508109428738,
                          0.07886193133110567,
                          0.09801523254110076]]},
            {'activation': 'sigmoid',
             'bias': [-0.021978791252266823,
                      0.03171654405752193,
                      0.007381774493884111,
                      0.01620310786411527,
                      0.022731437899806403],
             'name': 'output',
             'neurons': [<gameplay.Neuron object at 0x7ff9d88eccf8>,
                         <gameplay.Neuron object at 0x7ff9d88ecd30>,
                         <gameplay.Neuron object at 0x7ff9d88ecda0>,
                         <gameplay.Neuron object at 0x7ff9d88ecd68>,
                         <gameplay.Neuron object at 0x7ff9d88ecdd8>],
             'num_neurons': 5,
             'weights': [[0.08492400071912125,
                          0.08619711009354145,
                          0.09722618530009737,
                          0.08103251020757687,
                          0.11364053780214146,
                          0.12345535849641906,
                          0.11385714747870615,
                          0.08388458167278191],
                         [0.0783017294030907,
                          0.09436881909728381,
                          0.09669484720015177,
                          0.11962450868168062,
                          0.10172772816984459,
                          0.09866076477295929,
                          0.08742002860614398,
                          0.12372904732325031],
                         [0.11189968708082067,
                          0.09041943633956702,
                          0.1133164342582489,
                          0.10009714365568512,
                          0.09624667218898611,
                          0.10872862507776951,
                          0.10261679664857914,
                          0.10162002926132842],
                         [0.10938247466973132,
                          0.0625169764271394,
                          0.11470442637294598,
                          0.09191710762383154,
                          0.11038898401483653,
                          0.1207738346117136,
                          0.1079643091124917,
                          0.09479378490203565],
                         [0.10560712802424177,
                          0.09377818878877041,
                          0.13428567524365617,
                          0.0692984812385782,
                          0.1431233809837173,
                          0.10721187621434639,
                          0.09644847789976987,
                          0.1003020240689332],
                         [0.09654062518708653,
                          0.0958746779909629,
                          0.12382232852564415,
                          0.08337725388604221,
                          0.07510050457980293,
                          0.1228446478535102,
                          0.102472813212858,
                          0.09772024613120607]]}]}
load_tensorflow_graph: path = tensorflow/mario-model-simple-2019-07-17/frozen_inference_graph.pb
object_detection_graph = <tensorflow.python.framework.ops.Graph object at 0x7ff9d88ece80>
Doing start sequence
Sleeping one second
sending start
sending empty
Found black world screen for the second time. exiting.



Seconds left: 376
Moves to the right: 45
