pygame 1.9.6
Hello from the pygame community. https://www.pygame.org/contribute.html
Loading neural net from gameplay_neural_nets/41/9.nn
net = {'generation': 37,
 'inputs': [],
 'layers': [{'activation': 'sigmoid',
             'bias': [0.007436461454281167,
                      -0.01408404301686297,
                      0.024868305536344455,
                      0.002647347195450586,
                      0.015185485374939002,
                      -0.014525606259422792,
                      0.0019668599908604567,
                      -0.018714073463071343],
             'name': 'input',
             'neurons': [],
             'num_neurons': 8,
             'weights': [[0.39075337122071974,
                          0.3986811774774795,
                          0.11283614961486181,
                          0.12334407961157301,
                          0.11269222491844834,
                          0.09429603111580546,
                          0.1190964019528356,
                          0.11279711138272104,
                          0.08434799018330891,
                          0.08902783464650264],
                         [0.38261671188996405,
                          0.416757895373356,
                          0.11126014130653558,
                          0.10851290477774478,
                          0.09683999516451428,
                          0.08163989710732915,
                          0.09516126642137987,
                          0.0938680953945878,
                          0.10764735152001183,
                          0.10168537096409232],
                         [0.3821128307829578,
                          0.4235392877352643,
                          0.11418340007685228,
                          0.08484919601139712,
                          0.09662505276644989,
                          0.10581995148662926,
                          0.07476392356298822,
                          0.10020238058061139,
                          0.11043264327746047,
                          0.09132296065593243],
                         [0.3951672173370961,
                          0.37545748123434874,
                          0.08296787117083043,
                          0.1073068978498314,
                          0.07864974343936335,
                          0.10111818953024976,
                          0.10382941578869904,
                          0.10099485479844296,
                          0.08872018658288858,
                          0.10990620415166112],
                         [0.3875091006115379,
                          0.4013214244535427,
                          0.08037862727806455,
                          0.12454560774450119,
                          0.08497377731351392,
                          0.11283009894189068,
                          0.10810009765977983,
                          0.13611595556187406,
                          0.09729779136786644,
                          0.09201536183366997],
                         [0.36413220665160534,
                          0.39997709821784994,
                          0.06976464735469387,
                          0.09120217476645041,
                          0.1219262946200923,
                          0.10517264918992898,
                          0.11202218950420169,
                          0.1005762642489506,
                          0.09933660033607873,
                          0.11983045605416391],
                         [0.3868386849938264,
                          0.379890913128577,
                          0.11088106335812509,
                          0.057850973763987235,
                          0.10641287669415911,
                          0.08742293818325989,
                          0.0936382607700845,
                          0.10472466936655983,
                          0.0992132583682478,
                          0.06402612755439203],
                         [0.4049607442900033,
                          0.4097288446905838,
                          0.10253917075093871,
                          0.06416634231356434,
                          0.12311839607729277,
                          0.0789946057602328,
                          0.08946557061311265,
                          0.1325508109428738,
                          0.08626245625287884,
                          0.09801523254110076]]},
            {'activation': 'sigmoid',
             'bias': [-0.021978791252266823,
                      0.03171654405752193,
                      0.007381774493884111,
                      0.01620310786411527,
                      0.03146074096783856],
             'name': 'output',
             'neurons': [],
             'num_neurons': 5,
             'weights': [[0.07993543642846582,
                          0.08857014599575233,
                          0.09722618530009737,
                          0.08103251020757687,
                          0.11364053780214146,
                          0.11635248210122162,
                          0.12280238665205104,
                          0.08388458167278191],
                         [0.0783017294030907,
                          0.09436881909728381,
                          0.0924526459228584,
                          0.11962450868168062,
                          0.09800058564335418,
                          0.09866076477295929,
                          0.09113460989988392,
                          0.12372904732325031],
                         [0.11189968708082067,
                          0.09041943633956702,
                          0.1133164342582489,
                          0.10356808144649575,
                          0.09686526019437498,
                          0.10872862507776951,
                          0.10261679664857914,
                          0.09401778212846787],
                         [0.10938247466973132,
                          0.0625169764271394,
                          0.10923563782568012,
                          0.08607278473132457,
                          0.11038898401483653,
                          0.1207738346117136,
                          0.1079643091124917,
                          0.09479378490203565],
                         [0.10560712802424177,
                          0.09377818878877041,
                          0.13428567524365617,
                          0.06861148003806355,
                          0.1431233809837173,
                          0.10721187621434639,
                          0.09928787121509369,
                          0.1003020240689332],
                         [0.09275959924903146,
                          0.0958746779909629,
                          0.12382232852564415,
                          0.08337725388604221,
                          0.07510050457980293,
                          0.1228446478535102,
                          0.102472813212858,
                          0.09772024613120607]]}]}
{'generation': 37,
 'inputs': [],
 'layers': [{'activation': 'sigmoid',
             'bias': [0.007436461454281167,
                      -0.01408404301686297,
                      0.024868305536344455,
                      0.002647347195450586,
                      0.015185485374939002,
                      -0.014525606259422792,
                      0.0019668599908604567,
                      -0.018714073463071343],
             'name': 'input',
             'neurons': [<gameplay.Neuron object at 0x7f158b0b2898>,
                         <gameplay.Neuron object at 0x7f158b0b2860>,
                         <gameplay.Neuron object at 0x7f158b0b2278>,
                         <gameplay.Neuron object at 0x7f158b0b2b38>,
                         <gameplay.Neuron object at 0x7f158b0b2be0>,
                         <gameplay.Neuron object at 0x7f158b0b2b70>,
                         <gameplay.Neuron object at 0x7f158b0b2cc0>,
                         <gameplay.Neuron object at 0x7f158b0b2c88>],
             'num_neurons': 8,
             'weights': [[0.39075337122071974,
                          0.3986811774774795,
                          0.11283614961486181,
                          0.12334407961157301,
                          0.11269222491844834,
                          0.09429603111580546,
                          0.1190964019528356,
                          0.11279711138272104,
                          0.08434799018330891,
                          0.08902783464650264],
                         [0.38261671188996405,
                          0.416757895373356,
                          0.11126014130653558,
                          0.10851290477774478,
                          0.09683999516451428,
                          0.08163989710732915,
                          0.09516126642137987,
                          0.0938680953945878,
                          0.10764735152001183,
                          0.10168537096409232],
                         [0.3821128307829578,
                          0.4235392877352643,
                          0.11418340007685228,
                          0.08484919601139712,
                          0.09662505276644989,
                          0.10581995148662926,
                          0.07476392356298822,
                          0.10020238058061139,
                          0.11043264327746047,
                          0.09132296065593243],
                         [0.3951672173370961,
                          0.37545748123434874,
                          0.08296787117083043,
                          0.1073068978498314,
                          0.07864974343936335,
                          0.10111818953024976,
                          0.10382941578869904,
                          0.10099485479844296,
                          0.08872018658288858,
                          0.10990620415166112],
                         [0.3875091006115379,
                          0.4013214244535427,
                          0.08037862727806455,
                          0.12454560774450119,
                          0.08497377731351392,
                          0.11283009894189068,
                          0.10810009765977983,
                          0.13611595556187406,
                          0.09729779136786644,
                          0.09201536183366997],
                         [0.36413220665160534,
                          0.39997709821784994,
                          0.06976464735469387,
                          0.09120217476645041,
                          0.1219262946200923,
                          0.10517264918992898,
                          0.11202218950420169,
                          0.1005762642489506,
                          0.09933660033607873,
                          0.11983045605416391],
                         [0.3868386849938264,
                          0.379890913128577,
                          0.11088106335812509,
                          0.057850973763987235,
                          0.10641287669415911,
                          0.08742293818325989,
                          0.0936382607700845,
                          0.10472466936655983,
                          0.0992132583682478,
                          0.06402612755439203],
                         [0.4049607442900033,
                          0.4097288446905838,
                          0.10253917075093871,
                          0.06416634231356434,
                          0.12311839607729277,
                          0.0789946057602328,
                          0.08946557061311265,
                          0.1325508109428738,
                          0.08626245625287884,
                          0.09801523254110076]]},
            {'activation': 'sigmoid',
             'bias': [-0.021978791252266823,
                      0.03171654405752193,
                      0.007381774493884111,
                      0.01620310786411527,
                      0.03146074096783856],
             'name': 'output',
             'neurons': [<gameplay.Neuron object at 0x7f158b0b2cf8>,
                         <gameplay.Neuron object at 0x7f158b0b2d30>,
                         <gameplay.Neuron object at 0x7f158b0b2da0>,
                         <gameplay.Neuron object at 0x7f158b0b2d68>,
                         <gameplay.Neuron object at 0x7f158b0b2dd8>],
             'num_neurons': 5,
             'weights': [[0.07993543642846582,
                          0.08857014599575233,
                          0.09722618530009737,
                          0.08103251020757687,
                          0.11364053780214146,
                          0.11635248210122162,
                          0.12280238665205104,
                          0.08388458167278191],
                         [0.0783017294030907,
                          0.09436881909728381,
                          0.0924526459228584,
                          0.11962450868168062,
                          0.09800058564335418,
                          0.09866076477295929,
                          0.09113460989988392,
                          0.12372904732325031],
                         [0.11189968708082067,
                          0.09041943633956702,
                          0.1133164342582489,
                          0.10356808144649575,
                          0.09686526019437498,
                          0.10872862507776951,
                          0.10261679664857914,
                          0.09401778212846787],
                         [0.10938247466973132,
                          0.0625169764271394,
                          0.10923563782568012,
                          0.08607278473132457,
                          0.11038898401483653,
                          0.1207738346117136,
                          0.1079643091124917,
                          0.09479378490203565],
                         [0.10560712802424177,
                          0.09377818878877041,
                          0.13428567524365617,
                          0.06861148003806355,
                          0.1431233809837173,
                          0.10721187621434639,
                          0.09928787121509369,
                          0.1003020240689332],
                         [0.09275959924903146,
                          0.0958746779909629,
                          0.12382232852564415,
                          0.08337725388604221,
                          0.07510050457980293,
                          0.1228446478535102,
                          0.102472813212858,
                          0.09772024613120607]]}]}
load_tensorflow_graph: path = tensorflow/mario-model-simple-2019-07-17/frozen_inference_graph.pb
object_detection_graph = <tensorflow.python.framework.ops.Graph object at 0x7f158b0b2e80>
Doing start sequence
Sleeping one second
sending start
sending empty
Found black world screen for the second time. exiting.



Seconds left: 377
Moves to the right: 44
