pygame 1.9.6
Hello from the pygame community. https://www.pygame.org/contribute.html
Loading neural net from gameplay_neural_nets/44/10.nn
net = {'generation': 40,
 'inputs': [],
 'layers': [{'activation': 'sigmoid',
             'bias': [0.01645332778219348,
                      -0.01408404301686297,
                      0.01920570814426129,
                      -0.008755880381194998,
                      0.019348844965115377,
                      -0.022842774014586828,
                      0.0019668599908604567,
                      -0.018714073463071343],
             'name': 'input',
             'neurons': [],
             'num_neurons': 8,
             'weights': [[0.3840252514884854,
                          0.3951100029475391,
                          0.11072779243126302,
                          0.10926098571596277,
                          0.11803450189386132,
                          0.08808037527035067,
                          0.11028291060671155,
                          0.12164650501706264,
                          0.08434799018330891,
                          0.09689950521547078],
                         [0.3792702311918261,
                          0.416757895373356,
                          0.11126014130653558,
                          0.10851290477774478,
                          0.10573496594401757,
                          0.08029309558518606,
                          0.10048589375606842,
                          0.0938680953945878,
                          0.09907819530117636,
                          0.09504464059339128],
                         [0.3715265402720702,
                          0.4235392877352643,
                          0.11418340007685228,
                          0.08484919601139712,
                          0.09960836834272194,
                          0.10581995148662926,
                          0.08627117441338228,
                          0.08520549147723899,
                          0.11043264327746047,
                          0.09562260784099419],
                         [0.39302580624826294,
                          0.38476185692227316,
                          0.08896932835651969,
                          0.1073068978498314,
                          0.08077147378163596,
                          0.0968302168228432,
                          0.10382941578869904,
                          0.1064311882146591,
                          0.08968233619621875,
                          0.1151227038469128],
                         [0.37639810372382343,
                          0.4013214244535427,
                          0.08359344302051214,
                          0.12070007282911974,
                          0.08497377731351392,
                          0.11283009894189068,
                          0.10107899740200671,
                          0.13039399291048734,
                          0.08208817417224736,
                          0.09776263710712552],
                         [0.3589819629628623,
                          0.4039444530608778,
                          0.06976464735469387,
                          0.09120217476645041,
                          0.1219262946200923,
                          0.10517264918992898,
                          0.10519670558428089,
                          0.1005762642489506,
                          0.1008512620883873,
                          0.11983045605416391],
                         [0.39552004374060873,
                          0.379890913128577,
                          0.11088106335812509,
                          0.057850973763987235,
                          0.10641287669415911,
                          0.09043242290620332,
                          0.0936382607700845,
                          0.11666571867031851,
                          0.09869629244101406,
                          0.06402612755439203],
                         [0.41135977780683386,
                          0.41195231646149716,
                          0.0980674662509397,
                          0.06416634231356434,
                          0.1224284357494545,
                          0.0789946057602328,
                          0.08201991532936208,
                          0.13963595635063628,
                          0.06952915013585341,
                          0.08880029805001541]]},
            {'activation': 'sigmoid',
             'bias': [-0.0251655985346388,
                      0.03171654405752193,
                      0.01566456934671817,
                      0.025132302757422002,
                      0.021579576927750102],
             'name': 'output',
             'neurons': [],
             'num_neurons': 5,
             'weights': [[0.0810710499293628,
                          0.08857014599575233,
                          0.10213596132453796,
                          0.08103251020757687,
                          0.10783730025519521,
                          0.11624454045871836,
                          0.12280238665205104,
                          0.08388458167278191],
                         [0.07234874482792013,
                          0.08219501397526946,
                          0.07558226161585022,
                          0.12620061542252717,
                          0.10172772816984459,
                          0.08786767455378806,
                          0.08742002860614398,
                          0.12896096168276325],
                         [0.11189968708082067,
                          0.09041943633956702,
                          0.12231388424731847,
                          0.09789169012219626,
                          0.09686526019437498,
                          0.09892299418301911,
                          0.1048790887309683,
                          0.09315853977279623],
                         [0.0994305086311568,
                          0.0625169764271394,
                          0.11777621927033921,
                          0.0917071779903168,
                          0.11038898401483653,
                          0.11578897060499746,
                          0.1079643091124917,
                          0.09479378490203565],
                         [0.12431704248901129,
                          0.09549210411285011,
                          0.13212761788469188,
                          0.0692984812385782,
                          0.1426358195340176,
                          0.10721187621434639,
                          0.09928787121509369,
                          0.1003020240689332],
                         [0.0840364423179769,
                          0.08619126999506652,
                          0.12382232852564415,
                          0.0922320041424367,
                          0.07510050457980293,
                          0.13043102794884132,
                          0.10022955721281818,
                          0.09095031419209981]]}]}
{'generation': 40,
 'inputs': [],
 'layers': [{'activation': 'sigmoid',
             'bias': [0.01645332778219348,
                      -0.01408404301686297,
                      0.01920570814426129,
                      -0.008755880381194998,
                      0.019348844965115377,
                      -0.022842774014586828,
                      0.0019668599908604567,
                      -0.018714073463071343],
             'name': 'input',
             'neurons': [<gameplay.Neuron object at 0x7f3bec24a898>,
                         <gameplay.Neuron object at 0x7f3bec24a860>,
                         <gameplay.Neuron object at 0x7f3bec24a278>,
                         <gameplay.Neuron object at 0x7f3bec24ab38>,
                         <gameplay.Neuron object at 0x7f3bec24abe0>,
                         <gameplay.Neuron object at 0x7f3bec24ab70>,
                         <gameplay.Neuron object at 0x7f3bec24acc0>,
                         <gameplay.Neuron object at 0x7f3bec24ac88>],
             'num_neurons': 8,
             'weights': [[0.3840252514884854,
                          0.3951100029475391,
                          0.11072779243126302,
                          0.10926098571596277,
                          0.11803450189386132,
                          0.08808037527035067,
                          0.11028291060671155,
                          0.12164650501706264,
                          0.08434799018330891,
                          0.09689950521547078],
                         [0.3792702311918261,
                          0.416757895373356,
                          0.11126014130653558,
                          0.10851290477774478,
                          0.10573496594401757,
                          0.08029309558518606,
                          0.10048589375606842,
                          0.0938680953945878,
                          0.09907819530117636,
                          0.09504464059339128],
                         [0.3715265402720702,
                          0.4235392877352643,
                          0.11418340007685228,
                          0.08484919601139712,
                          0.09960836834272194,
                          0.10581995148662926,
                          0.08627117441338228,
                          0.08520549147723899,
                          0.11043264327746047,
                          0.09562260784099419],
                         [0.39302580624826294,
                          0.38476185692227316,
                          0.08896932835651969,
                          0.1073068978498314,
                          0.08077147378163596,
                          0.0968302168228432,
                          0.10382941578869904,
                          0.1064311882146591,
                          0.08968233619621875,
                          0.1151227038469128],
                         [0.37639810372382343,
                          0.4013214244535427,
                          0.08359344302051214,
                          0.12070007282911974,
                          0.08497377731351392,
                          0.11283009894189068,
                          0.10107899740200671,
                          0.13039399291048734,
                          0.08208817417224736,
                          0.09776263710712552],
                         [0.3589819629628623,
                          0.4039444530608778,
                          0.06976464735469387,
                          0.09120217476645041,
                          0.1219262946200923,
                          0.10517264918992898,
                          0.10519670558428089,
                          0.1005762642489506,
                          0.1008512620883873,
                          0.11983045605416391],
                         [0.39552004374060873,
                          0.379890913128577,
                          0.11088106335812509,
                          0.057850973763987235,
                          0.10641287669415911,
                          0.09043242290620332,
                          0.0936382607700845,
                          0.11666571867031851,
                          0.09869629244101406,
                          0.06402612755439203],
                         [0.41135977780683386,
                          0.41195231646149716,
                          0.0980674662509397,
                          0.06416634231356434,
                          0.1224284357494545,
                          0.0789946057602328,
                          0.08201991532936208,
                          0.13963595635063628,
                          0.06952915013585341,
                          0.08880029805001541]]},
            {'activation': 'sigmoid',
             'bias': [-0.0251655985346388,
                      0.03171654405752193,
                      0.01566456934671817,
                      0.025132302757422002,
                      0.021579576927750102],
             'name': 'output',
             'neurons': [<gameplay.Neuron object at 0x7f3bec24acf8>,
                         <gameplay.Neuron object at 0x7f3bec24ad30>,
                         <gameplay.Neuron object at 0x7f3bec24ada0>,
                         <gameplay.Neuron object at 0x7f3bec24ad68>,
                         <gameplay.Neuron object at 0x7f3bec24add8>],
             'num_neurons': 5,
             'weights': [[0.0810710499293628,
                          0.08857014599575233,
                          0.10213596132453796,
                          0.08103251020757687,
                          0.10783730025519521,
                          0.11624454045871836,
                          0.12280238665205104,
                          0.08388458167278191],
                         [0.07234874482792013,
                          0.08219501397526946,
                          0.07558226161585022,
                          0.12620061542252717,
                          0.10172772816984459,
                          0.08786767455378806,
                          0.08742002860614398,
                          0.12896096168276325],
                         [0.11189968708082067,
                          0.09041943633956702,
                          0.12231388424731847,
                          0.09789169012219626,
                          0.09686526019437498,
                          0.09892299418301911,
                          0.1048790887309683,
                          0.09315853977279623],
                         [0.0994305086311568,
                          0.0625169764271394,
                          0.11777621927033921,
                          0.0917071779903168,
                          0.11038898401483653,
                          0.11578897060499746,
                          0.1079643091124917,
                          0.09479378490203565],
                         [0.12431704248901129,
                          0.09549210411285011,
                          0.13212761788469188,
                          0.0692984812385782,
                          0.1426358195340176,
                          0.10721187621434639,
                          0.09928787121509369,
                          0.1003020240689332],
                         [0.0840364423179769,
                          0.08619126999506652,
                          0.12382232852564415,
                          0.0922320041424367,
                          0.07510050457980293,
                          0.13043102794884132,
                          0.10022955721281818,
                          0.09095031419209981]]}]}
load_tensorflow_graph: path = tensorflow/mario-model-simple-2019-07-17/frozen_inference_graph.pb
object_detection_graph = <tensorflow.python.framework.ops.Graph object at 0x7f3bec24ae80>
Doing start sequence
Sleeping one second
sending start
sending empty
Found black world screen for the second time. exiting.



Seconds left: 380
Moves to the right: 42
