pygame 1.9.6
Hello from the pygame community. https://www.pygame.org/contribute.html
Loading neural net from gameplay_neural_nets/163/10.nn
net = {'generation': 147,
 'inputs': [],
 'layers': [{'activation': 'sigmoid',
             'bias': [0.017949201621690166,
                      -0.05260256820374856,
                      0.004464173596948949,
                      0.004692107000956945,
                      -0.007992071324947583,
                      -0.017393380739671845,
                      0.014317468858282053,
                      -0.0032628456517258732],
             'name': 'input',
             'neurons': [],
             'num_neurons': 8,
             'weights': [[0.35649945009426254,
                          0.41931629541804194,
                          0.09808893193009913,
                          0.1483719442932511,
                          0.0927303872985216,
                          0.08700948306348058,
                          0.05343509117949305,
                          0.08282634650130187,
                          0.08792416475904953,
                          0.07599905093967885],
                         [0.3699068344191316,
                          0.36724194933646087,
                          0.09094007219993089,
                          0.1274741419503258,
                          0.1440273963867381,
                          0.06697687253167053,
                          0.11443901959728794,
                          0.10672218996280719,
                          0.08218134689587558,
                          0.12380083024937834],
                         [0.3368133277062618,
                          0.44254002649550045,
                          0.06159758162176719,
                          0.04273700866362534,
                          0.09678541631885959,
                          0.10939434780423542,
                          0.08558181131124107,
                          0.11727676439679162,
                          0.1011578250704543,
                          0.06986409463934906],
                         [0.38284381739657936,
                          0.40988918019221976,
                          0.10213916129496929,
                          0.10488238050402446,
                          0.056346374220205483,
                          0.08029916622647205,
                          0.07054111451405805,
                          0.14861045368066225,
                          0.14702860711841229,
                          0.12564284489140654],
                         [0.4229314807228292,
                          0.4027842147054706,
                          0.06058017932534253,
                          0.11866523464604835,
                          0.10256250295263672,
                          0.14481850396130724,
                          0.14249524138226857,
                          0.14947734932403198,
                          0.07412668413668677,
                          0.060996149989993025],
                         [0.36139512212401126,
                          0.41634630307905823,
                          0.06335865238742139,
                          0.0796902440221886,
                          0.0702975320491383,
                          0.07809798594675475,
                          0.10688763823530995,
                          0.09182057526352277,
                          0.1323082426921964,
                          0.10865288496552916],
                         [0.3439862441351027,
                          0.4027879550801728,
                          0.11685734055616807,
                          0.07100273396542246,
                          0.11575004672613164,
                          0.11763789769594805,
                          0.1135617042944186,
                          0.08746547788940652,
                          0.11611348566109299,
                          0.043524228990851524],
                         [0.3813696377803063,
                          0.42738783001424213,
                          0.06720013622706761,
                          0.07719835548977032,
                          0.11708163357876918,
                          0.05834980813924458,
                          0.08399864762765794,
                          0.14030171781610531,
                          0.12642079437537043,
                          0.08283367998148004]]},
            {'activation': 'sigmoid',
             'bias': [-0.036162496136937276,
                      0.10094413045183813,
                      -0.021913834611193513,
                      -0.003985335383454025,
                      0.0074518536468590555],
             'name': 'output',
             'neurons': [],
             'num_neurons': 5,
             'weights': [[0.041429988568818035,
                          0.07476716165463451,
                          0.07569507685326192,
                          0.03381073018039994,
                          0.10352283169067153,
                          0.15826523556319583,
                          0.11426192822790729,
                          0.1235560640880301],
                         [0.056500952052246256,
                          0.06478363569975958,
                          0.09169232720998441,
                          0.15859403388479576,
                          0.12758324202777924,
                          0.06386461045155775,
                          0.03961993779605845,
                          0.15324883296181732],
                         [0.1231272066134878,
                          0.09088263650662683,
                          0.09444082038919971,
                          0.0706927974740734,
                          0.044170665136328016,
                          0.1096084149972441,
                          0.13631671885522814,
                          0.08006334001230149],
                         [0.08381595026669748,
                          0.07961652915257161,
                          0.1473458415158076,
                          0.0536456500373966,
                          0.16545686003617258,
                          0.09410991997925097,
                          0.0641197490792163,
                          0.08849675763708328],
                         [0.14694438674433094,
                          0.09519515041374677,
                          0.14866125314566958,
                          0.03610884776333385,
                          0.18879732194384766,
                          0.12113125652961958,
                          0.07337457922653448,
                          0.10484319709233367],
                         [0.09128574455684152,
                          0.13335870273197534,
                          0.1391715271830898,
                          0.0873598982519468,
                          0.016824592409562925,
                          0.11884128117738212,
                          0.07481595209610799,
                          0.15037271621266984]]}]}
{'generation': 147,
 'inputs': [],
 'layers': [{'activation': 'sigmoid',
             'bias': [0.017949201621690166,
                      -0.05260256820374856,
                      0.004464173596948949,
                      0.004692107000956945,
                      -0.007992071324947583,
                      -0.017393380739671845,
                      0.014317468858282053,
                      -0.0032628456517258732],
             'name': 'input',
             'neurons': [<gameplay.Neuron object at 0x7f6e24004860>,
                         <gameplay.Neuron object at 0x7f6e24004828>,
                         <gameplay.Neuron object at 0x7f6e24004240>,
                         <gameplay.Neuron object at 0x7f6e24004b00>,
                         <gameplay.Neuron object at 0x7f6e24004ba8>,
                         <gameplay.Neuron object at 0x7f6e24004b38>,
                         <gameplay.Neuron object at 0x7f6e24004c88>,
                         <gameplay.Neuron object at 0x7f6e24004c50>],
             'num_neurons': 8,
             'weights': [[0.35649945009426254,
                          0.41931629541804194,
                          0.09808893193009913,
                          0.1483719442932511,
                          0.0927303872985216,
                          0.08700948306348058,
                          0.05343509117949305,
                          0.08282634650130187,
                          0.08792416475904953,
                          0.07599905093967885],
                         [0.3699068344191316,
                          0.36724194933646087,
                          0.09094007219993089,
                          0.1274741419503258,
                          0.1440273963867381,
                          0.06697687253167053,
                          0.11443901959728794,
                          0.10672218996280719,
                          0.08218134689587558,
                          0.12380083024937834],
                         [0.3368133277062618,
                          0.44254002649550045,
                          0.06159758162176719,
                          0.04273700866362534,
                          0.09678541631885959,
                          0.10939434780423542,
                          0.08558181131124107,
                          0.11727676439679162,
                          0.1011578250704543,
                          0.06986409463934906],
                         [0.38284381739657936,
                          0.40988918019221976,
                          0.10213916129496929,
                          0.10488238050402446,
                          0.056346374220205483,
                          0.08029916622647205,
                          0.07054111451405805,
                          0.14861045368066225,
                          0.14702860711841229,
                          0.12564284489140654],
                         [0.4229314807228292,
                          0.4027842147054706,
                          0.06058017932534253,
                          0.11866523464604835,
                          0.10256250295263672,
                          0.14481850396130724,
                          0.14249524138226857,
                          0.14947734932403198,
                          0.07412668413668677,
                          0.060996149989993025],
                         [0.36139512212401126,
                          0.41634630307905823,
                          0.06335865238742139,
                          0.0796902440221886,
                          0.0702975320491383,
                          0.07809798594675475,
                          0.10688763823530995,
                          0.09182057526352277,
                          0.1323082426921964,
                          0.10865288496552916],
                         [0.3439862441351027,
                          0.4027879550801728,
                          0.11685734055616807,
                          0.07100273396542246,
                          0.11575004672613164,
                          0.11763789769594805,
                          0.1135617042944186,
                          0.08746547788940652,
                          0.11611348566109299,
                          0.043524228990851524],
                         [0.3813696377803063,
                          0.42738783001424213,
                          0.06720013622706761,
                          0.07719835548977032,
                          0.11708163357876918,
                          0.05834980813924458,
                          0.08399864762765794,
                          0.14030171781610531,
                          0.12642079437537043,
                          0.08283367998148004]]},
            {'activation': 'sigmoid',
             'bias': [-0.036162496136937276,
                      0.10094413045183813,
                      -0.021913834611193513,
                      -0.003985335383454025,
                      0.0074518536468590555],
             'name': 'output',
             'neurons': [<gameplay.Neuron object at 0x7f6e24004cc0>,
                         <gameplay.Neuron object at 0x7f6e24004cf8>,
                         <gameplay.Neuron object at 0x7f6e24004d68>,
                         <gameplay.Neuron object at 0x7f6e24004d30>,
                         <gameplay.Neuron object at 0x7f6e24004da0>],
             'num_neurons': 5,
             'weights': [[0.041429988568818035,
                          0.07476716165463451,
                          0.07569507685326192,
                          0.03381073018039994,
                          0.10352283169067153,
                          0.15826523556319583,
                          0.11426192822790729,
                          0.1235560640880301],
                         [0.056500952052246256,
                          0.06478363569975958,
                          0.09169232720998441,
                          0.15859403388479576,
                          0.12758324202777924,
                          0.06386461045155775,
                          0.03961993779605845,
                          0.15324883296181732],
                         [0.1231272066134878,
                          0.09088263650662683,
                          0.09444082038919971,
                          0.0706927974740734,
                          0.044170665136328016,
                          0.1096084149972441,
                          0.13631671885522814,
                          0.08006334001230149],
                         [0.08381595026669748,
                          0.07961652915257161,
                          0.1473458415158076,
                          0.0536456500373966,
                          0.16545686003617258,
                          0.09410991997925097,
                          0.0641197490792163,
                          0.08849675763708328],
                         [0.14694438674433094,
                          0.09519515041374677,
                          0.14866125314566958,
                          0.03610884776333385,
                          0.18879732194384766,
                          0.12113125652961958,
                          0.07337457922653448,
                          0.10484319709233367],
                         [0.09128574455684152,
                          0.13335870273197534,
                          0.1391715271830898,
                          0.0873598982519468,
                          0.016824592409562925,
                          0.11884128117738212,
                          0.07481595209610799,
                          0.15037271621266984]]}]}
load_tensorflow_graph: path = tensorflow/mario-model-simple-2019-07-17/frozen_inference_graph.pb
object_detection_graph = <tensorflow.python.framework.ops.Graph object at 0x7f6e24004e48>
Doing start sequence
Sleeping one second
sending start
sending empty
Found black world screen for the second time. exiting.



Seconds left: 367
Moves to the right: 63
