pygame 1.9.6
Hello from the pygame community. https://www.pygame.org/contribute.html
Loading neural net from gameplay_neural_nets/163/2.nn
net = {'generation': 147,
 'inputs': [],
 'layers': [{'activation': 'sigmoid',
             'bias': [0.020704381524859622,
                      -0.04321941510505072,
                      0.004464173596948949,
                      -0.0033663584599473795,
                      -0.014236445440396593,
                      -0.02348615383464176,
                      0.014317468858282053,
                      -0.0032628456517258732],
             'name': 'input',
             'neurons': [],
             'num_neurons': 8,
             'weights': [[0.35649945009426254,
                          0.41931629541804194,
                          0.10226839237518205,
                          0.13925175145168647,
                          0.08580159127118847,
                          0.08698191614922976,
                          0.05343509117949305,
                          0.08282634650130187,
                          0.09480234217617027,
                          0.06684554284682417],
                         [0.37450491066726466,
                          0.3649050014527386,
                          0.08240045978262488,
                          0.12490370273699304,
                          0.1440273963867381,
                          0.0753914900410661,
                          0.11443901959728794,
                          0.10672218996280719,
                          0.08218134689587558,
                          0.12172326234859684],
                         [0.3302620948503445,
                          0.4366881101992361,
                          0.05969532025160475,
                          0.035992140287241584,
                          0.09025139729304726,
                          0.10939434780423542,
                          0.08558181131124107,
                          0.11678847300300885,
                          0.10477203171578266,
                          0.06986409463934906],
                         [0.38284381739657936,
                          0.4067440001456355,
                          0.10213916129496929,
                          0.10036182925152738,
                          0.056346374220205483,
                          0.08077116742935464,
                          0.07685403924823656,
                          0.1412970829574388,
                          0.13185663990284413,
                          0.12946926097626113],
                         [0.4160225943174774,
                          0.405321969779959,
                          0.0641271347249159,
                          0.11940249402181315,
                          0.11495052856447058,
                          0.14358588701513747,
                          0.1342991755738906,
                          0.14389777277863885,
                          0.07412668413668677,
                          0.060996149989993025],
                         [0.36139512212401126,
                          0.4234166259746194,
                          0.06776656398134236,
                          0.0796902440221886,
                          0.0702975320491383,
                          0.08157032928552965,
                          0.09758159303957595,
                          0.08999984145383508,
                          0.13609954360172782,
                          0.10998052013161266],
                         [0.34831412018174396,
                          0.3935023583609697,
                          0.1257148216838377,
                          0.07830852910288202,
                          0.11686448652456054,
                          0.11763789769594805,
                          0.11751236955958448,
                          0.08370454259043912,
                          0.10669539226941999,
                          0.03726064007965034],
                         [0.36657687545211604,
                          0.42738783001424213,
                          0.059951192685924984,
                          0.07183546971880014,
                          0.11708163357876918,
                          0.05431441556711607,
                          0.07573149526105209,
                          0.14030171781610531,
                          0.12642079437537043,
                          0.0810512656933095]]},
            {'activation': 'sigmoid',
             'bias': [-0.030358230312380732,
                      0.10094413045183813,
                      -0.021913834611193513,
                      -0.003985335383454025,
                      0.0074518536468590555],
             'name': 'output',
             'neurons': [],
             'num_neurons': 5,
             'weights': [[0.04882146115456743,
                          0.07476716165463451,
                          0.07449961935683105,
                          0.03725365489853763,
                          0.11002363230689445,
                          0.1565777556843038,
                          0.12141539833596127,
                          0.1235560640880301],
                         [0.051177472671960586,
                          0.06478363569975958,
                          0.09071497939208695,
                          0.15859403388479576,
                          0.12758324202777924,
                          0.06163958517268035,
                          0.04190931874849768,
                          0.14639096301080606],
                         [0.1231272066134878,
                          0.09416700658288622,
                          0.09444082038919971,
                          0.06554507959167245,
                          0.04901479066660043,
                          0.115768245851647,
                          0.1296022703092722,
                          0.0823134946890437],
                         [0.08126298149310054,
                          0.07814609138017518,
                          0.15034056062235426,
                          0.055758392827382916,
                          0.15711338087730592,
                          0.09279354216766993,
                          0.07284424914004128,
                          0.08849675763708328],
                         [0.13755375407227804,
                          0.09519515041374677,
                          0.14866125314566958,
                          0.03603318547691554,
                          0.19445808019962552,
                          0.12113125652961958,
                          0.07083251769919886,
                          0.10484319709233367],
                         [0.09128574455684152,
                          0.12661431669942128,
                          0.14589108024706848,
                          0.0873598982519468,
                          0.023926950675374314,
                          0.12130103247935087,
                          0.07481595209610799,
                          0.1426707703543172]]}]}
{'generation': 147,
 'inputs': [],
 'layers': [{'activation': 'sigmoid',
             'bias': [0.020704381524859622,
                      -0.04321941510505072,
                      0.004464173596948949,
                      -0.0033663584599473795,
                      -0.014236445440396593,
                      -0.02348615383464176,
                      0.014317468858282053,
                      -0.0032628456517258732],
             'name': 'input',
             'neurons': [<gameplay.Neuron object at 0x7f9a2a2bc860>,
                         <gameplay.Neuron object at 0x7f9a2a2bc828>,
                         <gameplay.Neuron object at 0x7f9a2a2bc240>,
                         <gameplay.Neuron object at 0x7f9a2a2bcb00>,
                         <gameplay.Neuron object at 0x7f9a2a2bcba8>,
                         <gameplay.Neuron object at 0x7f9a2a2bcb38>,
                         <gameplay.Neuron object at 0x7f9a2a2bcc88>,
                         <gameplay.Neuron object at 0x7f9a2a2bcc50>],
             'num_neurons': 8,
             'weights': [[0.35649945009426254,
                          0.41931629541804194,
                          0.10226839237518205,
                          0.13925175145168647,
                          0.08580159127118847,
                          0.08698191614922976,
                          0.05343509117949305,
                          0.08282634650130187,
                          0.09480234217617027,
                          0.06684554284682417],
                         [0.37450491066726466,
                          0.3649050014527386,
                          0.08240045978262488,
                          0.12490370273699304,
                          0.1440273963867381,
                          0.0753914900410661,
                          0.11443901959728794,
                          0.10672218996280719,
                          0.08218134689587558,
                          0.12172326234859684],
                         [0.3302620948503445,
                          0.4366881101992361,
                          0.05969532025160475,
                          0.035992140287241584,
                          0.09025139729304726,
                          0.10939434780423542,
                          0.08558181131124107,
                          0.11678847300300885,
                          0.10477203171578266,
                          0.06986409463934906],
                         [0.38284381739657936,
                          0.4067440001456355,
                          0.10213916129496929,
                          0.10036182925152738,
                          0.056346374220205483,
                          0.08077116742935464,
                          0.07685403924823656,
                          0.1412970829574388,
                          0.13185663990284413,
                          0.12946926097626113],
                         [0.4160225943174774,
                          0.405321969779959,
                          0.0641271347249159,
                          0.11940249402181315,
                          0.11495052856447058,
                          0.14358588701513747,
                          0.1342991755738906,
                          0.14389777277863885,
                          0.07412668413668677,
                          0.060996149989993025],
                         [0.36139512212401126,
                          0.4234166259746194,
                          0.06776656398134236,
                          0.0796902440221886,
                          0.0702975320491383,
                          0.08157032928552965,
                          0.09758159303957595,
                          0.08999984145383508,
                          0.13609954360172782,
                          0.10998052013161266],
                         [0.34831412018174396,
                          0.3935023583609697,
                          0.1257148216838377,
                          0.07830852910288202,
                          0.11686448652456054,
                          0.11763789769594805,
                          0.11751236955958448,
                          0.08370454259043912,
                          0.10669539226941999,
                          0.03726064007965034],
                         [0.36657687545211604,
                          0.42738783001424213,
                          0.059951192685924984,
                          0.07183546971880014,
                          0.11708163357876918,
                          0.05431441556711607,
                          0.07573149526105209,
                          0.14030171781610531,
                          0.12642079437537043,
                          0.0810512656933095]]},
            {'activation': 'sigmoid',
             'bias': [-0.030358230312380732,
                      0.10094413045183813,
                      -0.021913834611193513,
                      -0.003985335383454025,
                      0.0074518536468590555],
             'name': 'output',
             'neurons': [<gameplay.Neuron object at 0x7f9a2a2bccc0>,
                         <gameplay.Neuron object at 0x7f9a2a2bccf8>,
                         <gameplay.Neuron object at 0x7f9a2a2bcd68>,
                         <gameplay.Neuron object at 0x7f9a2a2bcd30>,
                         <gameplay.Neuron object at 0x7f9a2a2bcda0>],
             'num_neurons': 5,
             'weights': [[0.04882146115456743,
                          0.07476716165463451,
                          0.07449961935683105,
                          0.03725365489853763,
                          0.11002363230689445,
                          0.1565777556843038,
                          0.12141539833596127,
                          0.1235560640880301],
                         [0.051177472671960586,
                          0.06478363569975958,
                          0.09071497939208695,
                          0.15859403388479576,
                          0.12758324202777924,
                          0.06163958517268035,
                          0.04190931874849768,
                          0.14639096301080606],
                         [0.1231272066134878,
                          0.09416700658288622,
                          0.09444082038919971,
                          0.06554507959167245,
                          0.04901479066660043,
                          0.115768245851647,
                          0.1296022703092722,
                          0.0823134946890437],
                         [0.08126298149310054,
                          0.07814609138017518,
                          0.15034056062235426,
                          0.055758392827382916,
                          0.15711338087730592,
                          0.09279354216766993,
                          0.07284424914004128,
                          0.08849675763708328],
                         [0.13755375407227804,
                          0.09519515041374677,
                          0.14866125314566958,
                          0.03603318547691554,
                          0.19445808019962552,
                          0.12113125652961958,
                          0.07083251769919886,
                          0.10484319709233367],
                         [0.09128574455684152,
                          0.12661431669942128,
                          0.14589108024706848,
                          0.0873598982519468,
                          0.023926950675374314,
                          0.12130103247935087,
                          0.07481595209610799,
                          0.1426707703543172]]}]}
load_tensorflow_graph: path = tensorflow/mario-model-simple-2019-07-17/frozen_inference_graph.pb
object_detection_graph = <tensorflow.python.framework.ops.Graph object at 0x7f9a2a2bce48>
Doing start sequence
Sleeping one second
sending start
sending empty
Found black world screen for the second time. exiting.



Seconds left: 393
Moves to the right: 16
