pygame 1.9.6
Hello from the pygame community. https://www.pygame.org/contribute.html
Loading neural net from gameplay_neural_nets/61/8.nn
net = {'generation': 54,
 'inputs': [],
 'layers': [{'activation': 'sigmoid',
             'bias': [-0.033273178926882696,
                      0.031116194030498756,
                      -0.035559736286671875,
                      -0.003989557499551726,
                      0.010277207450042347,
                      0.007391826929390274,
                      -0.005675652913587901,
                      -0.0246639540845556],
             'name': 'input',
             'neurons': [],
             'num_neurons': 8,
             'weights': [[0.43765659864180617,
                          0.505702320706253,
                          0.5107462604141948,
                          0.4594927304887436,
                          0.5018925540263984,
                          0.489492154511606,
                          0.5303890285069616,
                          0.4821892592967442,
                          0.49577496601627974,
                          0.5425765526362489],
                         [0.47657173707818573,
                          0.48948817887371093,
                          0.5446551770430321,
                          0.5153317264340492,
                          0.5121243615980456,
                          0.49527023105350143,
                          0.472865666670649,
                          0.48369499523843007,
                          0.5178427992831448,
                          0.5126073312766267],
                         [0.5653269467116177,
                          0.48659781818498243,
                          0.489515763092077,
                          0.48765484788571317,
                          0.4854549764186654,
                          0.517466969211351,
                          0.5110879595235388,
                          0.4679335708916248,
                          0.46807883707894515,
                          0.5001236260761559],
                         [0.5049613889231295,
                          0.46355619572630985,
                          0.5009589372635626,
                          0.4343089036977272,
                          0.46489132319269516,
                          0.5344832106507591,
                          0.5045806875464638,
                          0.48393096635593524,
                          0.5185090793123954,
                          0.5123595010553069],
                         [0.49147925057570147,
                          0.4958119570692286,
                          0.5127040197692091,
                          0.4629969600625567,
                          0.5230535854964867,
                          0.48976781049864526,
                          0.5063349724272342,
                          0.4872874414633905,
                          0.48718623742624395,
                          0.5438157907807788],
                         [0.49301104213851454,
                          0.5024890001037775,
                          0.5023964173138951,
                          0.5278391230675772,
                          0.4838158073224308,
                          0.4544794335419665,
                          0.5531909058632419,
                          0.4431456664451545,
                          0.4976950730287622,
                          0.44367778335060043],
                         [0.5452519988977573,
                          0.5040063929577696,
                          0.5022162109924261,
                          0.507407740122937,
                          0.5129477692752152,
                          0.4958313400492711,
                          0.5455655225472861,
                          0.49104472556308715,
                          0.5199480296549143,
                          0.5088945070133678],
                         [0.5077336081276644,
                          0.49495054719689585,
                          0.5095886574615802,
                          0.5497852504276203,
                          0.49991347230413635,
                          0.48618253365421715,
                          0.4472642473839436,
                          0.4717920189099168,
                          0.4938998469265857,
                          0.4920440669294997]]},
            {'activation': 'sigmoid',
             'bias': [-0.020835537264782954,
                      -0.006017195318186043,
                      -0.04926219070839606,
                      -0.0058554580170123785,
                      -0.0031417570671491753,
                      -0.04303580801743632],
             'name': 'hidden1',
             'neurons': [],
             'num_neurons': 6,
             'weights': [[0.4809770447751054,
                          0.481424596728187,
                          0.5257543096891718,
                          0.5010943245085838,
                          0.5283160872854604,
                          0.4717469119757905,
                          0.5417706884968031,
                          0.48470866393473233],
                         [0.5258390445270857,
                          0.5583120215189009,
                          0.5147866124763995,
                          0.4643200011948096,
                          0.4636852261011258,
                          0.5269996826145096,
                          0.4618784013915142,
                          0.5048277477761806],
                         [0.49796270430698086,
                          0.5056918553785288,
                          0.5018941055593213,
                          0.5272381566302238,
                          0.5506111878240514,
                          0.5492489880321141,
                          0.5371977891638745,
                          0.5357876121992812],
                         [0.503854664652197,
                          0.5145462546055232,
                          0.4805624575759456,
                          0.5029592337014972,
                          0.45389189440404515,
                          0.48940140110018765,
                          0.5166592882416677,
                          0.5303724828468093],
                         [0.47438804653152256,
                          0.563262527405428,
                          0.5089096365108704,
                          0.4885054664633671,
                          0.5010513996319783,
                          0.496346105865576,
                          0.5077543834865317,
                          0.5048817287969126],
                         [0.44246763793345356,
                          0.5181122631396559,
                          0.49437134958129414,
                          0.4861443548966481,
                          0.460545282766166,
                          0.4890181954229742,
                          0.479325675639612,
                          0.5202954439660825],
                         [0.47249491676812216,
                          0.48863816549130207,
                          0.5244703840155164,
                          0.5182274149909166,
                          0.4736123668057659,
                          0.49264380973040106,
                          0.5370969425548255,
                          0.49610709873886993],
                         [0.5028864548874993,
                          0.5529194270670643,
                          0.5030344296590131,
                          0.5181935097542966,
                          0.5242864623224319,
                          0.49742546334325566,
                          0.4882112215249,
                          0.48198170333847495]]},
            {'activation': 'sigmoid',
             'bias': [-0.03421422966151572,
                      0.02064549941382004,
                      -0.00942331279103059,
                      0.022641659784635004,
                      0.026183248365309105],
             'name': 'output',
             'neurons': [],
             'num_neurons': 5,
             'weights': [[0.46708795730559477,
                          0.5137233958381585,
                          0.5341792811926008,
                          0.4950109702968835,
                          0.5036892330911332,
                          0.49581214691339737],
                         [0.521238459460469,
                          0.5227473995729424,
                          0.4703010644640695,
                          0.4982072261734697,
                          0.5110413573182895,
                          0.4896746451406824],
                         [0.5016228771027161,
                          0.5051495562115762,
                          0.4634469082239366,
                          0.5145717259028093,
                          0.5336623525608505,
                          0.4851584219367724],
                         [0.5004102446851639,
                          0.46195944550738705,
                          0.5102385916366958,
                          0.4879679209990433,
                          0.4820788506026604,
                          0.49392318090284754],
                         [0.500367745313094,
                          0.517212067703698,
                          0.4598395039969068,
                          0.5484672588042471,
                          0.4970160012859228,
                          0.5041053967862591],
                         [0.5017579366679933,
                          0.5165396233852643,
                          0.4924733692931247,
                          0.46545438284800944,
                          0.49819306617689746,
                          0.4619901260057167]]}]}
{'generation': 54,
 'inputs': [],
 'layers': [{'activation': 'sigmoid',
             'bias': [-0.033273178926882696,
                      0.031116194030498756,
                      -0.035559736286671875,
                      -0.003989557499551726,
                      0.010277207450042347,
                      0.007391826929390274,
                      -0.005675652913587901,
                      -0.0246639540845556],
             'name': 'input',
             'neurons': [<gameplay.Neuron object at 0x7f4253c9f7b8>,
                         <gameplay.Neuron object at 0x7f4253c9f780>,
                         <gameplay.Neuron object at 0x7f4253c9f198>,
                         <gameplay.Neuron object at 0x7f4253c9fac8>,
                         <gameplay.Neuron object at 0x7f4253c9fb70>,
                         <gameplay.Neuron object at 0x7f4253c9fb00>,
                         <gameplay.Neuron object at 0x7f4253c9fc18>,
                         <gameplay.Neuron object at 0x7f4253c9fc50>],
             'num_neurons': 8,
             'weights': [[0.43765659864180617,
                          0.505702320706253,
                          0.5107462604141948,
                          0.4594927304887436,
                          0.5018925540263984,
                          0.489492154511606,
                          0.5303890285069616,
                          0.4821892592967442,
                          0.49577496601627974,
                          0.5425765526362489],
                         [0.47657173707818573,
                          0.48948817887371093,
                          0.5446551770430321,
                          0.5153317264340492,
                          0.5121243615980456,
                          0.49527023105350143,
                          0.472865666670649,
                          0.48369499523843007,
                          0.5178427992831448,
                          0.5126073312766267],
                         [0.5653269467116177,
                          0.48659781818498243,
                          0.489515763092077,
                          0.48765484788571317,
                          0.4854549764186654,
                          0.517466969211351,
                          0.5110879595235388,
                          0.4679335708916248,
                          0.46807883707894515,
                          0.5001236260761559],
                         [0.5049613889231295,
                          0.46355619572630985,
                          0.5009589372635626,
                          0.4343089036977272,
                          0.46489132319269516,
                          0.5344832106507591,
                          0.5045806875464638,
                          0.48393096635593524,
                          0.5185090793123954,
                          0.5123595010553069],
                         [0.49147925057570147,
                          0.4958119570692286,
                          0.5127040197692091,
                          0.4629969600625567,
                          0.5230535854964867,
                          0.48976781049864526,
                          0.5063349724272342,
                          0.4872874414633905,
                          0.48718623742624395,
                          0.5438157907807788],
                         [0.49301104213851454,
                          0.5024890001037775,
                          0.5023964173138951,
                          0.5278391230675772,
                          0.4838158073224308,
                          0.4544794335419665,
                          0.5531909058632419,
                          0.4431456664451545,
                          0.4976950730287622,
                          0.44367778335060043],
                         [0.5452519988977573,
                          0.5040063929577696,
                          0.5022162109924261,
                          0.507407740122937,
                          0.5129477692752152,
                          0.4958313400492711,
                          0.5455655225472861,
                          0.49104472556308715,
                          0.5199480296549143,
                          0.5088945070133678],
                         [0.5077336081276644,
                          0.49495054719689585,
                          0.5095886574615802,
                          0.5497852504276203,
                          0.49991347230413635,
                          0.48618253365421715,
                          0.4472642473839436,
                          0.4717920189099168,
                          0.4938998469265857,
                          0.4920440669294997]]},
            {'activation': 'sigmoid',
             'bias': [-0.020835537264782954,
                      -0.006017195318186043,
                      -0.04926219070839606,
                      -0.0058554580170123785,
                      -0.0031417570671491753,
                      -0.04303580801743632],
             'name': 'hidden1',
             'neurons': [<gameplay.Neuron object at 0x7f4253c9fc88>,
                         <gameplay.Neuron object at 0x7f4253c9fcc0>,
                         <gameplay.Neuron object at 0x7f4253c9fd30>,
                         <gameplay.Neuron object at 0x7f4253c9fcf8>,
                         <gameplay.Neuron object at 0x7f4253c9fd68>,
                         <gameplay.Neuron object at 0x7f4253c9fdd8>],
             'num_neurons': 6,
             'weights': [[0.4809770447751054,
                          0.481424596728187,
                          0.5257543096891718,
                          0.5010943245085838,
                          0.5283160872854604,
                          0.4717469119757905,
                          0.5417706884968031,
                          0.48470866393473233],
                         [0.5258390445270857,
                          0.5583120215189009,
                          0.5147866124763995,
                          0.4643200011948096,
                          0.4636852261011258,
                          0.5269996826145096,
                          0.4618784013915142,
                          0.5048277477761806],
                         [0.49796270430698086,
                          0.5056918553785288,
                          0.5018941055593213,
                          0.5272381566302238,
                          0.5506111878240514,
                          0.5492489880321141,
                          0.5371977891638745,
                          0.5357876121992812],
                         [0.503854664652197,
                          0.5145462546055232,
                          0.4805624575759456,
                          0.5029592337014972,
                          0.45389189440404515,
                          0.48940140110018765,
                          0.5166592882416677,
                          0.5303724828468093],
                         [0.47438804653152256,
                          0.563262527405428,
                          0.5089096365108704,
                          0.4885054664633671,
                          0.5010513996319783,
                          0.496346105865576,
                          0.5077543834865317,
                          0.5048817287969126],
                         [0.44246763793345356,
                          0.5181122631396559,
                          0.49437134958129414,
                          0.4861443548966481,
                          0.460545282766166,
                          0.4890181954229742,
                          0.479325675639612,
                          0.5202954439660825],
                         [0.47249491676812216,
                          0.48863816549130207,
                          0.5244703840155164,
                          0.5182274149909166,
                          0.4736123668057659,
                          0.49264380973040106,
                          0.5370969425548255,
                          0.49610709873886993],
                         [0.5028864548874993,
                          0.5529194270670643,
                          0.5030344296590131,
                          0.5181935097542966,
                          0.5242864623224319,
                          0.49742546334325566,
                          0.4882112215249,
                          0.48198170333847495]]},
            {'activation': 'sigmoid',
             'bias': [-0.03421422966151572,
                      0.02064549941382004,
                      -0.00942331279103059,
                      0.022641659784635004,
                      0.026183248365309105],
             'name': 'output',
             'neurons': [<gameplay.Neuron object at 0x7f4253c9fda0>,
                         <gameplay.Neuron object at 0x7f4253c9fe10>,
                         <gameplay.Neuron object at 0x7f4253c9fb38>,
                         <gameplay.Neuron object at 0x7f4253c9fba8>,
                         <gameplay.Neuron object at 0x7f4253c9fbe0>],
             'num_neurons': 5,
             'weights': [[0.46708795730559477,
                          0.5137233958381585,
                          0.5341792811926008,
                          0.4950109702968835,
                          0.5036892330911332,
                          0.49581214691339737],
                         [0.521238459460469,
                          0.5227473995729424,
                          0.4703010644640695,
                          0.4982072261734697,
                          0.5110413573182895,
                          0.4896746451406824],
                         [0.5016228771027161,
                          0.5051495562115762,
                          0.4634469082239366,
                          0.5145717259028093,
                          0.5336623525608505,
                          0.4851584219367724],
                         [0.5004102446851639,
                          0.46195944550738705,
                          0.5102385916366958,
                          0.4879679209990433,
                          0.4820788506026604,
                          0.49392318090284754],
                         [0.500367745313094,
                          0.517212067703698,
                          0.4598395039969068,
                          0.5484672588042471,
                          0.4970160012859228,
                          0.5041053967862591],
                         [0.5017579366679933,
                          0.5165396233852643,
                          0.4924733692931247,
                          0.46545438284800944,
                          0.49819306617689746,
                          0.4619901260057167]]}]}
load_tensorflow_graph: path = tensorflow/mario-model-simple-2019-07-17/frozen_inference_graph.pb
object_detection_graph = <tensorflow.python.framework.ops.Graph object at 0x7f4253c9ff28>
Doing start sequence
Sleeping one second
sending start
sending empty
Found black world screen for the second time. exiting.



Seconds left: 379
Moves to the right: 60
frame count: 109
time start:  1568173164.9203122,   time_now: 1568173176.7437606
