pygame 1.9.6
Hello from the pygame community. https://www.pygame.org/contribute.html
Loading neural net from gameplay_neural_nets/61/grand_father_5.nn
net = {'generation': 53,
 'inputs': [],
 'layers': [{'activation': 'sigmoid',
             'bias': [-0.033273178926882696,
                      0.03836004156503188,
                      -0.039002909156603933,
                      -0.003989557499551726,
                      0.010277207450042347,
                      0.0036279554358858244,
                      -0.005675652913587901,
                      -0.021900326009282007],
             'name': 'input',
             'neurons': [],
             'num_neurons': 8,
             'weights': [[0.43765659864180617,
                          0.505702320706253,
                          0.5099268053198167,
                          0.4594927304887436,
                          0.5018925540263984,
                          0.4840916271515108,
                          0.5303890285069616,
                          0.4821892592967442,
                          0.49577496601627974,
                          0.5425765526362489],
                         [0.47657173707818573,
                          0.49923700989732717,
                          0.5379764803704846,
                          0.5153317264340492,
                          0.5121243615980456,
                          0.49527023105350143,
                          0.472865666670649,
                          0.4754256385778051,
                          0.5274667447394004,
                          0.5115261704368462],
                         [0.556938141855952,
                          0.4813767778023424,
                          0.4898499744275143,
                          0.48765484788571317,
                          0.48563098203795463,
                          0.517466969211351,
                          0.5017008020515095,
                          0.4679335708916248,
                          0.469251229566525,
                          0.5001236260761559],
                         [0.5049613889231295,
                          0.46355619572630985,
                          0.5009589372635626,
                          0.4343089036977272,
                          0.46489132319269516,
                          0.5344832106507591,
                          0.5045806875464638,
                          0.48393096635593524,
                          0.5185090793123954,
                          0.5123595010553069],
                         [0.501361923818104,
                          0.49867100431937533,
                          0.5127040197692091,
                          0.4629969600625567,
                          0.5324465532298198,
                          0.497390958572189,
                          0.5063349724272342,
                          0.4872874414633905,
                          0.4863118547636616,
                          0.5438157907807788],
                         [0.4962896528429885,
                          0.5024890001037775,
                          0.49291138487670333,
                          0.5278391230675772,
                          0.4838158073224308,
                          0.4606516602401059,
                          0.5561864727153053,
                          0.4431456664451545,
                          0.4976950730287622,
                          0.44367778335060043],
                         [0.5452519988977573,
                          0.5040063929577696,
                          0.5022162109924261,
                          0.507407740122937,
                          0.5129477692752152,
                          0.48604417392979576,
                          0.5472503763310985,
                          0.49104472556308715,
                          0.5112272922688766,
                          0.5088945070133678],
                         [0.5077336081276644,
                          0.49495054719689585,
                          0.5176739433794587,
                          0.5497852504276203,
                          0.49991347230413635,
                          0.4861639819745714,
                          0.4472642473839436,
                          0.4717920189099168,
                          0.4922194269653022,
                          0.48327771527328917]]},
            {'activation': 'sigmoid',
             'bias': [-0.022731529242838333,
                      -0.008209122264165787,
                      -0.04926219070839606,
                      -0.0058554580170123785,
                      0.006142953308684739,
                      -0.04303580801743632],
             'name': 'hidden1',
             'neurons': [],
             'num_neurons': 6,
             'weights': [[0.4809770447751054,
                          0.4859236383279404,
                          0.5296256269076408,
                          0.5010943245085838,
                          0.531367103536603,
                          0.4717469119757905,
                          0.5417706884968031,
                          0.49035092668210956],
                         [0.5258390445270857,
                          0.5583120215189009,
                          0.5147866124763995,
                          0.46897540668142196,
                          0.4558302191143854,
                          0.5269996826145096,
                          0.46134948504452994,
                          0.5061863725505193],
                         [0.49853823052112395,
                          0.5132444971008129,
                          0.5018941055593213,
                          0.5272381566302238,
                          0.5446075640803857,
                          0.5497155185750368,
                          0.5371977891638745,
                          0.5351882538142292],
                         [0.5115465673359143,
                          0.5145462546055232,
                          0.4805624575759456,
                          0.5029592337014972,
                          0.45768267813379093,
                          0.48940140110018765,
                          0.5166592882416677,
                          0.5228699565534367],
                         [0.47438804653152256,
                          0.563262527405428,
                          0.5089096365108704,
                          0.47857756345310626,
                          0.5010513996319783,
                          0.49901774902339374,
                          0.5147872129442129,
                          0.5048817287969126],
                         [0.448971936233917,
                          0.5181122631396559,
                          0.4960563291445046,
                          0.4861443548966481,
                          0.460545282766166,
                          0.4872619655046435,
                          0.477290334974287,
                          0.5202954439660825],
                         [0.47249491676812216,
                          0.48863816549130207,
                          0.5225485241618256,
                          0.5212224597347618,
                          0.4736123668057659,
                          0.49264380973040106,
                          0.5370969425548255,
                          0.49610709873886993],
                         [0.5028864548874993,
                          0.5529194270670643,
                          0.4971388935843773,
                          0.5181935097542966,
                          0.5233974659626291,
                          0.49742546334325566,
                          0.4882112215249,
                          0.48198170333847495]]},
            {'activation': 'sigmoid',
             'bias': [-0.027618690285702935,
                      0.024856331125609275,
                      -0.00942331279103059,
                      0.022641659784635004,
                      0.022556980623462872],
             'name': 'output',
             'neurons': [],
             'num_neurons': 5,
             'weights': [[0.46708795730559477,
                          0.5065936470076714,
                          0.5341792811926008,
                          0.4950109702968835,
                          0.5036892330911332,
                          0.4875071083887522],
                         [0.521238459460469,
                          0.5227473995729424,
                          0.4643032960452151,
                          0.4982072261734697,
                          0.5110413573182895,
                          0.4896746451406824],
                         [0.5016228771027161,
                          0.4991845353876047,
                          0.4634469082239366,
                          0.5176411546600598,
                          0.5401051165874007,
                          0.47678619506967224],
                         [0.5041363360290609,
                          0.46769771941082644,
                          0.5102385916366958,
                          0.4879679209990433,
                          0.4820788506026604,
                          0.49705657769557443],
                         [0.500367745313094,
                          0.517212067703698,
                          0.4627018073773433,
                          0.5484672588042471,
                          0.5002749363701317,
                          0.4945305226694111],
                         [0.5017579366679933,
                          0.5165396233852643,
                          0.4924733692931247,
                          0.46545438284800944,
                          0.4900217076655318,
                          0.4653733318011297]]}]}
{'generation': 53,
 'inputs': [],
 'layers': [{'activation': 'sigmoid',
             'bias': [-0.033273178926882696,
                      0.03836004156503188,
                      -0.039002909156603933,
                      -0.003989557499551726,
                      0.010277207450042347,
                      0.0036279554358858244,
                      -0.005675652913587901,
                      -0.021900326009282007],
             'name': 'input',
             'neurons': [<gameplay.Neuron object at 0x7f0e6a4547f0>,
                         <gameplay.Neuron object at 0x7f0e6a4547b8>,
                         <gameplay.Neuron object at 0x7f0e6a4541d0>,
                         <gameplay.Neuron object at 0x7f0e6a454b00>,
                         <gameplay.Neuron object at 0x7f0e6a454ba8>,
                         <gameplay.Neuron object at 0x7f0e6a454b38>,
                         <gameplay.Neuron object at 0x7f0e6a454c50>,
                         <gameplay.Neuron object at 0x7f0e6a454c88>],
             'num_neurons': 8,
             'weights': [[0.43765659864180617,
                          0.505702320706253,
                          0.5099268053198167,
                          0.4594927304887436,
                          0.5018925540263984,
                          0.4840916271515108,
                          0.5303890285069616,
                          0.4821892592967442,
                          0.49577496601627974,
                          0.5425765526362489],
                         [0.47657173707818573,
                          0.49923700989732717,
                          0.5379764803704846,
                          0.5153317264340492,
                          0.5121243615980456,
                          0.49527023105350143,
                          0.472865666670649,
                          0.4754256385778051,
                          0.5274667447394004,
                          0.5115261704368462],
                         [0.556938141855952,
                          0.4813767778023424,
                          0.4898499744275143,
                          0.48765484788571317,
                          0.48563098203795463,
                          0.517466969211351,
                          0.5017008020515095,
                          0.4679335708916248,
                          0.469251229566525,
                          0.5001236260761559],
                         [0.5049613889231295,
                          0.46355619572630985,
                          0.5009589372635626,
                          0.4343089036977272,
                          0.46489132319269516,
                          0.5344832106507591,
                          0.5045806875464638,
                          0.48393096635593524,
                          0.5185090793123954,
                          0.5123595010553069],
                         [0.501361923818104,
                          0.49867100431937533,
                          0.5127040197692091,
                          0.4629969600625567,
                          0.5324465532298198,
                          0.497390958572189,
                          0.5063349724272342,
                          0.4872874414633905,
                          0.4863118547636616,
                          0.5438157907807788],
                         [0.4962896528429885,
                          0.5024890001037775,
                          0.49291138487670333,
                          0.5278391230675772,
                          0.4838158073224308,
                          0.4606516602401059,
                          0.5561864727153053,
                          0.4431456664451545,
                          0.4976950730287622,
                          0.44367778335060043],
                         [0.5452519988977573,
                          0.5040063929577696,
                          0.5022162109924261,
                          0.507407740122937,
                          0.5129477692752152,
                          0.48604417392979576,
                          0.5472503763310985,
                          0.49104472556308715,
                          0.5112272922688766,
                          0.5088945070133678],
                         [0.5077336081276644,
                          0.49495054719689585,
                          0.5176739433794587,
                          0.5497852504276203,
                          0.49991347230413635,
                          0.4861639819745714,
                          0.4472642473839436,
                          0.4717920189099168,
                          0.4922194269653022,
                          0.48327771527328917]]},
            {'activation': 'sigmoid',
             'bias': [-0.022731529242838333,
                      -0.008209122264165787,
                      -0.04926219070839606,
                      -0.0058554580170123785,
                      0.006142953308684739,
                      -0.04303580801743632],
             'name': 'hidden1',
             'neurons': [<gameplay.Neuron object at 0x7f0e6a454cc0>,
                         <gameplay.Neuron object at 0x7f0e6a454cf8>,
                         <gameplay.Neuron object at 0x7f0e6a454d68>,
                         <gameplay.Neuron object at 0x7f0e6a454d30>,
                         <gameplay.Neuron object at 0x7f0e6a454da0>,
                         <gameplay.Neuron object at 0x7f0e6a454e10>],
             'num_neurons': 6,
             'weights': [[0.4809770447751054,
                          0.4859236383279404,
                          0.5296256269076408,
                          0.5010943245085838,
                          0.531367103536603,
                          0.4717469119757905,
                          0.5417706884968031,
                          0.49035092668210956],
                         [0.5258390445270857,
                          0.5583120215189009,
                          0.5147866124763995,
                          0.46897540668142196,
                          0.4558302191143854,
                          0.5269996826145096,
                          0.46134948504452994,
                          0.5061863725505193],
                         [0.49853823052112395,
                          0.5132444971008129,
                          0.5018941055593213,
                          0.5272381566302238,
                          0.5446075640803857,
                          0.5497155185750368,
                          0.5371977891638745,
                          0.5351882538142292],
                         [0.5115465673359143,
                          0.5145462546055232,
                          0.4805624575759456,
                          0.5029592337014972,
                          0.45768267813379093,
                          0.48940140110018765,
                          0.5166592882416677,
                          0.5228699565534367],
                         [0.47438804653152256,
                          0.563262527405428,
                          0.5089096365108704,
                          0.47857756345310626,
                          0.5010513996319783,
                          0.49901774902339374,
                          0.5147872129442129,
                          0.5048817287969126],
                         [0.448971936233917,
                          0.5181122631396559,
                          0.4960563291445046,
                          0.4861443548966481,
                          0.460545282766166,
                          0.4872619655046435,
                          0.477290334974287,
                          0.5202954439660825],
                         [0.47249491676812216,
                          0.48863816549130207,
                          0.5225485241618256,
                          0.5212224597347618,
                          0.4736123668057659,
                          0.49264380973040106,
                          0.5370969425548255,
                          0.49610709873886993],
                         [0.5028864548874993,
                          0.5529194270670643,
                          0.4971388935843773,
                          0.5181935097542966,
                          0.5233974659626291,
                          0.49742546334325566,
                          0.4882112215249,
                          0.48198170333847495]]},
            {'activation': 'sigmoid',
             'bias': [-0.027618690285702935,
                      0.024856331125609275,
                      -0.00942331279103059,
                      0.022641659784635004,
                      0.022556980623462872],
             'name': 'output',
             'neurons': [<gameplay.Neuron object at 0x7f0e6a454dd8>,
                         <gameplay.Neuron object at 0x7f0e6a454e48>,
                         <gameplay.Neuron object at 0x7f0e6a454b70>,
                         <gameplay.Neuron object at 0x7f0e6a454be0>,
                         <gameplay.Neuron object at 0x7f0e6a454c18>],
             'num_neurons': 5,
             'weights': [[0.46708795730559477,
                          0.5065936470076714,
                          0.5341792811926008,
                          0.4950109702968835,
                          0.5036892330911332,
                          0.4875071083887522],
                         [0.521238459460469,
                          0.5227473995729424,
                          0.4643032960452151,
                          0.4982072261734697,
                          0.5110413573182895,
                          0.4896746451406824],
                         [0.5016228771027161,
                          0.4991845353876047,
                          0.4634469082239366,
                          0.5176411546600598,
                          0.5401051165874007,
                          0.47678619506967224],
                         [0.5041363360290609,
                          0.46769771941082644,
                          0.5102385916366958,
                          0.4879679209990433,
                          0.4820788506026604,
                          0.49705657769557443],
                         [0.500367745313094,
                          0.517212067703698,
                          0.4627018073773433,
                          0.5484672588042471,
                          0.5002749363701317,
                          0.4945305226694111],
                         [0.5017579366679933,
                          0.5165396233852643,
                          0.4924733692931247,
                          0.46545438284800944,
                          0.4900217076655318,
                          0.4653733318011297]]}]}
load_tensorflow_graph: path = tensorflow/mario-model-simple-2019-07-17/frozen_inference_graph.pb
object_detection_graph = <tensorflow.python.framework.ops.Graph object at 0x7f0e6a454f60>
Doing start sequence
Sleeping one second
sending start
sending empty
Found black world screen for the second time. exiting.



Seconds left: 359
Moves to the right: 108
frame count: 178
time start:  1568173200.7543695,   time_now: 1568173219.7209046
