pygame 1.9.6
Hello from the pygame community. https://www.pygame.org/contribute.html
Loading neural net from gameplay_neural_nets/140/3.nn
net = {'generation': 127,
 'inputs': [],
 'layers': [{'activation': 'sigmoid',
             'bias': [0.0043840786979998745,
                      -0.03490189359906786,
                      0.006650311484008225,
                      -0.009285440374039593,
                      -0.007970951681367983,
                      -0.045546040040326814,
                      0.021732494165865757,
                      -0.006965909365809766],
             'name': 'input',
             'neurons': [],
             'num_neurons': 8,
             'weights': [[0.3573470282251425,
                          0.43149892715597243,
                          0.07904261913927237,
                          0.11082503311338722,
                          0.08136238323123055,
                          0.08262330136807533,
                          0.09157284171175889,
                          0.07597553013752054,
                          0.08596195910865406,
                          0.05590922837997512],
                         [0.3878543199422362,
                          0.36703536923158003,
                          0.08865416277640237,
                          0.10231902795533272,
                          0.12552169802808105,
                          0.05576850286253185,
                          0.09909819353357065,
                          0.08734695395090859,
                          0.11244062387758882,
                          0.12233457116797344],
                         [0.37054025617384945,
                          0.41948290840516866,
                          0.07284279715098158,
                          0.0517717144423574,
                          0.11164722853597175,
                          0.10161963766309161,
                          0.096218954474089,
                          0.11841909795119378,
                          0.1006912624826562,
                          0.0730368483075243],
                         [0.35976486809078706,
                          0.4110393512173617,
                          0.0965929229011384,
                          0.11855846345143745,
                          0.0548943602494533,
                          0.05976760260654763,
                          0.07190299087913543,
                          0.13313559349734355,
                          0.12292096615168335,
                          0.12179084408235225],
                         [0.40223149639722106,
                          0.38798926928642985,
                          0.048444243063764894,
                          0.13082829352240471,
                          0.10955202557353245,
                          0.15170432971702374,
                          0.1319153932694075,
                          0.13491535289733414,
                          0.07830688233600744,
                          0.06806291362250112],
                         [0.3591239463239774,
                          0.43716250982665,
                          0.07278622582921095,
                          0.07584783458636547,
                          0.10614818157571312,
                          0.08126090313495882,
                          0.11533469176668502,
                          0.09139036656412453,
                          0.11897350281506823,
                          0.10409190944106186],
                         [0.37100442391688304,
                          0.3820108408897127,
                          0.12052561110990702,
                          0.04000798919866203,
                          0.09852212189866272,
                          0.1073987603375543,
                          0.09292323940481118,
                          0.1000822176505438,
                          0.10481800978259675,
                          0.048297314647651406],
                         [0.37671298383470225,
                          0.4169295820555399,
                          0.06154827609390583,
                          0.09337521480764654,
                          0.10884389356418274,
                          0.04423056898429603,
                          0.08574323679581329,
                          0.15527994040118825,
                          0.11266181364178149,
                          0.06700906131324322]]},
            {'activation': 'sigmoid',
             'bias': [-0.01898681470987518,
                      0.052803465259687585,
                      0.0019319435956546612,
                      -0.007625219877415374,
                      0.004590749227768929],
             'name': 'output',
             'neurons': [],
             'num_neurons': 5,
             'weights': [[0.05154664887821498,
                          0.11607732181471292,
                          0.09050203944460637,
                          0.037290527387170744,
                          0.12640482888973198,
                          0.14187356769150122,
                          0.13237674095127153,
                          0.12296764901771429],
                         [0.04669311312809617,
                          0.07424003974878012,
                          0.07629503723015976,
                          0.15157827521988146,
                          0.11577605026170988,
                          0.08486834462011715,
                          0.06595271931209425,
                          0.17632019866528778],
                         [0.1216272953110598,
                          0.09520848375548034,
                          0.11109573620861589,
                          0.08200808012233701,
                          0.07190644479050641,
                          0.11388941650931902,
                          0.12807469634420596,
                          0.0892015508547426],
                         [0.10767896706239732,
                          0.0622285986148418,
                          0.15991494696830452,
                          0.06851017235618746,
                          0.14862679691524944,
                          0.09202677208864378,
                          0.0940329434196238,
                          0.09762926833976687],
                         [0.13511373419389666,
                          0.08023107912545546,
                          0.15174392650207008,
                          0.037136465589216974,
                          0.18362898841004918,
                          0.09785370707784286,
                          0.09818103993326614,
                          0.08044782188826662],
                         [0.09286424849112895,
                          0.12822760445565437,
                          0.15062425697240783,
                          0.09251238367243193,
                          0.057599247720478794,
                          0.09838607630445777,
                          0.07071152020963385,
                          0.1030817085144734]]}]}
{'generation': 127,
 'inputs': [],
 'layers': [{'activation': 'sigmoid',
             'bias': [0.0043840786979998745,
                      -0.03490189359906786,
                      0.006650311484008225,
                      -0.009285440374039593,
                      -0.007970951681367983,
                      -0.045546040040326814,
                      0.021732494165865757,
                      -0.006965909365809766],
             'name': 'input',
             'neurons': [<gameplay.Neuron object at 0x7fc6cdfbb898>,
                         <gameplay.Neuron object at 0x7fc6cdfbb860>,
                         <gameplay.Neuron object at 0x7fc6cdfbb278>,
                         <gameplay.Neuron object at 0x7fc6cdfbbb38>,
                         <gameplay.Neuron object at 0x7fc6cdfbbbe0>,
                         <gameplay.Neuron object at 0x7fc6cdfbbb70>,
                         <gameplay.Neuron object at 0x7fc6cdfbbcc0>,
                         <gameplay.Neuron object at 0x7fc6cdfbbc88>],
             'num_neurons': 8,
             'weights': [[0.3573470282251425,
                          0.43149892715597243,
                          0.07904261913927237,
                          0.11082503311338722,
                          0.08136238323123055,
                          0.08262330136807533,
                          0.09157284171175889,
                          0.07597553013752054,
                          0.08596195910865406,
                          0.05590922837997512],
                         [0.3878543199422362,
                          0.36703536923158003,
                          0.08865416277640237,
                          0.10231902795533272,
                          0.12552169802808105,
                          0.05576850286253185,
                          0.09909819353357065,
                          0.08734695395090859,
                          0.11244062387758882,
                          0.12233457116797344],
                         [0.37054025617384945,
                          0.41948290840516866,
                          0.07284279715098158,
                          0.0517717144423574,
                          0.11164722853597175,
                          0.10161963766309161,
                          0.096218954474089,
                          0.11841909795119378,
                          0.1006912624826562,
                          0.0730368483075243],
                         [0.35976486809078706,
                          0.4110393512173617,
                          0.0965929229011384,
                          0.11855846345143745,
                          0.0548943602494533,
                          0.05976760260654763,
                          0.07190299087913543,
                          0.13313559349734355,
                          0.12292096615168335,
                          0.12179084408235225],
                         [0.40223149639722106,
                          0.38798926928642985,
                          0.048444243063764894,
                          0.13082829352240471,
                          0.10955202557353245,
                          0.15170432971702374,
                          0.1319153932694075,
                          0.13491535289733414,
                          0.07830688233600744,
                          0.06806291362250112],
                         [0.3591239463239774,
                          0.43716250982665,
                          0.07278622582921095,
                          0.07584783458636547,
                          0.10614818157571312,
                          0.08126090313495882,
                          0.11533469176668502,
                          0.09139036656412453,
                          0.11897350281506823,
                          0.10409190944106186],
                         [0.37100442391688304,
                          0.3820108408897127,
                          0.12052561110990702,
                          0.04000798919866203,
                          0.09852212189866272,
                          0.1073987603375543,
                          0.09292323940481118,
                          0.1000822176505438,
                          0.10481800978259675,
                          0.048297314647651406],
                         [0.37671298383470225,
                          0.4169295820555399,
                          0.06154827609390583,
                          0.09337521480764654,
                          0.10884389356418274,
                          0.04423056898429603,
                          0.08574323679581329,
                          0.15527994040118825,
                          0.11266181364178149,
                          0.06700906131324322]]},
            {'activation': 'sigmoid',
             'bias': [-0.01898681470987518,
                      0.052803465259687585,
                      0.0019319435956546612,
                      -0.007625219877415374,
                      0.004590749227768929],
             'name': 'output',
             'neurons': [<gameplay.Neuron object at 0x7fc6cdfbbcf8>,
                         <gameplay.Neuron object at 0x7fc6cdfbbd30>,
                         <gameplay.Neuron object at 0x7fc6cdfbbda0>,
                         <gameplay.Neuron object at 0x7fc6cdfbbd68>,
                         <gameplay.Neuron object at 0x7fc6cdfbbdd8>],
             'num_neurons': 5,
             'weights': [[0.05154664887821498,
                          0.11607732181471292,
                          0.09050203944460637,
                          0.037290527387170744,
                          0.12640482888973198,
                          0.14187356769150122,
                          0.13237674095127153,
                          0.12296764901771429],
                         [0.04669311312809617,
                          0.07424003974878012,
                          0.07629503723015976,
                          0.15157827521988146,
                          0.11577605026170988,
                          0.08486834462011715,
                          0.06595271931209425,
                          0.17632019866528778],
                         [0.1216272953110598,
                          0.09520848375548034,
                          0.11109573620861589,
                          0.08200808012233701,
                          0.07190644479050641,
                          0.11388941650931902,
                          0.12807469634420596,
                          0.0892015508547426],
                         [0.10767896706239732,
                          0.0622285986148418,
                          0.15991494696830452,
                          0.06851017235618746,
                          0.14862679691524944,
                          0.09202677208864378,
                          0.0940329434196238,
                          0.09762926833976687],
                         [0.13511373419389666,
                          0.08023107912545546,
                          0.15174392650207008,
                          0.037136465589216974,
                          0.18362898841004918,
                          0.09785370707784286,
                          0.09818103993326614,
                          0.08044782188826662],
                         [0.09286424849112895,
                          0.12822760445565437,
                          0.15062425697240783,
                          0.09251238367243193,
                          0.057599247720478794,
                          0.09838607630445777,
                          0.07071152020963385,
                          0.1030817085144734]]}]}
load_tensorflow_graph: path = tensorflow/mario-model-simple-2019-07-17/frozen_inference_graph.pb
object_detection_graph = <tensorflow.python.framework.ops.Graph object at 0x7fc6cdfbbe80>
Doing start sequence
Sleeping one second
sending start
sending empty
Found black world screen for the second time. exiting.



Seconds left: 363
Moves to the right: 67
