pygame 1.9.6
Hello from the pygame community. https://www.pygame.org/contribute.html
Loading neural net from gameplay_neural_nets/140/6.nn
net = {'generation': 127,
 'inputs': [],
 'layers': [{'activation': 'sigmoid',
             'bias': [-0.0014639680373437006,
                      -0.03154270350963634,
                      0.015506681359369749,
                      -0.009749182357420902,
                      -0.007970951681367983,
                      -0.03707485805361536,
                      0.019377698211611245,
                      0.0009366690110264083],
             'name': 'input',
             'neurons': [],
             'num_neurons': 8,
             'weights': [[0.3573470282251425,
                          0.4308212969951502,
                          0.0761506655869263,
                          0.11547588360584546,
                          0.08136238323123055,
                          0.09386069006436912,
                          0.09157284171175889,
                          0.07597553013752054,
                          0.08596195910865406,
                          0.0666280624704238],
                         [0.3878543199422362,
                          0.36703536923158003,
                          0.08865416277640237,
                          0.10210121262272054,
                          0.12015032349132965,
                          0.05576850286253185,
                          0.11580793172703027,
                          0.09078671031274385,
                          0.11244062387758882,
                          0.1148658151177413],
                         [0.3644120334912304,
                          0.431670239337737,
                          0.07284279715098158,
                          0.0517717144423574,
                          0.11164722853597175,
                          0.10161963766309161,
                          0.096218954474089,
                          0.11841909795119378,
                          0.09630238869269452,
                          0.08218799772897886],
                         [0.3574725554150587,
                          0.41240632514237463,
                          0.09147941053195308,
                          0.11855846345143745,
                          0.059825758496658166,
                          0.06399723429312822,
                          0.07190299087913543,
                          0.12434035109268972,
                          0.11482808090828586,
                          0.11393631199870051],
                         [0.41214092784013356,
                          0.3871517513701156,
                          0.057885393878909494,
                          0.13082829352240471,
                          0.11031154642224299,
                          0.1532596384609381,
                          0.1319153932694075,
                          0.13491535289733414,
                          0.07830688233600744,
                          0.06350259897531611],
                         [0.3591239463239774,
                          0.4352639578049494,
                          0.07278622582921095,
                          0.06855279594781652,
                          0.10640341103839757,
                          0.08126090313495882,
                          0.11873225678084592,
                          0.09139036656412453,
                          0.11897350281506823,
                          0.10515024411170078],
                         [0.37100442391688304,
                          0.3736535346413176,
                          0.1140113905122146,
                          0.03774103516406766,
                          0.10322123074807826,
                          0.11580199396839459,
                          0.08936753603543675,
                          0.1093767579705794,
                          0.10247345391696855,
                          0.055559700107684074],
                         [0.36729237055445885,
                          0.41915651991669284,
                          0.06154827609390583,
                          0.09337521480764654,
                          0.11589672942989238,
                          0.04423056898429603,
                          0.08574323679581329,
                          0.15527994040118825,
                          0.10458428161014516,
                          0.0719128818897715]]},
            {'activation': 'sigmoid',
             'bias': [-0.0236445775242241,
                      0.061428534468685916,
                      0.0019319435956546612,
                      -0.007625219877415374,
                      -0.001875639416401429],
             'name': 'output',
             'neurons': [],
             'num_neurons': 5,
             'weights': [[0.05154664887821498,
                          0.11607732181471292,
                          0.09466327727490775,
                          0.03515021425239968,
                          0.13067617642051338,
                          0.14521236695615994,
                          0.14034800149960988,
                          0.1220602988910116],
                         [0.04669311312809617,
                          0.07297062814931761,
                          0.0789908944258794,
                          0.1521921909144923,
                          0.11577605026170988,
                          0.0912685299439182,
                          0.05879576891566344,
                          0.17632019866528778],
                         [0.1216272953110598,
                          0.09520848375548034,
                          0.11109573620861589,
                          0.082693860253851,
                          0.07552547328373489,
                          0.1137737488314505,
                          0.1225246456712294,
                          0.08727898817222195],
                         [0.10005722574813643,
                          0.0622285986148418,
                          0.15029500629524975,
                          0.08187701298508558,
                          0.1463356681809266,
                          0.08959838670760557,
                          0.0940329434196238,
                          0.10038479638945358],
                         [0.13511373419389666,
                          0.08023107912545546,
                          0.14217785382940185,
                          0.037136465589216974,
                          0.1785318029275186,
                          0.09785370707784286,
                          0.09818103993326614,
                          0.08550119512458428],
                         [0.09067647069961869,
                          0.12551339684671944,
                          0.14776633765784017,
                          0.09251238367243193,
                          0.057599247720478794,
                          0.09838607630445777,
                          0.06698296068697246,
                          0.10025563555709302]]}]}
{'generation': 127,
 'inputs': [],
 'layers': [{'activation': 'sigmoid',
             'bias': [-0.0014639680373437006,
                      -0.03154270350963634,
                      0.015506681359369749,
                      -0.009749182357420902,
                      -0.007970951681367983,
                      -0.03707485805361536,
                      0.019377698211611245,
                      0.0009366690110264083],
             'name': 'input',
             'neurons': [<gameplay.Neuron object at 0x7f3c54ffc7f0>,
                         <gameplay.Neuron object at 0x7f3c54ffc7b8>,
                         <gameplay.Neuron object at 0x7f3c54ffc1d0>,
                         <gameplay.Neuron object at 0x7f3c54ffca90>,
                         <gameplay.Neuron object at 0x7f3c54ffcb38>,
                         <gameplay.Neuron object at 0x7f3c54ffcac8>,
                         <gameplay.Neuron object at 0x7f3c54ffcc18>,
                         <gameplay.Neuron object at 0x7f3c54ffcbe0>],
             'num_neurons': 8,
             'weights': [[0.3573470282251425,
                          0.4308212969951502,
                          0.0761506655869263,
                          0.11547588360584546,
                          0.08136238323123055,
                          0.09386069006436912,
                          0.09157284171175889,
                          0.07597553013752054,
                          0.08596195910865406,
                          0.0666280624704238],
                         [0.3878543199422362,
                          0.36703536923158003,
                          0.08865416277640237,
                          0.10210121262272054,
                          0.12015032349132965,
                          0.05576850286253185,
                          0.11580793172703027,
                          0.09078671031274385,
                          0.11244062387758882,
                          0.1148658151177413],
                         [0.3644120334912304,
                          0.431670239337737,
                          0.07284279715098158,
                          0.0517717144423574,
                          0.11164722853597175,
                          0.10161963766309161,
                          0.096218954474089,
                          0.11841909795119378,
                          0.09630238869269452,
                          0.08218799772897886],
                         [0.3574725554150587,
                          0.41240632514237463,
                          0.09147941053195308,
                          0.11855846345143745,
                          0.059825758496658166,
                          0.06399723429312822,
                          0.07190299087913543,
                          0.12434035109268972,
                          0.11482808090828586,
                          0.11393631199870051],
                         [0.41214092784013356,
                          0.3871517513701156,
                          0.057885393878909494,
                          0.13082829352240471,
                          0.11031154642224299,
                          0.1532596384609381,
                          0.1319153932694075,
                          0.13491535289733414,
                          0.07830688233600744,
                          0.06350259897531611],
                         [0.3591239463239774,
                          0.4352639578049494,
                          0.07278622582921095,
                          0.06855279594781652,
                          0.10640341103839757,
                          0.08126090313495882,
                          0.11873225678084592,
                          0.09139036656412453,
                          0.11897350281506823,
                          0.10515024411170078],
                         [0.37100442391688304,
                          0.3736535346413176,
                          0.1140113905122146,
                          0.03774103516406766,
                          0.10322123074807826,
                          0.11580199396839459,
                          0.08936753603543675,
                          0.1093767579705794,
                          0.10247345391696855,
                          0.055559700107684074],
                         [0.36729237055445885,
                          0.41915651991669284,
                          0.06154827609390583,
                          0.09337521480764654,
                          0.11589672942989238,
                          0.04423056898429603,
                          0.08574323679581329,
                          0.15527994040118825,
                          0.10458428161014516,
                          0.0719128818897715]]},
            {'activation': 'sigmoid',
             'bias': [-0.0236445775242241,
                      0.061428534468685916,
                      0.0019319435956546612,
                      -0.007625219877415374,
                      -0.001875639416401429],
             'name': 'output',
             'neurons': [<gameplay.Neuron object at 0x7f3c54ffcc50>,
                         <gameplay.Neuron object at 0x7f3c54ffcc88>,
                         <gameplay.Neuron object at 0x7f3c54ffccf8>,
                         <gameplay.Neuron object at 0x7f3c54ffccc0>,
                         <gameplay.Neuron object at 0x7f3c54ffcd30>],
             'num_neurons': 5,
             'weights': [[0.05154664887821498,
                          0.11607732181471292,
                          0.09466327727490775,
                          0.03515021425239968,
                          0.13067617642051338,
                          0.14521236695615994,
                          0.14034800149960988,
                          0.1220602988910116],
                         [0.04669311312809617,
                          0.07297062814931761,
                          0.0789908944258794,
                          0.1521921909144923,
                          0.11577605026170988,
                          0.0912685299439182,
                          0.05879576891566344,
                          0.17632019866528778],
                         [0.1216272953110598,
                          0.09520848375548034,
                          0.11109573620861589,
                          0.082693860253851,
                          0.07552547328373489,
                          0.1137737488314505,
                          0.1225246456712294,
                          0.08727898817222195],
                         [0.10005722574813643,
                          0.0622285986148418,
                          0.15029500629524975,
                          0.08187701298508558,
                          0.1463356681809266,
                          0.08959838670760557,
                          0.0940329434196238,
                          0.10038479638945358],
                         [0.13511373419389666,
                          0.08023107912545546,
                          0.14217785382940185,
                          0.037136465589216974,
                          0.1785318029275186,
                          0.09785370707784286,
                          0.09818103993326614,
                          0.08550119512458428],
                         [0.09067647069961869,
                          0.12551339684671944,
                          0.14776633765784017,
                          0.09251238367243193,
                          0.057599247720478794,
                          0.09838607630445777,
                          0.06698296068697246,
                          0.10025563555709302]]}]}
load_tensorflow_graph: path = tensorflow/mario-model-simple-2019-07-17/frozen_inference_graph.pb
object_detection_graph = <tensorflow.python.framework.ops.Graph object at 0x7f3c54ffcdd8>
Doing start sequence
Sleeping one second
sending start
sending empty
Found black world screen for the second time. exiting.



Seconds left: 1
Moves to the right: 2
