pygame 1.9.6
Hello from the pygame community. https://www.pygame.org/contribute.html
Loading neural net from gameplay_neural_nets/9/1.nn
net = {'generation': 8,
 'inputs': [],
 'layers': [{'activation': 'sigmoid',
             'bias': [-0.007016687520921037,
                      0.017647134451109176,
                      -0.007708426186952544,
                      -0.016668146450940797,
                      0.018256117674190782,
                      0.03490003513189275,
                      -0.0008414221108038692,
                      -0.021862283094343377],
             'name': 'input',
             'neurons': [],
             'num_neurons': 8,
             'weights': [[0.4877545281506156,
                          0.4935665323436969,
                          0.49971043023915657,
                          0.5058988217838576,
                          0.47134233127015324,
                          0.48382552901274856,
                          0.4981199643925503,
                          0.49612874957973213,
                          0.4827177855045011,
                          0.5085435837864268],
                         [0.5,
                          0.5096539398192095,
                          0.5060448977154909,
                          0.49344483556561397,
                          0.5162457168362266,
                          0.5048135775892201,
                          0.49581890519754174,
                          0.4846946098517111,
                          0.49516050092568636,
                          0.5287377616523096],
                         [0.5083220412917215,
                          0.5012121445321361,
                          0.4816425298686027,
                          0.49638918522395536,
                          0.4877748841917811,
                          0.5129909671317148,
                          0.5002062907197671,
                          0.49297050640280743,
                          0.503699615156466,
                          0.5026327193323435],
                         [0.5141962102857359,
                          0.5036455680251696,
                          0.5,
                          0.4988495868931509,
                          0.4895033297092022,
                          0.4922791742133232,
                          0.4999883180220672,
                          0.4982256940783675,
                          0.5103294563112971,
                          0.5065571052799246],
                         [0.500946428464947,
                          0.5011639055396618,
                          0.4958862791982167,
                          0.5,
                          0.48380303880605474,
                          0.4896172868899983,
                          0.5016700101536856,
                          0.5045218173966055,
                          0.4956655726703429,
                          0.512772954320374],
                         [0.4919949833493986,
                          0.4981605765476187,
                          0.4908411789293778,
                          0.5035668490866838,
                          0.4972560758415472,
                          0.49667655348863027,
                          0.5194166033460739,
                          0.509751433606416,
                          0.5,
                          0.4921321642201524],
                         [0.5,
                          0.5145919998547627,
                          0.512923008942192,
                          0.5094319196219108,
                          0.5009940844316693,
                          0.49854624032895634,
                          0.49591320490233937,
                          0.4973503005808572,
                          0.5088311469986662,
                          0.4904937634365829],
                         [0.489234870767659,
                          0.5194575352158213,
                          0.48276038603483906,
                          0.5041986659700641,
                          0.5016807852774501,
                          0.504546854485503,
                          0.4880485628797823,
                          0.4973937628863974,
                          0.4873712760424532,
                          0.5028645334166049]]},
            {'activation': 'sigmoid',
             'bias': [-0.0011222585375225648,
                      0.00841111511823241,
                      -0.01578475881414982,
                      0.007959871865368971,
                      0,
                      -0.012120754374919718],
             'name': 'hidden1',
             'neurons': [],
             'num_neurons': 6,
             'weights': [[0.4952442288200022,
                          0.491990185602696,
                          0.49891247691183527,
                          0.5057203087858237,
                          0.49563151197767696,
                          0.5040523413081918,
                          0.5039479621570315,
                          0.5],
                         [0.4905903483557652,
                          0.506471982753946,
                          0.48427247754854297,
                          0.5093723183303913,
                          0.4974041280685142,
                          0.4960548128183403,
                          0.4871937542530729,
                          0.5011559389266594],
                         [0.50470628955049,
                          0.48730135461739515,
                          0.5011711772949868,
                          0.5042258241235819,
                          0.5033063116503999,
                          0.5122911398537268,
                          0.5044499302732698,
                          0.494725830242971],
                         [0.5058911292742433,
                          0.4936032324109684,
                          0.500266198634529,
                          0.5034391298655402,
                          0.494011378311835,
                          0.4976134361779025,
                          0.5066622372805408,
                          0.5077071303181833],
                         [0.5002547214395328,
                          0.5165010313183951,
                          0.504311333912068,
                          0.49803016078054185,
                          0.5034244646640559,
                          0.5255748217130084,
                          0.49140935413816705,
                          0.5],
                         [0.4942853373872531,
                          0.48239717158505596,
                          0.48450629362167674,
                          0.495790328200869,
                          0.5074758513206152,
                          0.4963217682037748,
                          0.48906731648872465,
                          0.47632365671110416],
                         [0.5027907417212703,
                          0.48713115816699776,
                          0.5037982246707093,
                          0.5166286495448732,
                          0.49174498911380676,
                          0.4951784225780381,
                          0.5055473436255886,
                          0.4983696840448486],
                         [0.5187052336642687,
                          0.4993926773277091,
                          0.4952081893551336,
                          0.5050213177908993,
                          0.500072410823066,
                          0.4940605295706841,
                          0.48281613284149427,
                          0.50665096565534]]},
            {'activation': 'sigmoid',
             'bias': [-0.003562564317768944,
                      0,
                      0.012668007663061465,
                      -0.011659552361787152,
                      0.006841307994572835],
             'name': 'output',
             'neurons': [],
             'num_neurons': 5,
             'weights': [[0.46421308610662265,
                          0.5046241385036281,
                          0.4995065172432754,
                          0.5013369389775042,
                          0.48901128117773335,
                          0.4948138827315414],
                         [0.5060194493721233,
                          0.5094870687265234,
                          0.5087632907594115,
                          0.5042068568641801,
                          0.4904049482956754,
                          0.4980952523530244],
                         [0.5065857537253957,
                          0.49324201157823067,
                          0.5032027533381664,
                          0.4836731118055261,
                          0.5033419902943063,
                          0.5044262833703742],
                         [0.5084549196072635,
                          0.4920325072539198,
                          0.5018027460665859,
                          0.5077785043928209,
                          0.5,
                          0.49545425909502777],
                         [0.5174427453011813,
                          0.5015883121365913,
                          0.5065552300458894,
                          0.5007756619334951,
                          0.4958965313300581,
                          0.5071811618297927],
                         [0.5046879012247392,
                          0.5225853808478166,
                          0.5186437312635818,
                          0.48724472368071986,
                          0.4787633454087692,
                          0.49776053455742725]]}]}
{'generation': 8,
 'inputs': [],
 'layers': [{'activation': 'sigmoid',
             'bias': [-0.007016687520921037,
                      0.017647134451109176,
                      -0.007708426186952544,
                      -0.016668146450940797,
                      0.018256117674190782,
                      0.03490003513189275,
                      -0.0008414221108038692,
                      -0.021862283094343377],
             'name': 'input',
             'neurons': [<gameplay.Neuron object at 0x7f1472dbf828>,
                         <gameplay.Neuron object at 0x7f1472dbf7f0>,
                         <gameplay.Neuron object at 0x7f1472dbf208>,
                         <gameplay.Neuron object at 0x7f1472dbfb38>,
                         <gameplay.Neuron object at 0x7f1472dbfbe0>,
                         <gameplay.Neuron object at 0x7f1472dbfb70>,
                         <gameplay.Neuron object at 0x7f1472dbfc18>,
                         <gameplay.Neuron object at 0x7f1472dbfd30>],
             'num_neurons': 8,
             'weights': [[0.4877545281506156,
                          0.4935665323436969,
                          0.49971043023915657,
                          0.5058988217838576,
                          0.47134233127015324,
                          0.48382552901274856,
                          0.4981199643925503,
                          0.49612874957973213,
                          0.4827177855045011,
                          0.5085435837864268],
                         [0.5,
                          0.5096539398192095,
                          0.5060448977154909,
                          0.49344483556561397,
                          0.5162457168362266,
                          0.5048135775892201,
                          0.49581890519754174,
                          0.4846946098517111,
                          0.49516050092568636,
                          0.5287377616523096],
                         [0.5083220412917215,
                          0.5012121445321361,
                          0.4816425298686027,
                          0.49638918522395536,
                          0.4877748841917811,
                          0.5129909671317148,
                          0.5002062907197671,
                          0.49297050640280743,
                          0.503699615156466,
                          0.5026327193323435],
                         [0.5141962102857359,
                          0.5036455680251696,
                          0.5,
                          0.4988495868931509,
                          0.4895033297092022,
                          0.4922791742133232,
                          0.4999883180220672,
                          0.4982256940783675,
                          0.5103294563112971,
                          0.5065571052799246],
                         [0.500946428464947,
                          0.5011639055396618,
                          0.4958862791982167,
                          0.5,
                          0.48380303880605474,
                          0.4896172868899983,
                          0.5016700101536856,
                          0.5045218173966055,
                          0.4956655726703429,
                          0.512772954320374],
                         [0.4919949833493986,
                          0.4981605765476187,
                          0.4908411789293778,
                          0.5035668490866838,
                          0.4972560758415472,
                          0.49667655348863027,
                          0.5194166033460739,
                          0.509751433606416,
                          0.5,
                          0.4921321642201524],
                         [0.5,
                          0.5145919998547627,
                          0.512923008942192,
                          0.5094319196219108,
                          0.5009940844316693,
                          0.49854624032895634,
                          0.49591320490233937,
                          0.4973503005808572,
                          0.5088311469986662,
                          0.4904937634365829],
                         [0.489234870767659,
                          0.5194575352158213,
                          0.48276038603483906,
                          0.5041986659700641,
                          0.5016807852774501,
                          0.504546854485503,
                          0.4880485628797823,
                          0.4973937628863974,
                          0.4873712760424532,
                          0.5028645334166049]]},
            {'activation': 'sigmoid',
             'bias': [-0.0011222585375225648,
                      0.00841111511823241,
                      -0.01578475881414982,
                      0.007959871865368971,
                      0,
                      -0.012120754374919718],
             'name': 'hidden1',
             'neurons': [<gameplay.Neuron object at 0x7f1472dbfc88>,
                         <gameplay.Neuron object at 0x7f1472dbfcf8>,
                         <gameplay.Neuron object at 0x7f1472dbfdd8>,
                         <gameplay.Neuron object at 0x7f1472dbfda0>,
                         <gameplay.Neuron object at 0x7f1472dbfe10>,
                         <gameplay.Neuron object at 0x7f1472dbfe48>],
             'num_neurons': 6,
             'weights': [[0.4952442288200022,
                          0.491990185602696,
                          0.49891247691183527,
                          0.5057203087858237,
                          0.49563151197767696,
                          0.5040523413081918,
                          0.5039479621570315,
                          0.5],
                         [0.4905903483557652,
                          0.506471982753946,
                          0.48427247754854297,
                          0.5093723183303913,
                          0.4974041280685142,
                          0.4960548128183403,
                          0.4871937542530729,
                          0.5011559389266594],
                         [0.50470628955049,
                          0.48730135461739515,
                          0.5011711772949868,
                          0.5042258241235819,
                          0.5033063116503999,
                          0.5122911398537268,
                          0.5044499302732698,
                          0.494725830242971],
                         [0.5058911292742433,
                          0.4936032324109684,
                          0.500266198634529,
                          0.5034391298655402,
                          0.494011378311835,
                          0.4976134361779025,
                          0.5066622372805408,
                          0.5077071303181833],
                         [0.5002547214395328,
                          0.5165010313183951,
                          0.504311333912068,
                          0.49803016078054185,
                          0.5034244646640559,
                          0.5255748217130084,
                          0.49140935413816705,
                          0.5],
                         [0.4942853373872531,
                          0.48239717158505596,
                          0.48450629362167674,
                          0.495790328200869,
                          0.5074758513206152,
                          0.4963217682037748,
                          0.48906731648872465,
                          0.47632365671110416],
                         [0.5027907417212703,
                          0.48713115816699776,
                          0.5037982246707093,
                          0.5166286495448732,
                          0.49174498911380676,
                          0.4951784225780381,
                          0.5055473436255886,
                          0.4983696840448486],
                         [0.5187052336642687,
                          0.4993926773277091,
                          0.4952081893551336,
                          0.5050213177908993,
                          0.500072410823066,
                          0.4940605295706841,
                          0.48281613284149427,
                          0.50665096565534]]},
            {'activation': 'sigmoid',
             'bias': [-0.003562564317768944,
                      0,
                      0.012668007663061465,
                      -0.011659552361787152,
                      0.006841307994572835],
             'name': 'output',
             'neurons': [<gameplay.Neuron object at 0x7f1472dbfe80>,
                         <gameplay.Neuron object at 0x7f1472dbfef0>,
                         <gameplay.Neuron object at 0x7f1472dbfd68>,
                         <gameplay.Neuron object at 0x7f1472dbfeb8>,
                         <gameplay.Neuron object at 0x7f1472dbff28>],
             'num_neurons': 5,
             'weights': [[0.46421308610662265,
                          0.5046241385036281,
                          0.4995065172432754,
                          0.5013369389775042,
                          0.48901128117773335,
                          0.4948138827315414],
                         [0.5060194493721233,
                          0.5094870687265234,
                          0.5087632907594115,
                          0.5042068568641801,
                          0.4904049482956754,
                          0.4980952523530244],
                         [0.5065857537253957,
                          0.49324201157823067,
                          0.5032027533381664,
                          0.4836731118055261,
                          0.5033419902943063,
                          0.5044262833703742],
                         [0.5084549196072635,
                          0.4920325072539198,
                          0.5018027460665859,
                          0.5077785043928209,
                          0.5,
                          0.49545425909502777],
                         [0.5174427453011813,
                          0.5015883121365913,
                          0.5065552300458894,
                          0.5007756619334951,
                          0.4958965313300581,
                          0.5071811618297927],
                         [0.5046879012247392,
                          0.5225853808478166,
                          0.5186437312635818,
                          0.48724472368071986,
                          0.4787633454087692,
                          0.49776053455742725]]}]}
load_tensorflow_graph: path = tensorflow/mario-model-simple-2019-07-17/frozen_inference_graph.pb
object_detection_graph = <tensorflow.python.framework.ops.Graph object at 0x7f1472dbfcc0>
Doing start sequence
Sleeping one second
sending start
sending empty
Found black world screen for the second time. exiting.



Seconds left: 352
Moves to the right: 104
frame count: 202
time start:  1568156966.5102599,   time_now: 1568156987.6602573
