pygame 1.9.6
Hello from the pygame community. https://www.pygame.org/contribute.html
Loading neural net from gameplay_neural_nets/9/10.nn
net = {'generation': 8,
 'inputs': [],
 'layers': [{'activation': 'sigmoid',
             'bias': [-0.007016687520921037,
                      0.02444232207110715,
                      -0.0032337991861350153,
                      -0.014410515711980076,
                      0.008388891805504802,
                      0.03384076756867074,
                      -0.0008414221108038692,
                      -0.01264191517281233],
             'name': 'input',
             'neurons': [],
             'num_neurons': 8,
             'weights': [[0.48702489598954335,
                          0.4994344692979303,
                          0.49971043023915657,
                          0.5053413299315022,
                          0.4812307440295988,
                          0.4913389147645737,
                          0.4940509956398179,
                          0.4882957903903398,
                          0.4827177855045011,
                          0.5085435837864268],
                         [0.5,
                          0.5031289060524484,
                          0.49523258390744646,
                          0.49344483556561397,
                          0.5162457168362266,
                          0.4904742333057708,
                          0.4944030888261154,
                          0.4756976256312608,
                          0.49516050092568636,
                          0.5232253030459063],
                         [0.5002703547279638,
                          0.492635815287095,
                          0.48705789656229737,
                          0.49638918522395536,
                          0.4915418572675419,
                          0.510999670612285,
                          0.5002749834467553,
                          0.4979423738279781,
                          0.4962457939496763,
                          0.49978811748544905],
                         [0.5113351122305768,
                          0.5120280633600739,
                          0.49434265667055466,
                          0.5145964178731173,
                          0.4895033297092022,
                          0.5016794585880869,
                          0.49208831045819923,
                          0.49167599740483175,
                          0.504405036680662,
                          0.5065571052799246],
                         [0.5,
                          0.4954853336628141,
                          0.4958862791982167,
                          0.5,
                          0.48380303880605474,
                          0.4896172868899983,
                          0.5041005622088833,
                          0.5013714485762135,
                          0.4956655726703429,
                          0.512772954320374],
                         [0.4919949833493986,
                          0.5041209671792085,
                          0.48375734025273426,
                          0.5044601660600843,
                          0.4972560758415472,
                          0.5032137493474695,
                          0.5175271593096218,
                          0.5,
                          0.5,
                          0.5008092145580579],
                         [0.5,
                          0.5145919998547627,
                          0.5051561981521336,
                          0.5095746130590073,
                          0.4905125677948956,
                          0.48878898532681836,
                          0.49514097929357787,
                          0.4973503005808572,
                          0.5088311469986662,
                          0.49285033654647914],
                         [0.489234870767659,
                          0.5278477251700409,
                          0.48276038603483906,
                          0.5008026361553559,
                          0.5087094913540675,
                          0.4922479214529698,
                          0.4880485628797823,
                          0.4973937628863974,
                          0.4873712760424532,
                          0.5009699664459861]]},
            {'activation': 'sigmoid',
             'bias': [-0.0011222585375225648,
                      -0.0014471334049653683,
                      -0.006346876204740079,
                      0.007959871865368971,
                      0.0028744969163531225,
                      -0.012120754374919718],
             'name': 'hidden1',
             'neurons': [],
             'num_neurons': 6,
             'weights': [[0.4952442288200022,
                          0.491990185602696,
                          0.49891247691183527,
                          0.5057203087858237,
                          0.4875121979362464,
                          0.5036228781105756,
                          0.5118220516805295,
                          0.5088972550188074],
                         [0.4905903483557652,
                          0.5154765716094118,
                          0.4972252382877571,
                          0.5093723183303913,
                          0.5020370351324309,
                          0.4960548128183403,
                          0.4894954447677477,
                          0.5045941193332],
                         [0.50470628955049,
                          0.48730135461739515,
                          0.5018733161889275,
                          0.5042258241235819,
                          0.5033063116503999,
                          0.5155412381063941,
                          0.5044499302732698,
                          0.494725830242971],
                         [0.5058911292742433,
                          0.4963126427628912,
                          0.5097120303912185,
                          0.5089146522191567,
                          0.4987424245755382,
                          0.5065715169917565,
                          0.5035163651763734,
                          0.5077071303181833],
                         [0.4974562107189643,
                          0.51157394037554,
                          0.5,
                          0.49862796317606567,
                          0.5017663336614201,
                          0.5305891277226307,
                          0.49140935413816705,
                          0.49455105224252577],
                         [0.48751504101182974,
                          0.48239717158505596,
                          0.48450629362167674,
                          0.4978179451012345,
                          0.5043514113986207,
                          0.4963217682037748,
                          0.48906731648872465,
                          0.49369242931354385],
                         [0.5,
                          0.48483523762880976,
                          0.5096352134667699,
                          0.5193695694748107,
                          0.49174498911380676,
                          0.49149331433786464,
                          0.5052409409359805,
                          0.5009880713972348],
                         [0.510530643570475,
                          0.4964734596711639,
                          0.4952081893551336,
                          0.5050213177908993,
                          0.4991626052453494,
                          0.4894852679549246,
                          0.4769675800170772,
                          0.4944308612590352]]},
            {'activation': 'sigmoid',
             'bias': [-0.003562564317768944,
                      -0.007564292459977395,
                      0.0016187255247705262,
                      -0.015059457114877443,
                      0.004223282794644258],
             'name': 'output',
             'neurons': [],
             'num_neurons': 5,
             'weights': [[0.4640116003367962,
                          0.496846218932031,
                          0.5077899987674629,
                          0.49891618523577286,
                          0.48974609761534743,
                          0.5032964463521381],
                         [0.5052068549054276,
                          0.5094870687265234,
                          0.5087632907594115,
                          0.5024018216925108,
                          0.4995609715275566,
                          0.5060896780272166],
                         [0.49482887504936734,
                          0.4887995929620628,
                          0.5088802245651964,
                          0.49113692732115266,
                          0.49853163601949574,
                          0.5025771226761211],
                         [0.5084549196072635,
                          0.49502616468339455,
                          0.5018027460665859,
                          0.4998828472360829,
                          0.4977726986976975,
                          0.4917199376682461],
                         [0.5174427453011813,
                          0.5015883121365913,
                          0.5084366538432867,
                          0.5007756619334951,
                          0.5047832829876601,
                          0.5078392339557641],
                         [0.4964038432611004,
                          0.5225853808478166,
                          0.5100917378949499,
                          0.4790202155411258,
                          0.4748858846245219,
                          0.4947067768647423]]}]}
{'generation': 8,
 'inputs': [],
 'layers': [{'activation': 'sigmoid',
             'bias': [-0.007016687520921037,
                      0.02444232207110715,
                      -0.0032337991861350153,
                      -0.014410515711980076,
                      0.008388891805504802,
                      0.03384076756867074,
                      -0.0008414221108038692,
                      -0.01264191517281233],
             'name': 'input',
             'neurons': [<gameplay.Neuron object at 0x7f41052a0828>,
                         <gameplay.Neuron object at 0x7f41052a07f0>,
                         <gameplay.Neuron object at 0x7f41052a0208>,
                         <gameplay.Neuron object at 0x7f41052a0b38>,
                         <gameplay.Neuron object at 0x7f41052a0be0>,
                         <gameplay.Neuron object at 0x7f41052a0b70>,
                         <gameplay.Neuron object at 0x7f41052a0cc0>,
                         <gameplay.Neuron object at 0x7f41052a0cf8>],
             'num_neurons': 8,
             'weights': [[0.48702489598954335,
                          0.4994344692979303,
                          0.49971043023915657,
                          0.5053413299315022,
                          0.4812307440295988,
                          0.4913389147645737,
                          0.4940509956398179,
                          0.4882957903903398,
                          0.4827177855045011,
                          0.5085435837864268],
                         [0.5,
                          0.5031289060524484,
                          0.49523258390744646,
                          0.49344483556561397,
                          0.5162457168362266,
                          0.4904742333057708,
                          0.4944030888261154,
                          0.4756976256312608,
                          0.49516050092568636,
                          0.5232253030459063],
                         [0.5002703547279638,
                          0.492635815287095,
                          0.48705789656229737,
                          0.49638918522395536,
                          0.4915418572675419,
                          0.510999670612285,
                          0.5002749834467553,
                          0.4979423738279781,
                          0.4962457939496763,
                          0.49978811748544905],
                         [0.5113351122305768,
                          0.5120280633600739,
                          0.49434265667055466,
                          0.5145964178731173,
                          0.4895033297092022,
                          0.5016794585880869,
                          0.49208831045819923,
                          0.49167599740483175,
                          0.504405036680662,
                          0.5065571052799246],
                         [0.5,
                          0.4954853336628141,
                          0.4958862791982167,
                          0.5,
                          0.48380303880605474,
                          0.4896172868899983,
                          0.5041005622088833,
                          0.5013714485762135,
                          0.4956655726703429,
                          0.512772954320374],
                         [0.4919949833493986,
                          0.5041209671792085,
                          0.48375734025273426,
                          0.5044601660600843,
                          0.4972560758415472,
                          0.5032137493474695,
                          0.5175271593096218,
                          0.5,
                          0.5,
                          0.5008092145580579],
                         [0.5,
                          0.5145919998547627,
                          0.5051561981521336,
                          0.5095746130590073,
                          0.4905125677948956,
                          0.48878898532681836,
                          0.49514097929357787,
                          0.4973503005808572,
                          0.5088311469986662,
                          0.49285033654647914],
                         [0.489234870767659,
                          0.5278477251700409,
                          0.48276038603483906,
                          0.5008026361553559,
                          0.5087094913540675,
                          0.4922479214529698,
                          0.4880485628797823,
                          0.4973937628863974,
                          0.4873712760424532,
                          0.5009699664459861]]},
            {'activation': 'sigmoid',
             'bias': [-0.0011222585375225648,
                      -0.0014471334049653683,
                      -0.006346876204740079,
                      0.007959871865368971,
                      0.0028744969163531225,
                      -0.012120754374919718],
             'name': 'hidden1',
             'neurons': [<gameplay.Neuron object at 0x7f41052a0d68>,
                         <gameplay.Neuron object at 0x7f41052a0c88>,
                         <gameplay.Neuron object at 0x7f41052a0dd8>,
                         <gameplay.Neuron object at 0x7f41052a0e48>,
                         <gameplay.Neuron object at 0x7f41052a0e10>,
                         <gameplay.Neuron object at 0x7f41052a0eb8>],
             'num_neurons': 6,
             'weights': [[0.4952442288200022,
                          0.491990185602696,
                          0.49891247691183527,
                          0.5057203087858237,
                          0.4875121979362464,
                          0.5036228781105756,
                          0.5118220516805295,
                          0.5088972550188074],
                         [0.4905903483557652,
                          0.5154765716094118,
                          0.4972252382877571,
                          0.5093723183303913,
                          0.5020370351324309,
                          0.4960548128183403,
                          0.4894954447677477,
                          0.5045941193332],
                         [0.50470628955049,
                          0.48730135461739515,
                          0.5018733161889275,
                          0.5042258241235819,
                          0.5033063116503999,
                          0.5155412381063941,
                          0.5044499302732698,
                          0.494725830242971],
                         [0.5058911292742433,
                          0.4963126427628912,
                          0.5097120303912185,
                          0.5089146522191567,
                          0.4987424245755382,
                          0.5065715169917565,
                          0.5035163651763734,
                          0.5077071303181833],
                         [0.4974562107189643,
                          0.51157394037554,
                          0.5,
                          0.49862796317606567,
                          0.5017663336614201,
                          0.5305891277226307,
                          0.49140935413816705,
                          0.49455105224252577],
                         [0.48751504101182974,
                          0.48239717158505596,
                          0.48450629362167674,
                          0.4978179451012345,
                          0.5043514113986207,
                          0.4963217682037748,
                          0.48906731648872465,
                          0.49369242931354385],
                         [0.5,
                          0.48483523762880976,
                          0.5096352134667699,
                          0.5193695694748107,
                          0.49174498911380676,
                          0.49149331433786464,
                          0.5052409409359805,
                          0.5009880713972348],
                         [0.510530643570475,
                          0.4964734596711639,
                          0.4952081893551336,
                          0.5050213177908993,
                          0.4991626052453494,
                          0.4894852679549246,
                          0.4769675800170772,
                          0.4944308612590352]]},
            {'activation': 'sigmoid',
             'bias': [-0.003562564317768944,
                      -0.007564292459977395,
                      0.0016187255247705262,
                      -0.015059457114877443,
                      0.004223282794644258],
             'name': 'output',
             'neurons': [<gameplay.Neuron object at 0x7f41052a0da0>,
                         <gameplay.Neuron object at 0x7f41052a0e80>,
                         <gameplay.Neuron object at 0x7f41052a0ef0>,
                         <gameplay.Neuron object at 0x7f41052a0d30>,
                         <gameplay.Neuron object at 0x7f41052a0f28>],
             'num_neurons': 5,
             'weights': [[0.4640116003367962,
                          0.496846218932031,
                          0.5077899987674629,
                          0.49891618523577286,
                          0.48974609761534743,
                          0.5032964463521381],
                         [0.5052068549054276,
                          0.5094870687265234,
                          0.5087632907594115,
                          0.5024018216925108,
                          0.4995609715275566,
                          0.5060896780272166],
                         [0.49482887504936734,
                          0.4887995929620628,
                          0.5088802245651964,
                          0.49113692732115266,
                          0.49853163601949574,
                          0.5025771226761211],
                         [0.5084549196072635,
                          0.49502616468339455,
                          0.5018027460665859,
                          0.4998828472360829,
                          0.4977726986976975,
                          0.4917199376682461],
                         [0.5174427453011813,
                          0.5015883121365913,
                          0.5084366538432867,
                          0.5007756619334951,
                          0.5047832829876601,
                          0.5078392339557641],
                         [0.4964038432611004,
                          0.5225853808478166,
                          0.5100917378949499,
                          0.4790202155411258,
                          0.4748858846245219,
                          0.4947067768647423]]}]}
load_tensorflow_graph: path = tensorflow/mario-model-simple-2019-07-17/frozen_inference_graph.pb
object_detection_graph = <tensorflow.python.framework.ops.Graph object at 0x7f41052a0c18>
Doing start sequence
Sleeping one second
sending start
sending empty
Found black world screen for the second time. exiting.



Seconds left: 364
Moves to the right: 112
frame count: 165
time start:  1568156943.641413,   time_now: 1568156960.8720045
