pygame 1.9.6
Hello from the pygame community. https://www.pygame.org/contribute.html
Loading neural net from gameplay_neural_nets/9/2.nn
net = {'generation': 8,
 'inputs': [],
 'layers': [{'activation': 'sigmoid',
             'bias': [-0.007016687520921037,
                      0.013725095013696106,
                      -0.007708426186952544,
                      -0.016668146450940797,
                      0.008388891805504802,
                      0.015332999125195569,
                      -0.0008414221108038692,
                      -0.013646685071478544],
             'name': 'input',
             'neurons': [],
             'num_neurons': 8,
             'weights': [[0.4852740795497465,
                          0.4935665323436969,
                          0.49971043023915657,
                          0.49584677188420423,
                          0.4812307440295988,
                          0.4913389147645737,
                          0.4940509956398179,
                          0.5042227203596857,
                          0.4827177855045011,
                          0.5176522116957155],
                         [0.5,
                          0.5096539398192095,
                          0.5,
                          0.49344483556561397,
                          0.5257011052358102,
                          0.49730062004194076,
                          0.49648565921383236,
                          0.4846946098517111,
                          0.49516050092568636,
                          0.5198845342170239],
                         [0.5015356025978543,
                          0.4966091711222232,
                          0.48705789656229737,
                          0.49638918522395536,
                          0.4877748841917811,
                          0.5129909671317148,
                          0.5002062907197671,
                          0.4979423738279781,
                          0.4962457939496763,
                          0.5026327193323435],
                         [0.5141962102857359,
                          0.5036455680251696,
                          0.5,
                          0.5015037814911032,
                          0.492516007870611,
                          0.4922791742133232,
                          0.5069360823577429,
                          0.49167599740483175,
                          0.5057583740469961,
                          0.49731915174438923],
                         [0.5,
                          0.4954853336628141,
                          0.49751203820684486,
                          0.5,
                          0.48380303880605474,
                          0.4896172868899983,
                          0.5004804872032382,
                          0.5045218173966055,
                          0.5025851361952254,
                          0.512772954320374],
                         [0.4919949833493986,
                          0.5041209671792085,
                          0.4994389306434132,
                          0.49551688632633395,
                          0.4972560758415472,
                          0.49667655348863027,
                          0.5194166033460739,
                          0.5021502154180766,
                          0.5026668829659792,
                          0.4921321642201524],
                         [0.5,
                          0.5145919998547627,
                          0.5051561981521336,
                          0.5062781010904764,
                          0.4959390729455073,
                          0.4950233478642632,
                          0.49514097929357787,
                          0.4973503005808572,
                          0.5088311469986662,
                          0.485502010307094],
                         [0.4801706383380618,
                          0.5194575352158213,
                          0.48276038603483906,
                          0.5120800747643237,
                          0.511570212787583,
                          0.49658329096185677,
                          0.4880485628797823,
                          0.4973937628863974,
                          0.4827895051488909,
                          0.5024143577860628]]},
            {'activation': 'sigmoid',
             'bias': [0.007908803292736955,
                      -0.0014471334049653683,
                      -0.01578475881414982,
                      0.007959871865368971,
                      0.0011577292436973138,
                      -0.012120754374919718],
             'name': 'hidden1',
             'neurons': [],
             'num_neurons': 6,
             'weights': [[0.4952442288200022,
                          0.491990185602696,
                          0.5052684324012102,
                          0.5057203087858237,
                          0.49563151197767696,
                          0.5060130389839688,
                          0.5125005130992624,
                          0.5],
                         [0.4905903483557652,
                          0.5144855456869748,
                          0.4914480034483496,
                          0.5034811914228458,
                          0.4970517307471005,
                          0.4877705677403058,
                          0.4894954447677477,
                          0.5011559389266594],
                         [0.50470628955049,
                          0.48730135461739515,
                          0.5010708239582117,
                          0.5042258241235819,
                          0.49854472358591717,
                          0.5078858381174083,
                          0.5006557157461619,
                          0.4890979571055682],
                         [0.5058911292742433,
                          0.49352506829869425,
                          0.5062452353769663,
                          0.5004310823182658,
                          0.5057217923367325,
                          0.4976134361779025,
                          0.5046207027140627,
                          0.5077071303181833],
                         [0.5003779563375318,
                          0.5173739889369482,
                          0.5044205947266172,
                          0.5024068420961394,
                          0.5034244646640559,
                          0.5255748217130084,
                          0.49140935413816705,
                          0.5],
                         [0.4942853373872531,
                          0.4783335410037482,
                          0.48450629362167674,
                          0.4978179451012345,
                          0.5043514113986207,
                          0.4956908097238915,
                          0.48906731648872465,
                          0.4842212281805456],
                         [0.5,
                          0.48713115816699776,
                          0.5096352134667699,
                          0.5166286495448732,
                          0.49174498911380676,
                          0.49149331433786464,
                          0.5052409409359805,
                          0.4984026522906277],
                         [0.515742358300489,
                          0.4964734596711639,
                          0.4858749303434416,
                          0.5050213177908993,
                          0.49675446885395674,
                          0.4940605295706841,
                          0.4752963796326673,
                          0.4970996716347528]]},
            {'activation': 'sigmoid',
             'bias': [-0.003562564317768944,
                      0,
                      0.0032578707757526847,
                      -0.011659552361787152,
                      0.006841307994572835],
             'name': 'output',
             'neurons': [],
             'num_neurons': 5,
             'weights': [[0.4640116003367962,
                          0.5046241385036281,
                          0.5102888426835225,
                          0.49753986681718954,
                          0.48901128117773335,
                          0.5033337906266042],
                         [0.5060194493721233,
                          0.5094870687265234,
                          0.5087632907594115,
                          0.4985003959192794,
                          0.4995609715275566,
                          0.5],
                         [0.4959535874267886,
                          0.48689266046965735,
                          0.5088802245651964,
                          0.4836731118055261,
                          0.5033419902943063,
                          0.5093982518368633],
                         [0.5066810266960575,
                          0.4920325072539198,
                          0.5018027460665859,
                          0.4998828472360829,
                          0.5054973779744606,
                          0.4917199376682461],
                         [0.5174427453011813,
                          0.5015883121365913,
                          0.5084366538432867,
                          0.5007756619334951,
                          0.5096501385226372,
                          0.5145225178076135],
                         [0.49774506898898796,
                          0.5130171059676785,
                          0.50976382648668,
                          0.4790202155411258,
                          0.48805119764072985,
                          0.49093123259734006]]}]}
{'generation': 8,
 'inputs': [],
 'layers': [{'activation': 'sigmoid',
             'bias': [-0.007016687520921037,
                      0.013725095013696106,
                      -0.007708426186952544,
                      -0.016668146450940797,
                      0.008388891805504802,
                      0.015332999125195569,
                      -0.0008414221108038692,
                      -0.013646685071478544],
             'name': 'input',
             'neurons': [<gameplay.Neuron object at 0x7f851b5c2860>,
                         <gameplay.Neuron object at 0x7f851b5c2828>,
                         <gameplay.Neuron object at 0x7f851b5c2240>,
                         <gameplay.Neuron object at 0x7f851b5c2b38>,
                         <gameplay.Neuron object at 0x7f851b5c2be0>,
                         <gameplay.Neuron object at 0x7f851b5c2b70>,
                         <gameplay.Neuron object at 0x7f851b5c2d30>,
                         <gameplay.Neuron object at 0x7f851b5c2c18>],
             'num_neurons': 8,
             'weights': [[0.4852740795497465,
                          0.4935665323436969,
                          0.49971043023915657,
                          0.49584677188420423,
                          0.4812307440295988,
                          0.4913389147645737,
                          0.4940509956398179,
                          0.5042227203596857,
                          0.4827177855045011,
                          0.5176522116957155],
                         [0.5,
                          0.5096539398192095,
                          0.5,
                          0.49344483556561397,
                          0.5257011052358102,
                          0.49730062004194076,
                          0.49648565921383236,
                          0.4846946098517111,
                          0.49516050092568636,
                          0.5198845342170239],
                         [0.5015356025978543,
                          0.4966091711222232,
                          0.48705789656229737,
                          0.49638918522395536,
                          0.4877748841917811,
                          0.5129909671317148,
                          0.5002062907197671,
                          0.4979423738279781,
                          0.4962457939496763,
                          0.5026327193323435],
                         [0.5141962102857359,
                          0.5036455680251696,
                          0.5,
                          0.5015037814911032,
                          0.492516007870611,
                          0.4922791742133232,
                          0.5069360823577429,
                          0.49167599740483175,
                          0.5057583740469961,
                          0.49731915174438923],
                         [0.5,
                          0.4954853336628141,
                          0.49751203820684486,
                          0.5,
                          0.48380303880605474,
                          0.4896172868899983,
                          0.5004804872032382,
                          0.5045218173966055,
                          0.5025851361952254,
                          0.512772954320374],
                         [0.4919949833493986,
                          0.5041209671792085,
                          0.4994389306434132,
                          0.49551688632633395,
                          0.4972560758415472,
                          0.49667655348863027,
                          0.5194166033460739,
                          0.5021502154180766,
                          0.5026668829659792,
                          0.4921321642201524],
                         [0.5,
                          0.5145919998547627,
                          0.5051561981521336,
                          0.5062781010904764,
                          0.4959390729455073,
                          0.4950233478642632,
                          0.49514097929357787,
                          0.4973503005808572,
                          0.5088311469986662,
                          0.485502010307094],
                         [0.4801706383380618,
                          0.5194575352158213,
                          0.48276038603483906,
                          0.5120800747643237,
                          0.511570212787583,
                          0.49658329096185677,
                          0.4880485628797823,
                          0.4973937628863974,
                          0.4827895051488909,
                          0.5024143577860628]]},
            {'activation': 'sigmoid',
             'bias': [0.007908803292736955,
                      -0.0014471334049653683,
                      -0.01578475881414982,
                      0.007959871865368971,
                      0.0011577292436973138,
                      -0.012120754374919718],
             'name': 'hidden1',
             'neurons': [<gameplay.Neuron object at 0x7f851b5c2cf8>,
                         <gameplay.Neuron object at 0x7f851b5c2c88>,
                         <gameplay.Neuron object at 0x7f851b5c2e10>,
                         <gameplay.Neuron object at 0x7f851b5c2da0>,
                         <gameplay.Neuron object at 0x7f851b5c2dd8>,
                         <gameplay.Neuron object at 0x7f851b5c2eb8>],
             'num_neurons': 6,
             'weights': [[0.4952442288200022,
                          0.491990185602696,
                          0.5052684324012102,
                          0.5057203087858237,
                          0.49563151197767696,
                          0.5060130389839688,
                          0.5125005130992624,
                          0.5],
                         [0.4905903483557652,
                          0.5144855456869748,
                          0.4914480034483496,
                          0.5034811914228458,
                          0.4970517307471005,
                          0.4877705677403058,
                          0.4894954447677477,
                          0.5011559389266594],
                         [0.50470628955049,
                          0.48730135461739515,
                          0.5010708239582117,
                          0.5042258241235819,
                          0.49854472358591717,
                          0.5078858381174083,
                          0.5006557157461619,
                          0.4890979571055682],
                         [0.5058911292742433,
                          0.49352506829869425,
                          0.5062452353769663,
                          0.5004310823182658,
                          0.5057217923367325,
                          0.4976134361779025,
                          0.5046207027140627,
                          0.5077071303181833],
                         [0.5003779563375318,
                          0.5173739889369482,
                          0.5044205947266172,
                          0.5024068420961394,
                          0.5034244646640559,
                          0.5255748217130084,
                          0.49140935413816705,
                          0.5],
                         [0.4942853373872531,
                          0.4783335410037482,
                          0.48450629362167674,
                          0.4978179451012345,
                          0.5043514113986207,
                          0.4956908097238915,
                          0.48906731648872465,
                          0.4842212281805456],
                         [0.5,
                          0.48713115816699776,
                          0.5096352134667699,
                          0.5166286495448732,
                          0.49174498911380676,
                          0.49149331433786464,
                          0.5052409409359805,
                          0.4984026522906277],
                         [0.515742358300489,
                          0.4964734596711639,
                          0.4858749303434416,
                          0.5050213177908993,
                          0.49675446885395674,
                          0.4940605295706841,
                          0.4752963796326673,
                          0.4970996716347528]]},
            {'activation': 'sigmoid',
             'bias': [-0.003562564317768944,
                      0,
                      0.0032578707757526847,
                      -0.011659552361787152,
                      0.006841307994572835],
             'name': 'output',
             'neurons': [<gameplay.Neuron object at 0x7f851b5c2e48>,
                         <gameplay.Neuron object at 0x7f851b5c2e80>,
                         <gameplay.Neuron object at 0x7f851b5c2ef0>,
                         <gameplay.Neuron object at 0x7f851b5c2d68>,
                         <gameplay.Neuron object at 0x7f851b5c2f60>],
             'num_neurons': 5,
             'weights': [[0.4640116003367962,
                          0.5046241385036281,
                          0.5102888426835225,
                          0.49753986681718954,
                          0.48901128117773335,
                          0.5033337906266042],
                         [0.5060194493721233,
                          0.5094870687265234,
                          0.5087632907594115,
                          0.4985003959192794,
                          0.4995609715275566,
                          0.5],
                         [0.4959535874267886,
                          0.48689266046965735,
                          0.5088802245651964,
                          0.4836731118055261,
                          0.5033419902943063,
                          0.5093982518368633],
                         [0.5066810266960575,
                          0.4920325072539198,
                          0.5018027460665859,
                          0.4998828472360829,
                          0.5054973779744606,
                          0.4917199376682461],
                         [0.5174427453011813,
                          0.5015883121365913,
                          0.5084366538432867,
                          0.5007756619334951,
                          0.5096501385226372,
                          0.5145225178076135],
                         [0.49774506898898796,
                          0.5130171059676785,
                          0.50976382648668,
                          0.4790202155411258,
                          0.48805119764072985,
                          0.49093123259734006]]}]}
load_tensorflow_graph: path = tensorflow/mario-model-simple-2019-07-17/frozen_inference_graph.pb
object_detection_graph = <tensorflow.python.framework.ops.Graph object at 0x7f851b5c2cc0>
Doing start sequence
Sleeping one second
sending start
sending empty
Found black world screen for the second time. exiting.



Seconds left: 372
Moves to the right: 75
frame count: 134
time start:  1568156993.2720628,   time_now: 1568157007.8236516
