pygame 1.9.6
Hello from the pygame community. https://www.pygame.org/contribute.html
Loading neural net from gameplay_neural_nets/9/grand_father_8.nn
net = {'generation': 7,
 'inputs': [],
 'layers': [{'activation': 'sigmoid',
             'bias': [-0.007016687520921037,
                      0.017647134451109176,
                      -0.007708426186952544,
                      -0.016668146450940797,
                      0.008388891805504802,
                      0.025250280962092475,
                      -0.0008414221108038692,
                      -0.013646685071478544],
             'name': 'input',
             'neurons': [],
             'num_neurons': 8,
             'weights': [[0.4852740795497465,
                          0.4935665323436969,
                          0.49971043023915657,
                          0.5053413299315022,
                          0.4812307440295988,
                          0.4913389147645737,
                          0.4940509956398179,
                          0.49612874957973213,
                          0.4827177855045011,
                          0.5085435837864268],
                         [0.5,
                          0.5096539398192095,
                          0.5,
                          0.49344483556561397,
                          0.5162457168362266,
                          0.49730062004194076,
                          0.49008449395964604,
                          0.4846946098517111,
                          0.49516050092568636,
                          0.5194496765992794],
                         [0.5083220412917215,
                          0.4966091711222232,
                          0.48705789656229737,
                          0.49638918522395536,
                          0.4877748841917811,
                          0.5129909671317148,
                          0.5002062907197671,
                          0.4979423738279781,
                          0.4962457939496763,
                          0.5026327193323435],
                         [0.5141962102857359,
                          0.5036455680251696,
                          0.5,
                          0.5061333319895195,
                          0.4895033297092022,
                          0.4922791742133232,
                          0.4999883180220672,
                          0.49167599740483175,
                          0.5103294563112971,
                          0.5065571052799246],
                         [0.5,
                          0.4954853336628141,
                          0.4958862791982167,
                          0.5,
                          0.48380303880605474,
                          0.4896172868899983,
                          0.5041005622088833,
                          0.5045218173966055,
                          0.4956655726703429,
                          0.512772954320374],
                         [0.4919949833493986,
                          0.5041209671792085,
                          0.4908411789293778,
                          0.5035668490866838,
                          0.4972560758415472,
                          0.49667655348863027,
                          0.5194166033460739,
                          0.5,
                          0.5,
                          0.4921321642201524],
                         [0.5,
                          0.5145919998547627,
                          0.5051561981521336,
                          0.5094319196219108,
                          0.4959390729455073,
                          0.49854624032895634,
                          0.49514097929357787,
                          0.4973503005808572,
                          0.5088311469986662,
                          0.4904937634365829],
                         [0.489234870767659,
                          0.5194575352158213,
                          0.48276038603483906,
                          0.5041986659700641,
                          0.5016807852774501,
                          0.49658329096185677,
                          0.4880485628797823,
                          0.4973937628863974,
                          0.4873712760424532,
                          0.5028645334166049]]},
            {'activation': 'sigmoid',
             'bias': [-0.0011222585375225648,
                      -0.0014471334049653683,
                      -0.01578475881414982,
                      0.007959871865368971,
                      0,
                      -0.012120754374919718],
             'name': 'hidden1',
             'neurons': [],
             'num_neurons': 6,
             'weights': [[0.4952442288200022,
                          0.491990185602696,
                          0.49891247691183527,
                          0.5057203087858237,
                          0.49563151197767696,
                          0.5060130389839688,
                          0.5125005130992624,
                          0.5],
                         [0.4905903483557652,
                          0.5144855456869748,
                          0.4914480034483496,
                          0.5093723183303913,
                          0.49467722851442963,
                          0.4960548128183403,
                          0.4894954447677477,
                          0.5011559389266594],
                         [0.50470628955049,
                          0.48730135461739515,
                          0.5010708239582117,
                          0.5042258241235819,
                          0.5033063116503999,
                          0.5078858381174083,
                          0.5044499302732698,
                          0.494725830242971],
                         [0.5058911292742433,
                          0.4936032324109684,
                          0.5067982930213367,
                          0.5004310823182658,
                          0.4987424245755382,
                          0.4976134361779025,
                          0.5066622372805408,
                          0.5077071303181833],
                         [0.4974562107189643,
                          0.51157394037554,
                          0.5,
                          0.49803016078054185,
                          0.5034244646640559,
                          0.5255748217130084,
                          0.49140935413816705,
                          0.5],
                         [0.4942853373872531,
                          0.48239717158505596,
                          0.48450629362167674,
                          0.4978179451012345,
                          0.5043514113986207,
                          0.4963217682037748,
                          0.48906731648872465,
                          0.4842212281805456],
                         [0.5,
                          0.48713115816699776,
                          0.5096352134667699,
                          0.5166286495448732,
                          0.49174498911380676,
                          0.49149331433786464,
                          0.5052409409359805,
                          0.4983696840448486],
                         [0.5101770210291449,
                          0.4964734596711639,
                          0.4952081893551336,
                          0.5050213177908993,
                          0.4991626052453494,
                          0.4940605295706841,
                          0.48281613284149427,
                          0.4970996716347528]]},
            {'activation': 'sigmoid',
             'bias': [-0.003562564317768944,
                      0,
                      0.0032578707757526847,
                      -0.011659552361787152,
                      0.006841307994572835],
             'name': 'output',
             'neurons': [],
             'num_neurons': 5,
             'weights': [[0.4640116003367962,
                          0.5046241385036281,
                          0.5077899987674629,
                          0.49891618523577286,
                          0.48901128117773335,
                          0.4948138827315414],
                         [0.5060194493721233,
                          0.5094870687265234,
                          0.5087632907594115,
                          0.4985003959192794,
                          0.4995609715275566,
                          0.5],
                         [0.4990424758743207,
                          0.49324201157823067,
                          0.5088802245651964,
                          0.4836731118055261,
                          0.5033419902943063,
                          0.5044262833703742],
                         [0.5084549196072635,
                          0.4920325072539198,
                          0.5018027460665859,
                          0.4998828472360829,
                          0.5,
                          0.4917199376682461],
                         [0.5174427453011813,
                          0.5015883121365913,
                          0.5084366538432867,
                          0.5007756619334951,
                          0.5047832829876601,
                          0.5078392339557641],
                         [0.49774506898898796,
                          0.5225853808478166,
                          0.50976382648668,
                          0.4790202155411258,
                          0.48250556830611957,
                          0.49776053455742725]]}]}
{'generation': 7,
 'inputs': [],
 'layers': [{'activation': 'sigmoid',
             'bias': [-0.007016687520921037,
                      0.017647134451109176,
                      -0.007708426186952544,
                      -0.016668146450940797,
                      0.008388891805504802,
                      0.025250280962092475,
                      -0.0008414221108038692,
                      -0.013646685071478544],
             'name': 'input',
             'neurons': [<gameplay.Neuron object at 0x7f0ef0313828>,
                         <gameplay.Neuron object at 0x7f0ef0313748>,
                         <gameplay.Neuron object at 0x7f0ef0313240>,
                         <gameplay.Neuron object at 0x7f0ef0313b38>,
                         <gameplay.Neuron object at 0x7f0ef0313be0>,
                         <gameplay.Neuron object at 0x7f0ef0313b70>,
                         <gameplay.Neuron object at 0x7f0ef0313cc0>,
                         <gameplay.Neuron object at 0x7f0ef0313d68>],
             'num_neurons': 8,
             'weights': [[0.4852740795497465,
                          0.4935665323436969,
                          0.49971043023915657,
                          0.5053413299315022,
                          0.4812307440295988,
                          0.4913389147645737,
                          0.4940509956398179,
                          0.49612874957973213,
                          0.4827177855045011,
                          0.5085435837864268],
                         [0.5,
                          0.5096539398192095,
                          0.5,
                          0.49344483556561397,
                          0.5162457168362266,
                          0.49730062004194076,
                          0.49008449395964604,
                          0.4846946098517111,
                          0.49516050092568636,
                          0.5194496765992794],
                         [0.5083220412917215,
                          0.4966091711222232,
                          0.48705789656229737,
                          0.49638918522395536,
                          0.4877748841917811,
                          0.5129909671317148,
                          0.5002062907197671,
                          0.4979423738279781,
                          0.4962457939496763,
                          0.5026327193323435],
                         [0.5141962102857359,
                          0.5036455680251696,
                          0.5,
                          0.5061333319895195,
                          0.4895033297092022,
                          0.4922791742133232,
                          0.4999883180220672,
                          0.49167599740483175,
                          0.5103294563112971,
                          0.5065571052799246],
                         [0.5,
                          0.4954853336628141,
                          0.4958862791982167,
                          0.5,
                          0.48380303880605474,
                          0.4896172868899983,
                          0.5041005622088833,
                          0.5045218173966055,
                          0.4956655726703429,
                          0.512772954320374],
                         [0.4919949833493986,
                          0.5041209671792085,
                          0.4908411789293778,
                          0.5035668490866838,
                          0.4972560758415472,
                          0.49667655348863027,
                          0.5194166033460739,
                          0.5,
                          0.5,
                          0.4921321642201524],
                         [0.5,
                          0.5145919998547627,
                          0.5051561981521336,
                          0.5094319196219108,
                          0.4959390729455073,
                          0.49854624032895634,
                          0.49514097929357787,
                          0.4973503005808572,
                          0.5088311469986662,
                          0.4904937634365829],
                         [0.489234870767659,
                          0.5194575352158213,
                          0.48276038603483906,
                          0.5041986659700641,
                          0.5016807852774501,
                          0.49658329096185677,
                          0.4880485628797823,
                          0.4973937628863974,
                          0.4873712760424532,
                          0.5028645334166049]]},
            {'activation': 'sigmoid',
             'bias': [-0.0011222585375225648,
                      -0.0014471334049653683,
                      -0.01578475881414982,
                      0.007959871865368971,
                      0,
                      -0.012120754374919718],
             'name': 'hidden1',
             'neurons': [<gameplay.Neuron object at 0x7f0ef0313c88>,
                         <gameplay.Neuron object at 0x7f0ef0313c18>,
                         <gameplay.Neuron object at 0x7f0ef0313dd8>,
                         <gameplay.Neuron object at 0x7f0ef0313e10>,
                         <gameplay.Neuron object at 0x7f0ef0313da0>,
                         <gameplay.Neuron object at 0x7f0ef0313eb8>],
             'num_neurons': 6,
             'weights': [[0.4952442288200022,
                          0.491990185602696,
                          0.49891247691183527,
                          0.5057203087858237,
                          0.49563151197767696,
                          0.5060130389839688,
                          0.5125005130992624,
                          0.5],
                         [0.4905903483557652,
                          0.5144855456869748,
                          0.4914480034483496,
                          0.5093723183303913,
                          0.49467722851442963,
                          0.4960548128183403,
                          0.4894954447677477,
                          0.5011559389266594],
                         [0.50470628955049,
                          0.48730135461739515,
                          0.5010708239582117,
                          0.5042258241235819,
                          0.5033063116503999,
                          0.5078858381174083,
                          0.5044499302732698,
                          0.494725830242971],
                         [0.5058911292742433,
                          0.4936032324109684,
                          0.5067982930213367,
                          0.5004310823182658,
                          0.4987424245755382,
                          0.4976134361779025,
                          0.5066622372805408,
                          0.5077071303181833],
                         [0.4974562107189643,
                          0.51157394037554,
                          0.5,
                          0.49803016078054185,
                          0.5034244646640559,
                          0.5255748217130084,
                          0.49140935413816705,
                          0.5],
                         [0.4942853373872531,
                          0.48239717158505596,
                          0.48450629362167674,
                          0.4978179451012345,
                          0.5043514113986207,
                          0.4963217682037748,
                          0.48906731648872465,
                          0.4842212281805456],
                         [0.5,
                          0.48713115816699776,
                          0.5096352134667699,
                          0.5166286495448732,
                          0.49174498911380676,
                          0.49149331433786464,
                          0.5052409409359805,
                          0.4983696840448486],
                         [0.5101770210291449,
                          0.4964734596711639,
                          0.4952081893551336,
                          0.5050213177908993,
                          0.4991626052453494,
                          0.4940605295706841,
                          0.48281613284149427,
                          0.4970996716347528]]},
            {'activation': 'sigmoid',
             'bias': [-0.003562564317768944,
                      0,
                      0.0032578707757526847,
                      -0.011659552361787152,
                      0.006841307994572835],
             'name': 'output',
             'neurons': [<gameplay.Neuron object at 0x7f0ef0313e48>,
                         <gameplay.Neuron object at 0x7f0ef0313f28>,
                         <gameplay.Neuron object at 0x7f0ef0313e80>,
                         <gameplay.Neuron object at 0x7f0ef0313ef0>,
                         <gameplay.Neuron object at 0x7f0ef0313f98>],
             'num_neurons': 5,
             'weights': [[0.4640116003367962,
                          0.5046241385036281,
                          0.5077899987674629,
                          0.49891618523577286,
                          0.48901128117773335,
                          0.4948138827315414],
                         [0.5060194493721233,
                          0.5094870687265234,
                          0.5087632907594115,
                          0.4985003959192794,
                          0.4995609715275566,
                          0.5],
                         [0.4990424758743207,
                          0.49324201157823067,
                          0.5088802245651964,
                          0.4836731118055261,
                          0.5033419902943063,
                          0.5044262833703742],
                         [0.5084549196072635,
                          0.4920325072539198,
                          0.5018027460665859,
                          0.4998828472360829,
                          0.5,
                          0.4917199376682461],
                         [0.5174427453011813,
                          0.5015883121365913,
                          0.5084366538432867,
                          0.5007756619334951,
                          0.5047832829876601,
                          0.5078392339557641],
                         [0.49774506898898796,
                          0.5225853808478166,
                          0.50976382648668,
                          0.4790202155411258,
                          0.48250556830611957,
                          0.49776053455742725]]}]}
load_tensorflow_graph: path = tensorflow/mario-model-simple-2019-07-17/frozen_inference_graph.pb
object_detection_graph = <tensorflow.python.framework.ops.Graph object at 0x7f0ef0313cf8>
Doing start sequence
Sleeping one second
sending start
sending empty
Found black world screen for the second time. exiting.



Seconds left: 363
Moves to the right: 84
frame count: 163
time start:  1568157178.352078,   time_now: 1568157195.6103175
