pygame 1.9.6
Hello from the pygame community. https://www.pygame.org/contribute.html
Loading neural net from gameplay_neural_nets/39/10.nn
net = {'generation': 35,
 'inputs': [],
 'layers': [{'activation': 'sigmoid',
             'bias': [0.007436461454281167,
                      -0.01408404301686297,
                      0.024868305536344455,
                      -0.004146926546201288,
                      0.015185485374939002,
                      -0.014525606259422792,
                      0.004628371962889599,
                      -0.018714073463071343],
             'name': 'input',
             'neurons': [],
             'num_neurons': 8,
             'weights': [[0.39075337122071974,
                          0.3986811774774795,
                          0.11283614961486181,
                          0.12334407961157301,
                          0.11871281305286391,
                          0.09429603111580546,
                          0.11319205981579707,
                          0.11279711138272104,
                          0.08434799018330891,
                          0.08902783464650264],
                         [0.38261671188996405,
                          0.415773359399872,
                          0.11126014130653558,
                          0.10851290477774478,
                          0.09683999516451428,
                          0.07956625577109637,
                          0.09516126642137987,
                          0.0938680953945878,
                          0.10764735152001183,
                          0.10168537096409232],
                         [0.36829993031608155,
                          0.4235392877352643,
                          0.11005638953712871,
                          0.08484919601139712,
                          0.09662505276644989,
                          0.10581995148662926,
                          0.07918649581649861,
                          0.09063304954282408,
                          0.11043264327746047,
                          0.09132296065593243],
                         [0.3903513992131665,
                          0.37545748123434874,
                          0.09213054042074044,
                          0.1073068978498314,
                          0.07864974343936335,
                          0.10927205910879587,
                          0.10382941578869904,
                          0.10099485479844296,
                          0.07992061912113552,
                          0.10990620415166112],
                         [0.38593766412229175,
                          0.4013214244535427,
                          0.08037862727806455,
                          0.12454560774450119,
                          0.08497377731351392,
                          0.11283009894189068,
                          0.10165938614929614,
                          0.13314326173062022,
                          0.09290630251585262,
                          0.09201536183366997],
                         [0.36413220665160534,
                          0.39997709821784994,
                          0.06976464735469387,
                          0.09120217476645041,
                          0.1219262946200923,
                          0.10517264918992898,
                          0.11494634476403928,
                          0.1006986591245756,
                          0.10172486355388663,
                          0.12718676917563934],
                         [0.3868386849938264,
                          0.3881398843305048,
                          0.11088106335812509,
                          0.057850973763987235,
                          0.10641287669415911,
                          0.09043242290620332,
                          0.0936382607700845,
                          0.11305334460726758,
                          0.10004288410985794,
                          0.06402612755439203],
                         [0.3955112398621343,
                          0.4097288446905838,
                          0.10253917075093871,
                          0.06416634231356434,
                          0.1259880648564764,
                          0.0789946057602328,
                          0.08946557061311265,
                          0.1325508109428738,
                          0.07886193133110567,
                          0.09801523254110076]]},
            {'activation': 'sigmoid',
             'bias': [-0.021978791252266823,
                      0.03171654405752193,
                      0.015279229488855859,
                      0.019454847222002605,
                      0.03146074096783856],
             'name': 'output',
             'neurons': [],
             'num_neurons': 5,
             'weights': [[0.0810710499293628,
                          0.08857014599575233,
                          0.09722618530009737,
                          0.08103251020757687,
                          0.11364053780214146,
                          0.11606262415458378,
                          0.12059945004318677,
                          0.09207646128942425],
                         [0.0783017294030907,
                          0.10226844938647182,
                          0.0924526459228584,
                          0.11962450868168062,
                          0.10172772816984459,
                          0.09866076477295929,
                          0.08742002860614398,
                          0.12372904732325031],
                         [0.11189968708082067,
                          0.09041943633956702,
                          0.1133164342582489,
                          0.10250316360774417,
                          0.09686526019437498,
                          0.10872862507776951,
                          0.10261679664857914,
                          0.09401778212846787],
                         [0.10938247466973132,
                          0.07032908484501153,
                          0.10923563782568012,
                          0.08607278473132457,
                          0.11038898401483653,
                          0.1207738346117136,
                          0.1079643091124917,
                          0.09479378490203565],
                         [0.10560712802424177,
                          0.09377818878877041,
                          0.13428567524365617,
                          0.0692984812385782,
                          0.14045250065355971,
                          0.10721187621434639,
                          0.09928787121509369,
                          0.1003020240689332],
                         [0.09275959924903146,
                          0.0958746779909629,
                          0.12382232852564415,
                          0.08337725388604221,
                          0.07510050457980293,
                          0.1228446478535102,
                          0.102472813212858,
                          0.09141654422151994]]}]}
{'generation': 35,
 'inputs': [],
 'layers': [{'activation': 'sigmoid',
             'bias': [0.007436461454281167,
                      -0.01408404301686297,
                      0.024868305536344455,
                      -0.004146926546201288,
                      0.015185485374939002,
                      -0.014525606259422792,
                      0.004628371962889599,
                      -0.018714073463071343],
             'name': 'input',
             'neurons': [<gameplay.Neuron object at 0x7eff8ae75898>,
                         <gameplay.Neuron object at 0x7eff8ae75860>,
                         <gameplay.Neuron object at 0x7eff8ae75278>,
                         <gameplay.Neuron object at 0x7eff8ae75b38>,
                         <gameplay.Neuron object at 0x7eff8ae75be0>,
                         <gameplay.Neuron object at 0x7eff8ae75b70>,
                         <gameplay.Neuron object at 0x7eff8ae75cc0>,
                         <gameplay.Neuron object at 0x7eff8ae75c88>],
             'num_neurons': 8,
             'weights': [[0.39075337122071974,
                          0.3986811774774795,
                          0.11283614961486181,
                          0.12334407961157301,
                          0.11871281305286391,
                          0.09429603111580546,
                          0.11319205981579707,
                          0.11279711138272104,
                          0.08434799018330891,
                          0.08902783464650264],
                         [0.38261671188996405,
                          0.415773359399872,
                          0.11126014130653558,
                          0.10851290477774478,
                          0.09683999516451428,
                          0.07956625577109637,
                          0.09516126642137987,
                          0.0938680953945878,
                          0.10764735152001183,
                          0.10168537096409232],
                         [0.36829993031608155,
                          0.4235392877352643,
                          0.11005638953712871,
                          0.08484919601139712,
                          0.09662505276644989,
                          0.10581995148662926,
                          0.07918649581649861,
                          0.09063304954282408,
                          0.11043264327746047,
                          0.09132296065593243],
                         [0.3903513992131665,
                          0.37545748123434874,
                          0.09213054042074044,
                          0.1073068978498314,
                          0.07864974343936335,
                          0.10927205910879587,
                          0.10382941578869904,
                          0.10099485479844296,
                          0.07992061912113552,
                          0.10990620415166112],
                         [0.38593766412229175,
                          0.4013214244535427,
                          0.08037862727806455,
                          0.12454560774450119,
                          0.08497377731351392,
                          0.11283009894189068,
                          0.10165938614929614,
                          0.13314326173062022,
                          0.09290630251585262,
                          0.09201536183366997],
                         [0.36413220665160534,
                          0.39997709821784994,
                          0.06976464735469387,
                          0.09120217476645041,
                          0.1219262946200923,
                          0.10517264918992898,
                          0.11494634476403928,
                          0.1006986591245756,
                          0.10172486355388663,
                          0.12718676917563934],
                         [0.3868386849938264,
                          0.3881398843305048,
                          0.11088106335812509,
                          0.057850973763987235,
                          0.10641287669415911,
                          0.09043242290620332,
                          0.0936382607700845,
                          0.11305334460726758,
                          0.10004288410985794,
                          0.06402612755439203],
                         [0.3955112398621343,
                          0.4097288446905838,
                          0.10253917075093871,
                          0.06416634231356434,
                          0.1259880648564764,
                          0.0789946057602328,
                          0.08946557061311265,
                          0.1325508109428738,
                          0.07886193133110567,
                          0.09801523254110076]]},
            {'activation': 'sigmoid',
             'bias': [-0.021978791252266823,
                      0.03171654405752193,
                      0.015279229488855859,
                      0.019454847222002605,
                      0.03146074096783856],
             'name': 'output',
             'neurons': [<gameplay.Neuron object at 0x7eff8ae75cf8>,
                         <gameplay.Neuron object at 0x7eff8ae75d30>,
                         <gameplay.Neuron object at 0x7eff8ae75da0>,
                         <gameplay.Neuron object at 0x7eff8ae75d68>,
                         <gameplay.Neuron object at 0x7eff8ae75dd8>],
             'num_neurons': 5,
             'weights': [[0.0810710499293628,
                          0.08857014599575233,
                          0.09722618530009737,
                          0.08103251020757687,
                          0.11364053780214146,
                          0.11606262415458378,
                          0.12059945004318677,
                          0.09207646128942425],
                         [0.0783017294030907,
                          0.10226844938647182,
                          0.0924526459228584,
                          0.11962450868168062,
                          0.10172772816984459,
                          0.09866076477295929,
                          0.08742002860614398,
                          0.12372904732325031],
                         [0.11189968708082067,
                          0.09041943633956702,
                          0.1133164342582489,
                          0.10250316360774417,
                          0.09686526019437498,
                          0.10872862507776951,
                          0.10261679664857914,
                          0.09401778212846787],
                         [0.10938247466973132,
                          0.07032908484501153,
                          0.10923563782568012,
                          0.08607278473132457,
                          0.11038898401483653,
                          0.1207738346117136,
                          0.1079643091124917,
                          0.09479378490203565],
                         [0.10560712802424177,
                          0.09377818878877041,
                          0.13428567524365617,
                          0.0692984812385782,
                          0.14045250065355971,
                          0.10721187621434639,
                          0.09928787121509369,
                          0.1003020240689332],
                         [0.09275959924903146,
                          0.0958746779909629,
                          0.12382232852564415,
                          0.08337725388604221,
                          0.07510050457980293,
                          0.1228446478535102,
                          0.102472813212858,
                          0.09141654422151994]]}]}
load_tensorflow_graph: path = tensorflow/mario-model-simple-2019-07-17/frozen_inference_graph.pb
object_detection_graph = <tensorflow.python.framework.ops.Graph object at 0x7eff8ae75e80>
Doing start sequence
Sleeping one second
sending start
sending empty
Found black world screen for the second time. exiting.



Seconds left: 354
Moves to the right: 108
