pygame 1.9.6
Hello from the pygame community. https://www.pygame.org/contribute.html
Loading neural net from gameplay_neural_nets/39/2.nn
net = {'generation': 35,
 'inputs': [],
 'layers': [{'activation': 'sigmoid',
             'bias': [0.006177440847843378,
                      -0.01408404301686297,
                      0.026652392304535838,
                      -0.004146926546201288,
                      0.015185485374939002,
                      -0.013835957494640502,
                      0.004628371962889599,
                      -0.02505634932370573],
             'name': 'input',
             'neurons': [],
             'num_neurons': 8,
             'weights': [[0.39075337122071974,
                          0.3986811774774795,
                          0.11805289700525948,
                          0.11737875675180508,
                          0.11871281305286391,
                          0.09429603111580546,
                          0.1102592175242503,
                          0.1056888871967381,
                          0.09058112721044344,
                          0.08902783464650264],
                         [0.3730247311850559,
                          0.415773359399872,
                          0.11126014130653558,
                          0.10851290477774478,
                          0.09683999516451428,
                          0.07956625577109637,
                          0.0924313516224412,
                          0.0938680953945878,
                          0.10764735152001183,
                          0.10168537096409232],
                         [0.36829993031608155,
                          0.4159726593285774,
                          0.10056302355931095,
                          0.08484919601139712,
                          0.08896776033054564,
                          0.10581995148662926,
                          0.07295638567696638,
                          0.09854609623907379,
                          0.11043264327746047,
                          0.09132296065593243],
                         [0.3903513992131665,
                          0.37545748123434874,
                          0.09213054042074044,
                          0.1073068978498314,
                          0.07864974343936335,
                          0.10924544506489063,
                          0.10444094957123749,
                          0.10099485479844296,
                          0.07992061912113552,
                          0.10990620415166112],
                         [0.38593766412229175,
                          0.4013214244535427,
                          0.08076354882126553,
                          0.12454560774450119,
                          0.08497377731351392,
                          0.10493697765721005,
                          0.10165938614929614,
                          0.13314326173062022,
                          0.09290630251585262,
                          0.09201536183366997],
                         [0.36637659304947884,
                          0.39997709821784994,
                          0.06976464735469387,
                          0.08788898263405845,
                          0.1219262946200923,
                          0.10517264918992898,
                          0.11494634476403928,
                          0.1006986591245756,
                          0.0993295786876636,
                          0.12718676917563934],
                         [0.3868386849938264,
                          0.3881398843305048,
                          0.11088106335812509,
                          0.057850973763987235,
                          0.10434167793446812,
                          0.0983795072978506,
                          0.09731534832570536,
                          0.11305334460726758,
                          0.10004288410985794,
                          0.06698968216213291],
                         [0.40457669310596933,
                          0.40324460986349775,
                          0.10253917075093871,
                          0.0704963309168618,
                          0.1259880648564764,
                          0.0789946057602328,
                          0.08946557061311265,
                          0.1325508109428738,
                          0.0889777063464608,
                          0.09801523254110076]]},
            {'activation': 'sigmoid',
             'bias': [-0.02602070080729225,
                      0.0241902088469494,
                      0.015279229488855859,
                      0.019454847222002605,
                      0.03146074096783856],
             'name': 'output',
             'neurons': [],
             'num_neurons': 5,
             'weights': [[0.0810710499293628,
                          0.08857014599575233,
                          0.09722618530009737,
                          0.08103251020757687,
                          0.11364053780214146,
                          0.11606262415458378,
                          0.12059945004318677,
                          0.09207646128942425],
                         [0.0783017294030907,
                          0.10226844938647182,
                          0.09386071331753246,
                          0.11962450868168062,
                          0.10172772816984459,
                          0.09866076477295929,
                          0.08742002860614398,
                          0.12072744281035433],
                         [0.11941596327753172,
                          0.10003615087751191,
                          0.1201109105801917,
                          0.10250316360774417,
                          0.09686526019437498,
                          0.1041525561312676,
                          0.10261679664857914,
                          0.09316620306730627],
                         [0.10938247466973132,
                          0.07032908484501153,
                          0.10923563782568012,
                          0.09291954673016468,
                          0.11379532178925089,
                          0.1207738346117136,
                          0.1079643091124917,
                          0.09479378490203565],
                         [0.10560712802424177,
                          0.09377818878877041,
                          0.13428567524365617,
                          0.0723335466594549,
                          0.13464771075406712,
                          0.10721187621434639,
                          0.1006087082102936,
                          0.1003020240689332],
                         [0.0925961001076458,
                          0.08880135716606471,
                          0.11855529510664789,
                          0.08337725388604221,
                          0.07510050457980293,
                          0.12795348722239736,
                          0.102472813212858,
                          0.09141654422151994]]}]}
{'generation': 35,
 'inputs': [],
 'layers': [{'activation': 'sigmoid',
             'bias': [0.006177440847843378,
                      -0.01408404301686297,
                      0.026652392304535838,
                      -0.004146926546201288,
                      0.015185485374939002,
                      -0.013835957494640502,
                      0.004628371962889599,
                      -0.02505634932370573],
             'name': 'input',
             'neurons': [<gameplay.Neuron object at 0x7f39668b87f0>,
                         <gameplay.Neuron object at 0x7f39668b87b8>,
                         <gameplay.Neuron object at 0x7f39668b8208>,
                         <gameplay.Neuron object at 0x7f39668b8a90>,
                         <gameplay.Neuron object at 0x7f39668b8b38>,
                         <gameplay.Neuron object at 0x7f39668b8ac8>,
                         <gameplay.Neuron object at 0x7f39668b8c18>,
                         <gameplay.Neuron object at 0x7f39668b8be0>],
             'num_neurons': 8,
             'weights': [[0.39075337122071974,
                          0.3986811774774795,
                          0.11805289700525948,
                          0.11737875675180508,
                          0.11871281305286391,
                          0.09429603111580546,
                          0.1102592175242503,
                          0.1056888871967381,
                          0.09058112721044344,
                          0.08902783464650264],
                         [0.3730247311850559,
                          0.415773359399872,
                          0.11126014130653558,
                          0.10851290477774478,
                          0.09683999516451428,
                          0.07956625577109637,
                          0.0924313516224412,
                          0.0938680953945878,
                          0.10764735152001183,
                          0.10168537096409232],
                         [0.36829993031608155,
                          0.4159726593285774,
                          0.10056302355931095,
                          0.08484919601139712,
                          0.08896776033054564,
                          0.10581995148662926,
                          0.07295638567696638,
                          0.09854609623907379,
                          0.11043264327746047,
                          0.09132296065593243],
                         [0.3903513992131665,
                          0.37545748123434874,
                          0.09213054042074044,
                          0.1073068978498314,
                          0.07864974343936335,
                          0.10924544506489063,
                          0.10444094957123749,
                          0.10099485479844296,
                          0.07992061912113552,
                          0.10990620415166112],
                         [0.38593766412229175,
                          0.4013214244535427,
                          0.08076354882126553,
                          0.12454560774450119,
                          0.08497377731351392,
                          0.10493697765721005,
                          0.10165938614929614,
                          0.13314326173062022,
                          0.09290630251585262,
                          0.09201536183366997],
                         [0.36637659304947884,
                          0.39997709821784994,
                          0.06976464735469387,
                          0.08788898263405845,
                          0.1219262946200923,
                          0.10517264918992898,
                          0.11494634476403928,
                          0.1006986591245756,
                          0.0993295786876636,
                          0.12718676917563934],
                         [0.3868386849938264,
                          0.3881398843305048,
                          0.11088106335812509,
                          0.057850973763987235,
                          0.10434167793446812,
                          0.0983795072978506,
                          0.09731534832570536,
                          0.11305334460726758,
                          0.10004288410985794,
                          0.06698968216213291],
                         [0.40457669310596933,
                          0.40324460986349775,
                          0.10253917075093871,
                          0.0704963309168618,
                          0.1259880648564764,
                          0.0789946057602328,
                          0.08946557061311265,
                          0.1325508109428738,
                          0.0889777063464608,
                          0.09801523254110076]]},
            {'activation': 'sigmoid',
             'bias': [-0.02602070080729225,
                      0.0241902088469494,
                      0.015279229488855859,
                      0.019454847222002605,
                      0.03146074096783856],
             'name': 'output',
             'neurons': [<gameplay.Neuron object at 0x7f39668b8c50>,
                         <gameplay.Neuron object at 0x7f39668b8c88>,
                         <gameplay.Neuron object at 0x7f39668b8cf8>,
                         <gameplay.Neuron object at 0x7f39668b8cc0>,
                         <gameplay.Neuron object at 0x7f39668b8d30>],
             'num_neurons': 5,
             'weights': [[0.0810710499293628,
                          0.08857014599575233,
                          0.09722618530009737,
                          0.08103251020757687,
                          0.11364053780214146,
                          0.11606262415458378,
                          0.12059945004318677,
                          0.09207646128942425],
                         [0.0783017294030907,
                          0.10226844938647182,
                          0.09386071331753246,
                          0.11962450868168062,
                          0.10172772816984459,
                          0.09866076477295929,
                          0.08742002860614398,
                          0.12072744281035433],
                         [0.11941596327753172,
                          0.10003615087751191,
                          0.1201109105801917,
                          0.10250316360774417,
                          0.09686526019437498,
                          0.1041525561312676,
                          0.10261679664857914,
                          0.09316620306730627],
                         [0.10938247466973132,
                          0.07032908484501153,
                          0.10923563782568012,
                          0.09291954673016468,
                          0.11379532178925089,
                          0.1207738346117136,
                          0.1079643091124917,
                          0.09479378490203565],
                         [0.10560712802424177,
                          0.09377818878877041,
                          0.13428567524365617,
                          0.0723335466594549,
                          0.13464771075406712,
                          0.10721187621434639,
                          0.1006087082102936,
                          0.1003020240689332],
                         [0.0925961001076458,
                          0.08880135716606471,
                          0.11855529510664789,
                          0.08337725388604221,
                          0.07510050457980293,
                          0.12795348722239736,
                          0.102472813212858,
                          0.09141654422151994]]}]}
load_tensorflow_graph: path = tensorflow/mario-model-simple-2019-07-17/frozen_inference_graph.pb
object_detection_graph = <tensorflow.python.framework.ops.Graph object at 0x7f39668b8dd8>
Doing start sequence
Sleeping one second
sending start
sending empty
Found black world screen for the second time. exiting.



Seconds left: 393
Moves to the right: 19
