pygame 1.9.6
Hello from the pygame community. https://www.pygame.org/contribute.html
Loading neural net from gameplay_neural_nets/111/2.nn
net = {'generation': 100,
 'inputs': [],
 'layers': [{'activation': 'sigmoid',
             'bias': [0.019349299132985918,
                      0.0002749286100292344,
                      0.0007379553347817919,
                      -0.025941150572471445,
                      0.0003643092426878578,
                      -0.02771226122312182,
                      0.021128072483104915,
                      -0.03146254961641248],
             'name': 'input',
             'neurons': [],
             'num_neurons': 8,
             'weights': [[0.35869254236922116,
                          0.42170293287804966,
                          0.0862964366038981,
                          0.11175120023384624,
                          0.09011345951613485,
                          0.07892412616237551,
                          0.08500577714948238,
                          0.11063768048838345,
                          0.08594903904480018,
                          0.08549184729551211],
                         [0.37875946674816413,
                          0.36712653918671007,
                          0.10170220217589071,
                          0.10196157925578501,
                          0.11643160586560525,
                          0.06776803980593167,
                          0.11264962189748887,
                          0.09372365474596842,
                          0.11974836764972073,
                          0.11008642245767304],
                         [0.38079075272154805,
                          0.427167253908773,
                          0.10014114767791232,
                          0.05168798047681238,
                          0.11203263474146158,
                          0.1033294109317403,
                          0.10329907341264133,
                          0.10093012742119306,
                          0.0906296682925628,
                          0.08762293855804522],
                         [0.38342374402310947,
                          0.38882784269314746,
                          0.10503273467970903,
                          0.12281078320977776,
                          0.05307343711614948,
                          0.08951502435445118,
                          0.09216161024738635,
                          0.11945868181152841,
                          0.11162771648177443,
                          0.12073285382442087],
                         [0.4013459146213683,
                          0.3877260014635799,
                          0.06485599074908754,
                          0.12241535411531271,
                          0.0896645973596474,
                          0.1440521802037339,
                          0.1043063699133368,
                          0.1354895079154646,
                          0.09701000433579299,
                          0.06668592192374895],
                         [0.3742946502690349,
                          0.44320575726651257,
                          0.08250472410555885,
                          0.08472146252318279,
                          0.10387685920826487,
                          0.0667892725335323,
                          0.09491398699919942,
                          0.10864352768765334,
                          0.11395354360488609,
                          0.10600055718224553],
                         [0.3636552005088008,
                          0.3774048596452009,
                          0.12248713677331807,
                          0.04937117113606713,
                          0.10028801705746507,
                          0.12844783082430056,
                          0.09052242501778632,
                          0.11715599429861955,
                          0.10591386053818622,
                          0.0831481661316244],
                         [0.3938906849327437,
                          0.42115517708373545,
                          0.048778761536630855,
                          0.07205453086169968,
                          0.12231425060971261,
                          0.03967109944627043,
                          0.0813387191754212,
                          0.14689526412635112,
                          0.08910010704427358,
                          0.061825324966829256]]},
            {'activation': 'sigmoid',
             'bias': [-0.024327633234092264,
                      0.04658872817170994,
                      -0.006914877027944526,
                      -0.0012948143103029778,
                      0.02665064247586818],
             'name': 'output',
             'neurons': [],
             'num_neurons': 5,
             'weights': [[0.061485262392024106,
                          0.10481107935210278,
                          0.09589673341385271,
                          0.0626636207332241,
                          0.10312900569617961,
                          0.14875554677886874,
                          0.12486500035494992,
                          0.11008559596657581],
                         [0.07406491049045623,
                          0.08081361881513995,
                          0.05600624260220268,
                          0.15983090771711336,
                          0.08409210793984156,
                          0.07883828134204279,
                          0.07179224570284669,
                          0.18501653728304163],
                         [0.12330268807301034,
                          0.07939152959986268,
                          0.10321100730647847,
                          0.09158555644119039,
                          0.0927311662902595,
                          0.11210814336695574,
                          0.12928232249513597,
                          0.08607809557644264],
                         [0.11651676520609965,
                          0.06592459631154385,
                          0.11887971465507444,
                          0.05250128007021571,
                          0.14722115214577433,
                          0.09856813542862856,
                          0.10030303412796684,
                          0.09912372543108143],
                         [0.11653576663191165,
                          0.11510917437148706,
                          0.12942224885580478,
                          0.04420916381210521,
                          0.1539219430229858,
                          0.09692456032575782,
                          0.10415548372622321,
                          0.11576998470882884],
                         [0.09257855482587217,
                          0.10963945710893878,
                          0.14176326988086166,
                          0.09461680118644714,
                          0.06291496773943211,
                          0.11099907015318916,
                          0.05590117532400381,
                          0.10838323341789258]]}]}
{'generation': 100,
 'inputs': [],
 'layers': [{'activation': 'sigmoid',
             'bias': [0.019349299132985918,
                      0.0002749286100292344,
                      0.0007379553347817919,
                      -0.025941150572471445,
                      0.0003643092426878578,
                      -0.02771226122312182,
                      0.021128072483104915,
                      -0.03146254961641248],
             'name': 'input',
             'neurons': [<gameplay.Neuron object at 0x7f3c30c7f860>,
                         <gameplay.Neuron object at 0x7f3c30c7f828>,
                         <gameplay.Neuron object at 0x7f3c30c7f240>,
                         <gameplay.Neuron object at 0x7f3c30c7fb00>,
                         <gameplay.Neuron object at 0x7f3c30c7fba8>,
                         <gameplay.Neuron object at 0x7f3c30c7fb38>,
                         <gameplay.Neuron object at 0x7f3c30c7fc88>,
                         <gameplay.Neuron object at 0x7f3c30c7fc50>],
             'num_neurons': 8,
             'weights': [[0.35869254236922116,
                          0.42170293287804966,
                          0.0862964366038981,
                          0.11175120023384624,
                          0.09011345951613485,
                          0.07892412616237551,
                          0.08500577714948238,
                          0.11063768048838345,
                          0.08594903904480018,
                          0.08549184729551211],
                         [0.37875946674816413,
                          0.36712653918671007,
                          0.10170220217589071,
                          0.10196157925578501,
                          0.11643160586560525,
                          0.06776803980593167,
                          0.11264962189748887,
                          0.09372365474596842,
                          0.11974836764972073,
                          0.11008642245767304],
                         [0.38079075272154805,
                          0.427167253908773,
                          0.10014114767791232,
                          0.05168798047681238,
                          0.11203263474146158,
                          0.1033294109317403,
                          0.10329907341264133,
                          0.10093012742119306,
                          0.0906296682925628,
                          0.08762293855804522],
                         [0.38342374402310947,
                          0.38882784269314746,
                          0.10503273467970903,
                          0.12281078320977776,
                          0.05307343711614948,
                          0.08951502435445118,
                          0.09216161024738635,
                          0.11945868181152841,
                          0.11162771648177443,
                          0.12073285382442087],
                         [0.4013459146213683,
                          0.3877260014635799,
                          0.06485599074908754,
                          0.12241535411531271,
                          0.0896645973596474,
                          0.1440521802037339,
                          0.1043063699133368,
                          0.1354895079154646,
                          0.09701000433579299,
                          0.06668592192374895],
                         [0.3742946502690349,
                          0.44320575726651257,
                          0.08250472410555885,
                          0.08472146252318279,
                          0.10387685920826487,
                          0.0667892725335323,
                          0.09491398699919942,
                          0.10864352768765334,
                          0.11395354360488609,
                          0.10600055718224553],
                         [0.3636552005088008,
                          0.3774048596452009,
                          0.12248713677331807,
                          0.04937117113606713,
                          0.10028801705746507,
                          0.12844783082430056,
                          0.09052242501778632,
                          0.11715599429861955,
                          0.10591386053818622,
                          0.0831481661316244],
                         [0.3938906849327437,
                          0.42115517708373545,
                          0.048778761536630855,
                          0.07205453086169968,
                          0.12231425060971261,
                          0.03967109944627043,
                          0.0813387191754212,
                          0.14689526412635112,
                          0.08910010704427358,
                          0.061825324966829256]]},
            {'activation': 'sigmoid',
             'bias': [-0.024327633234092264,
                      0.04658872817170994,
                      -0.006914877027944526,
                      -0.0012948143103029778,
                      0.02665064247586818],
             'name': 'output',
             'neurons': [<gameplay.Neuron object at 0x7f3c30c7fcc0>,
                         <gameplay.Neuron object at 0x7f3c30c7fcf8>,
                         <gameplay.Neuron object at 0x7f3c30c7fd68>,
                         <gameplay.Neuron object at 0x7f3c30c7fd30>,
                         <gameplay.Neuron object at 0x7f3c30c7fda0>],
             'num_neurons': 5,
             'weights': [[0.061485262392024106,
                          0.10481107935210278,
                          0.09589673341385271,
                          0.0626636207332241,
                          0.10312900569617961,
                          0.14875554677886874,
                          0.12486500035494992,
                          0.11008559596657581],
                         [0.07406491049045623,
                          0.08081361881513995,
                          0.05600624260220268,
                          0.15983090771711336,
                          0.08409210793984156,
                          0.07883828134204279,
                          0.07179224570284669,
                          0.18501653728304163],
                         [0.12330268807301034,
                          0.07939152959986268,
                          0.10321100730647847,
                          0.09158555644119039,
                          0.0927311662902595,
                          0.11210814336695574,
                          0.12928232249513597,
                          0.08607809557644264],
                         [0.11651676520609965,
                          0.06592459631154385,
                          0.11887971465507444,
                          0.05250128007021571,
                          0.14722115214577433,
                          0.09856813542862856,
                          0.10030303412796684,
                          0.09912372543108143],
                         [0.11653576663191165,
                          0.11510917437148706,
                          0.12942224885580478,
                          0.04420916381210521,
                          0.1539219430229858,
                          0.09692456032575782,
                          0.10415548372622321,
                          0.11576998470882884],
                         [0.09257855482587217,
                          0.10963945710893878,
                          0.14176326988086166,
                          0.09461680118644714,
                          0.06291496773943211,
                          0.11099907015318916,
                          0.05590117532400381,
                          0.10838323341789258]]}]}
load_tensorflow_graph: path = tensorflow/mario-model-simple-2019-07-17/frozen_inference_graph.pb
object_detection_graph = <tensorflow.python.framework.ops.Graph object at 0x7f3c30c7fe48>
Doing start sequence
Sleeping one second
sending start
sending empty
Found black world screen for the second time. exiting.



Seconds left: 393
Moves to the right: 19
