pygame 1.9.6
Hello from the pygame community. https://www.pygame.org/contribute.html
Loading neural net from gameplay_neural_nets/111/7.nn
net = {'generation': 100,
 'inputs': [],
 'layers': [{'activation': 'sigmoid',
             'bias': [0.00994769959110381,
                      0.0002749286100292344,
                      0.005310365455732713,
                      -0.025941150572471445,
                      0.0003643092426878578,
                      -0.02771226122312182,
                      0.021128072483104915,
                      -0.024466454626312695],
             'name': 'input',
             'neurons': [],
             'num_neurons': 8,
             'weights': [[0.35869254236922116,
                          0.41554426149735396,
                          0.0862964366038981,
                          0.11175120023384624,
                          0.09011345951613485,
                          0.07892412616237551,
                          0.08500577714948238,
                          0.11080015555213318,
                          0.08594903904480018,
                          0.08549184729551211],
                         [0.37875946674816413,
                          0.36712653918671007,
                          0.09568602043334913,
                          0.10196157925578501,
                          0.11643160586560525,
                          0.06776803980593167,
                          0.11977832019174098,
                          0.09835137417899012,
                          0.11974836764972073,
                          0.11594874627227272],
                         [0.38079075272154805,
                          0.427167253908773,
                          0.10014114767791232,
                          0.06650868446788008,
                          0.11203263474146158,
                          0.11035298308008827,
                          0.10329907341264133,
                          0.10093012742119306,
                          0.0906296682925628,
                          0.08762293855804522],
                         [0.38342374402310947,
                          0.38882784269314746,
                          0.11090762177626273,
                          0.12281078320977776,
                          0.05307343711614948,
                          0.08951502435445118,
                          0.09216161024738635,
                          0.1195386870287537,
                          0.11162771648177443,
                          0.12073285382442087],
                         [0.40445916490179246,
                          0.3877260014635799,
                          0.06485599074908754,
                          0.12312243376580112,
                          0.0896645973596474,
                          0.1440521802037339,
                          0.1043063699133368,
                          0.1354895079154646,
                          0.09701000433579299,
                          0.06668592192374895],
                         [0.3742946502690349,
                          0.438071972261865,
                          0.08250472410555885,
                          0.08472146252318279,
                          0.10340462532257783,
                          0.0667892725335323,
                          0.09491398699919942,
                          0.10864352768765334,
                          0.11444962565804873,
                          0.10600055718224553],
                         [0.3636552005088008,
                          0.3774048596452009,
                          0.1204364065255337,
                          0.04937117113606713,
                          0.1082629640586725,
                          0.13648905420704782,
                          0.08424672871684638,
                          0.11715599429861955,
                          0.10162378141456617,
                          0.0831481661316244],
                         [0.3938906849327437,
                          0.42115517708373545,
                          0.048778761536630855,
                          0.07205453086169968,
                          0.12231425060971261,
                          0.03967109944627043,
                          0.07304502092549114,
                          0.14689526412635112,
                          0.08910010704427358,
                          0.061825324966829256]]},
            {'activation': 'sigmoid',
             'bias': [-0.019754222932578364,
                      0.04658872817170994,
                      -0.008137164422193519,
                      -0.0012948143103029778,
                      0.02396079327096731],
             'name': 'output',
             'neurons': [],
             'num_neurons': 5,
             'weights': [[0.05978863986361957,
                          0.10481107935210278,
                          0.09240506080860261,
                          0.0626636207332241,
                          0.10312900569617961,
                          0.13973709398277362,
                          0.12486500035494992,
                          0.11008559596657581],
                         [0.07406491049045623,
                          0.0824578853029732,
                          0.05600624260220268,
                          0.1519779789089726,
                          0.08304648642954282,
                          0.08562265323980282,
                          0.07179224570284669,
                          0.1931446420289406],
                         [0.12330268807301034,
                          0.0759764090027683,
                          0.10321100730647847,
                          0.09158555644119039,
                          0.10047084527658766,
                          0.11210814336695574,
                          0.12928232249513597,
                          0.08607809557644264],
                         [0.12642785628417594,
                          0.06592459631154385,
                          0.12844035965586204,
                          0.049378796583558926,
                          0.14836537080011541,
                          0.0998440293961258,
                          0.10030303412796684,
                          0.0947100638572112],
                         [0.11332826902799774,
                          0.12449255703352105,
                          0.13892024354009141,
                          0.04420916381210521,
                          0.16239688199890265,
                          0.10431825456747772,
                          0.10415548372622321,
                          0.11576998470882884],
                         [0.09257855482587217,
                          0.0999334846651642,
                          0.14176326988086166,
                          0.09461680118644714,
                          0.06291496773943211,
                          0.11099907015318916,
                          0.06461600137061035,
                          0.10838323341789258]]}]}
{'generation': 100,
 'inputs': [],
 'layers': [{'activation': 'sigmoid',
             'bias': [0.00994769959110381,
                      0.0002749286100292344,
                      0.005310365455732713,
                      -0.025941150572471445,
                      0.0003643092426878578,
                      -0.02771226122312182,
                      0.021128072483104915,
                      -0.024466454626312695],
             'name': 'input',
             'neurons': [<gameplay.Neuron object at 0x7f6f0ad30898>,
                         <gameplay.Neuron object at 0x7f6f0ad30860>,
                         <gameplay.Neuron object at 0x7f6f0ad30278>,
                         <gameplay.Neuron object at 0x7f6f0ad30b00>,
                         <gameplay.Neuron object at 0x7f6f0ad30ba8>,
                         <gameplay.Neuron object at 0x7f6f0ad30b38>,
                         <gameplay.Neuron object at 0x7f6f0ad30c88>,
                         <gameplay.Neuron object at 0x7f6f0ad30c50>],
             'num_neurons': 8,
             'weights': [[0.35869254236922116,
                          0.41554426149735396,
                          0.0862964366038981,
                          0.11175120023384624,
                          0.09011345951613485,
                          0.07892412616237551,
                          0.08500577714948238,
                          0.11080015555213318,
                          0.08594903904480018,
                          0.08549184729551211],
                         [0.37875946674816413,
                          0.36712653918671007,
                          0.09568602043334913,
                          0.10196157925578501,
                          0.11643160586560525,
                          0.06776803980593167,
                          0.11977832019174098,
                          0.09835137417899012,
                          0.11974836764972073,
                          0.11594874627227272],
                         [0.38079075272154805,
                          0.427167253908773,
                          0.10014114767791232,
                          0.06650868446788008,
                          0.11203263474146158,
                          0.11035298308008827,
                          0.10329907341264133,
                          0.10093012742119306,
                          0.0906296682925628,
                          0.08762293855804522],
                         [0.38342374402310947,
                          0.38882784269314746,
                          0.11090762177626273,
                          0.12281078320977776,
                          0.05307343711614948,
                          0.08951502435445118,
                          0.09216161024738635,
                          0.1195386870287537,
                          0.11162771648177443,
                          0.12073285382442087],
                         [0.40445916490179246,
                          0.3877260014635799,
                          0.06485599074908754,
                          0.12312243376580112,
                          0.0896645973596474,
                          0.1440521802037339,
                          0.1043063699133368,
                          0.1354895079154646,
                          0.09701000433579299,
                          0.06668592192374895],
                         [0.3742946502690349,
                          0.438071972261865,
                          0.08250472410555885,
                          0.08472146252318279,
                          0.10340462532257783,
                          0.0667892725335323,
                          0.09491398699919942,
                          0.10864352768765334,
                          0.11444962565804873,
                          0.10600055718224553],
                         [0.3636552005088008,
                          0.3774048596452009,
                          0.1204364065255337,
                          0.04937117113606713,
                          0.1082629640586725,
                          0.13648905420704782,
                          0.08424672871684638,
                          0.11715599429861955,
                          0.10162378141456617,
                          0.0831481661316244],
                         [0.3938906849327437,
                          0.42115517708373545,
                          0.048778761536630855,
                          0.07205453086169968,
                          0.12231425060971261,
                          0.03967109944627043,
                          0.07304502092549114,
                          0.14689526412635112,
                          0.08910010704427358,
                          0.061825324966829256]]},
            {'activation': 'sigmoid',
             'bias': [-0.019754222932578364,
                      0.04658872817170994,
                      -0.008137164422193519,
                      -0.0012948143103029778,
                      0.02396079327096731],
             'name': 'output',
             'neurons': [<gameplay.Neuron object at 0x7f6f0ad30cc0>,
                         <gameplay.Neuron object at 0x7f6f0ad30cf8>,
                         <gameplay.Neuron object at 0x7f6f0ad30d68>,
                         <gameplay.Neuron object at 0x7f6f0ad30d30>,
                         <gameplay.Neuron object at 0x7f6f0ad30da0>],
             'num_neurons': 5,
             'weights': [[0.05978863986361957,
                          0.10481107935210278,
                          0.09240506080860261,
                          0.0626636207332241,
                          0.10312900569617961,
                          0.13973709398277362,
                          0.12486500035494992,
                          0.11008559596657581],
                         [0.07406491049045623,
                          0.0824578853029732,
                          0.05600624260220268,
                          0.1519779789089726,
                          0.08304648642954282,
                          0.08562265323980282,
                          0.07179224570284669,
                          0.1931446420289406],
                         [0.12330268807301034,
                          0.0759764090027683,
                          0.10321100730647847,
                          0.09158555644119039,
                          0.10047084527658766,
                          0.11210814336695574,
                          0.12928232249513597,
                          0.08607809557644264],
                         [0.12642785628417594,
                          0.06592459631154385,
                          0.12844035965586204,
                          0.049378796583558926,
                          0.14836537080011541,
                          0.0998440293961258,
                          0.10030303412796684,
                          0.0947100638572112],
                         [0.11332826902799774,
                          0.12449255703352105,
                          0.13892024354009141,
                          0.04420916381210521,
                          0.16239688199890265,
                          0.10431825456747772,
                          0.10415548372622321,
                          0.11576998470882884],
                         [0.09257855482587217,
                          0.0999334846651642,
                          0.14176326988086166,
                          0.09461680118644714,
                          0.06291496773943211,
                          0.11099907015318916,
                          0.06461600137061035,
                          0.10838323341789258]]}]}
load_tensorflow_graph: path = tensorflow/mario-model-simple-2019-07-17/frozen_inference_graph.pb
object_detection_graph = <tensorflow.python.framework.ops.Graph object at 0x7f6f0ad30e48>
Doing start sequence
Sleeping one second
sending start
sending empty
Found black world screen for the second time. exiting.



Seconds left: 393
Moves to the right: 19
