pygame 1.9.6
Hello from the pygame community. https://www.pygame.org/contribute.html
Loading neural net from gameplay_neural_nets/8/4.nn
net = {'generation': 7,
 'inputs': [],
 'layers': [{'activation': 'sigmoid',
             'bias': [-0.007016687520921037,
                      0.017647134451109176,
                      -0.007708426186952544,
                      -0.016668146450940797,
                      0.014364311307659416,
                      0.018165471132238986,
                      -0.0008414221108038692,
                      -0.013646685071478544],
             'name': 'input',
             'neurons': [],
             'num_neurons': 8,
             'weights': [[0.4901501108789148,
                          0.49587350830113236,
                          0.49643357765233903,
                          0.5053413299315022,
                          0.4774756131958902,
                          0.4913389147645737,
                          0.4929993349787684,
                          0.49612874957973213,
                          0.49152549346039126,
                          0.5070772071537727],
                         [0.49062407275173453,
                          0.5042140640531313,
                          0.5010588274323556,
                          0.4962339950663884,
                          0.5162457168362266,
                          0.5016542576750822,
                          0.4860259371170625,
                          0.4965920572163079,
                          0.49120880043678056,
                          0.5116414367070297],
                         [0.5134860699204578,
                          0.4958651601490368,
                          0.4908091875182791,
                          0.49638918522395536,
                          0.4877748841917811,
                          0.5129909671317148,
                          0.5017231433031901,
                          0.5071013482277409,
                          0.49169797828231737,
                          0.5019465493081217],
                         [0.5101178004352245,
                          0.5068262269293613,
                          0.5,
                          0.5,
                          0.4895033297092022,
                          0.4922791742133232,
                          0.4999883180220672,
                          0.496198045881786,
                          0.5103294563112971,
                          0.49411110993646584],
                         [0.5,
                          0.4872829270604196,
                          0.49818482480690485,
                          0.5,
                          0.4975364678887189,
                          0.48268842518418487,
                          0.5041005622088833,
                          0.5045218173966055,
                          0.4956655726703429,
                          0.5093706531391969],
                         [0.4961663005496492,
                          0.4957766301834231,
                          0.4908411789293778,
                          0.4985937427994469,
                          0.5057928561272499,
                          0.49667655348863027,
                          0.5194166033460739,
                          0.5,
                          0.4955512744335834,
                          0.4921321642201524],
                         [0.5,
                          0.5157643556537789,
                          0.5108427433280762,
                          0.5,
                          0.49466778029792813,
                          0.49610791162448725,
                          0.4881468334279116,
                          0.5003722360635711,
                          0.5088311469986662,
                          0.4998595544474932],
                         [0.4850936188146926,
                          0.5100480824815021,
                          0.4925196397405361,
                          0.5041986659700641,
                          0.5036636268505164,
                          0.49658329096185677,
                          0.4880485628797823,
                          0.4973937628863974,
                          0.49464246474027457,
                          0.5008476518220899]]},
            {'activation': 'sigmoid',
             'bias': [-0.0038930986283524406,
                      0.004954125684271123,
                      -0.004343800093223762,
                      0.010638986717499327,
                      -0.002819878535725964,
                      -0.009789083939010096],
             'name': 'hidden1',
             'neurons': [],
             'num_neurons': 6,
             'weights': [[0.4952442288200022,
                          0.491990185602696,
                          0.5040276611420458,
                          0.49953001911055916,
                          0.5053628229267348,
                          0.5104996535532441,
                          0.5125005130992624,
                          0.5031217242080073],
                         [0.5,
                          0.5085170751561461,
                          0.4963897989068485,
                          0.5122639692871136,
                          0.49204952536433616,
                          0.4960548128183403,
                          0.5025295284737784,
                          0.5011559389266594],
                         [0.5104244318829595,
                          0.49529660637268336,
                          0.49045938690715973,
                          0.5071871008756317,
                          0.5165948447489724,
                          0.5078858381174083,
                          0.5141589816004322,
                          0.5045246887914816],
                         [0.5078573601795114,
                          0.49341534706346957,
                          0.5006493973275565,
                          0.5004310823182658,
                          0.505551667323686,
                          0.4935808117691259,
                          0.501956112758418,
                          0.514727575873442],
                         [0.5016732849539519,
                          0.51157394037554,
                          0.5069708562822287,
                          0.49195453588302085,
                          0.5005435896921058,
                          0.5255748217130084,
                          0.4884071486234424,
                          0.5059373982221997],
                         [0.4942853373872531,
                          0.48239717158505596,
                          0.48450629362167674,
                          0.4978179451012345,
                          0.4965733573878626,
                          0.4963217682037748,
                          0.4794768643491325,
                          0.47876017140620675],
                         [0.4921832269862599,
                          0.4968303754309891,
                          0.5009744381301331,
                          0.511025030365756,
                          0.5,
                          0.4989446947181586,
                          0.5107959326400499,
                          0.4944911128713013],
                         [0.5101770210291449,
                          0.49112459818211,
                          0.4952081893551336,
                          0.5063003625889039,
                          0.4991626052453494,
                          0.4940605295706841,
                          0.479237561672118,
                          0.4922470470911905]]},
            {'activation': 'sigmoid',
             'bias': [-0.012098354100822823,
                      0,
                      0.0032578707757526847,
                      -0.017086915949646,
                      0.006841307994572835],
             'name': 'output',
             'neurons': [],
             'num_neurons': 5,
             'weights': [[0.47139281213874856,
                          0.5061993233661853,
                          0.5070434718066569,
                          0.49891618523577286,
                          0.4954591257932887,
                          0.4914290060673227],
                         [0.5079979694938874,
                          0.49677293424231245,
                          0.5087632907594115,
                          0.5110316509899102,
                          0.5084776184833897,
                          0.5098309641722121],
                         [0.49958839579640935,
                          0.5075918856719909,
                          0.5088802245651964,
                          0.4961338870780318,
                          0.5038058737364018,
                          0.5044262833703742],
                         [0.5011783329721773,
                          0.4920325072539198,
                          0.5071849912464568,
                          0.4998828472360829,
                          0.5,
                          0.4917199376682461],
                         [0.5174427453011813,
                          0.4940746863602568,
                          0.511391538742123,
                          0.5007756619334951,
                          0.49942964513399746,
                          0.505468204448463],
                         [0.5056506094140351,
                          0.5150067217309918,
                          0.519566492651054,
                          0.4841265011166762,
                          0.4897926452626682,
                          0.49776053455742725]]}]}
{'generation': 7,
 'inputs': [],
 'layers': [{'activation': 'sigmoid',
             'bias': [-0.007016687520921037,
                      0.017647134451109176,
                      -0.007708426186952544,
                      -0.016668146450940797,
                      0.014364311307659416,
                      0.018165471132238986,
                      -0.0008414221108038692,
                      -0.013646685071478544],
             'name': 'input',
             'neurons': [<gameplay.Neuron object at 0x7f3e2b7d4860>,
                         <gameplay.Neuron object at 0x7f3e2b7d4828>,
                         <gameplay.Neuron object at 0x7f3e2b7d4240>,
                         <gameplay.Neuron object at 0x7f3e2b7d4b70>,
                         <gameplay.Neuron object at 0x7f3e2b7d4c18>,
                         <gameplay.Neuron object at 0x7f3e2b7d4ba8>,
                         <gameplay.Neuron object at 0x7f3e2b7d4da0>,
                         <gameplay.Neuron object at 0x7f3e2b7d4c50>],
             'num_neurons': 8,
             'weights': [[0.4901501108789148,
                          0.49587350830113236,
                          0.49643357765233903,
                          0.5053413299315022,
                          0.4774756131958902,
                          0.4913389147645737,
                          0.4929993349787684,
                          0.49612874957973213,
                          0.49152549346039126,
                          0.5070772071537727],
                         [0.49062407275173453,
                          0.5042140640531313,
                          0.5010588274323556,
                          0.4962339950663884,
                          0.5162457168362266,
                          0.5016542576750822,
                          0.4860259371170625,
                          0.4965920572163079,
                          0.49120880043678056,
                          0.5116414367070297],
                         [0.5134860699204578,
                          0.4958651601490368,
                          0.4908091875182791,
                          0.49638918522395536,
                          0.4877748841917811,
                          0.5129909671317148,
                          0.5017231433031901,
                          0.5071013482277409,
                          0.49169797828231737,
                          0.5019465493081217],
                         [0.5101178004352245,
                          0.5068262269293613,
                          0.5,
                          0.5,
                          0.4895033297092022,
                          0.4922791742133232,
                          0.4999883180220672,
                          0.496198045881786,
                          0.5103294563112971,
                          0.49411110993646584],
                         [0.5,
                          0.4872829270604196,
                          0.49818482480690485,
                          0.5,
                          0.4975364678887189,
                          0.48268842518418487,
                          0.5041005622088833,
                          0.5045218173966055,
                          0.4956655726703429,
                          0.5093706531391969],
                         [0.4961663005496492,
                          0.4957766301834231,
                          0.4908411789293778,
                          0.4985937427994469,
                          0.5057928561272499,
                          0.49667655348863027,
                          0.5194166033460739,
                          0.5,
                          0.4955512744335834,
                          0.4921321642201524],
                         [0.5,
                          0.5157643556537789,
                          0.5108427433280762,
                          0.5,
                          0.49466778029792813,
                          0.49610791162448725,
                          0.4881468334279116,
                          0.5003722360635711,
                          0.5088311469986662,
                          0.4998595544474932],
                         [0.4850936188146926,
                          0.5100480824815021,
                          0.4925196397405361,
                          0.5041986659700641,
                          0.5036636268505164,
                          0.49658329096185677,
                          0.4880485628797823,
                          0.4973937628863974,
                          0.49464246474027457,
                          0.5008476518220899]]},
            {'activation': 'sigmoid',
             'bias': [-0.0038930986283524406,
                      0.004954125684271123,
                      -0.004343800093223762,
                      0.010638986717499327,
                      -0.002819878535725964,
                      -0.009789083939010096],
             'name': 'hidden1',
             'neurons': [<gameplay.Neuron object at 0x7f3e2b7d4cc0>,
                         <gameplay.Neuron object at 0x7f3e2b7d4cf8>,
                         <gameplay.Neuron object at 0x7f3e2b7d4dd8>,
                         <gameplay.Neuron object at 0x7f3e2b7d4e48>,
                         <gameplay.Neuron object at 0x7f3e2b7d4eb8>,
                         <gameplay.Neuron object at 0x7f3e2b7d4e10>],
             'num_neurons': 6,
             'weights': [[0.4952442288200022,
                          0.491990185602696,
                          0.5040276611420458,
                          0.49953001911055916,
                          0.5053628229267348,
                          0.5104996535532441,
                          0.5125005130992624,
                          0.5031217242080073],
                         [0.5,
                          0.5085170751561461,
                          0.4963897989068485,
                          0.5122639692871136,
                          0.49204952536433616,
                          0.4960548128183403,
                          0.5025295284737784,
                          0.5011559389266594],
                         [0.5104244318829595,
                          0.49529660637268336,
                          0.49045938690715973,
                          0.5071871008756317,
                          0.5165948447489724,
                          0.5078858381174083,
                          0.5141589816004322,
                          0.5045246887914816],
                         [0.5078573601795114,
                          0.49341534706346957,
                          0.5006493973275565,
                          0.5004310823182658,
                          0.505551667323686,
                          0.4935808117691259,
                          0.501956112758418,
                          0.514727575873442],
                         [0.5016732849539519,
                          0.51157394037554,
                          0.5069708562822287,
                          0.49195453588302085,
                          0.5005435896921058,
                          0.5255748217130084,
                          0.4884071486234424,
                          0.5059373982221997],
                         [0.4942853373872531,
                          0.48239717158505596,
                          0.48450629362167674,
                          0.4978179451012345,
                          0.4965733573878626,
                          0.4963217682037748,
                          0.4794768643491325,
                          0.47876017140620675],
                         [0.4921832269862599,
                          0.4968303754309891,
                          0.5009744381301331,
                          0.511025030365756,
                          0.5,
                          0.4989446947181586,
                          0.5107959326400499,
                          0.4944911128713013],
                         [0.5101770210291449,
                          0.49112459818211,
                          0.4952081893551336,
                          0.5063003625889039,
                          0.4991626052453494,
                          0.4940605295706841,
                          0.479237561672118,
                          0.4922470470911905]]},
            {'activation': 'sigmoid',
             'bias': [-0.012098354100822823,
                      0,
                      0.0032578707757526847,
                      -0.017086915949646,
                      0.006841307994572835],
             'name': 'output',
             'neurons': [<gameplay.Neuron object at 0x7f3e2b7d4e80>,
                         <gameplay.Neuron object at 0x7f3e2b7d4f60>,
                         <gameplay.Neuron object at 0x7f3e2b7d4ef0>,
                         <gameplay.Neuron object at 0x7f3e2b7d4f28>,
                         <gameplay.Neuron object at 0x7f3e2b7d4d68>],
             'num_neurons': 5,
             'weights': [[0.47139281213874856,
                          0.5061993233661853,
                          0.5070434718066569,
                          0.49891618523577286,
                          0.4954591257932887,
                          0.4914290060673227],
                         [0.5079979694938874,
                          0.49677293424231245,
                          0.5087632907594115,
                          0.5110316509899102,
                          0.5084776184833897,
                          0.5098309641722121],
                         [0.49958839579640935,
                          0.5075918856719909,
                          0.5088802245651964,
                          0.4961338870780318,
                          0.5038058737364018,
                          0.5044262833703742],
                         [0.5011783329721773,
                          0.4920325072539198,
                          0.5071849912464568,
                          0.4998828472360829,
                          0.5,
                          0.4917199376682461],
                         [0.5174427453011813,
                          0.4940746863602568,
                          0.511391538742123,
                          0.5007756619334951,
                          0.49942964513399746,
                          0.505468204448463],
                         [0.5056506094140351,
                          0.5150067217309918,
                          0.519566492651054,
                          0.4841265011166762,
                          0.4897926452626682,
                          0.49776053455742725]]}]}
load_tensorflow_graph: path = tensorflow/mario-model-simple-2019-07-17/frozen_inference_graph.pb
object_detection_graph = <tensorflow.python.framework.ops.Graph object at 0x7f3e2b7d4d30>
Doing start sequence
Sleeping one second
sending start
sending empty
Found black world screen for the second time. exiting.



Seconds left: 1
Moves to the right: 6
frame count: 1595
time start:  1568156667.743628,   time_now: 1568156807.8443387
