pygame 1.9.6
Hello from the pygame community. https://www.pygame.org/contribute.html
Loading neural net from gameplay_neural_nets/8/9.nn
net = {'generation': 7,
 'inputs': [],
 'layers': [{'activation': 'sigmoid',
             'bias': [-0.007016687520921037,
                      0.017647134451109176,
                      -0.007708426186952544,
                      -0.02464478960559608,
                      0.008388891805504802,
                      0.025250280962092475,
                      -0.0008414221108038692,
                      -0.012001743574995513],
             'name': 'input',
             'neurons': [],
             'num_neurons': 8,
             'weights': [[0.4901501108789148,
                          0.4888905833163616,
                          0.49723583793545234,
                          0.5087828435800047,
                          0.4753598880859427,
                          0.4976375624935929,
                          0.4929993349787684,
                          0.49612874957973213,
                          0.4827177855045011,
                          0.5070772071537727],
                         [0.49817488705623686,
                          0.5096539398192095,
                          0.5087869240741648,
                          0.4939259688935664,
                          0.5162457168362266,
                          0.4969989675433009,
                          0.49008449395964604,
                          0.4876973149393934,
                          0.484110458250737,
                          0.5125817006252598],
                         [0.5072164192742026,
                          0.4966091711222232,
                          0.48361441126831967,
                          0.49638918522395536,
                          0.4877748841917811,
                          0.5124113274366597,
                          0.5047665285798778,
                          0.5071013482277409,
                          0.49913194758187135,
                          0.4982606475819402],
                         [0.5101178004352245,
                          0.5029620928869453,
                          0.49457294232956484,
                          0.5039857898244033,
                          0.4924633842183959,
                          0.49770043191798813,
                          0.4999883180220672,
                          0.49181882047279873,
                          0.5103294563112971,
                          0.5039789287699313],
                         [0.5,
                          0.4858862024791757,
                          0.4958862791982167,
                          0.5,
                          0.48755071542493883,
                          0.4811753150590116,
                          0.5041005622088833,
                          0.5125535681500502,
                          0.4956655726703429,
                          0.5114977910544637],
                         [0.49773551685001294,
                          0.4978874892344763,
                          0.4908411789293778,
                          0.4985937427994469,
                          0.5055216482988762,
                          0.5061850492269768,
                          0.5194166033460739,
                          0.5,
                          0.4977374548162256,
                          0.4871721300458399],
                         [0.49599905850608783,
                          0.505645787376977,
                          0.5051561981521336,
                          0.5092167848299035,
                          0.50145785860334,
                          0.49610791162448725,
                          0.49514097929357787,
                          0.49091154636245277,
                          0.5133176014500617,
                          0.4998595544474932],
                         [0.4896447455681054,
                          0.505827582901684,
                          0.4916739095071727,
                          0.5000400914472163,
                          0.5030695192185549,
                          0.4979293522012366,
                          0.4908112085706461,
                          0.4973937628863974,
                          0.4873712760424532,
                          0.5028645334166049]]},
            {'activation': 'sigmoid',
             'bias': [-0.0011222585375225648,
                      0.004954125684271123,
                      -0.007001386192355527,
                      0.010638986717499327,
                      0,
                      -0.015137266323447217],
             'name': 'hidden1',
             'neurons': [],
             'num_neurons': 6,
             'weights': [[0.4952442288200022,
                          0.5009166184306134,
                          0.49891247691183527,
                          0.5073036645026862,
                          0.5053628229267348,
                          0.5004565348873716,
                          0.5125005130992624,
                          0.4930355273240728],
                         [0.5,
                          0.5047801969367885,
                          0.4865864070439094,
                          0.5122639692871136,
                          0.49467722851442963,
                          0.4960548128183403,
                          0.49818025648391984,
                          0.5079804722095106],
                         [0.514181842631971,
                          0.49174197798895625,
                          0.5,
                          0.5047767061902507,
                          0.5107335816137629,
                          0.5146699782551849,
                          0.5167662903616682,
                          0.494725830242971],
                         [0.5078573601795114,
                          0.49453500788178484,
                          0.4944588820727273,
                          0.5004310823182658,
                          0.4987424245755382,
                          0.4976134361779025,
                          0.5095397250107118,
                          0.508645584265891],
                         [0.4880891869697674,
                          0.51157394037554,
                          0.5094219401159427,
                          0.49803016078054185,
                          0.5034244646640559,
                          0.5255748217130084,
                          0.49019916558683724,
                          0.5],
                         [0.4942853373872531,
                          0.48239717158505596,
                          0.4768737170383876,
                          0.4883178017334703,
                          0.5026721612619618,
                          0.5042952824327507,
                          0.47989828529435863,
                          0.4842212281805456],
                         [0.5,
                          0.48713115816699776,
                          0.5043647529708097,
                          0.5166286495448732,
                          0.5,
                          0.4962448993378027,
                          0.4997337035877941,
                          0.4983696840448486],
                         [0.5183495658832845,
                          0.48844486020211236,
                          0.5040362390072171,
                          0.5157178529130536,
                          0.4991626052453494,
                          0.49060440411751055,
                          0.47102608788318445,
                          0.4857004966665469]]},
            {'activation': 'sigmoid',
             'bias': [-0.012098354100822823,
                      0.0061179140156398335,
                      0.0032578707757526847,
                      -0.01018527325353028,
                      0.013754659945274956],
             'name': 'output',
             'neurons': [],
             'num_neurons': 5,
             'weights': [[0.47139281213874856,
                          0.5046241385036281,
                          0.5077899987674629,
                          0.49891618523577286,
                          0.48901128117773335,
                          0.4948138827315414],
                         [0.5099904773657659,
                          0.500358189816227,
                          0.5070871272576752,
                          0.4984956610939155,
                          0.5155428273665073,
                          0.5],
                         [0.49958839579640935,
                          0.5000630681673067,
                          0.5088802245651964,
                          0.4959284095393282,
                          0.5033419902943063,
                          0.5082961969246919],
                         [0.5080910182687283,
                          0.4868494176407542,
                          0.5071849912464568,
                          0.4998828472360829,
                          0.506027107182211,
                          0.4917199376682461],
                         [0.5174427453011813,
                          0.49864697802152436,
                          0.5089794314630453,
                          0.5104174174538125,
                          0.49942964513399746,
                          0.505468204448463],
                         [0.4986829294600378,
                          0.5150067217309918,
                          0.5077132982870384,
                          0.4841265011166762,
                          0.4937291829898815,
                          0.49776053455742725]]}]}
{'generation': 7,
 'inputs': [],
 'layers': [{'activation': 'sigmoid',
             'bias': [-0.007016687520921037,
                      0.017647134451109176,
                      -0.007708426186952544,
                      -0.02464478960559608,
                      0.008388891805504802,
                      0.025250280962092475,
                      -0.0008414221108038692,
                      -0.012001743574995513],
             'name': 'input',
             'neurons': [<gameplay.Neuron object at 0x7ff6b7078828>,
                         <gameplay.Neuron object at 0x7ff6b70787f0>,
                         <gameplay.Neuron object at 0x7ff6b7078208>,
                         <gameplay.Neuron object at 0x7ff6b7078b38>,
                         <gameplay.Neuron object at 0x7ff6b7078be0>,
                         <gameplay.Neuron object at 0x7ff6b7078b70>,
                         <gameplay.Neuron object at 0x7ff6b7078c88>,
                         <gameplay.Neuron object at 0x7ff6b7078d68>],
             'num_neurons': 8,
             'weights': [[0.4901501108789148,
                          0.4888905833163616,
                          0.49723583793545234,
                          0.5087828435800047,
                          0.4753598880859427,
                          0.4976375624935929,
                          0.4929993349787684,
                          0.49612874957973213,
                          0.4827177855045011,
                          0.5070772071537727],
                         [0.49817488705623686,
                          0.5096539398192095,
                          0.5087869240741648,
                          0.4939259688935664,
                          0.5162457168362266,
                          0.4969989675433009,
                          0.49008449395964604,
                          0.4876973149393934,
                          0.484110458250737,
                          0.5125817006252598],
                         [0.5072164192742026,
                          0.4966091711222232,
                          0.48361441126831967,
                          0.49638918522395536,
                          0.4877748841917811,
                          0.5124113274366597,
                          0.5047665285798778,
                          0.5071013482277409,
                          0.49913194758187135,
                          0.4982606475819402],
                         [0.5101178004352245,
                          0.5029620928869453,
                          0.49457294232956484,
                          0.5039857898244033,
                          0.4924633842183959,
                          0.49770043191798813,
                          0.4999883180220672,
                          0.49181882047279873,
                          0.5103294563112971,
                          0.5039789287699313],
                         [0.5,
                          0.4858862024791757,
                          0.4958862791982167,
                          0.5,
                          0.48755071542493883,
                          0.4811753150590116,
                          0.5041005622088833,
                          0.5125535681500502,
                          0.4956655726703429,
                          0.5114977910544637],
                         [0.49773551685001294,
                          0.4978874892344763,
                          0.4908411789293778,
                          0.4985937427994469,
                          0.5055216482988762,
                          0.5061850492269768,
                          0.5194166033460739,
                          0.5,
                          0.4977374548162256,
                          0.4871721300458399],
                         [0.49599905850608783,
                          0.505645787376977,
                          0.5051561981521336,
                          0.5092167848299035,
                          0.50145785860334,
                          0.49610791162448725,
                          0.49514097929357787,
                          0.49091154636245277,
                          0.5133176014500617,
                          0.4998595544474932],
                         [0.4896447455681054,
                          0.505827582901684,
                          0.4916739095071727,
                          0.5000400914472163,
                          0.5030695192185549,
                          0.4979293522012366,
                          0.4908112085706461,
                          0.4973937628863974,
                          0.4873712760424532,
                          0.5028645334166049]]},
            {'activation': 'sigmoid',
             'bias': [-0.0011222585375225648,
                      0.004954125684271123,
                      -0.007001386192355527,
                      0.010638986717499327,
                      0,
                      -0.015137266323447217],
             'name': 'hidden1',
             'neurons': [<gameplay.Neuron object at 0x7ff6b7078d30>,
                         <gameplay.Neuron object at 0x7ff6b7078c50>,
                         <gameplay.Neuron object at 0x7ff6b7078da0>,
                         <gameplay.Neuron object at 0x7ff6b7078e10>,
                         <gameplay.Neuron object at 0x7ff6b7078dd8>,
                         <gameplay.Neuron object at 0x7ff6b7078e80>],
             'num_neurons': 6,
             'weights': [[0.4952442288200022,
                          0.5009166184306134,
                          0.49891247691183527,
                          0.5073036645026862,
                          0.5053628229267348,
                          0.5004565348873716,
                          0.5125005130992624,
                          0.4930355273240728],
                         [0.5,
                          0.5047801969367885,
                          0.4865864070439094,
                          0.5122639692871136,
                          0.49467722851442963,
                          0.4960548128183403,
                          0.49818025648391984,
                          0.5079804722095106],
                         [0.514181842631971,
                          0.49174197798895625,
                          0.5,
                          0.5047767061902507,
                          0.5107335816137629,
                          0.5146699782551849,
                          0.5167662903616682,
                          0.494725830242971],
                         [0.5078573601795114,
                          0.49453500788178484,
                          0.4944588820727273,
                          0.5004310823182658,
                          0.4987424245755382,
                          0.4976134361779025,
                          0.5095397250107118,
                          0.508645584265891],
                         [0.4880891869697674,
                          0.51157394037554,
                          0.5094219401159427,
                          0.49803016078054185,
                          0.5034244646640559,
                          0.5255748217130084,
                          0.49019916558683724,
                          0.5],
                         [0.4942853373872531,
                          0.48239717158505596,
                          0.4768737170383876,
                          0.4883178017334703,
                          0.5026721612619618,
                          0.5042952824327507,
                          0.47989828529435863,
                          0.4842212281805456],
                         [0.5,
                          0.48713115816699776,
                          0.5043647529708097,
                          0.5166286495448732,
                          0.5,
                          0.4962448993378027,
                          0.4997337035877941,
                          0.4983696840448486],
                         [0.5183495658832845,
                          0.48844486020211236,
                          0.5040362390072171,
                          0.5157178529130536,
                          0.4991626052453494,
                          0.49060440411751055,
                          0.47102608788318445,
                          0.4857004966665469]]},
            {'activation': 'sigmoid',
             'bias': [-0.012098354100822823,
                      0.0061179140156398335,
                      0.0032578707757526847,
                      -0.01018527325353028,
                      0.013754659945274956],
             'name': 'output',
             'neurons': [<gameplay.Neuron object at 0x7ff6b7078cc0>,
                         <gameplay.Neuron object at 0x7ff6b7078e48>,
                         <gameplay.Neuron object at 0x7ff6b7078ef0>,
                         <gameplay.Neuron object at 0x7ff6b7078f28>,
                         <gameplay.Neuron object at 0x7ff6b7078f98>],
             'num_neurons': 5,
             'weights': [[0.47139281213874856,
                          0.5046241385036281,
                          0.5077899987674629,
                          0.49891618523577286,
                          0.48901128117773335,
                          0.4948138827315414],
                         [0.5099904773657659,
                          0.500358189816227,
                          0.5070871272576752,
                          0.4984956610939155,
                          0.5155428273665073,
                          0.5],
                         [0.49958839579640935,
                          0.5000630681673067,
                          0.5088802245651964,
                          0.4959284095393282,
                          0.5033419902943063,
                          0.5082961969246919],
                         [0.5080910182687283,
                          0.4868494176407542,
                          0.5071849912464568,
                          0.4998828472360829,
                          0.506027107182211,
                          0.4917199376682461],
                         [0.5174427453011813,
                          0.49864697802152436,
                          0.5089794314630453,
                          0.5104174174538125,
                          0.49942964513399746,
                          0.505468204448463],
                         [0.4986829294600378,
                          0.5150067217309918,
                          0.5077132982870384,
                          0.4841265011166762,
                          0.4937291829898815,
                          0.49776053455742725]]}]}
load_tensorflow_graph: path = tensorflow/mario-model-simple-2019-07-17/frozen_inference_graph.pb
object_detection_graph = <tensorflow.python.framework.ops.Graph object at 0x7ff6b7078cf8>
Doing start sequence
Sleeping one second
sending start
sending empty
Found black world screen for the second time. exiting.



Seconds left: 379
Moves to the right: 62
frame count: 110
time start:  1568156887.0275793,   time_now: 1568156898.8362331
