pygame 1.9.6
Hello from the pygame community. https://www.pygame.org/contribute.html
Loading neural net from gameplay_neural_nets/30/6.nn
net = {'generation': 26,
 'inputs': [],
 'layers': [{'activation': 'sigmoid',
             'bias': [-0.013490757968698133,
                      0.048036466134242554,
                      -0.02189753377822113,
                      -0.008085290664360112,
                      0.010164248293489438,
                      0.01444144655230759,
                      -0.0040004684445457215,
                      -0.022522422364537956],
             'name': 'input',
             'neurons': [],
             'num_neurons': 8,
             'weights': [[0.4650256990752679,
                          0.4887987801214919,
                          0.49684865850428395,
                          0.49721653712432984,
                          0.4983304869328614,
                          0.4892930675351969,
                          0.5029916818517989,
                          0.48861297009394866,
                          0.4981806824259664,
                          0.5418586098128586],
                         [0.4871906085771592,
                          0.49208705228738153,
                          0.5297691640485136,
                          0.5098674599658509,
                          0.5215359481548933,
                          0.49085435976636554,
                          0.487023281637908,
                          0.47299822408404674,
                          0.527719235404895,
                          0.5316903967736114],
                         [0.5303402485552701,
                          0.5054861333199644,
                          0.5098890188346711,
                          0.5098140403680967,
                          0.4555945375181,
                          0.5070091399067775,
                          0.5243714756562118,
                          0.4770098597198441,
                          0.49540442692782966,
                          0.501775423166516],
                         [0.5121980228165295,
                          0.5046544159807147,
                          0.494514431448395,
                          0.4497167337898018,
                          0.4698920906028978,
                          0.5120669042205304,
                          0.5073345529167377,
                          0.4898415104737294,
                          0.5178439227731918,
                          0.5100100846532877],
                         [0.49511904511665894,
                          0.5172202108714253,
                          0.5004676621642614,
                          0.49591643358330173,
                          0.49716107983533525,
                          0.4884570195015639,
                          0.5257862312657824,
                          0.4937638638545528,
                          0.5137612156954572,
                          0.5260385286694984],
                         [0.4821612235926895,
                          0.5159425776551365,
                          0.49004311259673694,
                          0.5195321542411026,
                          0.5015302963402765,
                          0.4909101825576818,
                          0.5360885738922975,
                          0.47709007565252337,
                          0.5126706728212269,
                          0.4566418298580864],
                         [0.5202914484990809,
                          0.5075102785894853,
                          0.5316049307948187,
                          0.5163204358395469,
                          0.4972760116492245,
                          0.49789007389419876,
                          0.4973427293559768,
                          0.506771109026855,
                          0.5153076973660385,
                          0.49390233577863385],
                         [0.4737809831611761,
                          0.5200076408045223,
                          0.4932671120132266,
                          0.5173181243754913,
                          0.5028587693023298,
                          0.5049362047459919,
                          0.4740356831397676,
                          0.48568640882922176,
                          0.47077701427923296,
                          0.4946339409552727]]},
            {'activation': 'sigmoid',
             'bias': [-0.017311772330367094,
                      -0.020915440728325997,
                      -0.034843894644809845,
                      0.004905952391436997,
                      -0.004834203737364859,
                      -0.05488091865862106],
             'name': 'hidden1',
             'neurons': [],
             'num_neurons': 6,
             'weights': [[0.49369290465638294,
                          0.48849990180730046,
                          0.4907329646560439,
                          0.4866891824892112,
                          0.5074357592945421,
                          0.49498101560579966,
                          0.5018088599367578,
                          0.5096212468672674],
                         [0.4901766290420754,
                          0.5173915181932712,
                          0.5069172008212287,
                          0.5086529050848864,
                          0.4652077336697431,
                          0.5127968231965142,
                          0.4740011614255436,
                          0.5079735521485311],
                         [0.4937919745289748,
                          0.5012869626426293,
                          0.5181470977556124,
                          0.5150781694877783,
                          0.5194154999541317,
                          0.5239523150232807,
                          0.5186270901017493,
                          0.5144968895045432],
                         [0.5283579275329335,
                          0.4956204736868046,
                          0.4935905558379972,
                          0.5017969347795078,
                          0.4814955003400007,
                          0.5044412660999376,
                          0.4702828937284091,
                          0.5003181318666841],
                         [0.49267744490011595,
                          0.5400541586632566,
                          0.4919690000236383,
                          0.5059102750208232,
                          0.4906563258479516,
                          0.5318588142477108,
                          0.5181850283827415,
                          0.5049057834606693],
                         [0.4887119939204314,
                          0.4705239789121525,
                          0.4869924723598038,
                          0.4832457612948409,
                          0.490567484614516,
                          0.4796030348148385,
                          0.46292356105495813,
                          0.4887476883869873],
                         [0.4975489945624072,
                          0.47428028526706245,
                          0.5266042308328633,
                          0.5072335563095882,
                          0.49110444167870215,
                          0.5087575015589914,
                          0.5362820238909871,
                          0.4805129945541507],
                         [0.5045846175184646,
                          0.49455063503867425,
                          0.4944744545481035,
                          0.5221757447604336,
                          0.5139580127471193,
                          0.4701236724934237,
                          0.4944973725886391,
                          0.48457068777887446]]},
            {'activation': 'sigmoid',
             'bias': [-0.025231424541261094,
                      0.009940672702924641,
                      -0.010166113713631804,
                      0.0033261038337002082,
                      0.02384694499213951],
             'name': 'output',
             'neurons': [],
             'num_neurons': 5,
             'weights': [[0.4845302918795206,
                          0.4854445410443032,
                          0.5145127988090836,
                          0.48250333662807743,
                          0.47740703095498244,
                          0.5064681859612807],
                         [0.5218576314816572,
                          0.5344947694293359,
                          0.47622901822203534,
                          0.493224847084411,
                          0.5053673381453966,
                          0.49404859821967345],
                         [0.5027194575456982,
                          0.5176095397674525,
                          0.5121149935422514,
                          0.49835089753238604,
                          0.5112241418880797,
                          0.49989302450559153],
                         [0.5021754757679833,
                          0.4709373751809877,
                          0.5115158792822355,
                          0.49299416884167135,
                          0.49148627793324606,
                          0.48225170997378586],
                         [0.5218313213247453,
                          0.5170708859037032,
                          0.5050540814265233,
                          0.5125436961018363,
                          0.5038636696899804,
                          0.48957956249627005],
                         [0.48150652622122914,
                          0.515560170144082,
                          0.5013429598565421,
                          0.46337325564554416,
                          0.4876150670430849,
                          0.492763168954619]]}]}
{'generation': 26,
 'inputs': [],
 'layers': [{'activation': 'sigmoid',
             'bias': [-0.013490757968698133,
                      0.048036466134242554,
                      -0.02189753377822113,
                      -0.008085290664360112,
                      0.010164248293489438,
                      0.01444144655230759,
                      -0.0040004684445457215,
                      -0.022522422364537956],
             'name': 'input',
             'neurons': [<gameplay.Neuron object at 0x7fe2a62c9828>,
                         <gameplay.Neuron object at 0x7fe2a62c97f0>,
                         <gameplay.Neuron object at 0x7fe2a62c9208>,
                         <gameplay.Neuron object at 0x7fe2a62c9b38>,
                         <gameplay.Neuron object at 0x7fe2a62c9be0>,
                         <gameplay.Neuron object at 0x7fe2a62c9b70>,
                         <gameplay.Neuron object at 0x7fe2a62c9c88>,
                         <gameplay.Neuron object at 0x7fe2a62c9cc0>],
             'num_neurons': 8,
             'weights': [[0.4650256990752679,
                          0.4887987801214919,
                          0.49684865850428395,
                          0.49721653712432984,
                          0.4983304869328614,
                          0.4892930675351969,
                          0.5029916818517989,
                          0.48861297009394866,
                          0.4981806824259664,
                          0.5418586098128586],
                         [0.4871906085771592,
                          0.49208705228738153,
                          0.5297691640485136,
                          0.5098674599658509,
                          0.5215359481548933,
                          0.49085435976636554,
                          0.487023281637908,
                          0.47299822408404674,
                          0.527719235404895,
                          0.5316903967736114],
                         [0.5303402485552701,
                          0.5054861333199644,
                          0.5098890188346711,
                          0.5098140403680967,
                          0.4555945375181,
                          0.5070091399067775,
                          0.5243714756562118,
                          0.4770098597198441,
                          0.49540442692782966,
                          0.501775423166516],
                         [0.5121980228165295,
                          0.5046544159807147,
                          0.494514431448395,
                          0.4497167337898018,
                          0.4698920906028978,
                          0.5120669042205304,
                          0.5073345529167377,
                          0.4898415104737294,
                          0.5178439227731918,
                          0.5100100846532877],
                         [0.49511904511665894,
                          0.5172202108714253,
                          0.5004676621642614,
                          0.49591643358330173,
                          0.49716107983533525,
                          0.4884570195015639,
                          0.5257862312657824,
                          0.4937638638545528,
                          0.5137612156954572,
                          0.5260385286694984],
                         [0.4821612235926895,
                          0.5159425776551365,
                          0.49004311259673694,
                          0.5195321542411026,
                          0.5015302963402765,
                          0.4909101825576818,
                          0.5360885738922975,
                          0.47709007565252337,
                          0.5126706728212269,
                          0.4566418298580864],
                         [0.5202914484990809,
                          0.5075102785894853,
                          0.5316049307948187,
                          0.5163204358395469,
                          0.4972760116492245,
                          0.49789007389419876,
                          0.4973427293559768,
                          0.506771109026855,
                          0.5153076973660385,
                          0.49390233577863385],
                         [0.4737809831611761,
                          0.5200076408045223,
                          0.4932671120132266,
                          0.5173181243754913,
                          0.5028587693023298,
                          0.5049362047459919,
                          0.4740356831397676,
                          0.48568640882922176,
                          0.47077701427923296,
                          0.4946339409552727]]},
            {'activation': 'sigmoid',
             'bias': [-0.017311772330367094,
                      -0.020915440728325997,
                      -0.034843894644809845,
                      0.004905952391436997,
                      -0.004834203737364859,
                      -0.05488091865862106],
             'name': 'hidden1',
             'neurons': [<gameplay.Neuron object at 0x7fe2a62c9cf8>,
                         <gameplay.Neuron object at 0x7fe2a62c9d30>,
                         <gameplay.Neuron object at 0x7fe2a62c9da0>,
                         <gameplay.Neuron object at 0x7fe2a62c9d68>,
                         <gameplay.Neuron object at 0x7fe2a62c9dd8>,
                         <gameplay.Neuron object at 0x7fe2a62c9e48>],
             'num_neurons': 6,
             'weights': [[0.49369290465638294,
                          0.48849990180730046,
                          0.4907329646560439,
                          0.4866891824892112,
                          0.5074357592945421,
                          0.49498101560579966,
                          0.5018088599367578,
                          0.5096212468672674],
                         [0.4901766290420754,
                          0.5173915181932712,
                          0.5069172008212287,
                          0.5086529050848864,
                          0.4652077336697431,
                          0.5127968231965142,
                          0.4740011614255436,
                          0.5079735521485311],
                         [0.4937919745289748,
                          0.5012869626426293,
                          0.5181470977556124,
                          0.5150781694877783,
                          0.5194154999541317,
                          0.5239523150232807,
                          0.5186270901017493,
                          0.5144968895045432],
                         [0.5283579275329335,
                          0.4956204736868046,
                          0.4935905558379972,
                          0.5017969347795078,
                          0.4814955003400007,
                          0.5044412660999376,
                          0.4702828937284091,
                          0.5003181318666841],
                         [0.49267744490011595,
                          0.5400541586632566,
                          0.4919690000236383,
                          0.5059102750208232,
                          0.4906563258479516,
                          0.5318588142477108,
                          0.5181850283827415,
                          0.5049057834606693],
                         [0.4887119939204314,
                          0.4705239789121525,
                          0.4869924723598038,
                          0.4832457612948409,
                          0.490567484614516,
                          0.4796030348148385,
                          0.46292356105495813,
                          0.4887476883869873],
                         [0.4975489945624072,
                          0.47428028526706245,
                          0.5266042308328633,
                          0.5072335563095882,
                          0.49110444167870215,
                          0.5087575015589914,
                          0.5362820238909871,
                          0.4805129945541507],
                         [0.5045846175184646,
                          0.49455063503867425,
                          0.4944744545481035,
                          0.5221757447604336,
                          0.5139580127471193,
                          0.4701236724934237,
                          0.4944973725886391,
                          0.48457068777887446]]},
            {'activation': 'sigmoid',
             'bias': [-0.025231424541261094,
                      0.009940672702924641,
                      -0.010166113713631804,
                      0.0033261038337002082,
                      0.02384694499213951],
             'name': 'output',
             'neurons': [<gameplay.Neuron object at 0x7fe2a62c9e10>,
                         <gameplay.Neuron object at 0x7fe2a62c9e80>,
                         <gameplay.Neuron object at 0x7fe2a62c9ba8>,
                         <gameplay.Neuron object at 0x7fe2a62c9c18>,
                         <gameplay.Neuron object at 0x7fe2a62c9c50>],
             'num_neurons': 5,
             'weights': [[0.4845302918795206,
                          0.4854445410443032,
                          0.5145127988090836,
                          0.48250333662807743,
                          0.47740703095498244,
                          0.5064681859612807],
                         [0.5218576314816572,
                          0.5344947694293359,
                          0.47622901822203534,
                          0.493224847084411,
                          0.5053673381453966,
                          0.49404859821967345],
                         [0.5027194575456982,
                          0.5176095397674525,
                          0.5121149935422514,
                          0.49835089753238604,
                          0.5112241418880797,
                          0.49989302450559153],
                         [0.5021754757679833,
                          0.4709373751809877,
                          0.5115158792822355,
                          0.49299416884167135,
                          0.49148627793324606,
                          0.48225170997378586],
                         [0.5218313213247453,
                          0.5170708859037032,
                          0.5050540814265233,
                          0.5125436961018363,
                          0.5038636696899804,
                          0.48957956249627005],
                         [0.48150652622122914,
                          0.515560170144082,
                          0.5013429598565421,
                          0.46337325564554416,
                          0.4876150670430849,
                          0.492763168954619]]}]}
load_tensorflow_graph: path = tensorflow/mario-model-simple-2019-07-17/frozen_inference_graph.pb
object_detection_graph = <tensorflow.python.framework.ops.Graph object at 0x7fe2a62c9f98>
Doing start sequence
Sleeping one second
sending start
sending empty
Found black world screen for the second time. exiting.



Seconds left: 369
Moves to the right: 78
frame count: 145
time start:  1568163548.5600553,   time_now: 1568163564.003563
