pygame 1.9.6
Hello from the pygame community. https://www.pygame.org/contribute.html
Loading neural net from gameplay_neural_nets/24/2.nn
net = {'generation': 21,
 'inputs': [],
 'layers': [{'activation': 'sigmoid',
             'bias': [0.001971978466098821,
                      -0.016112490247605547,
                      0.01112575604184969,
                      -0.002656683760996776,
                      0.007888755761114252,
                      -0.0073619044850753365,
                      0.012071942749992239,
                      -0.011876233881449845],
             'name': 'input',
             'neurons': [],
             'num_neurons': 8,
             'weights': [[0.3885968687430272,
                          0.3910637573203015,
                          0.10488358769578804,
                          0.1295062650838014,
                          0.10851864794526196,
                          0.10719580250502361,
                          0.09927693251538688,
                          0.12027843601042687,
                          0.09118187245312684,
                          0.091379207616289],
                         [0.3918550434211011,
                          0.40951051813985656,
                          0.10010877452786003,
                          0.11129852573840433,
                          0.07915693699857441,
                          0.09095112566297937,
                          0.09207791971922971,
                          0.1,
                          0.10877690892505557,
                          0.09407163494379986],
                         [0.3816074441057644,
                          0.40044788880082915,
                          0.11485291490964483,
                          0.07299262115690384,
                          0.0796786746757851,
                          0.10581995148662926,
                          0.08020195267443664,
                          0.0840351053479608,
                          0.11034307968903112,
                          0.0970473628837594],
                         [0.39164624014073895,
                          0.3867972544127694,
                          0.10120700858436271,
                          0.10522209055980758,
                          0.06722059082789215,
                          0.10059805060544635,
                          0.10539097095615377,
                          0.10602320787582997,
                          0.09085592775201701,
                          0.11138049500549342],
                         [0.39373218400875776,
                          0.4195184097118762,
                          0.0870508990525315,
                          0.10807913784172274,
                          0.09725616019417216,
                          0.09455699169767752,
                          0.10744852399721408,
                          0.12127031382717685,
                          0.09530222793117456,
                          0.09759749578390478],
                         [0.38843800098198217,
                          0.39022067790703496,
                          0.08324230858501548,
                          0.09887544088641974,
                          0.11812981410147899,
                          0.09368088816215904,
                          0.10909371902575818,
                          0.10162622498949837,
                          0.10632268495439617,
                          0.1207824193639299],
                         [0.3930132538230828,
                          0.3955275075957854,
                          0.09769024119654066,
                          0.07851543989428242,
                          0.09033786333423957,
                          0.09555187764338981,
                          0.10937468505304036,
                          0.1173306796513422,
                          0.09292977473633135,
                          0.06270142296400479],
                         [0.39351453071161707,
                          0.38248420002589373,
                          0.10584785174439208,
                          0.07269920992969174,
                          0.10730825953404619,
                          0.08409029766536756,
                          0.08545697327225953,
                          0.11080025860903221,
                          0.08644278334724848,
                          0.09801523254110076]]},
            {'activation': 'sigmoid',
             'bias': [-0.018549326897780025,
                      0.026677911888882716,
                      -0.0018057030887984674,
                      0.026107125784413834,
                      0.033327749282301526],
             'name': 'output',
             'neurons': [],
             'num_neurons': 5,
             'weights': [[0.09461851104683569,
                          0.09049436082419263,
                          0.09930670529193865,
                          0.07700971982234041,
                          0.10777954970983834,
                          0.11209363914433612,
                          0.1148060006521479,
                          0.09483065381836564],
                         [0.09115983286782886,
                          0.10037720980512256,
                          0.09518353875021791,
                          0.12938166435117257,
                          0.1051317907051452,
                          0.10094419087148868,
                          0.08512297593061162,
                          0.12284550935894413],
                         [0.11214454157917636,
                          0.0898553493003721,
                          0.11174352905868172,
                          0.10250316360774417,
                          0.10133122054180298,
                          0.10192375533268361,
                          0.09400524134016315,
                          0.10903495293541533],
                         [0.09952950469322945,
                          0.08219025033156374,
                          0.10832795833604825,
                          0.08822896613275372,
                          0.09802137992338396,
                          0.10739851754438534,
                          0.10546228003789072,
                          0.11733688696007494],
                         [0.0980826489010592,
                          0.09265961873929551,
                          0.11761904628379326,
                          0.0798060988460265,
                          0.12007302313231136,
                          0.08822627462358176,
                          0.11283781203763306,
                          0.10401113649967941],
                         [0.1043638566597845,
                          0.08519609347419752,
                          0.11679418039046428,
                          0.1,
                          0.08867567931001245,
                          0.1117005681666436,
                          0.10627561556396342,
                          0.09294381665174656]]}]}
{'generation': 21,
 'inputs': [],
 'layers': [{'activation': 'sigmoid',
             'bias': [0.001971978466098821,
                      -0.016112490247605547,
                      0.01112575604184969,
                      -0.002656683760996776,
                      0.007888755761114252,
                      -0.0073619044850753365,
                      0.012071942749992239,
                      -0.011876233881449845],
             'name': 'input',
             'neurons': [<gameplay.Neuron object at 0x7f5c494eb860>,
                         <gameplay.Neuron object at 0x7f5c494eb828>,
                         <gameplay.Neuron object at 0x7f5c494eb240>,
                         <gameplay.Neuron object at 0x7f5c494ebb00>,
                         <gameplay.Neuron object at 0x7f5c494ebba8>,
                         <gameplay.Neuron object at 0x7f5c494ebb38>,
                         <gameplay.Neuron object at 0x7f5c494ebc88>,
                         <gameplay.Neuron object at 0x7f5c494ebc50>],
             'num_neurons': 8,
             'weights': [[0.3885968687430272,
                          0.3910637573203015,
                          0.10488358769578804,
                          0.1295062650838014,
                          0.10851864794526196,
                          0.10719580250502361,
                          0.09927693251538688,
                          0.12027843601042687,
                          0.09118187245312684,
                          0.091379207616289],
                         [0.3918550434211011,
                          0.40951051813985656,
                          0.10010877452786003,
                          0.11129852573840433,
                          0.07915693699857441,
                          0.09095112566297937,
                          0.09207791971922971,
                          0.1,
                          0.10877690892505557,
                          0.09407163494379986],
                         [0.3816074441057644,
                          0.40044788880082915,
                          0.11485291490964483,
                          0.07299262115690384,
                          0.0796786746757851,
                          0.10581995148662926,
                          0.08020195267443664,
                          0.0840351053479608,
                          0.11034307968903112,
                          0.0970473628837594],
                         [0.39164624014073895,
                          0.3867972544127694,
                          0.10120700858436271,
                          0.10522209055980758,
                          0.06722059082789215,
                          0.10059805060544635,
                          0.10539097095615377,
                          0.10602320787582997,
                          0.09085592775201701,
                          0.11138049500549342],
                         [0.39373218400875776,
                          0.4195184097118762,
                          0.0870508990525315,
                          0.10807913784172274,
                          0.09725616019417216,
                          0.09455699169767752,
                          0.10744852399721408,
                          0.12127031382717685,
                          0.09530222793117456,
                          0.09759749578390478],
                         [0.38843800098198217,
                          0.39022067790703496,
                          0.08324230858501548,
                          0.09887544088641974,
                          0.11812981410147899,
                          0.09368088816215904,
                          0.10909371902575818,
                          0.10162622498949837,
                          0.10632268495439617,
                          0.1207824193639299],
                         [0.3930132538230828,
                          0.3955275075957854,
                          0.09769024119654066,
                          0.07851543989428242,
                          0.09033786333423957,
                          0.09555187764338981,
                          0.10937468505304036,
                          0.1173306796513422,
                          0.09292977473633135,
                          0.06270142296400479],
                         [0.39351453071161707,
                          0.38248420002589373,
                          0.10584785174439208,
                          0.07269920992969174,
                          0.10730825953404619,
                          0.08409029766536756,
                          0.08545697327225953,
                          0.11080025860903221,
                          0.08644278334724848,
                          0.09801523254110076]]},
            {'activation': 'sigmoid',
             'bias': [-0.018549326897780025,
                      0.026677911888882716,
                      -0.0018057030887984674,
                      0.026107125784413834,
                      0.033327749282301526],
             'name': 'output',
             'neurons': [<gameplay.Neuron object at 0x7f5c494ebcf8>,
                         <gameplay.Neuron object at 0x7f5c494ebcc0>,
                         <gameplay.Neuron object at 0x7f5c494ebda0>,
                         <gameplay.Neuron object at 0x7f5c494ebd68>,
                         <gameplay.Neuron object at 0x7f5c494ebd30>],
             'num_neurons': 5,
             'weights': [[0.09461851104683569,
                          0.09049436082419263,
                          0.09930670529193865,
                          0.07700971982234041,
                          0.10777954970983834,
                          0.11209363914433612,
                          0.1148060006521479,
                          0.09483065381836564],
                         [0.09115983286782886,
                          0.10037720980512256,
                          0.09518353875021791,
                          0.12938166435117257,
                          0.1051317907051452,
                          0.10094419087148868,
                          0.08512297593061162,
                          0.12284550935894413],
                         [0.11214454157917636,
                          0.0898553493003721,
                          0.11174352905868172,
                          0.10250316360774417,
                          0.10133122054180298,
                          0.10192375533268361,
                          0.09400524134016315,
                          0.10903495293541533],
                         [0.09952950469322945,
                          0.08219025033156374,
                          0.10832795833604825,
                          0.08822896613275372,
                          0.09802137992338396,
                          0.10739851754438534,
                          0.10546228003789072,
                          0.11733688696007494],
                         [0.0980826489010592,
                          0.09265961873929551,
                          0.11761904628379326,
                          0.0798060988460265,
                          0.12007302313231136,
                          0.08822627462358176,
                          0.11283781203763306,
                          0.10401113649967941],
                         [0.1043638566597845,
                          0.08519609347419752,
                          0.11679418039046428,
                          0.1,
                          0.08867567931001245,
                          0.1117005681666436,
                          0.10627561556396342,
                          0.09294381665174656]]}]}
load_tensorflow_graph: path = tensorflow/mario-model-simple-2019-07-17/frozen_inference_graph.pb
object_detection_graph = <tensorflow.python.framework.ops.Graph object at 0x7f5c494ebdd8>
Doing start sequence
Sleeping one second
sending start
sending empty
Found black world screen for the second time. exiting.



Seconds left: 1
Moves to the right: 6
