pygame 1.9.6
Hello from the pygame community. https://www.pygame.org/contribute.html
Loading neural net from gameplay_neural_nets/24/4.nn
net = {'generation': 21,
 'inputs': [],
 'layers': [{'activation': 'sigmoid',
             'bias': [0.001971978466098821,
                      -0.008530890267187412,
                      0.008647116532353255,
                      -0.002656683760996776,
                      0.007888755761114252,
                      -0.013603310486401891,
                      0.012071942749992239,
                      -0.011876233881449845],
             'name': 'input',
             'neurons': [],
             'num_neurons': 8,
             'weights': [[0.3885968687430272,
                          0.3979721525257428,
                          0.11407828762546848,
                          0.1295062650838014,
                          0.10851864794526196,
                          0.10719580250502361,
                          0.09927693251538688,
                          0.12027843601042687,
                          0.09118187245312684,
                          0.09780895126501286],
                         [0.39213757914597164,
                          0.4000589548612465,
                          0.10010877452786003,
                          0.11129852573840433,
                          0.07582318753627075,
                          0.09095112566297937,
                          0.09207791971922971,
                          0.1,
                          0.10877690892505557,
                          0.08787503181709157],
                         [0.3855434183612508,
                          0.40044788880082915,
                          0.11485291490964483,
                          0.06910988481830534,
                          0.0796786746757851,
                          0.10581995148662926,
                          0.08020195267443664,
                          0.0909557805469833,
                          0.10406405128079863,
                          0.0970473628837594],
                         [0.4001320444336405,
                          0.3867972544127694,
                          0.10120700858436271,
                          0.10522209055980758,
                          0.08207926329401548,
                          0.10059805060544635,
                          0.10539097095615377,
                          0.10602320787582997,
                          0.08749775628962893,
                          0.11138049500549342],
                         [0.39373218400875776,
                          0.4195184097118762,
                          0.0870508990525315,
                          0.10807913784172274,
                          0.09725616019417216,
                          0.09455699169767752,
                          0.11467836723771989,
                          0.12744596649871398,
                          0.0978605678559108,
                          0.09759749578390478],
                         [0.3968692807093815,
                          0.39022067790703496,
                          0.08324230858501548,
                          0.09887544088641974,
                          0.11812981410147899,
                          0.09368088816215904,
                          0.10909371902575818,
                          0.10162622498949837,
                          0.10096621750041836,
                          0.1207824193639299],
                         [0.3930132538230828,
                          0.3955275075957854,
                          0.09769024119654066,
                          0.08829495795046932,
                          0.09033786333423957,
                          0.10280331562039009,
                          0.10937468505304036,
                          0.11203665547043054,
                          0.08571838619402776,
                          0.06836680220365524],
                         [0.39351453071161707,
                          0.3921928180349905,
                          0.10584785174439208,
                          0.07863099090884451,
                          0.10480433293877892,
                          0.09188473034231569,
                          0.08857685596329752,
                          0.1168123452244772,
                          0.08644278334724848,
                          0.09801523254110076]]},
            {'activation': 'sigmoid',
             'bias': [-0.018549326897780025,
                      0.026677911888882716,
                      0.0003747021955754874,
                      0.026107125784413834,
                      0.033327749282301526],
             'name': 'output',
             'neurons': [],
             'num_neurons': 5,
             'weights': [[0.09461851104683569,
                          0.09049436082419263,
                          0.09930670529193865,
                          0.07700971982234041,
                          0.10777954970983834,
                          0.12064944368381264,
                          0.10984356605970126,
                          0.09981715923145833],
                         [0.09115983286782886,
                          0.10805218052589906,
                          0.09518353875021791,
                          0.12038636393810127,
                          0.1051317907051452,
                          0.10094419087148868,
                          0.08512297593061162,
                          0.12442197636220198],
                         [0.11214454157917636,
                          0.0898553493003721,
                          0.1138071641201972,
                          0.10250316360774417,
                          0.10133122054180298,
                          0.10192375533268361,
                          0.09400524134016315,
                          0.10903495293541533],
                         [0.09952950469322945,
                          0.08219025033156374,
                          0.10832795833604825,
                          0.09683170705330651,
                          0.09802137992338396,
                          0.10739851754438534,
                          0.10546228003789072,
                          0.10850359390865805],
                         [0.10756698861027185,
                          0.09265961873929551,
                          0.11761904628379326,
                          0.0798060988460265,
                          0.12007302313231136,
                          0.08423449823025227,
                          0.11283781203763306,
                          0.10401113649967941],
                         [0.10537206140162972,
                          0.08519609347419752,
                          0.11951471940168452,
                          0.09848719746838454,
                          0.08867567931001245,
                          0.1117005681666436,
                          0.10627561556396342,
                          0.09294381665174656]]}]}
{'generation': 21,
 'inputs': [],
 'layers': [{'activation': 'sigmoid',
             'bias': [0.001971978466098821,
                      -0.008530890267187412,
                      0.008647116532353255,
                      -0.002656683760996776,
                      0.007888755761114252,
                      -0.013603310486401891,
                      0.012071942749992239,
                      -0.011876233881449845],
             'name': 'input',
             'neurons': [<gameplay.Neuron object at 0x7ff63dcd1860>,
                         <gameplay.Neuron object at 0x7ff63dcd1828>,
                         <gameplay.Neuron object at 0x7ff63dcd1240>,
                         <gameplay.Neuron object at 0x7ff63dcd1b00>,
                         <gameplay.Neuron object at 0x7ff63dcd1ba8>,
                         <gameplay.Neuron object at 0x7ff63dcd1b38>,
                         <gameplay.Neuron object at 0x7ff63dcd1c50>,
                         <gameplay.Neuron object at 0x7ff63dcd1c88>],
             'num_neurons': 8,
             'weights': [[0.3885968687430272,
                          0.3979721525257428,
                          0.11407828762546848,
                          0.1295062650838014,
                          0.10851864794526196,
                          0.10719580250502361,
                          0.09927693251538688,
                          0.12027843601042687,
                          0.09118187245312684,
                          0.09780895126501286],
                         [0.39213757914597164,
                          0.4000589548612465,
                          0.10010877452786003,
                          0.11129852573840433,
                          0.07582318753627075,
                          0.09095112566297937,
                          0.09207791971922971,
                          0.1,
                          0.10877690892505557,
                          0.08787503181709157],
                         [0.3855434183612508,
                          0.40044788880082915,
                          0.11485291490964483,
                          0.06910988481830534,
                          0.0796786746757851,
                          0.10581995148662926,
                          0.08020195267443664,
                          0.0909557805469833,
                          0.10406405128079863,
                          0.0970473628837594],
                         [0.4001320444336405,
                          0.3867972544127694,
                          0.10120700858436271,
                          0.10522209055980758,
                          0.08207926329401548,
                          0.10059805060544635,
                          0.10539097095615377,
                          0.10602320787582997,
                          0.08749775628962893,
                          0.11138049500549342],
                         [0.39373218400875776,
                          0.4195184097118762,
                          0.0870508990525315,
                          0.10807913784172274,
                          0.09725616019417216,
                          0.09455699169767752,
                          0.11467836723771989,
                          0.12744596649871398,
                          0.0978605678559108,
                          0.09759749578390478],
                         [0.3968692807093815,
                          0.39022067790703496,
                          0.08324230858501548,
                          0.09887544088641974,
                          0.11812981410147899,
                          0.09368088816215904,
                          0.10909371902575818,
                          0.10162622498949837,
                          0.10096621750041836,
                          0.1207824193639299],
                         [0.3930132538230828,
                          0.3955275075957854,
                          0.09769024119654066,
                          0.08829495795046932,
                          0.09033786333423957,
                          0.10280331562039009,
                          0.10937468505304036,
                          0.11203665547043054,
                          0.08571838619402776,
                          0.06836680220365524],
                         [0.39351453071161707,
                          0.3921928180349905,
                          0.10584785174439208,
                          0.07863099090884451,
                          0.10480433293877892,
                          0.09188473034231569,
                          0.08857685596329752,
                          0.1168123452244772,
                          0.08644278334724848,
                          0.09801523254110076]]},
            {'activation': 'sigmoid',
             'bias': [-0.018549326897780025,
                      0.026677911888882716,
                      0.0003747021955754874,
                      0.026107125784413834,
                      0.033327749282301526],
             'name': 'output',
             'neurons': [<gameplay.Neuron object at 0x7ff63dcd1cc0>,
                         <gameplay.Neuron object at 0x7ff63dcd1cf8>,
                         <gameplay.Neuron object at 0x7ff63dcd1da0>,
                         <gameplay.Neuron object at 0x7ff63dcd1d68>,
                         <gameplay.Neuron object at 0x7ff63dcd1d30>],
             'num_neurons': 5,
             'weights': [[0.09461851104683569,
                          0.09049436082419263,
                          0.09930670529193865,
                          0.07700971982234041,
                          0.10777954970983834,
                          0.12064944368381264,
                          0.10984356605970126,
                          0.09981715923145833],
                         [0.09115983286782886,
                          0.10805218052589906,
                          0.09518353875021791,
                          0.12038636393810127,
                          0.1051317907051452,
                          0.10094419087148868,
                          0.08512297593061162,
                          0.12442197636220198],
                         [0.11214454157917636,
                          0.0898553493003721,
                          0.1138071641201972,
                          0.10250316360774417,
                          0.10133122054180298,
                          0.10192375533268361,
                          0.09400524134016315,
                          0.10903495293541533],
                         [0.09952950469322945,
                          0.08219025033156374,
                          0.10832795833604825,
                          0.09683170705330651,
                          0.09802137992338396,
                          0.10739851754438534,
                          0.10546228003789072,
                          0.10850359390865805],
                         [0.10756698861027185,
                          0.09265961873929551,
                          0.11761904628379326,
                          0.0798060988460265,
                          0.12007302313231136,
                          0.08423449823025227,
                          0.11283781203763306,
                          0.10401113649967941],
                         [0.10537206140162972,
                          0.08519609347419752,
                          0.11951471940168452,
                          0.09848719746838454,
                          0.08867567931001245,
                          0.1117005681666436,
                          0.10627561556396342,
                          0.09294381665174656]]}]}
load_tensorflow_graph: path = tensorflow/mario-model-simple-2019-07-17/frozen_inference_graph.pb
object_detection_graph = <tensorflow.python.framework.ops.Graph object at 0x7ff63dcd1e80>
Doing start sequence
Sleeping one second
sending start
sending empty
Found black world screen for the second time. exiting.



Seconds left: 1
Moves to the right: 5
