pygame 1.9.6
Hello from the pygame community. https://www.pygame.org/contribute.html
Loading neural net from gameplay_neural_nets/10/10.nn
net = {'generation': 9,
 'inputs': [],
 'layers': [{'activation': 'sigmoid',
             'bias': [-0.007016687520921037,
                      0.017647134451109176,
                      -0.004887755955403999,
                      -0.007722143521328174,
                      -9.98487178517117e-06,
                      0.03164560398946975,
                      -0.008059112282069349,
                      -0.0208055908074717],
             'name': 'input',
             'neurons': [],
             'num_neurons': 8,
             'weights': [[0.47643166953709404,
                          0.4935665323436969,
                          0.4943883914401795,
                          0.518440212081922,
                          0.4840581631046645,
                          0.4913389147645737,
                          0.4920295027978703,
                          0.4941154565231982,
                          0.4785567677817355,
                          0.5085435837864268],
                         [0.5022751011635019,
                          0.5123812642942781,
                          0.4997415414147528,
                          0.49344483556561397,
                          0.5239289318992705,
                          0.49730062004194076,
                          0.48480512333120396,
                          0.4846946098517111,
                          0.5031624468740338,
                          0.5194496765992794],
                         [0.5083220412917215,
                          0.4966091711222232,
                          0.48705789656229737,
                          0.49638918522395536,
                          0.4793322081801439,
                          0.5005314837209067,
                          0.5002062907197671,
                          0.49665013196319097,
                          0.48824374847575513,
                          0.4868581332144511],
                         [0.5218235728639341,
                          0.4991978158148426,
                          0.5097152402351647,
                          0.5136029966484407,
                          0.4895033297092022,
                          0.4923687376958295,
                          0.4999883180220672,
                          0.4854503665860552,
                          0.5103294563112971,
                          0.5105614447816607],
                         [0.4923328068056094,
                          0.4945395673247989,
                          0.4958862791982167,
                          0.5008409011338626,
                          0.48380303880605474,
                          0.4964777517141673,
                          0.5041005622088833,
                          0.5036152465333187,
                          0.4947311321460934,
                          0.5184694415474348],
                         [0.4919949833493986,
                          0.505176678532153,
                          0.4908411789293778,
                          0.5035668490866838,
                          0.4972560758415472,
                          0.5042192300286584,
                          0.5194166033460739,
                          0.49759857718978756,
                          0.49160452265705534,
                          0.4838728016164666],
                         [0.5,
                          0.5134780334793643,
                          0.5061861714843748,
                          0.5147857078983574,
                          0.48879709095092966,
                          0.49854624032895634,
                          0.49514097929357787,
                          0.496578990800357,
                          0.509429791444278,
                          0.49829257180272374],
                         [0.489234870767659,
                          0.5256389179310984,
                          0.4823573822413976,
                          0.5062515551463079,
                          0.49251923246548246,
                          0.48918177882678826,
                          0.49728709598543197,
                          0.5073673073269369,
                          0.4965215264154332,
                          0.49641571676354057]]},
            {'activation': 'sigmoid',
             'bias': [-0.0064169046856294544,
                      -0.0014471334049653683,
                      -0.01578475881414982,
                      0.01682325799408841,
                      0,
                      -0.01893069371658677],
             'name': 'hidden1',
             'neurons': [],
             'num_neurons': 6,
             'weights': [[0.5060493553124634,
                          0.491990185602696,
                          0.49891247691183527,
                          0.5178749950506373,
                          0.5033647965368675,
                          0.501797744469896,
                          0.5125005130992624,
                          0.5],
                         [0.4989788082422926,
                          0.5045638566907802,
                          0.4900375818062629,
                          0.5118064164958959,
                          0.4859904663061851,
                          0.4960548128183403,
                          0.4894954447677477,
                          0.5011559389266594],
                         [0.5110849811317976,
                          0.48730135461739515,
                          0.504695418712824,
                          0.5074400082689721,
                          0.5078090337539729,
                          0.5078858381174083,
                          0.5080117911323222,
                          0.5035074551480341],
                         [0.5058911292742433,
                          0.48720386166042323,
                          0.5067982930213367,
                          0.4984971385981359,
                          0.502767402726662,
                          0.4976134361779025,
                          0.5116898310592417,
                          0.5021340875912357],
                         [0.5012903463070437,
                          0.509915750250487,
                          0.49730066732623307,
                          0.49803016078054185,
                          0.5034244646640559,
                          0.5255748217130084,
                          0.49140935413816705,
                          0.4920958785085317],
                         [0.4942853373872531,
                          0.48239717158505596,
                          0.4804178111375851,
                          0.4978179451012345,
                          0.5043514113986207,
                          0.4935285924603218,
                          0.49499611949523853,
                          0.4924259902518374],
                         [0.5,
                          0.4984364715125937,
                          0.5095148564229505,
                          0.5261640895143304,
                          0.4865195530532485,
                          0.49149331433786464,
                          0.5033955650089575,
                          0.49875990074316195],
                         [0.5106646346575578,
                          0.4964734596711639,
                          0.5038775312473951,
                          0.5050213177908993,
                          0.4991626052453494,
                          0.48709119066532913,
                          0.48281613284149427,
                          0.48732337080595123]]},
            {'activation': 'sigmoid',
             'bias': [-0.003562564317768944,
                      0,
                      0.0032578707757526847,
                      -0.008289611337313433,
                      0.006841307994572835],
             'name': 'output',
             'neurons': [],
             'num_neurons': 5,
             'weights': [[0.4654508870718904,
                          0.5046241385036281,
                          0.5064372052776228,
                          0.5006366593572784,
                          0.492189747054384,
                          0.4948138827315414],
                         [0.5020318958842805,
                          0.5094870687265234,
                          0.5027303161007435,
                          0.49417159709094044,
                          0.4995609715275566,
                          0.5],
                         [0.4990424758743207,
                          0.49291614282536894,
                          0.5046851112096229,
                          0.4836731118055261,
                          0.5119306709128562,
                          0.5044262833703742],
                         [0.5084549196072635,
                          0.48724626627537077,
                          0.5018027460665859,
                          0.4998828472360829,
                          0.5070023370568109,
                          0.5010263737459467],
                         [0.5229995415014598,
                          0.5015883121365913,
                          0.5084366538432867,
                          0.4889212644176306,
                          0.5127998093475074,
                          0.5060453253888995],
                         [0.4998814115815616,
                          0.5225853808478166,
                          0.5194893954480428,
                          0.4790202155411258,
                          0.47591281744343666,
                          0.4877673805745189]]}]}
{'generation': 9,
 'inputs': [],
 'layers': [{'activation': 'sigmoid',
             'bias': [-0.007016687520921037,
                      0.017647134451109176,
                      -0.004887755955403999,
                      -0.007722143521328174,
                      -9.98487178517117e-06,
                      0.03164560398946975,
                      -0.008059112282069349,
                      -0.0208055908074717],
             'name': 'input',
             'neurons': [<gameplay.Neuron object at 0x7fd23a46a860>,
                         <gameplay.Neuron object at 0x7fd23a46a828>,
                         <gameplay.Neuron object at 0x7fd23a46a240>,
                         <gameplay.Neuron object at 0x7fd23a46ab70>,
                         <gameplay.Neuron object at 0x7fd23a46ac18>,
                         <gameplay.Neuron object at 0x7fd23a46aba8>,
                         <gameplay.Neuron object at 0x7fd23a46ac50>,
                         <gameplay.Neuron object at 0x7fd23a46ad68>],
             'num_neurons': 8,
             'weights': [[0.47643166953709404,
                          0.4935665323436969,
                          0.4943883914401795,
                          0.518440212081922,
                          0.4840581631046645,
                          0.4913389147645737,
                          0.4920295027978703,
                          0.4941154565231982,
                          0.4785567677817355,
                          0.5085435837864268],
                         [0.5022751011635019,
                          0.5123812642942781,
                          0.4997415414147528,
                          0.49344483556561397,
                          0.5239289318992705,
                          0.49730062004194076,
                          0.48480512333120396,
                          0.4846946098517111,
                          0.5031624468740338,
                          0.5194496765992794],
                         [0.5083220412917215,
                          0.4966091711222232,
                          0.48705789656229737,
                          0.49638918522395536,
                          0.4793322081801439,
                          0.5005314837209067,
                          0.5002062907197671,
                          0.49665013196319097,
                          0.48824374847575513,
                          0.4868581332144511],
                         [0.5218235728639341,
                          0.4991978158148426,
                          0.5097152402351647,
                          0.5136029966484407,
                          0.4895033297092022,
                          0.4923687376958295,
                          0.4999883180220672,
                          0.4854503665860552,
                          0.5103294563112971,
                          0.5105614447816607],
                         [0.4923328068056094,
                          0.4945395673247989,
                          0.4958862791982167,
                          0.5008409011338626,
                          0.48380303880605474,
                          0.4964777517141673,
                          0.5041005622088833,
                          0.5036152465333187,
                          0.4947311321460934,
                          0.5184694415474348],
                         [0.4919949833493986,
                          0.505176678532153,
                          0.4908411789293778,
                          0.5035668490866838,
                          0.4972560758415472,
                          0.5042192300286584,
                          0.5194166033460739,
                          0.49759857718978756,
                          0.49160452265705534,
                          0.4838728016164666],
                         [0.5,
                          0.5134780334793643,
                          0.5061861714843748,
                          0.5147857078983574,
                          0.48879709095092966,
                          0.49854624032895634,
                          0.49514097929357787,
                          0.496578990800357,
                          0.509429791444278,
                          0.49829257180272374],
                         [0.489234870767659,
                          0.5256389179310984,
                          0.4823573822413976,
                          0.5062515551463079,
                          0.49251923246548246,
                          0.48918177882678826,
                          0.49728709598543197,
                          0.5073673073269369,
                          0.4965215264154332,
                          0.49641571676354057]]},
            {'activation': 'sigmoid',
             'bias': [-0.0064169046856294544,
                      -0.0014471334049653683,
                      -0.01578475881414982,
                      0.01682325799408841,
                      0,
                      -0.01893069371658677],
             'name': 'hidden1',
             'neurons': [<gameplay.Neuron object at 0x7fd23a46acc0>,
                         <gameplay.Neuron object at 0x7fd23a46ad30>,
                         <gameplay.Neuron object at 0x7fd23a46ae10>,
                         <gameplay.Neuron object at 0x7fd23a46ae48>,
                         <gameplay.Neuron object at 0x7fd23a46ada0>,
                         <gameplay.Neuron object at 0x7fd23a46add8>],
             'num_neurons': 6,
             'weights': [[0.5060493553124634,
                          0.491990185602696,
                          0.49891247691183527,
                          0.5178749950506373,
                          0.5033647965368675,
                          0.501797744469896,
                          0.5125005130992624,
                          0.5],
                         [0.4989788082422926,
                          0.5045638566907802,
                          0.4900375818062629,
                          0.5118064164958959,
                          0.4859904663061851,
                          0.4960548128183403,
                          0.4894954447677477,
                          0.5011559389266594],
                         [0.5110849811317976,
                          0.48730135461739515,
                          0.504695418712824,
                          0.5074400082689721,
                          0.5078090337539729,
                          0.5078858381174083,
                          0.5080117911323222,
                          0.5035074551480341],
                         [0.5058911292742433,
                          0.48720386166042323,
                          0.5067982930213367,
                          0.4984971385981359,
                          0.502767402726662,
                          0.4976134361779025,
                          0.5116898310592417,
                          0.5021340875912357],
                         [0.5012903463070437,
                          0.509915750250487,
                          0.49730066732623307,
                          0.49803016078054185,
                          0.5034244646640559,
                          0.5255748217130084,
                          0.49140935413816705,
                          0.4920958785085317],
                         [0.4942853373872531,
                          0.48239717158505596,
                          0.4804178111375851,
                          0.4978179451012345,
                          0.5043514113986207,
                          0.4935285924603218,
                          0.49499611949523853,
                          0.4924259902518374],
                         [0.5,
                          0.4984364715125937,
                          0.5095148564229505,
                          0.5261640895143304,
                          0.4865195530532485,
                          0.49149331433786464,
                          0.5033955650089575,
                          0.49875990074316195],
                         [0.5106646346575578,
                          0.4964734596711639,
                          0.5038775312473951,
                          0.5050213177908993,
                          0.4991626052453494,
                          0.48709119066532913,
                          0.48281613284149427,
                          0.48732337080595123]]},
            {'activation': 'sigmoid',
             'bias': [-0.003562564317768944,
                      0,
                      0.0032578707757526847,
                      -0.008289611337313433,
                      0.006841307994572835],
             'name': 'output',
             'neurons': [<gameplay.Neuron object at 0x7fd23a46ae80>,
                         <gameplay.Neuron object at 0x7fd23a46aef0>,
                         <gameplay.Neuron object at 0x7fd23a46af28>,
                         <gameplay.Neuron object at 0x7fd23a46af98>,
                         <gameplay.Neuron object at 0x7fd23a46aeb8>],
             'num_neurons': 5,
             'weights': [[0.4654508870718904,
                          0.5046241385036281,
                          0.5064372052776228,
                          0.5006366593572784,
                          0.492189747054384,
                          0.4948138827315414],
                         [0.5020318958842805,
                          0.5094870687265234,
                          0.5027303161007435,
                          0.49417159709094044,
                          0.4995609715275566,
                          0.5],
                         [0.4990424758743207,
                          0.49291614282536894,
                          0.5046851112096229,
                          0.4836731118055261,
                          0.5119306709128562,
                          0.5044262833703742],
                         [0.5084549196072635,
                          0.48724626627537077,
                          0.5018027460665859,
                          0.4998828472360829,
                          0.5070023370568109,
                          0.5010263737459467],
                         [0.5229995415014598,
                          0.5015883121365913,
                          0.5084366538432867,
                          0.4889212644176306,
                          0.5127998093475074,
                          0.5060453253888995],
                         [0.4998814115815616,
                          0.5225853808478166,
                          0.5194893954480428,
                          0.4790202155411258,
                          0.47591281744343666,
                          0.4877673805745189]]}]}
load_tensorflow_graph: path = tensorflow/mario-model-simple-2019-07-17/frozen_inference_graph.pb
object_detection_graph = <tensorflow.python.framework.ops.Graph object at 0x7fd23a46ac88>
Doing start sequence
Sleeping one second
sending start
sending empty
Found black world screen for the second time. exiting.



Seconds left: 372
Moves to the right: 77
frame count: 134
time start:  1568157216.579753,   time_now: 1568157230.6575089
