pygame 1.9.6
Hello from the pygame community. https://www.pygame.org/contribute.html
Loading neural net from gameplay_neural_nets/10/2.nn
net = {'generation': 9,
 'inputs': [],
 'layers': [{'activation': 'sigmoid',
             'bias': [-0.007016687520921037,
                      0.01428329888088416,
                      -0.013747925614704438,
                      -0.007722143521328174,
                      0.004276642518290495,
                      0.025250280962092475,
                      -0.011426104274762806,
                      -0.0208055908074717],
             'name': 'input',
             'neurons': [],
             'num_neurons': 8,
             'weights': [[0.4843438673458569,
                          0.4935665323436969,
                          0.4943883914401795,
                          0.5148288692449463,
                          0.4812307440295988,
                          0.48146113934758517,
                          0.495067584929966,
                          0.4841722827717026,
                          0.4869227815141268,
                          0.5085435837864268],
                         [0.5100233107820742,
                          0.5097379016393456,
                          0.4979527103022904,
                          0.49344483556561397,
                          0.5249298282212569,
                          0.49730062004194076,
                          0.49008449395964604,
                          0.4846946098517111,
                          0.49516050092568636,
                          0.5194496765992794],
                         [0.5083220412917215,
                          0.4966091711222232,
                          0.48705789656229737,
                          0.5014673275202213,
                          0.4793322081801439,
                          0.5070773493489789,
                          0.5002062907197671,
                          0.4943415515876834,
                          0.4962457939496763,
                          0.4902395992394368],
                         [0.5125773879125212,
                          0.4991978158148426,
                          0.5097152402351647,
                          0.5061333319895195,
                          0.4803109189245338,
                          0.4906665148496596,
                          0.5028045599063127,
                          0.4854503665860552,
                          0.5103294563112971,
                          0.5036736688172337],
                         [0.5098810413082409,
                          0.4945395673247989,
                          0.4958862791982167,
                          0.5,
                          0.48380303880605474,
                          0.4896172868899983,
                          0.5041005622088833,
                          0.5036152465333187,
                          0.4969732176666914,
                          0.5214084394999383],
                         [0.4919949833493986,
                          0.5041209671792085,
                          0.48861058293730986,
                          0.5035668490866838,
                          0.4972560758415472,
                          0.505836953289293,
                          0.5194166033460739,
                          0.49759857718978756,
                          0.5035897237284215,
                          0.4921321642201524],
                         [0.5055429666802864,
                          0.5081753427176933,
                          0.5061861714843748,
                          0.5094319196219108,
                          0.48242081012915655,
                          0.49854624032895634,
                          0.4965180141407429,
                          0.5051289289689277,
                          0.5055679344385713,
                          0.49718263733640533],
                         [0.489234870767659,
                          0.5344617868877075,
                          0.4733315759948811,
                          0.49855850211867925,
                          0.49785190314598005,
                          0.49658329096185677,
                          0.4880485628797823,
                          0.4973937628863974,
                          0.4895954597541761,
                          0.49734268613746757]]},
            {'activation': 'sigmoid',
             'bias': [0.0014534256949169525,
                      -0.004149430510325798,
                      -0.01647970351032725,
                      0.007959871865368971,
                      0,
                      -0.012120754374919718],
             'name': 'hidden1',
             'neurons': [],
             'num_neurons': 6,
             'weights': [[0.4991645927071461,
                          0.4907755578957931,
                          0.49891247691183527,
                          0.5091670738616538,
                          0.5014397529661766,
                          0.5060130389839688,
                          0.5125005130992624,
                          0.5],
                         [0.4989788082422926,
                          0.5144855456869748,
                          0.48506208911538606,
                          0.5118064164958959,
                          0.48704738992631663,
                          0.4960548128183403,
                          0.4894954447677477,
                          0.49763110917325015],
                         [0.5039085714697368,
                          0.4929745036349514,
                          0.4987840736003259,
                          0.5108586266196279,
                          0.5117662823064457,
                          0.5118637182630216,
                          0.5058128982461405,
                          0.4983123501039999],
                         [0.5058911292742433,
                          0.4936032324109684,
                          0.5067982930213367,
                          0.49355370769796153,
                          0.502767402726662,
                          0.4976134361779025,
                          0.5066622372805408,
                          0.5021340875912357],
                         [0.4974562107189643,
                          0.5101964556221169,
                          0.49730066732623307,
                          0.5029915528387535,
                          0.5124504695542113,
                          0.5255748217130084,
                          0.4987708736701247,
                          0.49976356909191066],
                         [0.4942853373872531,
                          0.48239717158505596,
                          0.48450629362167674,
                          0.4978179451012345,
                          0.5043514113986207,
                          0.4935285924603218,
                          0.48906731648872465,
                          0.4824897174421185],
                         [0.5,
                          0.4890019672472939,
                          0.51316116398967,
                          0.5261640895143304,
                          0.49640750326779504,
                          0.49149331433786464,
                          0.5033955650089575,
                          0.4983696840448486],
                         [0.5111791211412078,
                          0.4964734596711639,
                          0.4984929519078026,
                          0.5050213177908993,
                          0.4991626052453494,
                          0.4940605295706841,
                          0.48166447695758824,
                          0.4970996716347528]]},
            {'activation': 'sigmoid',
             'bias': [-0.003562564317768944,
                      0,
                      -0.005818731137273867,
                      -0.015216649316434355,
                      0.006841307994572835],
             'name': 'output',
             'neurons': [],
             'num_neurons': 5,
             'weights': [[0.4694124345819833,
                          0.5075192612079606,
                          0.5077899987674629,
                          0.5085774430602726,
                          0.492189747054384,
                          0.4948138827315414],
                         [0.5100645043678362,
                          0.5094870687265234,
                          0.5026632710260799,
                          0.4985003959192794,
                          0.4995609715275566,
                          0.5],
                         [0.4990424758743207,
                          0.4962497232823572,
                          0.5069740715620698,
                          0.48366380766133954,
                          0.5094109688114606,
                          0.5044262833703742],
                         [0.5177062665582397,
                          0.4920325072539198,
                          0.5000184021682197,
                          0.4998828472360829,
                          0.49267935278074715,
                          0.49374866525497385],
                         [0.5176554237949976,
                          0.5054265882984618,
                          0.5084366538432867,
                          0.5023962939148038,
                          0.5127998093475074,
                          0.5078392339557641],
                         [0.49413866551494123,
                          0.5225853808478166,
                          0.50976382648668,
                          0.4790202155411258,
                          0.47818943684175613,
                          0.49776053455742725]]}]}
{'generation': 9,
 'inputs': [],
 'layers': [{'activation': 'sigmoid',
             'bias': [-0.007016687520921037,
                      0.01428329888088416,
                      -0.013747925614704438,
                      -0.007722143521328174,
                      0.004276642518290495,
                      0.025250280962092475,
                      -0.011426104274762806,
                      -0.0208055908074717],
             'name': 'input',
             'neurons': [<gameplay.Neuron object at 0x7f8b22a9f828>,
                         <gameplay.Neuron object at 0x7f8b22a9f7f0>,
                         <gameplay.Neuron object at 0x7f8b22a9f208>,
                         <gameplay.Neuron object at 0x7f8b22a9fb38>,
                         <gameplay.Neuron object at 0x7f8b22a9fbe0>,
                         <gameplay.Neuron object at 0x7f8b22a9fb70>,
                         <gameplay.Neuron object at 0x7f8b22a9fc18>,
                         <gameplay.Neuron object at 0x7f8b22a9fd30>],
             'num_neurons': 8,
             'weights': [[0.4843438673458569,
                          0.4935665323436969,
                          0.4943883914401795,
                          0.5148288692449463,
                          0.4812307440295988,
                          0.48146113934758517,
                          0.495067584929966,
                          0.4841722827717026,
                          0.4869227815141268,
                          0.5085435837864268],
                         [0.5100233107820742,
                          0.5097379016393456,
                          0.4979527103022904,
                          0.49344483556561397,
                          0.5249298282212569,
                          0.49730062004194076,
                          0.49008449395964604,
                          0.4846946098517111,
                          0.49516050092568636,
                          0.5194496765992794],
                         [0.5083220412917215,
                          0.4966091711222232,
                          0.48705789656229737,
                          0.5014673275202213,
                          0.4793322081801439,
                          0.5070773493489789,
                          0.5002062907197671,
                          0.4943415515876834,
                          0.4962457939496763,
                          0.4902395992394368],
                         [0.5125773879125212,
                          0.4991978158148426,
                          0.5097152402351647,
                          0.5061333319895195,
                          0.4803109189245338,
                          0.4906665148496596,
                          0.5028045599063127,
                          0.4854503665860552,
                          0.5103294563112971,
                          0.5036736688172337],
                         [0.5098810413082409,
                          0.4945395673247989,
                          0.4958862791982167,
                          0.5,
                          0.48380303880605474,
                          0.4896172868899983,
                          0.5041005622088833,
                          0.5036152465333187,
                          0.4969732176666914,
                          0.5214084394999383],
                         [0.4919949833493986,
                          0.5041209671792085,
                          0.48861058293730986,
                          0.5035668490866838,
                          0.4972560758415472,
                          0.505836953289293,
                          0.5194166033460739,
                          0.49759857718978756,
                          0.5035897237284215,
                          0.4921321642201524],
                         [0.5055429666802864,
                          0.5081753427176933,
                          0.5061861714843748,
                          0.5094319196219108,
                          0.48242081012915655,
                          0.49854624032895634,
                          0.4965180141407429,
                          0.5051289289689277,
                          0.5055679344385713,
                          0.49718263733640533],
                         [0.489234870767659,
                          0.5344617868877075,
                          0.4733315759948811,
                          0.49855850211867925,
                          0.49785190314598005,
                          0.49658329096185677,
                          0.4880485628797823,
                          0.4973937628863974,
                          0.4895954597541761,
                          0.49734268613746757]]},
            {'activation': 'sigmoid',
             'bias': [0.0014534256949169525,
                      -0.004149430510325798,
                      -0.01647970351032725,
                      0.007959871865368971,
                      0,
                      -0.012120754374919718],
             'name': 'hidden1',
             'neurons': [<gameplay.Neuron object at 0x7f8b22a9fc88>,
                         <gameplay.Neuron object at 0x7f8b22a9fcf8>,
                         <gameplay.Neuron object at 0x7f8b22a9fdd8>,
                         <gameplay.Neuron object at 0x7f8b22a9fe10>,
                         <gameplay.Neuron object at 0x7f8b22a9fd68>,
                         <gameplay.Neuron object at 0x7f8b22a9fda0>],
             'num_neurons': 6,
             'weights': [[0.4991645927071461,
                          0.4907755578957931,
                          0.49891247691183527,
                          0.5091670738616538,
                          0.5014397529661766,
                          0.5060130389839688,
                          0.5125005130992624,
                          0.5],
                         [0.4989788082422926,
                          0.5144855456869748,
                          0.48506208911538606,
                          0.5118064164958959,
                          0.48704738992631663,
                          0.4960548128183403,
                          0.4894954447677477,
                          0.49763110917325015],
                         [0.5039085714697368,
                          0.4929745036349514,
                          0.4987840736003259,
                          0.5108586266196279,
                          0.5117662823064457,
                          0.5118637182630216,
                          0.5058128982461405,
                          0.4983123501039999],
                         [0.5058911292742433,
                          0.4936032324109684,
                          0.5067982930213367,
                          0.49355370769796153,
                          0.502767402726662,
                          0.4976134361779025,
                          0.5066622372805408,
                          0.5021340875912357],
                         [0.4974562107189643,
                          0.5101964556221169,
                          0.49730066732623307,
                          0.5029915528387535,
                          0.5124504695542113,
                          0.5255748217130084,
                          0.4987708736701247,
                          0.49976356909191066],
                         [0.4942853373872531,
                          0.48239717158505596,
                          0.48450629362167674,
                          0.4978179451012345,
                          0.5043514113986207,
                          0.4935285924603218,
                          0.48906731648872465,
                          0.4824897174421185],
                         [0.5,
                          0.4890019672472939,
                          0.51316116398967,
                          0.5261640895143304,
                          0.49640750326779504,
                          0.49149331433786464,
                          0.5033955650089575,
                          0.4983696840448486],
                         [0.5111791211412078,
                          0.4964734596711639,
                          0.4984929519078026,
                          0.5050213177908993,
                          0.4991626052453494,
                          0.4940605295706841,
                          0.48166447695758824,
                          0.4970996716347528]]},
            {'activation': 'sigmoid',
             'bias': [-0.003562564317768944,
                      0,
                      -0.005818731137273867,
                      -0.015216649316434355,
                      0.006841307994572835],
             'name': 'output',
             'neurons': [<gameplay.Neuron object at 0x7f8b22a9fe48>,
                         <gameplay.Neuron object at 0x7f8b22a9feb8>,
                         <gameplay.Neuron object at 0x7f8b22a9fef0>,
                         <gameplay.Neuron object at 0x7f8b22a9ff60>,
                         <gameplay.Neuron object at 0x7f8b22a9fe80>],
             'num_neurons': 5,
             'weights': [[0.4694124345819833,
                          0.5075192612079606,
                          0.5077899987674629,
                          0.5085774430602726,
                          0.492189747054384,
                          0.4948138827315414],
                         [0.5100645043678362,
                          0.5094870687265234,
                          0.5026632710260799,
                          0.4985003959192794,
                          0.4995609715275566,
                          0.5],
                         [0.4990424758743207,
                          0.4962497232823572,
                          0.5069740715620698,
                          0.48366380766133954,
                          0.5094109688114606,
                          0.5044262833703742],
                         [0.5177062665582397,
                          0.4920325072539198,
                          0.5000184021682197,
                          0.4998828472360829,
                          0.49267935278074715,
                          0.49374866525497385],
                         [0.5176554237949976,
                          0.5054265882984618,
                          0.5084366538432867,
                          0.5023962939148038,
                          0.5127998093475074,
                          0.5078392339557641],
                         [0.49413866551494123,
                          0.5225853808478166,
                          0.50976382648668,
                          0.4790202155411258,
                          0.47818943684175613,
                          0.49776053455742725]]}]}
load_tensorflow_graph: path = tensorflow/mario-model-simple-2019-07-17/frozen_inference_graph.pb
object_detection_graph = <tensorflow.python.framework.ops.Graph object at 0x7f8b22a9ffd0>
Doing start sequence
Sleeping one second
sending start
sending empty
Found black world screen for the second time. exiting.



Seconds left: 365
Moves to the right: 104
frame count: 164
time start:  1568157262.823379,   time_now: 1568157280.0347848
