pygame 1.9.6
Hello from the pygame community. https://www.pygame.org/contribute.html
Loading neural net from gameplay_neural_nets/10/grand_father_6.nn
net = {'generation': 8,
 'inputs': [],
 'layers': [{'activation': 'sigmoid',
             'bias': [-0.007016687520921037,
                      0.017647134451109176,
                      -0.004887755955403999,
                      -0.007722143521328174,
                      0.008388891805504802,
                      0.025250280962092475,
                      -0.008850128654932272,
                      -0.0208055908074717],
             'name': 'input',
             'neurons': [],
             'num_neurons': 8,
             'weights': [[0.4843438673458569,
                          0.4935665323436969,
                          0.4943883914401795,
                          0.5148288692449463,
                          0.4812307440295988,
                          0.4913389147645737,
                          0.495067584929966,
                          0.4941154565231982,
                          0.4785567677817355,
                          0.5085435837864268],
                         [0.5016630433070808,
                          0.5096539398192095,
                          0.5,
                          0.49344483556561397,
                          0.5249298282212569,
                          0.49730062004194076,
                          0.49008449395964604,
                          0.4846946098517111,
                          0.49516050092568636,
                          0.5194496765992794],
                         [0.5083220412917215,
                          0.4966091711222232,
                          0.48705789656229737,
                          0.49638918522395536,
                          0.4793322081801439,
                          0.5070773493489789,
                          0.5002062907197671,
                          0.4979423738279781,
                          0.4962457939496763,
                          0.49332241156547146],
                         [0.5181501846546888,
                          0.4991978158148426,
                          0.5097152402351647,
                          0.5061333319895195,
                          0.4895033297092022,
                          0.4906665148496596,
                          0.4999883180220672,
                          0.4854503665860552,
                          0.5103294563112971,
                          0.5036736688172337],
                         [0.5,
                          0.4945395673247989,
                          0.4958862791982167,
                          0.5,
                          0.48380303880605474,
                          0.4896172868899983,
                          0.5041005622088833,
                          0.5036152465333187,
                          0.4951495943387775,
                          0.512772954320374],
                         [0.4919949833493986,
                          0.5041209671792085,
                          0.4908411789293778,
                          0.5035668490866838,
                          0.4972560758415472,
                          0.49667655348863027,
                          0.5194166033460739,
                          0.49759857718978756,
                          0.5,
                          0.4921321642201524],
                         [0.5,
                          0.5134780334793643,
                          0.5061861714843748,
                          0.5094319196219108,
                          0.490143528638554,
                          0.49854624032895634,
                          0.49514097929357787,
                          0.5051289289689277,
                          0.509429791444278,
                          0.49718263733640533],
                         [0.489234870767659,
                          0.5256389179310984,
                          0.4733315759948811,
                          0.5041986659700641,
                          0.49785190314598005,
                          0.49658329096185677,
                          0.4880485628797823,
                          0.4973937628863974,
                          0.4895954597541761,
                          0.49734268613746757]]},
            {'activation': 'sigmoid',
             'bias': [-0.0011222585375225648,
                      -0.0014471334049653683,
                      -0.01578475881414982,
                      0.007959871865368971,
                      0,
                      -0.012120754374919718],
             'name': 'hidden1',
             'neurons': [],
             'num_neurons': 6,
             'weights': [[0.4991645927071461,
                          0.491990185602696,
                          0.49891247691183527,
                          0.5099233384332459,
                          0.5033647965368675,
                          0.5060130389839688,
                          0.5125005130992624,
                          0.5],
                         [0.4989788082422926,
                          0.5144855456869748,
                          0.4921103784507463,
                          0.5118064164958959,
                          0.4873245115532149,
                          0.4960548128183403,
                          0.4894954447677477,
                          0.5011559389266594],
                         [0.50470628955049,
                          0.48730135461739515,
                          0.504695418712824,
                          0.5074400082689721,
                          0.5033063116503999,
                          0.5078858381174083,
                          0.5044499302732698,
                          0.494725830242971],
                         [0.5058911292742433,
                          0.4936032324109684,
                          0.5067982930213367,
                          0.4984971385981359,
                          0.502767402726662,
                          0.4976134361779025,
                          0.5066622372805408,
                          0.5021340875912357],
                         [0.4974562107189643,
                          0.509915750250487,
                          0.49730066732623307,
                          0.49803016078054185,
                          0.5034244646640559,
                          0.5255748217130084,
                          0.49140935413816705,
                          0.5],
                         [0.4942853373872531,
                          0.48239717158505596,
                          0.48450629362167674,
                          0.4978179451012345,
                          0.5043514113986207,
                          0.4935285924603218,
                          0.48906731648872465,
                          0.4824897174421185],
                         [0.5,
                          0.4938869240083895,
                          0.51316116398967,
                          0.5261640895143304,
                          0.4865195530532485,
                          0.49149331433786464,
                          0.5033955650089575,
                          0.4983696840448486],
                         [0.5101770210291449,
                          0.4964734596711639,
                          0.4977394374193546,
                          0.5050213177908993,
                          0.4991626052453494,
                          0.4940605295706841,
                          0.48281613284149427,
                          0.4970996716347528]]},
            {'activation': 'sigmoid',
             'bias': [-0.003562564317768944,
                      0,
                      0.0032578707757526847,
                      -0.008289611337313433,
                      0.006841307994572835],
             'name': 'output',
             'neurons': [],
             'num_neurons': 5,
             'weights': [[0.4694124345819833,
                          0.5046241385036281,
                          0.5077899987674629,
                          0.5006366593572784,
                          0.492189747054384,
                          0.4948138827315414],
                         [0.5020318958842805,
                          0.5094870687265234,
                          0.5026632710260799,
                          0.4985003959192794,
                          0.4995609715275566,
                          0.5],
                         [0.4990424758743207,
                          0.4962497232823572,
                          0.5088802245651964,
                          0.4836731118055261,
                          0.5033419902943063,
                          0.5044262833703742],
                         [0.5084549196072635,
                          0.4920325072539198,
                          0.5018027460665859,
                          0.4998828472360829,
                          0.5,
                          0.4926456917506656],
                         [0.5229995415014598,
                          0.5015883121365913,
                          0.5084366538432867,
                          0.4978415805446797,
                          0.5127998093475074,
                          0.5078392339557641],
                         [0.49774506898898796,
                          0.5225853808478166,
                          0.50976382648668,
                          0.4790202155411258,
                          0.47818943684175613,
                          0.49776053455742725]]}]}
{'generation': 8,
 'inputs': [],
 'layers': [{'activation': 'sigmoid',
             'bias': [-0.007016687520921037,
                      0.017647134451109176,
                      -0.004887755955403999,
                      -0.007722143521328174,
                      0.008388891805504802,
                      0.025250280962092475,
                      -0.008850128654932272,
                      -0.0208055908074717],
             'name': 'input',
             'neurons': [<gameplay.Neuron object at 0x7ff0bbad97b8>,
                         <gameplay.Neuron object at 0x7ff0bbad9780>,
                         <gameplay.Neuron object at 0x7ff0bbad9198>,
                         <gameplay.Neuron object at 0x7ff0bbad9ac8>,
                         <gameplay.Neuron object at 0x7ff0bbad9b70>,
                         <gameplay.Neuron object at 0x7ff0bbad9b00>,
                         <gameplay.Neuron object at 0x7ff0bbad9cf8>,
                         <gameplay.Neuron object at 0x7ff0bbad9c50>],
             'num_neurons': 8,
             'weights': [[0.4843438673458569,
                          0.4935665323436969,
                          0.4943883914401795,
                          0.5148288692449463,
                          0.4812307440295988,
                          0.4913389147645737,
                          0.495067584929966,
                          0.4941154565231982,
                          0.4785567677817355,
                          0.5085435837864268],
                         [0.5016630433070808,
                          0.5096539398192095,
                          0.5,
                          0.49344483556561397,
                          0.5249298282212569,
                          0.49730062004194076,
                          0.49008449395964604,
                          0.4846946098517111,
                          0.49516050092568636,
                          0.5194496765992794],
                         [0.5083220412917215,
                          0.4966091711222232,
                          0.48705789656229737,
                          0.49638918522395536,
                          0.4793322081801439,
                          0.5070773493489789,
                          0.5002062907197671,
                          0.4979423738279781,
                          0.4962457939496763,
                          0.49332241156547146],
                         [0.5181501846546888,
                          0.4991978158148426,
                          0.5097152402351647,
                          0.5061333319895195,
                          0.4895033297092022,
                          0.4906665148496596,
                          0.4999883180220672,
                          0.4854503665860552,
                          0.5103294563112971,
                          0.5036736688172337],
                         [0.5,
                          0.4945395673247989,
                          0.4958862791982167,
                          0.5,
                          0.48380303880605474,
                          0.4896172868899983,
                          0.5041005622088833,
                          0.5036152465333187,
                          0.4951495943387775,
                          0.512772954320374],
                         [0.4919949833493986,
                          0.5041209671792085,
                          0.4908411789293778,
                          0.5035668490866838,
                          0.4972560758415472,
                          0.49667655348863027,
                          0.5194166033460739,
                          0.49759857718978756,
                          0.5,
                          0.4921321642201524],
                         [0.5,
                          0.5134780334793643,
                          0.5061861714843748,
                          0.5094319196219108,
                          0.490143528638554,
                          0.49854624032895634,
                          0.49514097929357787,
                          0.5051289289689277,
                          0.509429791444278,
                          0.49718263733640533],
                         [0.489234870767659,
                          0.5256389179310984,
                          0.4733315759948811,
                          0.5041986659700641,
                          0.49785190314598005,
                          0.49658329096185677,
                          0.4880485628797823,
                          0.4973937628863974,
                          0.4895954597541761,
                          0.49734268613746757]]},
            {'activation': 'sigmoid',
             'bias': [-0.0011222585375225648,
                      -0.0014471334049653683,
                      -0.01578475881414982,
                      0.007959871865368971,
                      0,
                      -0.012120754374919718],
             'name': 'hidden1',
             'neurons': [<gameplay.Neuron object at 0x7ff0bbad9ba8>,
                         <gameplay.Neuron object at 0x7ff0bbad9cc0>,
                         <gameplay.Neuron object at 0x7ff0bbad9d30>,
                         <gameplay.Neuron object at 0x7ff0bbad9dd8>,
                         <gameplay.Neuron object at 0x7ff0bbad9da0>,
                         <gameplay.Neuron object at 0x7ff0bbad9d68>],
             'num_neurons': 6,
             'weights': [[0.4991645927071461,
                          0.491990185602696,
                          0.49891247691183527,
                          0.5099233384332459,
                          0.5033647965368675,
                          0.5060130389839688,
                          0.5125005130992624,
                          0.5],
                         [0.4989788082422926,
                          0.5144855456869748,
                          0.4921103784507463,
                          0.5118064164958959,
                          0.4873245115532149,
                          0.4960548128183403,
                          0.4894954447677477,
                          0.5011559389266594],
                         [0.50470628955049,
                          0.48730135461739515,
                          0.504695418712824,
                          0.5074400082689721,
                          0.5033063116503999,
                          0.5078858381174083,
                          0.5044499302732698,
                          0.494725830242971],
                         [0.5058911292742433,
                          0.4936032324109684,
                          0.5067982930213367,
                          0.4984971385981359,
                          0.502767402726662,
                          0.4976134361779025,
                          0.5066622372805408,
                          0.5021340875912357],
                         [0.4974562107189643,
                          0.509915750250487,
                          0.49730066732623307,
                          0.49803016078054185,
                          0.5034244646640559,
                          0.5255748217130084,
                          0.49140935413816705,
                          0.5],
                         [0.4942853373872531,
                          0.48239717158505596,
                          0.48450629362167674,
                          0.4978179451012345,
                          0.5043514113986207,
                          0.4935285924603218,
                          0.48906731648872465,
                          0.4824897174421185],
                         [0.5,
                          0.4938869240083895,
                          0.51316116398967,
                          0.5261640895143304,
                          0.4865195530532485,
                          0.49149331433786464,
                          0.5033955650089575,
                          0.4983696840448486],
                         [0.5101770210291449,
                          0.4964734596711639,
                          0.4977394374193546,
                          0.5050213177908993,
                          0.4991626052453494,
                          0.4940605295706841,
                          0.48281613284149427,
                          0.4970996716347528]]},
            {'activation': 'sigmoid',
             'bias': [-0.003562564317768944,
                      0,
                      0.0032578707757526847,
                      -0.008289611337313433,
                      0.006841307994572835],
             'name': 'output',
             'neurons': [<gameplay.Neuron object at 0x7ff0bbad9e10>,
                         <gameplay.Neuron object at 0x7ff0bbad9e80>,
                         <gameplay.Neuron object at 0x7ff0bbad9be0>,
                         <gameplay.Neuron object at 0x7ff0bbad9eb8>,
                         <gameplay.Neuron object at 0x7ff0bbad9e48>],
             'num_neurons': 5,
             'weights': [[0.4694124345819833,
                          0.5046241385036281,
                          0.5077899987674629,
                          0.5006366593572784,
                          0.492189747054384,
                          0.4948138827315414],
                         [0.5020318958842805,
                          0.5094870687265234,
                          0.5026632710260799,
                          0.4985003959192794,
                          0.4995609715275566,
                          0.5],
                         [0.4990424758743207,
                          0.4962497232823572,
                          0.5088802245651964,
                          0.4836731118055261,
                          0.5033419902943063,
                          0.5044262833703742],
                         [0.5084549196072635,
                          0.4920325072539198,
                          0.5018027460665859,
                          0.4998828472360829,
                          0.5,
                          0.4926456917506656],
                         [0.5229995415014598,
                          0.5015883121365913,
                          0.5084366538432867,
                          0.4978415805446797,
                          0.5127998093475074,
                          0.5078392339557641],
                         [0.49774506898898796,
                          0.5225853808478166,
                          0.50976382648668,
                          0.4790202155411258,
                          0.47818943684175613,
                          0.49776053455742725]]}]}
load_tensorflow_graph: path = tensorflow/mario-model-simple-2019-07-17/frozen_inference_graph.pb
object_detection_graph = <tensorflow.python.framework.ops.Graph object at 0x7ff0bbad9c88>
Doing start sequence
Sleeping one second
sending start
sending empty
Found black world screen for the second time. exiting.



Seconds left: 329
Moves to the right: 176
frame count: 268
time start:  1568157447.5549905,   time_now: 1568157475.8882444
