pygame 1.9.6
Hello from the pygame community. https://www.pygame.org/contribute.html
Loading neural net from gameplay_neural_nets/132/9.nn
net = {'generation': 119,
 'inputs': [],
 'layers': [{'activation': 'sigmoid',
             'bias': [0.00570955922875859,
                      -0.017733698088073763,
                      -0.012037066996640417,
                      -0.018109660666311672,
                      0.0009567359126136585,
                      -0.04792374872250078,
                      0.01697197794599017,
                      -0.011537630744829745],
             'name': 'input',
             'neurons': [],
             'num_neurons': 8,
             'weights': [[0.3573470282251425,
                          0.42544903221989594,
                          0.07356484927786981,
                          0.10958785347832194,
                          0.07993723652309682,
                          0.09558844297969323,
                          0.07771001174137943,
                          0.07957088969593379,
                          0.06837053530405016,
                          0.07526891073412527],
                         [0.3922188185420525,
                          0.36876634081968573,
                          0.09043727428871559,
                          0.09338254973950705,
                          0.12127356020329375,
                          0.06153121557537178,
                          0.11897680563583114,
                          0.10177875463669488,
                          0.13190442647251568,
                          0.12233457116797344],
                         [0.38434880093883533,
                          0.4377781134119893,
                          0.08678932756233837,
                          0.0622204700708051,
                          0.1111496147379337,
                          0.1024200805804178,
                          0.10039728543469544,
                          0.11636039891895486,
                          0.08794702273236338,
                          0.0837055205964655],
                         [0.3610199532520729,
                          0.4030653477227864,
                          0.0954847205521516,
                          0.12882652443079157,
                          0.06409934780147661,
                          0.06973628914714158,
                          0.07818051182907068,
                          0.13433717908262371,
                          0.11069959235697766,
                          0.11825381385864774],
                         [0.40616174725003396,
                          0.3845697728587401,
                          0.05138053352701509,
                          0.12447198049511957,
                          0.09896289350159382,
                          0.15576089506634846,
                          0.1142197627548238,
                          0.13648216382546516,
                          0.08402568794170345,
                          0.0630995123126669],
                         [0.36506816082030613,
                          0.4234695015868355,
                          0.07945630550572245,
                          0.0629994543718569,
                          0.11047378600858598,
                          0.07467010069217538,
                          0.1167290716470887,
                          0.11388150057112287,
                          0.10923178188613414,
                          0.10400500020367526],
                         [0.36872746363684783,
                          0.38146846131496853,
                          0.12890257415690112,
                          0.040476402339666276,
                          0.09331736255186307,
                          0.12361708303661384,
                          0.09623124445229499,
                          0.09202252584273904,
                          0.10221123039617802,
                          0.06783701731681378],
                         [0.3788985893429025,
                          0.42562952074049715,
                          0.056148738029830864,
                          0.07609057187177873,
                          0.12488087268473708,
                          0.046814592358861665,
                          0.0795288029722273,
                          0.15949300650059303,
                          0.09377802186261695,
                          0.05848756786994136]]},
            {'activation': 'sigmoid',
             'bias': [-0.030404387363808016,
                      0.05168937354925282,
                      -0.012785908575190338,
                      -0.007625219877415374,
                      0.018529385001976803],
             'name': 'output',
             'neurons': [],
             'num_neurons': 5,
             'weights': [[0.06819895896467165,
                          0.10762482424239661,
                          0.10545104731538146,
                          0.04652800206124144,
                          0.11725983046236589,
                          0.1509296029929048,
                          0.13344058372170586,
                          0.11306255736909959],
                         [0.06366652154621648,
                          0.07145197770389997,
                          0.0630148824271132,
                          0.14638205545647343,
                          0.10754303761217399,
                          0.08837824549452629,
                          0.06590297637940423,
                          0.18780096421258985],
                         [0.12894993601217933,
                          0.08097829000772558,
                          0.11109573620861589,
                          0.07916441085219428,
                          0.09156508475873178,
                          0.11313396388578557,
                          0.13432397830044382,
                          0.07729157901394673],
                         [0.11590029512404199,
                          0.0622285986148418,
                          0.13802509976249008,
                          0.06408517963770347,
                          0.15944773735932724,
                          0.10013274073367363,
                          0.09727070691225294,
                          0.10965066708258239],
                         [0.13090460206673565,
                          0.08893263468526505,
                          0.15174392650207008,
                          0.037136465589216974,
                          0.17045212238327603,
                          0.10609950915021674,
                          0.10034030251865225,
                          0.08603406871244472],
                         [0.07863132757099607,
                          0.1259696264893107,
                          0.1399921007193434,
                          0.10489363880750992,
                          0.05915638572746332,
                          0.10047104087124623,
                          0.06925380825511368,
                          0.10196096291633977]]}]}
{'generation': 119,
 'inputs': [],
 'layers': [{'activation': 'sigmoid',
             'bias': [0.00570955922875859,
                      -0.017733698088073763,
                      -0.012037066996640417,
                      -0.018109660666311672,
                      0.0009567359126136585,
                      -0.04792374872250078,
                      0.01697197794599017,
                      -0.011537630744829745],
             'name': 'input',
             'neurons': [<gameplay.Neuron object at 0x7f25532ab898>,
                         <gameplay.Neuron object at 0x7f25532ab860>,
                         <gameplay.Neuron object at 0x7f25532ab278>,
                         <gameplay.Neuron object at 0x7f25532abb38>,
                         <gameplay.Neuron object at 0x7f25532abbe0>,
                         <gameplay.Neuron object at 0x7f25532abb70>,
                         <gameplay.Neuron object at 0x7f25532abcc0>,
                         <gameplay.Neuron object at 0x7f25532abc88>],
             'num_neurons': 8,
             'weights': [[0.3573470282251425,
                          0.42544903221989594,
                          0.07356484927786981,
                          0.10958785347832194,
                          0.07993723652309682,
                          0.09558844297969323,
                          0.07771001174137943,
                          0.07957088969593379,
                          0.06837053530405016,
                          0.07526891073412527],
                         [0.3922188185420525,
                          0.36876634081968573,
                          0.09043727428871559,
                          0.09338254973950705,
                          0.12127356020329375,
                          0.06153121557537178,
                          0.11897680563583114,
                          0.10177875463669488,
                          0.13190442647251568,
                          0.12233457116797344],
                         [0.38434880093883533,
                          0.4377781134119893,
                          0.08678932756233837,
                          0.0622204700708051,
                          0.1111496147379337,
                          0.1024200805804178,
                          0.10039728543469544,
                          0.11636039891895486,
                          0.08794702273236338,
                          0.0837055205964655],
                         [0.3610199532520729,
                          0.4030653477227864,
                          0.0954847205521516,
                          0.12882652443079157,
                          0.06409934780147661,
                          0.06973628914714158,
                          0.07818051182907068,
                          0.13433717908262371,
                          0.11069959235697766,
                          0.11825381385864774],
                         [0.40616174725003396,
                          0.3845697728587401,
                          0.05138053352701509,
                          0.12447198049511957,
                          0.09896289350159382,
                          0.15576089506634846,
                          0.1142197627548238,
                          0.13648216382546516,
                          0.08402568794170345,
                          0.0630995123126669],
                         [0.36506816082030613,
                          0.4234695015868355,
                          0.07945630550572245,
                          0.0629994543718569,
                          0.11047378600858598,
                          0.07467010069217538,
                          0.1167290716470887,
                          0.11388150057112287,
                          0.10923178188613414,
                          0.10400500020367526],
                         [0.36872746363684783,
                          0.38146846131496853,
                          0.12890257415690112,
                          0.040476402339666276,
                          0.09331736255186307,
                          0.12361708303661384,
                          0.09623124445229499,
                          0.09202252584273904,
                          0.10221123039617802,
                          0.06783701731681378],
                         [0.3788985893429025,
                          0.42562952074049715,
                          0.056148738029830864,
                          0.07609057187177873,
                          0.12488087268473708,
                          0.046814592358861665,
                          0.0795288029722273,
                          0.15949300650059303,
                          0.09377802186261695,
                          0.05848756786994136]]},
            {'activation': 'sigmoid',
             'bias': [-0.030404387363808016,
                      0.05168937354925282,
                      -0.012785908575190338,
                      -0.007625219877415374,
                      0.018529385001976803],
             'name': 'output',
             'neurons': [<gameplay.Neuron object at 0x7f25532abcf8>,
                         <gameplay.Neuron object at 0x7f25532abd30>,
                         <gameplay.Neuron object at 0x7f25532abda0>,
                         <gameplay.Neuron object at 0x7f25532abd68>,
                         <gameplay.Neuron object at 0x7f25532abdd8>],
             'num_neurons': 5,
             'weights': [[0.06819895896467165,
                          0.10762482424239661,
                          0.10545104731538146,
                          0.04652800206124144,
                          0.11725983046236589,
                          0.1509296029929048,
                          0.13344058372170586,
                          0.11306255736909959],
                         [0.06366652154621648,
                          0.07145197770389997,
                          0.0630148824271132,
                          0.14638205545647343,
                          0.10754303761217399,
                          0.08837824549452629,
                          0.06590297637940423,
                          0.18780096421258985],
                         [0.12894993601217933,
                          0.08097829000772558,
                          0.11109573620861589,
                          0.07916441085219428,
                          0.09156508475873178,
                          0.11313396388578557,
                          0.13432397830044382,
                          0.07729157901394673],
                         [0.11590029512404199,
                          0.0622285986148418,
                          0.13802509976249008,
                          0.06408517963770347,
                          0.15944773735932724,
                          0.10013274073367363,
                          0.09727070691225294,
                          0.10965066708258239],
                         [0.13090460206673565,
                          0.08893263468526505,
                          0.15174392650207008,
                          0.037136465589216974,
                          0.17045212238327603,
                          0.10609950915021674,
                          0.10034030251865225,
                          0.08603406871244472],
                         [0.07863132757099607,
                          0.1259696264893107,
                          0.1399921007193434,
                          0.10489363880750992,
                          0.05915638572746332,
                          0.10047104087124623,
                          0.06925380825511368,
                          0.10196096291633977]]}]}
load_tensorflow_graph: path = tensorflow/mario-model-simple-2019-07-17/frozen_inference_graph.pb
object_detection_graph = <tensorflow.python.framework.ops.Graph object at 0x7f25532abe80>
Doing start sequence
Sleeping one second
sending start
sending empty
Found black world screen for the second time. exiting.



Seconds left: 363
Moves to the right: 66
