pygame 1.9.6
Hello from the pygame community. https://www.pygame.org/contribute.html
Loading neural net from gameplay_neural_nets/68/grand_father_4.nn
net = {'generation': 62,
 'inputs': [],
 'layers': [{'activation': 'sigmoid',
             'bias': [0.01678655380315621,
                      -0.013930688324724346,
                      0.00962882946916822,
                      -0.027307551068131222,
                      0.023298539470344014,
                      -0.03049979023630337,
                      0.010179661769484812,
                      -0.02351020011142419],
             'name': 'input',
             'neurons': [],
             'num_neurons': 8,
             'weights': [[0.3705843541901567,
                          0.3977118511646068,
                          0.11444045119983927,
                          0.13156897760372505,
                          0.10986724301567748,
                          0.08838013343134699,
                          0.10005644466592625,
                          0.11011966026813513,
                          0.08913577210904858,
                          0.09373107117111262],
                         [0.3729806275337395,
                          0.3813118925950652,
                          0.0991597988823857,
                          0.10033976309921164,
                          0.09248250573582642,
                          0.08610263078793642,
                          0.10533679026976715,
                          0.09668180461675177,
                          0.10379646298848591,
                          0.11928466830233064],
                         [0.36924393444960535,
                          0.4329430794962622,
                          0.09604158459898728,
                          0.08334767396113829,
                          0.11725834802282852,
                          0.10882278974165667,
                          0.09681547473086602,
                          0.09078666389001082,
                          0.11999042642244442,
                          0.09138782068620988],
                         [0.407034497807641,
                          0.4055208418941509,
                          0.09952210532441028,
                          0.10008795916261823,
                          0.08151897004244477,
                          0.10588489475465926,
                          0.0955862093694325,
                          0.11335697494955965,
                          0.07395573572681069,
                          0.11985989300044615],
                         [0.3839498860887671,
                          0.394836521314859,
                          0.05537179039838335,
                          0.1262740981049703,
                          0.09145653348118633,
                          0.11889856289028734,
                          0.11070648851969843,
                          0.13055631133010928,
                          0.09579751824589308,
                          0.0691214511651125],
                         [0.3560217857701195,
                          0.3994881861772267,
                          0.06941733760729996,
                          0.10383665713907003,
                          0.10733891452937994,
                          0.0843784112822679,
                          0.10008190810250849,
                          0.11764050286572145,
                          0.12159803670227769,
                          0.11376112499500643],
                         [0.3896272469334242,
                          0.379073466806708,
                          0.11951122271341312,
                          0.053811524177402356,
                          0.10808227398413073,
                          0.08679392250814724,
                          0.0918621461683314,
                          0.12066818196857328,
                          0.09789284928002874,
                          0.07614165441979051],
                         [0.40657267841493444,
                          0.4148260687526146,
                          0.06405372788374536,
                          0.07009659836801592,
                          0.11960972483873629,
                          0.06210239357957002,
                          0.06734883016829181,
                          0.14646598266274283,
                          0.08578553844926622,
                          0.08395835706650763]]},
            {'activation': 'sigmoid',
             'bias': [-0.018785206945570544,
                      0.027104558962656945,
                      0.008536859559638814,
                      0.0001611459296618368,
                      0.018098558976664916],
             'name': 'output',
             'neurons': [],
             'num_neurons': 5,
             'weights': [[0.07449896287827976,
                          0.0878001858456932,
                          0.10512316091695909,
                          0.06708883454587451,
                          0.1050902550890057,
                          0.13034142847838046,
                          0.13034773377342562,
                          0.09168090788446434],
                         [0.0759713211383046,
                          0.07372015858910437,
                          0.06799552732066153,
                          0.13948819443689936,
                          0.0768295096615311,
                          0.0851170753985076,
                          0.07793416483166672,
                          0.15153693657984763],
                         [0.10577083590415044,
                          0.0726204361460719,
                          0.12123522645591026,
                          0.09457787909741834,
                          0.10332948916989536,
                          0.10639357448400007,
                          0.13724594968718984,
                          0.07883805572129263],
                         [0.10361672909030413,
                          0.06648676519954373,
                          0.10912661579026721,
                          0.06778847567871392,
                          0.11687462319117747,
                          0.11874454518416284,
                          0.10550967686213421,
                          0.09987963484130377],
                         [0.11837189699353864,
                          0.10548427580337127,
                          0.12436141743827384,
                          0.06805661040273576,
                          0.15695116783138888,
                          0.11304534094129036,
                          0.10083436774805508,
                          0.09170927788042978],
                         [0.1069449561874772,
                          0.12043316969600028,
                          0.12666756265941997,
                          0.09758211604432361,
                          0.07510050457980293,
                          0.1120578236916154,
                          0.09084516138495577,
                          0.10890981631934211]]}]}
{'generation': 62,
 'inputs': [],
 'layers': [{'activation': 'sigmoid',
             'bias': [0.01678655380315621,
                      -0.013930688324724346,
                      0.00962882946916822,
                      -0.027307551068131222,
                      0.023298539470344014,
                      -0.03049979023630337,
                      0.010179661769484812,
                      -0.02351020011142419],
             'name': 'input',
             'neurons': [<gameplay.Neuron object at 0x7f4323a7c860>,
                         <gameplay.Neuron object at 0x7f4323a7c828>,
                         <gameplay.Neuron object at 0x7f4323a7c240>,
                         <gameplay.Neuron object at 0x7f4323a7cb00>,
                         <gameplay.Neuron object at 0x7f4323a7cba8>,
                         <gameplay.Neuron object at 0x7f4323a7cb38>,
                         <gameplay.Neuron object at 0x7f4323a7cc88>,
                         <gameplay.Neuron object at 0x7f4323a7cc50>],
             'num_neurons': 8,
             'weights': [[0.3705843541901567,
                          0.3977118511646068,
                          0.11444045119983927,
                          0.13156897760372505,
                          0.10986724301567748,
                          0.08838013343134699,
                          0.10005644466592625,
                          0.11011966026813513,
                          0.08913577210904858,
                          0.09373107117111262],
                         [0.3729806275337395,
                          0.3813118925950652,
                          0.0991597988823857,
                          0.10033976309921164,
                          0.09248250573582642,
                          0.08610263078793642,
                          0.10533679026976715,
                          0.09668180461675177,
                          0.10379646298848591,
                          0.11928466830233064],
                         [0.36924393444960535,
                          0.4329430794962622,
                          0.09604158459898728,
                          0.08334767396113829,
                          0.11725834802282852,
                          0.10882278974165667,
                          0.09681547473086602,
                          0.09078666389001082,
                          0.11999042642244442,
                          0.09138782068620988],
                         [0.407034497807641,
                          0.4055208418941509,
                          0.09952210532441028,
                          0.10008795916261823,
                          0.08151897004244477,
                          0.10588489475465926,
                          0.0955862093694325,
                          0.11335697494955965,
                          0.07395573572681069,
                          0.11985989300044615],
                         [0.3839498860887671,
                          0.394836521314859,
                          0.05537179039838335,
                          0.1262740981049703,
                          0.09145653348118633,
                          0.11889856289028734,
                          0.11070648851969843,
                          0.13055631133010928,
                          0.09579751824589308,
                          0.0691214511651125],
                         [0.3560217857701195,
                          0.3994881861772267,
                          0.06941733760729996,
                          0.10383665713907003,
                          0.10733891452937994,
                          0.0843784112822679,
                          0.10008190810250849,
                          0.11764050286572145,
                          0.12159803670227769,
                          0.11376112499500643],
                         [0.3896272469334242,
                          0.379073466806708,
                          0.11951122271341312,
                          0.053811524177402356,
                          0.10808227398413073,
                          0.08679392250814724,
                          0.0918621461683314,
                          0.12066818196857328,
                          0.09789284928002874,
                          0.07614165441979051],
                         [0.40657267841493444,
                          0.4148260687526146,
                          0.06405372788374536,
                          0.07009659836801592,
                          0.11960972483873629,
                          0.06210239357957002,
                          0.06734883016829181,
                          0.14646598266274283,
                          0.08578553844926622,
                          0.08395835706650763]]},
            {'activation': 'sigmoid',
             'bias': [-0.018785206945570544,
                      0.027104558962656945,
                      0.008536859559638814,
                      0.0001611459296618368,
                      0.018098558976664916],
             'name': 'output',
             'neurons': [<gameplay.Neuron object at 0x7f4323a7ccc0>,
                         <gameplay.Neuron object at 0x7f4323a7ccf8>,
                         <gameplay.Neuron object at 0x7f4323a7cd68>,
                         <gameplay.Neuron object at 0x7f4323a7cd30>,
                         <gameplay.Neuron object at 0x7f4323a7cda0>],
             'num_neurons': 5,
             'weights': [[0.07449896287827976,
                          0.0878001858456932,
                          0.10512316091695909,
                          0.06708883454587451,
                          0.1050902550890057,
                          0.13034142847838046,
                          0.13034773377342562,
                          0.09168090788446434],
                         [0.0759713211383046,
                          0.07372015858910437,
                          0.06799552732066153,
                          0.13948819443689936,
                          0.0768295096615311,
                          0.0851170753985076,
                          0.07793416483166672,
                          0.15153693657984763],
                         [0.10577083590415044,
                          0.0726204361460719,
                          0.12123522645591026,
                          0.09457787909741834,
                          0.10332948916989536,
                          0.10639357448400007,
                          0.13724594968718984,
                          0.07883805572129263],
                         [0.10361672909030413,
                          0.06648676519954373,
                          0.10912661579026721,
                          0.06778847567871392,
                          0.11687462319117747,
                          0.11874454518416284,
                          0.10550967686213421,
                          0.09987963484130377],
                         [0.11837189699353864,
                          0.10548427580337127,
                          0.12436141743827384,
                          0.06805661040273576,
                          0.15695116783138888,
                          0.11304534094129036,
                          0.10083436774805508,
                          0.09170927788042978],
                         [0.1069449561874772,
                          0.12043316969600028,
                          0.12666756265941997,
                          0.09758211604432361,
                          0.07510050457980293,
                          0.1120578236916154,
                          0.09084516138495577,
                          0.10890981631934211]]}]}
load_tensorflow_graph: path = tensorflow/mario-model-simple-2019-07-17/frozen_inference_graph.pb
object_detection_graph = <tensorflow.python.framework.ops.Graph object at 0x7f4323a7ce48>
Doing start sequence
Sleeping one second
sending start
sending empty
Found black world screen for the second time. exiting.



Seconds left: 379
Moves to the right: 41
