pygame 1.9.6
Hello from the pygame community. https://www.pygame.org/contribute.html
Loading neural net from gameplay_neural_nets/101/3.nn
net = {'generation': 91,
 'inputs': [],
 'layers': [{'activation': 'sigmoid',
             'bias': [0.011779121560007086,
                      0.0002749286100292344,
                      0.017275541454598364,
                      -0.03325677487765834,
                      0.013196778870193167,
                      -0.02200857414577946,
                      0.021128072483104915,
                      -0.03407331765923123],
             'name': 'input',
             'neurons': [],
             'num_neurons': 8,
             'weights': [[0.36042791532430807,
                          0.41891453586153776,
                          0.11220581117922657,
                          0.12073049254517926,
                          0.10278265673020849,
                          0.07892412616237551,
                          0.08500577714948238,
                          0.10736210543940848,
                          0.08594903904480018,
                          0.08761410376200653],
                         [0.37311168210626267,
                          0.36712653918671007,
                          0.0851112153777988,
                          0.10196157925578501,
                          0.10465034212724204,
                          0.07854396782350981,
                          0.11866452046429288,
                          0.097823167397505,
                          0.11752545876820303,
                          0.11911566856954305],
                         [0.38610904989099826,
                          0.4348822077154349,
                          0.09721379254596253,
                          0.0657954752642099,
                          0.112348102926786,
                          0.09722971254719408,
                          0.09710382475812865,
                          0.10261826554757145,
                          0.08526398449469334,
                          0.10359819181356554],
                         [0.38342374402310947,
                          0.40119621777502334,
                          0.08967374484222186,
                          0.1131536461555081,
                          0.05667315627479175,
                          0.08477569449867911,
                          0.10060569435458441,
                          0.1279966351639619,
                          0.1095844592187643,
                          0.11381215245727387],
                         [0.39591737685139283,
                          0.39457869191650924,
                          0.042902250474575354,
                          0.13024330304773563,
                          0.09004700763734182,
                          0.1403325448189168,
                          0.1139798325544163,
                          0.1372419492681667,
                          0.1060202680993002,
                          0.06568990393237147],
                         [0.36794380995231496,
                          0.4297280348155157,
                          0.08250472410555885,
                          0.08472146252318279,
                          0.11455542432374614,
                          0.06740331994275367,
                          0.10158630099674015,
                          0.10519093996161469,
                          0.10950505714880276,
                          0.10262243287045907],
                         [0.3642448235406567,
                          0.3774048596452009,
                          0.11144408303719253,
                          0.04935605925558887,
                          0.11183394572827612,
                          0.12844783082430056,
                          0.10207657432793175,
                          0.1276731049238333,
                          0.10591386053818622,
                          0.07875091356178092],
                         [0.38656766468286574,
                          0.4190209455419001,
                          0.06773832978021353,
                          0.07638204516291917,
                          0.12364389801984203,
                          0.036791730260013825,
                          0.07304502092549114,
                          0.17281957812359888,
                          0.09179280908335384,
                          0.07781496270220892]]},
            {'activation': 'sigmoid',
             'bias': [-0.019754222932578364,
                      0.027537716541312734,
                      -0.008126832138705667,
                      -0.01361686657480158,
                      0.005652794903251837],
             'name': 'output',
             'neurons': [],
             'num_neurons': 5,
             'weights': [[0.06960819903081239,
                          0.08769354338994434,
                          0.09296595069616977,
                          0.06720047269179659,
                          0.09795078449448444,
                          0.12811431278346536,
                          0.122618635904381,
                          0.10006012698065968],
                         [0.06691953296422243,
                          0.09037364936385414,
                          0.07359182918268718,
                          0.14371100734376036,
                          0.08304648642954282,
                          0.07762217776536487,
                          0.07660989876081176,
                          0.17406954580342496],
                         [0.13318383780311074,
                          0.0756492992252487,
                          0.11092340686386289,
                          0.08599777354978788,
                          0.09327213344152822,
                          0.10431094452114478,
                          0.1392063320084525,
                          0.09190156134181347],
                         [0.12159109373835089,
                          0.06716375461169706,
                          0.11887971465507444,
                          0.0621523040417012,
                          0.1561429177302504,
                          0.09683921862304881,
                          0.10030303412796684,
                          0.09329779120743262],
                         [0.11316276191925739,
                          0.07930103029115251,
                          0.1288500823628608,
                          0.058643089272223614,
                          0.1632618582183755,
                          0.11037591881319839,
                          0.08073634815400396,
                          0.11661933817278239],
                         [0.08862992658386369,
                          0.09721581486731785,
                          0.14176326988086166,
                          0.09464691909912062,
                          0.056518090261513484,
                          0.1104666927225433,
                          0.051766853981309965,
                          0.10966846137631765]]}]}
{'generation': 91,
 'inputs': [],
 'layers': [{'activation': 'sigmoid',
             'bias': [0.011779121560007086,
                      0.0002749286100292344,
                      0.017275541454598364,
                      -0.03325677487765834,
                      0.013196778870193167,
                      -0.02200857414577946,
                      0.021128072483104915,
                      -0.03407331765923123],
             'name': 'input',
             'neurons': [<gameplay.Neuron object at 0x7f4d0d273898>,
                         <gameplay.Neuron object at 0x7f4d0d273860>,
                         <gameplay.Neuron object at 0x7f4d0d273278>,
                         <gameplay.Neuron object at 0x7f4d0d273b38>,
                         <gameplay.Neuron object at 0x7f4d0d273be0>,
                         <gameplay.Neuron object at 0x7f4d0d273b70>,
                         <gameplay.Neuron object at 0x7f4d0d273cc0>,
                         <gameplay.Neuron object at 0x7f4d0d273c88>],
             'num_neurons': 8,
             'weights': [[0.36042791532430807,
                          0.41891453586153776,
                          0.11220581117922657,
                          0.12073049254517926,
                          0.10278265673020849,
                          0.07892412616237551,
                          0.08500577714948238,
                          0.10736210543940848,
                          0.08594903904480018,
                          0.08761410376200653],
                         [0.37311168210626267,
                          0.36712653918671007,
                          0.0851112153777988,
                          0.10196157925578501,
                          0.10465034212724204,
                          0.07854396782350981,
                          0.11866452046429288,
                          0.097823167397505,
                          0.11752545876820303,
                          0.11911566856954305],
                         [0.38610904989099826,
                          0.4348822077154349,
                          0.09721379254596253,
                          0.0657954752642099,
                          0.112348102926786,
                          0.09722971254719408,
                          0.09710382475812865,
                          0.10261826554757145,
                          0.08526398449469334,
                          0.10359819181356554],
                         [0.38342374402310947,
                          0.40119621777502334,
                          0.08967374484222186,
                          0.1131536461555081,
                          0.05667315627479175,
                          0.08477569449867911,
                          0.10060569435458441,
                          0.1279966351639619,
                          0.1095844592187643,
                          0.11381215245727387],
                         [0.39591737685139283,
                          0.39457869191650924,
                          0.042902250474575354,
                          0.13024330304773563,
                          0.09004700763734182,
                          0.1403325448189168,
                          0.1139798325544163,
                          0.1372419492681667,
                          0.1060202680993002,
                          0.06568990393237147],
                         [0.36794380995231496,
                          0.4297280348155157,
                          0.08250472410555885,
                          0.08472146252318279,
                          0.11455542432374614,
                          0.06740331994275367,
                          0.10158630099674015,
                          0.10519093996161469,
                          0.10950505714880276,
                          0.10262243287045907],
                         [0.3642448235406567,
                          0.3774048596452009,
                          0.11144408303719253,
                          0.04935605925558887,
                          0.11183394572827612,
                          0.12844783082430056,
                          0.10207657432793175,
                          0.1276731049238333,
                          0.10591386053818622,
                          0.07875091356178092],
                         [0.38656766468286574,
                          0.4190209455419001,
                          0.06773832978021353,
                          0.07638204516291917,
                          0.12364389801984203,
                          0.036791730260013825,
                          0.07304502092549114,
                          0.17281957812359888,
                          0.09179280908335384,
                          0.07781496270220892]]},
            {'activation': 'sigmoid',
             'bias': [-0.019754222932578364,
                      0.027537716541312734,
                      -0.008126832138705667,
                      -0.01361686657480158,
                      0.005652794903251837],
             'name': 'output',
             'neurons': [<gameplay.Neuron object at 0x7f4d0d273cf8>,
                         <gameplay.Neuron object at 0x7f4d0d273d30>,
                         <gameplay.Neuron object at 0x7f4d0d273da0>,
                         <gameplay.Neuron object at 0x7f4d0d273d68>,
                         <gameplay.Neuron object at 0x7f4d0d273dd8>],
             'num_neurons': 5,
             'weights': [[0.06960819903081239,
                          0.08769354338994434,
                          0.09296595069616977,
                          0.06720047269179659,
                          0.09795078449448444,
                          0.12811431278346536,
                          0.122618635904381,
                          0.10006012698065968],
                         [0.06691953296422243,
                          0.09037364936385414,
                          0.07359182918268718,
                          0.14371100734376036,
                          0.08304648642954282,
                          0.07762217776536487,
                          0.07660989876081176,
                          0.17406954580342496],
                         [0.13318383780311074,
                          0.0756492992252487,
                          0.11092340686386289,
                          0.08599777354978788,
                          0.09327213344152822,
                          0.10431094452114478,
                          0.1392063320084525,
                          0.09190156134181347],
                         [0.12159109373835089,
                          0.06716375461169706,
                          0.11887971465507444,
                          0.0621523040417012,
                          0.1561429177302504,
                          0.09683921862304881,
                          0.10030303412796684,
                          0.09329779120743262],
                         [0.11316276191925739,
                          0.07930103029115251,
                          0.1288500823628608,
                          0.058643089272223614,
                          0.1632618582183755,
                          0.11037591881319839,
                          0.08073634815400396,
                          0.11661933817278239],
                         [0.08862992658386369,
                          0.09721581486731785,
                          0.14176326988086166,
                          0.09464691909912062,
                          0.056518090261513484,
                          0.1104666927225433,
                          0.051766853981309965,
                          0.10966846137631765]]}]}
load_tensorflow_graph: path = tensorflow/mario-model-simple-2019-07-17/frozen_inference_graph.pb
object_detection_graph = <tensorflow.python.framework.ops.Graph object at 0x7f4d0d273e80>
Doing start sequence
Sleeping one second
sending start
sending empty
Found black world screen for the second time. exiting.



Seconds left: 380
Moves to the right: 45
