pygame 1.9.6
Hello from the pygame community. https://www.pygame.org/contribute.html
Loading neural net from gameplay_neural_nets/101/7.nn
net = {'generation': 91,
 'inputs': [],
 'layers': [{'activation': 'sigmoid',
             'bias': [0.011779121560007086,
                      0.0002749286100292344,
                      0.017275541454598364,
                      -0.03325677487765834,
                      0.013196778870193167,
                      -0.02200857414577946,
                      0.021128072483104915,
                      -0.03407331765923123],
             'name': 'input',
             'neurons': [],
             'num_neurons': 8,
             'weights': [[0.36042791532430807,
                          0.42235752789528713,
                          0.10477697901023836,
                          0.12073049254517926,
                          0.10278265673020849,
                          0.07892412616237551,
                          0.08500577714948238,
                          0.10736210543940848,
                          0.08594903904480018,
                          0.08761410376200653],
                         [0.37674300545975253,
                          0.37456363364651,
                          0.0851112153777988,
                          0.10196157925578501,
                          0.10465034212724204,
                          0.08610007295040967,
                          0.11149883831825069,
                          0.097823167397505,
                          0.11752545876820303,
                          0.11911566856954305],
                         [0.38079075272154805,
                          0.4348822077154349,
                          0.09721379254596253,
                          0.0657954752642099,
                          0.10816805857002161,
                          0.09893224458914926,
                          0.09710382475812865,
                          0.09960868261130233,
                          0.08526398449469334,
                          0.10929211666709386],
                         [0.38342374402310947,
                          0.3964707759488533,
                          0.08967374484222186,
                          0.1131536461555081,
                          0.05667315627479175,
                          0.08936681734783973,
                          0.10060569435458441,
                          0.13135072799767405,
                          0.1095844592187643,
                          0.11381215245727387],
                         [0.4045071083679876,
                          0.3951741600278526,
                          0.042902250474575354,
                          0.14101220659179262,
                          0.09641099325215466,
                          0.1403325448189168,
                          0.11005390314517748,
                          0.13703319548831033,
                          0.09701000433579299,
                          0.07451005828988147],
                         [0.3742946502690349,
                          0.43958650255518417,
                          0.08250472410555885,
                          0.08472146252318279,
                          0.11455542432374614,
                          0.06531224981399399,
                          0.10158630099674015,
                          0.10519093996161469,
                          0.11067722015733267,
                          0.10262243287045907],
                         [0.3642448235406567,
                          0.3774048596452009,
                          0.10960566689215778,
                          0.05515237684292293,
                          0.10805145755128572,
                          0.12844783082430056,
                          0.10207657432793175,
                          0.13400077959791323,
                          0.10591386053818622,
                          0.07875091356178092],
                         [0.3914922908687648,
                          0.4190209455419001,
                          0.05817323627200885,
                          0.06939885239964834,
                          0.12364389801984203,
                          0.02978824242530204,
                          0.07304502092549114,
                          0.17281957812359888,
                          0.09179280908335384,
                          0.07781496270220892]]},
            {'activation': 'sigmoid',
             'bias': [-0.016772972038433514,
                      0.027537716541312734,
                      -0.008126832138705667,
                      -0.01361686657480158,
                      0.014575496580314738],
             'name': 'output',
             'neurons': [],
             'num_neurons': 5,
             'weights': [[0.06960819903081239,
                          0.08769354338994434,
                          0.09296595069616977,
                          0.06720047269179659,
                          0.09795078449448444,
                          0.12811431278346536,
                          0.122618635904381,
                          0.1071718397578594],
                         [0.06691953296422243,
                          0.09897435305162836,
                          0.06974921398171287,
                          0.14371100734376036,
                          0.08304648642954282,
                          0.07762217776536487,
                          0.07624982547044581,
                          0.17406954580342496],
                         [0.13318383780311074,
                          0.07129164818819797,
                          0.11092340686386289,
                          0.08896345018058299,
                          0.09327213344152822,
                          0.10431094452114478,
                          0.1392063320084525,
                          0.09190156134181347],
                         [0.12159109373835089,
                          0.06716375461169706,
                          0.11887971465507444,
                          0.0621523040417012,
                          0.16597868038675495,
                          0.0990060147914815,
                          0.10030303412796684,
                          0.09329779120743262],
                         [0.10756028826690851,
                          0.08890887234478717,
                          0.1288500823628608,
                          0.058643089272223614,
                          0.15779755034037823,
                          0.1062850607754238,
                          0.08643136917118695,
                          0.1214399388514993],
                         [0.08862992658386369,
                          0.09796934275039436,
                          0.14176326988086166,
                          0.09464691909912062,
                          0.05978033429419156,
                          0.1104666927225433,
                          0.051766853981309965,
                          0.10966846137631765]]}]}
{'generation': 91,
 'inputs': [],
 'layers': [{'activation': 'sigmoid',
             'bias': [0.011779121560007086,
                      0.0002749286100292344,
                      0.017275541454598364,
                      -0.03325677487765834,
                      0.013196778870193167,
                      -0.02200857414577946,
                      0.021128072483104915,
                      -0.03407331765923123],
             'name': 'input',
             'neurons': [<gameplay.Neuron object at 0x7f68a4251898>,
                         <gameplay.Neuron object at 0x7f68a4251860>,
                         <gameplay.Neuron object at 0x7f68a4251278>,
                         <gameplay.Neuron object at 0x7f68a4251b38>,
                         <gameplay.Neuron object at 0x7f68a4251be0>,
                         <gameplay.Neuron object at 0x7f68a4251b70>,
                         <gameplay.Neuron object at 0x7f68a4251cc0>,
                         <gameplay.Neuron object at 0x7f68a4251c88>],
             'num_neurons': 8,
             'weights': [[0.36042791532430807,
                          0.42235752789528713,
                          0.10477697901023836,
                          0.12073049254517926,
                          0.10278265673020849,
                          0.07892412616237551,
                          0.08500577714948238,
                          0.10736210543940848,
                          0.08594903904480018,
                          0.08761410376200653],
                         [0.37674300545975253,
                          0.37456363364651,
                          0.0851112153777988,
                          0.10196157925578501,
                          0.10465034212724204,
                          0.08610007295040967,
                          0.11149883831825069,
                          0.097823167397505,
                          0.11752545876820303,
                          0.11911566856954305],
                         [0.38079075272154805,
                          0.4348822077154349,
                          0.09721379254596253,
                          0.0657954752642099,
                          0.10816805857002161,
                          0.09893224458914926,
                          0.09710382475812865,
                          0.09960868261130233,
                          0.08526398449469334,
                          0.10929211666709386],
                         [0.38342374402310947,
                          0.3964707759488533,
                          0.08967374484222186,
                          0.1131536461555081,
                          0.05667315627479175,
                          0.08936681734783973,
                          0.10060569435458441,
                          0.13135072799767405,
                          0.1095844592187643,
                          0.11381215245727387],
                         [0.4045071083679876,
                          0.3951741600278526,
                          0.042902250474575354,
                          0.14101220659179262,
                          0.09641099325215466,
                          0.1403325448189168,
                          0.11005390314517748,
                          0.13703319548831033,
                          0.09701000433579299,
                          0.07451005828988147],
                         [0.3742946502690349,
                          0.43958650255518417,
                          0.08250472410555885,
                          0.08472146252318279,
                          0.11455542432374614,
                          0.06531224981399399,
                          0.10158630099674015,
                          0.10519093996161469,
                          0.11067722015733267,
                          0.10262243287045907],
                         [0.3642448235406567,
                          0.3774048596452009,
                          0.10960566689215778,
                          0.05515237684292293,
                          0.10805145755128572,
                          0.12844783082430056,
                          0.10207657432793175,
                          0.13400077959791323,
                          0.10591386053818622,
                          0.07875091356178092],
                         [0.3914922908687648,
                          0.4190209455419001,
                          0.05817323627200885,
                          0.06939885239964834,
                          0.12364389801984203,
                          0.02978824242530204,
                          0.07304502092549114,
                          0.17281957812359888,
                          0.09179280908335384,
                          0.07781496270220892]]},
            {'activation': 'sigmoid',
             'bias': [-0.016772972038433514,
                      0.027537716541312734,
                      -0.008126832138705667,
                      -0.01361686657480158,
                      0.014575496580314738],
             'name': 'output',
             'neurons': [<gameplay.Neuron object at 0x7f68a4251cf8>,
                         <gameplay.Neuron object at 0x7f68a4251d30>,
                         <gameplay.Neuron object at 0x7f68a4251da0>,
                         <gameplay.Neuron object at 0x7f68a4251d68>,
                         <gameplay.Neuron object at 0x7f68a4251dd8>],
             'num_neurons': 5,
             'weights': [[0.06960819903081239,
                          0.08769354338994434,
                          0.09296595069616977,
                          0.06720047269179659,
                          0.09795078449448444,
                          0.12811431278346536,
                          0.122618635904381,
                          0.1071718397578594],
                         [0.06691953296422243,
                          0.09897435305162836,
                          0.06974921398171287,
                          0.14371100734376036,
                          0.08304648642954282,
                          0.07762217776536487,
                          0.07624982547044581,
                          0.17406954580342496],
                         [0.13318383780311074,
                          0.07129164818819797,
                          0.11092340686386289,
                          0.08896345018058299,
                          0.09327213344152822,
                          0.10431094452114478,
                          0.1392063320084525,
                          0.09190156134181347],
                         [0.12159109373835089,
                          0.06716375461169706,
                          0.11887971465507444,
                          0.0621523040417012,
                          0.16597868038675495,
                          0.0990060147914815,
                          0.10030303412796684,
                          0.09329779120743262],
                         [0.10756028826690851,
                          0.08890887234478717,
                          0.1288500823628608,
                          0.058643089272223614,
                          0.15779755034037823,
                          0.1062850607754238,
                          0.08643136917118695,
                          0.1214399388514993],
                         [0.08862992658386369,
                          0.09796934275039436,
                          0.14176326988086166,
                          0.09464691909912062,
                          0.05978033429419156,
                          0.1104666927225433,
                          0.051766853981309965,
                          0.10966846137631765]]}]}
load_tensorflow_graph: path = tensorflow/mario-model-simple-2019-07-17/frozen_inference_graph.pb
object_detection_graph = <tensorflow.python.framework.ops.Graph object at 0x7f68a4251e80>
Doing start sequence
Sleeping one second
sending start
sending empty
Found black world screen for the second time. exiting.



Seconds left: 392
Moves to the right: 20
