pygame 1.9.6
Hello from the pygame community. https://www.pygame.org/contribute.html
Loading neural net from gameplay_neural_nets/45/10.nn
net = {'generation': 40,
 'inputs': [],
 'layers': [{'activation': 'sigmoid',
             'bias': [-0.008312231432055893,
                      0.04097429240380648,
                      -0.03417175358791942,
                      0.014726781665840486,
                      -0.004018856499245625,
                      0.007187518853472007,
                      -0.015231331752620593,
                      -0.01422311371173123],
             'name': 'input',
             'neurons': [],
             'num_neurons': 8,
             'weights': [[0.45150301626075295,
                          0.48302406364166295,
                          0.5100243900657325,
                          0.4809187805451579,
                          0.5036618147311513,
                          0.4744904319382553,
                          0.5077304057456017,
                          0.4877183562334739,
                          0.5033528024583566,
                          0.5321089312033201],
                         [0.48154382143983887,
                          0.49310349259086234,
                          0.520259989073528,
                          0.5240252483798984,
                          0.5119236462877821,
                          0.5005858648462517,
                          0.4720852801668856,
                          0.458608602169277,
                          0.5134981940305557,
                          0.5143216706002454],
                         [0.5391633636192155,
                          0.5042231664873026,
                          0.48525005251636977,
                          0.4850576509310385,
                          0.45963289980363325,
                          0.4878778735520011,
                          0.5204975601301397,
                          0.4721122926471026,
                          0.477234684573997,
                          0.5205403581140091],
                         [0.5211563954175986,
                          0.48739425710172096,
                          0.49686033449365286,
                          0.4446084476886296,
                          0.47059081486411286,
                          0.5224145462999329,
                          0.5070350163238737,
                          0.4724239205538435,
                          0.5069758884183092,
                          0.5116793683815065],
                         [0.5001118171389605,
                          0.5067970265900636,
                          0.5125848330176639,
                          0.4834349894685522,
                          0.5115329857025859,
                          0.5061189969235996,
                          0.5200943773153305,
                          0.4975523173339688,
                          0.5052119672833291,
                          0.5433100479869809],
                         [0.49490246128539767,
                          0.5224076927284796,
                          0.48925213065756085,
                          0.534128234532183,
                          0.5110739334725184,
                          0.4884672683042243,
                          0.5560154677244105,
                          0.485641376957993,
                          0.5073332366917702,
                          0.4434475761110466],
                         [0.5304930685910346,
                          0.5125620311915084,
                          0.5137639672444666,
                          0.4956787322834127,
                          0.5013058054060262,
                          0.4886217542820497,
                          0.5332372454299446,
                          0.4981753178965294,
                          0.5173514634261913,
                          0.4952538415923896],
                         [0.506570381232348,
                          0.5044991513088624,
                          0.49390815735519056,
                          0.5598113941350272,
                          0.48961616525378676,
                          0.48383729959931726,
                          0.4552976314629508,
                          0.47231083535344937,
                          0.47476751891358865,
                          0.4767340528586041]]},
            {'activation': 'sigmoid',
             'bias': [-0.03301476978899567,
                      -0.0026301829744335026,
                      -0.021206875823819422,
                      0.017979538442342208,
                      0.0023838398592552776,
                      -0.041297547502804316],
             'name': 'hidden1',
             'neurons': [],
             'num_neurons': 6,
             'weights': [[0.4914879946049747,
                          0.4799485626367571,
                          0.5079404973056106,
                          0.4721866342670026,
                          0.5344843957792599,
                          0.49096213490754514,
                          0.4968447790956112,
                          0.5007951595534526],
                         [0.5207804926731467,
                          0.5266493529077254,
                          0.5129312754518485,
                          0.48453017885037813,
                          0.45904600770303766,
                          0.5224078669798522,
                          0.46010202277701634,
                          0.5064082523445094],
                         [0.5123885944847195,
                          0.5126223171903119,
                          0.5272859833851725,
                          0.5233197669820645,
                          0.5440221757459233,
                          0.5275130091143306,
                          0.525165859437536,
                          0.5437471056250616],
                         [0.5073306016101732,
                          0.48792381993184697,
                          0.4789167303774292,
                          0.4961528759281906,
                          0.4777450938722598,
                          0.5011134336924923,
                          0.47753598501269956,
                          0.5090901310243584],
                         [0.471604196789286,
                          0.5497324847649228,
                          0.5117503488303982,
                          0.4889311510907362,
                          0.5046583220603349,
                          0.5067836042467905,
                          0.5251377988383328,
                          0.4967114730211607],
                         [0.4823591273639871,
                          0.4875090831737833,
                          0.48661213463693886,
                          0.4643924058467398,
                          0.4933590111730187,
                          0.46915797997783554,
                          0.47486234706706354,
                          0.5020460524340973],
                         [0.4870679387823858,
                          0.4895126255749179,
                          0.5361712630508397,
                          0.5169099858405356,
                          0.48975092468665143,
                          0.5028528583754348,
                          0.5248306107437476,
                          0.49413195382718955],
                         [0.5265125562836622,
                          0.5272137140518327,
                          0.5077405011028975,
                          0.5196759843431072,
                          0.5282440656566257,
                          0.4768239118053255,
                          0.4849373374944381,
                          0.48453729077687996]]},
            {'activation': 'sigmoid',
             'bias': [-0.021326132027090588,
                      0.011676418945380096,
                      0.0037045103971342632,
                      0.02938818251293296,
                      0.022695771379775707],
             'name': 'output',
             'neurons': [],
             'num_neurons': 5,
             'weights': [[0.4928544601808746,
                          0.48254419151476297,
                          0.5157051681259283,
                          0.48889208474288376,
                          0.49140716104493565,
                          0.5143359189616583],
                         [0.518162505560879,
                          0.5219898648635043,
                          0.47588901883752055,
                          0.4943288982916565,
                          0.5056515350646783,
                          0.49660028247505633],
                         [0.506051253518629,
                          0.5105297608058924,
                          0.4846349715013165,
                          0.5046365195303244,
                          0.5302417220641836,
                          0.4878692633511202],
                         [0.49764148240522693,
                          0.4843703717372075,
                          0.5123398802833925,
                          0.4897930746236596,
                          0.48789671580002475,
                          0.5035111416937069],
                         [0.5193575468860177,
                          0.4972255985269038,
                          0.47111225903679826,
                          0.5285159566285362,
                          0.5055732636071593,
                          0.4830557778914361],
                         [0.5017535519590026,
                          0.513275563823669,
                          0.4914306863040958,
                          0.47570614180824633,
                          0.4914224462461964,
                          0.48028502732040296]]}]}
{'generation': 40,
 'inputs': [],
 'layers': [{'activation': 'sigmoid',
             'bias': [-0.008312231432055893,
                      0.04097429240380648,
                      -0.03417175358791942,
                      0.014726781665840486,
                      -0.004018856499245625,
                      0.007187518853472007,
                      -0.015231331752620593,
                      -0.01422311371173123],
             'name': 'input',
             'neurons': [<gameplay.Neuron object at 0x7f1ec40a3828>,
                         <gameplay.Neuron object at 0x7f1ec40a37f0>,
                         <gameplay.Neuron object at 0x7f1ec40a3208>,
                         <gameplay.Neuron object at 0x7f1ec40a3b38>,
                         <gameplay.Neuron object at 0x7f1ec40a3be0>,
                         <gameplay.Neuron object at 0x7f1ec40a3b70>,
                         <gameplay.Neuron object at 0x7f1ec40a3c88>,
                         <gameplay.Neuron object at 0x7f1ec40a3cc0>],
             'num_neurons': 8,
             'weights': [[0.45150301626075295,
                          0.48302406364166295,
                          0.5100243900657325,
                          0.4809187805451579,
                          0.5036618147311513,
                          0.4744904319382553,
                          0.5077304057456017,
                          0.4877183562334739,
                          0.5033528024583566,
                          0.5321089312033201],
                         [0.48154382143983887,
                          0.49310349259086234,
                          0.520259989073528,
                          0.5240252483798984,
                          0.5119236462877821,
                          0.5005858648462517,
                          0.4720852801668856,
                          0.458608602169277,
                          0.5134981940305557,
                          0.5143216706002454],
                         [0.5391633636192155,
                          0.5042231664873026,
                          0.48525005251636977,
                          0.4850576509310385,
                          0.45963289980363325,
                          0.4878778735520011,
                          0.5204975601301397,
                          0.4721122926471026,
                          0.477234684573997,
                          0.5205403581140091],
                         [0.5211563954175986,
                          0.48739425710172096,
                          0.49686033449365286,
                          0.4446084476886296,
                          0.47059081486411286,
                          0.5224145462999329,
                          0.5070350163238737,
                          0.4724239205538435,
                          0.5069758884183092,
                          0.5116793683815065],
                         [0.5001118171389605,
                          0.5067970265900636,
                          0.5125848330176639,
                          0.4834349894685522,
                          0.5115329857025859,
                          0.5061189969235996,
                          0.5200943773153305,
                          0.4975523173339688,
                          0.5052119672833291,
                          0.5433100479869809],
                         [0.49490246128539767,
                          0.5224076927284796,
                          0.48925213065756085,
                          0.534128234532183,
                          0.5110739334725184,
                          0.4884672683042243,
                          0.5560154677244105,
                          0.485641376957993,
                          0.5073332366917702,
                          0.4434475761110466],
                         [0.5304930685910346,
                          0.5125620311915084,
                          0.5137639672444666,
                          0.4956787322834127,
                          0.5013058054060262,
                          0.4886217542820497,
                          0.5332372454299446,
                          0.4981753178965294,
                          0.5173514634261913,
                          0.4952538415923896],
                         [0.506570381232348,
                          0.5044991513088624,
                          0.49390815735519056,
                          0.5598113941350272,
                          0.48961616525378676,
                          0.48383729959931726,
                          0.4552976314629508,
                          0.47231083535344937,
                          0.47476751891358865,
                          0.4767340528586041]]},
            {'activation': 'sigmoid',
             'bias': [-0.03301476978899567,
                      -0.0026301829744335026,
                      -0.021206875823819422,
                      0.017979538442342208,
                      0.0023838398592552776,
                      -0.041297547502804316],
             'name': 'hidden1',
             'neurons': [<gameplay.Neuron object at 0x7f1ec40a3cf8>,
                         <gameplay.Neuron object at 0x7f1ec40a3d30>,
                         <gameplay.Neuron object at 0x7f1ec40a3da0>,
                         <gameplay.Neuron object at 0x7f1ec40a3d68>,
                         <gameplay.Neuron object at 0x7f1ec40a3dd8>,
                         <gameplay.Neuron object at 0x7f1ec40a3e48>],
             'num_neurons': 6,
             'weights': [[0.4914879946049747,
                          0.4799485626367571,
                          0.5079404973056106,
                          0.4721866342670026,
                          0.5344843957792599,
                          0.49096213490754514,
                          0.4968447790956112,
                          0.5007951595534526],
                         [0.5207804926731467,
                          0.5266493529077254,
                          0.5129312754518485,
                          0.48453017885037813,
                          0.45904600770303766,
                          0.5224078669798522,
                          0.46010202277701634,
                          0.5064082523445094],
                         [0.5123885944847195,
                          0.5126223171903119,
                          0.5272859833851725,
                          0.5233197669820645,
                          0.5440221757459233,
                          0.5275130091143306,
                          0.525165859437536,
                          0.5437471056250616],
                         [0.5073306016101732,
                          0.48792381993184697,
                          0.4789167303774292,
                          0.4961528759281906,
                          0.4777450938722598,
                          0.5011134336924923,
                          0.47753598501269956,
                          0.5090901310243584],
                         [0.471604196789286,
                          0.5497324847649228,
                          0.5117503488303982,
                          0.4889311510907362,
                          0.5046583220603349,
                          0.5067836042467905,
                          0.5251377988383328,
                          0.4967114730211607],
                         [0.4823591273639871,
                          0.4875090831737833,
                          0.48661213463693886,
                          0.4643924058467398,
                          0.4933590111730187,
                          0.46915797997783554,
                          0.47486234706706354,
                          0.5020460524340973],
                         [0.4870679387823858,
                          0.4895126255749179,
                          0.5361712630508397,
                          0.5169099858405356,
                          0.48975092468665143,
                          0.5028528583754348,
                          0.5248306107437476,
                          0.49413195382718955],
                         [0.5265125562836622,
                          0.5272137140518327,
                          0.5077405011028975,
                          0.5196759843431072,
                          0.5282440656566257,
                          0.4768239118053255,
                          0.4849373374944381,
                          0.48453729077687996]]},
            {'activation': 'sigmoid',
             'bias': [-0.021326132027090588,
                      0.011676418945380096,
                      0.0037045103971342632,
                      0.02938818251293296,
                      0.022695771379775707],
             'name': 'output',
             'neurons': [<gameplay.Neuron object at 0x7f1ec40a3e10>,
                         <gameplay.Neuron object at 0x7f1ec40a3e80>,
                         <gameplay.Neuron object at 0x7f1ec40a3ba8>,
                         <gameplay.Neuron object at 0x7f1ec40a3c18>,
                         <gameplay.Neuron object at 0x7f1ec40a3c50>],
             'num_neurons': 5,
             'weights': [[0.4928544601808746,
                          0.48254419151476297,
                          0.5157051681259283,
                          0.48889208474288376,
                          0.49140716104493565,
                          0.5143359189616583],
                         [0.518162505560879,
                          0.5219898648635043,
                          0.47588901883752055,
                          0.4943288982916565,
                          0.5056515350646783,
                          0.49660028247505633],
                         [0.506051253518629,
                          0.5105297608058924,
                          0.4846349715013165,
                          0.5046365195303244,
                          0.5302417220641836,
                          0.4878692633511202],
                         [0.49764148240522693,
                          0.4843703717372075,
                          0.5123398802833925,
                          0.4897930746236596,
                          0.48789671580002475,
                          0.5035111416937069],
                         [0.5193575468860177,
                          0.4972255985269038,
                          0.47111225903679826,
                          0.5285159566285362,
                          0.5055732636071593,
                          0.4830557778914361],
                         [0.5017535519590026,
                          0.513275563823669,
                          0.4914306863040958,
                          0.47570614180824633,
                          0.4914224462461964,
                          0.48028502732040296]]}]}
load_tensorflow_graph: path = tensorflow/mario-model-simple-2019-07-17/frozen_inference_graph.pb
object_detection_graph = <tensorflow.python.framework.ops.Graph object at 0x7f1ec40a3f98>
Doing start sequence
Sleeping one second
sending start
sending empty
Found black world screen for the second time. exiting.



Seconds left: 377
Moves to the right: 64
frame count: 122
time start:  1568167526.5267584,   time_now: 1568167539.3825245
