pygame 1.9.6
Hello from the pygame community. https://www.pygame.org/contribute.html
Loading neural net from gameplay_neural_nets/2/3.nn
net = {'generation': 3,
 'inputs': [],
 'layers': [{'activation': 'sigmoid',
             'bias': [-0.000618348120035115,
                      0.008996469567148902,
                      -0.0018902796335730637,
                      -0.002827692315821164,
                      0,
                      0.009205538311593145,
                      0,
                      -0.0076424191009286345],
             'name': 'input',
             'neurons': [],
             'num_neurons': 8,
             'weights': [[0.495388249508474,
                          0.5019767200010548,
                          0.5,
                          0.5152453133096578,
                          0.4951869039132586,
                          0.4974684784990042,
                          0.5,
                          0.5,
                          0.4907140979474926,
                          0.5070772071537727],
                         [0.49433964391157975,
                          0.5,
                          0.49215689308262045,
                          0.5029677393815477,
                          0.5001402265800341,
                          0.5,
                          0.5,
                          0.4981975319701099,
                          0.5,
                          0.4921293521902073],
                         [0.5072164192742026,
                          0.49461914673390706,
                          0.5,
                          0.5003459902071586,
                          0.49356492432012644,
                          0.5,
                          0.4986572510137382,
                          0.5051481618356577,
                          0.49561185667736773,
                          0.5],
                         [0.5064831899017542,
                          0.4983322169494249,
                          0.4932394048932928,
                          0.5075192603264036,
                          0.4943514640984786,
                          0.5015254704289719,
                          0.5,
                          0.4915957612438329,
                          0.5012877160275119,
                          0.5],
                         [0.5,
                          0.4906218962380317,
                          0.5,
                          0.5,
                          0.4841560340876641,
                          0.5092410167494578,
                          0.4938806368541563,
                          0.5,
                          0.5,
                          0.49906368110880756],
                         [0.49034530130612775,
                          0.500020424305632,
                          0.5,
                          0.4985937427994469,
                          0.493296919537103,
                          0.4938703564229812,
                          0.5022396047493887,
                          0.5043316963009757,
                          0.5,
                          0.5013634471382888],
                         [0.5,
                          0.5,
                          0.5,
                          0.5061407535862744,
                          0.4959800240173052,
                          0.5,
                          0.49514097929357787,
                          0.4922234327870932,
                          0.5,
                          0.49653785508420784],
                         [0.5089824160749147,
                          0.4970754615780949,
                          0.5,
                          0.5041986659700641,
                          0.5,
                          0.5,
                          0.4884296289484311,
                          0.5036347100090477,
                          0.49129623592941885,
                          0.49316625869398967]]},
            {'activation': 'sigmoid',
             'bias': [0,
                      0.007620543801471402,
                      -0.007398661776241759,
                      0,
                      0,
                      -0.007936604358919006],
             'name': 'hidden1',
             'neurons': [],
             'num_neurons': 6,
             'weights': [[0.4916465005865546,
                          0.4990388907770697,
                          0.5,
                          0.5057412334704614,
                          0.5,
                          0.5011879047949643,
                          0.491788920188171,
                          0.49333860870699414],
                         [0.5,
                          0.5,
                          0.5,
                          0.49609216830043207,
                          0.49467722851442963,
                          0.4906229675818142,
                          0.4942071522554389,
                          0.5039685914527254],
                         [0.50623979590399,
                          0.5019869838205536,
                          0.5,
                          0.4975578318190324,
                          0.5007520903482955,
                          0.5117131707341721,
                          0.514477659922783,
                          0.4990075012886087],
                         [0.5092010661119475,
                          0.5039927376783229,
                          0.5,
                          0.4997735079400877,
                          0.4987424245755382,
                          0.4992117896567888,
                          0.49945530960796913,
                          0.5061563794237653],
                         [0.5,
                          0.49648558617682104,
                          0.5,
                          0.49803016078054185,
                          0.5052517042968252,
                          0.5170162069857926,
                          0.49899559849017516,
                          0.5013009887616298],
                         [0.502594466914371,
                          0.5,
                          0.49571038413293067,
                          0.4978179451012345,
                          0.5,
                          0.4901377616783356,
                          0.5028127835068213,
                          0.49069964128711596],
                         [0.5,
                          0.4900988822376116,
                          0.4962082187907991,
                          0.5087656931314485,
                          0.4981547593451566,
                          0.5,
                          0.5,
                          0.4949296546975887],
                         [0.5,
                          0.4939160116723305,
                          0.49193491936040123,
                          0.5053626575577598,
                          0.5001831542809932,
                          0.5,
                          0.5,
                          0.490408606418154]]},
            {'activation': 'sigmoid',
             'bias': [-0.01542568778048885,
                      0,
                      0.0038855268390685397,
                      0.0012456630553898587,
                      0],
             'name': 'output',
             'neurons': [],
             'num_neurons': 5,
             'weights': [[0.4937550394982917,
                          0.5084446371379535,
                          0.5077899987674629,
                          0.5012538355904408,
                          0.5,
                          0.4933000910246306],
                         [0.508897752071849,
                          0.5,
                          0.5,
                          0.5000202262942445,
                          0.5057780925953851,
                          0.5],
                         [0.5,
                          0.507832188382754,
                          0.5,
                          0.49624852161556166,
                          0.5,
                          0.5081478706469599],
                         [0.5018233831917092,
                          0.5,
                          0.5,
                          0.4998828472360829,
                          0.49279480318494157,
                          0.5099004700663553],
                         [0.5001710176086119,
                          0.5082207798831994,
                          0.5086587584296756,
                          0.5,
                          0.4938334158003566,
                          0.49772928529877136],
                         [0.4994830639347145,
                          0.5,
                          0.5078142973049921,
                          0.4902925629777208,
                          0.5,
                          0.5020704728491286]]}]}
{'generation': 3,
 'inputs': [],
 'layers': [{'activation': 'sigmoid',
             'bias': [-0.000618348120035115,
                      0.008996469567148902,
                      -0.0018902796335730637,
                      -0.002827692315821164,
                      0,
                      0.009205538311593145,
                      0,
                      -0.0076424191009286345],
             'name': 'input',
             'neurons': [<gameplay.Neuron object at 0x7fa7ce25c828>,
                         <gameplay.Neuron object at 0x7fa7ce25c7f0>,
                         <gameplay.Neuron object at 0x7fa7ce25c208>,
                         <gameplay.Neuron object at 0x7fa7ce25cb38>,
                         <gameplay.Neuron object at 0x7fa7ce25cbe0>,
                         <gameplay.Neuron object at 0x7fa7ce25cb70>,
                         <gameplay.Neuron object at 0x7fa7ce25ce10>,
                         <gameplay.Neuron object at 0x7fa7ce25cd68>],
             'num_neurons': 8,
             'weights': [[0.495388249508474,
                          0.5019767200010548,
                          0.5,
                          0.5152453133096578,
                          0.4951869039132586,
                          0.4974684784990042,
                          0.5,
                          0.5,
                          0.4907140979474926,
                          0.5070772071537727],
                         [0.49433964391157975,
                          0.5,
                          0.49215689308262045,
                          0.5029677393815477,
                          0.5001402265800341,
                          0.5,
                          0.5,
                          0.4981975319701099,
                          0.5,
                          0.4921293521902073],
                         [0.5072164192742026,
                          0.49461914673390706,
                          0.5,
                          0.5003459902071586,
                          0.49356492432012644,
                          0.5,
                          0.4986572510137382,
                          0.5051481618356577,
                          0.49561185667736773,
                          0.5],
                         [0.5064831899017542,
                          0.4983322169494249,
                          0.4932394048932928,
                          0.5075192603264036,
                          0.4943514640984786,
                          0.5015254704289719,
                          0.5,
                          0.4915957612438329,
                          0.5012877160275119,
                          0.5],
                         [0.5,
                          0.4906218962380317,
                          0.5,
                          0.5,
                          0.4841560340876641,
                          0.5092410167494578,
                          0.4938806368541563,
                          0.5,
                          0.5,
                          0.49906368110880756],
                         [0.49034530130612775,
                          0.500020424305632,
                          0.5,
                          0.4985937427994469,
                          0.493296919537103,
                          0.4938703564229812,
                          0.5022396047493887,
                          0.5043316963009757,
                          0.5,
                          0.5013634471382888],
                         [0.5,
                          0.5,
                          0.5,
                          0.5061407535862744,
                          0.4959800240173052,
                          0.5,
                          0.49514097929357787,
                          0.4922234327870932,
                          0.5,
                          0.49653785508420784],
                         [0.5089824160749147,
                          0.4970754615780949,
                          0.5,
                          0.5041986659700641,
                          0.5,
                          0.5,
                          0.4884296289484311,
                          0.5036347100090477,
                          0.49129623592941885,
                          0.49316625869398967]]},
            {'activation': 'sigmoid',
             'bias': [0,
                      0.007620543801471402,
                      -0.007398661776241759,
                      0,
                      0,
                      -0.007936604358919006],
             'name': 'hidden1',
             'neurons': [<gameplay.Neuron object at 0x7fa7ce25ccc0>,
                         <gameplay.Neuron object at 0x7fa7ce25cc18>,
                         <gameplay.Neuron object at 0x7fa7ce25cdd8>,
                         <gameplay.Neuron object at 0x7fa7ce25ccf8>,
                         <gameplay.Neuron object at 0x7fa7ce25cf28>,
                         <gameplay.Neuron object at 0x7fa7ce25ce80>],
             'num_neurons': 6,
             'weights': [[0.4916465005865546,
                          0.4990388907770697,
                          0.5,
                          0.5057412334704614,
                          0.5,
                          0.5011879047949643,
                          0.491788920188171,
                          0.49333860870699414],
                         [0.5,
                          0.5,
                          0.5,
                          0.49609216830043207,
                          0.49467722851442963,
                          0.4906229675818142,
                          0.4942071522554389,
                          0.5039685914527254],
                         [0.50623979590399,
                          0.5019869838205536,
                          0.5,
                          0.4975578318190324,
                          0.5007520903482955,
                          0.5117131707341721,
                          0.514477659922783,
                          0.4990075012886087],
                         [0.5092010661119475,
                          0.5039927376783229,
                          0.5,
                          0.4997735079400877,
                          0.4987424245755382,
                          0.4992117896567888,
                          0.49945530960796913,
                          0.5061563794237653],
                         [0.5,
                          0.49648558617682104,
                          0.5,
                          0.49803016078054185,
                          0.5052517042968252,
                          0.5170162069857926,
                          0.49899559849017516,
                          0.5013009887616298],
                         [0.502594466914371,
                          0.5,
                          0.49571038413293067,
                          0.4978179451012345,
                          0.5,
                          0.4901377616783356,
                          0.5028127835068213,
                          0.49069964128711596],
                         [0.5,
                          0.4900988822376116,
                          0.4962082187907991,
                          0.5087656931314485,
                          0.4981547593451566,
                          0.5,
                          0.5,
                          0.4949296546975887],
                         [0.5,
                          0.4939160116723305,
                          0.49193491936040123,
                          0.5053626575577598,
                          0.5001831542809932,
                          0.5,
                          0.5,
                          0.490408606418154]]},
            {'activation': 'sigmoid',
             'bias': [-0.01542568778048885,
                      0,
                      0.0038855268390685397,
                      0.0012456630553898587,
                      0],
             'name': 'output',
             'neurons': [<gameplay.Neuron object at 0x7fa7ce25ceb8>,
                         <gameplay.Neuron object at 0x7fa7ce25cef0>,
                         <gameplay.Neuron object at 0x7fa7ce25cf60>,
                         <gameplay.Neuron object at 0x7fa7ce25cf98>,
                         <gameplay.Neuron object at 0x7fa7ce25ce48>],
             'num_neurons': 5,
             'weights': [[0.4937550394982917,
                          0.5084446371379535,
                          0.5077899987674629,
                          0.5012538355904408,
                          0.5,
                          0.4933000910246306],
                         [0.508897752071849,
                          0.5,
                          0.5,
                          0.5000202262942445,
                          0.5057780925953851,
                          0.5],
                         [0.5,
                          0.507832188382754,
                          0.5,
                          0.49624852161556166,
                          0.5,
                          0.5081478706469599],
                         [0.5018233831917092,
                          0.5,
                          0.5,
                          0.4998828472360829,
                          0.49279480318494157,
                          0.5099004700663553],
                         [0.5001710176086119,
                          0.5082207798831994,
                          0.5086587584296756,
                          0.5,
                          0.4938334158003566,
                          0.49772928529877136],
                         [0.4994830639347145,
                          0.5,
                          0.5078142973049921,
                          0.4902925629777208,
                          0.5,
                          0.5020704728491286]]}]}
load_tensorflow_graph: path = tensorflow/mario-model-simple-2019-07-17/frozen_inference_graph.pb
object_detection_graph = <tensorflow.python.framework.ops.Graph object at 0x7fa7ce25cda0>
Doing start sequence
Sleeping one second
sending start
sending empty
Found black world screen for the second time. exiting.



Seconds left: 393
Moves to the right: 28
frame count: 80
time start:  1567859534.1426318,   time_now: 1567859541.4399064
