pygame 1.9.6
Hello from the pygame community. https://www.pygame.org/contribute.html
Loading neural net from gameplay_neural_nets/2/5.nn
net = {'generation': 3,
 'inputs': [],
 'layers': [{'activation': 'sigmoid',
             'bias': [0,
                      0.008996469567148902,
                      -0.0018902796335730637,
                      -0.004085202916666244,
                      0.0073016063772507415,
                      0.009205538311593145,
                      0,
                      -0.013922991648566398],
             'name': 'input',
             'neurons': [],
             'num_neurons': 8,
             'weights': [[0.5,
                          0.5,
                          0.5,
                          0.5068991773937941,
                          0.5,
                          0.4974684784990042,
                          0.5,
                          0.5048189669282397,
                          0.4907140979474926,
                          0.5060073512106174],
                         [0.49867024259930187,
                          0.5,
                          0.5,
                          0.5,
                          0.5,
                          0.5,
                          0.5043951044098336,
                          0.5,
                          0.5,
                          0.5],
                         [0.5016070578149358,
                          0.49461914673390706,
                          0.4947505782689718,
                          0.5003459902071586,
                          0.4999403724405592,
                          0.5003522043313242,
                          0.4989319672751449,
                          0.5051481618356577,
                          0.5,
                          0.49219385111930813],
                         [0.49305622101015034,
                          0.5,
                          0.5,
                          0.5,
                          0.4943514640984786,
                          0.5114723320987329,
                          0.49352172075072304,
                          0.4915957612438329,
                          0.506012468479673,
                          0.4931535649576985],
                         [0.5,
                          0.4906218962380317,
                          0.5,
                          0.5042296706082142,
                          0.49080616584653336,
                          0.5,
                          0.5033148083149526,
                          0.5001622501472669,
                          0.5,
                          0.5028870532341151],
                         [0.49951714304293704,
                          0.4930458621599456,
                          0.5099726488451632,
                          0.49245945225032145,
                          0.49860956558149727,
                          0.49909848506786386,
                          0.492243035677118,
                          0.5,
                          0.5,
                          0.4973501090674478],
                         [0.49243694081917927,
                          0.4915412772601047,
                          0.5,
                          0.49735063535103663,
                          0.49806031442198906,
                          0.5,
                          0.49514097929357787,
                          0.5044449235335278,
                          0.4968653744404389,
                          0.5],
                         [0.5,
                          0.5,
                          0.502862670729676,
                          0.5041986659700641,
                          0.5,
                          0.500635615886304,
                          0.5050129408382596,
                          0.5036347100090477,
                          0.5,
                          0.49316625869398967]]},
            {'activation': 'sigmoid',
             'bias': [0, 0, -0.007398661776241759, 0, 0, -0.007936604358919006],
             'name': 'hidden1',
             'neurons': [],
             'num_neurons': 6,
             'weights': [[0.49624559249789696,
                          0.4990388907770697,
                          0.495521472630155,
                          0.5057412334704614,
                          0.5,
                          0.49879917479121766,
                          0.5,
                          0.5],
                         [0.5,
                          0.5,
                          0.5,
                          0.5,
                          0.49467722851442963,
                          0.4906229675818142,
                          0.4942071522554389,
                          0.5010722824813719],
                         [0.5099966457928844,
                          0.4904587266440868,
                          0.5,
                          0.4975578318190324,
                          0.5098896189702178,
                          0.5028286704461025,
                          0.508427417700931,
                          0.4990075012886087],
                         [0.5037793428917383,
                          0.49300730118480146,
                          0.5,
                          0.4977398457131614,
                          0.4987424245755382,
                          0.4992117896567888,
                          0.49796209029614175,
                          0.5061563794237653],
                         [0.4959108475779078,
                          0.5048961361356135,
                          0.5,
                          0.5003316054021505,
                          0.4959514297314817,
                          0.510955339958728,
                          0.5,
                          0.4959437167087169],
                         [0.502594466914371,
                          0.5,
                          0.49571038413293067,
                          0.4978179451012345,
                          0.4915832872913406,
                          0.5,
                          0.5073360082116456,
                          0.49069964128711596],
                         [0.5,
                          0.4927210811311563,
                          0.5,
                          0.5087656931314485,
                          0.5052420225282912,
                          0.507446972534195,
                          0.5,
                          0.4949296546975887],
                         [0.5,
                          0.49112459818211,
                          0.5,
                          0.5053626575577598,
                          0.5,
                          0.5007861229402696,
                          0.5030467194150834,
                          0.5]]},
            {'activation': 'sigmoid',
             'bias': [-0.006332617830760627,
                      -0.0015903695319241778,
                      0.0038855268390685397,
                      0,
                      0],
             'name': 'output',
             'neurons': [],
             'num_neurons': 5,
             'weights': [[0.49428800001957596,
                          0.5081378553800956,
                          0.5000308128175182,
                          0.5012538355904408,
                          0.5,
                          0.5],
                         [0.5,
                          0.5,
                          0.5,
                          0.5000202262942445,
                          0.5,
                          0.5046935945538809],
                         [0.5,
                          0.5,
                          0.5002995531874785,
                          0.4971177811985327,
                          0.5,
                          0.5],
                         [0.5018233831917092,
                          0.4990471178056396,
                          0.5,
                          0.5044090861117658,
                          0.5019831818109672,
                          0.5],
                         [0.5001710176086119,
                          0.492616433264811,
                          0.5086587584296756,
                          0.5,
                          0.4933403908073402,
                          0.49772928529877136],
                         [0.4994830639347145,
                          0.5,
                          0.5078142973049921,
                          0.4902925629777208,
                          0.5,
                          0.5]]}]}
{'generation': 3,
 'inputs': [],
 'layers': [{'activation': 'sigmoid',
             'bias': [0,
                      0.008996469567148902,
                      -0.0018902796335730637,
                      -0.004085202916666244,
                      0.0073016063772507415,
                      0.009205538311593145,
                      0,
                      -0.013922991648566398],
             'name': 'input',
             'neurons': [<gameplay.Neuron object at 0x7fd28ed187f0>,
                         <gameplay.Neuron object at 0x7fd28ed187b8>,
                         <gameplay.Neuron object at 0x7fd28ed181d0>,
                         <gameplay.Neuron object at 0x7fd28ed18b00>,
                         <gameplay.Neuron object at 0x7fd28ed18ba8>,
                         <gameplay.Neuron object at 0x7fd28ed18b38>,
                         <gameplay.Neuron object at 0x7fd28ed18e80>,
                         <gameplay.Neuron object at 0x7fd28ed18d68>],
             'num_neurons': 8,
             'weights': [[0.5,
                          0.5,
                          0.5,
                          0.5068991773937941,
                          0.5,
                          0.4974684784990042,
                          0.5,
                          0.5048189669282397,
                          0.4907140979474926,
                          0.5060073512106174],
                         [0.49867024259930187,
                          0.5,
                          0.5,
                          0.5,
                          0.5,
                          0.5,
                          0.5043951044098336,
                          0.5,
                          0.5,
                          0.5],
                         [0.5016070578149358,
                          0.49461914673390706,
                          0.4947505782689718,
                          0.5003459902071586,
                          0.4999403724405592,
                          0.5003522043313242,
                          0.4989319672751449,
                          0.5051481618356577,
                          0.5,
                          0.49219385111930813],
                         [0.49305622101015034,
                          0.5,
                          0.5,
                          0.5,
                          0.4943514640984786,
                          0.5114723320987329,
                          0.49352172075072304,
                          0.4915957612438329,
                          0.506012468479673,
                          0.4931535649576985],
                         [0.5,
                          0.4906218962380317,
                          0.5,
                          0.5042296706082142,
                          0.49080616584653336,
                          0.5,
                          0.5033148083149526,
                          0.5001622501472669,
                          0.5,
                          0.5028870532341151],
                         [0.49951714304293704,
                          0.4930458621599456,
                          0.5099726488451632,
                          0.49245945225032145,
                          0.49860956558149727,
                          0.49909848506786386,
                          0.492243035677118,
                          0.5,
                          0.5,
                          0.4973501090674478],
                         [0.49243694081917927,
                          0.4915412772601047,
                          0.5,
                          0.49735063535103663,
                          0.49806031442198906,
                          0.5,
                          0.49514097929357787,
                          0.5044449235335278,
                          0.4968653744404389,
                          0.5],
                         [0.5,
                          0.5,
                          0.502862670729676,
                          0.5041986659700641,
                          0.5,
                          0.500635615886304,
                          0.5050129408382596,
                          0.5036347100090477,
                          0.5,
                          0.49316625869398967]]},
            {'activation': 'sigmoid',
             'bias': [0, 0, -0.007398661776241759, 0, 0, -0.007936604358919006],
             'name': 'hidden1',
             'neurons': [<gameplay.Neuron object at 0x7fd28ed18da0>,
                         <gameplay.Neuron object at 0x7fd28ed18dd8>,
                         <gameplay.Neuron object at 0x7fd28ed18d30>,
                         <gameplay.Neuron object at 0x7fd28ed18cf8>,
                         <gameplay.Neuron object at 0x7fd28ed18eb8>,
                         <gameplay.Neuron object at 0x7fd28ed18f98>],
             'num_neurons': 6,
             'weights': [[0.49624559249789696,
                          0.4990388907770697,
                          0.495521472630155,
                          0.5057412334704614,
                          0.5,
                          0.49879917479121766,
                          0.5,
                          0.5],
                         [0.5,
                          0.5,
                          0.5,
                          0.5,
                          0.49467722851442963,
                          0.4906229675818142,
                          0.4942071522554389,
                          0.5010722824813719],
                         [0.5099966457928844,
                          0.4904587266440868,
                          0.5,
                          0.4975578318190324,
                          0.5098896189702178,
                          0.5028286704461025,
                          0.508427417700931,
                          0.4990075012886087],
                         [0.5037793428917383,
                          0.49300730118480146,
                          0.5,
                          0.4977398457131614,
                          0.4987424245755382,
                          0.4992117896567888,
                          0.49796209029614175,
                          0.5061563794237653],
                         [0.4959108475779078,
                          0.5048961361356135,
                          0.5,
                          0.5003316054021505,
                          0.4959514297314817,
                          0.510955339958728,
                          0.5,
                          0.4959437167087169],
                         [0.502594466914371,
                          0.5,
                          0.49571038413293067,
                          0.4978179451012345,
                          0.4915832872913406,
                          0.5,
                          0.5073360082116456,
                          0.49069964128711596],
                         [0.5,
                          0.4927210811311563,
                          0.5,
                          0.5087656931314485,
                          0.5052420225282912,
                          0.507446972534195,
                          0.5,
                          0.4949296546975887],
                         [0.5,
                          0.49112459818211,
                          0.5,
                          0.5053626575577598,
                          0.5,
                          0.5007861229402696,
                          0.5030467194150834,
                          0.5]]},
            {'activation': 'sigmoid',
             'bias': [-0.006332617830760627,
                      -0.0015903695319241778,
                      0.0038855268390685397,
                      0,
                      0],
             'name': 'output',
             'neurons': [<gameplay.Neuron object at 0x7fd28ed18ef0>,
                         <gameplay.Neuron object at 0x7fd28ed18c88>,
                         <gameplay.Neuron object at 0x7fd28ed18e48>,
                         <gameplay.Neuron object at 0x7fd28ed18f60>,
                         <gameplay.Neuron object at 0x7fd28ed18c18>],
             'num_neurons': 5,
             'weights': [[0.49428800001957596,
                          0.5081378553800956,
                          0.5000308128175182,
                          0.5012538355904408,
                          0.5,
                          0.5],
                         [0.5,
                          0.5,
                          0.5,
                          0.5000202262942445,
                          0.5,
                          0.5046935945538809],
                         [0.5,
                          0.5,
                          0.5002995531874785,
                          0.4971177811985327,
                          0.5,
                          0.5],
                         [0.5018233831917092,
                          0.4990471178056396,
                          0.5,
                          0.5044090861117658,
                          0.5019831818109672,
                          0.5],
                         [0.5001710176086119,
                          0.492616433264811,
                          0.5086587584296756,
                          0.5,
                          0.4933403908073402,
                          0.49772928529877136],
                         [0.4994830639347145,
                          0.5,
                          0.5078142973049921,
                          0.4902925629777208,
                          0.5,
                          0.5]]}]}
load_tensorflow_graph: path = tensorflow/mario-model-simple-2019-07-17/frozen_inference_graph.pb
object_detection_graph = <tensorflow.python.framework.ops.Graph object at 0x7fd28eccd5c0>
Doing start sequence
Sleeping one second
sending start
sending empty



Seconds left: 388
Moves to the right: 1
frame count: 52
time start:  1567859564.0693896,   time_now: 1567859569.9736357
