pygame 1.9.6
Hello from the pygame community. https://www.pygame.org/contribute.html
Loading neural net from gameplay_neural_nets/45/10.nn
net = {'generation': 41,
 'inputs': [],
 'layers': [{'activation': 'sigmoid',
             'bias': [0.01645332778219348,
                      -0.01510932667407686,
                      0.01920570814426129,
                      -0.008755880381194998,
                      0.019348844965115377,
                      -0.014525606259422792,
                      0.009677346154138934,
                      -0.01912482327039372],
             'name': 'input',
             'neurons': [],
             'num_neurons': 8,
             'weights': [[0.3757149282746772,
                          0.391226660179249,
                          0.11367905117774481,
                          0.11758780319054886,
                          0.11803450189386132,
                          0.08808037527035067,
                          0.11171404466079897,
                          0.11279711138272104,
                          0.08512278700964321,
                          0.08998118691320925],
                         [0.3792702311918261,
                          0.416757895373356,
                          0.11126014130653558,
                          0.10851290477774478,
                          0.10344357488685309,
                          0.08029309558518606,
                          0.10048589375606842,
                          0.0938680953945878,
                          0.09684123632121651,
                          0.10168537096409232],
                         [0.3715265402720702,
                          0.4235392877352643,
                          0.11418340007685228,
                          0.08011047512938413,
                          0.09350285081337768,
                          0.10581995148662926,
                          0.08189514494356642,
                          0.08327792335583074,
                          0.11573127623088171,
                          0.09562260784099419],
                         [0.39302580624826294,
                          0.38325873022285695,
                          0.0954146920469446,
                          0.1073068978498314,
                          0.08034696939802319,
                          0.0955109309347024,
                          0.10382941578869904,
                          0.1064311882146591,
                          0.08968233619621875,
                          0.1151227038469128],
                         [0.37639810372382343,
                          0.4013214244535427,
                          0.08037862727806455,
                          0.12070007282911974,
                          0.08497377731351392,
                          0.10512130460214514,
                          0.10107899740200671,
                          0.13039399291048734,
                          0.08779243480534049,
                          0.09201536183366997],
                         [0.36841722320312487,
                          0.4039444530608778,
                          0.06976464735469387,
                          0.09120217476645041,
                          0.1219262946200923,
                          0.10517264918992898,
                          0.10519670558428089,
                          0.11044327829374181,
                          0.09800063185417454,
                          0.11983045605416391],
                         [0.39552004374060873,
                          0.379890913128577,
                          0.11088106335812509,
                          0.057850973763987235,
                          0.11632898663351203,
                          0.09043242290620332,
                          0.0936382607700845,
                          0.11666571867031851,
                          0.09816556078927514,
                          0.06600639520627692],
                         [0.4053114463630824,
                          0.41195231646149716,
                          0.0980674662509397,
                          0.06357592880866231,
                          0.1224284357494545,
                          0.08851836717406736,
                          0.08494853798721885,
                          0.13963595635063628,
                          0.07613378649374407,
                          0.08880029805001541]]},
            {'activation': 'sigmoid',
             'bias': [-0.0251655985346388,
                      0.03171654405752193,
                      0.007381774493884111,
                      0.025132302757422002,
                      0.021579576927750102],
             'name': 'output',
             'neurons': [],
             'num_neurons': 5,
             'weights': [[0.0810710499293628,
                          0.08857014599575233,
                          0.10106853160763361,
                          0.08103251020757687,
                          0.10783730025519521,
                          0.12537465489010735,
                          0.12280238665205104,
                          0.08388458167278191],
                         [0.07234874482792013,
                          0.07559886722056491,
                          0.07558226161585022,
                          0.12620061542252717,
                          0.10241420133750789,
                          0.08786767455378806,
                          0.08742002860614398,
                          0.13266977959890952],
                         [0.11189968708082067,
                          0.09041943633956702,
                          0.1133164342582489,
                          0.09789169012219626,
                          0.09686526019437498,
                          0.09183676654015668,
                          0.1048790887309683,
                          0.09635756498728677],
                         [0.10248330601485128,
                          0.06975918648021562,
                          0.11447096797287465,
                          0.0917071779903168,
                          0.11038898401483653,
                          0.11578897060499746,
                          0.11416602777594251,
                          0.09987963484130377],
                         [0.11680354292909344,
                          0.09549210411285011,
                          0.13212761788469188,
                          0.0692984812385782,
                          0.1426358195340176,
                          0.10721187621434639,
                          0.09928787121509369,
                          0.10211672499357236],
                         [0.08761811320098477,
                          0.0958746779909629,
                          0.12382232852564415,
                          0.0922320041424367,
                          0.07069844546916199,
                          0.1228446478535102,
                          0.10022955721281818,
                          0.10453600296134058]]}]}
{'generation': 41,
 'inputs': [],
 'layers': [{'activation': 'sigmoid',
             'bias': [0.01645332778219348,
                      -0.01510932667407686,
                      0.01920570814426129,
                      -0.008755880381194998,
                      0.019348844965115377,
                      -0.014525606259422792,
                      0.009677346154138934,
                      -0.01912482327039372],
             'name': 'input',
             'neurons': [<gameplay.Neuron object at 0x7f8964857898>,
                         <gameplay.Neuron object at 0x7f8964857860>,
                         <gameplay.Neuron object at 0x7f8964857278>,
                         <gameplay.Neuron object at 0x7f8964857b38>,
                         <gameplay.Neuron object at 0x7f8964857be0>,
                         <gameplay.Neuron object at 0x7f8964857b70>,
                         <gameplay.Neuron object at 0x7f8964857cc0>,
                         <gameplay.Neuron object at 0x7f8964857c88>],
             'num_neurons': 8,
             'weights': [[0.3757149282746772,
                          0.391226660179249,
                          0.11367905117774481,
                          0.11758780319054886,
                          0.11803450189386132,
                          0.08808037527035067,
                          0.11171404466079897,
                          0.11279711138272104,
                          0.08512278700964321,
                          0.08998118691320925],
                         [0.3792702311918261,
                          0.416757895373356,
                          0.11126014130653558,
                          0.10851290477774478,
                          0.10344357488685309,
                          0.08029309558518606,
                          0.10048589375606842,
                          0.0938680953945878,
                          0.09684123632121651,
                          0.10168537096409232],
                         [0.3715265402720702,
                          0.4235392877352643,
                          0.11418340007685228,
                          0.08011047512938413,
                          0.09350285081337768,
                          0.10581995148662926,
                          0.08189514494356642,
                          0.08327792335583074,
                          0.11573127623088171,
                          0.09562260784099419],
                         [0.39302580624826294,
                          0.38325873022285695,
                          0.0954146920469446,
                          0.1073068978498314,
                          0.08034696939802319,
                          0.0955109309347024,
                          0.10382941578869904,
                          0.1064311882146591,
                          0.08968233619621875,
                          0.1151227038469128],
                         [0.37639810372382343,
                          0.4013214244535427,
                          0.08037862727806455,
                          0.12070007282911974,
                          0.08497377731351392,
                          0.10512130460214514,
                          0.10107899740200671,
                          0.13039399291048734,
                          0.08779243480534049,
                          0.09201536183366997],
                         [0.36841722320312487,
                          0.4039444530608778,
                          0.06976464735469387,
                          0.09120217476645041,
                          0.1219262946200923,
                          0.10517264918992898,
                          0.10519670558428089,
                          0.11044327829374181,
                          0.09800063185417454,
                          0.11983045605416391],
                         [0.39552004374060873,
                          0.379890913128577,
                          0.11088106335812509,
                          0.057850973763987235,
                          0.11632898663351203,
                          0.09043242290620332,
                          0.0936382607700845,
                          0.11666571867031851,
                          0.09816556078927514,
                          0.06600639520627692],
                         [0.4053114463630824,
                          0.41195231646149716,
                          0.0980674662509397,
                          0.06357592880866231,
                          0.1224284357494545,
                          0.08851836717406736,
                          0.08494853798721885,
                          0.13963595635063628,
                          0.07613378649374407,
                          0.08880029805001541]]},
            {'activation': 'sigmoid',
             'bias': [-0.0251655985346388,
                      0.03171654405752193,
                      0.007381774493884111,
                      0.025132302757422002,
                      0.021579576927750102],
             'name': 'output',
             'neurons': [<gameplay.Neuron object at 0x7f8964857cf8>,
                         <gameplay.Neuron object at 0x7f8964857d30>,
                         <gameplay.Neuron object at 0x7f8964857da0>,
                         <gameplay.Neuron object at 0x7f8964857d68>,
                         <gameplay.Neuron object at 0x7f8964857dd8>],
             'num_neurons': 5,
             'weights': [[0.0810710499293628,
                          0.08857014599575233,
                          0.10106853160763361,
                          0.08103251020757687,
                          0.10783730025519521,
                          0.12537465489010735,
                          0.12280238665205104,
                          0.08388458167278191],
                         [0.07234874482792013,
                          0.07559886722056491,
                          0.07558226161585022,
                          0.12620061542252717,
                          0.10241420133750789,
                          0.08786767455378806,
                          0.08742002860614398,
                          0.13266977959890952],
                         [0.11189968708082067,
                          0.09041943633956702,
                          0.1133164342582489,
                          0.09789169012219626,
                          0.09686526019437498,
                          0.09183676654015668,
                          0.1048790887309683,
                          0.09635756498728677],
                         [0.10248330601485128,
                          0.06975918648021562,
                          0.11447096797287465,
                          0.0917071779903168,
                          0.11038898401483653,
                          0.11578897060499746,
                          0.11416602777594251,
                          0.09987963484130377],
                         [0.11680354292909344,
                          0.09549210411285011,
                          0.13212761788469188,
                          0.0692984812385782,
                          0.1426358195340176,
                          0.10721187621434639,
                          0.09928787121509369,
                          0.10211672499357236],
                         [0.08761811320098477,
                          0.0958746779909629,
                          0.12382232852564415,
                          0.0922320041424367,
                          0.07069844546916199,
                          0.1228446478535102,
                          0.10022955721281818,
                          0.10453600296134058]]}]}
load_tensorflow_graph: path = tensorflow/mario-model-simple-2019-07-17/frozen_inference_graph.pb
object_detection_graph = <tensorflow.python.framework.ops.Graph object at 0x7f8964857e80>
Doing start sequence
Sleeping one second
sending start
sending empty
Found black world screen for the second time. exiting.



Seconds left: 380
Moves to the right: 46
