pygame 1.9.6
Hello from the pygame community. https://www.pygame.org/contribute.html
Loading neural net from gameplay_neural_nets/84/5.nn
net = {'generation': 75,
 'inputs': [],
 'layers': [{'activation': 'sigmoid',
             'bias': [0.024191776922245868,
                      -0.005899472703207651,
                      0.02010232811249419,
                      -0.026014786389917964,
                      0.01840399013623456,
                      -0.03049979023630337,
                      0.017129214279151886,
                      -0.02010834727445579],
             'name': 'input',
             'neurons': [],
             'num_neurons': 8,
             'weights': [[0.36440552101640256,
                          0.4200780730933573,
                          0.11155712369234323,
                          0.13083091156104096,
                          0.10799375527364315,
                          0.08963494080382152,
                          0.08511505127444652,
                          0.1011758086688159,
                          0.08367461778550947,
                          0.09433474775301431],
                         [0.3825790546903861,
                          0.37791391980859795,
                          0.0991597988823857,
                          0.09754833038177806,
                          0.08645820049607099,
                          0.08778997664540447,
                          0.10691894187801157,
                          0.09678779674033725,
                          0.10379646298848591,
                          0.12045509083292325],
                         [0.3647119855303438,
                          0.44420665401352993,
                          0.09217373404389959,
                          0.0748591004730885,
                          0.10373066329684881,
                          0.10882278974165667,
                          0.09681547473086602,
                          0.08247430203239446,
                          0.11211859829840118,
                          0.09902582186185202],
                         [0.39093612758370583,
                          0.3909714745422767,
                          0.09046467511068791,
                          0.10707471823502339,
                          0.06370183344619838,
                          0.10903558354110951,
                          0.10061033605817662,
                          0.1184444791129682,
                          0.0914398251852165,
                          0.12158921186291842],
                         [0.3868775194118231,
                          0.40353751628988366,
                          0.048309294074893025,
                          0.1201215101721787,
                          0.09225885288209006,
                          0.13284161648016604,
                          0.10290840041153758,
                          0.12410121266748039,
                          0.08615174125122069,
                          0.0691214511651125],
                         [0.3711442808393615,
                          0.4101984033787084,
                          0.08067663938349048,
                          0.09870840244089968,
                          0.10030401736209232,
                          0.07527653749955145,
                          0.08781066566469506,
                          0.10348340350532345,
                          0.11677001264286654,
                          0.10599556540542313],
                         [0.3635293391632894,
                          0.3856233772694175,
                          0.1212117135879099,
                          0.05442770815527058,
                          0.11305431691704373,
                          0.10033824912513,
                          0.094032740340477,
                          0.12093390850593377,
                          0.10024605740351727,
                          0.06397419486784137],
                         [0.39214561840659623,
                          0.41671445543153196,
                          0.06586962506217568,
                          0.07009659836801592,
                          0.11359265697218932,
                          0.048023498906831226,
                          0.06979546246977149,
                          0.14646598266274283,
                          0.09083526120787355,
                          0.07884210855566011]]},
            {'activation': 'sigmoid',
             'bias': [-0.0265835037569173,
                      0.034222790271430506,
                      0.0070870183682971,
                      -0.01361686657480158,
                      0.018581627989594382],
             'name': 'output',
             'neurons': [],
             'num_neurons': 5,
             'weights': [[0.0671255296188479,
                          0.08443967692690008,
                          0.10007998946109165,
                          0.062083453795631564,
                          0.09754979564617723,
                          0.1288948081258736,
                          0.12104092606714532,
                          0.09152142982856741],
                         [0.07104551642829376,
                          0.08894753233137688,
                          0.06902603371386642,
                          0.16113889827153932,
                          0.08363020662034146,
                          0.08681192485724695,
                          0.07922258041849874,
                          0.16779700202239478],
                         [0.10780984070945994,
                          0.08557040533504663,
                          0.10908569031009596,
                          0.09615143424292139,
                          0.09436583698511575,
                          0.10735944251708965,
                          0.1404126935444548,
                          0.0900757639307741],
                         [0.11784910072743719,
                          0.06716375461169706,
                          0.11138179037405646,
                          0.06646183110498395,
                          0.13173881636849727,
                          0.10671101580408555,
                          0.10111317252274503,
                          0.09606090522929565],
                         [0.11296992008275403,
                          0.09841834438218922,
                          0.13431006296525114,
                          0.06447732863136724,
                          0.173162029231262,
                          0.10147923769398434,
                          0.10323340819069332,
                          0.1009069322325394],
                         [0.10149765242090486,
                          0.10614042723152484,
                          0.1293333796553477,
                          0.09187037775153288,
                          0.06548914831455831,
                          0.10525225637002926,
                          0.06276750197326332,
                          0.11831498926755299]]}]}
{'generation': 75,
 'inputs': [],
 'layers': [{'activation': 'sigmoid',
             'bias': [0.024191776922245868,
                      -0.005899472703207651,
                      0.02010232811249419,
                      -0.026014786389917964,
                      0.01840399013623456,
                      -0.03049979023630337,
                      0.017129214279151886,
                      -0.02010834727445579],
             'name': 'input',
             'neurons': [<gameplay.Neuron object at 0x7fe6def3e860>,
                         <gameplay.Neuron object at 0x7fe6def3e780>,
                         <gameplay.Neuron object at 0x7fe6def3e278>,
                         <gameplay.Neuron object at 0x7fe6def3eb00>,
                         <gameplay.Neuron object at 0x7fe6def3eba8>,
                         <gameplay.Neuron object at 0x7fe6def3eb38>,
                         <gameplay.Neuron object at 0x7fe6def3ec88>,
                         <gameplay.Neuron object at 0x7fe6def3ec50>],
             'num_neurons': 8,
             'weights': [[0.36440552101640256,
                          0.4200780730933573,
                          0.11155712369234323,
                          0.13083091156104096,
                          0.10799375527364315,
                          0.08963494080382152,
                          0.08511505127444652,
                          0.1011758086688159,
                          0.08367461778550947,
                          0.09433474775301431],
                         [0.3825790546903861,
                          0.37791391980859795,
                          0.0991597988823857,
                          0.09754833038177806,
                          0.08645820049607099,
                          0.08778997664540447,
                          0.10691894187801157,
                          0.09678779674033725,
                          0.10379646298848591,
                          0.12045509083292325],
                         [0.3647119855303438,
                          0.44420665401352993,
                          0.09217373404389959,
                          0.0748591004730885,
                          0.10373066329684881,
                          0.10882278974165667,
                          0.09681547473086602,
                          0.08247430203239446,
                          0.11211859829840118,
                          0.09902582186185202],
                         [0.39093612758370583,
                          0.3909714745422767,
                          0.09046467511068791,
                          0.10707471823502339,
                          0.06370183344619838,
                          0.10903558354110951,
                          0.10061033605817662,
                          0.1184444791129682,
                          0.0914398251852165,
                          0.12158921186291842],
                         [0.3868775194118231,
                          0.40353751628988366,
                          0.048309294074893025,
                          0.1201215101721787,
                          0.09225885288209006,
                          0.13284161648016604,
                          0.10290840041153758,
                          0.12410121266748039,
                          0.08615174125122069,
                          0.0691214511651125],
                         [0.3711442808393615,
                          0.4101984033787084,
                          0.08067663938349048,
                          0.09870840244089968,
                          0.10030401736209232,
                          0.07527653749955145,
                          0.08781066566469506,
                          0.10348340350532345,
                          0.11677001264286654,
                          0.10599556540542313],
                         [0.3635293391632894,
                          0.3856233772694175,
                          0.1212117135879099,
                          0.05442770815527058,
                          0.11305431691704373,
                          0.10033824912513,
                          0.094032740340477,
                          0.12093390850593377,
                          0.10024605740351727,
                          0.06397419486784137],
                         [0.39214561840659623,
                          0.41671445543153196,
                          0.06586962506217568,
                          0.07009659836801592,
                          0.11359265697218932,
                          0.048023498906831226,
                          0.06979546246977149,
                          0.14646598266274283,
                          0.09083526120787355,
                          0.07884210855566011]]},
            {'activation': 'sigmoid',
             'bias': [-0.0265835037569173,
                      0.034222790271430506,
                      0.0070870183682971,
                      -0.01361686657480158,
                      0.018581627989594382],
             'name': 'output',
             'neurons': [<gameplay.Neuron object at 0x7fe6def3ecc0>,
                         <gameplay.Neuron object at 0x7fe6def3ecf8>,
                         <gameplay.Neuron object at 0x7fe6def3ed68>,
                         <gameplay.Neuron object at 0x7fe6def3ed30>,
                         <gameplay.Neuron object at 0x7fe6def3eda0>],
             'num_neurons': 5,
             'weights': [[0.0671255296188479,
                          0.08443967692690008,
                          0.10007998946109165,
                          0.062083453795631564,
                          0.09754979564617723,
                          0.1288948081258736,
                          0.12104092606714532,
                          0.09152142982856741],
                         [0.07104551642829376,
                          0.08894753233137688,
                          0.06902603371386642,
                          0.16113889827153932,
                          0.08363020662034146,
                          0.08681192485724695,
                          0.07922258041849874,
                          0.16779700202239478],
                         [0.10780984070945994,
                          0.08557040533504663,
                          0.10908569031009596,
                          0.09615143424292139,
                          0.09436583698511575,
                          0.10735944251708965,
                          0.1404126935444548,
                          0.0900757639307741],
                         [0.11784910072743719,
                          0.06716375461169706,
                          0.11138179037405646,
                          0.06646183110498395,
                          0.13173881636849727,
                          0.10671101580408555,
                          0.10111317252274503,
                          0.09606090522929565],
                         [0.11296992008275403,
                          0.09841834438218922,
                          0.13431006296525114,
                          0.06447732863136724,
                          0.173162029231262,
                          0.10147923769398434,
                          0.10323340819069332,
                          0.1009069322325394],
                         [0.10149765242090486,
                          0.10614042723152484,
                          0.1293333796553477,
                          0.09187037775153288,
                          0.06548914831455831,
                          0.10525225637002926,
                          0.06276750197326332,
                          0.11831498926755299]]}]}
load_tensorflow_graph: path = tensorflow/mario-model-simple-2019-07-17/frozen_inference_graph.pb
object_detection_graph = <tensorflow.python.framework.ops.Graph object at 0x7fe6def3ee48>
Doing start sequence
Sleeping one second
sending start
sending empty
Found black world screen for the second time. exiting.



Seconds left: 378
Moves to the right: 43
