pygame 1.9.6
Hello from the pygame community. https://www.pygame.org/contribute.html
Loading neural net from gameplay_neural_nets/149/8.nn
net = {'generation': 136,
 'inputs': [],
 'layers': [{'activation': 'sigmoid',
             'bias': [0.006755661039028833,
                      -0.03552932085821664,
                      0.006650311484008225,
                      0.008371310946748495,
                      -0.009610250597768624,
                      -0.02038661981384781,
                      0.014317468858282053,
                      -0.00453174503147941],
             'name': 'input',
             'neurons': [],
             'num_neurons': 8,
             'weights': [[0.36215093509036395,
                          0.43350630641872734,
                          0.07904261913927237,
                          0.155030397909251,
                          0.07080873554337261,
                          0.07669776490471805,
                          0.06410563367526426,
                          0.07239960004072431,
                          0.08275261142718368,
                          0.040702090958454964],
                         [0.38302477353913184,
                          0.35876127350165576,
                          0.0897592764591703,
                          0.1104265708927712,
                          0.12315210802844552,
                          0.03736944925404301,
                          0.10058118294886507,
                          0.08698806540777412,
                          0.09311601483779919,
                          0.12209208170169081],
                         [0.3484729926324819,
                          0.42244363562158443,
                          0.060290187935325416,
                          0.0490350006914662,
                          0.0977057429948475,
                          0.09785597626103223,
                          0.08116220758487891,
                          0.11299009553974831,
                          0.10234327353284023,
                          0.07326744502176048],
                         [0.37164415139732854,
                          0.41792629901958867,
                          0.1123920261112731,
                          0.11153412788449589,
                          0.05113926212886891,
                          0.06114175580306498,
                          0.07096135240243524,
                          0.12314190776600137,
                          0.12472747999089497,
                          0.12983625532318785],
                         [0.41470820383539814,
                          0.4016522644122119,
                          0.04100084553748581,
                          0.12600152957353988,
                          0.10301009239451336,
                          0.17507811481512742,
                          0.12616954933872954,
                          0.11748611390968432,
                          0.07830688233600744,
                          0.06544346612663127],
                         [0.3587902560163238,
                          0.4197201147116117,
                          0.06408958715438258,
                          0.07965391464409949,
                          0.09653140965809785,
                          0.06392977537860926,
                          0.10949647404603131,
                          0.09586627332851688,
                          0.12146392476795252,
                          0.11794519009330477],
                         [0.3684542391268858,
                          0.35371975491499347,
                          0.11075581863645585,
                          0.06429899415452255,
                          0.11213751806337284,
                          0.10269166514835176,
                          0.1085059141264996,
                          0.07446224280415994,
                          0.10432902080273303,
                          0.05497344489734087],
                         [0.3906600874674966,
                          0.4086890878293489,
                          0.06651242649790817,
                          0.08005828149608832,
                          0.11804508254004503,
                          0.0543068006736664,
                          0.07445703734246199,
                          0.17016360706964992,
                          0.09280016136343948,
                          0.06717666229405148]]},
            {'activation': 'sigmoid',
             'bias': [-0.011407662444291809,
                      0.08106300969778718,
                      -0.013811378752538822,
                      -0.013055216491782807,
                      0.016060676573673886],
             'name': 'output',
             'neurons': [],
             'num_neurons': 5,
             'weights': [[0.04684131085321301,
                          0.09158622323652119,
                          0.08329756800253894,
                          0.037453422704303095,
                          0.13027001198339194,
                          0.12815081172819756,
                          0.13267018796547633,
                          0.11636478540494512],
                         [0.04358702661687548,
                          0.06760495619119704,
                          0.08560291449689109,
                          0.1481720005721635,
                          0.12015817459074792,
                          0.07508668950826967,
                          0.04935611240452241,
                          0.1726973187986565],
                         [0.1251992211312772,
                          0.10302635274097995,
                          0.10222274432089279,
                          0.07843892319913284,
                          0.06821415740635571,
                          0.10822034769356517,
                          0.12088324856308513,
                          0.09069276279635437],
                         [0.09138760754537123,
                          0.06408320498044091,
                          0.15192388766778592,
                          0.061678988877145464,
                          0.16883636461083582,
                          0.09329685171705338,
                          0.08091261097425943,
                          0.09709225923994348],
                         [0.13673803847278437,
                          0.0848155179366668,
                          0.1435365398718518,
                          0.041348839178152956,
                          0.17697672459979155,
                          0.11632376102484387,
                          0.07518327103220909,
                          0.09869008543693572],
                         [0.0877688306418678,
                          0.13330240226002055,
                          0.15415869234617663,
                          0.08544716949410167,
                          0.05592486701757199,
                          0.10768862796097492,
                          0.07138832372638418,
                          0.11717991838723717]]}]}
{'generation': 136,
 'inputs': [],
 'layers': [{'activation': 'sigmoid',
             'bias': [0.006755661039028833,
                      -0.03552932085821664,
                      0.006650311484008225,
                      0.008371310946748495,
                      -0.009610250597768624,
                      -0.02038661981384781,
                      0.014317468858282053,
                      -0.00453174503147941],
             'name': 'input',
             'neurons': [<gameplay.Neuron object at 0x7f694968e860>,
                         <gameplay.Neuron object at 0x7f694968e828>,
                         <gameplay.Neuron object at 0x7f694968e240>,
                         <gameplay.Neuron object at 0x7f694968eb00>,
                         <gameplay.Neuron object at 0x7f694968eba8>,
                         <gameplay.Neuron object at 0x7f694968eb38>,
                         <gameplay.Neuron object at 0x7f694968ec88>,
                         <gameplay.Neuron object at 0x7f694968ec50>],
             'num_neurons': 8,
             'weights': [[0.36215093509036395,
                          0.43350630641872734,
                          0.07904261913927237,
                          0.155030397909251,
                          0.07080873554337261,
                          0.07669776490471805,
                          0.06410563367526426,
                          0.07239960004072431,
                          0.08275261142718368,
                          0.040702090958454964],
                         [0.38302477353913184,
                          0.35876127350165576,
                          0.0897592764591703,
                          0.1104265708927712,
                          0.12315210802844552,
                          0.03736944925404301,
                          0.10058118294886507,
                          0.08698806540777412,
                          0.09311601483779919,
                          0.12209208170169081],
                         [0.3484729926324819,
                          0.42244363562158443,
                          0.060290187935325416,
                          0.0490350006914662,
                          0.0977057429948475,
                          0.09785597626103223,
                          0.08116220758487891,
                          0.11299009553974831,
                          0.10234327353284023,
                          0.07326744502176048],
                         [0.37164415139732854,
                          0.41792629901958867,
                          0.1123920261112731,
                          0.11153412788449589,
                          0.05113926212886891,
                          0.06114175580306498,
                          0.07096135240243524,
                          0.12314190776600137,
                          0.12472747999089497,
                          0.12983625532318785],
                         [0.41470820383539814,
                          0.4016522644122119,
                          0.04100084553748581,
                          0.12600152957353988,
                          0.10301009239451336,
                          0.17507811481512742,
                          0.12616954933872954,
                          0.11748611390968432,
                          0.07830688233600744,
                          0.06544346612663127],
                         [0.3587902560163238,
                          0.4197201147116117,
                          0.06408958715438258,
                          0.07965391464409949,
                          0.09653140965809785,
                          0.06392977537860926,
                          0.10949647404603131,
                          0.09586627332851688,
                          0.12146392476795252,
                          0.11794519009330477],
                         [0.3684542391268858,
                          0.35371975491499347,
                          0.11075581863645585,
                          0.06429899415452255,
                          0.11213751806337284,
                          0.10269166514835176,
                          0.1085059141264996,
                          0.07446224280415994,
                          0.10432902080273303,
                          0.05497344489734087],
                         [0.3906600874674966,
                          0.4086890878293489,
                          0.06651242649790817,
                          0.08005828149608832,
                          0.11804508254004503,
                          0.0543068006736664,
                          0.07445703734246199,
                          0.17016360706964992,
                          0.09280016136343948,
                          0.06717666229405148]]},
            {'activation': 'sigmoid',
             'bias': [-0.011407662444291809,
                      0.08106300969778718,
                      -0.013811378752538822,
                      -0.013055216491782807,
                      0.016060676573673886],
             'name': 'output',
             'neurons': [<gameplay.Neuron object at 0x7f694968ecc0>,
                         <gameplay.Neuron object at 0x7f694968ecf8>,
                         <gameplay.Neuron object at 0x7f694968ed68>,
                         <gameplay.Neuron object at 0x7f694968ed30>,
                         <gameplay.Neuron object at 0x7f694968eda0>],
             'num_neurons': 5,
             'weights': [[0.04684131085321301,
                          0.09158622323652119,
                          0.08329756800253894,
                          0.037453422704303095,
                          0.13027001198339194,
                          0.12815081172819756,
                          0.13267018796547633,
                          0.11636478540494512],
                         [0.04358702661687548,
                          0.06760495619119704,
                          0.08560291449689109,
                          0.1481720005721635,
                          0.12015817459074792,
                          0.07508668950826967,
                          0.04935611240452241,
                          0.1726973187986565],
                         [0.1251992211312772,
                          0.10302635274097995,
                          0.10222274432089279,
                          0.07843892319913284,
                          0.06821415740635571,
                          0.10822034769356517,
                          0.12088324856308513,
                          0.09069276279635437],
                         [0.09138760754537123,
                          0.06408320498044091,
                          0.15192388766778592,
                          0.061678988877145464,
                          0.16883636461083582,
                          0.09329685171705338,
                          0.08091261097425943,
                          0.09709225923994348],
                         [0.13673803847278437,
                          0.0848155179366668,
                          0.1435365398718518,
                          0.041348839178152956,
                          0.17697672459979155,
                          0.11632376102484387,
                          0.07518327103220909,
                          0.09869008543693572],
                         [0.0877688306418678,
                          0.13330240226002055,
                          0.15415869234617663,
                          0.08544716949410167,
                          0.05592486701757199,
                          0.10768862796097492,
                          0.07138832372638418,
                          0.11717991838723717]]}]}
load_tensorflow_graph: path = tensorflow/mario-model-simple-2019-07-17/frozen_inference_graph.pb
object_detection_graph = <tensorflow.python.framework.ops.Graph object at 0x7f694968ee48>
Doing start sequence
Sleeping one second
sending start
sending empty
Found black world screen for the second time. exiting.



Seconds left: 393
Moves to the right: 16
