pygame 1.9.6
Hello from the pygame community. https://www.pygame.org/contribute.html
Loading neural net from gameplay_neural_nets/136/8.nn
net = {'generation': 123,
 'inputs': [],
 'layers': [{'activation': 'sigmoid',
             'bias': [0.00570955922875859,
                      -0.017733698088073763,
                      -0.008791347442448957,
                      -0.015489111844698025,
                      0.0009567359126136585,
                      -0.04315099257899058,
                      0.019377698211611245,
                      -0.015001138861090172],
             'name': 'input',
             'neurons': [],
             'num_neurons': 8,
             'weights': [[0.3573470282251425,
                          0.4308212969951502,
                          0.06374010117583415,
                          0.1178002053850247,
                          0.08459196758980482,
                          0.09558844297969323,
                          0.07771001174137943,
                          0.07957088969593379,
                          0.07650988005714379,
                          0.06470514496375808],
                         [0.3953370266130336,
                          0.36876634081968573,
                          0.09043727428871559,
                          0.09764737514785629,
                          0.11591641740105,
                          0.06731326258444492,
                          0.10593158618296757,
                          0.10177875463669488,
                          0.12201643194266548,
                          0.12878320127344225],
                         [0.3763687182018468,
                          0.4377781134119893,
                          0.08456234530477062,
                          0.05848774948669698,
                          0.1111496147379337,
                          0.09515529698129374,
                          0.10039728543469544,
                          0.12060071414457761,
                          0.0718810004534276,
                          0.08629074125296718],
                         [0.3547388375864611,
                          0.40296628014713975,
                          0.09147941053195308,
                          0.11855846345143745,
                          0.06498486325663846,
                          0.06973628914714158,
                          0.07818051182907068,
                          0.13433717908262371,
                          0.11838239257644238,
                          0.12119868055773768],
                         [0.40616174725003396,
                          0.390225220199377,
                          0.0566338078727537,
                          0.13362088331357652,
                          0.09340031535141341,
                          0.15362108500713098,
                          0.12172577392194672,
                          0.13491535289733414,
                          0.08757755997308839,
                          0.0630995123126669],
                         [0.36506816082030613,
                          0.4249355792143338,
                          0.07945630550572245,
                          0.0669065707262461,
                          0.10762911714520552,
                          0.07467010069217538,
                          0.1167290716470887,
                          0.09937823574177176,
                          0.12544353183700319,
                          0.10533775795586123],
                         [0.3771636939621493,
                          0.381899633238146,
                          0.12052561110990702,
                          0.040476402339666276,
                          0.09894864116295231,
                          0.11934773751187233,
                          0.09623124445229499,
                          0.08849163517986933,
                          0.1035761516518164,
                          0.06783701731681378],
                         [0.3871502107474329,
                          0.42562952074049715,
                          0.06021351359373551,
                          0.07609057187177873,
                          0.12488087268473708,
                          0.05099392644985867,
                          0.0795288029722273,
                          0.15527994040118825,
                          0.10151367706289864,
                          0.05848756786994136]]},
            {'activation': 'sigmoid',
             'bias': [-0.026259192390295377,
                      0.060454872727396455,
                      -0.004029220561314251,
                      -0.011873849921104365,
                      0.018529385001976803],
             'name': 'output',
             'neurons': [],
             'num_neurons': 5,
             'weights': [[0.05816969839352671,
                          0.10762482424239661,
                          0.10545104731538146,
                          0.04652800206124144,
                          0.12388643560737916,
                          0.1509296029929048,
                          0.13344058372170586,
                          0.12296764901771429],
                         [0.06366652154621648,
                          0.07145197770389997,
                          0.05842886314561768,
                          0.14638205545647343,
                          0.10652045383515131,
                          0.08558214895347036,
                          0.06784979770519899,
                          0.18257091364189507],
                         [0.12911141831012116,
                          0.07209004714032688,
                          0.11109573620861589,
                          0.07916441085219428,
                          0.08391863435942207,
                          0.11392862406891831,
                          0.12668929072611843,
                          0.07729157901394673],
                         [0.11113560508613622,
                          0.0622285986148418,
                          0.13802509976249008,
                          0.055465270687649136,
                          0.15101282483490705,
                          0.08407229473922348,
                          0.09100662481202072,
                          0.10965066708258239],
                         [0.13090460206673565,
                          0.08574133876149721,
                          0.14780695742952832,
                          0.0433868465110762,
                          0.1797368364462228,
                          0.09806484311416869,
                          0.0952320626226658,
                          0.08044782188826662],
                         [0.08906316170517367,
                          0.1259696264893107,
                          0.1399921007193434,
                          0.10635913413244609,
                          0.062352425227317695,
                          0.09050719311284412,
                          0.07044942065703366,
                          0.10196096291633977]]}]}
{'generation': 123,
 'inputs': [],
 'layers': [{'activation': 'sigmoid',
             'bias': [0.00570955922875859,
                      -0.017733698088073763,
                      -0.008791347442448957,
                      -0.015489111844698025,
                      0.0009567359126136585,
                      -0.04315099257899058,
                      0.019377698211611245,
                      -0.015001138861090172],
             'name': 'input',
             'neurons': [<gameplay.Neuron object at 0x7fbce2a27860>,
                         <gameplay.Neuron object at 0x7fbce2a27828>,
                         <gameplay.Neuron object at 0x7fbce2a27240>,
                         <gameplay.Neuron object at 0x7fbce2a27b00>,
                         <gameplay.Neuron object at 0x7fbce2a27ba8>,
                         <gameplay.Neuron object at 0x7fbce2a27b38>,
                         <gameplay.Neuron object at 0x7fbce2a27c88>,
                         <gameplay.Neuron object at 0x7fbce2a27c50>],
             'num_neurons': 8,
             'weights': [[0.3573470282251425,
                          0.4308212969951502,
                          0.06374010117583415,
                          0.1178002053850247,
                          0.08459196758980482,
                          0.09558844297969323,
                          0.07771001174137943,
                          0.07957088969593379,
                          0.07650988005714379,
                          0.06470514496375808],
                         [0.3953370266130336,
                          0.36876634081968573,
                          0.09043727428871559,
                          0.09764737514785629,
                          0.11591641740105,
                          0.06731326258444492,
                          0.10593158618296757,
                          0.10177875463669488,
                          0.12201643194266548,
                          0.12878320127344225],
                         [0.3763687182018468,
                          0.4377781134119893,
                          0.08456234530477062,
                          0.05848774948669698,
                          0.1111496147379337,
                          0.09515529698129374,
                          0.10039728543469544,
                          0.12060071414457761,
                          0.0718810004534276,
                          0.08629074125296718],
                         [0.3547388375864611,
                          0.40296628014713975,
                          0.09147941053195308,
                          0.11855846345143745,
                          0.06498486325663846,
                          0.06973628914714158,
                          0.07818051182907068,
                          0.13433717908262371,
                          0.11838239257644238,
                          0.12119868055773768],
                         [0.40616174725003396,
                          0.390225220199377,
                          0.0566338078727537,
                          0.13362088331357652,
                          0.09340031535141341,
                          0.15362108500713098,
                          0.12172577392194672,
                          0.13491535289733414,
                          0.08757755997308839,
                          0.0630995123126669],
                         [0.36506816082030613,
                          0.4249355792143338,
                          0.07945630550572245,
                          0.0669065707262461,
                          0.10762911714520552,
                          0.07467010069217538,
                          0.1167290716470887,
                          0.09937823574177176,
                          0.12544353183700319,
                          0.10533775795586123],
                         [0.3771636939621493,
                          0.381899633238146,
                          0.12052561110990702,
                          0.040476402339666276,
                          0.09894864116295231,
                          0.11934773751187233,
                          0.09623124445229499,
                          0.08849163517986933,
                          0.1035761516518164,
                          0.06783701731681378],
                         [0.3871502107474329,
                          0.42562952074049715,
                          0.06021351359373551,
                          0.07609057187177873,
                          0.12488087268473708,
                          0.05099392644985867,
                          0.0795288029722273,
                          0.15527994040118825,
                          0.10151367706289864,
                          0.05848756786994136]]},
            {'activation': 'sigmoid',
             'bias': [-0.026259192390295377,
                      0.060454872727396455,
                      -0.004029220561314251,
                      -0.011873849921104365,
                      0.018529385001976803],
             'name': 'output',
             'neurons': [<gameplay.Neuron object at 0x7fbce2a27cc0>,
                         <gameplay.Neuron object at 0x7fbce2a27cf8>,
                         <gameplay.Neuron object at 0x7fbce2a27d68>,
                         <gameplay.Neuron object at 0x7fbce2a27d30>,
                         <gameplay.Neuron object at 0x7fbce2a27da0>],
             'num_neurons': 5,
             'weights': [[0.05816969839352671,
                          0.10762482424239661,
                          0.10545104731538146,
                          0.04652800206124144,
                          0.12388643560737916,
                          0.1509296029929048,
                          0.13344058372170586,
                          0.12296764901771429],
                         [0.06366652154621648,
                          0.07145197770389997,
                          0.05842886314561768,
                          0.14638205545647343,
                          0.10652045383515131,
                          0.08558214895347036,
                          0.06784979770519899,
                          0.18257091364189507],
                         [0.12911141831012116,
                          0.07209004714032688,
                          0.11109573620861589,
                          0.07916441085219428,
                          0.08391863435942207,
                          0.11392862406891831,
                          0.12668929072611843,
                          0.07729157901394673],
                         [0.11113560508613622,
                          0.0622285986148418,
                          0.13802509976249008,
                          0.055465270687649136,
                          0.15101282483490705,
                          0.08407229473922348,
                          0.09100662481202072,
                          0.10965066708258239],
                         [0.13090460206673565,
                          0.08574133876149721,
                          0.14780695742952832,
                          0.0433868465110762,
                          0.1797368364462228,
                          0.09806484311416869,
                          0.0952320626226658,
                          0.08044782188826662],
                         [0.08906316170517367,
                          0.1259696264893107,
                          0.1399921007193434,
                          0.10635913413244609,
                          0.062352425227317695,
                          0.09050719311284412,
                          0.07044942065703366,
                          0.10196096291633977]]}]}
load_tensorflow_graph: path = tensorflow/mario-model-simple-2019-07-17/frozen_inference_graph.pb
object_detection_graph = <tensorflow.python.framework.ops.Graph object at 0x7fbce2a27e48>
Doing start sequence
Sleeping one second
sending start
sending empty
Found black world screen for the second time. exiting.



Seconds left: 364
Moves to the right: 60
