pygame 1.9.6
Hello from the pygame community. https://www.pygame.org/contribute.html
Loading neural net from gameplay_neural_nets/22/5.nn
net = {'generation': 18,
 'inputs': [],
 'layers': [{'activation': 'sigmoid',
             'bias': [-0.015735340595114035,
                      0.04968587448076366,
                      -0.018969744024788265,
                      -0.005572457907758684,
                      0.01882708803093068,
                      0.01444144655230759,
                      0.00063285151216906,
                      -0.026887280770260598],
             'name': 'input',
             'neurons': [],
             'num_neurons': 8,
             'weights': [[0.4600865157014164,
                          0.4733844557530735,
                          0.4909681034196294,
                          0.5276323215038775,
                          0.4924781920765115,
                          0.4729295912665778,
                          0.5058451197686418,
                          0.5000725602481456,
                          0.4930885013765764,
                          0.5287436666053632],
                         [0.4949166325762044,
                          0.5006300961477148,
                          0.5164002771238614,
                          0.5041233878874446,
                          0.5144545430814585,
                          0.4936476479733267,
                          0.48498079629575364,
                          0.4656400447925016,
                          0.5169583179174873,
                          0.5211803855747551],
                         [0.516938303106275,
                          0.49352977559576594,
                          0.5072528393306939,
                          0.5031246670297541,
                          0.4712666631693912,
                          0.5064958064232196,
                          0.516832886476673,
                          0.4821447170269374,
                          0.5094351173847056,
                          0.4983516494037839],
                         [0.5150426925460436,
                          0.5032270097121889,
                          0.5016042872250842,
                          0.46852872198582063,
                          0.48318150989158093,
                          0.5090221412427969,
                          0.5051981896207768,
                          0.49871133186603944,
                          0.5273169075164671,
                          0.5284906984511331],
                         [0.49258391277561325,
                          0.5100889329419958,
                          0.5049338950510082,
                          0.5063167007477641,
                          0.4893001435398122,
                          0.4795353713279772,
                          0.5150087993833186,
                          0.5151098805115022,
                          0.5143409431143284,
                          0.5231553820785102],
                         [0.4962706902042824,
                          0.5185409707824539,
                          0.4869151971910552,
                          0.507684685721673,
                          0.5048860170624946,
                          0.5213992067921941,
                          0.5282122930170549,
                          0.4845625202754894,
                          0.5088604976988136,
                          0.4767999260069638],
                         [0.5049901945166432,
                          0.511893779455967,
                          0.539225279481296,
                          0.5214762610218118,
                          0.4897683750347948,
                          0.495508517458596,
                          0.5043374112643947,
                          0.49733948660102867,
                          0.5146754313349025,
                          0.49918147815509883],
                         [0.4783306386427836,
                          0.5176765912802274,
                          0.4971709762237566,
                          0.5008667462458213,
                          0.5046505933847585,
                          0.5036691422908852,
                          0.4855591811168293,
                          0.4861137492544603,
                          0.49436509719896754,
                          0.48275794870906374]]},
            {'activation': 'sigmoid',
             'bias': [-0.0008316740946481601,
                      -0.010953979217929203,
                      -0.03845992264984369,
                      0.009026660549253667,
                      -0.004439287361116847,
                      -0.03989362802814421],
             'name': 'hidden1',
             'neurons': [],
             'num_neurons': 6,
             'weights': [[0.4946902260779711,
                          0.46057721555901504,
                          0.48990263807687096,
                          0.490107489100356,
                          0.5052276202350865,
                          0.4933377039522577,
                          0.501267660402376,
                          0.499891492126618],
                         [0.4933205047817098,
                          0.5204823034960915,
                          0.5080372528029871,
                          0.5063032351315105,
                          0.48371615927467887,
                          0.5026491832600307,
                          0.4714334431425512,
                          0.4980580322845683],
                         [0.5025475157410388,
                          0.5131596144262831,
                          0.5079327298984238,
                          0.5026243852662204,
                          0.5174573010140758,
                          0.512363165290531,
                          0.5013336363996188,
                          0.5120762753681741],
                         [0.5222472184090272,
                          0.4992288118058719,
                          0.5034544591271476,
                          0.4960397186862436,
                          0.4968412915938441,
                          0.5055071620273023,
                          0.48378184736995,
                          0.5150090308881655],
                         [0.48892509727025446,
                          0.5468246892944988,
                          0.48450264509001284,
                          0.4989327587301088,
                          0.4943616680805251,
                          0.5202273225601804,
                          0.5026828560373013,
                          0.49600829567146426],
                         [0.47640116263876964,
                          0.4824784181138596,
                          0.4967970570341226,
                          0.4949700697280819,
                          0.5011021251481419,
                          0.4832581870199676,
                          0.475713557714085,
                          0.47624190909018005],
                         [0.4902650231130144,
                          0.4807916000185408,
                          0.5241950764735995,
                          0.52596435963547,
                          0.48908192021163854,
                          0.49533779035749476,
                          0.5164875546942526,
                          0.48022178778628366],
                         [0.5155969774187741,
                          0.5010023642437705,
                          0.4908494753341922,
                          0.5273800509683252,
                          0.5203034681639988,
                          0.49700688329580844,
                          0.48271308991074596,
                          0.48081013477469425]]},
            {'activation': 'sigmoid',
             'bias': [-0.015570245379672292,
                      0.007389885228057776,
                      0.014905573783745366,
                      -0.006210366090510365,
                      0.009258069530614636],
             'name': 'output',
             'neurons': [],
             'num_neurons': 5,
             'weights': [[0.4758886739859172,
                          0.49608850396660514,
                          0.506502692890431,
                          0.48434807411970787,
                          0.4678902195613751,
                          0.4957844864147721],
                         [0.5317818044347963,
                          0.5002811090495163,
                          0.48000648029736587,
                          0.490844235003105,
                          0.49500562537926035,
                          0.47910486779943906],
                         [0.5431677533825137,
                          0.5148942990189582,
                          0.5057333527990443,
                          0.4897162150146533,
                          0.5087516577935701,
                          0.49692937539415666],
                         [0.505990498017625,
                          0.4917371322353319,
                          0.5187671102491023,
                          0.4969215648282554,
                          0.48523448185268214,
                          0.4705248016084292],
                         [0.5151098090346171,
                          0.5235890437652729,
                          0.5218815708833983,
                          0.5038660361690986,
                          0.49670434170244265,
                          0.5048580752068198],
                         [0.4779600703989918,
                          0.5198532388215351,
                          0.49876728247266544,
                          0.47683285114870233,
                          0.4817264159878173,
                          0.4892571528108855]]}]}
{'generation': 18,
 'inputs': [],
 'layers': [{'activation': 'sigmoid',
             'bias': [-0.015735340595114035,
                      0.04968587448076366,
                      -0.018969744024788265,
                      -0.005572457907758684,
                      0.01882708803093068,
                      0.01444144655230759,
                      0.00063285151216906,
                      -0.026887280770260598],
             'name': 'input',
             'neurons': [<gameplay.Neuron object at 0x7ff6785f7828>,
                         <gameplay.Neuron object at 0x7ff6785f77f0>,
                         <gameplay.Neuron object at 0x7ff6785f7208>,
                         <gameplay.Neuron object at 0x7ff6785f7b38>,
                         <gameplay.Neuron object at 0x7ff6785f7be0>,
                         <gameplay.Neuron object at 0x7ff6785f7b70>,
                         <gameplay.Neuron object at 0x7ff6785f7c88>,
                         <gameplay.Neuron object at 0x7ff6785f7cc0>],
             'num_neurons': 8,
             'weights': [[0.4600865157014164,
                          0.4733844557530735,
                          0.4909681034196294,
                          0.5276323215038775,
                          0.4924781920765115,
                          0.4729295912665778,
                          0.5058451197686418,
                          0.5000725602481456,
                          0.4930885013765764,
                          0.5287436666053632],
                         [0.4949166325762044,
                          0.5006300961477148,
                          0.5164002771238614,
                          0.5041233878874446,
                          0.5144545430814585,
                          0.4936476479733267,
                          0.48498079629575364,
                          0.4656400447925016,
                          0.5169583179174873,
                          0.5211803855747551],
                         [0.516938303106275,
                          0.49352977559576594,
                          0.5072528393306939,
                          0.5031246670297541,
                          0.4712666631693912,
                          0.5064958064232196,
                          0.516832886476673,
                          0.4821447170269374,
                          0.5094351173847056,
                          0.4983516494037839],
                         [0.5150426925460436,
                          0.5032270097121889,
                          0.5016042872250842,
                          0.46852872198582063,
                          0.48318150989158093,
                          0.5090221412427969,
                          0.5051981896207768,
                          0.49871133186603944,
                          0.5273169075164671,
                          0.5284906984511331],
                         [0.49258391277561325,
                          0.5100889329419958,
                          0.5049338950510082,
                          0.5063167007477641,
                          0.4893001435398122,
                          0.4795353713279772,
                          0.5150087993833186,
                          0.5151098805115022,
                          0.5143409431143284,
                          0.5231553820785102],
                         [0.4962706902042824,
                          0.5185409707824539,
                          0.4869151971910552,
                          0.507684685721673,
                          0.5048860170624946,
                          0.5213992067921941,
                          0.5282122930170549,
                          0.4845625202754894,
                          0.5088604976988136,
                          0.4767999260069638],
                         [0.5049901945166432,
                          0.511893779455967,
                          0.539225279481296,
                          0.5214762610218118,
                          0.4897683750347948,
                          0.495508517458596,
                          0.5043374112643947,
                          0.49733948660102867,
                          0.5146754313349025,
                          0.49918147815509883],
                         [0.4783306386427836,
                          0.5176765912802274,
                          0.4971709762237566,
                          0.5008667462458213,
                          0.5046505933847585,
                          0.5036691422908852,
                          0.4855591811168293,
                          0.4861137492544603,
                          0.49436509719896754,
                          0.48275794870906374]]},
            {'activation': 'sigmoid',
             'bias': [-0.0008316740946481601,
                      -0.010953979217929203,
                      -0.03845992264984369,
                      0.009026660549253667,
                      -0.004439287361116847,
                      -0.03989362802814421],
             'name': 'hidden1',
             'neurons': [<gameplay.Neuron object at 0x7ff6785f7cf8>,
                         <gameplay.Neuron object at 0x7ff6785f7d30>,
                         <gameplay.Neuron object at 0x7ff6785f7da0>,
                         <gameplay.Neuron object at 0x7ff6785f7d68>,
                         <gameplay.Neuron object at 0x7ff6785f7dd8>,
                         <gameplay.Neuron object at 0x7ff6785f7e48>],
             'num_neurons': 6,
             'weights': [[0.4946902260779711,
                          0.46057721555901504,
                          0.48990263807687096,
                          0.490107489100356,
                          0.5052276202350865,
                          0.4933377039522577,
                          0.501267660402376,
                          0.499891492126618],
                         [0.4933205047817098,
                          0.5204823034960915,
                          0.5080372528029871,
                          0.5063032351315105,
                          0.48371615927467887,
                          0.5026491832600307,
                          0.4714334431425512,
                          0.4980580322845683],
                         [0.5025475157410388,
                          0.5131596144262831,
                          0.5079327298984238,
                          0.5026243852662204,
                          0.5174573010140758,
                          0.512363165290531,
                          0.5013336363996188,
                          0.5120762753681741],
                         [0.5222472184090272,
                          0.4992288118058719,
                          0.5034544591271476,
                          0.4960397186862436,
                          0.4968412915938441,
                          0.5055071620273023,
                          0.48378184736995,
                          0.5150090308881655],
                         [0.48892509727025446,
                          0.5468246892944988,
                          0.48450264509001284,
                          0.4989327587301088,
                          0.4943616680805251,
                          0.5202273225601804,
                          0.5026828560373013,
                          0.49600829567146426],
                         [0.47640116263876964,
                          0.4824784181138596,
                          0.4967970570341226,
                          0.4949700697280819,
                          0.5011021251481419,
                          0.4832581870199676,
                          0.475713557714085,
                          0.47624190909018005],
                         [0.4902650231130144,
                          0.4807916000185408,
                          0.5241950764735995,
                          0.52596435963547,
                          0.48908192021163854,
                          0.49533779035749476,
                          0.5164875546942526,
                          0.48022178778628366],
                         [0.5155969774187741,
                          0.5010023642437705,
                          0.4908494753341922,
                          0.5273800509683252,
                          0.5203034681639988,
                          0.49700688329580844,
                          0.48271308991074596,
                          0.48081013477469425]]},
            {'activation': 'sigmoid',
             'bias': [-0.015570245379672292,
                      0.007389885228057776,
                      0.014905573783745366,
                      -0.006210366090510365,
                      0.009258069530614636],
             'name': 'output',
             'neurons': [<gameplay.Neuron object at 0x7ff6785f7e10>,
                         <gameplay.Neuron object at 0x7ff6785f7e80>,
                         <gameplay.Neuron object at 0x7ff6785f7ba8>,
                         <gameplay.Neuron object at 0x7ff6785f7c18>,
                         <gameplay.Neuron object at 0x7ff6785f7c50>],
             'num_neurons': 5,
             'weights': [[0.4758886739859172,
                          0.49608850396660514,
                          0.506502692890431,
                          0.48434807411970787,
                          0.4678902195613751,
                          0.4957844864147721],
                         [0.5317818044347963,
                          0.5002811090495163,
                          0.48000648029736587,
                          0.490844235003105,
                          0.49500562537926035,
                          0.47910486779943906],
                         [0.5431677533825137,
                          0.5148942990189582,
                          0.5057333527990443,
                          0.4897162150146533,
                          0.5087516577935701,
                          0.49692937539415666],
                         [0.505990498017625,
                          0.4917371322353319,
                          0.5187671102491023,
                          0.4969215648282554,
                          0.48523448185268214,
                          0.4705248016084292],
                         [0.5151098090346171,
                          0.5235890437652729,
                          0.5218815708833983,
                          0.5038660361690986,
                          0.49670434170244265,
                          0.5048580752068198],
                         [0.4779600703989918,
                          0.5198532388215351,
                          0.49876728247266544,
                          0.47683285114870233,
                          0.4817264159878173,
                          0.4892571528108855]]}]}
load_tensorflow_graph: path = tensorflow/mario-model-simple-2019-07-17/frozen_inference_graph.pb
object_detection_graph = <tensorflow.python.framework.ops.Graph object at 0x7ff6785f7f98>
Doing start sequence
Sleeping one second
sending start
sending empty
Found black world screen for the second time. exiting.



Seconds left: 377
Moves to the right: 62
frame count: 117
time start:  1568160765.7971873,   time_now: 1568160778.3760293
