pygame 1.9.6
Hello from the pygame community. https://www.pygame.org/contribute.html
Loading neural net from gameplay_neural_nets/22/7.nn
net = {'generation': 18,
 'inputs': [],
 'layers': [{'activation': 'sigmoid',
             'bias': [-0.01332621546241047,
                      0.04389707091563855,
                      -0.013152894879683281,
                      -0.002458170451945992,
                      0.019283060781460512,
                      0.019642327975607003,
                      0.00063285151216906,
                      -0.026887280770260598],
             'name': 'input',
             'neurons': [],
             'num_neurons': 8,
             'weights': [[0.4639792507877494,
                          0.47661702063284833,
                          0.4918029208526085,
                          0.5203906000282503,
                          0.4924781920765115,
                          0.4704902122788571,
                          0.504762631268854,
                          0.5000725602481456,
                          0.4939887900634093,
                          0.5244266916198312],
                         [0.4949166325762044,
                          0.49376926345399225,
                          0.5164002771238614,
                          0.4916887598203624,
                          0.5168255386053331,
                          0.4874269281832243,
                          0.48498079629575364,
                          0.4699491465166287,
                          0.5169583179174873,
                          0.5190826059667014],
                         [0.5128671007627229,
                          0.49640956639054395,
                          0.5004612208462859,
                          0.5031246670297541,
                          0.4712666631693912,
                          0.5064958064232196,
                          0.5141590709064743,
                          0.4821447170269374,
                          0.49980942079543716,
                          0.4901143089586548],
                         [0.5126971510070062,
                          0.5022672040509201,
                          0.5048862433367914,
                          0.4645898818587431,
                          0.4801401281235116,
                          0.5147007373620498,
                          0.5051981896207768,
                          0.49325651850718927,
                          0.5273169075164671,
                          0.5284906984511331],
                         [0.49258391277561325,
                          0.5100889329419958,
                          0.5082586999348178,
                          0.5156611071983728,
                          0.4893001435398122,
                          0.4795353713279772,
                          0.5150087993833186,
                          0.5151098805115022,
                          0.5063696800939596,
                          0.5231553820785102],
                         [0.4910681955198174,
                          0.509433610056608,
                          0.49041794646821524,
                          0.5073587826968929,
                          0.5048860170624946,
                          0.5213992067921941,
                          0.5282122930170549,
                          0.4845625202754894,
                          0.5056492408222395,
                          0.4606762462872754],
                         [0.523043953600008,
                          0.5046986158517732,
                          0.5342538307719042,
                          0.5233427548902857,
                          0.48149330766408366,
                          0.4908091550411295,
                          0.5129481490411134,
                          0.4935584365839075,
                          0.5146754313349025,
                          0.49088846675929454],
                         [0.48322794176108935,
                          0.5176765912802274,
                          0.49143047185356215,
                          0.4959991648670954,
                          0.5046505933847585,
                          0.5044681992419097,
                          0.4855591811168293,
                          0.4861137492544603,
                          0.48130512534841075,
                          0.48275794870906374]]},
            {'activation': 'sigmoid',
             'bias': [-0.0008316740946481601,
                      -0.012390458700847888,
                      -0.033104097007427516,
                      0.0059596668850937845,
                      0.0032091852432001647,
                      -0.04294367342131142],
             'name': 'hidden1',
             'neurons': [],
             'num_neurons': 6,
             'weights': [[0.4946902260779711,
                          0.46355262916855994,
                          0.49343777144498785,
                          0.490107489100356,
                          0.5119912198267333,
                          0.49666097366295736,
                          0.5030639875307323,
                          0.498078861012001],
                         [0.4933205047817098,
                          0.5263025421165858,
                          0.5093862294036723,
                          0.5075244693657477,
                          0.48371615927467887,
                          0.5026491832600307,
                          0.47605076515848355,
                          0.49393824287159893],
                         [0.5064972896289903,
                          0.5131596144262831,
                          0.5079327298984238,
                          0.5009187278472883,
                          0.5192053422282149,
                          0.5202087322535194,
                          0.49877806912937755,
                          0.5152167024336688],
                         [0.520160997623267,
                          0.5039076460009141,
                          0.5127240376609922,
                          0.4960397186862436,
                          0.4968412915938441,
                          0.5055071620273023,
                          0.49366082325628513,
                          0.5057132957221493],
                         [0.4974562107189643,
                          0.5388296844841755,
                          0.4937239613822242,
                          0.4989327587301088,
                          0.4943616680805251,
                          0.5187368952039229,
                          0.5026828560373013,
                          0.48928423811254323],
                         [0.4879166518345835,
                          0.4762164335707076,
                          0.4967970570341226,
                          0.489570632491683,
                          0.4915380273262797,
                          0.4832581870199676,
                          0.4815616847797949,
                          0.47416301050461945],
                         [0.4969571702385311,
                          0.4807916000185408,
                          0.5241950764735995,
                          0.52596435963547,
                          0.4952881633868359,
                          0.5046458846931225,
                          0.5164875546942526,
                          0.47921140159113346],
                         [0.5155969774187741,
                          0.5035503234248976,
                          0.4747148804615658,
                          0.5319403104394047,
                          0.5119457632670869,
                          0.4965099214682225,
                          0.48271308991074596,
                          0.48081013477469425]]},
            {'activation': 'sigmoid',
             'bias': [-0.024340677597046022,
                      0.016114065837534657,
                      0.015894058372834294,
                      0.0019147468324234706,
                      0.007147224936754787],
             'name': 'output',
             'neurons': [],
             'num_neurons': 5,
             'weights': [[0.4758886739859172,
                          0.49848863481659705,
                          0.5132256584505737,
                          0.4890501676957079,
                          0.4678902195613751,
                          0.49927912976862787],
                         [0.537597012812944,
                          0.5094067147627386,
                          0.4787651033253616,
                          0.48696277335696697,
                          0.49500562537926035,
                          0.4862872419034007],
                         [0.5300828705157556,
                          0.5129356710768671,
                          0.5066522331078778,
                          0.4897162150146533,
                          0.49450761840514823,
                          0.49692937539415666],
                         [0.505990498017625,
                          0.48284109531315617,
                          0.5122341045575112,
                          0.49500103852724586,
                          0.4877152616169985,
                          0.4767337815397924],
                         [0.5120293640212945,
                          0.5113655279070178,
                          0.5218815708833983,
                          0.5074262227702441,
                          0.49810668085246057,
                          0.507432757750539],
                         [0.4779600703989918,
                          0.5198532388215351,
                          0.4929222746974071,
                          0.47683285114870233,
                          0.4807230630408892,
                          0.48737192099378734]]}]}
{'generation': 18,
 'inputs': [],
 'layers': [{'activation': 'sigmoid',
             'bias': [-0.01332621546241047,
                      0.04389707091563855,
                      -0.013152894879683281,
                      -0.002458170451945992,
                      0.019283060781460512,
                      0.019642327975607003,
                      0.00063285151216906,
                      -0.026887280770260598],
             'name': 'input',
             'neurons': [<gameplay.Neuron object at 0x7fbcc543c7b8>,
                         <gameplay.Neuron object at 0x7fbcc543c780>,
                         <gameplay.Neuron object at 0x7fbcc543c198>,
                         <gameplay.Neuron object at 0x7fbcc543cac8>,
                         <gameplay.Neuron object at 0x7fbcc543cb70>,
                         <gameplay.Neuron object at 0x7fbcc543cb00>,
                         <gameplay.Neuron object at 0x7fbcc543cc18>,
                         <gameplay.Neuron object at 0x7fbcc543cc50>],
             'num_neurons': 8,
             'weights': [[0.4639792507877494,
                          0.47661702063284833,
                          0.4918029208526085,
                          0.5203906000282503,
                          0.4924781920765115,
                          0.4704902122788571,
                          0.504762631268854,
                          0.5000725602481456,
                          0.4939887900634093,
                          0.5244266916198312],
                         [0.4949166325762044,
                          0.49376926345399225,
                          0.5164002771238614,
                          0.4916887598203624,
                          0.5168255386053331,
                          0.4874269281832243,
                          0.48498079629575364,
                          0.4699491465166287,
                          0.5169583179174873,
                          0.5190826059667014],
                         [0.5128671007627229,
                          0.49640956639054395,
                          0.5004612208462859,
                          0.5031246670297541,
                          0.4712666631693912,
                          0.5064958064232196,
                          0.5141590709064743,
                          0.4821447170269374,
                          0.49980942079543716,
                          0.4901143089586548],
                         [0.5126971510070062,
                          0.5022672040509201,
                          0.5048862433367914,
                          0.4645898818587431,
                          0.4801401281235116,
                          0.5147007373620498,
                          0.5051981896207768,
                          0.49325651850718927,
                          0.5273169075164671,
                          0.5284906984511331],
                         [0.49258391277561325,
                          0.5100889329419958,
                          0.5082586999348178,
                          0.5156611071983728,
                          0.4893001435398122,
                          0.4795353713279772,
                          0.5150087993833186,
                          0.5151098805115022,
                          0.5063696800939596,
                          0.5231553820785102],
                         [0.4910681955198174,
                          0.509433610056608,
                          0.49041794646821524,
                          0.5073587826968929,
                          0.5048860170624946,
                          0.5213992067921941,
                          0.5282122930170549,
                          0.4845625202754894,
                          0.5056492408222395,
                          0.4606762462872754],
                         [0.523043953600008,
                          0.5046986158517732,
                          0.5342538307719042,
                          0.5233427548902857,
                          0.48149330766408366,
                          0.4908091550411295,
                          0.5129481490411134,
                          0.4935584365839075,
                          0.5146754313349025,
                          0.49088846675929454],
                         [0.48322794176108935,
                          0.5176765912802274,
                          0.49143047185356215,
                          0.4959991648670954,
                          0.5046505933847585,
                          0.5044681992419097,
                          0.4855591811168293,
                          0.4861137492544603,
                          0.48130512534841075,
                          0.48275794870906374]]},
            {'activation': 'sigmoid',
             'bias': [-0.0008316740946481601,
                      -0.012390458700847888,
                      -0.033104097007427516,
                      0.0059596668850937845,
                      0.0032091852432001647,
                      -0.04294367342131142],
             'name': 'hidden1',
             'neurons': [<gameplay.Neuron object at 0x7fbcc543cc88>,
                         <gameplay.Neuron object at 0x7fbcc543ccc0>,
                         <gameplay.Neuron object at 0x7fbcc543cd30>,
                         <gameplay.Neuron object at 0x7fbcc543ccf8>,
                         <gameplay.Neuron object at 0x7fbcc543cd68>,
                         <gameplay.Neuron object at 0x7fbcc543cdd8>],
             'num_neurons': 6,
             'weights': [[0.4946902260779711,
                          0.46355262916855994,
                          0.49343777144498785,
                          0.490107489100356,
                          0.5119912198267333,
                          0.49666097366295736,
                          0.5030639875307323,
                          0.498078861012001],
                         [0.4933205047817098,
                          0.5263025421165858,
                          0.5093862294036723,
                          0.5075244693657477,
                          0.48371615927467887,
                          0.5026491832600307,
                          0.47605076515848355,
                          0.49393824287159893],
                         [0.5064972896289903,
                          0.5131596144262831,
                          0.5079327298984238,
                          0.5009187278472883,
                          0.5192053422282149,
                          0.5202087322535194,
                          0.49877806912937755,
                          0.5152167024336688],
                         [0.520160997623267,
                          0.5039076460009141,
                          0.5127240376609922,
                          0.4960397186862436,
                          0.4968412915938441,
                          0.5055071620273023,
                          0.49366082325628513,
                          0.5057132957221493],
                         [0.4974562107189643,
                          0.5388296844841755,
                          0.4937239613822242,
                          0.4989327587301088,
                          0.4943616680805251,
                          0.5187368952039229,
                          0.5026828560373013,
                          0.48928423811254323],
                         [0.4879166518345835,
                          0.4762164335707076,
                          0.4967970570341226,
                          0.489570632491683,
                          0.4915380273262797,
                          0.4832581870199676,
                          0.4815616847797949,
                          0.47416301050461945],
                         [0.4969571702385311,
                          0.4807916000185408,
                          0.5241950764735995,
                          0.52596435963547,
                          0.4952881633868359,
                          0.5046458846931225,
                          0.5164875546942526,
                          0.47921140159113346],
                         [0.5155969774187741,
                          0.5035503234248976,
                          0.4747148804615658,
                          0.5319403104394047,
                          0.5119457632670869,
                          0.4965099214682225,
                          0.48271308991074596,
                          0.48081013477469425]]},
            {'activation': 'sigmoid',
             'bias': [-0.024340677597046022,
                      0.016114065837534657,
                      0.015894058372834294,
                      0.0019147468324234706,
                      0.007147224936754787],
             'name': 'output',
             'neurons': [<gameplay.Neuron object at 0x7fbcc543cda0>,
                         <gameplay.Neuron object at 0x7fbcc543ce10>,
                         <gameplay.Neuron object at 0x7fbcc543cb38>,
                         <gameplay.Neuron object at 0x7fbcc543cba8>,
                         <gameplay.Neuron object at 0x7fbcc543cbe0>],
             'num_neurons': 5,
             'weights': [[0.4758886739859172,
                          0.49848863481659705,
                          0.5132256584505737,
                          0.4890501676957079,
                          0.4678902195613751,
                          0.49927912976862787],
                         [0.537597012812944,
                          0.5094067147627386,
                          0.4787651033253616,
                          0.48696277335696697,
                          0.49500562537926035,
                          0.4862872419034007],
                         [0.5300828705157556,
                          0.5129356710768671,
                          0.5066522331078778,
                          0.4897162150146533,
                          0.49450761840514823,
                          0.49692937539415666],
                         [0.505990498017625,
                          0.48284109531315617,
                          0.5122341045575112,
                          0.49500103852724586,
                          0.4877152616169985,
                          0.4767337815397924],
                         [0.5120293640212945,
                          0.5113655279070178,
                          0.5218815708833983,
                          0.5074262227702441,
                          0.49810668085246057,
                          0.507432757750539],
                         [0.4779600703989918,
                          0.5198532388215351,
                          0.4929222746974071,
                          0.47683285114870233,
                          0.4807230630408892,
                          0.48737192099378734]]}]}
load_tensorflow_graph: path = tensorflow/mario-model-simple-2019-07-17/frozen_inference_graph.pb
object_detection_graph = <tensorflow.python.framework.ops.Graph object at 0x7fbcc543cf28>
Doing start sequence
Sleeping one second
sending start
sending empty
Found black world screen for the second time. exiting.



Seconds left: 360
Moves to the right: 106
frame count: 177
time start:  1568160805.133188,   time_now: 1568160823.599221
