pygame 1.9.6
Hello from the pygame community. https://www.pygame.org/contribute.html
Loading neural net from gameplay_neural_nets/27/1.nn
net = {'generation': 23,
 'inputs': [],
 'layers': [{'activation': 'sigmoid',
             'bias': [-0.02231250390627331,
                      0.048036466134242554,
                      -0.01698079317564085,
                      -0.011385113467318447,
                      0.02630770793101956,
                      0.007475793762429896,
                      0.0014620511420288095,
                      -0.02299997361076727],
             'name': 'input',
             'neurons': [],
             'num_neurons': 8,
             'weights': [[0.4602285326932873,
                          0.4866581907172722,
                          0.5027577044132082,
                          0.509197229419237,
                          0.4998436172796457,
                          0.4718062941243252,
                          0.5003933177418592,
                          0.4758489077869841,
                          0.4964387873449632,
                          0.5265865152094024],
                         [0.48631771480202496,
                          0.49979578751629583,
                          0.5108207659526766,
                          0.5072848429666258,
                          0.5407399305997451,
                          0.48315248646516284,
                          0.48863242965902337,
                          0.47326335223428534,
                          0.5191716628379641,
                          0.5218104304413441],
                         [0.5303402485552701,
                          0.5135420673876439,
                          0.4980417890161462,
                          0.4934864964005532,
                          0.4660615892775895,
                          0.5029009613276356,
                          0.5200573271812138,
                          0.48358800173078953,
                          0.5043811799369095,
                          0.49503011713153233],
                         [0.5132326174536795,
                          0.5046544159807147,
                          0.494514431448395,
                          0.45059049476734436,
                          0.4698920906028978,
                          0.5120669042205304,
                          0.5217094412723411,
                          0.4898415104737294,
                          0.5080114763874498,
                          0.518989778436567],
                         [0.49753912601124384,
                          0.5097374273701154,
                          0.4976309384671609,
                          0.5034438408200841,
                          0.5001055144427691,
                          0.4897300118360397,
                          0.5261494657683075,
                          0.5009491986062942,
                          0.5128809186764388,
                          0.5224824601942084],
                         [0.48452700899993845,
                          0.5246188125284713,
                          0.4962172871254657,
                          0.5123693255911831,
                          0.4948726594150658,
                          0.5133931539813325,
                          0.5341618187980188,
                          0.47196688456361746,
                          0.515976470936447,
                          0.45031630804653744],
                         [0.5147885073007312,
                          0.5075102785894853,
                          0.5356240359516272,
                          0.5252644961856493,
                          0.4897683750347948,
                          0.48295219288212327,
                          0.5103682543793571,
                          0.5082347140357597,
                          0.5048938767522773,
                          0.49918147815509883],
                         [0.456234969764325,
                          0.5209018990563605,
                          0.502345634756014,
                          0.5099956179157803,
                          0.5022944873249826,
                          0.5082051800022885,
                          0.47598203772045444,
                          0.4948625253411858,
                          0.4850841241143933,
                          0.49641039763281597]]},
            {'activation': 'sigmoid',
             'bias': [-0.006742779537687241,
                      -0.020045753244956447,
                      -0.034843894644809845,
                      0.0032611549086114557,
                      -0.004722962401286316,
                      -0.045445706381669636],
             'name': 'hidden1',
             'neurons': [],
             'num_neurons': 6,
             'weights': [[0.49304832295679474,
                          0.4660622765180608,
                          0.4920969553745677,
                          0.4840480305169076,
                          0.51230385993838,
                          0.5036609914201755,
                          0.4992164449028807,
                          0.5002590116049505],
                         [0.48893913506820796,
                          0.4996604070366587,
                          0.5080372528029871,
                          0.5038850488698852,
                          0.4692011083279851,
                          0.5095899858789738,
                          0.47919273263640927,
                          0.508769468989434],
                         [0.49778037099747396,
                          0.506073227364572,
                          0.5163915777793955,
                          0.5094902848966041,
                          0.5122287392922158,
                          0.5224543228503241,
                          0.5142341048303941,
                          0.524693699417902],
                         [0.5186451037247082,
                          0.5026392863651248,
                          0.5039416192354575,
                          0.4942939762342112,
                          0.5054974749648525,
                          0.5044412660999376,
                          0.48361418365269115,
                          0.5055652350409987],
                         [0.4875807415762348,
                          0.5387795823369225,
                          0.48786456858691357,
                          0.5020560860792042,
                          0.4906563258479516,
                          0.5295316356600409,
                          0.5074547636625276,
                          0.5000774017687282],
                         [0.48399472810734784,
                          0.47554003116334165,
                          0.4895133825004243,
                          0.482946830695368,
                          0.49551283664963514,
                          0.47603702531907216,
                          0.4687262358425301,
                          0.49554847102279787],
                         [0.4975489945624072,
                          0.4818148884461742,
                          0.5266042308328633,
                          0.5199568169408725,
                          0.49110444167870215,
                          0.4992536766671357,
                          0.5240431123815795,
                          0.48890925041354893],
                         [0.5041033891289843,
                          0.49455063503867425,
                          0.48813741146121026,
                          0.5221757447604336,
                          0.5086582963973063,
                          0.4817928015064516,
                          0.4790313369387457,
                          0.4878838531520946]]},
            {'activation': 'sigmoid',
             'bias': [-0.01123705269177667,
                      0.032457188545937106,
                      -0.003547300999031641,
                      -0.004328809135172994,
                      0.025760130218078867],
             'name': 'output',
             'neurons': [],
             'num_neurons': 5,
             'weights': [[0.47647155222261445,
                          0.4947177507900694,
                          0.5084979922192513,
                          0.4880673600796856,
                          0.4808622808825191,
                          0.5013750117732839],
                         [0.5318676172732526,
                          0.5177053265889173,
                          0.4741256446304675,
                          0.506780202996811,
                          0.5014155752221148,
                          0.4914574194745677],
                         [0.5256255320072373,
                          0.5228417041974767,
                          0.5026666228397596,
                          0.4917970757510009,
                          0.5061748430583287,
                          0.5045300255545919],
                         [0.4951982857825366,
                          0.45978940715393596,
                          0.5115158792822355,
                          0.5044933315156876,
                          0.49148627793324606,
                          0.48225170997378586],
                         [0.5123316314870426,
                          0.5160910477655617,
                          0.5050540814265233,
                          0.5242255392432302,
                          0.49796107518043037,
                          0.48957956249627005],
                         [0.48354094736338,
                          0.515560170144082,
                          0.49876728247266544,
                          0.4727063227403098,
                          0.4818322046486278,
                          0.4914584297456416]]}]}
{'generation': 23,
 'inputs': [],
 'layers': [{'activation': 'sigmoid',
             'bias': [-0.02231250390627331,
                      0.048036466134242554,
                      -0.01698079317564085,
                      -0.011385113467318447,
                      0.02630770793101956,
                      0.007475793762429896,
                      0.0014620511420288095,
                      -0.02299997361076727],
             'name': 'input',
             'neurons': [<gameplay.Neuron object at 0x7f76b037f7f0>,
                         <gameplay.Neuron object at 0x7f76b037f7b8>,
                         <gameplay.Neuron object at 0x7f76b037f1d0>,
                         <gameplay.Neuron object at 0x7f76b037fb00>,
                         <gameplay.Neuron object at 0x7f76b037fba8>,
                         <gameplay.Neuron object at 0x7f76b037fb38>,
                         <gameplay.Neuron object at 0x7f76b037fc50>,
                         <gameplay.Neuron object at 0x7f76b037fc88>],
             'num_neurons': 8,
             'weights': [[0.4602285326932873,
                          0.4866581907172722,
                          0.5027577044132082,
                          0.509197229419237,
                          0.4998436172796457,
                          0.4718062941243252,
                          0.5003933177418592,
                          0.4758489077869841,
                          0.4964387873449632,
                          0.5265865152094024],
                         [0.48631771480202496,
                          0.49979578751629583,
                          0.5108207659526766,
                          0.5072848429666258,
                          0.5407399305997451,
                          0.48315248646516284,
                          0.48863242965902337,
                          0.47326335223428534,
                          0.5191716628379641,
                          0.5218104304413441],
                         [0.5303402485552701,
                          0.5135420673876439,
                          0.4980417890161462,
                          0.4934864964005532,
                          0.4660615892775895,
                          0.5029009613276356,
                          0.5200573271812138,
                          0.48358800173078953,
                          0.5043811799369095,
                          0.49503011713153233],
                         [0.5132326174536795,
                          0.5046544159807147,
                          0.494514431448395,
                          0.45059049476734436,
                          0.4698920906028978,
                          0.5120669042205304,
                          0.5217094412723411,
                          0.4898415104737294,
                          0.5080114763874498,
                          0.518989778436567],
                         [0.49753912601124384,
                          0.5097374273701154,
                          0.4976309384671609,
                          0.5034438408200841,
                          0.5001055144427691,
                          0.4897300118360397,
                          0.5261494657683075,
                          0.5009491986062942,
                          0.5128809186764388,
                          0.5224824601942084],
                         [0.48452700899993845,
                          0.5246188125284713,
                          0.4962172871254657,
                          0.5123693255911831,
                          0.4948726594150658,
                          0.5133931539813325,
                          0.5341618187980188,
                          0.47196688456361746,
                          0.515976470936447,
                          0.45031630804653744],
                         [0.5147885073007312,
                          0.5075102785894853,
                          0.5356240359516272,
                          0.5252644961856493,
                          0.4897683750347948,
                          0.48295219288212327,
                          0.5103682543793571,
                          0.5082347140357597,
                          0.5048938767522773,
                          0.49918147815509883],
                         [0.456234969764325,
                          0.5209018990563605,
                          0.502345634756014,
                          0.5099956179157803,
                          0.5022944873249826,
                          0.5082051800022885,
                          0.47598203772045444,
                          0.4948625253411858,
                          0.4850841241143933,
                          0.49641039763281597]]},
            {'activation': 'sigmoid',
             'bias': [-0.006742779537687241,
                      -0.020045753244956447,
                      -0.034843894644809845,
                      0.0032611549086114557,
                      -0.004722962401286316,
                      -0.045445706381669636],
             'name': 'hidden1',
             'neurons': [<gameplay.Neuron object at 0x7f76b037fcc0>,
                         <gameplay.Neuron object at 0x7f76b037fcf8>,
                         <gameplay.Neuron object at 0x7f76b037fd68>,
                         <gameplay.Neuron object at 0x7f76b037fd30>,
                         <gameplay.Neuron object at 0x7f76b037fda0>,
                         <gameplay.Neuron object at 0x7f76b037fe10>],
             'num_neurons': 6,
             'weights': [[0.49304832295679474,
                          0.4660622765180608,
                          0.4920969553745677,
                          0.4840480305169076,
                          0.51230385993838,
                          0.5036609914201755,
                          0.4992164449028807,
                          0.5002590116049505],
                         [0.48893913506820796,
                          0.4996604070366587,
                          0.5080372528029871,
                          0.5038850488698852,
                          0.4692011083279851,
                          0.5095899858789738,
                          0.47919273263640927,
                          0.508769468989434],
                         [0.49778037099747396,
                          0.506073227364572,
                          0.5163915777793955,
                          0.5094902848966041,
                          0.5122287392922158,
                          0.5224543228503241,
                          0.5142341048303941,
                          0.524693699417902],
                         [0.5186451037247082,
                          0.5026392863651248,
                          0.5039416192354575,
                          0.4942939762342112,
                          0.5054974749648525,
                          0.5044412660999376,
                          0.48361418365269115,
                          0.5055652350409987],
                         [0.4875807415762348,
                          0.5387795823369225,
                          0.48786456858691357,
                          0.5020560860792042,
                          0.4906563258479516,
                          0.5295316356600409,
                          0.5074547636625276,
                          0.5000774017687282],
                         [0.48399472810734784,
                          0.47554003116334165,
                          0.4895133825004243,
                          0.482946830695368,
                          0.49551283664963514,
                          0.47603702531907216,
                          0.4687262358425301,
                          0.49554847102279787],
                         [0.4975489945624072,
                          0.4818148884461742,
                          0.5266042308328633,
                          0.5199568169408725,
                          0.49110444167870215,
                          0.4992536766671357,
                          0.5240431123815795,
                          0.48890925041354893],
                         [0.5041033891289843,
                          0.49455063503867425,
                          0.48813741146121026,
                          0.5221757447604336,
                          0.5086582963973063,
                          0.4817928015064516,
                          0.4790313369387457,
                          0.4878838531520946]]},
            {'activation': 'sigmoid',
             'bias': [-0.01123705269177667,
                      0.032457188545937106,
                      -0.003547300999031641,
                      -0.004328809135172994,
                      0.025760130218078867],
             'name': 'output',
             'neurons': [<gameplay.Neuron object at 0x7f76b037fdd8>,
                         <gameplay.Neuron object at 0x7f76b037fe48>,
                         <gameplay.Neuron object at 0x7f76b037fb70>,
                         <gameplay.Neuron object at 0x7f76b037fbe0>,
                         <gameplay.Neuron object at 0x7f76b037fc18>],
             'num_neurons': 5,
             'weights': [[0.47647155222261445,
                          0.4947177507900694,
                          0.5084979922192513,
                          0.4880673600796856,
                          0.4808622808825191,
                          0.5013750117732839],
                         [0.5318676172732526,
                          0.5177053265889173,
                          0.4741256446304675,
                          0.506780202996811,
                          0.5014155752221148,
                          0.4914574194745677],
                         [0.5256255320072373,
                          0.5228417041974767,
                          0.5026666228397596,
                          0.4917970757510009,
                          0.5061748430583287,
                          0.5045300255545919],
                         [0.4951982857825366,
                          0.45978940715393596,
                          0.5115158792822355,
                          0.5044933315156876,
                          0.49148627793324606,
                          0.48225170997378586],
                         [0.5123316314870426,
                          0.5160910477655617,
                          0.5050540814265233,
                          0.5242255392432302,
                          0.49796107518043037,
                          0.48957956249627005],
                         [0.48354094736338,
                          0.515560170144082,
                          0.49876728247266544,
                          0.4727063227403098,
                          0.4818322046486278,
                          0.4914584297456416]]}]}
load_tensorflow_graph: path = tensorflow/mario-model-simple-2019-07-17/frozen_inference_graph.pb
object_detection_graph = <tensorflow.python.framework.ops.Graph object at 0x7f76b037ff60>
Doing start sequence
Sleeping one second
sending start
sending empty
Found black world screen for the second time. exiting.



Seconds left: 364
Moves to the right: 107
frame count: 165
time start:  1568161990.8257234,   time_now: 1568162008.1309803
