pygame 1.9.6
Hello from the pygame community. https://www.pygame.org/contribute.html
Loading neural net from gameplay_neural_nets/27/10.nn
net = {'generation': 23,
 'inputs': [],
 'layers': [{'activation': 'sigmoid',
             'bias': [-0.021464475821169633,
                      0.048036466134242554,
                      -0.007197880593146249,
                      -0.011385113467318447,
                      0.022163586759965496,
                      0.016025546788056077,
                      0.00013549583648785578,
                      -0.014696037706752747],
             'name': 'input',
             'neurons': [],
             'num_neurons': 8,
             'weights': [[0.4543275683063963,
                          0.47597049412319764,
                          0.5043557647769942,
                          0.517676065107321,
                          0.4929183352256209,
                          0.4741143405416693,
                          0.507621351798675,
                          0.47393560069999596,
                          0.4964387873449632,
                          0.5178703727945098],
                         [0.48631771480202496,
                          0.49979578751629583,
                          0.5263857992824097,
                          0.5066320594870739,
                          0.5314090343900192,
                          0.48315248646516284,
                          0.48863242965902337,
                          0.47326335223428534,
                          0.5191716628379641,
                          0.5290257628965985],
                         [0.5303402485552701,
                          0.507062856056427,
                          0.5003070937994353,
                          0.48398829284968187,
                          0.46341597304335025,
                          0.49934553566971973,
                          0.5200573271812138,
                          0.4780210790463062,
                          0.4977125891977145,
                          0.49033415624101245],
                         [0.5126830829641684,
                          0.5122766640359897,
                          0.4873117653562764,
                          0.45059049476734436,
                          0.4698920906028978,
                          0.5028877583956641,
                          0.5217094412723411,
                          0.4898415104737294,
                          0.508706367934779,
                          0.518989778436567],
                         [0.5061400626153132,
                          0.5100889329419958,
                          0.4976309384671609,
                          0.5034438408200841,
                          0.49308909851470123,
                          0.4897300118360397,
                          0.5216001594701501,
                          0.5009491986062942,
                          0.5128809186764388,
                          0.5250682360868892],
                         [0.48452700899993845,
                          0.5246188125284713,
                          0.49855615782971324,
                          0.5106842345528699,
                          0.4948726594150658,
                          0.5091064690132648,
                          0.5341618187980188,
                          0.47196688456361746,
                          0.5148303592493968,
                          0.45031630804653744],
                         [0.5147885073007312,
                          0.5117305886125685,
                          0.5356240359516272,
                          0.5252644961856493,
                          0.4897683750347948,
                          0.48962321500808104,
                          0.5103682543793571,
                          0.506771109026855,
                          0.5048938767522773,
                          0.49919498865220385],
                         [0.46407960733145875,
                          0.5179971532511337,
                          0.4932671120132266,
                          0.5099956179157803,
                          0.5028587693023298,
                          0.49967755632093513,
                          0.4764413829476107,
                          0.4952566151087845,
                          0.4850841241143933,
                          0.49641039763281597]]},
            {'activation': 'sigmoid',
             'bias': [-0.015226291100025114,
                      -0.014760501921272044,
                      -0.034843894644809845,
                      -0.006724601341006913,
                      -0.004722962401286316,
                      -0.05246455057892922],
             'name': 'hidden1',
             'neurons': [],
             'num_neurons': 6,
             'weights': [[0.49304832295679474,
                          0.4720492239544404,
                          0.4920969553745677,
                          0.4876857932731981,
                          0.5074357592945421,
                          0.4918366075793964,
                          0.5070656968008459,
                          0.5062949787116982],
                         [0.4804760728679782,
                          0.4996604070366587,
                          0.5080372528029871,
                          0.4974695341546927,
                          0.4708571094425875,
                          0.5095899858789738,
                          0.473182404064615,
                          0.5079735521485311],
                         [0.49691256820110746,
                          0.506073227364572,
                          0.515593141077407,
                          0.5094902848966041,
                          0.5187963694099357,
                          0.5181863459027783,
                          0.5142341048303941,
                          0.5166708064081095],
                         [0.5186451037247082,
                          0.5026392863651248,
                          0.5101183378619569,
                          0.4958489363550354,
                          0.49454907985599805,
                          0.5044412660999376,
                          0.48361418365269115,
                          0.5055652350409987],
                         [0.48037265759618586,
                          0.5387795823369225,
                          0.4933325628172772,
                          0.4989327587301088,
                          0.4906563258479516,
                          0.5394082007929536,
                          0.5041214313944238,
                          0.5000774017687282],
                         [0.48399472810734784,
                          0.47128695772128265,
                          0.48912428794605295,
                          0.482946830695368,
                          0.49558069934601623,
                          0.47782545090533246,
                          0.4708921967082166,
                          0.49391816010346873],
                         [0.4975489945624072,
                          0.47214136369488335,
                          0.5266042308328633,
                          0.5173315195818545,
                          0.5010133907996014,
                          0.5056301331133366,
                          0.5245393834243329,
                          0.48022178778628366],
                         [0.5203355106311283,
                          0.49349742906566413,
                          0.48986440675529064,
                          0.5184850189847083,
                          0.5086582963973063,
                          0.47625549708009063,
                          0.49613606115610753,
                          0.4850240232848553]]},
            {'activation': 'sigmoid',
             'bias': [-0.010309933109140754,
                      0.019178566032073158,
                      -0.0031678436800566577,
                      -0.004328809135172994,
                      0.025760130218078867],
             'name': 'output',
             'neurons': [],
             'num_neurons': 5,
             'weights': [[0.47647155222261445,
                          0.49925330943485996,
                          0.5101061120626502,
                          0.4880673600796856,
                          0.47576599103682626,
                          0.4977344583750649],
                         [0.5374555408169418,
                          0.5270842813015528,
                          0.4741256446304675,
                          0.49779819485068955,
                          0.5030499965734195,
                          0.4914574194745677],
                         [0.5256255320072373,
                          0.5228417041974767,
                          0.5025934897191936,
                          0.4917970757510009,
                          0.5029603546347847,
                          0.4926808410595468],
                         [0.5019476462191163,
                          0.46948827664426085,
                          0.5115158792822355,
                          0.49630365957379685,
                          0.49148627793324606,
                          0.48225170997378586],
                         [0.5192117418861714,
                          0.5114019179345612,
                          0.5072095013499794,
                          0.5313299475799932,
                          0.4991625589866391,
                          0.48957956249627005],
                         [0.4922332862866606,
                          0.515560170144082,
                          0.49876728247266544,
                          0.4694638651385161,
                          0.4831201469890889,
                          0.4914584297456416]]}]}
{'generation': 23,
 'inputs': [],
 'layers': [{'activation': 'sigmoid',
             'bias': [-0.021464475821169633,
                      0.048036466134242554,
                      -0.007197880593146249,
                      -0.011385113467318447,
                      0.022163586759965496,
                      0.016025546788056077,
                      0.00013549583648785578,
                      -0.014696037706752747],
             'name': 'input',
             'neurons': [<gameplay.Neuron object at 0x7f5a02f53828>,
                         <gameplay.Neuron object at 0x7f5a02f537f0>,
                         <gameplay.Neuron object at 0x7f5a02f53208>,
                         <gameplay.Neuron object at 0x7f5a02f53b38>,
                         <gameplay.Neuron object at 0x7f5a02f53be0>,
                         <gameplay.Neuron object at 0x7f5a02f53b70>,
                         <gameplay.Neuron object at 0x7f5a02f53c88>,
                         <gameplay.Neuron object at 0x7f5a02f53cc0>],
             'num_neurons': 8,
             'weights': [[0.4543275683063963,
                          0.47597049412319764,
                          0.5043557647769942,
                          0.517676065107321,
                          0.4929183352256209,
                          0.4741143405416693,
                          0.507621351798675,
                          0.47393560069999596,
                          0.4964387873449632,
                          0.5178703727945098],
                         [0.48631771480202496,
                          0.49979578751629583,
                          0.5263857992824097,
                          0.5066320594870739,
                          0.5314090343900192,
                          0.48315248646516284,
                          0.48863242965902337,
                          0.47326335223428534,
                          0.5191716628379641,
                          0.5290257628965985],
                         [0.5303402485552701,
                          0.507062856056427,
                          0.5003070937994353,
                          0.48398829284968187,
                          0.46341597304335025,
                          0.49934553566971973,
                          0.5200573271812138,
                          0.4780210790463062,
                          0.4977125891977145,
                          0.49033415624101245],
                         [0.5126830829641684,
                          0.5122766640359897,
                          0.4873117653562764,
                          0.45059049476734436,
                          0.4698920906028978,
                          0.5028877583956641,
                          0.5217094412723411,
                          0.4898415104737294,
                          0.508706367934779,
                          0.518989778436567],
                         [0.5061400626153132,
                          0.5100889329419958,
                          0.4976309384671609,
                          0.5034438408200841,
                          0.49308909851470123,
                          0.4897300118360397,
                          0.5216001594701501,
                          0.5009491986062942,
                          0.5128809186764388,
                          0.5250682360868892],
                         [0.48452700899993845,
                          0.5246188125284713,
                          0.49855615782971324,
                          0.5106842345528699,
                          0.4948726594150658,
                          0.5091064690132648,
                          0.5341618187980188,
                          0.47196688456361746,
                          0.5148303592493968,
                          0.45031630804653744],
                         [0.5147885073007312,
                          0.5117305886125685,
                          0.5356240359516272,
                          0.5252644961856493,
                          0.4897683750347948,
                          0.48962321500808104,
                          0.5103682543793571,
                          0.506771109026855,
                          0.5048938767522773,
                          0.49919498865220385],
                         [0.46407960733145875,
                          0.5179971532511337,
                          0.4932671120132266,
                          0.5099956179157803,
                          0.5028587693023298,
                          0.49967755632093513,
                          0.4764413829476107,
                          0.4952566151087845,
                          0.4850841241143933,
                          0.49641039763281597]]},
            {'activation': 'sigmoid',
             'bias': [-0.015226291100025114,
                      -0.014760501921272044,
                      -0.034843894644809845,
                      -0.006724601341006913,
                      -0.004722962401286316,
                      -0.05246455057892922],
             'name': 'hidden1',
             'neurons': [<gameplay.Neuron object at 0x7f5a02f53cf8>,
                         <gameplay.Neuron object at 0x7f5a02f53d30>,
                         <gameplay.Neuron object at 0x7f5a02f53da0>,
                         <gameplay.Neuron object at 0x7f5a02f53d68>,
                         <gameplay.Neuron object at 0x7f5a02f53dd8>,
                         <gameplay.Neuron object at 0x7f5a02f53e48>],
             'num_neurons': 6,
             'weights': [[0.49304832295679474,
                          0.4720492239544404,
                          0.4920969553745677,
                          0.4876857932731981,
                          0.5074357592945421,
                          0.4918366075793964,
                          0.5070656968008459,
                          0.5062949787116982],
                         [0.4804760728679782,
                          0.4996604070366587,
                          0.5080372528029871,
                          0.4974695341546927,
                          0.4708571094425875,
                          0.5095899858789738,
                          0.473182404064615,
                          0.5079735521485311],
                         [0.49691256820110746,
                          0.506073227364572,
                          0.515593141077407,
                          0.5094902848966041,
                          0.5187963694099357,
                          0.5181863459027783,
                          0.5142341048303941,
                          0.5166708064081095],
                         [0.5186451037247082,
                          0.5026392863651248,
                          0.5101183378619569,
                          0.4958489363550354,
                          0.49454907985599805,
                          0.5044412660999376,
                          0.48361418365269115,
                          0.5055652350409987],
                         [0.48037265759618586,
                          0.5387795823369225,
                          0.4933325628172772,
                          0.4989327587301088,
                          0.4906563258479516,
                          0.5394082007929536,
                          0.5041214313944238,
                          0.5000774017687282],
                         [0.48399472810734784,
                          0.47128695772128265,
                          0.48912428794605295,
                          0.482946830695368,
                          0.49558069934601623,
                          0.47782545090533246,
                          0.4708921967082166,
                          0.49391816010346873],
                         [0.4975489945624072,
                          0.47214136369488335,
                          0.5266042308328633,
                          0.5173315195818545,
                          0.5010133907996014,
                          0.5056301331133366,
                          0.5245393834243329,
                          0.48022178778628366],
                         [0.5203355106311283,
                          0.49349742906566413,
                          0.48986440675529064,
                          0.5184850189847083,
                          0.5086582963973063,
                          0.47625549708009063,
                          0.49613606115610753,
                          0.4850240232848553]]},
            {'activation': 'sigmoid',
             'bias': [-0.010309933109140754,
                      0.019178566032073158,
                      -0.0031678436800566577,
                      -0.004328809135172994,
                      0.025760130218078867],
             'name': 'output',
             'neurons': [<gameplay.Neuron object at 0x7f5a02f53e10>,
                         <gameplay.Neuron object at 0x7f5a02f53e80>,
                         <gameplay.Neuron object at 0x7f5a02f53ba8>,
                         <gameplay.Neuron object at 0x7f5a02f53c18>,
                         <gameplay.Neuron object at 0x7f5a02f53c50>],
             'num_neurons': 5,
             'weights': [[0.47647155222261445,
                          0.49925330943485996,
                          0.5101061120626502,
                          0.4880673600796856,
                          0.47576599103682626,
                          0.4977344583750649],
                         [0.5374555408169418,
                          0.5270842813015528,
                          0.4741256446304675,
                          0.49779819485068955,
                          0.5030499965734195,
                          0.4914574194745677],
                         [0.5256255320072373,
                          0.5228417041974767,
                          0.5025934897191936,
                          0.4917970757510009,
                          0.5029603546347847,
                          0.4926808410595468],
                         [0.5019476462191163,
                          0.46948827664426085,
                          0.5115158792822355,
                          0.49630365957379685,
                          0.49148627793324606,
                          0.48225170997378586],
                         [0.5192117418861714,
                          0.5114019179345612,
                          0.5072095013499794,
                          0.5313299475799932,
                          0.4991625589866391,
                          0.48957956249627005],
                         [0.4922332862866606,
                          0.515560170144082,
                          0.49876728247266544,
                          0.4694638651385161,
                          0.4831201469890889,
                          0.4914584297456416]]}]}
load_tensorflow_graph: path = tensorflow/mario-model-simple-2019-07-17/frozen_inference_graph.pb
object_detection_graph = <tensorflow.python.framework.ops.Graph object at 0x7f5a02f53f98>
Doing start sequence
Sleeping one second
sending start
sending empty
Found black world screen for the second time. exiting.



Seconds left: 379
Moves to the right: 62
frame count: 109
time start:  1568161973.38492,   time_now: 1568161985.2517529
