pygame 1.9.6
Hello from the pygame community. https://www.pygame.org/contribute.html
Loading neural net from gameplay_neural_nets/110/1.nn
net = {'generation': 99,
 'inputs': [],
 'layers': [{'activation': 'sigmoid',
             'bias': [0.019349299132985918,
                      -0.002128452637935415,
                      0.005310365455732713,
                      -0.025941150572471445,
                      -0.009380755602091215,
                      -0.02771226122312182,
                      0.021128072483104915,
                      -0.024466454626312695],
             'name': 'input',
             'neurons': [],
             'num_neurons': 8,
             'weights': [[0.36139400634535934,
                          0.42170293287804966,
                          0.0862964366038981,
                          0.11175120023384624,
                          0.09796115752213194,
                          0.07612756647488655,
                          0.07986100569306118,
                          0.10874954670827289,
                          0.08594903904480018,
                          0.07918408542511832],
                         [0.3754524527654616,
                          0.3696253183141149,
                          0.08654292704752561,
                          0.10196157925578501,
                          0.11643160586560525,
                          0.06776803980593167,
                          0.11977832019174098,
                          0.08461606696497151,
                          0.11974836764972073,
                          0.10961181993662941],
                         [0.38079075272154805,
                          0.4348822077154349,
                          0.10014114767791232,
                          0.05687742228700766,
                          0.11811266597077696,
                          0.1033294109317403,
                          0.10541690400003936,
                          0.10093012742119306,
                          0.0906296682925628,
                          0.08762293855804522],
                         [0.38342374402310947,
                          0.38390399097466865,
                          0.10503273467970903,
                          0.13240838002808683,
                          0.043493921821348196,
                          0.07981596189619508,
                          0.097148675787541,
                          0.1195386870287537,
                          0.11447131407105443,
                          0.12308311876374439],
                         [0.3979885006781348,
                          0.3877260014635799,
                          0.07190824396258938,
                          0.12241535411531271,
                          0.09212578547421597,
                          0.1440521802037339,
                          0.1043063699133368,
                          0.1354895079154646,
                          0.09701000433579299,
                          0.06396861160865425],
                         [0.3742946502690349,
                          0.438071972261865,
                          0.08250472410555885,
                          0.09147175609220938,
                          0.11174340434461583,
                          0.0667892725335323,
                          0.08882917595290021,
                          0.10978391155248551,
                          0.12024401563654429,
                          0.10600055718224553],
                         [0.3636552005088008,
                          0.3774048596452009,
                          0.11884873449804383,
                          0.05315522782088633,
                          0.10028801705746507,
                          0.13802574818395646,
                          0.08917180148193558,
                          0.12061538583837778,
                          0.10591386053818622,
                          0.0831481661316244],
                         [0.39509367073926555,
                          0.42115517708373545,
                          0.048778761536630855,
                          0.07205453086169968,
                          0.12231425060971261,
                          0.03967109944627043,
                          0.07304502092549114,
                          0.14689526412635112,
                          0.08981054472615733,
                          0.061825324966829256]]},
            {'activation': 'sigmoid',
             'bias': [-0.021847451200204336,
                      0.04658872817170994,
                      0.0038059590738109012,
                      -0.006466113657773541,
                      0.02665064247586818],
             'name': 'output',
             'neurons': [],
             'num_neurons': 5,
             'weights': [[0.061485262392024106,
                          0.09622575187717984,
                          0.10446598762085459,
                          0.0626636207332241,
                          0.09795078449448444,
                          0.14875554677886874,
                          0.12486500035494992,
                          0.11008559596657581],
                         [0.07195005415679363,
                          0.07448485825333272,
                          0.06320812118812709,
                          0.16160127810491998,
                          0.08304648642954282,
                          0.08562265323980282,
                          0.07179224570284669,
                          0.18501653728304163],
                         [0.12330268807301034,
                          0.07939152959986268,
                          0.10321100730647847,
                          0.09158555644119039,
                          0.10766667019358836,
                          0.11210814336695574,
                          0.12493518120262342,
                          0.08607809557644264],
                         [0.11651676520609965,
                          0.06119951518347042,
                          0.11887971465507444,
                          0.053478328210866684,
                          0.14836537080011541,
                          0.0990060147914815,
                          0.10030303412796684,
                          0.08431011458101209],
                         [0.11653576663191165,
                          0.1114069244885701,
                          0.12501039008548354,
                          0.05316184738364891,
                          0.16239688199890265,
                          0.10510291692050205,
                          0.0975717451631799,
                          0.10950153506397026],
                         [0.09961881585148218,
                          0.107167734814002,
                          0.13286059936987651,
                          0.09461680118644714,
                          0.06291496773943211,
                          0.11099907015318916,
                          0.05590117532400381,
                          0.10143221949550371]]}]}
{'generation': 99,
 'inputs': [],
 'layers': [{'activation': 'sigmoid',
             'bias': [0.019349299132985918,
                      -0.002128452637935415,
                      0.005310365455732713,
                      -0.025941150572471445,
                      -0.009380755602091215,
                      -0.02771226122312182,
                      0.021128072483104915,
                      -0.024466454626312695],
             'name': 'input',
             'neurons': [<gameplay.Neuron object at 0x7f21e2a58898>,
                         <gameplay.Neuron object at 0x7f21e2a58860>,
                         <gameplay.Neuron object at 0x7f21e2a58278>,
                         <gameplay.Neuron object at 0x7f21e2a58b38>,
                         <gameplay.Neuron object at 0x7f21e2a58be0>,
                         <gameplay.Neuron object at 0x7f21e2a58b70>,
                         <gameplay.Neuron object at 0x7f21e2a58cc0>,
                         <gameplay.Neuron object at 0x7f21e2a58c88>],
             'num_neurons': 8,
             'weights': [[0.36139400634535934,
                          0.42170293287804966,
                          0.0862964366038981,
                          0.11175120023384624,
                          0.09796115752213194,
                          0.07612756647488655,
                          0.07986100569306118,
                          0.10874954670827289,
                          0.08594903904480018,
                          0.07918408542511832],
                         [0.3754524527654616,
                          0.3696253183141149,
                          0.08654292704752561,
                          0.10196157925578501,
                          0.11643160586560525,
                          0.06776803980593167,
                          0.11977832019174098,
                          0.08461606696497151,
                          0.11974836764972073,
                          0.10961181993662941],
                         [0.38079075272154805,
                          0.4348822077154349,
                          0.10014114767791232,
                          0.05687742228700766,
                          0.11811266597077696,
                          0.1033294109317403,
                          0.10541690400003936,
                          0.10093012742119306,
                          0.0906296682925628,
                          0.08762293855804522],
                         [0.38342374402310947,
                          0.38390399097466865,
                          0.10503273467970903,
                          0.13240838002808683,
                          0.043493921821348196,
                          0.07981596189619508,
                          0.097148675787541,
                          0.1195386870287537,
                          0.11447131407105443,
                          0.12308311876374439],
                         [0.3979885006781348,
                          0.3877260014635799,
                          0.07190824396258938,
                          0.12241535411531271,
                          0.09212578547421597,
                          0.1440521802037339,
                          0.1043063699133368,
                          0.1354895079154646,
                          0.09701000433579299,
                          0.06396861160865425],
                         [0.3742946502690349,
                          0.438071972261865,
                          0.08250472410555885,
                          0.09147175609220938,
                          0.11174340434461583,
                          0.0667892725335323,
                          0.08882917595290021,
                          0.10978391155248551,
                          0.12024401563654429,
                          0.10600055718224553],
                         [0.3636552005088008,
                          0.3774048596452009,
                          0.11884873449804383,
                          0.05315522782088633,
                          0.10028801705746507,
                          0.13802574818395646,
                          0.08917180148193558,
                          0.12061538583837778,
                          0.10591386053818622,
                          0.0831481661316244],
                         [0.39509367073926555,
                          0.42115517708373545,
                          0.048778761536630855,
                          0.07205453086169968,
                          0.12231425060971261,
                          0.03967109944627043,
                          0.07304502092549114,
                          0.14689526412635112,
                          0.08981054472615733,
                          0.061825324966829256]]},
            {'activation': 'sigmoid',
             'bias': [-0.021847451200204336,
                      0.04658872817170994,
                      0.0038059590738109012,
                      -0.006466113657773541,
                      0.02665064247586818],
             'name': 'output',
             'neurons': [<gameplay.Neuron object at 0x7f21e2a58cf8>,
                         <gameplay.Neuron object at 0x7f21e2a58d30>,
                         <gameplay.Neuron object at 0x7f21e2a58da0>,
                         <gameplay.Neuron object at 0x7f21e2a58d68>,
                         <gameplay.Neuron object at 0x7f21e2a58dd8>],
             'num_neurons': 5,
             'weights': [[0.061485262392024106,
                          0.09622575187717984,
                          0.10446598762085459,
                          0.0626636207332241,
                          0.09795078449448444,
                          0.14875554677886874,
                          0.12486500035494992,
                          0.11008559596657581],
                         [0.07195005415679363,
                          0.07448485825333272,
                          0.06320812118812709,
                          0.16160127810491998,
                          0.08304648642954282,
                          0.08562265323980282,
                          0.07179224570284669,
                          0.18501653728304163],
                         [0.12330268807301034,
                          0.07939152959986268,
                          0.10321100730647847,
                          0.09158555644119039,
                          0.10766667019358836,
                          0.11210814336695574,
                          0.12493518120262342,
                          0.08607809557644264],
                         [0.11651676520609965,
                          0.06119951518347042,
                          0.11887971465507444,
                          0.053478328210866684,
                          0.14836537080011541,
                          0.0990060147914815,
                          0.10030303412796684,
                          0.08431011458101209],
                         [0.11653576663191165,
                          0.1114069244885701,
                          0.12501039008548354,
                          0.05316184738364891,
                          0.16239688199890265,
                          0.10510291692050205,
                          0.0975717451631799,
                          0.10950153506397026],
                         [0.09961881585148218,
                          0.107167734814002,
                          0.13286059936987651,
                          0.09461680118644714,
                          0.06291496773943211,
                          0.11099907015318916,
                          0.05590117532400381,
                          0.10143221949550371]]}]}
load_tensorflow_graph: path = tensorflow/mario-model-simple-2019-07-17/frozen_inference_graph.pb
object_detection_graph = <tensorflow.python.framework.ops.Graph object at 0x7f21e2a58e80>
Doing start sequence
Sleeping one second
sending start
sending empty
Found black world screen for the second time. exiting.



Seconds left: 392
Moves to the right: 19
