pygame 1.9.6
Hello from the pygame community. https://www.pygame.org/contribute.html
Loading neural net from gameplay_neural_nets/110/4.nn
net = {'generation': 99,
 'inputs': [],
 'layers': [{'activation': 'sigmoid',
             'bias': [0.019349299132985918,
                      0.0002749286100292344,
                      0.007576236060706027,
                      -0.03448528619258236,
                      0.0003643092426878578,
                      -0.02771226122312182,
                      0.02352723741384022,
                      -0.024466454626312695],
             'name': 'input',
             'neurons': [],
             'num_neurons': 8,
             'weights': [[0.36139400634535934,
                          0.42170293287804966,
                          0.0862964366038981,
                          0.11175120023384624,
                          0.09011345951613485,
                          0.07892412616237551,
                          0.08500577714948238,
                          0.11080015555213318,
                          0.07717304337965655,
                          0.08549184729551211],
                         [0.37875946674816413,
                          0.36712653918671007,
                          0.08654292704752561,
                          0.10196157925578501,
                          0.11643160586560525,
                          0.06776803980593167,
                          0.11977832019174098,
                          0.07743021478128885,
                          0.11974836764972073,
                          0.10961181993662941],
                         [0.38079075272154805,
                          0.4348822077154349,
                          0.10014114767791232,
                          0.05687742228700766,
                          0.1137551564731217,
                          0.1033294109317403,
                          0.10541690400003936,
                          0.10093012742119306,
                          0.0906296682925628,
                          0.08762293855804522],
                         [0.38342374402310947,
                          0.38882784269314746,
                          0.10503273467970903,
                          0.12281078320977776,
                          0.03994290119861056,
                          0.08496190853350406,
                          0.10456608218736958,
                          0.1195386870287537,
                          0.11447131407105443,
                          0.12308311876374439],
                         [0.4013459146213683,
                          0.3877260014635799,
                          0.07190824396258938,
                          0.12868479528134683,
                          0.0833798711813055,
                          0.1440521802037339,
                          0.1043063699133368,
                          0.1354895079154646,
                          0.09701000433579299,
                          0.06668592192374895],
                         [0.37663057435739844,
                          0.438071972261865,
                          0.08250472410555885,
                          0.08922321844798639,
                          0.11174340434461583,
                          0.0667892725335323,
                          0.08882917595290021,
                          0.106620903580231,
                          0.11444962565804873,
                          0.10600055718224553],
                         [0.3636552005088008,
                          0.3774048596452009,
                          0.11884873449804383,
                          0.05315522782088633,
                          0.10014858503110687,
                          0.12844783082430056,
                          0.08917180148193558,
                          0.12061538583837778,
                          0.10591386053818622,
                          0.0831481661316244],
                         [0.39509367073926555,
                          0.42115517708373545,
                          0.049240046251058475,
                          0.07205453086169968,
                          0.12416959663234677,
                          0.03967109944627043,
                          0.07304502092549114,
                          0.14689526412635112,
                          0.08981054472615733,
                          0.061825324966829256]]},
            {'activation': 'sigmoid',
             'bias': [-0.019754222932578364,
                      0.04658872817170994,
                      -0.0020670026188775448,
                      -0.006466113657773541,
                      0.02665064247586818],
             'name': 'output',
             'neurons': [],
             'num_neurons': 5,
             'weights': [[0.0622926025927303,
                          0.09622575187717984,
                          0.10446598762085459,
                          0.0626636207332241,
                          0.09795078449448444,
                          0.14875554677886874,
                          0.12784860974624251,
                          0.11008559596657581],
                         [0.07406491049045623,
                          0.07448485825333272,
                          0.05600624260220268,
                          0.15592526114975094,
                          0.08304648642954282,
                          0.08562265323980282,
                          0.07179224570284669,
                          0.18501653728304163],
                         [0.12330268807301034,
                          0.07939152959986268,
                          0.10321100730647847,
                          0.09158555644119039,
                          0.10741435358210785,
                          0.11210814336695574,
                          0.12928232249513597,
                          0.08607809557644264],
                         [0.11928425797348628,
                          0.05909731386666654,
                          0.11887971465507444,
                          0.053478328210866684,
                          0.14836537080011541,
                          0.1025152074146583,
                          0.10030303412796684,
                          0.08431011458101209],
                         [0.11653576663191165,
                          0.1114069244885701,
                          0.12501039008548354,
                          0.036126318043151126,
                          0.16239688199890265,
                          0.10510291692050205,
                          0.0975717451631799,
                          0.11576998470882884],
                         [0.08531190450204242,
                          0.10331220418900172,
                          0.14176326988086166,
                          0.09461680118644714,
                          0.06970067797128623,
                          0.11697642125574152,
                          0.05590117532400381,
                          0.10838323341789258]]}]}
{'generation': 99,
 'inputs': [],
 'layers': [{'activation': 'sigmoid',
             'bias': [0.019349299132985918,
                      0.0002749286100292344,
                      0.007576236060706027,
                      -0.03448528619258236,
                      0.0003643092426878578,
                      -0.02771226122312182,
                      0.02352723741384022,
                      -0.024466454626312695],
             'name': 'input',
             'neurons': [<gameplay.Neuron object at 0x7f02b9ef2860>,
                         <gameplay.Neuron object at 0x7f02b9ef2828>,
                         <gameplay.Neuron object at 0x7f02b9ef2240>,
                         <gameplay.Neuron object at 0x7f02b9ef2b00>,
                         <gameplay.Neuron object at 0x7f02b9ef2ba8>,
                         <gameplay.Neuron object at 0x7f02b9ef2b38>,
                         <gameplay.Neuron object at 0x7f02b9ef2c88>,
                         <gameplay.Neuron object at 0x7f02b9ef2c50>],
             'num_neurons': 8,
             'weights': [[0.36139400634535934,
                          0.42170293287804966,
                          0.0862964366038981,
                          0.11175120023384624,
                          0.09011345951613485,
                          0.07892412616237551,
                          0.08500577714948238,
                          0.11080015555213318,
                          0.07717304337965655,
                          0.08549184729551211],
                         [0.37875946674816413,
                          0.36712653918671007,
                          0.08654292704752561,
                          0.10196157925578501,
                          0.11643160586560525,
                          0.06776803980593167,
                          0.11977832019174098,
                          0.07743021478128885,
                          0.11974836764972073,
                          0.10961181993662941],
                         [0.38079075272154805,
                          0.4348822077154349,
                          0.10014114767791232,
                          0.05687742228700766,
                          0.1137551564731217,
                          0.1033294109317403,
                          0.10541690400003936,
                          0.10093012742119306,
                          0.0906296682925628,
                          0.08762293855804522],
                         [0.38342374402310947,
                          0.38882784269314746,
                          0.10503273467970903,
                          0.12281078320977776,
                          0.03994290119861056,
                          0.08496190853350406,
                          0.10456608218736958,
                          0.1195386870287537,
                          0.11447131407105443,
                          0.12308311876374439],
                         [0.4013459146213683,
                          0.3877260014635799,
                          0.07190824396258938,
                          0.12868479528134683,
                          0.0833798711813055,
                          0.1440521802037339,
                          0.1043063699133368,
                          0.1354895079154646,
                          0.09701000433579299,
                          0.06668592192374895],
                         [0.37663057435739844,
                          0.438071972261865,
                          0.08250472410555885,
                          0.08922321844798639,
                          0.11174340434461583,
                          0.0667892725335323,
                          0.08882917595290021,
                          0.106620903580231,
                          0.11444962565804873,
                          0.10600055718224553],
                         [0.3636552005088008,
                          0.3774048596452009,
                          0.11884873449804383,
                          0.05315522782088633,
                          0.10014858503110687,
                          0.12844783082430056,
                          0.08917180148193558,
                          0.12061538583837778,
                          0.10591386053818622,
                          0.0831481661316244],
                         [0.39509367073926555,
                          0.42115517708373545,
                          0.049240046251058475,
                          0.07205453086169968,
                          0.12416959663234677,
                          0.03967109944627043,
                          0.07304502092549114,
                          0.14689526412635112,
                          0.08981054472615733,
                          0.061825324966829256]]},
            {'activation': 'sigmoid',
             'bias': [-0.019754222932578364,
                      0.04658872817170994,
                      -0.0020670026188775448,
                      -0.006466113657773541,
                      0.02665064247586818],
             'name': 'output',
             'neurons': [<gameplay.Neuron object at 0x7f02b9ef2cc0>,
                         <gameplay.Neuron object at 0x7f02b9ef2cf8>,
                         <gameplay.Neuron object at 0x7f02b9ef2d68>,
                         <gameplay.Neuron object at 0x7f02b9ef2d30>,
                         <gameplay.Neuron object at 0x7f02b9ef2da0>],
             'num_neurons': 5,
             'weights': [[0.0622926025927303,
                          0.09622575187717984,
                          0.10446598762085459,
                          0.0626636207332241,
                          0.09795078449448444,
                          0.14875554677886874,
                          0.12784860974624251,
                          0.11008559596657581],
                         [0.07406491049045623,
                          0.07448485825333272,
                          0.05600624260220268,
                          0.15592526114975094,
                          0.08304648642954282,
                          0.08562265323980282,
                          0.07179224570284669,
                          0.18501653728304163],
                         [0.12330268807301034,
                          0.07939152959986268,
                          0.10321100730647847,
                          0.09158555644119039,
                          0.10741435358210785,
                          0.11210814336695574,
                          0.12928232249513597,
                          0.08607809557644264],
                         [0.11928425797348628,
                          0.05909731386666654,
                          0.11887971465507444,
                          0.053478328210866684,
                          0.14836537080011541,
                          0.1025152074146583,
                          0.10030303412796684,
                          0.08431011458101209],
                         [0.11653576663191165,
                          0.1114069244885701,
                          0.12501039008548354,
                          0.036126318043151126,
                          0.16239688199890265,
                          0.10510291692050205,
                          0.0975717451631799,
                          0.11576998470882884],
                         [0.08531190450204242,
                          0.10331220418900172,
                          0.14176326988086166,
                          0.09461680118644714,
                          0.06970067797128623,
                          0.11697642125574152,
                          0.05590117532400381,
                          0.10838323341789258]]}]}
load_tensorflow_graph: path = tensorflow/mario-model-simple-2019-07-17/frozen_inference_graph.pb
object_detection_graph = <tensorflow.python.framework.ops.Graph object at 0x7f02b9ef2e48>
Doing start sequence
Sleeping one second
sending start
sending empty
Found black world screen for the second time. exiting.



Seconds left: 392
Moves to the right: 20
