pygame 1.9.6
Hello from the pygame community. https://www.pygame.org/contribute.html
Loading neural net from gameplay_neural_nets/110/9.nn
net = {'generation': 99,
 'inputs': [],
 'layers': [{'activation': 'sigmoid',
             'bias': [0.019349299132985918,
                      -0.004580616320598992,
                      0.008997680546093123,
                      -0.025941150572471445,
                      0.0003643092426878578,
                      -0.026639962524952307,
                      0.024241657092345756,
                      -0.024466454626312695],
             'name': 'input',
             'neurons': [],
             'num_neurons': 8,
             'weights': [[0.36139400634535934,
                          0.42594372822202337,
                          0.0862964366038981,
                          0.10850598226981586,
                          0.09011345951613485,
                          0.07769463985831315,
                          0.08500577714948238,
                          0.11080015555213318,
                          0.08594903904480018,
                          0.08549184729551211],
                         [0.37875946674816413,
                          0.3655865641181934,
                          0.08654292704752561,
                          0.10196157925578501,
                          0.11643160586560525,
                          0.059930692420176686,
                          0.11977832019174098,
                          0.08694698733729882,
                          0.11974836764972073,
                          0.11585098222875234],
                         [0.38079075272154805,
                          0.4348822077154349,
                          0.10014114767791232,
                          0.05687742228700766,
                          0.1116239361655436,
                          0.1033294109317403,
                          0.10541690400003936,
                          0.10093012742119306,
                          0.0906296682925628,
                          0.08762293855804522],
                         [0.38342374402310947,
                          0.38882784269314746,
                          0.10503273467970903,
                          0.12281078320977776,
                          0.043493921821348196,
                          0.08951502435445118,
                          0.097148675787541,
                          0.1195386870287537,
                          0.11447131407105443,
                          0.12308311876374439],
                         [0.4013459146213683,
                          0.3877260014635799,
                          0.07190824396258938,
                          0.11952108626446944,
                          0.0833798711813055,
                          0.1440521802037339,
                          0.1043063699133368,
                          0.1354895079154646,
                          0.09701000433579299,
                          0.06668592192374895],
                         [0.3742946502690349,
                          0.438071972261865,
                          0.08250472410555885,
                          0.08472146252318279,
                          0.11174340434461583,
                          0.0667892725335323,
                          0.08882917595290021,
                          0.10978391155248551,
                          0.11444962565804873,
                          0.10600055718224553],
                         [0.3636552005088008,
                          0.3774048596452009,
                          0.11884873449804383,
                          0.05315522782088633,
                          0.10028801705746507,
                          0.12379810917972371,
                          0.08917180148193558,
                          0.12061538583837778,
                          0.10591386053818622,
                          0.0831481661316244],
                         [0.39509367073926555,
                          0.42115517708373545,
                          0.051905803709230085,
                          0.07205453086169968,
                          0.12231425060971261,
                          0.03967109944627043,
                          0.07304502092549114,
                          0.14689526412635112,
                          0.08981054472615733,
                          0.061825324966829256]]},
            {'activation': 'sigmoid',
             'bias': [-0.021297259261338904,
                      0.04658872817170994,
                      -0.0020670026188775448,
                      -0.007432881517958094,
                      0.02665064247586818],
             'name': 'output',
             'neurons': [],
             'num_neurons': 5,
             'weights': [[0.061485262392024106,
                          0.09505170214714295,
                          0.10446598762085459,
                          0.0626636207332241,
                          0.09795078449448444,
                          0.14875554677886874,
                          0.12486500035494992,
                          0.11630986075333165],
                         [0.07406491049045623,
                          0.07448485825333272,
                          0.05917690495171812,
                          0.15592526114975094,
                          0.08304648642954282,
                          0.08562265323980282,
                          0.07179224570284669,
                          0.18501653728304163],
                         [0.12330268807301034,
                          0.08422449753650649,
                          0.10321100730647847,
                          0.09158555644119039,
                          0.10047084527658766,
                          0.11210814336695574,
                          0.12928232249513597,
                          0.08607809557644264],
                         [0.11651676520609965,
                          0.05909731386666654,
                          0.11887971465507444,
                          0.053478328210866684,
                          0.14836537080011541,
                          0.0990060147914815,
                          0.10030303412796684,
                          0.08431011458101209],
                         [0.11653576663191165,
                          0.1114069244885701,
                          0.12501039008548354,
                          0.04420916381210521,
                          0.16239688199890265,
                          0.10510291692050205,
                          0.0975717451631799,
                          0.11765396869532678],
                         [0.09257855482587217,
                          0.107167734814002,
                          0.14176326988086166,
                          0.09461680118644714,
                          0.06291496773943211,
                          0.11099907015318916,
                          0.05590117532400381,
                          0.10838323341789258]]}]}
{'generation': 99,
 'inputs': [],
 'layers': [{'activation': 'sigmoid',
             'bias': [0.019349299132985918,
                      -0.004580616320598992,
                      0.008997680546093123,
                      -0.025941150572471445,
                      0.0003643092426878578,
                      -0.026639962524952307,
                      0.024241657092345756,
                      -0.024466454626312695],
             'name': 'input',
             'neurons': [<gameplay.Neuron object at 0x7f5b2e9b7860>,
                         <gameplay.Neuron object at 0x7f5b2e9b7828>,
                         <gameplay.Neuron object at 0x7f5b2e9b7240>,
                         <gameplay.Neuron object at 0x7f5b2e9b7b00>,
                         <gameplay.Neuron object at 0x7f5b2e9b7ba8>,
                         <gameplay.Neuron object at 0x7f5b2e9b7b38>,
                         <gameplay.Neuron object at 0x7f5b2e9b7c88>,
                         <gameplay.Neuron object at 0x7f5b2e9b7c50>],
             'num_neurons': 8,
             'weights': [[0.36139400634535934,
                          0.42594372822202337,
                          0.0862964366038981,
                          0.10850598226981586,
                          0.09011345951613485,
                          0.07769463985831315,
                          0.08500577714948238,
                          0.11080015555213318,
                          0.08594903904480018,
                          0.08549184729551211],
                         [0.37875946674816413,
                          0.3655865641181934,
                          0.08654292704752561,
                          0.10196157925578501,
                          0.11643160586560525,
                          0.059930692420176686,
                          0.11977832019174098,
                          0.08694698733729882,
                          0.11974836764972073,
                          0.11585098222875234],
                         [0.38079075272154805,
                          0.4348822077154349,
                          0.10014114767791232,
                          0.05687742228700766,
                          0.1116239361655436,
                          0.1033294109317403,
                          0.10541690400003936,
                          0.10093012742119306,
                          0.0906296682925628,
                          0.08762293855804522],
                         [0.38342374402310947,
                          0.38882784269314746,
                          0.10503273467970903,
                          0.12281078320977776,
                          0.043493921821348196,
                          0.08951502435445118,
                          0.097148675787541,
                          0.1195386870287537,
                          0.11447131407105443,
                          0.12308311876374439],
                         [0.4013459146213683,
                          0.3877260014635799,
                          0.07190824396258938,
                          0.11952108626446944,
                          0.0833798711813055,
                          0.1440521802037339,
                          0.1043063699133368,
                          0.1354895079154646,
                          0.09701000433579299,
                          0.06668592192374895],
                         [0.3742946502690349,
                          0.438071972261865,
                          0.08250472410555885,
                          0.08472146252318279,
                          0.11174340434461583,
                          0.0667892725335323,
                          0.08882917595290021,
                          0.10978391155248551,
                          0.11444962565804873,
                          0.10600055718224553],
                         [0.3636552005088008,
                          0.3774048596452009,
                          0.11884873449804383,
                          0.05315522782088633,
                          0.10028801705746507,
                          0.12379810917972371,
                          0.08917180148193558,
                          0.12061538583837778,
                          0.10591386053818622,
                          0.0831481661316244],
                         [0.39509367073926555,
                          0.42115517708373545,
                          0.051905803709230085,
                          0.07205453086169968,
                          0.12231425060971261,
                          0.03967109944627043,
                          0.07304502092549114,
                          0.14689526412635112,
                          0.08981054472615733,
                          0.061825324966829256]]},
            {'activation': 'sigmoid',
             'bias': [-0.021297259261338904,
                      0.04658872817170994,
                      -0.0020670026188775448,
                      -0.007432881517958094,
                      0.02665064247586818],
             'name': 'output',
             'neurons': [<gameplay.Neuron object at 0x7f5b2e9b7cc0>,
                         <gameplay.Neuron object at 0x7f5b2e9b7cf8>,
                         <gameplay.Neuron object at 0x7f5b2e9b7d68>,
                         <gameplay.Neuron object at 0x7f5b2e9b7d30>,
                         <gameplay.Neuron object at 0x7f5b2e9b7da0>],
             'num_neurons': 5,
             'weights': [[0.061485262392024106,
                          0.09505170214714295,
                          0.10446598762085459,
                          0.0626636207332241,
                          0.09795078449448444,
                          0.14875554677886874,
                          0.12486500035494992,
                          0.11630986075333165],
                         [0.07406491049045623,
                          0.07448485825333272,
                          0.05917690495171812,
                          0.15592526114975094,
                          0.08304648642954282,
                          0.08562265323980282,
                          0.07179224570284669,
                          0.18501653728304163],
                         [0.12330268807301034,
                          0.08422449753650649,
                          0.10321100730647847,
                          0.09158555644119039,
                          0.10047084527658766,
                          0.11210814336695574,
                          0.12928232249513597,
                          0.08607809557644264],
                         [0.11651676520609965,
                          0.05909731386666654,
                          0.11887971465507444,
                          0.053478328210866684,
                          0.14836537080011541,
                          0.0990060147914815,
                          0.10030303412796684,
                          0.08431011458101209],
                         [0.11653576663191165,
                          0.1114069244885701,
                          0.12501039008548354,
                          0.04420916381210521,
                          0.16239688199890265,
                          0.10510291692050205,
                          0.0975717451631799,
                          0.11765396869532678],
                         [0.09257855482587217,
                          0.107167734814002,
                          0.14176326988086166,
                          0.09461680118644714,
                          0.06291496773943211,
                          0.11099907015318916,
                          0.05590117532400381,
                          0.10838323341789258]]}]}
load_tensorflow_graph: path = tensorflow/mario-model-simple-2019-07-17/frozen_inference_graph.pb
object_detection_graph = <tensorflow.python.framework.ops.Graph object at 0x7f5b2e9b7e48>
Doing start sequence
Sleeping one second
sending start
sending empty
Found black world screen for the second time. exiting.



Seconds left: 393
Moves to the right: 18
